SAM file: bams/HG00594.bam
File bams/HG00594.bam has index
Coverage is 416.516427295
== Allele Filter ==
Refining indel 96827119:INS.a: from 424 of 958.0 to 567 (indel:total = 424:716)
 6.0i   96796860: SNP.GA     32299:C>T    539 ( 50%) ~     0 (  0)
 6.8i   96797469: SNP.CT                    3 ( 25%) ~     0 (  0)
 6.8i   96798547: SNP.CT                  121 ( 52%) ~     0 (  0)
 6.7i   96800345: SNP.CA                    2 ( 11%) ~     0 (  0)
 6.7i   96800353: SNP.TC                    8 ( 40%) ~     0 (  0)
 6.7i   96802160: DEL.A                     2 (100%) ~     0 (  0)
 6.7i   96802597: SNP.AT     26562:T>A    169 ( 47%) ~     0 (  0)
 6.6i   96805274: SNP.GT                    2 (  7%) ~     0 (  0)
 6.6i   96805275: SNP.GC                    2 (  6%) ~     0 (  0)
 6.6i   96805277: SNP.AG                    2 (  6%) ~     0 (  0)
 6.6i   96805280: SNP.TC                    2 (  6%) ~     0 (  0)
 6.6i   96805370: SNP.CT                   40 ( 49%) ~     0 (  0)
 6.5i   96817775: SNP.TC                   58 (100%) ~     0 (  0)
 6.4i   96818361: SNP.AG                  166 ( 51%) ~     0 (  0)
 6.4i   96818417: SNP.CT                   60 ( 47%) ~     0 (  0)
 6.4i   96818569: SNP.AT                    2 ( 14%) ~     0 (  0)
 6.4i   96818728: SNP.AT                    2 (100%) ~     0 (  0)
 6.4i   96824230: SNP.AG                   14 ( 56%) ~     0 (  0)
 6.4i   96824232: SNP.AG                   14 ( 56%) ~     0 (  0)
 6.3i   96824882: SNP.TC                   25 ( 45%) ~     0 (  0)
 6.3i   96825331: SNP.AT                  441 ( 48%) ~     0 (  0)
 6.3i   96825870: SNP.CG                   29 (  5%) ~     0 (  0)
 6.3i   96825909: SNP.AT                   48 ( 12%) ~     0 (  0)
 6.3i   96825910: DEL.GTGTGT               20 (  5%) ~     0 (  0)
 6.3i   96825910: DEL.GTGTGTGT               31 (  8%) ~     0 (  0)
 6.3i   96825911: SNP.TA                  147 ( 51%) ~     0 (  0)
 6.3i   96825913: SNP.TA                   95 ( 33%) ~     0 (  0)
 6.3i   96825915: SNP.TA                   66 ( 21%) ~     0 (  0)
 6.3i   96825917: SNP.TA                   56 ( 17%) ~     0 (  0)
 6.3i   96825972: DEL.T                    42 (  9%) ~     0 (  0)
 6.3i   96825972: INS.t                    57 ( 13%) ~     0 (  0)
 6.3i   96825990: SNP.AT                   29 (  6%) ~     0 (  0)
 6.3i   96826001: SNP.TG                   53 ( 10%) ~     0 (  0)
 6.3i   96826244: SNP.GA                  421 ( 49%) ~     0 (  0)
 6.2i   96827119: INS.a      2040:insT    567 ( 59%) ~     0 (  0)
 6.2i   96827177: SNP.TC                  510 ( 49%) ~     0 (  0)
 6.1i   96828159: SNP.TC                  611 ( 50%) ~     0 (  0)
 6.1i   96828819: INS.aa                    7 (  5%) ~     0 (  0)
 6.1i   96828819: INS.a                    10 (  8%) ~     0 (  0)
 6.1i   96828819: DEL.A                    42 ( 32%) ~     0 (  0)
 6.1i   96828833: SNP.TA                   11 (  6%) ~     0 (  0)
 6.1i   96828841: SNP.CA                   16 (  7%) ~     0 (  0)
 6.1i   96828846: SNP.GA                   21 (  9%) ~     0 (  0)
 6.1i   96828850: SNP.CA                   14 (  5%) ~     0 (  0)
 6.1i   96828857: SNP.GA                   17 (  6%) ~     0 (  0)
Removing 10    6.7e 96802646:SNP.CA
Removing 11    6.6e 96805707:SNP.CA
Removing 12    6.9e 96796973:DEL.CAA
Removing 13    6.5e 96818241:SNP.AC
Removing 14    6.5e 96818198:SNP.CG
Removing 2     6.5e 96818105:SNP.TA
Removing 3     6.3e 96827029:SNP.CT,  6.8e 96798748:SNP.TC
Removing 4     6.5e 96818118:SNP.GC
Removing 5     6.3e 96826970:DEL.T
Removing 6     6.4e 96824687:SNP.CT
Removing 7     6.4e 96824642:SNP.GA
Removing 8     6.4e 96824642:SNP.GC
Removing 9     6.5e 96818170:SNP.TC
Initial status
  CYP2D6.1C
                   96829528:SNP.AC   74 ( 46)   -370:T>G
  CYP2D6.1
  CYP2D6.1B
                   96829429:SNP.GT    0 (  0)   -271:C>A
== Copy Number Estimator ==
CNV factor: 1.58968917912 (0.629053788084)
Coverage per region
  region:  2D6  2D7
  0i   :  1.93
  1e   :  1.80
  1i   :  1.91
  2e   :  1.86
  2i   :  1.83
  3e   :  1.79
  3i   :  1.88
  4e   :  2.00
  4i   :  1.91
  5e   :  1.88
  5i   :  1.81
  6e   :  1.83
  6i   :  1.87
  7e   :  1.86
  7i   :  1.74
  8e   :  1.90
  8i   :  1.94
  9e   :  1.83
Max. CN = 2
M  Sentinel contraint for 1: A_1^ <= A_1
M  Contraint for 7e: 1.86429971016 == E_7e + <gurobi.LinExpr: A1 + A1^>
M  Contraint for 6e: 1.82649773501 == E_6e + <gurobi.LinExpr: A1 + A1^>
M  Contraint for 9e: 1.83148255733 == E_9e + <gurobi.LinExpr: A1 + A1^>
M  Contraint for 8e: 1.8978939784 == E_8e + <gurobi.LinExpr: A1 + A1^>
M  Contraint for 2e: 1.85639811857 == E_2e + <gurobi.LinExpr: A1 + A1^>
M  Contraint for 1e: 1.79614628517 == E_1e + <gurobi.LinExpr: A1 + A1^>
M  Contraint for 5e: 1.87534984231 == E_5e + <gurobi.LinExpr: A1 + A1^>
M  Contraint for 4e: 2.00101470848 == E_4e + <gurobi.LinExpr: A1 + A1^>
M  Contraint for 3e: 1.79165016835 == E_3e + <gurobi.LinExpr: A1 + A1^>
M  Objective: <gurobi.LinExpr: C11 + C12 + C13 + C14 + C15 + C16 + C17 + C18 + C19 + 0.5 A1 + 0.5 A1^>
CN Solver status: optimal, opt: 2.26129631318
  Solutions:
    ('1', '1^')
== Initial Solver ==
Solving Counter({'1': 2})
Possible candidates:
  CYP2D6.1
M  Max. CN for 1 = 2
M  CN contraint for 1: 2 == <gurobi.LinExpr: 1 + 1_2>
M  Sentinel contraint for 1: A_1_2 <= A_1
M  Objective: 0
CN Solver status: optimal, opt: 0.0
  solution:
    ('1', '1')
[32;01mCopy number best structures:[39;49;00m
[32;01m  (1) 2x*1-like[39;49;00m
== Refiner ==
Refining ('1', '1')
M  Sentinel constraint for 1: A_1_2 <= A_1
M  Sentinel constraint for 1C: A_1C_2 <= A_1C
M  Sentinel constraint for 1B: A_1B_2 <= A_1B
M  CN constraint for 1: 2 == <gurobi.LinExpr: 1C + 1 + 1B_2 + 1B + 1_2 + 1C_2>
M  Contraint for 96829429:SNP.GT : 0 == <gurobi.QuadExpr: 0.0 + [ 0.0 REG_1B_2_96829429:SNP.GT * 1B_2 + 0.0 EXT_1_96829429:SNP.GT * 1 + 0.0 EXT_1C_96829429:SNP.GT * 1C + 0.0 REG_1B_96829429:SNP.GT * 1B + 0.0 EXT_1_2_96829429:SNP.GT * 1_2 + 0.0 EXT_1C_2_96829429:SNP.GT * 1C_2 ]> + err
M  Contraint for 96829528:SNP.AC : 0 == <gurobi.QuadExpr: 0.0 + [ 0.0 EXT_1B_2_96829528:SNP.AC * 1B_2 + 0.0 EXT_1_96829528:SNP.AC * 1 + 0.0 REG_1C_96829528:SNP.AC * 1C + 0.0 EXT_1B_96829528:SNP.AC * 1B + 0.0 EXT_1_2_96829528:SNP.AC * 1_2 + 0.0 REG_1C_2_96829528:SNP.AC * 1C_2 ]> + err
M  Contraint for 96829429:REF : 393 == <gurobi.QuadExpr: 0.0 + [ -0.0 REG_1B_2_96829429:SNP.GT * 1B_2 + -0.0 EXT_1_96829429:SNP.GT * 1 + -0.0 EXT_1C_96829429:SNP.GT * 1C + -0.0 REG_1B_96829429:SNP.GT * 1B + -0.0 EXT_1_2_96829429:SNP.GT * 1_2 + -0.0 EXT_1C_2_96829429:SNP.GT * 1C_2 ]> + err
M  Contraint for 96829528:REF : 86 == <gurobi.QuadExpr: 0.0 + [ -0.0 EXT_1B_2_96829528:SNP.AC * 1B_2 + -0.0 EXT_1_96829528:SNP.AC * 1 + -0.0 REG_1C_96829528:SNP.AC * 1C + -0.0 EXT_1B_96829528:SNP.AC * 1B + -0.0 EXT_1_2_96829528:SNP.AC * 1_2 + -0.0 REG_1C_2_96829528:SNP.AC * 1C_2 ]> + err
M  Contraint for MM[missing] 1C 96829528:SNP.AC: <gurobi.Var 1C> >= <gurobi.Var REG_1C_96829528:SNP.AC>
M  Contraint for MM[missing] 1B_2 96829429:SNP.GT: <gurobi.Var 1B_2> >= <gurobi.Var REG_1B_2_96829429:SNP.GT>
M  Contraint for MM[missing] 1B 96829429:SNP.GT: <gurobi.Var 1B> >= <gurobi.Var REG_1B_96829429:SNP.GT>
M  Contraint for MM[missing] 1C_2 96829528:SNP.AC: <gurobi.Var 1C_2> >= <gurobi.Var REG_1C_2_96829528:SNP.AC>
M  Contraint for MA[extra] 1C 96829429:SNP.GT: <gurobi.Var 1C> >= <gurobi.Var EXT_1C_96829429:SNP.GT>
M  Contraint for MA[extra] 1 96829429:SNP.GT: <gurobi.Var 1> >= <gurobi.Var EXT_1_96829429:SNP.GT>
M  Contraint for MA[extra] 1 96829528:SNP.AC: <gurobi.Var 1> >= <gurobi.Var EXT_1_96829528:SNP.AC>
M  Contraint for MA[extra] 1B_2 96829528:SNP.AC: <gurobi.Var 1B_2> >= <gurobi.Var EXT_1B_2_96829528:SNP.AC>
M  Contraint for MA[extra] 1B 96829528:SNP.AC: <gurobi.Var 1B> >= <gurobi.Var EXT_1B_96829528:SNP.AC>
M  Contraint for MA[extra] 1_2 96829429:SNP.GT: <gurobi.Var 1_2> >= <gurobi.Var EXT_1_2_96829429:SNP.GT>
M  Contraint for MA[extra] 1_2 96829528:SNP.AC: <gurobi.Var 1_2> >= <gurobi.Var EXT_1_2_96829528:SNP.AC>
M  Contraint for MA[extra] 1C_2 96829429:SNP.GT: <gurobi.Var 1C_2> >= <gurobi.Var EXT_1C_2_96829429:SNP.GT>
M  Objective: <gurobi.LinExpr: C22 + C23 + C24 + C25 + EXT_1B_2_96829528:SNP.AC + EXT_1_96829429:SNP.GT + EXT_1_96829528:SNP.AC + EXT_1C_96829429:SNP.GT + EXT_1B_96829528:SNP.AC + EXT_1_2_96829429:SNP.GT + EXT_1_2_96829528:SNP.AC + EXT_1C_2_96829429:SNP.GT + W>
M  Contraint for 96829429:SNP.GT: 0 >= <gurobi.LinExpr: REG_1B_2_96829429:SNP.GT + REG_1B_96829429:SNP.GT>
M  Contraint for 96829528:SNP.AC: 0 >= <gurobi.LinExpr: REG_1C_96829528:SNP.AC + REG_1C_2_96829528:SNP.AC>
M  Contraint for 96829429:SNP.GT: 0 >= <gurobi.LinExpr: REG_1B_2_96829429:SNP.GT + REG_1B_96829429:SNP.GT>
M  Contraint for 96829528:SNP.AC: 0 >= <gurobi.LinExpr: REG_1C_96829528:SNP.AC + REG_1C_2_96829528:SNP.AC>
M  Contraint for 96829429:SNP.GT: 0 <= <gurobi.QuadExpr: 0.0 + [ REG_1B_2_96829429:SNP.GT * 1B_2 + REG_1B_96829429:SNP.GT * 1B + EXT_1_96829429:SNP.GT * 1 + EXT_1C_96829429:SNP.GT * 1C + EXT_1_2_96829429:SNP.GT * 1_2 + EXT_1C_2_96829429:SNP.GT * 1C_2 ]> <= 0
M  Contraint for 96829528:SNP.AC: 0 <= <gurobi.QuadExpr: 0.0 + [ REG_1C_96829528:SNP.AC * 1C + REG_1C_2_96829528:SNP.AC * 1C_2 + EXT_1B_2_96829528:SNP.AC * 1B_2 + EXT_1_96829528:SNP.AC * 1 + EXT_1B_96829528:SNP.AC * 1B + EXT_1_2_96829528:SNP.AC * 1_2 ]> <= 0
CN Solver status: optimal, opt: 479.0
  1: 1
  1_2: 1
Missing:
  1: 1
  1_2: 1
Extra:
  1: 1
  1_2: 1
Time needed: (8.0)
Result is: [('1', '1')]
