SAM file: bams/HG00465.bam
File bams/HG00465.bam has index
Coverage is 571.638737631
== Allele Filter ==
Refining indel 96827119:INS.a: from 1110 of 1401.0 to 1379 (indel:total = 1111:1128)
 6.0i   96796860: SNP.GA     32299:C>T   1655 (100%) ~     0 (  0)
 6.8i   96797469: SNP.CT                   16 (100%) ~     0 (  0)
 6.8i   96798547: SNP.CT                  346 (100%) ~     0 (  0)
 6.7i   96799424: SNP.GT                    2 (  6%) ~     0 (  0)
 6.7i   96799687: SNP.CG                    3 (100%) ~     0 (  0)
 6.7i   96800353: SNP.TC                   38 (100%) ~     0 (  0)
 6.7i   96800890: SNP.TC                   79 ( 49%) ~     0 (  0)
 6.7i   96802160: DEL.A                     2 (100%) ~     0 (  0)
 6.7i   96802597: SNP.AT     26562:T>A    515 (100%) ~     0 (  0)
 6.6i   96804910: SNP.GA                    3 (100%) ~     1 ( 33)
 6.6i   96805370: SNP.CT                  116 (100%) ~     0 (  0)
 6.5i   96806188: DEL.G                     9 (100%) ~     0 (  0)
 6.5i   96815771: SNP.AC                    2 (100%) ~     0 (  0)
 6.5i   96817296: SNP.GT                    3 (100%) ~     0 (  0)
 6.5i   96817775: SNP.TC                   86 (100%) ~     0 (  0)
 6.4i   96818361: SNP.AG                  407 (100%) ~     0 (  0)
 6.4i   96818417: SNP.CT                  204 (100%) ~     0 (  0)
 6.4i   96824230: SNP.AG                   19 (100%) ~     0 (  0)
 6.4i   96824232: SNP.AG                   19 (100%) ~     0 (  0)
 6.3i   96824882: SNP.TC                   78 (100%) ~     0 (  0)
 6.3i   96825331: SNP.AT                 1209 (100%) ~     0 (  0)
 6.3i   96825909: SNP.AT                   81 ( 13%) ~     0 (  0)
 6.3i   96825910: DEL.GTGTGT               37 (  6%) ~     0 (  0)
 6.3i   96825910: DEL.GTGTGTGT               49 (  8%) ~     0 (  0)
 6.3i   96825911: SNP.TA                  248 ( 52%) ~     1 (  0)
 6.3i   96825913: SNP.TA                  123 ( 24%) ~     0 (  0)
 6.3i   96825915: SNP.TA                   69 ( 13%) ~     0 (  0)
 6.3i   96825917: SNP.TA                   92 ( 17%) ~     0 (  0)
 6.3i   96825919: SNP.TA                   39 (  6%) ~     0 (  0)
 6.3i   96825946: SNP.TC                   39 (  6%) ~     0 (  0)
 6.3i   96825953: SNP.GA                   44 (  6%) ~     0 (  0)
 6.3i   96825954: SNP.TC                   57 (  8%) ~     0 (  0)
 6.3i   96825958: SNP.AC                   42 (  6%) ~     0 (  0)
 6.3i   96825972: DEL.T                    67 (  9%) ~     0 (  0)
 6.3i   96825972: INS.t                   107 ( 14%) ~     0 (  0)
 6.3i   96825985: SNP.AT                   43 (  6%) ~     0 (  0)
 6.3i   96825990: SNP.AT                   57 (  7%) ~     0 (  0)
 6.3i   96826001: SNP.TG                   81 (  9%) ~     0 (  0)
 6.3i   96826244: SNP.GA                 1160 (100%) ~     0 (  0)
 6.2i   96827119: INS.a      2040:insT   1379 ( 98%) ~     0 (  0)
 6.2i   96827126: SNP.GA                   83 (  6%) ~     0 (  0)
 6.2i   96827177: SNP.TC                 1418 (100%) ~     0 (  0)
 6.1i   96828159: SNP.TC                 1549 (100%) ~     0 (  0)
 6.1i   96828819: DEL.A                   114 ( 60%) ~     0 (  0)
 6.1i   96828819: DEL.AA                   17 (  9%) ~     0 (  0)
Removing 10    6.7e 96802646:SNP.CA
Removing 11    6.6e 96805707:SNP.CA
Removing 12    6.9e 96796973:DEL.CAA
Removing 13    6.5e 96818241:SNP.AC
Removing 14    6.5e 96818198:SNP.CG
Removing 2     6.5e 96818105:SNP.TA
Removing 3     6.3e 96827029:SNP.CT,  6.8e 96798748:SNP.TC
Removing 4     6.5e 96818118:SNP.GC
Removing 5     6.3e 96826970:DEL.T
Removing 6     6.4e 96824687:SNP.CT
Removing 7     6.4e 96824642:SNP.GA
Removing 8     6.4e 96824642:SNP.GC
Removing 9     6.5e 96818170:SNP.TC
Initial status
  CYP2D6.1C
                   96829528:SNP.AC   95 ( 42)   -370:T>G
  CYP2D6.1
  CYP2D6.1B
                   96829429:SNP.GT    0 (  0)   -271:C>A
== Copy Number Estimator ==
CNV factor: 1.10152800769 (0.907829844558)
Coverage per region
  region:  2D6  2D7
  0i   :  1.97
  1e   :  1.84
  1i   :  1.85
  2e   :  1.82
  2i   :  1.76
  3e   :  1.87
  3i   :  1.91
  4e   :  1.93
  4i   :  1.75
  5e   :  1.97
  5i   :  1.88
  6e   :  1.77
  6i   :  1.77
  7e   :  1.88
  7i   :  1.75
  8e   :  1.93
  8i   :  1.93
  9e   :  1.92
Max. CN = 2
M  Sentinel contraint for 1: A_1^ <= A_1
M  Contraint for 7e: 1.87727937775 == E_7e + <gurobi.LinExpr: A1 + A1^>
M  Contraint for 6e: 1.77099309122 == E_6e + <gurobi.LinExpr: A1 + A1^>
M  Contraint for 9e: 1.92324720567 == E_9e + <gurobi.LinExpr: A1 + A1^>
M  Contraint for 8e: 1.92532196075 == E_8e + <gurobi.LinExpr: A1 + A1^>
M  Contraint for 2e: 1.8181209423 == E_2e + <gurobi.LinExpr: A1 + A1^>
M  Contraint for 1e: 1.83787394226 == E_1e + <gurobi.LinExpr: A1 + A1^>
M  Contraint for 5e: 1.97299205366 == E_5e + <gurobi.LinExpr: A1 + A1^>
M  Contraint for 4e: 1.92926393753 == E_4e + <gurobi.LinExpr: A1 + A1^>
M  Contraint for 3e: 1.87135937157 == E_3e + <gurobi.LinExpr: A1 + A1^>
M  Objective: <gurobi.LinExpr: C11 + C12 + C13 + C14 + C15 + C16 + C17 + C18 + C19 + 0.5 A1 + 0.5 A1^>
CN Solver status: optimal, opt: 2.0735481173
  Solutions:
    ('1', '1^')
== Initial Solver ==
Solving Counter({'1': 2})
Possible candidates:
  CYP2D6.1
M  Max. CN for 1 = 2
M  CN contraint for 1: 2 == <gurobi.LinExpr: 1 + 1_2>
M  Sentinel contraint for 1: A_1_2 <= A_1
M  Objective: 0
CN Solver status: optimal, opt: 0.0
  solution:
    ('1', '1')
[32;01mCopy number best structures:[39;49;00m
[32;01m  (1) 2x*1-like[39;49;00m
== Refiner ==
Refining ('1', '1')
M  Sentinel constraint for 1: A_1_2 <= A_1
M  Sentinel constraint for 1C: A_1C_2 <= A_1C
M  Sentinel constraint for 1B: A_1B_2 <= A_1B
M  CN constraint for 1: 2 == <gurobi.LinExpr: 1C + 1 + 1B_2 + 1B + 1_2 + 1C_2>
M  Contraint for 96829429:SNP.GT : 0 == <gurobi.QuadExpr: 0.0 + [ 0.0 REG_1B_2_96829429:SNP.GT * 1B_2 + 0.0 EXT_1_96829429:SNP.GT * 1 + 0.0 EXT_1C_96829429:SNP.GT * 1C + 0.0 REG_1B_96829429:SNP.GT * 1B + 0.0 EXT_1_2_96829429:SNP.GT * 1_2 + 0.0 EXT_1C_2_96829429:SNP.GT * 1C_2 ]> + err
M  Contraint for 96829528:SNP.AC : 0 == <gurobi.QuadExpr: 0.0 + [ 0.0 EXT_1B_2_96829528:SNP.AC * 1B_2 + 0.0 EXT_1_96829528:SNP.AC * 1 + 0.0 REG_1C_96829528:SNP.AC * 1C + 0.0 EXT_1B_96829528:SNP.AC * 1B + 0.0 EXT_1_2_96829528:SNP.AC * 1_2 + 0.0 REG_1C_2_96829528:SNP.AC * 1C_2 ]> + err
M  Contraint for 96829429:REF : 582 == <gurobi.QuadExpr: 0.0 + [ -0.0 REG_1B_2_96829429:SNP.GT * 1B_2 + -0.0 EXT_1_96829429:SNP.GT * 1 + -0.0 EXT_1C_96829429:SNP.GT * 1C + -0.0 REG_1B_96829429:SNP.GT * 1B + -0.0 EXT_1_2_96829429:SNP.GT * 1_2 + -0.0 EXT_1C_2_96829429:SNP.GT * 1C_2 ]> + err
M  Contraint for 96829528:REF : 133 == <gurobi.QuadExpr: 0.0 + [ -0.0 EXT_1B_2_96829528:SNP.AC * 1B_2 + -0.0 EXT_1_96829528:SNP.AC * 1 + -0.0 REG_1C_96829528:SNP.AC * 1C + -0.0 EXT_1B_96829528:SNP.AC * 1B + -0.0 EXT_1_2_96829528:SNP.AC * 1_2 + -0.0 REG_1C_2_96829528:SNP.AC * 1C_2 ]> + err
M  Contraint for MM[missing] 1C 96829528:SNP.AC: <gurobi.Var 1C> >= <gurobi.Var REG_1C_96829528:SNP.AC>
M  Contraint for MM[missing] 1B_2 96829429:SNP.GT: <gurobi.Var 1B_2> >= <gurobi.Var REG_1B_2_96829429:SNP.GT>
M  Contraint for MM[missing] 1B 96829429:SNP.GT: <gurobi.Var 1B> >= <gurobi.Var REG_1B_96829429:SNP.GT>
M  Contraint for MM[missing] 1C_2 96829528:SNP.AC: <gurobi.Var 1C_2> >= <gurobi.Var REG_1C_2_96829528:SNP.AC>
M  Contraint for MA[extra] 1C 96829429:SNP.GT: <gurobi.Var 1C> >= <gurobi.Var EXT_1C_96829429:SNP.GT>
M  Contraint for MA[extra] 1 96829429:SNP.GT: <gurobi.Var 1> >= <gurobi.Var EXT_1_96829429:SNP.GT>
M  Contraint for MA[extra] 1 96829528:SNP.AC: <gurobi.Var 1> >= <gurobi.Var EXT_1_96829528:SNP.AC>
M  Contraint for MA[extra] 1B_2 96829528:SNP.AC: <gurobi.Var 1B_2> >= <gurobi.Var EXT_1B_2_96829528:SNP.AC>
M  Contraint for MA[extra] 1B 96829528:SNP.AC: <gurobi.Var 1B> >= <gurobi.Var EXT_1B_96829528:SNP.AC>
M  Contraint for MA[extra] 1_2 96829429:SNP.GT: <gurobi.Var 1_2> >= <gurobi.Var EXT_1_2_96829429:SNP.GT>
M  Contraint for MA[extra] 1_2 96829528:SNP.AC: <gurobi.Var 1_2> >= <gurobi.Var EXT_1_2_96829528:SNP.AC>
M  Contraint for MA[extra] 1C_2 96829429:SNP.GT: <gurobi.Var 1C_2> >= <gurobi.Var EXT_1C_2_96829429:SNP.GT>
M  Objective: <gurobi.LinExpr: C22 + C23 + C24 + C25 + EXT_1B_2_96829528:SNP.AC + EXT_1_96829429:SNP.GT + EXT_1_96829528:SNP.AC + EXT_1C_96829429:SNP.GT + EXT_1B_96829528:SNP.AC + EXT_1_2_96829429:SNP.GT + EXT_1_2_96829528:SNP.AC + EXT_1C_2_96829429:SNP.GT + W>
M  Contraint for 96829429:SNP.GT: 0 >= <gurobi.LinExpr: REG_1B_2_96829429:SNP.GT + REG_1B_96829429:SNP.GT>
M  Contraint for 96829528:SNP.AC: 0 >= <gurobi.LinExpr: REG_1C_96829528:SNP.AC + REG_1C_2_96829528:SNP.AC>
M  Contraint for 96829429:SNP.GT: 0 >= <gurobi.LinExpr: REG_1B_2_96829429:SNP.GT + REG_1B_96829429:SNP.GT>
M  Contraint for 96829528:SNP.AC: 0 >= <gurobi.LinExpr: REG_1C_96829528:SNP.AC + REG_1C_2_96829528:SNP.AC>
M  Contraint for 96829429:SNP.GT: 0 <= <gurobi.QuadExpr: 0.0 + [ REG_1B_2_96829429:SNP.GT * 1B_2 + REG_1B_96829429:SNP.GT * 1B + EXT_1_96829429:SNP.GT * 1 + EXT_1C_96829429:SNP.GT * 1C + EXT_1_2_96829429:SNP.GT * 1_2 + EXT_1C_2_96829429:SNP.GT * 1C_2 ]> <= 0
M  Contraint for 96829528:SNP.AC: 0 <= <gurobi.QuadExpr: 0.0 + [ REG_1C_96829528:SNP.AC * 1C + REG_1C_2_96829528:SNP.AC * 1C_2 + EXT_1B_2_96829528:SNP.AC * 1B_2 + EXT_1_96829528:SNP.AC * 1 + EXT_1B_96829528:SNP.AC * 1B + EXT_1_2_96829528:SNP.AC * 1_2 ]> <= 0
CN Solver status: optimal, opt: 715.0
  1: 1
  1_2: 1
Missing:
  1: 1
  1_2: 1
Extra:
  1: 1
  1_2: 1
Time needed: (10.9)
Result is: [('1', '1')]
