SAM file: bams/HG00464.bam
File bams/HG00464.bam has index
Coverage is 378.812397105
== Allele Filter ==
 6.0i   96520426: SNP.GA                  518 ( 47%) ~     0 (  0)
 6.0i   96522364: SNP.TC     -98:T>C      720 ( 47%) ~     0 (  0)
 6.1e   96522560: SNP.CT     99:C>T      1196 (100%) ~     0 (  0)
 6.1i   96523044: SNP.AT                    6 ( 60%) ~     0 (  0)
 6.1i   96523069: SNP.GA                    3 ( 43%) ~     0 (  0)
 6.1i   96523070: SNP.CT                    3 ( 43%) ~     0 (  0)
 6.1i   96523072: SNP.GA                    3 ( 43%) ~     0 (  0)
 6.1i   96523082: SNP.TC                    2 ( 33%) ~     0 (  0)
 6.1i   96534313: SNP.TG                    2 ( 40%) ~     0 (  0)
 6.1i   96534583: SNP.GA     12122:G>A     29 ( 39%) ~     0 (  0)
 6.2i   96535123: SNP.AG     12662:A>G    515 ( 46%) ~     0 (  0)
 6.3i   96535742: SNP.AG                  778 ( 47%) ~     0 (  0)
 6.3i   96536055: SNP.AG                  541 ( 48%) ~     0 (  0)
 6.3i   96536226: SNP.TA                  443 ( 50%) ~     0 (  0)
 6.5e   96541615: SNP.GA     19154:G>A    566 ( 48%) ~     0 (  0)
 6.5i   96541981: SNP.AG     19520:A>G    115 ( 52%) ~     0 (  0)
 6.5i   96547462: SNP.CT                    2 (100%) ~     0 (  0)
 6.5i   96580201: SNP.CG     57740:C>G    229 ( 52%) ~     0 (  0)
 6.6i   96602176: SNP.CA                    3 ( 43%) ~     0 (  0)
 6.6i   96602184: SNP.TA                    3 ( 38%) ~     0 (  0)
 6.6i   96602189: SNP.CT                    3 ( 38%) ~     0 (  0)
 6.6i   96602192: SNP.GT                    3 ( 38%) ~     0 (  0)
 6.6i   96602196: SNP.CT                    4 ( 50%) ~     0 (  0)
 6.6i   96602213: SNP.GT                    2 ( 25%) ~     0 (  0)
 6.6i   96602215: SNP.CT                    3 ( 33%) ~     0 (  0)
 6.6i   96602221: SNP.AT                    3 ( 33%) ~     0 (  0)
 6.6i   96602238: SNP.AT                    2 ( 22%) ~     0 (  0)
 6.6i   96602397: SNP.TA     79936:T>A     50 ( 57%) ~     0 (  0)
 6.7e   96602621: SNP.CT     80160:C>T    425 ( 50%) ~     0 (  0)
 6.7e   96602622: SNP.AG     80161:A>G    868 (100%) ~     0 (  0)
 6.7i   96609388: SNP.TC                    3 (  7%) ~     0 (  0)
 6.7i   96609395: SNP.AC                   12 ( 28%) ~     0 (  0)
 6.7i   96609400: SNP.AC                   14 ( 33%) ~     0 (  0)
 6.7i   96609402: SNP.AC                    7 ( 16%) ~     0 (  0)
 6.7i   96609403: SNP.AC                    3 (  7%) ~     0 (  0)
 6.7i   96609406: SNP.GC                    3 (  6%) ~     0 (  0)
 6.7i   96609406: SNP.GA                    3 (  6%) ~     0 (  0)
 6.7i   96609407: SNP.TC                    5 ( 10%) ~     0 (  0)
 6.7i   96609407: SNP.TG                    4 (  8%) ~     0 (  0)
 6.7i   96609412: SNP.GC                    9 ( 17%) ~     0 (  0)
 6.7i   96609413: SNP.AC                    4 (  8%) ~     0 (  0)
 6.7i   96609416: SNP.TG                    8 ( 15%) ~     0 (  0)
 6.7i   96609418: SNP.TG                    6 ( 11%) ~     0 (  0)
 6.7i   96609420: SNP.AG                    3 (  5%) ~     0 (  0)
 6.7i   96609433: SNP.TC                    4 (  6%) ~     0 (  0)
 6.7i   96609434: SNP.GC                    4 (  6%) ~     0 (  0)
 6.7i   96609440: SNP.AC                    9 ( 12%) ~     0 (  0)
 6.7i   96609567: SNP.TC     87106:T>C    163 ( 49%) ~     0 (  0)
 6.8i   96611833: SNP.GA                    2 (100%) ~     0 (  0)
 6.8i   96611999: INS.g                     3 ( 60%) ~     0 (  0)
Removing 10    6.5e 96541614:SNP.CT
Removing 11    6.3e 96535263:SNP.GA
Removing 12    6.9e 96612670:SNP.AC
Removing 13    6.8e 96609751:SNP.CT
Removing 14    6.1e 96522511:SNP.TC
Removing 15    6.1e 96522516:SNP.AC
Removing 16    6.9e 96612521:SNP.CT
Removing 17    6.0i 96521656:SNP.CT
Removing 18    6.7e 96602617:SNP.GA
Removing 19    6.1e 96522612:SNP.AG
Removing 2H    6.8e 96609709:SNP.CG
Removing 2D    6.8e 96609736:SNP.GA
Removing 2E    6.5e 96541747:SNP.GA
Removing 2F    6.7e 96602652:SNP.GA
Removing 2G    6.7e 96602710:SNP.AT
Removing 2B    6.2e 96534921:SNP.GC
Removing 2C    6.3e 96535295:SNP.GC
Removing 2J    6.8e 96609784:SNP.AC
Removing 22    6.4e 96540330:SNP.GC
Removing 23    6.2e 96534916:SNP.GC
Removing 24    6.7e 96602635:SNP.GA
Removing 25    6.9e 96612541:SNP.CG
Removing 26    6.5e 96541700:SNP.GA
Removing 27    6.0i 96521421:SNP.GA
Removing 28    6.1e 96522516:SNP.AC,  6.7e 96602751:SNP.GA
Removing 29    6.1e 96522544:SNP.AT
Removing 3C    6.3e 96535221:SNP.TA,  6.4e 96540409:SNP.GA
Removing 3B    6.4e 96540409:SNP.GA,  6.7e 96602709:SNP.GA
Removing 3A    6.4e 96540409:SNP.GA
Removing 30    6.2e 96534862:SNP.CT
Removing 31    6.2e 96534877:SNP.CT
Removing 32    6.2e 96534941:SNP.AG
Removing 33    6.4e 96540335:SNP.GA
Removing 34    6.1e 96522468:SNP.CT,  6.1e 96522471:SNP.TC
Removing 4B    6.0i 96521656:SNP.CT,  6.1e 96522462:SNP.AG
Removing 4A    6.1e 96522462:SNP.AG
Removing 5A    6.9e 96612494:SNP.CT
Removing 5B    6.9e 96612494:SNP.CT
Removing 6     6.3e 96535209:SNP.GA
Removing 7     6.5i 96541755:SNP.TA
Removing 8     6.3e 96535172:SNP.TC
Removing 8X    6.3e 96535172:SNP.TC
Removing 9     6.3e 96535245:SNP.GA
Initial status
  CYP2D6.1C
    6.7e           96602622:SNP.AG  868 (100) F 80161:A>G
  CYP2D6.1B
    6.1e           96522560:SNP.CT 1196 (100)   99:C>T
    6.7e           96602622:SNP.AG  868 (100) F 80161:A>G
  CYP2D6.1
  CYP2D6.2A
    6.1e           96522560:SNP.CT 1196 (100)   99:C>T
    6.2i           96535123:SNP.AG  515 ( 46) F 12662:A>G
    6.5e           96541615:SNP.GA  566 ( 48) F 19154:G>A
    6.7e           96602621:SNP.CT  425 ( 50) F 80160:C>T
    6.7e           96602622:SNP.AG  868 (100) F 80161:A>G
  CYP2D6.35
    6.1e           96522560:SNP.CT 1196 (100)   99:C>T
    6.2i           96535123:SNP.AG  515 ( 46) F 12662:A>G
    6.7e           96602622:SNP.AG  868 (100) F 80161:A>G
== Copy Number Estimator ==
CNV factor: 1.25073850234 (0.799527637576)
Coverage per region
  region:  2D6  2D7
  0i   :  1.97
  1e   :  2.13
  1i   :  2.09
  2e   :  1.91
  2i   :  1.91
  3e   :  1.89
  3i   :  1.89
  4e   :  2.04
  4i   :  1.93
  5e   :  1.82
  5i   :  2.03
  6e   :  2.07
  6i   :  1.87
  7e   :  1.94
  7i   :  2.00
  8e   :  2.01
  8i   :  1.86
  9e   :  2.04
Max. CN = 2
M  Sentinel contraint for 1: A_1^ <= A_1
M  Contraint for 7e: 1.93610993137 == E_7e + <gurobi.LinExpr: A1 + A1^>
M  Contraint for 6e: 2.07330895953 == E_6e + <gurobi.LinExpr: A1 + A1^>
M  Contraint for 9e: 2.0392570067 == E_9e + <gurobi.LinExpr: A1 + A1^>
M  Contraint for 8e: 2.01143306134 == E_8e + <gurobi.LinExpr: A1 + A1^>
M  Contraint for 2e: 1.91253409674 == E_2e + <gurobi.LinExpr: A1 + A1^>
M  Contraint for 1e: 2.13440018746 == E_1e + <gurobi.LinExpr: A1 + A1^>
M  Contraint for 5e: 1.8213217277 == E_5e + <gurobi.LinExpr: A1 + A1^>
M  Contraint for 4e: 2.03516814082 == E_4e + <gurobi.LinExpr: A1 + A1^>
M  Contraint for 3e: 1.89311498688 == E_3e + <gurobi.LinExpr: A1 + A1^>
M  Objective: <gurobi.LinExpr: C11 + C12 + C13 + C14 + C15 + C16 + C17 + C18 + C19 + 0.5 A1 + 0.5 A1^>
CN Solver status: optimal, opt: 1.73048661315
  Solutions:
    ('1', '1^')
== Initial Solver ==
Solving Counter({'1': 2})
Possible candidates:
  CYP2D6.1
  CYP2D6.1B
    6.7e 96602622:SNP.AG  868 (100) F 80161:A>G
  CYP2D6.2A
    6.2i 96535123:SNP.AG  515 ( 46) F 12662:A>G
    6.5e 96541615:SNP.GA  566 ( 48) F 19154:G>A
    6.7e 96602621:SNP.CT  425 ( 50) F 80160:C>T
    6.7e 96602622:SNP.AG  868 (100) F 80161:A>G
  CYP2D6.35
    6.2i 96535123:SNP.AG  515 ( 46) F 12662:A>G
    6.7e 96602622:SNP.AG  868 (100) F 80161:A>G
M  Max. CN for 1 = 2
M  Max. CN for 1B = 2
M  Max. CN for 2A = 2
M  Max. CN for 35 = 2
M  Contraint for 96541615:SNP.GA 6.5e: 566 == <gurobi.QuadExpr: 0.0 + [ 585.5 REG_2A_96541615:SNP.GA * 2A + 585.5 REG_2A_2_96541615:SNP.GA * 2A_2 ]> + err
M  Contraint for 96602621:REF 6.7e: 430 == <gurobi.QuadExpr: 427.5 35_2 + 427.5 35 + 427.5 1 + 427.5 1B_2 + 427.5 1B + 427.5 2A + 427.5 2A_2 + 427.5 1_2 + [ -427.5 REG_2A_96602621:SNP.CT * 2A + -427.5 REG_2A_2_96602621:SNP.CT * 2A_2 ]> + err
M  Contraint for 96535123:REF 6.2i: 609 == <gurobi.QuadExpr: 562.0 35_2 + 562.0 35 + 562.0 1 + 562.0 1B_2 + 562.0 1B + 562.0 2A + 562.0 2A_2 + 562.0 1_2 + [ -562.0 REG_35_2_96535123:SNP.AG * 35_2 + -562.0 REG_35_96535123:SNP.AG * 35 + -562.0 REG_2A_96535123:SNP.AG * 2A + -562.0 REG_2A_2_96535123:SNP.AG * 2A_2 ]> + err
M  Contraint for 96602622:SNP.AG 6.7e: 868 == <gurobi.QuadExpr: 0.0 + [ 434.0 REG_35_2_96602622:SNP.AG * 35_2 + 434.0 REG_35_96602622:SNP.AG * 35 + 434.0 REG_1B_2_96602622:SNP.AG * 1B_2 + 434.0 REG_1B_96602622:SNP.AG * 1B + 434.0 REG_2A_96602622:SNP.AG * 2A + 434.0 REG_2A_2_96602622:SNP.AG * 2A_2 ]> + err
M  Contraint for 96541615:REF 6.5e: 605 == <gurobi.QuadExpr: 585.5 35_2 + 585.5 35 + 585.5 1 + 585.5 1B_2 + 585.5 1B + 585.5 2A + 585.5 2A_2 + 585.5 1_2 + [ -585.5 REG_2A_96541615:SNP.GA * 2A + -585.5 REG_2A_2_96541615:SNP.GA * 2A_2 ]> + err
M  Contraint for 96602622:REF 6.7e: 0 == <gurobi.QuadExpr: 434.0 35_2 + 434.0 35 + 434.0 1 + 434.0 1B_2 + 434.0 1B + 434.0 2A + 434.0 2A_2 + 434.0 1_2 + [ -434.0 REG_35_2_96602622:SNP.AG * 35_2 + -434.0 REG_35_96602622:SNP.AG * 35 + -434.0 REG_1B_2_96602622:SNP.AG * 1B_2 + -434.0 REG_1B_96602622:SNP.AG * 1B + -434.0 REG_2A_96602622:SNP.AG * 2A + -434.0 REG_2A_2_96602622:SNP.AG * 2A_2 ]> + err
M  Contraint for 96602621:SNP.CT 6.7e: 425 == <gurobi.QuadExpr: 0.0 + [ 427.5 REG_2A_96602621:SNP.CT * 2A + 427.5 REG_2A_2_96602621:SNP.CT * 2A_2 ]> + err
M  Contraint for 96535123:SNP.AG 6.2i: 515 == <gurobi.QuadExpr: 0.0 + [ 562.0 REG_35_2_96535123:SNP.AG * 35_2 + 562.0 REG_35_96535123:SNP.AG * 35 + 562.0 REG_2A_96535123:SNP.AG * 2A + 562.0 REG_2A_2_96535123:SNP.AG * 2A_2 ]> + err
M  Contraint for 35_2 96535123:SNP.AG: <gurobi.Var 35_2> >= <gurobi.Var REG_35_2_96535123:SNP.AG>
M  Contraint for 35_2 96602622:SNP.AG: <gurobi.Var 35_2> >= <gurobi.Var REG_35_2_96602622:SNP.AG>
M  Contraint for 35 96535123:SNP.AG: <gurobi.Var 35> >= <gurobi.Var REG_35_96535123:SNP.AG>
M  Contraint for 35 96602622:SNP.AG: <gurobi.Var 35> >= <gurobi.Var REG_35_96602622:SNP.AG>
M  Contraint for 1B_2 96602622:SNP.AG: <gurobi.Var 1B_2> >= <gurobi.Var REG_1B_2_96602622:SNP.AG>
M  Contraint for 1B 96602622:SNP.AG: <gurobi.Var 1B> >= <gurobi.Var REG_1B_96602622:SNP.AG>
M  Contraint for 2A 96535123:SNP.AG: <gurobi.Var 2A> >= <gurobi.Var REG_2A_96535123:SNP.AG>
M  Contraint for 2A 96602621:SNP.CT: <gurobi.Var 2A> >= <gurobi.Var REG_2A_96602621:SNP.CT>
M  Contraint for 2A 96602622:SNP.AG: <gurobi.Var 2A> >= <gurobi.Var REG_2A_96602622:SNP.AG>
M  Contraint for 2A 96541615:SNP.GA: <gurobi.Var 2A> >= <gurobi.Var REG_2A_96541615:SNP.GA>
M  Contraint for 2A_2 96535123:SNP.AG: <gurobi.Var 2A_2> >= <gurobi.Var REG_2A_2_96535123:SNP.AG>
M  Contraint for 2A_2 96602621:SNP.CT: <gurobi.Var 2A_2> >= <gurobi.Var REG_2A_2_96602621:SNP.CT>
M  Contraint for 2A_2 96602622:SNP.AG: <gurobi.Var 2A_2> >= <gurobi.Var REG_2A_2_96602622:SNP.AG>
M  Contraint for 2A_2 96541615:SNP.GA: <gurobi.Var 2A_2> >= <gurobi.Var REG_2A_2_96541615:SNP.GA>
M  CN contraint for 1: 2 == <gurobi.LinExpr: 35_2 + 35 + 1 + 1B_2 + 1B + 2A + 2A_2 + 1_2>
M  Sentinel contraint for 35: A_35_2 <= A_35
M  Sentinel contraint for 1: A_1_2 <= A_1
M  Sentinel contraint for 1B: A_1B_2 <= A_1B
M  Sentinel contraint for 2A: A_2A_2 <= A_2A
M  Objective: <gurobi.LinExpr: C40 + C41 + C42 + C43 + C44 + C45 + C46 + C47>
M  Contraint for 35_2: A_35_2 * (<gurobi.LinExpr: REG_35_2_96535123:SNP.AG + REG_35_2_96602622:SNP.AG> - 2) == 0
M  Contraint for 35: A_35 * (<gurobi.LinExpr: REG_35_96535123:SNP.AG + REG_35_96602622:SNP.AG> - 2) == 0
M  Contraint for 1B_2: A_1B_2 * (<gurobi.LinExpr: REG_1B_2_96602622:SNP.AG> - 1) == 0
M  Contraint for 1B: A_1B * (<gurobi.LinExpr: REG_1B_96602622:SNP.AG> - 1) == 0
M  Contraint for 2A: A_2A * (<gurobi.LinExpr: REG_2A_96535123:SNP.AG + REG_2A_96541615:SNP.GA + REG_2A_96602621:SNP.CT + REG_2A_96602622:SNP.AG> - 4) == 0
M  Contraint for 2A_2: A_2A_2 * (<gurobi.LinExpr: REG_2A_2_96535123:SNP.AG + REG_2A_2_96541615:SNP.GA + REG_2A_2_96602621:SNP.CT + REG_2A_2_96602622:SNP.AG> - 4) == 0
M  Contraint for 96535123:SNP.AG: 1 <= <gurobi.QuadExpr: 0.0 + [ 35_2 * REG_35_2_96535123:SNP.AG + 35 * REG_35_96535123:SNP.AG + 2A * REG_2A_96535123:SNP.AG + 2A_2 * REG_2A_2_96535123:SNP.AG ]>
M  Contraint for 96602622:SNP.AG: 1 <= <gurobi.QuadExpr: 0.0 + [ 35_2 * REG_35_2_96602622:SNP.AG + 35 * REG_35_96602622:SNP.AG + 1B_2 * REG_1B_2_96602622:SNP.AG + 1B * REG_1B_96602622:SNP.AG + 2A * REG_2A_96602622:SNP.AG + 2A_2 * REG_2A_2_96602622:SNP.AG ]>
M  Contraint for 96535123:SNP.AG: 1 <= <gurobi.QuadExpr: 0.0 + [ 35_2 * REG_35_2_96535123:SNP.AG + 35 * REG_35_96535123:SNP.AG + 2A * REG_2A_96535123:SNP.AG + 2A_2 * REG_2A_2_96535123:SNP.AG ]>
M  Contraint for 96602622:SNP.AG: 1 <= <gurobi.QuadExpr: 0.0 + [ 35_2 * REG_35_2_96602622:SNP.AG + 35 * REG_35_96602622:SNP.AG + 1B_2 * REG_1B_2_96602622:SNP.AG + 1B * REG_1B_96602622:SNP.AG + 2A * REG_2A_96602622:SNP.AG + 2A_2 * REG_2A_2_96602622:SNP.AG ]>
M  Contraint for 96602622:SNP.AG: 1 <= <gurobi.QuadExpr: 0.0 + [ 35_2 * REG_35_2_96602622:SNP.AG + 35 * REG_35_96602622:SNP.AG + 1B_2 * REG_1B_2_96602622:SNP.AG + 1B * REG_1B_96602622:SNP.AG + 2A * REG_2A_96602622:SNP.AG + 2A_2 * REG_2A_2_96602622:SNP.AG ]>
M  Contraint for 96602622:SNP.AG: 1 <= <gurobi.QuadExpr: 0.0 + [ 35_2 * REG_35_2_96602622:SNP.AG + 35 * REG_35_96602622:SNP.AG + 1B_2 * REG_1B_2_96602622:SNP.AG + 1B * REG_1B_96602622:SNP.AG + 2A * REG_2A_96602622:SNP.AG + 2A_2 * REG_2A_2_96602622:SNP.AG ]>
M  Contraint for 96535123:SNP.AG: 1 <= <gurobi.QuadExpr: 0.0 + [ 35_2 * REG_35_2_96535123:SNP.AG + 35 * REG_35_96535123:SNP.AG + 2A * REG_2A_96535123:SNP.AG + 2A_2 * REG_2A_2_96535123:SNP.AG ]>
M  Contraint for 96541615:SNP.GA: 1 <= <gurobi.QuadExpr: 0.0 + [ 2A * REG_2A_96541615:SNP.GA + 2A_2 * REG_2A_2_96541615:SNP.GA ]>
M  Contraint for 96602621:SNP.CT: 1 <= <gurobi.QuadExpr: 0.0 + [ 2A * REG_2A_96602621:SNP.CT + 2A_2 * REG_2A_2_96602621:SNP.CT ]>
M  Contraint for 96602622:SNP.AG: 1 <= <gurobi.QuadExpr: 0.0 + [ 35_2 * REG_35_2_96602622:SNP.AG + 35 * REG_35_96602622:SNP.AG + 1B_2 * REG_1B_2_96602622:SNP.AG + 1B * REG_1B_96602622:SNP.AG + 2A * REG_2A_96602622:SNP.AG + 2A_2 * REG_2A_2_96602622:SNP.AG ]>
M  Contraint for 96535123:SNP.AG: 1 <= <gurobi.QuadExpr: 0.0 + [ 35_2 * REG_35_2_96535123:SNP.AG + 35 * REG_35_96535123:SNP.AG + 2A * REG_2A_96535123:SNP.AG + 2A_2 * REG_2A_2_96535123:SNP.AG ]>
M  Contraint for 96541615:SNP.GA: 1 <= <gurobi.QuadExpr: 0.0 + [ 2A * REG_2A_96541615:SNP.GA + 2A_2 * REG_2A_2_96541615:SNP.GA ]>
M  Contraint for 96602621:SNP.CT: 1 <= <gurobi.QuadExpr: 0.0 + [ 2A * REG_2A_96602621:SNP.CT + 2A_2 * REG_2A_2_96602621:SNP.CT ]>
M  Contraint for 96602622:SNP.AG: 1 <= <gurobi.QuadExpr: 0.0 + [ 35_2 * REG_35_2_96602622:SNP.AG + 35 * REG_35_96602622:SNP.AG + 1B_2 * REG_1B_2_96602622:SNP.AG + 1B * REG_1B_96602622:SNP.AG + 2A * REG_2A_96602622:SNP.AG + 2A_2 * REG_2A_2_96602622:SNP.AG ]>
CN Solver status: optimal, opt: 138.0
  solution:
    ('1B', '2A')
[32;01mCopy number best structures:[39;49;00m
[32;01m  (1) 2x*1-like[39;49;00m
== Refiner ==
Refining ('1B', '2A')
M  CN constraint for 1B: 1 == <gurobi.LinExpr: 1C + 1B>
M  CN constraint for 2A: 1 == <gurobi.LinExpr: 2A>
M  Contraint for 96541615:SNP.GA 6.5e: 566 == <gurobi.QuadExpr: 0.0 + [ 585.5 EXT_1C_96541615:SNP.GA * 1C + 585.5 EXT_1B_96541615:SNP.GA * 1B + 585.5 REG_2A_96541615:SNP.GA * 2A ]> + err
M  Contraint for 96602621:REF 6.7e: 430 == <gurobi.QuadExpr: 427.5 1C + 427.5 1B + 427.5 2A + [ -427.5 EXT_1C_96602621:SNP.CT * 1C + -427.5 EXT_1B_96602621:SNP.CT * 1B + -427.5 REG_2A_96602621:SNP.CT * 2A ]> + err
M  Contraint for 96535123:REF 6.2i: 609 == <gurobi.QuadExpr: 562.0 1C + 562.0 1B + 562.0 2A + [ -562.0 EXT_1C_96535123:SNP.AG * 1C + -562.0 EXT_1B_96535123:SNP.AG * 1B + -562.0 REG_2A_96535123:SNP.AG * 2A ]> + err
M  Contraint for 96602622:SNP.AG 6.7e: 868 == <gurobi.QuadExpr: 0.0 + [ 434.0 REG_1C_96602622:SNP.AG * 1C + 434.0 REG_1B_96602622:SNP.AG * 1B + 434.0 REG_2A_96602622:SNP.AG * 2A ]> + err
M  Contraint for 96541615:REF 6.5e: 605 == <gurobi.QuadExpr: 585.5 1C + 585.5 1B + 585.5 2A + [ -585.5 EXT_1C_96541615:SNP.GA * 1C + -585.5 EXT_1B_96541615:SNP.GA * 1B + -585.5 REG_2A_96541615:SNP.GA * 2A ]> + err
M  Contraint for 96602622:REF 6.7e: 0 == <gurobi.QuadExpr: 434.0 1C + 434.0 1B + 434.0 2A + [ -434.0 REG_1C_96602622:SNP.AG * 1C + -434.0 REG_1B_96602622:SNP.AG * 1B + -434.0 REG_2A_96602622:SNP.AG * 2A ]> + err
M  Contraint for 96602621:SNP.CT 6.7e: 425 == <gurobi.QuadExpr: 0.0 + [ 427.5 EXT_1C_96602621:SNP.CT * 1C + 427.5 EXT_1B_96602621:SNP.CT * 1B + 427.5 REG_2A_96602621:SNP.CT * 2A ]> + err
M  Contraint for 96535123:SNP.AG 6.2i: 515 == <gurobi.QuadExpr: 0.0 + [ 562.0 EXT_1C_96535123:SNP.AG * 1C + 562.0 EXT_1B_96535123:SNP.AG * 1B + 562.0 REG_2A_96535123:SNP.AG * 2A ]> + err
M  Contraint for 96522560:SNP.CT 6.1e: 1196 == <gurobi.QuadExpr: 0.0 + [ 598.5 EXT_1C_96522560:SNP.CT * 1C + 598.5 REG_1B_96522560:SNP.CT * 1B + 598.5 REG_2A_96522560:SNP.CT * 2A ]> + err
M  Contraint for 96522560:REF 6.1e: 1 == <gurobi.QuadExpr: 598.5 1C + 598.5 1B + 598.5 2A + [ -598.5 EXT_1C_96522560:SNP.CT * 1C + -598.5 REG_1B_96522560:SNP.CT * 1B + -598.5 REG_2A_96522560:SNP.CT * 2A ]> + err
M  Contraint for MM[missing] 1C 96602622:SNP.AG: <gurobi.Var 1C> >= <gurobi.Var REG_1C_96602622:SNP.AG>
M  Contraint for MM[missing] 1B 96602622:SNP.AG: <gurobi.Var 1B> >= <gurobi.Var REG_1B_96602622:SNP.AG>
M  Contraint for MM[missing] 1B 96522560:SNP.CT: <gurobi.Var 1B> >= <gurobi.Var REG_1B_96522560:SNP.CT>
M  Contraint for MM[missing] 2A 96535123:SNP.AG: <gurobi.Var 2A> >= <gurobi.Var REG_2A_96535123:SNP.AG>
M  Contraint for MM[missing] 2A 96541615:SNP.GA: <gurobi.Var 2A> >= <gurobi.Var REG_2A_96541615:SNP.GA>
M  Contraint for MM[missing] 2A 96602621:SNP.CT: <gurobi.Var 2A> >= <gurobi.Var REG_2A_96602621:SNP.CT>
M  Contraint for MM[missing] 2A 96522560:SNP.CT: <gurobi.Var 2A> >= <gurobi.Var REG_2A_96522560:SNP.CT>
M  Contraint for MM[missing] 2A 96602622:SNP.AG: <gurobi.Var 2A> >= <gurobi.Var REG_2A_96602622:SNP.AG>
M  Contraint for MA[extra] 1C 96541615:SNP.GA: <gurobi.Var 1C> >= <gurobi.Var EXT_1C_96541615:SNP.GA>
M  Contraint for MA[extra] 1C 96602621:SNP.CT: <gurobi.Var 1C> >= <gurobi.Var EXT_1C_96602621:SNP.CT>
M  Contraint for MA[extra] 1C 96522560:SNP.CT: <gurobi.Var 1C> >= <gurobi.Var EXT_1C_96522560:SNP.CT>
M  Contraint for MA[extra] 1C 96535123:SNP.AG: <gurobi.Var 1C> >= <gurobi.Var EXT_1C_96535123:SNP.AG>
M  Contraint for MA[extra] 1B 96541615:SNP.GA: <gurobi.Var 1B> >= <gurobi.Var EXT_1B_96541615:SNP.GA>
M  Contraint for MA[extra] 1B 96602621:SNP.CT: <gurobi.Var 1B> >= <gurobi.Var EXT_1B_96602621:SNP.CT>
M  Contraint for MA[extra] 1B 96535123:SNP.AG: <gurobi.Var 1B> >= <gurobi.Var EXT_1B_96535123:SNP.AG>
M  Objective: <gurobi.LinExpr: C28 + C29 + C30 + C31 + C32 + C33 + C34 + C35 + C36 + C37 + EXT_1C_96541615:SNP.GA + EXT_1C_96602621:SNP.CT + EXT_1C_96522560:SNP.CT + EXT_1C_96535123:SNP.AG + EXT_1B_96541615:SNP.GA + EXT_1B_96602621:SNP.CT + EXT_1B_96535123:SNP.AG + W>
M  Contraint for 1C: <gurobi.LinExpr: REG_1C_96602622:SNP.AG> = 1 * A_<gurobi.Var 1C>
M  Contraint for 1B: <gurobi.LinExpr: REG_1B_96602622:SNP.AG> = 1 * A_<gurobi.Var 1B>
M  Contraint for 2A: <gurobi.LinExpr: REG_2A_96541615:SNP.GA + REG_2A_96602621:SNP.CT + REG_2A_96602622:SNP.AG + REG_2A_96535123:SNP.AG> = 4 * A_<gurobi.Var 2A>
M  Contraint for 96541615:SNP.GA: 1 <= <gurobi.QuadExpr: 0.0 + [ REG_2A_96541615:SNP.GA * 2A ]> <= 1
M  Contraint for 96541615:SNP.GA: <gurobi.QuadExpr: 0.0 + [ REG_2A_96541615:SNP.GA * 2A ]> <= 1
M  Contraint for 96602621:SNP.CT: 1 <= <gurobi.QuadExpr: 0.0 + [ REG_2A_96602621:SNP.CT * 2A ]> <= 1
M  Contraint for 96602621:SNP.CT: <gurobi.QuadExpr: 0.0 + [ REG_2A_96602621:SNP.CT * 2A ]> <= 1
M  Contraint for 96535123:SNP.AG: 1 <= <gurobi.QuadExpr: 0.0 + [ REG_2A_96535123:SNP.AG * 2A ]> <= 1
M  Contraint for 96535123:SNP.AG: <gurobi.QuadExpr: 0.0 + [ REG_2A_96535123:SNP.AG * 2A ]> <= 1
M  Contraint for 96602622:SNP.AG: 2 <= <gurobi.QuadExpr: 0.0 + [ REG_1C_96602622:SNP.AG * 1C + REG_1B_96602622:SNP.AG * 1B + REG_2A_96602622:SNP.AG * 2A ]> <= 3
M  Contraint for 96602622:SNP.AG: <gurobi.QuadExpr: 0.0 + [ REG_1C_96602622:SNP.AG * 1C + REG_1B_96602622:SNP.AG * 1B + REG_2A_96602622:SNP.AG * 2A ]> <= 3
M  Contraint for 96522560:SNP.CT: 1 <= <gurobi.QuadExpr: 0.0 + [ REG_1B_96522560:SNP.CT * 1B + REG_2A_96522560:SNP.CT * 2A + EXT_1C_96522560:SNP.CT * 1C ]> <= 2
CN Solver status: optimal, opt: 140.0
  1B: 1
    6.7e 96602622:SNP.AG  868 (100 cp. 2) F
    6.1e 96522560:SNP.CT 1196 (100 cp. 2) 
  2A: 1
    6.2i 96535123:SNP.AG  515 ( 46 cp. 1) F
    6.5e 96541615:SNP.GA  566 ( 48 cp. 1) F
    6.7e 96602621:SNP.CT  425 ( 50 cp. 1) F
    6.1e 96522560:SNP.CT 1196 (100 cp. 2) 
    6.7e 96602622:SNP.AG  868 (100 cp. 2) F
Missing:
  1B: 1
  2A: 1
Extra:
  1B: 1
  2A: 1
Time needed: (16.7)
Result is: [('1B', '2A')]
