SAM file: bams/HG00463.bam
File bams/HG00463.bam has index
Coverage is 364.499344087
== Allele Filter ==
 6.0i   96520233: DEL.A                    12 (  6%) ~     0 (  0)
 6.0i   96521044: SNP.CT                  821 ( 49%) ~     0 (  0)
 6.0i   96521573: SNP.TG     -889:T>G     596 ( 45%) ~     0 (  0)
 6.1e   96522560: SNP.CT     99:C>T       599 ( 53%) ~     0 (  0)
 6.1i   96522988: SNP.AT                    2 ( 12%) ~     0 (  0)
 6.1i   96534474: SNP.TG     12013:T>G      9 ( 41%) ~     0 (  0)
 6.1i   96534583: SNP.GA     12122:G>A     43 ( 49%) ~     0 (  0)
 6.1i   96534767: SNP.GA     12306:G>A    302 ( 47%) ~     0 (  0)
 6.3i   96535627: SNP.TC     13166:T>C    894 ( 48%) ~     3 (  0)
 6.3i   96535742: SNP.AG                  856 ( 50%) ~     0 (  0)
 6.3i   96536055: SNP.AG                  602 ( 49%) ~     0 (  0)
 6.3i   96536518: SNP.AC                    2 (  9%) ~     0 (  0)
 6.3i   96539975: SNP.GA                    2 (  8%) ~     0 (  0)
 6.3i   96539977: SNP.CT                    2 (  8%) ~     0 (  0)
 6.3i   96539979: SNP.CT                    2 (  8%) ~     0 (  0)
 6.4e   96540409: SNP.GA     17948:G>A    552 ( 48%) ~     0 (  0)
 6.4i   96541372: SNP.AG     18911:A>G     59 ( 56%) ~     0 (  0)
 6.5i   96579927: SNP.CT                    2 (  9%) ~     0 (  0)
 6.5i   96580098: DEL.G                    45 ( 41%) ~     0 (  0)
 6.6i   96597451: SNP.TC                    2 (100%) ~     0 (  0)
 6.6i   96597490: SNP.CT                    4 (100%) ~     0 (  0)
 6.6i   96597491: SNP.AG                    4 (100%) ~     0 (  0)
 6.6i   96597512: SNP.TC                    4 (100%) ~     0 (  0)
 6.6i   96597539: SNP.GT                    2 (100%) ~     0 (  0)
 6.6i   96597551: SNP.GA                    2 (100%) ~     0 (  0)
 6.6i   96602150: DEL.T                     2 ( 50%) ~     0 (  0)
 6.7e   96602622: SNP.AG     80161:A>G    925 (100%) ~     0 (  0)
 6.7i   96609237: SNP.AT                    3 ( 33%) ~     0 (  0)
 6.7i   96609377: SNP.TG                    2 (  6%) ~     0 (  0)
 6.7i   96609379: SNP.CA                    3 (  9%) ~     0 (  0)
 6.7i   96609388: SNP.TC                    4 ( 11%) ~     0 (  0)
 6.7i   96609395: SNP.AC                    8 ( 18%) ~     0 (  0)
 6.7i   96609400: SNP.AC                    7 ( 15%) ~     0 (  0)
 6.7i   96609406: SNP.GA                    3 (  6%) ~     0 (  0)
 6.7i   96609407: SNP.TC                    4 (  9%) ~     0 (  0)
 6.7i   96609412: SNP.GC                    6 ( 12%) ~     0 (  0)
 6.7i   96609413: SNP.AC                    8 ( 16%) ~     0 (  0)
 6.7i   96609416: SNP.TC                    3 (  6%) ~     0 (  0)
 6.7i   96609416: SNP.TG                    3 (  6%) ~     0 (  0)
 6.7i   96609418: SNP.TC                    3 (  6%) ~     0 (  0)
 6.7i   96609418: SNP.TA                    3 (  6%) ~     0 (  0)
 6.7i   96609418: SNP.TG                    6 ( 11%) ~     0 (  0)
 6.7i   96609420: SNP.AC                    3 (  6%) ~     0 (  0)
 6.7i   96609429: SNP.TC                    5 (  8%) ~     0 (  0)
 6.7i   96609433: SNP.TC                    5 (  8%) ~     0 (  0)
 6.7i   96609440: SNP.AC                    6 (  8%) ~     0 (  0)
 6.7i   96609567: SNP.TC     87106:T>C    161 ( 55%) ~     0 (  0)
 6.8e   96609774: SNP.AC     87313:A>C    514 ( 48%) ~     0 (  0)
 6.8i   96610055: SNP.GT                   28 ( 47%) ~     0 (  0)
 6.8i   96610081: SNP.AT                   20 ( 43%) ~     0 (  0)
Removing 10    6.5e 96541614:SNP.CT
Removing 11    6.3e 96535263:SNP.GA
Removing 12    6.9e 96612670:SNP.AC
Removing 13    6.8e 96609751:SNP.CT
Removing 14    6.1e 96522511:SNP.TC
Removing 15    6.1e 96522516:SNP.AC
Removing 16    6.9e 96612521:SNP.CT
Removing 17    6.0i 96521656:SNP.CT
Removing 18    6.7e 96602617:SNP.GA
Removing 19    6.1e 96522612:SNP.AG
Removing 2H    6.5e 96541615:SNP.GA,  6.7e 96602621:SNP.CT,  6.8e 96609709:SNP.CG,  6.2i 96535123:SNP.AG
Removing 2D    6.2i 96535123:SNP.AG,  6.5e 96541615:SNP.GA,  6.7e 96602621:SNP.CT,  6.8e 96609736:SNP.GA
Removing 2E    6.5e 96541615:SNP.GA,  6.5e 96541747:SNP.GA,  6.7e 96602621:SNP.CT,  6.2i 96535123:SNP.AG
Removing 2F    6.5e 96541615:SNP.GA,  6.7e 96602621:SNP.CT,  6.7e 96602652:SNP.GA,  6.2i 96535123:SNP.AG
Removing 2G    6.5e 96541615:SNP.GA,  6.7e 96602621:SNP.CT,  6.7e 96602710:SNP.AT,  6.2i 96535123:SNP.AG
Removing 2A    6.5e 96541615:SNP.GA,  6.7e 96602621:SNP.CT,  6.2i 96535123:SNP.AG
Removing 2B    6.2e 96534921:SNP.GC,  6.5e 96541615:SNP.GA,  6.7e 96602621:SNP.CT,  6.2i 96535123:SNP.AG
Removing 2C    6.2i 96535123:SNP.AG,  6.3e 96535295:SNP.GC,  6.5e 96541615:SNP.GA,  6.7e 96602621:SNP.CT
Removing 2J    6.5e 96541615:SNP.GA,  6.7e 96602621:SNP.CT,  6.8e 96609784:SNP.AC,  6.2i 96535123:SNP.AG
Removing 22    6.4e 96540330:SNP.GC
Removing 23    6.2e 96534916:SNP.GC
Removing 24    6.7e 96602635:SNP.GA
Removing 25    6.9e 96612541:SNP.CG
Removing 26    6.5e 96541700:SNP.GA
Removing 27    6.0i 96521421:SNP.GA
Removing 28    6.1e 96522516:SNP.AC,  6.7e 96602751:SNP.GA
Removing 29    6.1e 96522544:SNP.AT
Removing 3C    6.3e 96535221:SNP.TA
Removing 3B    6.7e 96602709:SNP.GA
Removing 30    6.2e 96534862:SNP.CT
Removing 31    6.2e 96534877:SNP.CT
Removing 32    6.2e 96534941:SNP.AG
Removing 33    6.4e 96540335:SNP.GA
Removing 34    6.1e 96522468:SNP.CT,  6.1e 96522471:SNP.TC
Removing 35    6.2i 96535123:SNP.AG
Removing 4B    6.0i 96521656:SNP.CT,  6.1e 96522462:SNP.AG
Removing 4A    6.1e 96522462:SNP.AG
Removing 5A    6.9e 96612494:SNP.CT
Removing 5B    6.9e 96612494:SNP.CT
Removing 6     6.3e 96535209:SNP.GA
Removing 7     6.5i 96541755:SNP.TA
Removing 8     6.3e 96535172:SNP.TC
Removing 8X    6.3e 96535172:SNP.TC
Removing 9     6.3e 96535245:SNP.GA
Initial status
  CYP2D6.1C
    6.7e           96602622:SNP.AG  925 (100) F 80161:A>G
  CYP2D6.1B
    6.1e           96522560:SNP.CT  599 ( 53)   99:C>T
    6.7e           96602622:SNP.AG  925 (100) F 80161:A>G
  CYP2D6.1
  CYP2D6.3A
    6.4e           96540409:SNP.GA  552 ( 48) F 17948:G>A
    6.7e           96602622:SNP.AG  925 (100) F 80161:A>G
    6.8e           96609774:SNP.AC  514 ( 48)   87313:A>C
== Copy Number Estimator ==
CNV factor: 1.19071872878 (0.839828899833)
Coverage per region
  region:  2D6  2D7
  0i   :  1.94
  1e   :  2.03
  1i   :  2.09
  2e   :  2.09
  2i   :  1.88
  3e   :  1.89
  3i   :  1.93
  4e   :  1.93
  4i   :  1.87
  5e   :  1.83
  5i   :  1.95
  6e   :  2.24
  6i   :  1.86
  7e   :  1.98
  7i   :  1.91
  8e   :  1.85
  8i   :  1.83
  9e   :  1.95
Max. CN = 2
M  Sentinel contraint for 1: A_1^ <= A_1
M  Contraint for 7e: 1.9770315377 == E_7e + <gurobi.LinExpr: A1 + A1^>
M  Contraint for 6e: 2.23536860713 == E_6e + <gurobi.LinExpr: A1 + A1^>
M  Contraint for 9e: 1.94777037346 == E_9e + <gurobi.LinExpr: A1 + A1^>
M  Contraint for 8e: 1.85150778782 == E_8e + <gurobi.LinExpr: A1 + A1^>
M  Contraint for 2e: 2.08862659232 == E_2e + <gurobi.LinExpr: A1 + A1^>
M  Contraint for 1e: 2.0287256534 == E_1e + <gurobi.LinExpr: A1 + A1^>
M  Contraint for 5e: 1.83318823021 == E_5e + <gurobi.LinExpr: A1 + A1^>
M  Contraint for 4e: 1.93279762642 == E_4e + <gurobi.LinExpr: A1 + A1^>
M  Contraint for 3e: 1.89225826204 == E_3e + <gurobi.LinExpr: A1 + A1^>
M  Objective: <gurobi.LinExpr: C11 + C12 + C13 + C14 + C15 + C16 + C17 + C18 + C19 + 0.5 A1 + 0.5 A1^>
CN Solver status: optimal, opt: 1.91816703521
  Solutions:
    ('1', '1^')
== Initial Solver ==
Solving Counter({'1': 2})
Possible candidates:
  CYP2D6.1
  CYP2D6.1B
    6.7e 96602622:SNP.AG  925 (100) F 80161:A>G
  CYP2D6.3A
    6.4e 96540409:SNP.GA  552 ( 48) F 17948:G>A
    6.7e 96602622:SNP.AG  925 (100) F 80161:A>G
M  Max. CN for 1 = 2
M  Max. CN for 3A = 2
M  Max. CN for 1B = 2
M  Contraint for 96602622:REF 6.7e: 0 == <gurobi.QuadExpr: 462.5 3A_2 + 462.5 1 + 462.5 1B_2 + 462.5 1B + 462.5 1_2 + 462.5 3A + [ -462.5 REG_3A_2_96602622:SNP.AG * 3A_2 + -462.5 REG_1B_2_96602622:SNP.AG * 1B_2 + -462.5 REG_1B_96602622:SNP.AG * 1B + -462.5 REG_3A_96602622:SNP.AG * 3A ]> + err
M  Contraint for 96540409:SNP.GA 6.4e: 552 == <gurobi.QuadExpr: 0.0 + [ 580.0 REG_3A_2_96540409:SNP.GA * 3A_2 + 580.0 REG_3A_96540409:SNP.GA * 3A ]> + err
M  Contraint for 96602622:SNP.AG 6.7e: 925 == <gurobi.QuadExpr: 0.0 + [ 462.5 REG_3A_2_96602622:SNP.AG * 3A_2 + 462.5 REG_1B_2_96602622:SNP.AG * 1B_2 + 462.5 REG_1B_96602622:SNP.AG * 1B + 462.5 REG_3A_96602622:SNP.AG * 3A ]> + err
M  Contraint for 96540409:REF 6.4e: 608 == <gurobi.QuadExpr: 580.0 3A_2 + 580.0 1 + 580.0 1B_2 + 580.0 1B + 580.0 1_2 + 580.0 3A + [ -580.0 REG_3A_2_96540409:SNP.GA * 3A_2 + -580.0 REG_3A_96540409:SNP.GA * 3A ]> + err
M  Contraint for 1B_2 96602622:SNP.AG: <gurobi.Var 1B_2> >= <gurobi.Var REG_1B_2_96602622:SNP.AG>
M  Contraint for 3A_2 96540409:SNP.GA: <gurobi.Var 3A_2> >= <gurobi.Var REG_3A_2_96540409:SNP.GA>
M  Contraint for 3A_2 96602622:SNP.AG: <gurobi.Var 3A_2> >= <gurobi.Var REG_3A_2_96602622:SNP.AG>
M  Contraint for 1B 96602622:SNP.AG: <gurobi.Var 1B> >= <gurobi.Var REG_1B_96602622:SNP.AG>
M  Contraint for 3A 96540409:SNP.GA: <gurobi.Var 3A> >= <gurobi.Var REG_3A_96540409:SNP.GA>
M  Contraint for 3A 96602622:SNP.AG: <gurobi.Var 3A> >= <gurobi.Var REG_3A_96602622:SNP.AG>
M  CN contraint for 1: 2 == <gurobi.LinExpr: 1 + 1B_2 + 3A_2 + 1_2 + 1B + 3A>
M  Sentinel contraint for 1: A_1_2 <= A_1
M  Sentinel contraint for 1B: A_1B_2 <= A_1B
M  Sentinel contraint for 3A: A_3A_2 <= A_3A
M  Objective: <gurobi.LinExpr: C20 + C21 + C22 + C23>
M  Contraint for 3A_2: A_3A_2 * (<gurobi.LinExpr: REG_3A_2_96540409:SNP.GA + REG_3A_2_96602622:SNP.AG> - 2) == 0
M  Contraint for 1B_2: A_1B_2 * (<gurobi.LinExpr: REG_1B_2_96602622:SNP.AG> - 1) == 0
M  Contraint for 1B: A_1B * (<gurobi.LinExpr: REG_1B_96602622:SNP.AG> - 1) == 0
M  Contraint for 3A: A_3A * (<gurobi.LinExpr: REG_3A_96540409:SNP.GA + REG_3A_96602622:SNP.AG> - 2) == 0
M  Contraint for 96540409:SNP.GA: 1 <= <gurobi.QuadExpr: 0.0 + [ 3A_2 * REG_3A_2_96540409:SNP.GA + 3A * REG_3A_96540409:SNP.GA ]>
M  Contraint for 96602622:SNP.AG: 1 <= <gurobi.QuadExpr: 0.0 + [ 3A_2 * REG_3A_2_96602622:SNP.AG + 1B_2 * REG_1B_2_96602622:SNP.AG + 1B * REG_1B_96602622:SNP.AG + 3A * REG_3A_96602622:SNP.AG ]>
M  Contraint for 96602622:SNP.AG: 1 <= <gurobi.QuadExpr: 0.0 + [ 3A_2 * REG_3A_2_96602622:SNP.AG + 1B_2 * REG_1B_2_96602622:SNP.AG + 1B * REG_1B_96602622:SNP.AG + 3A * REG_3A_96602622:SNP.AG ]>
M  Contraint for 96602622:SNP.AG: 1 <= <gurobi.QuadExpr: 0.0 + [ 3A_2 * REG_3A_2_96602622:SNP.AG + 1B_2 * REG_1B_2_96602622:SNP.AG + 1B * REG_1B_96602622:SNP.AG + 3A * REG_3A_96602622:SNP.AG ]>
M  Contraint for 96540409:SNP.GA: 1 <= <gurobi.QuadExpr: 0.0 + [ 3A_2 * REG_3A_2_96540409:SNP.GA + 3A * REG_3A_96540409:SNP.GA ]>
M  Contraint for 96602622:SNP.AG: 1 <= <gurobi.QuadExpr: 0.0 + [ 3A_2 * REG_3A_2_96602622:SNP.AG + 1B_2 * REG_1B_2_96602622:SNP.AG + 1B * REG_1B_96602622:SNP.AG + 3A * REG_3A_96602622:SNP.AG ]>
CN Solver status: optimal, opt: 56.0
  solution:
    ('1B', '3A')
[32;01mCopy number best structures:[39;49;00m
[32;01m  (1) 2x*1-like[39;49;00m
== Refiner ==
Refining ('1B', '3A')
M  CN constraint for 3A: 1 == <gurobi.LinExpr: 3A>
M  CN constraint for 1B: 1 == <gurobi.LinExpr: 1C + 1B>
M  Contraint for 96609774:REF 6.8e: 550 == <gurobi.QuadExpr: 532.0 1C + 532.0 1B + 532.0 3A + [ -532.0 EXT_1C_96609774:SNP.AC * 1C + -532.0 EXT_1B_96609774:SNP.AC * 1B + -532.0 REG_3A_96609774:SNP.AC * 3A ]> + err
M  Contraint for 96609774:SNP.AC 6.8e: 514 == <gurobi.QuadExpr: 0.0 + [ 532.0 EXT_1C_96609774:SNP.AC * 1C + 532.0 EXT_1B_96609774:SNP.AC * 1B + 532.0 REG_3A_96609774:SNP.AC * 3A ]> + err
M  Contraint for 96602622:SNP.AG 6.7e: 925 == <gurobi.QuadExpr: 0.0 + [ 462.5 REG_1C_96602622:SNP.AG * 1C + 462.5 REG_1B_96602622:SNP.AG * 1B + 462.5 REG_3A_96602622:SNP.AG * 3A ]> + err
M  Contraint for 96602622:REF 6.7e: 0 == <gurobi.QuadExpr: 462.5 1C + 462.5 1B + 462.5 3A + [ -462.5 REG_1C_96602622:SNP.AG * 1C + -462.5 REG_1B_96602622:SNP.AG * 1B + -462.5 REG_3A_96602622:SNP.AG * 3A ]> + err
M  Contraint for 96540409:SNP.GA 6.4e: 552 == <gurobi.QuadExpr: 0.0 + [ 580.0 EXT_1C_96540409:SNP.GA * 1C + 580.0 EXT_1B_96540409:SNP.GA * 1B + 580.0 REG_3A_96540409:SNP.GA * 3A ]> + err
M  Contraint for 96522560:SNP.CT 6.1e: 599 == <gurobi.QuadExpr: 0.0 + [ 570.0 EXT_1C_96522560:SNP.CT * 1C + 570.0 REG_1B_96522560:SNP.CT * 1B + 570.0 EXT_3A_96522560:SNP.CT * 3A ]> + err
M  Contraint for 96540409:REF 6.4e: 608 == <gurobi.QuadExpr: 580.0 1C + 580.0 1B + 580.0 3A + [ -580.0 EXT_1C_96540409:SNP.GA * 1C + -580.0 EXT_1B_96540409:SNP.GA * 1B + -580.0 REG_3A_96540409:SNP.GA * 3A ]> + err
M  Contraint for 96522560:REF 6.1e: 541 == <gurobi.QuadExpr: 570.0 1C + 570.0 1B + 570.0 3A + [ -570.0 EXT_1C_96522560:SNP.CT * 1C + -570.0 REG_1B_96522560:SNP.CT * 1B + -570.0 EXT_3A_96522560:SNP.CT * 3A ]> + err
M  Contraint for MM[missing] 1C 96602622:SNP.AG: <gurobi.Var 1C> >= <gurobi.Var REG_1C_96602622:SNP.AG>
M  Contraint for MM[missing] 1B 96602622:SNP.AG: <gurobi.Var 1B> >= <gurobi.Var REG_1B_96602622:SNP.AG>
M  Contraint for MM[missing] 1B 96522560:SNP.CT: <gurobi.Var 1B> >= <gurobi.Var REG_1B_96522560:SNP.CT>
M  Contraint for MM[missing] 3A 96609774:SNP.AC: <gurobi.Var 3A> >= <gurobi.Var REG_3A_96609774:SNP.AC>
M  Contraint for MM[missing] 3A 96540409:SNP.GA: <gurobi.Var 3A> >= <gurobi.Var REG_3A_96540409:SNP.GA>
M  Contraint for MM[missing] 3A 96602622:SNP.AG: <gurobi.Var 3A> >= <gurobi.Var REG_3A_96602622:SNP.AG>
M  Contraint for MA[extra] 1C 96609774:SNP.AC: <gurobi.Var 1C> >= <gurobi.Var EXT_1C_96609774:SNP.AC>
M  Contraint for MA[extra] 1C 96540409:SNP.GA: <gurobi.Var 1C> >= <gurobi.Var EXT_1C_96540409:SNP.GA>
M  Contraint for MA[extra] 1C 96522560:SNP.CT: <gurobi.Var 1C> >= <gurobi.Var EXT_1C_96522560:SNP.CT>
M  Contraint for MA[extra] 1B 96609774:SNP.AC: <gurobi.Var 1B> >= <gurobi.Var EXT_1B_96609774:SNP.AC>
M  Contraint for MA[extra] 1B 96540409:SNP.GA: <gurobi.Var 1B> >= <gurobi.Var EXT_1B_96540409:SNP.GA>
M  Contraint for MA[extra] 3A 96522560:SNP.CT: <gurobi.Var 3A> >= <gurobi.Var EXT_3A_96522560:SNP.CT>
M  Objective: <gurobi.LinExpr: C23 + C24 + C25 + C26 + C27 + C28 + C29 + C30 + EXT_1C_96609774:SNP.AC + EXT_1C_96540409:SNP.GA + EXT_1C_96522560:SNP.CT + EXT_1B_96609774:SNP.AC + EXT_1B_96540409:SNP.GA + EXT_3A_96522560:SNP.CT + W>
M  Contraint for 1C: <gurobi.LinExpr: REG_1C_96602622:SNP.AG> = 1 * A_<gurobi.Var 1C>
M  Contraint for 1B: <gurobi.LinExpr: REG_1B_96602622:SNP.AG> = 1 * A_<gurobi.Var 1B>
M  Contraint for 3A: <gurobi.LinExpr: REG_3A_96540409:SNP.GA + REG_3A_96602622:SNP.AG> = 2 * A_<gurobi.Var 3A>
M  Contraint for 96609774:SNP.AC: 1 <= <gurobi.QuadExpr: 0.0 + [ REG_3A_96609774:SNP.AC * 3A + EXT_1C_96609774:SNP.AC * 1C + EXT_1B_96609774:SNP.AC * 1B ]> <= 1
M  Contraint for 96540409:SNP.GA: 1 <= <gurobi.QuadExpr: 0.0 + [ REG_3A_96540409:SNP.GA * 3A ]> <= 1
M  Contraint for 96540409:SNP.GA: <gurobi.QuadExpr: 0.0 + [ REG_3A_96540409:SNP.GA * 3A ]> <= 1
M  Contraint for 96602622:SNP.AG: 2 <= <gurobi.QuadExpr: 0.0 + [ REG_1C_96602622:SNP.AG * 1C + REG_1B_96602622:SNP.AG * 1B + REG_3A_96602622:SNP.AG * 3A ]> <= 3
M  Contraint for 96602622:SNP.AG: <gurobi.QuadExpr: 0.0 + [ REG_1C_96602622:SNP.AG * 1C + REG_1B_96602622:SNP.AG * 1B + REG_3A_96602622:SNP.AG * 3A ]> <= 3
M  Contraint for 96522560:SNP.CT: 1 <= <gurobi.QuadExpr: 0.0 + [ REG_1B_96522560:SNP.CT * 1B + EXT_1C_96522560:SNP.CT * 1C + EXT_3A_96522560:SNP.CT * 3A ]> <= 2
CN Solver status: optimal, opt: 150.0
  1B: 1
    6.7e 96602622:SNP.AG  925 (100 cp. 2) F
    6.1e 96522560:SNP.CT  599 ( 53 cp. 1) 
  3A: 1
    6.8e 96609774:SNP.AC  514 ( 48 cp. 1) 
    6.4e 96540409:SNP.GA  552 ( 48 cp. 1) F
    6.7e 96602622:SNP.AG  925 (100 cp. 2) F
Missing:
  1B: 1
  3A: 1
Extra:
  1B: 1
  3A: 1
Time needed: (16.5)
Result is: [('1B', '3A')]
