SAM file: bams/HG01190.bam
File bams/HG01190.bam has index
Coverage is 644.448211763
== Allele Filter ==
Refining indel 42526656:INS.a: from 4 of 688.0 to 6 (indel:total = 4:433)
Refining indel 42527886:INS.t: from 28 of 564.0 to 50 (indel:total = 29:323)
 6.rep  42520430: DEL.C                    79 ( 17%) ~    79 (100)
 6.rep  42520576: SNP.CT                  253 ( 46%) ~   253 (100)
 6.rep  42521488: SNP.CT                  387 ( 52%) ~   334 ( 86)
 6.rep  42521623: SNP.CG                   31 (  5%) ~    30 ( 97)
 6.rep  42521625: DEL.GGGTGGGGAA               43 (  7%) ~     0 (  0)
 6.rep  42521628: SNP.TG                   45 (  8%) ~    32 ( 71)
 6.rep  42521638: SNP.TG                   46 (  8%) ~    36 ( 78)
 6.rep  42521644: SNP.AG                   35 (  6%) ~    34 ( 97)
 6.rep  42521648: SNP.TG                   52 (  8%) ~    35 ( 67)
 6.rep  42521928: SNP.AG                  390 (100%) ~     0 (  0)
 6.ins  42521984: SNP.TC                  379 (100%) ~     0 (  0)
 6.ins  42522073: SNP.AC                  455 (100%) ~     0 (  0)
 6.ins  42522137: INS.tgt                 211 ( 72%) ~    14 (  7)
 6.ins  42522140: SNP.GT                   56 ( 20%) ~     0 (  0)
 6.ins  42522141: SNP.AG                   45 ( 16%) ~     0 (  0)
 6.ins  42522144: SNP.GA                   17 (  6%) ~     0 (  0)
 6.ins  42522391: SNP.GA     4401:C>T     395 (100%) ~    12 (  3)
 6.ins  42522497: SNP.GA                   55 (  9%) ~    55 (100)
 6.ins  42522549: SNP.GA                  181 ( 31%) ~    85 ( 47)
 6.9e   42522612: SNP.CG     4180:G>C     359 (100%) ~    11 (  3)
 6.7i   42523210: SNP.TC     3582:A>G     927 (100%) ~    68 (  7)
 6.7i   42523408: SNP.TG     3384:A>C    1609 (100%) ~    92 (  6)
 6.7e   42523504: SNP.CT     3288:G>A      64 (  5%) ~    11 ( 17)
 6.7e   42523527: SNP.CT                  651 ( 57%) ~    10 (  2)
 6.7e   42523635: SNP.CA                  206 ( 31%) ~    30 ( 15)
 6.5i   42524079: SNP.TG                   62 ( 10%) ~     0 (  0)
 6.5i   42524142: SNP.AC                   39 (  7%) ~     0 (  0)
 6.4i   42524695: SNP.TC     2097:A>G     487 ( 69%) ~     4 (  1)
 6.4i   42524707: SNP.TC                  234 ( 32%) ~    18 (  8)
 6.4i   42524712: SNP.CG                  248 ( 34%) ~    19 (  8)
 6.4i   42524742: SNP.GA                  279 ( 38%) ~    26 (  9)
 6.4e   42524794: SNP.AG                  261 ( 37%) ~    22 (  8)
 6.4e   42524923: SNP.AG     1869:T>C     104 ( 20%) ~    26 ( 25)
 6.3i   42524946: SNP.CT     1846:G>A     344 ( 74%) ~    13 (  4)
 6.3i   42524974: SNP.CT                   44 ( 12%) ~    21 ( 48)
 6.3i   42524981: SNP.CT                   45 ( 12%) ~    20 ( 44)
 6.3e   42525131: SNP.CG     1661:G>C     331 (100%) ~     0 (  0)
 6.2i   42525504: SNP.CG                  393 (100%) ~     1 (  0)
 6.2i   42525505: SNP.GC                  390 (100%) ~     1 (  0)
 6.2e   42525792: SNP.TG                   27 ( 14%) ~     0 (  0)
 6.2e   42525797: SNP.GC     997:C>G      181 (100%) ~     1 (  1)
 6.2e   42525810: SNP.TC     984:A>G      161 (100%) ~     2 (  1)
 6.2e   42525814: SNP.TG                   10 (  6%) ~     0 (  0)
 6.2e   42525816: SNP.AC                    9 (  6%) ~     0 (  0)
 6.2e   42525820: SNP.GT     974:C>A      139 ( 97%) ~     1 (  1)
 6.1i   42525951: SNP.AC     843:T>G      524 ( 77%) ~   479 ( 91)
 6.1i   42526048: SNP.GC     746:C>G      685 ( 75%) ~   660 ( 96)
 6.1i   42526483: SNP.CA     310:G>T      998 (100%) ~     0 (  0)
 6.1e   42526693: SNP.GA     100:C>T      669 (100%) ~     0 (  0)
 6.0i   42526994: SNP.CT                  115 ( 11%) ~    30 ( 26)
 6.0i   42527146: SNP.TC                   59 (  5%) ~    25 ( 42)
 6.0i   42527190: SNP.CG                  236 ( 16%) ~    25 ( 11)
 6.0i   42527470: SNP.CT     -678:G>A     209 ( 24%) ~   171 ( 82)
 6.0i   42527792: SNP.CT     -1000:G>A    854 (100%) ~     0 (  0)
 6.0i   42527886: INS.t      -1094:insA    50 (  9%) ~     0 (  0)
 6.0i   42527975: SNP.TG                   35 ( 16%) ~     0 (  0)
 6.0i   42527978: SNP.AC                   17 (  8%) ~     0 (  0)
 6.0i   42527978: SNP.AG                   25 ( 12%) ~     0 (  0)
 6.0i   42527984: SNP.TC                   35 ( 17%) ~     0 (  0)
 6.0i   42527985: SNP.GC                   30 ( 15%) ~     0 (  0)
 6.0i   42527988: SNP.TC                   54 ( 27%) ~     0 (  0)
 6.0i   42527994: SNP.GA                   13 (  7%) ~     0 (  0)
 6.0i   42527995: SNP.TA                   11 (  6%) ~     0 (  0)
 6.0i   42527995: SNP.TG                   11 (  6%) ~     0 (  0)
 6.0i   42527996: SNP.AG                   10 (  5%) ~     0 (  0)
 6.0i   42527998: SNP.CG                   17 (  9%) ~     0 (  0)
 6.0i   42527999: SNP.TG                   20 ( 11%) ~     0 (  0)
 6.0i   42528003: SNP.AG                   24 ( 13%) ~     0 (  0)
 6.0i   42528005: SNP.TC                   15 (  8%) ~     0 (  0)
 6.0i   42528012: SNP.AC                   56 ( 34%) ~     0 (  0)
 6.0i   42528015: SNP.AC                   66 ( 39%) ~     0 (  0)
 6.0i   42528019: SNP.AC                   46 ( 29%) ~     0 (  0)
 6.0i   42528020: SNP.GC                   27 ( 18%) ~     0 (  0)
 6.0i   42528023: SNP.TC                   13 ( 10%) ~     0 (  0)
 6.0i   42528023: SNP.TA                   10 (  7%) ~     0 (  0)
 6.0i   42528026: SNP.TC                    8 (  7%) ~     0 (  0)
 6.0i   42528026: SNP.TA                   11 (  9%) ~     0 (  0)
 6.0i   42528027: SNP.TC     -1235:A>G    117 (100%) ~     0 (  0)
 6.0i   42528029: DEL.TT                    7 (  6%) ~     0 (  0)
 6.0i   42528029: DEL.TTT                   9 (  8%) ~     0 (  0)
 6.0i   42528087: SNP.TG                    2 (  5%) ~     0 (  0)
 6.0i   42528090: SNP.TG                    3 (  8%) ~     0 (  0)
 6.0i   42528099: SNP.TC                    2 (  6%) ~     0 (  0)
 6.0i   42528102: SNP.AC                    2 (  6%) ~     0 (  0)
 6.0i   42528223: SNP.GA     -1426:C>T     32 (100%) ~     0 (  0)
 7.rep  42531699: SNP.CT                  429 (100%) ~   196 ( 46)
 7.rep  42531791: SNP.TC                  438 (100%) ~   331 ( 76)
 7.rep  42532266: SNP.TC                  560 (100%) ~   560 (100)
 7.rep  42532586: DEL.C                    92 ( 19%) ~    92 (100)
 7.rep  42532732: SNP.CT                  310 ( 51%) ~   310 (100)
 7.rep  42532958: SNP.AG                  494 (100%) ~   494 (100)
 7.rep  42533644: SNP.CT                  328 ( 50%) ~   319 ( 97)
 7.rep  42533779: SNP.CG                   26 (  7%) ~    26 (100)
 7.rep  42533784: SNP.TG                   27 (  8%) ~    26 ( 96)
 7.rep  42533790: SNP.AG                   20 (  7%) ~    16 ( 80)
 7.rep  42533794: SNP.TG                   30 ( 10%) ~    27 ( 90)
 7.rep  42533800: SNP.AG                   28 (  9%) ~    27 ( 96)
 7.rep  42533804: SNP.TG                   35 ( 12%) ~    31 ( 89)
 7.rep  42533810: SNP.AG                   22 (  8%) ~    21 ( 95)
 7.rep  42533904: SNP.AG                  253 (100%) ~     1 (  0)
 7.rep  42534050: SNP.AG                  894 (100%) ~     3 (  0)
 7.rep  42534074: SNP.GA                  975 (100%) ~     3 (  0)
 7.pce  42534125: SNP.GT                  769 (100%) ~     0 (  0)
 7.pce  42534147: SNP.CT                  206 ( 31%) ~     0 (  0)
 7.pce  42534275: SNP.CG                  264 (100%) ~     0 (  0)
 7.pce  42534392: SNP.CG                   11 (  5%) ~     0 (  0)
 7.pce  42534396: SNP.TG                   44 ( 22%) ~     0 (  0)
 7.pce  42534398: SNP.CG                   11 (  5%) ~     0 (  0)
 7.pce  42534400: SNP.TC                   13 (  6%) ~     0 (  0)
 7.pce  42534409: SNP.AC                   21 ( 11%) ~     0 (  0)
 7.pce  42534599: SNP.TC                  244 (100%) ~     0 (  0)
 7.pce  42534600: SNP.GA                  148 ( 60%) ~     0 (  0)
 7.pce  42534681: SNP.TC                   54 ( 31%) ~     0 (  0)
 7.pce  42534864: DEL.TG                   13 ( 37%) ~     0 (  0)
 7.pce  42534955: SNP.AG                   10 ( 77%) ~     0 (  0)
 7.pce  42535460: SNP.CT                  103 ( 36%) ~     0 (  0)
 7.pce  42535635: SNP.GA                  465 ( 70%) ~     0 (  0)
 7.ins  42535817: SNP.AG                   83 (  6%) ~     1 (  1)
 7.ins  42536063: SNP.TC                  894 ( 61%) ~     0 (  0)
 7.ins  42536210: SNP.GA                  361 ( 30%) ~    70 ( 19)
 7.ins  42536262: SNP.GA                  592 ( 58%) ~    76 ( 13)
 7.9e   42536312: SNP.GA                  556 ( 63%) ~    11 (  2)
 7.9e   42536410: SNP.TG                  122 ( 15%) ~     0 (  0)
 7.8e   42536652: SNP.TC                  420 ( 48%) ~   227 ( 54)
 7.7i   42536953: SNP.AG                   85 ( 16%) ~    14 ( 16)
 7.7i   42536960: DEL.T                    31 (  6%) ~     9 ( 29)
 7.7i   42537022: SNP.TC                   46 (  9%) ~    33 ( 72)
 7.7i   42537028: SNP.CT                   48 ( 10%) ~    38 ( 79)
 7.7i   42537114: SNP.CT                  207 (100%) ~    82 ( 40)
 7.7i   42537119: INS.a                   201 ( 93%) ~    80 ( 40)
 7.7i   42537126: SNP.AG                  225 (100%) ~    76 ( 34)
 7.7e   42537195: SNP.TC                  466 (100%) ~    12 (  3)
 7.7e   42537217: SNP.TC                  173 ( 31%) ~    11 (  6)
 7.7e   42537226: SNP.TC                  182 ( 31%) ~    11 (  6)
 7.7e   42537240: SNP.CT                  202 ( 34%) ~    18 (  9)
 7.7e   42537251: SNP.GA                  219 ( 35%) ~    23 ( 11)
 7.6i   42537403: SNP.GC                 1071 (100%) ~     3 (  0)
 7.6e   42537596: SNP.AG                  395 ( 35%) ~     0 (  0)
 7.5i   42537781: SNP.TG                  145 (  9%) ~     1 (  1)
 7.5e   42538028: SNP.AG                 1403 (100%) ~     1 (  0)
 7.4i   42538070: SNP.GC                  857 ( 65%) ~     0 (  0)
 7.4i   42538083: SNP.CT                  859 ( 66%) ~     0 (  0)
 7.4i   42538102: SNP.TC                  453 ( 34%) ~     4 (  1)
 7.4i   42538228: SNP.GA                 1513 (100%) ~    11 (  1)
 7.4i   42538398: SNP.CT                  276 ( 21%) ~    32 ( 12)
 7.4i   42538461: SNP.AG                   63 (  7%) ~    28 ( 44)
 7.4e   42538507: SNP.AG                  651 ( 81%) ~     4 (  1)
 7.4e   42538508: SNP.GA                  647 ( 82%) ~     4 (  1)
 7.4e   42538513: SNP.TC                   42 (  5%) ~     3 (  7)
 7.4e   42538514: INS.c                   591 ( 70%) ~     6 (  1)
 7.4e   42538617: SNP.AG                  225 ( 26%) ~    33 ( 15)
 7.3i   42538668: SNP.CT                  250 ( 29%) ~    21 (  8)
 7.3i   42538703: SNP.GT                  248 ( 28%) ~    17 (  7)
 7.3e   42538875: SNP.AT                  695 (100%) ~     0 (  0)
 7.2i   42538884: SNP.GT                  476 ( 68%) ~     0 (  0)
 7.2i   42538896: SNP.AG                  223 ( 32%) ~     0 (  0)
 7.2e   42539463: SNP.TG                   59 ( 12%) ~     0 (  0)
 7.2e   42539485: SNP.TG                   52 (  9%) ~     0 (  0)
 7.1i   42539622: SNP.CA                  235 ( 25%) ~   174 ( 74)
 7.1i   42539719: SNP.CG                  230 ( 26%) ~   195 ( 85)
 7.1e   42540367: SNP.TG                   50 (  7%) ~     1 (  2)
 7.0i   42540550: SNP.AG                  391 ( 55%) ~     1 (  0)
 7.0i   42540602: SNP.CT                  222 ( 33%) ~    28 ( 13)
 7.0i   42540666: SNP.CT                  311 ( 41%) ~     9 (  3)
 7.0i   42540667: SNP.AG                  314 ( 42%) ~     9 (  3)
 7.0i   42540862: SNP.CG                  358 ( 38%) ~    17 (  5)
 7.0i   42540895: SNP.AG                  245 ( 29%) ~    17 (  7)
 7.0i   42541142: SNP.TC                  288 ( 27%) ~   287 (100)
 7.0i   42541201: SNP.CT                  184 ( 18%) ~   184 (100)
 7.0i   42541284: SNP.GA                  401 ( 48%) ~     0 (  0)
 7.0i   42541327: SNP.GA                  367 ( 47%) ~     0 (  0)
 7.0i   42541348: SNP.GA                  404 ( 52%) ~     0 (  0)
 7.0i   42541393: SNP.AG                  369 ( 49%) ~     0 (  0)
 7.0i   42541655: SNP.TC                   87 ( 46%) ~     0 (  0)
 7.0i   42541736: DEL.T                     7 (  8%) ~     0 (  0)
 7.0i   42541736: INS.t                     6 (  7%) ~     0 (  0)
 7.0i   42542152: SNP.TG                   61 ( 50%) ~     0 (  0)
 7.0i   42542869: SNP.GA                  207 ( 44%) ~     0 (  0)
 7.0i   42543016: SNP.AC                  122 ( 93%) ~     0 (  0)
 7.0i   42543024: SNP.CA                    6 (  5%) ~     0 (  0)
 7.0i   42543027: SNP.GA                    8 (  7%) ~     0 (  0)
 7.0i   42543031: SNP.TA                    6 (  6%) ~     0 (  0)
 7.0i   42543036: SNP.TA                    7 (  7%) ~     0 (  0)
 7.0i   42543039: SNP.TA                    6 (  6%) ~     0 (  0)
 7.0i   42543043: SNP.AC                    9 (  9%) ~     0 (  0)
 7.0i   42543049: SNP.GA                    8 (  8%) ~     0 (  0)
 7.0i   42543054: SNP.TA                    8 (  8%) ~     0 (  0)
 7.0i   42543056: SNP.AC                   10 ( 10%) ~     0 (  0)
 7.0i   42543059: SNP.TC                    5 (  5%) ~     0 (  0)
 7.0i   42543069: SNP.GA                    7 (  8%) ~     0 (  0)
 7.0i   42543070: SNP.GA                    6 (  7%) ~     0 (  0)
 7.0i   42543073: SNP.GA                   12 ( 14%) ~     0 (  0)
 7.0i   42543075: SNP.CA                   14 ( 18%) ~     0 (  0)
 7.0i   42543078: SNP.GA                   10 ( 14%) ~     0 (  0)
 7.0i   42543079: SNP.GA                   13 ( 18%) ~     0 (  0)
 7.0i   42543094: SNP.GA                   28 ( 33%) ~     0 (  0)
 7.0i   42543096: SNP.GA                   29 ( 32%) ~     0 (  0)
 7.0i   42543099: SNP.GA                   29 ( 32%) ~     0 (  0)
 7.0i   42543102: SNP.CA                    8 (  8%) ~     0 (  0)
 7.0i   42543104: SNP.CA                   25 ( 25%) ~     0 (  0)
 7.0i   42543109: SNP.CA                   23 ( 22%) ~     0 (  0)
 7.0i   42543112: SNP.TG                   25 ( 24%) ~     0 (  0)
 7.0i   42543114: SNP.AG                   10 ( 10%) ~     0 (  0)
 7.0i   42543115: SNP.GA                   22 ( 21%) ~     0 (  0)
 7.0i   42543120: SNP.GA                   30 ( 27%) ~     0 (  0)
 7.0i   42543124: SNP.TA                   31 ( 27%) ~     0 (  0)
 7.0i   42543127: SNP.CA                   32 ( 27%) ~     0 (  0)
 7.0i   42543132: SNP.TA                   22 ( 19%) ~     0 (  0)
 7.0i   42543134: SNP.GA                   12 ( 10%) ~     0 (  0)
 7.0i   42543135: SNP.CA                   15 ( 13%) ~     0 (  0)
 7.0i   42543141: SNP.TA                   18 ( 14%) ~     0 (  0)
 7.0i   42543145: SNP.TC                   15 ( 11%) ~     0 (  0)
 7.0i   42543156: SNP.CA                    7 (  5%) ~     0 (  0)
 7.0i   42543159: SNP.TA                   10 (  7%) ~     0 (  0)
 7.0i   42543162: SNP.TA                    9 (  6%) ~     0 (  0)
 7.0i   42543165: SNP.CA                    9 (  6%) ~     0 (  0)
 7.0i   42543287: SNP.AG                  114 ( 46%) ~     0 (  0)
 7.0i   42543446: SNP.TC                   82 (100%) ~     1 (  1)
 7.0i   42543447: SNP.GA                   82 (100%) ~     1 (  1)
 7.0i   42543450: SNP.GA                   82 (100%) ~     0 (  0)
 7.0i   42543959: SNP.CT                  312 ( 50%) ~     0 (  0)
 7.0i   42544049: SNP.GA                  389 (100%) ~     0 (  0)
 7.0i   42544515: DEL.ACAC                 27 (  9%) ~     0 (  0)
 7.0i   42544515: DEL.AC                   60 ( 21%) ~     0 (  0)
 7.0i   42544550: SNP.CG                  150 ( 31%) ~     0 (  0)
 7.0i   42544554: SNP.TC                   29 (  6%) ~     0 (  0)
 7.0i   42544757: SNP.GA                  567 ( 50%) ~     0 (  0)
 7.0i   42545220: SNP.GA                  502 ( 52%) ~     0 (  0)
Removing 100   6.6e 42523964:DEL.G
Removing 101   6.6e 42523847:DEL.CACATCCGGATGTAGGATC
Removing 102   6.2e 42525822:SNP.GA,  6.6e 42523942:SNP.GA
Removing 103   6.2e 42525822:SNP.GA,  6.6e 42523942:SNP.GA
Removing 104   6.3e 42525072:SNP.TA,  6.6e 42523942:SNP.GA
Removing 105   6.6e 42523942:SNP.GA,  6.7e 42523524:SNP.AG
Removing 107   6.3e 42525133:SNP.CT
Removing 108   6.7e 42523566:SNP.TC,  6.7e 42523557:SNP.TC
Removing 109   6.5e 42524175:DEL.CTT,  6.7e 42523609:SNP.CT
Removing 11W   6.1i 42525911:SNP.CG,  6.6e 42523942:SNP.GA,  6.0i 42528381:SNP.GC
Removing 11    6.1i 42525911:SNP.CG,  6.6e 42523942:SNP.GA
Removing 12    6.1e 42526669:SNP.CT,  6.6e 42523942:SNP.GA
Removing 14BW  6.3e 42525034:SNP.CT,  6.6e 42523942:SNP.GA,  6.0i 42528381:SNP.GC
Removing 14AW  6.3e 42525034:SNP.CT,  6.6e 42523942:SNP.GA,  6.0i 42528381:SNP.GC
Removing 14B   6.3e 42525034:SNP.CT,  6.6e 42523942:SNP.GA
Removing 14A   6.3e 42525034:SNP.CT,  6.6e 42523942:SNP.GA
Removing 15    6.1e 42526656:INS.a
Removing 17    6.2e 42525771:SNP.GA,  6.6e 42523942:SNP.GA
Removing 17W   6.2e 42525771:SNP.GA,  6.6e 42523942:SNP.GA
Removing 18    6.9e 42522667:INS.agtgggcac
Removing 19    6.5e 42524250:DEL.AGTT,  6.6e 42523942:SNP.GA
Removing 2KW   6.6e 42523942:SNP.GA,  6.0i 42528381:SNP.GC
Removing 2D    6.6e 42523942:SNP.GA
Removing 2E    6.6e 42523942:SNP.GA
Removing 2F    6.6e 42523942:SNP.GA
Removing 2G    6.6e 42523942:SNP.GA
Removing 2A    6.0i 42528381:SNP.GC,  6.6e 42523942:SNP.GA
Removing 2B    6.6e 42523942:SNP.GA
Removing 2C    6.6e 42523942:SNP.GA
Removing 2L    6.6e 42523942:SNP.GA
Removing 2M    6.6e 42523942:SNP.GA
Removing 2H    6.6e 42523942:SNP.GA
Removing 2K    6.6e 42523942:SNP.GA
Removing 2CW   6.6e 42523942:SNP.GA,  6.0i 42528381:SNP.GC
Removing 2AW   6.0i 42528381:SNP.GC,  6.6e 42523942:SNP.GA
Removing 2FW   6.6e 42523942:SNP.GA,  6.0i 42528381:SNP.GC
Removing 2HW   6.6e 42523942:SNP.GA,  6.0i 42528381:SNP.GC
Removing 2DW   6.6e 42523942:SNP.GA,  6.0i 42528381:SNP.GC
Removing 2GW   6.6e 42523942:SNP.GA,  6.0i 42528381:SNP.GC
Removing 2MW   6.6e 42523942:SNP.GA,  6.0i 42528381:SNP.GC
Removing 2BW   6.6e 42523942:SNP.GA,  6.0i 42528381:SNP.GC
Removing 2LW   6.6e 42523942:SNP.GA,  6.0i 42528381:SNP.GC
Removing 2EW   6.6e 42523942:SNP.GA,  6.0i 42528381:SNP.GC
Removing 20    6.4e 42524819:INS.c,  6.4e 42524814:SNP.GA,  6.4e 42524813:SNP.AG,  6.6e 42523942:SNP.GA
Removing 21B   6.0i 42528381:SNP.GC,  6.5e 42524213:INS.g,  6.6e 42523942:SNP.GA
Removing 21A   6.0i 42528381:SNP.GC,  6.5e 42524213:INS.g,  6.6e 42523942:SNP.GA
Removing 22    6.1e 42526711:SNP.GA
Removing 23    6.2e 42525837:SNP.GA
Removing 24    6.6e 42523939:SNP.TG
Removing 25    6.7e 42523594:SNP.GC
Removing 26    6.7e 42523515:SNP.AG
Removing 27    6.8e 42522939:SNP.CT
Removing 28    6.1e 42526774:SNP.CT,  6.3e 42525088:SNP.GC,  6.6e 42523942:SNP.GA
Removing 28W   6.1e 42526774:SNP.CT,  6.3e 42525088:SNP.GC,  6.6e 42523942:SNP.GA,  6.0i 42528381:SNP.GC
Removing 29    6.3e 42525133:SNP.CT,  6.6e 42523942:SNP.GA,  6.7e 42523609:SNP.CT
Removing 3B    6.5e 42524243:DEL.T
Removing 3A    6.5e 42524243:DEL.T
Removing 30    6.4e 42524929:INS.ggggcgaaa,  6.6e 42523942:SNP.GA
Removing 31    6.0i 42528381:SNP.GC,  6.6e 42523942:SNP.GA,  6.9e 42522750:SNP.CT
Removing 32    6.6e 42523942:SNP.GA,  6.8e 42522939:SNP.CT
Removing 33    6.5e 42524309:SNP.CA
Removing 34    6.6e 42523942:SNP.GA
Removing 35B   6.0i 42528381:SNP.GC,  6.1e 42526762:SNP.CT,  6.6e 42523942:SNP.GA
Removing 35A   6.0i 42528381:SNP.GC,  6.1e 42526762:SNP.CT,  6.6e 42523942:SNP.GA
Removing 37    6.4e 42524849:SNP.CT
Removing 38    6.5e 42524202:DEL.AGTC
Removing 4GW   6.6e 42523854:SNP.GA
Removing 4HW   6.8e 42522915:SNP.CG
Removing 4FW   6.4e 42524934:SNP.GA
Removing 4KW   6.6e 42523942:SNP.GA
Removing 4K    6.6e 42523942:SNP.GA
Removing 4H    6.8e 42522915:SNP.CG
Removing 4CW   6.8e 42522905:SNP.AG
Removing 4P    6.5e 42524216:SNP.GA
Removing 4F    6.4e 42524934:SNP.GA
Removing 4G    6.6e 42523854:SNP.GA
Removing 4C    6.8e 42522905:SNP.AG
Removing 40    6.2e 42525771:SNP.GA,  6.4e 42524929:INS.ggggcgaaaggggcgaaa,  6.6e 42523942:SNP.GA
Removing 41    6.6e 42523942:SNP.GA,  6.6i 42523804:SNP.CT
Removing 42    6.6e 42523942:SNP.GA,  6.7e 42523533:INS.ac
Removing 43    6.1e 42526716:SNP.CT
Removing 44    6.1e 42526711:SNP.GA,  6.6i 42523842:SNP.CG
Removing 45A   6.3e 42525076:SNP.CT,  6.6e 42523942:SNP.GA
Removing 45B   6.3e 42525076:SNP.CT,  6.6e 42523942:SNP.GA
Removing 46    6.1e 42526716:SNP.CT,  6.3e 42525076:SNP.CT,  6.6e 42523942:SNP.GA
Removing 47    6.1e 42526720:SNP.GA
Removing 48    6.2e 42525822:SNP.GA
Removing 49    6.3e 42525181:SNP.AT
Removing 50    6.3e 42525072:SNP.TG
Removing 51    6.0i 42528381:SNP.GC,  6.6e 42523942:SNP.GA,  6.7e 42523620:SNP.TG
Removing 52    6.8e 42522915:SNP.CT
Removing 53    6.3e 42525181:SNP.AT,  6.3e 42525175:SNP.CA
Removing 54    6.5e 42524236:SNP.GA
Removing 55    6.6e 42523942:SNP.GA,  6.8e 42522957:SNP.TG
Removing 56A   6.0i 42528381:SNP.GC,  6.6e 42523942:SNP.GA,  6.7e 42523591:SNP.GA
Removing 56B   6.7e 42523591:SNP.GA
Removing 57    6.2e 42525907:SNP.GA
Removing 58    6.2e 42525771:SNP.GA,  6.4e 42524929:INS.ggggcgaaa,  6.6e 42523942:SNP.GA
Removing 59    6.6e 42523942:SNP.GA,  6.6e 42523853:SNP.CT
Removing 6A    6.3e 42525085:DEL.A
Removing 6B    6.3e 42525085:DEL.A,  6.4e 42524816:SNP.CT
Removing 6C    6.3e 42525085:DEL.A,  6.4e 42524816:SNP.CT
Removing 6D    6.3e 42525085:DEL.A
Removing 60    6.4e 42524905:INS.ta
Removing 62    6.9e 42522748:SNP.GA
Removing 63    6.0i 42528381:SNP.GC,  6.6e 42523942:SNP.GA
Removing 64    6.2e 42525771:SNP.GA
Removing 65    6.6e 42523942:SNP.GA
Removing 69    6.6e 42523942:SNP.GA,  6.6i 42523804:SNP.CT
Removing 7     6.6e 42523857:SNP.TG
Removing 70    6.3e 42525184:SNP.CT,  6.3e 42525133:SNP.CT,  6.7e 42523609:SNP.CT
Removing 71    6.0i 42528381:SNP.GC,  6.1e 42526668:SNP.CT
Removing 72    6.7e 42523474:SNP.CT
Removing 73    6.2e 42525781:SNP.CT,  6.6e 42523942:SNP.GA
Removing 75    6.9e 42522747:SNP.CT
Removing 8     6.3e 42525034:SNP.CA,  6.6e 42523942:SNP.GA
Removing 81    6.5e 42524213:SNP.GA,  6.5e 42524186:SNP.CT,  6.5e 42524182:SNP.AT
Removing 82    6.2e 42525780:SNP.AG,  6.2e 42525772:SNP.TA,  6.2e 42525771:SNP.GT,  6.2e 42525766:SNP.TC
Removing 84    6.5e 42524218:SNP.GT,  6.6e 42523942:SNP.GA
Removing 85    6.6e 42523942:SNP.GA,  6.9e 42522635:SNP.AC
Removing 86    6.5e 42524186:SNP.CT,  6.5e 42524182:SNP.AT
Removing 87    6.1e 42526779:SNP.GA
Removing 88    6.2e 42525780:SNP.AG
Removing 89    6.3e 42525114:SNP.AG
Removing 9     6.5e 42524175:DEL.CTT
Removing 90    6.3e 42525099:SNP.TC
Removing 91    6.3e 42525057:SNP.CG,  6.6e 42523942:SNP.GA,  6.6i 42523804:SNP.CT
Removing 92    6.4e 42524797:DEL.G
Removing 93    6.5e 42524273:SNP.TG
Removing 94B   6.7e 42523611:SNP.TC
Removing 94A   6.7e 42523611:SNP.TC
Removing 95    6.7e 42523458:SNP.CT
Removing 96    6.8e 42522897:SNP.GA
Removing 97    6.9e 42522698:SNP.GT
Removing 98    6.6e 42523942:SNP.GA,  6.9e 42522682:SNP.GC
Initial status
  CYP2D6.1B
    6.8e           42522964:SNP.CT    0 (  0)   3828:G>A
  CYP2D6.1E
    6.4e           42524923:SNP.AG  104 ( 20)   1869:T>C
  CYP2D6.1C
    6.4e           42524814:SNP.GA    0 (  0)   1978:C>T
  CYP2D6.1D
    6.5e           42524217:SNP.GT    0 (  0)   2575:C>A
  CYP2D6.1
  CYP2D6.10B
    6.9e           42522612:SNP.CG  359 (100) F 4180:G>C
    6.3e           42525131:SNP.CG  331 (100)   1661:G>C
    6.2e           42525755:SNP.GA    0 (  0)   1039:C>T
    6.1e           42526693:SNP.GA  669 (100) F 100:C>T
    6.0i           42527792:SNP.CT  854 (100)   -1000:G>A
    6.0i           42528027:SNP.TC  117 (100)   -1235:A>G
    6.0i           42528223:SNP.GA   32 (100)   -1426:C>T
  CYP2D6.10A
    6.9e           42522612:SNP.CG  359 (100) F 4180:G>C
    6.3e           42525131:SNP.CG  331 (100)   1661:G>C
    6.1e           42526693:SNP.GA  669 (100) F 100:C>T
  CYP2D6.10D
    6.9e           42522612:SNP.CG  359 (100) F 4180:G>C
    6.3e           42525131:SNP.CG  331 (100)   1661:G>C
    6.2e           42525755:SNP.GA    0 (  0)   1039:C>T
    6.1e           42526693:SNP.GA  669 (100) F 100:C>T
  CYP2D6.10DW
    6.9e           42522612:SNP.CG  359 (100) F 4180:G>C
    6.7i           42523210:SNP.TC  927 (100)   3582:A>G
    6.7i           42523408:SNP.TG 1609 (100)   3384:A>C
    6.3e           42525131:SNP.CG  331 (100)   1661:G>C
    6.2e           42525755:SNP.GA    0 (  0)   1039:C>T
    6.1i           42525951:SNP.AC  524 ( 77)   843:T>G
    6.1i           42526483:SNP.CA  998 (100)   310:G>T
    6.1i           42526548:SNP.TC    0 (  0)   CYP2D7:i1:5491
    6.1i           42526560:SNP.TG   16 (  4)   CYP2D7:i1:5503
    6.1i           42526561:SNP.CG   16 (  4)   CYP2D7:i1:5504
    6.1i           42526566:SNP.AG   19 (  4)   CYP2D7:i1:5509
    6.1i           42526570:SNP.GC   16 (  3)   CYP2D7:i1:5513
    6.1i           42526572:SNP.GT   18 (  4)   CYP2D7:i1:5515
    6.1e           42526693:SNP.GA  669 (100) F 100:C>T
    6.0i           42527792:SNP.CT  854 (100)   -1000:G>A
    6.0i           42528027:SNP.TC  117 (100)   -1235:A>G
  CYP2D6.10BW
    6.9e           42522612:SNP.CG  359 (100) F 4180:G>C
    6.7i           42523210:SNP.TC  927 (100)   3582:A>G
    6.7i           42523408:SNP.TG 1609 (100)   3384:A>C
    6.3e           42525131:SNP.CG  331 (100)   1661:G>C
    6.2e           42525755:SNP.GA    0 (  0)   1039:C>T
    6.1i           42525951:SNP.AC  524 ( 77)   843:T>G
    6.1i           42526483:SNP.CA  998 (100)   310:G>T
    6.1i           42526548:SNP.TC    0 (  0)   CYP2D7:i1:5491
    6.1i           42526560:SNP.TG   16 (  4)   CYP2D7:i1:5503
    6.1i           42526561:SNP.CG   16 (  4)   CYP2D7:i1:5504
    6.1i           42526566:SNP.AG   19 (  4)   CYP2D7:i1:5509
    6.1i           42526570:SNP.GC   16 (  3)   CYP2D7:i1:5513
    6.1i           42526572:SNP.GT   18 (  4)   CYP2D7:i1:5515
    6.1e           42526693:SNP.GA  669 (100) F 100:C>T
    6.0i           42527792:SNP.CT  854 (100)   -1000:G>A
    6.0i           42528027:SNP.TC  117 (100)   -1235:A>G
    6.0i           42528223:SNP.GA   32 (100)   -1426:C>T
  CYP2D6.10AW
    6.9e           42522612:SNP.CG  359 (100) F 4180:G>C
    6.7i           42523210:SNP.TC  927 (100)   3582:A>G
    6.7i           42523408:SNP.TG 1609 (100)   3384:A>C
    6.3e           42525131:SNP.CG  331 (100)   1661:G>C
    6.1i           42525951:SNP.AC  524 ( 77)   843:T>G
    6.1i           42526483:SNP.CA  998 (100)   310:G>T
    6.1i           42526548:SNP.TC    0 (  0)   CYP2D7:i1:5491
    6.1i           42526560:SNP.TG   16 (  4)   CYP2D7:i1:5503
    6.1i           42526561:SNP.CG   16 (  4)   CYP2D7:i1:5504
    6.1i           42526566:SNP.AG   19 (  4)   CYP2D7:i1:5509
    6.1i           42526570:SNP.GC   16 (  3)   CYP2D7:i1:5513
    6.1i           42526572:SNP.GT   18 (  4)   CYP2D7:i1:5515
    6.1e           42526693:SNP.GA  669 (100) F 100:C>T
    6.0i           42527792:SNP.CT  854 (100)   -1000:G>A
    6.0i           42528027:SNP.TC  117 (100)   -1235:A>G
  CYP2D6.13$1
  CYP2D6.16$1
  CYP2D6.36
    6.7i           42523210:SNP.TC  927 (100)   3582:A>G
    6.7i           42523408:SNP.TG 1609 (100)   3384:A>C
    6.4i           42524695:SNP.TC  487 ( 69)   2097:A>G
    6.3e           42525131:SNP.CG  331 (100)   1661:G>C
    6.2e           42525755:SNP.GA    0 (  0)   1039:C>T
    6.1i           42525951:SNP.AC  524 ( 77)   843:T>G
    6.1i           42526483:SNP.CA  998 (100)   310:G>T
    6.1e           42526693:SNP.GA  669 (100) F 100:C>T
    6.0i           42527792:SNP.CT  854 (100)   -1000:G>A
    6.0i           42528027:SNP.TC  117 (100)   -1235:A>G
    6.0i           42528223:SNP.GA   32 (100)   -1426:C>T
  CYP2D6.39
    6.9e           42522612:SNP.CG  359 (100) F 4180:G>C
    6.3e           42525131:SNP.CG  331 (100)   1661:G>C
  CYP2D6.4AW
    6.ins          42522391:SNP.GA  395 (100)   4401:C>T
    6.9e           42522612:SNP.CG  359 (100) F 4180:G>C
    6.7i           42523210:SNP.TC  927 (100)   3582:A>G
    6.7i           42523408:SNP.TG 1609 (100)   3384:A>C
    6.4i           42524695:SNP.TC  487 ( 69)   2097:A>G
    6.3i           42524946:SNP.CT  344 ( 74) F 1846:G>A
    6.3e           42525131:SNP.CG  331 (100)   1661:G>C
    6.2e           42525797:SNP.GC  181 (100)   997:C>G
    6.2e           42525810:SNP.TC  161 (100) F 984:A>G
    6.2e           42525820:SNP.GT  139 ( 97) F 974:C>A
    6.1i           42525951:SNP.AC  524 ( 77)   843:T>G
    6.1i           42526048:SNP.GC  685 ( 75)   746:C>G
    6.1i           42526483:SNP.CA  998 (100)   310:G>T
    6.1e           42526693:SNP.GA  669 (100) F 100:C>T
    6.0i           42527792:SNP.CT  854 (100)   -1000:G>A
    6.0i           42528027:SNP.TC  117 (100)   -1235:A>G
  CYP2D6.4N
    6.ins          42522391:SNP.GA  395 (100)   4401:C>T
    6.7i           42523210:SNP.TC  927 (100)   3582:A>G
    6.7i           42523408:SNP.TG 1609 (100)   3384:A>C
    6.4i           42524695:SNP.TC  487 ( 69)   2097:A>G
    6.3i           42524946:SNP.CT  344 ( 74) F 1846:G>A
    6.3e           42525131:SNP.CG  331 (100)   1661:G>C
    6.2e           42525797:SNP.GC  181 (100)   997:C>G
    6.2e           42525810:SNP.TC  161 (100) F 984:A>G
    6.2e           42525820:SNP.GT  139 ( 97) F 974:C>A
    6.1i           42525951:SNP.AC  524 ( 77)   843:T>G
    6.1i           42526048:SNP.GC  685 ( 75)   746:C>G
    6.1i           42526483:SNP.CA  998 (100)   310:G>T
    6.1e           42526693:SNP.GA  669 (100) F 100:C>T
    6.0i           42527792:SNP.CT  854 (100)   -1000:G>A
    6.0i           42528027:SNP.TC  117 (100)   -1235:A>G
    6.0i           42528223:SNP.GA   32 (100)   -1426:C>T
  CYP2D6.4M
    6.ins          42522391:SNP.GA  395 (100)   4401:C>T
    6.7i           42523210:SNP.TC  927 (100)   3582:A>G
    6.7i           42523408:SNP.TG 1609 (100)   3384:A>C
    6.4i           42524695:SNP.TC  487 ( 69)   2097:A>G
    6.3i           42524946:SNP.CT  344 ( 74) F 1846:G>A
    6.3e           42525131:SNP.CG  331 (100)   1661:G>C
    6.2e           42525797:SNP.GC  181 (100)   997:C>G
    6.2e           42525810:SNP.TC  161 (100) F 984:A>G
    6.2e           42525820:SNP.GT  139 ( 97) F 974:C>A
    6.1i           42525951:SNP.AC  524 ( 77)   843:T>G
    6.1i           42526048:SNP.GC  685 ( 75)   746:C>G
    6.0i           42528027:SNP.TC  117 (100)   -1235:A>G
  CYP2D6.4J
    6.3i           42524946:SNP.CT  344 ( 74) F 1846:G>A
    6.3e           42525131:SNP.CG  331 (100)   1661:G>C
    6.2e           42525797:SNP.GC  181 (100)   997:C>G
    6.2e           42525810:SNP.TC  161 (100) F 984:A>G
    6.2e           42525820:SNP.GT  139 ( 97) F 974:C>A
    6.1e           42526693:SNP.GA  669 (100) F 100:C>T
  CYP2D6.4D
    6.9e           42522612:SNP.CG  359 (100) F 4180:G>C
    6.3i           42524946:SNP.CT  344 ( 74) F 1846:G>A
    6.3e           42525131:SNP.CG  331 (100)   1661:G>C
    6.2e           42525755:SNP.GA    0 (  0)   1039:C>T
    6.1e           42526693:SNP.GA  669 (100) F 100:C>T
  CYP2D6.4LW
    6.ins          42522391:SNP.GA  395 (100)   4401:C>T
    6.9e           42522612:SNP.CG  359 (100) F 4180:G>C
    6.7i           42523210:SNP.TC  927 (100)   3582:A>G
    6.7i           42523408:SNP.TG 1609 (100)   3384:A>C
    6.4i           42524695:SNP.TC  487 ( 69)   2097:A>G
    6.3i           42524946:SNP.CT  344 ( 74) F 1846:G>A
    6.3e           42525131:SNP.CG  331 (100)   1661:G>C
    6.2e           42525797:SNP.GC  181 (100)   997:C>G
    6.1i           42525951:SNP.AC  524 ( 77)   843:T>G
    6.1i           42526048:SNP.GC  685 ( 75)   746:C>G
    6.1i           42526483:SNP.CA  998 (100)   310:G>T
    6.1e           42526693:SNP.GA  669 (100) F 100:C>T
    6.0i           42527792:SNP.CT  854 (100)   -1000:G>A
    6.0i           42528027:SNP.TC  117 (100)   -1235:A>G
  CYP2D6.4B
    6.9e           42522612:SNP.CG  359 (100) F 4180:G>C
    6.3i           42524946:SNP.CT  344 ( 74) F 1846:G>A
    6.2e           42525797:SNP.GC  181 (100)   997:C>G
    6.2e           42525810:SNP.TC  161 (100) F 984:A>G
    6.2e           42525820:SNP.GT  139 ( 97) F 974:C>A
    6.1e           42526693:SNP.GA  669 (100) F 100:C>T
  CYP2D6.4A
    6.9e           42522612:SNP.CG  359 (100) F 4180:G>C
    6.3i           42524946:SNP.CT  344 ( 74) F 1846:G>A
    6.3e           42525131:SNP.CG  331 (100)   1661:G>C
    6.2e           42525797:SNP.GC  181 (100)   997:C>G
    6.2e           42525810:SNP.TC  161 (100) F 984:A>G
    6.2e           42525820:SNP.GT  139 ( 97) F 974:C>A
    6.1e           42526693:SNP.GA  669 (100) F 100:C>T
  CYP2D6.4BW
    6.ins          42522391:SNP.GA  395 (100)   4401:C>T
    6.9e           42522612:SNP.CG  359 (100) F 4180:G>C
    6.7i           42523210:SNP.TC  927 (100)   3582:A>G
    6.7i           42523408:SNP.TG 1609 (100)   3384:A>C
    6.4i           42524695:SNP.TC  487 ( 69)   2097:A>G
    6.3i           42524946:SNP.CT  344 ( 74) F 1846:G>A
    6.2e           42525797:SNP.GC  181 (100)   997:C>G
    6.2e           42525810:SNP.TC  161 (100) F 984:A>G
    6.2e           42525820:SNP.GT  139 ( 97) F 974:C>A
    6.1i           42525951:SNP.AC  524 ( 77)   843:T>G
    6.1i           42526048:SNP.GC  685 ( 75)   746:C>G
    6.1i           42526483:SNP.CA  998 (100)   310:G>T
    6.1e           42526693:SNP.GA  669 (100) F 100:C>T
    6.0i           42527792:SNP.CT  854 (100)   -1000:G>A
    6.0i           42528027:SNP.TC  117 (100)   -1235:A>G
  CYP2D6.4JW
    6.ins          42522391:SNP.GA  395 (100)   4401:C>T
    6.7i           42523210:SNP.TC  927 (100)   3582:A>G
    6.7i           42523408:SNP.TG 1609 (100)   3384:A>C
    6.4i           42524695:SNP.TC  487 ( 69)   2097:A>G
    6.3i           42524946:SNP.CT  344 ( 74) F 1846:G>A
    6.3e           42525131:SNP.CG  331 (100)   1661:G>C
    6.2e           42525797:SNP.GC  181 (100)   997:C>G
    6.2e           42525810:SNP.TC  161 (100) F 984:A>G
    6.2e           42525820:SNP.GT  139 ( 97) F 974:C>A
    6.1i           42525951:SNP.AC  524 ( 77)   843:T>G
    6.1i           42526048:SNP.GC  685 ( 75)   746:C>G
    6.1i           42526483:SNP.CA  998 (100)   310:G>T
    6.1e           42526693:SNP.GA  669 (100) F 100:C>T
    6.0i           42527792:SNP.CT  854 (100)   -1000:G>A
    6.0i           42528027:SNP.TC  117 (100)   -1235:A>G
  CYP2D6.4L
    6.9e           42522612:SNP.CG  359 (100) F 4180:G>C
    6.3i           42524946:SNP.CT  344 ( 74) F 1846:G>A
    6.3e           42525131:SNP.CG  331 (100)   1661:G>C
    6.2e           42525797:SNP.GC  181 (100)   997:C>G
    6.1e           42526693:SNP.GA  669 (100) F 100:C>T
  CYP2D6.4EW
    6.ins          42522391:SNP.GA  395 (100)   4401:C>T
    6.9e           42522612:SNP.CG  359 (100) F 4180:G>C
    6.7i           42523210:SNP.TC  927 (100)   3582:A>G
    6.7i           42523408:SNP.TG 1609 (100)   3384:A>C
    6.4i           42524695:SNP.TC  487 ( 69)   2097:A>G
    6.3i           42524946:SNP.CT  344 ( 74) F 1846:G>A
    6.3e           42525131:SNP.CG  331 (100)   1661:G>C
    6.2e           42525797:SNP.GC  181 (100)   997:C>G
    6.1i           42525951:SNP.AC  524 ( 77)   843:T>G
    6.1i           42526048:SNP.GC  685 ( 75)   746:C>G
    6.1i           42526483:SNP.CA  998 (100)   310:G>T
    6.1e           42526693:SNP.GA  669 (100) F 100:C>T
    6.0i           42527792:SNP.CT  854 (100)   -1000:G>A
    6.0i           42528027:SNP.TC  117 (100)   -1235:A>G
  CYP2D6.4E
    6.9e           42522612:SNP.CG  359 (100) F 4180:G>C
    6.3i           42524946:SNP.CT  344 ( 74) F 1846:G>A
    6.3e           42525131:SNP.CG  331 (100)   1661:G>C
    6.1e           42526693:SNP.GA  669 (100) F 100:C>T
  CYP2D6.4DW
    6.ins          42522391:SNP.GA  395 (100)   4401:C>T
    6.9e           42522612:SNP.CG  359 (100) F 4180:G>C
    6.7i           42523210:SNP.TC  927 (100)   3582:A>G
    6.7i           42523408:SNP.TG 1609 (100)   3384:A>C
    6.4i           42524695:SNP.TC  487 ( 69)   2097:A>G
    6.3i           42524946:SNP.CT  344 ( 74) F 1846:G>A
    6.3e           42525131:SNP.CG  331 (100)   1661:G>C
    6.2e           42525755:SNP.GA    0 (  0)   1039:C>T
    6.2e           42525797:SNP.GC  181 (100)   997:C>G
    6.1i           42525951:SNP.AC  524 ( 77)   843:T>G
    6.1i           42526048:SNP.GC  685 ( 75)   746:C>G
    6.1i           42526483:SNP.CA  998 (100)   310:G>T
    6.1e           42526693:SNP.GA  669 (100) F 100:C>T
    6.0i           42527792:SNP.CT  854 (100)   -1000:G>A
    6.0i           42528027:SNP.TC  117 (100)   -1235:A>G
  CYP2D6.5
  CYP2D6.61
  CYP2D6.67$1
  CYP2D6.68
    6.1e           42526693:SNP.GA  669 (100) F 100:C>T
    6.0i           42527792:SNP.CT  854 (100)   -1000:G>A
    6.0i           42528027:SNP.TC  117 (100)   -1235:A>G
    6.0i           42528223:SNP.GA   32 (100)   -1426:C>T
  CYP2D6.74
    6.7i           42523183:SNP.CA    0 (  0)   3609:G>T
    6.2e           42525820:SNP.GT  139 ( 97) F 974:C>A
  CYP2D6.76$1
  CYP2D6.77$1
  CYP2D6.78$1
  CYP2D6.79$1
  CYP2D6.80$1
  CYP2D6.83
    6.1i           42525951:SNP.AC  524 ( 77)   843:T>G
== Copy Number Estimator ==
CNV factor: 1.68494794185 (0.593490145995)
Coverage per region
  region:  2D6  2D7
  0i   :  2.23  1.94 
  1e   :  1.89  2.08 = -0.19
  1i   :  1.95  2.02 = -0.07
  2e   :  0.92  2.85 = -1.93
  2i   :  1.06  3.07 = -2.01
  3e   :  1.18  2.76 = -1.58
  3i   :  1.12  3.31 
  4e   :  1.05  3.81 
  4i   :  1.01  3.60 
  5e   :  1.04  3.32 = -2.28
  5i   :  1.15  3.23 = -2.08
  6e   :  1.07  3.18 = -2.12
  6i   :  1.13  2.95 = -1.82
  7e   :  2.05  2.30 
  7i   :  2.40  1.80 
  8e   :  2.95  1.68 
  8i   :  2.19  2.13 
  9e   :  1.31  2.72 = -1.41
  ins  :  1.20  2.58 
  pce  :  0.00  3.16 = -3.16
  rep  :  1.97  2.14 
Max. CN = 4
M  Sentinel contraint for 61: A_61^ <= A_61
M  Sentinel contraint for 67: A_67^ <= A_67
M  Sentinel contraint for 68: A_68^ <= A_68
M  Sentinel contraint for 80: A_80^ <= A_80
M  Sentinel contraint for 1: A_1^ <= A_1
M  Sentinel contraint for 5: A_5^ <= A_5
M  Sentinel contraint for 77: A_77^ <= A_77
M  Sentinel contraint for 76: A_76^ <= A_76
M  Sentinel contraint for 79: A_79^ <= A_79
M  Sentinel contraint for 78: A_78^ <= A_78
M  Sentinel contraint for 13: A_13^ <= A_13
M  Sentinel contraint for 16: A_16^ <= A_16
M  Sentinel contraint for 36: A_36^ <= A_36
M  Sentinel contraint for 36: A_36_2 <= A_36
M  Sentinel contraint for 36: A_36_3 <= A_36_2
M  Sentinel contraint for 36: A_36_4 <= A_36_3
M  Sentinel contraint for 1: A_1_3 <= A_1_2
M  Sentinel contraint for 1: A_1_4 <= A_1_3
M  Sentinel contraint for 68: A_68_2 <= A_68
M  Sentinel contraint for 68: A_68_3 <= A_68_2
M  Sentinel contraint for 68: A_68_4 <= A_68_3
M  Contraint for 6e: -2.11643777549 == E_6e + <gurobi.LinExpr: 0.0 A5^ + -1.0 A5^ + A78^ + -0.0 A78^ + A1^ + -1.0 A1^ + A61 + -1.0 A61 + 0.0 A68^ + -2.0 A68^ + A1_3 + -0.0 A1_3 + A80^ + -0.0 A80^ + A67 + -0.0 A67 + 0.0 A68 + -2.0 A68 + A80 + -0.0 A80 + A67^ + -0.0 A67^ + A61^ + -1.0 A61^ + 0.0 A77^ + -1.0 A77^ + A1 + -1.0 A1 + 0.0 A16^ + -1.0 A16^ + 0.0 A5 + -1.0 A5 + A36_2 + -0.0 A36_2 + A36_3 + -0.0 A36_3 + 0.0 A68_4 + -1.0 A68_4 + 0.0 A68_3 + -1.0 A68_3 + 0.0 A68_2 + -1.0 A68_2 + A36_4 + -0.0 A36_4 + A79^ + -0.0 A79^ + 0.0 A77 + -1.0 A77 + 0.0 A76 + -1.0 A76 + A79 + -0.0 A79 + A78 + -0.0 A78 + A36^ + -1.0 A36^ + A13 + -0.0 A13 + 0.0 A76^ + -1.0 A76^ + 0.0 A16 + -1.0 A16 + A36 + -1.0 A36 + A1_4 + -0.0 A1_4 + A13^ + -0.0 A13^ + A1_2 + -0.0 A1_2>
M  Contraint for 5e: -2.28244795212 == E_5e + <gurobi.LinExpr: 0.0 A5^ + -1.0 A5^ + A78^ + -0.0 A78^ + A1^ + -1.0 A1^ + A61 + -1.0 A61 + 0.0 A68^ + -2.0 A68^ + A1_3 + -0.0 A1_3 + A80^ + -0.0 A80^ + 0.5 A67 + -0.5 A67 + 0.0 A68 + -2.0 A68 + A80 + -0.0 A80 + 0.5 A67^ + -0.5 A67^ + A61^ + -1.0 A61^ + 0.0 A77^ + -1.0 A77^ + A1 + -1.0 A1 + 0.0 A16^ + -1.0 A16^ + 0.0 A5 + -1.0 A5 + A36_2 + -0.0 A36_2 + A36_3 + -0.0 A36_3 + 0.0 A68_4 + -1.0 A68_4 + 0.0 A68_3 + -1.0 A68_3 + 0.0 A68_2 + -1.0 A68_2 + A36_4 + -0.0 A36_4 + A79^ + -0.0 A79^ + 0.0 A77 + -1.0 A77 + 0.0 A76 + -1.0 A76 + A79 + -0.0 A79 + A78 + -0.0 A78 + A36^ + -1.0 A36^ + A13 + -0.0 A13 + 0.0 A76^ + -1.0 A76^ + 0.0 A16 + -1.0 A16 + A36 + -1.0 A36 + A1_4 + -0.0 A1_4 + A13^ + -0.0 A13^ + A1_2 + -0.0 A1_2>
M  Contraint for 6i: -1.82113818995 == E_6i + <gurobi.LinExpr: 0.0 A5^ + -1.0 A5^ + A78^ + -0.0 A78^ + A1^ + -1.0 A1^ + A61 + -1.0 A61 + 0.0 A68^ + -2.0 A68^ + A1_3 + -0.0 A1_3 + A80^ + -0.0 A80^ + A67 + -0.0 A67 + 0.0 A68 + -2.0 A68 + A80 + -0.0 A80 + A67^ + -0.0 A67^ + A61^ + -1.0 A61^ + 0.0 A77^ + -1.0 A77^ + A1 + -1.0 A1 + 0.0 A16^ + -1.0 A16^ + 0.0 A5 + -1.0 A5 + A36_2 + -0.0 A36_2 + A36_3 + -0.0 A36_3 + 0.0 A68_4 + -1.0 A68_4 + 0.0 A68_3 + -1.0 A68_3 + 0.0 A68_2 + -1.0 A68_2 + A36_4 + -0.0 A36_4 + A79^ + -0.0 A79^ + 0.0 A77 + -1.0 A77 + 0.0 A76 + -1.0 A76 + A79 + -0.0 A79 + A78 + -0.0 A78 + A36^ + -1.0 A36^ + A13 + -0.0 A13 + 0.0 A76^ + -1.0 A76^ + 0.0 A16 + -1.0 A16 + A36 + -1.0 A36 + A1_4 + -0.0 A1_4 + A13^ + -0.0 A13^ + A1_2 + -0.0 A1_2>
M  Contraint for 9e: -1.40519513243 == E_9e + <gurobi.LinExpr: 0.0 A5^ + -1.0 A5^ + A78^ + -0.0 A78^ + A1^ + -1.0 A1^ + 0.0 A61 + -2.0 A61 + 0.0 A68^ + -2.0 A68^ + A1_3 + -0.0 A1_3 + A80^ + -0.0 A80^ + A67 + -0.0 A67 + 0.0 A68 + -2.0 A68 + A80 + -0.0 A80 + A67^ + -0.0 A67^ + 0.0 A61^ + -2.0 A61^ + A77^ + -0.0 A77^ + A1 + -1.0 A1 + A16^ + -0.0 A16^ + 0.0 A5 + -1.0 A5 + 0.0 A36_2 + -1.0 A36_2 + 0.0 A36_3 + -1.0 A36_3 + 0.0 A68_4 + -1.0 A68_4 + 0.0 A68_3 + -1.0 A68_3 + 0.0 A68_2 + -1.0 A68_2 + 0.0 A36_4 + -1.0 A36_4 + A79^ + -0.0 A79^ + A77 + -0.0 A77 + 0.5 A76 + -0.5 A76 + A79 + -0.0 A79 + A78 + -0.0 A78 + 0.0 A36^ + -2.0 A36^ + A13 + -0.0 A13 + 0.5 A76^ + -0.5 A76^ + A16 + -0.0 A16 + 0.0 A36 + -2.0 A36 + A1_4 + -0.0 A1_4 + A13^ + -0.0 A13^ + A1_2 + -0.0 A1_2>
M  Contraint for 2e: -1.92850094037 == E_2e + <gurobi.LinExpr: 0.0 A5^ + -1.0 A5^ + 0.0 A78^ + -1.0 A78^ + A1^ + -1.0 A1^ + A61 + -1.0 A61 + 0.0 A68^ + -2.0 A68^ + A1_3 + -0.0 A1_3 + 0.0 A80^ + -1.0 A80^ + 0.0 A67 + -1.0 A67 + 0.0 A68 + -2.0 A68 + 0.0 A80 + -1.0 A80 + 0.0 A67^ + -1.0 A67^ + A61^ + -1.0 A61^ + 0.0 A77^ + -1.0 A77^ + A1 + -1.0 A1 + 0.0 A16^ + -1.0 A16^ + 0.0 A5 + -1.0 A5 + A36_2 + -0.0 A36_2 + A36_3 + -0.0 A36_3 + 0.0 A68_4 + -1.0 A68_4 + 0.0 A68_3 + -1.0 A68_3 + 0.0 A68_2 + -1.0 A68_2 + A36_4 + -0.0 A36_4 + 0.5 A79^ + -0.5 A79^ + 0.0 A77 + -1.0 A77 + 0.0 A76 + -1.0 A76 + 0.5 A79 + -0.5 A79 + 0.0 A78 + -1.0 A78 + A36^ + -1.0 A36^ + A13 + -0.0 A13 + 0.0 A76^ + -1.0 A76^ + 0.0 A16 + -1.0 A16 + A36 + -1.0 A36 + A1_4 + -0.0 A1_4 + A13^ + -0.0 A13^ + A1_2 + -0.0 A1_2>
M  Contraint for 1e: -0.190625476063 == E_1e + <gurobi.LinExpr: 0.0 A5^ + -1.0 A5^ + 0.0 A78^ + -1.0 A78^ + A1^ + -1.0 A1^ + A61 + -1.0 A61 + A68^ + -1.0 A68^ + A1_3 + -0.0 A1_3 + 0.0 A80^ + -1.0 A80^ + 0.0 A67 + -1.0 A67 + A68 + -1.0 A68 + 0.0 A80 + -1.0 A80 + 0.0 A67^ + -1.0 A67^ + A61^ + -1.0 A61^ + 0.0 A77^ + -1.0 A77^ + A1 + -1.0 A1 + 0.0 A16^ + -1.0 A16^ + 0.0 A5 + -1.0 A5 + A36_2 + -0.0 A36_2 + A36_3 + -0.0 A36_3 + A68_4 + -0.0 A68_4 + A68_3 + -0.0 A68_3 + A68_2 + -0.0 A68_2 + A36_4 + -0.0 A36_4 + 0.0 A79^ + -1.0 A79^ + 0.0 A77 + -1.0 A77 + 0.0 A76 + -1.0 A76 + 0.0 A79 + -1.0 A79 + 0.0 A78 + -1.0 A78 + A36^ + -1.0 A36^ + 0.0 A13 + -1.0 A13 + 0.0 A76^ + -1.0 A76^ + 0.0 A16 + -1.0 A16 + A36 + -1.0 A36 + A1_4 + -0.0 A1_4 + 0.0 A13^ + -1.0 A13^ + A1_2 + -0.0 A1_2>
M  Contraint for 1i: -0.0707698765905 == E_1i + <gurobi.LinExpr: 0.0 A5^ + -1.0 A5^ + 0.0 A78^ + -1.0 A78^ + A1^ + -1.0 A1^ + A61 + -1.0 A61 + 0.0 A68^ + -2.0 A68^ + A1_3 + -0.0 A1_3 + 0.0 A80^ + -1.0 A80^ + 0.0 A67 + -1.0 A67 + 0.0 A68 + -2.0 A68 + 0.0 A80 + -1.0 A80 + 0.0 A67^ + -1.0 A67^ + A61^ + -1.0 A61^ + 0.0 A77^ + -1.0 A77^ + A1 + -1.0 A1 + 0.0 A16^ + -1.0 A16^ + 0.0 A5 + -1.0 A5 + A36_2 + -0.0 A36_2 + A36_3 + -0.0 A36_3 + 0.0 A68_4 + -1.0 A68_4 + 0.0 A68_3 + -1.0 A68_3 + 0.0 A68_2 + -1.0 A68_2 + A36_4 + -0.0 A36_4 + 0.0 A79^ + -1.0 A79^ + 0.0 A77 + -1.0 A77 + 0.0 A76 + -1.0 A76 + 0.0 A79 + -1.0 A79 + 0.0 A78 + -1.0 A78 + A36^ + -1.0 A36^ + 0.5 A13 + -0.5 A13 + 0.0 A76^ + -1.0 A76^ + 0.0 A16 + -1.0 A16 + A36 + -1.0 A36 + A1_4 + -0.0 A1_4 + 0.5 A13^ + -0.5 A13^ + A1_2 + -0.0 A1_2>
M  Contraint for 5i: -2.08238179138 == E_5i + <gurobi.LinExpr: 0.0 A5^ + -1.0 A5^ + A78^ + -0.0 A78^ + A1^ + -1.0 A1^ + A61 + -1.0 A61 + 0.0 A68^ + -2.0 A68^ + A1_3 + -0.0 A1_3 + A80^ + -0.0 A80^ + A67 + -0.0 A67 + 0.0 A68 + -2.0 A68 + A80 + -0.0 A80 + A67^ + -0.0 A67^ + A61^ + -1.0 A61^ + 0.0 A77^ + -1.0 A77^ + A1 + -1.0 A1 + 0.0 A16^ + -1.0 A16^ + 0.0 A5 + -1.0 A5 + A36_2 + -0.0 A36_2 + A36_3 + -0.0 A36_3 + 0.0 A68_4 + -1.0 A68_4 + 0.0 A68_3 + -1.0 A68_3 + 0.0 A68_2 + -1.0 A68_2 + A36_4 + -0.0 A36_4 + A79^ + -0.0 A79^ + 0.0 A77 + -1.0 A77 + 0.0 A76 + -1.0 A76 + A79 + -0.0 A79 + A78 + -0.0 A78 + A36^ + -1.0 A36^ + A13 + -0.0 A13 + 0.0 A76^ + -1.0 A76^ + 0.0 A16 + -1.0 A16 + A36 + -1.0 A36 + A1_4 + -0.0 A1_4 + A13^ + -0.0 A13^ + A1_2 + -0.0 A1_2>
M  Contraint for 2i: -2.00685113362 == E_2i + <gurobi.LinExpr: 0.0 A5^ + -1.0 A5^ + 0.0 A78^ + -1.0 A78^ + A1^ + -1.0 A1^ + A61 + -1.0 A61 + 0.0 A68^ + -2.0 A68^ + A1_3 + -0.0 A1_3 + 0.5 A80^ + -0.5 A80^ + 0.0 A67 + -1.0 A67 + 0.0 A68 + -2.0 A68 + 0.5 A80 + -0.5 A80 + 0.0 A67^ + -1.0 A67^ + A61^ + -1.0 A61^ + 0.0 A77^ + -1.0 A77^ + A1 + -1.0 A1 + 0.0 A16^ + -1.0 A16^ + 0.0 A5 + -1.0 A5 + A36_2 + -0.0 A36_2 + A36_3 + -0.0 A36_3 + 0.0 A68_4 + -1.0 A68_4 + 0.0 A68_3 + -1.0 A68_3 + 0.0 A68_2 + -1.0 A68_2 + A36_4 + -0.0 A36_4 + A79^ + -0.0 A79^ + 0.0 A77 + -1.0 A77 + 0.0 A76 + -1.0 A76 + A79 + -0.0 A79 + 0.0 A78 + -1.0 A78 + A36^ + -1.0 A36^ + A13 + -0.0 A13 + 0.0 A76^ + -1.0 A76^ + 0.0 A16 + -1.0 A16 + A36 + -1.0 A36 + A1_4 + -0.0 A1_4 + A13^ + -0.0 A13^ + A1_2 + -0.0 A1_2>
M  Contraint for 3e: -1.57827912085 == E_3e + <gurobi.LinExpr: 0.0 A5^ + -1.0 A5^ + 0.0 A78^ + -1.0 A78^ + A1^ + -1.0 A1^ + A61 + -1.0 A61 + 0.0 A68^ + -2.0 A68^ + A1_3 + -0.0 A1_3 + A80^ + -0.0 A80^ + 0.0 A67 + -1.0 A67 + 0.0 A68 + -2.0 A68 + A80 + -0.0 A80 + 0.0 A67^ + -1.0 A67^ + A61^ + -1.0 A61^ + 0.0 A77^ + -1.0 A77^ + A1 + -1.0 A1 + 0.0 A16^ + -1.0 A16^ + 0.0 A5 + -1.0 A5 + A36_2 + -0.0 A36_2 + A36_3 + -0.0 A36_3 + 0.0 A68_4 + -1.0 A68_4 + 0.0 A68_3 + -1.0 A68_3 + 0.0 A68_2 + -1.0 A68_2 + A36_4 + -0.0 A36_4 + A79^ + -0.0 A79^ + 0.0 A77 + -1.0 A77 + 0.0 A76 + -1.0 A76 + A79 + -0.0 A79 + 0.0 A78 + -1.0 A78 + A36^ + -1.0 A36^ + A13 + -0.0 A13 + 0.0 A76^ + -1.0 A76^ + 0.0 A16 + -1.0 A16 + A36 + -1.0 A36 + A1_4 + -0.0 A1_4 + A13^ + -0.0 A13^ + A1_2 + -0.0 A1_2>
M  Contraint for pce: -3.16235285722 == E_pce + <gurobi.LinExpr: 0.0 A5^ + -1.0 A5^ + A78^ + -0.0 A78^ + 0.0 A1^ + -1.0 A1^ + 0.0 A61 + -2.0 A61 + 0.0 A68^ + -2.0 A68^ + 0.0 A1_3 + -0.0 A1_3 + A80^ + -0.0 A80^ + A67 + -0.0 A67 + 0.0 A68 + -2.0 A68 + A80 + -0.0 A80 + A67^ + -0.0 A67^ + 0.0 A61^ + -2.0 A61^ + A77^ + -0.0 A77^ + 0.0 A1 + -1.0 A1 + A16^ + -0.0 A16^ + 0.0 A5 + -1.0 A5 + 0.0 A36_2 + -1.0 A36_2 + 0.0 A36_3 + -1.0 A36_3 + 0.0 A68_4 + -1.0 A68_4 + 0.0 A68_3 + -1.0 A68_3 + 0.0 A68_2 + -1.0 A68_2 + 0.0 A36_4 + -1.0 A36_4 + A79^ + -0.0 A79^ + A77 + -0.0 A77 + A76 + -0.0 A76 + A79 + -0.0 A79 + A78 + -0.0 A78 + 0.0 A36^ + -2.0 A36^ + A13 + -0.0 A13 + A76^ + -0.0 A76^ + A16 + -0.0 A16 + 0.0 A36 + -2.0 A36 + 0.0 A1_4 + -0.0 A1_4 + A13^ + -0.0 A13^ + 0.0 A1_2 + -0.0 A1_2>
M  Objective: <gurobi.LinExpr: C46 + C47 + C48 + C49 + C50 + C51 + C52 + C53 + C54 + C55 + 1.5 C56 + 0.5 A5^ + 0.5 A78^ + 0.5 A1^ + 0.5 A61 + 0.5 A68^ + 0.5 A1_3 + 0.5 A80^ + 0.5 A67 + 0.5 A68 + 0.5 A80 + 0.5 A67^ + 0.5 A61^ + 0.5 A77^ + 0.5 A1 + 0.5 A16^ + 0.5 A5 + 0.5 A36_2 + 0.5 A36_3 + 0.5 A68_4 + 0.5 A68_3 + 0.5 A68_2 + 0.5 A36_4 + 0.5 A79^ + 0.5 A77 + 0.5 A76 + 0.5 A79 + 0.5 A78 + 0.5 A36^ + 0.5 A13 + 0.5 A76^ + 0.5 A16 + 0.5 A36 + 0.5 A1_4 + 0.5 A13^ + 0.5 A1_2 + 0.1 A78^ + 0.1 A80^ + 0.1 A67 + 0.1 A80 + 0.1 A67^ + 0.1 A77^ + 0.1 A16^ + 0.1 A79^ + 0.1 A77 + 0.1 A76 + 0.1 A79 + 0.1 A78 + 0.1 A13 + 0.1 A76^ + 0.1 A16 + 0.1 A13^>
CN Solver status: optimal, opt: 5.1183901543
  Solutions:
    ('1', '68')
== Initial Solver ==
Solving Counter({'1': 1, '68': 1})
Possible candidates:
  CYP2D6.1
  CYP2D6.10A
    6.1e 42526693:SNP.GA  669 ( 99) F 100:C>T
    6.9e 42522612:SNP.CG  359 ( 99) F 4180:G>C
  CYP2D6.39
    6.9e 42522612:SNP.CG  359 ( 99) F 4180:G>C
  CYP2D6.4J
    6.3i 42524946:SNP.CT  344 ( 74) F 1846:G>A
    6.2e 42525820:SNP.GT  139 ( 97) F 974:C>A
    6.1e 42526693:SNP.GA  669 ( 99) F 100:C>T
    6.2e 42525810:SNP.TC  161 ( 99) F 984:A>G
  CYP2D6.4D
    6.3i 42524946:SNP.CT  344 ( 74) F 1846:G>A
    6.1e 42526693:SNP.GA  669 ( 99) F 100:C>T
    6.9e 42522612:SNP.CG  359 ( 99) F 4180:G>C
  CYP2D6.4M
    6.3i 42524946:SNP.CT  344 ( 74) F 1846:G>A
    6.2e 42525820:SNP.GT  139 ( 97) F 974:C>A
    6.2e 42525810:SNP.TC  161 ( 99) F 984:A>G
  CYP2D6.4A
    6.3i 42524946:SNP.CT  344 ( 74) F 1846:G>A
    6.2e 42525820:SNP.GT  139 ( 97) F 974:C>A
    6.1e 42526693:SNP.GA  669 ( 99) F 100:C>T
    6.2e 42525810:SNP.TC  161 ( 99) F 984:A>G
    6.9e 42522612:SNP.CG  359 ( 99) F 4180:G>C
  CYP2D6.68
    6.1e 42526693:SNP.GA  669 ( 99) F 100:C>T
  CYP2D6.74
    6.2e 42525820:SNP.GT  139 ( 97) F 974:C>A
M  Max. CN for 39 = 2
M  Max. CN for 10A = 2
M  Max. CN for 1 = 2
M  Max. CN for 74 = 2
M  Max. CN for 4J = 2
M  Max. CN for 68 = 2
M  Max. CN for 4D = 2
M  Max. CN for 4M = 2
M  Max. CN for 4A = 2
M  Contraint for 42524946:REF 6.3i: 123 == <gurobi.QuadExpr: 467.0 4J_2 + 467.0 39 + 467.0 39_2 + 467.0 4M_2 + 467.0 10A + 467.0 10A_2 + 467.0 4A_2 + 467.0 1 + 467.0 74_2 + 467.0 74 + 467.0 4J + 467.0 1_2 + 467.0 4D + 467.0 4D_2 + 467.0 4M + 467.0 4A + [ -467.0 REG_4J_2_42524946:SNP.CT * 4J_2 + -467.0 REG_4M_2_42524946:SNP.CT * 4M_2 + -467.0 REG_4A_2_42524946:SNP.CT * 4A_2 + -467.0 REG_4J_42524946:SNP.CT * 4J + -467.0 REG_4D_42524946:SNP.CT * 4D + -467.0 REG_4D_2_42524946:SNP.CT * 4D_2 + -467.0 REG_4M_42524946:SNP.CT * 4M + -467.0 REG_4A_42524946:SNP.CT * 4A ]> + err
M  Contraint for 42524946:SNP.CT 6.3i: 344 == <gurobi.QuadExpr: 0.0 + [ 467.0 REG_4J_2_42524946:SNP.CT * 4J_2 + 467.0 REG_4M_2_42524946:SNP.CT * 4M_2 + 467.0 REG_4A_2_42524946:SNP.CT * 4A_2 + 467.0 REG_4J_42524946:SNP.CT * 4J + 467.0 REG_4D_42524946:SNP.CT * 4D + 467.0 REG_4D_2_42524946:SNP.CT * 4D_2 + 467.0 REG_4M_42524946:SNP.CT * 4M + 467.0 REG_4A_42524946:SNP.CT * 4A ]> + err
M  Contraint for 42525820:REF 6.2e: 4 == <gurobi.QuadExpr: 143.0 4J_2 + 143.0 39 + 143.0 39_2 + 143.0 4M_2 + 143.0 10A + 143.0 10A_2 + 143.0 4A_2 + 143.0 1 + 143.0 74_2 + 143.0 74 + 143.0 4J + 143.0 1_2 + 143.0 4D + 143.0 4D_2 + 143.0 4M + 143.0 4A + [ -143.0 REG_4J_2_42525820:SNP.GT * 4J_2 + -143.0 REG_4M_2_42525820:SNP.GT * 4M_2 + -143.0 REG_4A_2_42525820:SNP.GT * 4A_2 + -143.0 REG_74_2_42525820:SNP.GT * 74_2 + -143.0 REG_74_42525820:SNP.GT * 74 + -143.0 REG_4J_42525820:SNP.GT * 4J + -143.0 REG_4M_42525820:SNP.GT * 4M + -143.0 REG_4A_42525820:SNP.GT * 4A ]> + err
M  Contraint for 42525810:SNP.TC 6.2e: 161 == <gurobi.QuadExpr: 0.0 + [ 163.0 REG_4J_2_42525810:SNP.TC * 4J_2 + 163.0 REG_4M_2_42525810:SNP.TC * 4M_2 + 163.0 REG_4A_2_42525810:SNP.TC * 4A_2 + 163.0 REG_4J_42525810:SNP.TC * 4J + 163.0 REG_4M_42525810:SNP.TC * 4M + 163.0 REG_4A_42525810:SNP.TC * 4A ]> + err
M  Contraint for 42522612:REF 6.9e: 3 == <gurobi.QuadExpr: 362.0 4J_2 + 362.0 39 + 362.0 39_2 + 362.0 4M_2 + 362.0 10A + 362.0 10A_2 + 362.0 4A_2 + 362.0 1 + 362.0 74_2 + 362.0 74 + 362.0 4J + 362.0 1_2 + 362.0 4D + 362.0 4D_2 + 362.0 4M + 362.0 4A + [ -362.0 REG_39_42522612:SNP.CG * 39 + -362.0 REG_39_2_42522612:SNP.CG * 39_2 + -362.0 REG_10A_42522612:SNP.CG * 10A + -362.0 REG_10A_2_42522612:SNP.CG * 10A_2 + -362.0 REG_4A_2_42522612:SNP.CG * 4A_2 + -362.0 REG_4D_42522612:SNP.CG * 4D + -362.0 REG_4D_2_42522612:SNP.CG * 4D_2 + -362.0 REG_4A_42522612:SNP.CG * 4A ]> + err
M  Contraint for 42525810:REF 6.2e: 2 == <gurobi.QuadExpr: 163.0 4J_2 + 163.0 39 + 163.0 39_2 + 163.0 4M_2 + 163.0 10A + 163.0 10A_2 + 163.0 4A_2 + 163.0 1 + 163.0 74_2 + 163.0 74 + 163.0 4J + 163.0 1_2 + 163.0 4D + 163.0 4D_2 + 163.0 4M + 163.0 4A + [ -163.0 REG_4J_2_42525810:SNP.TC * 4J_2 + -163.0 REG_4M_2_42525810:SNP.TC * 4M_2 + -163.0 REG_4A_2_42525810:SNP.TC * 4A_2 + -163.0 REG_4J_42525810:SNP.TC * 4J + -163.0 REG_4M_42525810:SNP.TC * 4M + -163.0 REG_4A_42525810:SNP.TC * 4A ]> + err
M  Contraint for 42526693:SNP.GA 6.1e: 669 == <gurobi.QuadExpr: 0.0 + [ 339.5 REG_4J_2_42526693:SNP.GA * 4J_2 + 339.5 REG_68_2_42526693:SNP.GA * 68_2 + 339.5 REG_10A_42526693:SNP.GA * 10A + 339.5 REG_10A_2_42526693:SNP.GA * 10A_2 + 339.5 REG_4A_2_42526693:SNP.GA * 4A_2 + 339.5 REG_4J_42526693:SNP.GA * 4J + 339.5 REG_68_42526693:SNP.GA * 68 + 339.5 REG_4D_42526693:SNP.GA * 4D + 339.5 REG_4D_2_42526693:SNP.GA * 4D_2 + 339.5 REG_4A_42526693:SNP.GA * 4A ]> + err
M  Contraint for 42526693:REF 6.1e: 10 == <gurobi.QuadExpr: 339.5 4J_2 + 339.5 39 + 339.5 39_2 + 339.5 68_2 + 339.5 4M_2 + 339.5 10A + 339.5 10A_2 + 339.5 4A_2 + 339.5 1 + 339.5 74_2 + 339.5 74 + 339.5 4J + 339.5 1_2 + 339.5 68 + 339.5 4D + 339.5 4D_2 + 339.5 4M + 339.5 4A + [ -339.5 REG_4J_2_42526693:SNP.GA * 4J_2 + -339.5 REG_68_2_42526693:SNP.GA * 68_2 + -339.5 REG_10A_42526693:SNP.GA * 10A + -339.5 REG_10A_2_42526693:SNP.GA * 10A_2 + -339.5 REG_4A_2_42526693:SNP.GA * 4A_2 + -339.5 REG_4J_42526693:SNP.GA * 4J + -339.5 REG_68_42526693:SNP.GA * 68 + -339.5 REG_4D_42526693:SNP.GA * 4D + -339.5 REG_4D_2_42526693:SNP.GA * 4D_2 + -339.5 REG_4A_42526693:SNP.GA * 4A ]> + err
M  Contraint for 42522612:SNP.CG 6.9e: 359 == <gurobi.QuadExpr: 0.0 + [ 362.0 REG_39_42522612:SNP.CG * 39 + 362.0 REG_39_2_42522612:SNP.CG * 39_2 + 362.0 REG_10A_42522612:SNP.CG * 10A + 362.0 REG_10A_2_42522612:SNP.CG * 10A_2 + 362.0 REG_4A_2_42522612:SNP.CG * 4A_2 + 362.0 REG_4D_42522612:SNP.CG * 4D + 362.0 REG_4D_2_42522612:SNP.CG * 4D_2 + 362.0 REG_4A_42522612:SNP.CG * 4A ]> + err
M  Contraint for 42525820:SNP.GT 6.2e: 139 == <gurobi.QuadExpr: 0.0 + [ 143.0 REG_4J_2_42525820:SNP.GT * 4J_2 + 143.0 REG_4M_2_42525820:SNP.GT * 4M_2 + 143.0 REG_4A_2_42525820:SNP.GT * 4A_2 + 143.0 REG_74_2_42525820:SNP.GT * 74_2 + 143.0 REG_74_42525820:SNP.GT * 74 + 143.0 REG_4J_42525820:SNP.GT * 4J + 143.0 REG_4M_42525820:SNP.GT * 4M + 143.0 REG_4A_42525820:SNP.GT * 4A ]> + err
M  Contraint for 4J_2 42525810:SNP.TC: <gurobi.Var 4J_2> >= <gurobi.Var REG_4J_2_42525810:SNP.TC>
M  Contraint for 4J_2 42526693:SNP.GA: <gurobi.Var 4J_2> >= <gurobi.Var REG_4J_2_42526693:SNP.GA>
M  Contraint for 4J_2 42525820:SNP.GT: <gurobi.Var 4J_2> >= <gurobi.Var REG_4J_2_42525820:SNP.GT>
M  Contraint for 4J_2 42524946:SNP.CT: <gurobi.Var 4J_2> >= <gurobi.Var REG_4J_2_42524946:SNP.CT>
M  Contraint for 39 42522612:SNP.CG: <gurobi.Var 39> >= <gurobi.Var REG_39_42522612:SNP.CG>
M  Contraint for 10A 42522612:SNP.CG: <gurobi.Var 10A> >= <gurobi.Var REG_10A_42522612:SNP.CG>
M  Contraint for 10A 42526693:SNP.GA: <gurobi.Var 10A> >= <gurobi.Var REG_10A_42526693:SNP.GA>
M  Contraint for 68_2 42526693:SNP.GA: <gurobi.Var 68_2> >= <gurobi.Var REG_68_2_42526693:SNP.GA>
M  Contraint for 74_2 42525820:SNP.GT: <gurobi.Var 74_2> >= <gurobi.Var REG_74_2_42525820:SNP.GT>
M  Contraint for 39_2 42522612:SNP.CG: <gurobi.Var 39_2> >= <gurobi.Var REG_39_2_42522612:SNP.CG>
M  Contraint for 10A_2 42522612:SNP.CG: <gurobi.Var 10A_2> >= <gurobi.Var REG_10A_2_42522612:SNP.CG>
M  Contraint for 10A_2 42526693:SNP.GA: <gurobi.Var 10A_2> >= <gurobi.Var REG_10A_2_42526693:SNP.GA>
M  Contraint for 4A_2 42525810:SNP.TC: <gurobi.Var 4A_2> >= <gurobi.Var REG_4A_2_42525810:SNP.TC>
M  Contraint for 4A_2 42526693:SNP.GA: <gurobi.Var 4A_2> >= <gurobi.Var REG_4A_2_42526693:SNP.GA>
M  Contraint for 4A_2 42522612:SNP.CG: <gurobi.Var 4A_2> >= <gurobi.Var REG_4A_2_42522612:SNP.CG>
M  Contraint for 4A_2 42525820:SNP.GT: <gurobi.Var 4A_2> >= <gurobi.Var REG_4A_2_42525820:SNP.GT>
M  Contraint for 4A_2 42524946:SNP.CT: <gurobi.Var 4A_2> >= <gurobi.Var REG_4A_2_42524946:SNP.CT>
M  Contraint for 4M_2 42525810:SNP.TC: <gurobi.Var 4M_2> >= <gurobi.Var REG_4M_2_42525810:SNP.TC>
M  Contraint for 4M_2 42525820:SNP.GT: <gurobi.Var 4M_2> >= <gurobi.Var REG_4M_2_42525820:SNP.GT>
M  Contraint for 4M_2 42524946:SNP.CT: <gurobi.Var 4M_2> >= <gurobi.Var REG_4M_2_42524946:SNP.CT>
M  Contraint for 74 42525820:SNP.GT: <gurobi.Var 74> >= <gurobi.Var REG_74_42525820:SNP.GT>
M  Contraint for 4J 42525810:SNP.TC: <gurobi.Var 4J> >= <gurobi.Var REG_4J_42525810:SNP.TC>
M  Contraint for 4J 42526693:SNP.GA: <gurobi.Var 4J> >= <gurobi.Var REG_4J_42526693:SNP.GA>
M  Contraint for 4J 42525820:SNP.GT: <gurobi.Var 4J> >= <gurobi.Var REG_4J_42525820:SNP.GT>
M  Contraint for 4J 42524946:SNP.CT: <gurobi.Var 4J> >= <gurobi.Var REG_4J_42524946:SNP.CT>
M  Contraint for 68 42526693:SNP.GA: <gurobi.Var 68> >= <gurobi.Var REG_68_42526693:SNP.GA>
M  Contraint for 4D 42526693:SNP.GA: <gurobi.Var 4D> >= <gurobi.Var REG_4D_42526693:SNP.GA>
M  Contraint for 4D 42522612:SNP.CG: <gurobi.Var 4D> >= <gurobi.Var REG_4D_42522612:SNP.CG>
M  Contraint for 4D 42524946:SNP.CT: <gurobi.Var 4D> >= <gurobi.Var REG_4D_42524946:SNP.CT>
M  Contraint for 4D_2 42526693:SNP.GA: <gurobi.Var 4D_2> >= <gurobi.Var REG_4D_2_42526693:SNP.GA>
M  Contraint for 4D_2 42522612:SNP.CG: <gurobi.Var 4D_2> >= <gurobi.Var REG_4D_2_42522612:SNP.CG>
M  Contraint for 4D_2 42524946:SNP.CT: <gurobi.Var 4D_2> >= <gurobi.Var REG_4D_2_42524946:SNP.CT>
M  Contraint for 4M 42525810:SNP.TC: <gurobi.Var 4M> >= <gurobi.Var REG_4M_42525810:SNP.TC>
M  Contraint for 4M 42525820:SNP.GT: <gurobi.Var 4M> >= <gurobi.Var REG_4M_42525820:SNP.GT>
M  Contraint for 4M 42524946:SNP.CT: <gurobi.Var 4M> >= <gurobi.Var REG_4M_42524946:SNP.CT>
M  Contraint for 4A 42525810:SNP.TC: <gurobi.Var 4A> >= <gurobi.Var REG_4A_42525810:SNP.TC>
M  Contraint for 4A 42526693:SNP.GA: <gurobi.Var 4A> >= <gurobi.Var REG_4A_42526693:SNP.GA>
M  Contraint for 4A 42522612:SNP.CG: <gurobi.Var 4A> >= <gurobi.Var REG_4A_42522612:SNP.CG>
M  Contraint for 4A 42525820:SNP.GT: <gurobi.Var 4A> >= <gurobi.Var REG_4A_42525820:SNP.GT>
M  Contraint for 4A 42524946:SNP.CT: <gurobi.Var 4A> >= <gurobi.Var REG_4A_42524946:SNP.CT>
M  CN contraint for 1: 1 == <gurobi.LinExpr: 4J_2 + 39 + 10A + 74_2 + 39_2 + 10A_2 + 4A_2 + 1 + 4M_2 + 74 + 4J + 1_2 + 4D + 4D_2 + 4M + 4A>
M  CN contraint for 68: 1 == <gurobi.LinExpr: 68_2 + 68>
M  Sentinel contraint for 39: A_39_2 <= A_39
M  Sentinel contraint for 10A: A_10A_2 <= A_10A
M  Sentinel contraint for 1: A_1_2 <= A_1
M  Sentinel contraint for 74: A_74_2 <= A_74
M  Sentinel contraint for 4J: A_4J_2 <= A_4J
M  Sentinel contraint for 68: A_68_2 <= A_68
M  Sentinel contraint for 4D: A_4D_2 <= A_4D
M  Sentinel contraint for 4M: A_4M_2 <= A_4M
M  Sentinel contraint for 4A: A_4A_2 <= A_4A
M  Objective: <gurobi.LinExpr: C103 + C104 + C105 + C106 + C107 + C108 + C109 + C110 + C111 + C112>
M  Contraint for 4J_2: A_4J_2 * (<gurobi.LinExpr: REG_4J_2_42524946:SNP.CT + REG_4J_2_42525810:SNP.TC + REG_4J_2_42525820:SNP.GT + REG_4J_2_42526693:SNP.GA> - 4) == 0
M  Contraint for 39: A_39 * (<gurobi.LinExpr: REG_39_42522612:SNP.CG> - 1) == 0
M  Contraint for 39_2: A_39_2 * (<gurobi.LinExpr: REG_39_2_42522612:SNP.CG> - 1) == 0
M  Contraint for 68_2: A_68_2 * (<gurobi.LinExpr: REG_68_2_42526693:SNP.GA> - 1) == 0
M  Contraint for 4M_2: A_4M_2 * (<gurobi.LinExpr: REG_4M_2_42524946:SNP.CT + REG_4M_2_42525810:SNP.TC + REG_4M_2_42525820:SNP.GT> - 3) == 0
M  Contraint for 10A: A_10A * (<gurobi.LinExpr: REG_10A_42522612:SNP.CG + REG_10A_42526693:SNP.GA> - 2) == 0
M  Contraint for 10A_2: A_10A_2 * (<gurobi.LinExpr: REG_10A_2_42522612:SNP.CG + REG_10A_2_42526693:SNP.GA> - 2) == 0
M  Contraint for 4A_2: A_4A_2 * (<gurobi.LinExpr: REG_4A_2_42522612:SNP.CG + REG_4A_2_42524946:SNP.CT + REG_4A_2_42525810:SNP.TC + REG_4A_2_42525820:SNP.GT + REG_4A_2_42526693:SNP.GA> - 5) == 0
M  Contraint for 74_2: A_74_2 * (<gurobi.LinExpr: REG_74_2_42525820:SNP.GT> - 1) == 0
M  Contraint for 74: A_74 * (<gurobi.LinExpr: REG_74_42525820:SNP.GT> - 1) == 0
M  Contraint for 4J: A_4J * (<gurobi.LinExpr: REG_4J_42524946:SNP.CT + REG_4J_42525810:SNP.TC + REG_4J_42525820:SNP.GT + REG_4J_42526693:SNP.GA> - 4) == 0
M  Contraint for 68: A_68 * (<gurobi.LinExpr: REG_68_42526693:SNP.GA> - 1) == 0
M  Contraint for 4D: A_4D * (<gurobi.LinExpr: REG_4D_42522612:SNP.CG + REG_4D_42524946:SNP.CT + REG_4D_42526693:SNP.GA> - 3) == 0
M  Contraint for 4D_2: A_4D_2 * (<gurobi.LinExpr: REG_4D_2_42522612:SNP.CG + REG_4D_2_42524946:SNP.CT + REG_4D_2_42526693:SNP.GA> - 3) == 0
M  Contraint for 4M: A_4M * (<gurobi.LinExpr: REG_4M_42524946:SNP.CT + REG_4M_42525810:SNP.TC + REG_4M_42525820:SNP.GT> - 3) == 0
M  Contraint for 4A: A_4A * (<gurobi.LinExpr: REG_4A_42522612:SNP.CG + REG_4A_42524946:SNP.CT + REG_4A_42525810:SNP.TC + REG_4A_42525820:SNP.GT + REG_4A_42526693:SNP.GA> - 5) == 0
M  Contraint for 42524946:SNP.CT: 1 <= <gurobi.QuadExpr: 0.0 + [ 4J_2 * REG_4J_2_42524946:SNP.CT + 4M_2 * REG_4M_2_42524946:SNP.CT + 4A_2 * REG_4A_2_42524946:SNP.CT + 4J * REG_4J_42524946:SNP.CT + 4D * REG_4D_42524946:SNP.CT + 4D_2 * REG_4D_2_42524946:SNP.CT + 4M * REG_4M_42524946:SNP.CT + 4A * REG_4A_42524946:SNP.CT ]>
M  Contraint for 42525810:SNP.TC: 1 <= <gurobi.QuadExpr: 0.0 + [ 4J_2 * REG_4J_2_42525810:SNP.TC + 4M_2 * REG_4M_2_42525810:SNP.TC + 4A_2 * REG_4A_2_42525810:SNP.TC + 4J * REG_4J_42525810:SNP.TC + 4M * REG_4M_42525810:SNP.TC + 4A * REG_4A_42525810:SNP.TC ]>
M  Contraint for 42525820:SNP.GT: 1 <= <gurobi.QuadExpr: 0.0 + [ 4J_2 * REG_4J_2_42525820:SNP.GT + 4M_2 * REG_4M_2_42525820:SNP.GT + 4A_2 * REG_4A_2_42525820:SNP.GT + 74_2 * REG_74_2_42525820:SNP.GT + 74 * REG_74_42525820:SNP.GT + 4J * REG_4J_42525820:SNP.GT + 4M * REG_4M_42525820:SNP.GT + 4A * REG_4A_42525820:SNP.GT ]>
M  Contraint for 42526693:SNP.GA: 1 <= <gurobi.QuadExpr: 0.0 + [ 4J_2 * REG_4J_2_42526693:SNP.GA + 68_2 * REG_68_2_42526693:SNP.GA + 10A * REG_10A_42526693:SNP.GA + 10A_2 * REG_10A_2_42526693:SNP.GA + 4A_2 * REG_4A_2_42526693:SNP.GA + 4J * REG_4J_42526693:SNP.GA + 68 * REG_68_42526693:SNP.GA + 4D * REG_4D_42526693:SNP.GA + 4D_2 * REG_4D_2_42526693:SNP.GA + 4A * REG_4A_42526693:SNP.GA ]>
M  Contraint for 42522612:SNP.CG: 1 <= <gurobi.QuadExpr: 0.0 + [ 39 * REG_39_42522612:SNP.CG + 39_2 * REG_39_2_42522612:SNP.CG + 10A * REG_10A_42522612:SNP.CG + 10A_2 * REG_10A_2_42522612:SNP.CG + 4A_2 * REG_4A_2_42522612:SNP.CG + 4D * REG_4D_42522612:SNP.CG + 4D_2 * REG_4D_2_42522612:SNP.CG + 4A * REG_4A_42522612:SNP.CG ]>
M  Contraint for 42522612:SNP.CG: 1 <= <gurobi.QuadExpr: 0.0 + [ 39 * REG_39_42522612:SNP.CG + 39_2 * REG_39_2_42522612:SNP.CG + 10A * REG_10A_42522612:SNP.CG + 10A_2 * REG_10A_2_42522612:SNP.CG + 4A_2 * REG_4A_2_42522612:SNP.CG + 4D * REG_4D_42522612:SNP.CG + 4D_2 * REG_4D_2_42522612:SNP.CG + 4A * REG_4A_42522612:SNP.CG ]>
M  Contraint for 42526693:SNP.GA: 1 <= <gurobi.QuadExpr: 0.0 + [ 4J_2 * REG_4J_2_42526693:SNP.GA + 68_2 * REG_68_2_42526693:SNP.GA + 10A * REG_10A_42526693:SNP.GA + 10A_2 * REG_10A_2_42526693:SNP.GA + 4A_2 * REG_4A_2_42526693:SNP.GA + 4J * REG_4J_42526693:SNP.GA + 68 * REG_68_42526693:SNP.GA + 4D * REG_4D_42526693:SNP.GA + 4D_2 * REG_4D_2_42526693:SNP.GA + 4A * REG_4A_42526693:SNP.GA ]>
M  Contraint for 42524946:SNP.CT: 1 <= <gurobi.QuadExpr: 0.0 + [ 4J_2 * REG_4J_2_42524946:SNP.CT + 4M_2 * REG_4M_2_42524946:SNP.CT + 4A_2 * REG_4A_2_42524946:SNP.CT + 4J * REG_4J_42524946:SNP.CT + 4D * REG_4D_42524946:SNP.CT + 4D_2 * REG_4D_2_42524946:SNP.CT + 4M * REG_4M_42524946:SNP.CT + 4A * REG_4A_42524946:SNP.CT ]>
M  Contraint for 42525810:SNP.TC: 1 <= <gurobi.QuadExpr: 0.0 + [ 4J_2 * REG_4J_2_42525810:SNP.TC + 4M_2 * REG_4M_2_42525810:SNP.TC + 4A_2 * REG_4A_2_42525810:SNP.TC + 4J * REG_4J_42525810:SNP.TC + 4M * REG_4M_42525810:SNP.TC + 4A * REG_4A_42525810:SNP.TC ]>
M  Contraint for 42525820:SNP.GT: 1 <= <gurobi.QuadExpr: 0.0 + [ 4J_2 * REG_4J_2_42525820:SNP.GT + 4M_2 * REG_4M_2_42525820:SNP.GT + 4A_2 * REG_4A_2_42525820:SNP.GT + 74_2 * REG_74_2_42525820:SNP.GT + 74 * REG_74_42525820:SNP.GT + 4J * REG_4J_42525820:SNP.GT + 4M * REG_4M_42525820:SNP.GT + 4A * REG_4A_42525820:SNP.GT ]>
M  Contraint for 42522612:SNP.CG: 1 <= <gurobi.QuadExpr: 0.0 + [ 39 * REG_39_42522612:SNP.CG + 39_2 * REG_39_2_42522612:SNP.CG + 10A * REG_10A_42522612:SNP.CG + 10A_2 * REG_10A_2_42522612:SNP.CG + 4A_2 * REG_4A_2_42522612:SNP.CG + 4D * REG_4D_42522612:SNP.CG + 4D_2 * REG_4D_2_42522612:SNP.CG + 4A * REG_4A_42522612:SNP.CG ]>
M  Contraint for 42526693:SNP.GA: 1 <= <gurobi.QuadExpr: 0.0 + [ 4J_2 * REG_4J_2_42526693:SNP.GA + 68_2 * REG_68_2_42526693:SNP.GA + 10A * REG_10A_42526693:SNP.GA + 10A_2 * REG_10A_2_42526693:SNP.GA + 4A_2 * REG_4A_2_42526693:SNP.GA + 4J * REG_4J_42526693:SNP.GA + 68 * REG_68_42526693:SNP.GA + 4D * REG_4D_42526693:SNP.GA + 4D_2 * REG_4D_2_42526693:SNP.GA + 4A * REG_4A_42526693:SNP.GA ]>
M  Contraint for 42522612:SNP.CG: 1 <= <gurobi.QuadExpr: 0.0 + [ 39 * REG_39_42522612:SNP.CG + 39_2 * REG_39_2_42522612:SNP.CG + 10A * REG_10A_42522612:SNP.CG + 10A_2 * REG_10A_2_42522612:SNP.CG + 4A_2 * REG_4A_2_42522612:SNP.CG + 4D * REG_4D_42522612:SNP.CG + 4D_2 * REG_4D_2_42522612:SNP.CG + 4A * REG_4A_42522612:SNP.CG ]>
M  Contraint for 42526693:SNP.GA: 1 <= <gurobi.QuadExpr: 0.0 + [ 4J_2 * REG_4J_2_42526693:SNP.GA + 68_2 * REG_68_2_42526693:SNP.GA + 10A * REG_10A_42526693:SNP.GA + 10A_2 * REG_10A_2_42526693:SNP.GA + 4A_2 * REG_4A_2_42526693:SNP.GA + 4J * REG_4J_42526693:SNP.GA + 68 * REG_68_42526693:SNP.GA + 4D * REG_4D_42526693:SNP.GA + 4D_2 * REG_4D_2_42526693:SNP.GA + 4A * REG_4A_42526693:SNP.GA ]>
M  Contraint for 42522612:SNP.CG: 1 <= <gurobi.QuadExpr: 0.0 + [ 39 * REG_39_42522612:SNP.CG + 39_2 * REG_39_2_42522612:SNP.CG + 10A * REG_10A_42522612:SNP.CG + 10A_2 * REG_10A_2_42522612:SNP.CG + 4A_2 * REG_4A_2_42522612:SNP.CG + 4D * REG_4D_42522612:SNP.CG + 4D_2 * REG_4D_2_42522612:SNP.CG + 4A * REG_4A_42522612:SNP.CG ]>
M  Contraint for 42524946:SNP.CT: 1 <= <gurobi.QuadExpr: 0.0 + [ 4J_2 * REG_4J_2_42524946:SNP.CT + 4M_2 * REG_4M_2_42524946:SNP.CT + 4A_2 * REG_4A_2_42524946:SNP.CT + 4J * REG_4J_42524946:SNP.CT + 4D * REG_4D_42524946:SNP.CT + 4D_2 * REG_4D_2_42524946:SNP.CT + 4M * REG_4M_42524946:SNP.CT + 4A * REG_4A_42524946:SNP.CT ]>
M  Contraint for 42525810:SNP.TC: 1 <= <gurobi.QuadExpr: 0.0 + [ 4J_2 * REG_4J_2_42525810:SNP.TC + 4M_2 * REG_4M_2_42525810:SNP.TC + 4A_2 * REG_4A_2_42525810:SNP.TC + 4J * REG_4J_42525810:SNP.TC + 4M * REG_4M_42525810:SNP.TC + 4A * REG_4A_42525810:SNP.TC ]>
M  Contraint for 42525820:SNP.GT: 1 <= <gurobi.QuadExpr: 0.0 + [ 4J_2 * REG_4J_2_42525820:SNP.GT + 4M_2 * REG_4M_2_42525820:SNP.GT + 4A_2 * REG_4A_2_42525820:SNP.GT + 74_2 * REG_74_2_42525820:SNP.GT + 74 * REG_74_42525820:SNP.GT + 4J * REG_4J_42525820:SNP.GT + 4M * REG_4M_42525820:SNP.GT + 4A * REG_4A_42525820:SNP.GT ]>
M  Contraint for 42526693:SNP.GA: 1 <= <gurobi.QuadExpr: 0.0 + [ 4J_2 * REG_4J_2_42526693:SNP.GA + 68_2 * REG_68_2_42526693:SNP.GA + 10A * REG_10A_42526693:SNP.GA + 10A_2 * REG_10A_2_42526693:SNP.GA + 4A_2 * REG_4A_2_42526693:SNP.GA + 4J * REG_4J_42526693:SNP.GA + 68 * REG_68_42526693:SNP.GA + 4D * REG_4D_42526693:SNP.GA + 4D_2 * REG_4D_2_42526693:SNP.GA + 4A * REG_4A_42526693:SNP.GA ]>
M  Contraint for 42525820:SNP.GT: 1 <= <gurobi.QuadExpr: 0.0 + [ 4J_2 * REG_4J_2_42525820:SNP.GT + 4M_2 * REG_4M_2_42525820:SNP.GT + 4A_2 * REG_4A_2_42525820:SNP.GT + 74_2 * REG_74_2_42525820:SNP.GT + 74 * REG_74_42525820:SNP.GT + 4J * REG_4J_42525820:SNP.GT + 4M * REG_4M_42525820:SNP.GT + 4A * REG_4A_42525820:SNP.GT ]>
M  Contraint for 42525820:SNP.GT: 1 <= <gurobi.QuadExpr: 0.0 + [ 4J_2 * REG_4J_2_42525820:SNP.GT + 4M_2 * REG_4M_2_42525820:SNP.GT + 4A_2 * REG_4A_2_42525820:SNP.GT + 74_2 * REG_74_2_42525820:SNP.GT + 74 * REG_74_42525820:SNP.GT + 4J * REG_4J_42525820:SNP.GT + 4M * REG_4M_42525820:SNP.GT + 4A * REG_4A_42525820:SNP.GT ]>
M  Contraint for 42524946:SNP.CT: 1 <= <gurobi.QuadExpr: 0.0 + [ 4J_2 * REG_4J_2_42524946:SNP.CT + 4M_2 * REG_4M_2_42524946:SNP.CT + 4A_2 * REG_4A_2_42524946:SNP.CT + 4J * REG_4J_42524946:SNP.CT + 4D * REG_4D_42524946:SNP.CT + 4D_2 * REG_4D_2_42524946:SNP.CT + 4M * REG_4M_42524946:SNP.CT + 4A * REG_4A_42524946:SNP.CT ]>
M  Contraint for 42525810:SNP.TC: 1 <= <gurobi.QuadExpr: 0.0 + [ 4J_2 * REG_4J_2_42525810:SNP.TC + 4M_2 * REG_4M_2_42525810:SNP.TC + 4A_2 * REG_4A_2_42525810:SNP.TC + 4J * REG_4J_42525810:SNP.TC + 4M * REG_4M_42525810:SNP.TC + 4A * REG_4A_42525810:SNP.TC ]>
M  Contraint for 42525820:SNP.GT: 1 <= <gurobi.QuadExpr: 0.0 + [ 4J_2 * REG_4J_2_42525820:SNP.GT + 4M_2 * REG_4M_2_42525820:SNP.GT + 4A_2 * REG_4A_2_42525820:SNP.GT + 74_2 * REG_74_2_42525820:SNP.GT + 74 * REG_74_42525820:SNP.GT + 4J * REG_4J_42525820:SNP.GT + 4M * REG_4M_42525820:SNP.GT + 4A * REG_4A_42525820:SNP.GT ]>
M  Contraint for 42526693:SNP.GA: 1 <= <gurobi.QuadExpr: 0.0 + [ 4J_2 * REG_4J_2_42526693:SNP.GA + 68_2 * REG_68_2_42526693:SNP.GA + 10A * REG_10A_42526693:SNP.GA + 10A_2 * REG_10A_2_42526693:SNP.GA + 4A_2 * REG_4A_2_42526693:SNP.GA + 4J * REG_4J_42526693:SNP.GA + 68 * REG_68_42526693:SNP.GA + 4D * REG_4D_42526693:SNP.GA + 4D_2 * REG_4D_2_42526693:SNP.GA + 4A * REG_4A_42526693:SNP.GA ]>
M  Contraint for 42526693:SNP.GA: 1 <= <gurobi.QuadExpr: 0.0 + [ 4J_2 * REG_4J_2_42526693:SNP.GA + 68_2 * REG_68_2_42526693:SNP.GA + 10A * REG_10A_42526693:SNP.GA + 10A_2 * REG_10A_2_42526693:SNP.GA + 4A_2 * REG_4A_2_42526693:SNP.GA + 4J * REG_4J_42526693:SNP.GA + 68 * REG_68_42526693:SNP.GA + 4D * REG_4D_42526693:SNP.GA + 4D_2 * REG_4D_2_42526693:SNP.GA + 4A * REG_4A_42526693:SNP.GA ]>
M  Contraint for 42522612:SNP.CG: 1 <= <gurobi.QuadExpr: 0.0 + [ 39 * REG_39_42522612:SNP.CG + 39_2 * REG_39_2_42522612:SNP.CG + 10A * REG_10A_42522612:SNP.CG + 10A_2 * REG_10A_2_42522612:SNP.CG + 4A_2 * REG_4A_2_42522612:SNP.CG + 4D * REG_4D_42522612:SNP.CG + 4D_2 * REG_4D_2_42522612:SNP.CG + 4A * REG_4A_42522612:SNP.CG ]>
M  Contraint for 42524946:SNP.CT: 1 <= <gurobi.QuadExpr: 0.0 + [ 4J_2 * REG_4J_2_42524946:SNP.CT + 4M_2 * REG_4M_2_42524946:SNP.CT + 4A_2 * REG_4A_2_42524946:SNP.CT + 4J * REG_4J_42524946:SNP.CT + 4D * REG_4D_42524946:SNP.CT + 4D_2 * REG_4D_2_42524946:SNP.CT + 4M * REG_4M_42524946:SNP.CT + 4A * REG_4A_42524946:SNP.CT ]>
M  Contraint for 42526693:SNP.GA: 1 <= <gurobi.QuadExpr: 0.0 + [ 4J_2 * REG_4J_2_42526693:SNP.GA + 68_2 * REG_68_2_42526693:SNP.GA + 10A * REG_10A_42526693:SNP.GA + 10A_2 * REG_10A_2_42526693:SNP.GA + 4A_2 * REG_4A_2_42526693:SNP.GA + 4J * REG_4J_42526693:SNP.GA + 68 * REG_68_42526693:SNP.GA + 4D * REG_4D_42526693:SNP.GA + 4D_2 * REG_4D_2_42526693:SNP.GA + 4A * REG_4A_42526693:SNP.GA ]>
M  Contraint for 42522612:SNP.CG: 1 <= <gurobi.QuadExpr: 0.0 + [ 39 * REG_39_42522612:SNP.CG + 39_2 * REG_39_2_42522612:SNP.CG + 10A * REG_10A_42522612:SNP.CG + 10A_2 * REG_10A_2_42522612:SNP.CG + 4A_2 * REG_4A_2_42522612:SNP.CG + 4D * REG_4D_42522612:SNP.CG + 4D_2 * REG_4D_2_42522612:SNP.CG + 4A * REG_4A_42522612:SNP.CG ]>
M  Contraint for 42524946:SNP.CT: 1 <= <gurobi.QuadExpr: 0.0 + [ 4J_2 * REG_4J_2_42524946:SNP.CT + 4M_2 * REG_4M_2_42524946:SNP.CT + 4A_2 * REG_4A_2_42524946:SNP.CT + 4J * REG_4J_42524946:SNP.CT + 4D * REG_4D_42524946:SNP.CT + 4D_2 * REG_4D_2_42524946:SNP.CT + 4M * REG_4M_42524946:SNP.CT + 4A * REG_4A_42524946:SNP.CT ]>
M  Contraint for 42526693:SNP.GA: 1 <= <gurobi.QuadExpr: 0.0 + [ 4J_2 * REG_4J_2_42526693:SNP.GA + 68_2 * REG_68_2_42526693:SNP.GA + 10A * REG_10A_42526693:SNP.GA + 10A_2 * REG_10A_2_42526693:SNP.GA + 4A_2 * REG_4A_2_42526693:SNP.GA + 4J * REG_4J_42526693:SNP.GA + 68 * REG_68_42526693:SNP.GA + 4D * REG_4D_42526693:SNP.GA + 4D_2 * REG_4D_2_42526693:SNP.GA + 4A * REG_4A_42526693:SNP.GA ]>
M  Contraint for 42524946:SNP.CT: 1 <= <gurobi.QuadExpr: 0.0 + [ 4J_2 * REG_4J_2_42524946:SNP.CT + 4M_2 * REG_4M_2_42524946:SNP.CT + 4A_2 * REG_4A_2_42524946:SNP.CT + 4J * REG_4J_42524946:SNP.CT + 4D * REG_4D_42524946:SNP.CT + 4D_2 * REG_4D_2_42524946:SNP.CT + 4M * REG_4M_42524946:SNP.CT + 4A * REG_4A_42524946:SNP.CT ]>
M  Contraint for 42525810:SNP.TC: 1 <= <gurobi.QuadExpr: 0.0 + [ 4J_2 * REG_4J_2_42525810:SNP.TC + 4M_2 * REG_4M_2_42525810:SNP.TC + 4A_2 * REG_4A_2_42525810:SNP.TC + 4J * REG_4J_42525810:SNP.TC + 4M * REG_4M_42525810:SNP.TC + 4A * REG_4A_42525810:SNP.TC ]>
M  Contraint for 42525820:SNP.GT: 1 <= <gurobi.QuadExpr: 0.0 + [ 4J_2 * REG_4J_2_42525820:SNP.GT + 4M_2 * REG_4M_2_42525820:SNP.GT + 4A_2 * REG_4A_2_42525820:SNP.GT + 74_2 * REG_74_2_42525820:SNP.GT + 74 * REG_74_42525820:SNP.GT + 4J * REG_4J_42525820:SNP.GT + 4M * REG_4M_42525820:SNP.GT + 4A * REG_4A_42525820:SNP.GT ]>
M  Contraint for 42522612:SNP.CG: 1 <= <gurobi.QuadExpr: 0.0 + [ 39 * REG_39_42522612:SNP.CG + 39_2 * REG_39_2_42522612:SNP.CG + 10A * REG_10A_42522612:SNP.CG + 10A_2 * REG_10A_2_42522612:SNP.CG + 4A_2 * REG_4A_2_42522612:SNP.CG + 4D * REG_4D_42522612:SNP.CG + 4D_2 * REG_4D_2_42522612:SNP.CG + 4A * REG_4A_42522612:SNP.CG ]>
M  Contraint for 42524946:SNP.CT: 1 <= <gurobi.QuadExpr: 0.0 + [ 4J_2 * REG_4J_2_42524946:SNP.CT + 4M_2 * REG_4M_2_42524946:SNP.CT + 4A_2 * REG_4A_2_42524946:SNP.CT + 4J * REG_4J_42524946:SNP.CT + 4D * REG_4D_42524946:SNP.CT + 4D_2 * REG_4D_2_42524946:SNP.CT + 4M * REG_4M_42524946:SNP.CT + 4A * REG_4A_42524946:SNP.CT ]>
M  Contraint for 42525810:SNP.TC: 1 <= <gurobi.QuadExpr: 0.0 + [ 4J_2 * REG_4J_2_42525810:SNP.TC + 4M_2 * REG_4M_2_42525810:SNP.TC + 4A_2 * REG_4A_2_42525810:SNP.TC + 4J * REG_4J_42525810:SNP.TC + 4M * REG_4M_42525810:SNP.TC + 4A * REG_4A_42525810:SNP.TC ]>
M  Contraint for 42525820:SNP.GT: 1 <= <gurobi.QuadExpr: 0.0 + [ 4J_2 * REG_4J_2_42525820:SNP.GT + 4M_2 * REG_4M_2_42525820:SNP.GT + 4A_2 * REG_4A_2_42525820:SNP.GT + 74_2 * REG_74_2_42525820:SNP.GT + 74 * REG_74_42525820:SNP.GT + 4J * REG_4J_42525820:SNP.GT + 4M * REG_4M_42525820:SNP.GT + 4A * REG_4A_42525820:SNP.GT ]>
M  Contraint for 42526693:SNP.GA: 1 <= <gurobi.QuadExpr: 0.0 + [ 4J_2 * REG_4J_2_42526693:SNP.GA + 68_2 * REG_68_2_42526693:SNP.GA + 10A * REG_10A_42526693:SNP.GA + 10A_2 * REG_10A_2_42526693:SNP.GA + 4A_2 * REG_4A_2_42526693:SNP.GA + 4J * REG_4J_42526693:SNP.GA + 68 * REG_68_42526693:SNP.GA + 4D * REG_4D_42526693:SNP.GA + 4D_2 * REG_4D_2_42526693:SNP.GA + 4A * REG_4A_42526693:SNP.GA ]>
CN Solver status: optimal, opt: 284.0
  solution:
    ('4A', '68')
[32;01mCopy number best structures:[39;49;00m
[32;01m  (1) 1x*1-like, 1x*68-like[39;49;00m
== Refiner ==
Refining ('4A', '68')
M  CN constraint for 68: 1 == <gurobi.LinExpr: 68>
M  CN constraint for 4A: 1 == <gurobi.LinExpr: 4AW + 4B + 4BW + 4A>
M  Contraint for 42525131:SNP.CG 6.3e: 331 == <gurobi.QuadExpr: 0.0 + [ 335.0 REG_4AW_42525131:SNP.CG * 4AW + 335.0 EXT_4B_42525131:SNP.CG * 4B + 335.0 EXT_4BW_42525131:SNP.CG * 4BW + 335.0 REG_4A_42525131:SNP.CG * 4A ]> + err
M  Contraint for 42526048:SNP.GC 6.1i: 685 == <gurobi.QuadExpr: 0.0 + [ 911.0 REG_4AW_42526048:SNP.GC * 4AW + 911.0 EXT_4B_42526048:SNP.GC * 4B + 911.0 REG_4BW_42526048:SNP.GC * 4BW + 911.0 EXT_4A_42526048:SNP.GC * 4A ]> + err
M  Contraint for 42527792:SNP.CT 6.0i: 854 == <gurobi.QuadExpr: 0.0 + [ 427.5 REG_68_42527792:SNP.CT * 68 + 427.5 REG_4AW_42527792:SNP.CT * 4AW + 427.5 EXT_4B_42527792:SNP.CT * 4B + 427.5 REG_4BW_42527792:SNP.CT * 4BW + 427.5 EXT_4A_42527792:SNP.CT * 4A ]> + err
M  Contraint for 42523408:REF 6.7i: 2 == <gurobi.QuadExpr: 1611.0 4AW + 1611.0 4B + 1611.0 4BW + 1611.0 4A + [ -1611.0 REG_4AW_42523408:SNP.TG * 4AW + -1611.0 EXT_4B_42523408:SNP.TG * 4B + -1611.0 REG_4BW_42523408:SNP.TG * 4BW + -1611.0 EXT_4A_42523408:SNP.TG * 4A ]> + err
M  Contraint for 42525810:SNP.TC 6.2e: 161 == <gurobi.QuadExpr: 0.0 + [ 163.0 REG_4AW_42525810:SNP.TC * 4AW + 163.0 REG_4B_42525810:SNP.TC * 4B + 163.0 REG_4BW_42525810:SNP.TC * 4BW + 163.0 REG_4A_42525810:SNP.TC * 4A ]> + err
M  Contraint for 42525820:SNP.GT 6.2e: 139 == <gurobi.QuadExpr: 0.0 + [ 143.0 REG_4AW_42525820:SNP.GT * 4AW + 143.0 REG_4B_42525820:SNP.GT * 4B + 143.0 REG_4BW_42525820:SNP.GT * 4BW + 143.0 REG_4A_42525820:SNP.GT * 4A ]> + err
M  Contraint for 42526483:SNP.CA 6.1i: 998 == <gurobi.QuadExpr: 0.0 + [ 1000.0 REG_4AW_42526483:SNP.CA * 4AW + 1000.0 EXT_4B_42526483:SNP.CA * 4B + 1000.0 REG_4BW_42526483:SNP.CA * 4BW + 1000.0 EXT_4A_42526483:SNP.CA * 4A ]> + err
M  Contraint for 42526483:REF 6.1i: 2 == <gurobi.QuadExpr: 1000.0 4AW + 1000.0 4B + 1000.0 4BW + 1000.0 4A + [ -1000.0 REG_4AW_42526483:SNP.CA * 4AW + -1000.0 EXT_4B_42526483:SNP.CA * 4B + -1000.0 REG_4BW_42526483:SNP.CA * 4BW + -1000.0 EXT_4A_42526483:SNP.CA * 4A ]> + err
M  Contraint for 42522612:SNP.CG 6.9e: 359 == <gurobi.QuadExpr: 0.0 + [ 362.0 REG_4AW_42522612:SNP.CG * 4AW + 362.0 REG_4B_42522612:SNP.CG * 4B + 362.0 REG_4BW_42522612:SNP.CG * 4BW + 362.0 REG_4A_42522612:SNP.CG * 4A ]> + err
M  Contraint for 42523210:REF 6.7i: 3 == <gurobi.QuadExpr: 930.0 4AW + 930.0 4B + 930.0 4BW + 930.0 4A + [ -930.0 REG_4AW_42523210:SNP.TC * 4AW + -930.0 EXT_4B_42523210:SNP.TC * 4B + -930.0 REG_4BW_42523210:SNP.TC * 4BW + -930.0 EXT_4A_42523210:SNP.TC * 4A ]> + err
M  Contraint for 42528223:REF 6.0i: 0 == <gurobi.QuadExpr: 16.0 68 + 16.0 4AW + 16.0 4B + 16.0 4BW + 16.0 4A + [ -16.0 REG_68_42528223:SNP.GA * 68 + -16.0 EXT_4AW_42528223:SNP.GA * 4AW + -16.0 EXT_4B_42528223:SNP.GA * 4B + -16.0 EXT_4BW_42528223:SNP.GA * 4BW + -16.0 EXT_4A_42528223:SNP.GA * 4A ]> + err
M  Contraint for 42523210:SNP.TC 6.7i: 927 == <gurobi.QuadExpr: 0.0 + [ 930.0 REG_4AW_42523210:SNP.TC * 4AW + 930.0 EXT_4B_42523210:SNP.TC * 4B + 930.0 REG_4BW_42523210:SNP.TC * 4BW + 930.0 EXT_4A_42523210:SNP.TC * 4A ]> + err
M  Contraint for 42527792:REF 6.0i: 1 == <gurobi.QuadExpr: 427.5 68 + 427.5 4AW + 427.5 4B + 427.5 4BW + 427.5 4A + [ -427.5 REG_68_42527792:SNP.CT * 68 + -427.5 REG_4AW_42527792:SNP.CT * 4AW + -427.5 EXT_4B_42527792:SNP.CT * 4B + -427.5 REG_4BW_42527792:SNP.CT * 4BW + -427.5 EXT_4A_42527792:SNP.CT * 4A ]> + err
M  Contraint for 42528027:SNP.TC 6.0i: 117 == <gurobi.QuadExpr: 0.0 + [ 59.5 REG_68_42528027:SNP.TC * 68 + 59.5 REG_4AW_42528027:SNP.TC * 4AW + 59.5 EXT_4B_42528027:SNP.TC * 4B + 59.5 REG_4BW_42528027:SNP.TC * 4BW + 59.5 EXT_4A_42528027:SNP.TC * 4A ]> + err
M  Contraint for 42525810:REF 6.2e: 2 == <gurobi.QuadExpr: 163.0 4AW + 163.0 4B + 163.0 4BW + 163.0 4A + [ -163.0 REG_4AW_42525810:SNP.TC * 4AW + -163.0 REG_4B_42525810:SNP.TC * 4B + -163.0 REG_4BW_42525810:SNP.TC * 4BW + -163.0 REG_4A_42525810:SNP.TC * 4A ]> + err
M  Contraint for 42526693:SNP.GA 6.1e: 669 == <gurobi.QuadExpr: 0.0 + [ 339.5 REG_68_42526693:SNP.GA * 68 + 339.5 REG_4AW_42526693:SNP.GA * 4AW + 339.5 REG_4B_42526693:SNP.GA * 4B + 339.5 REG_4BW_42526693:SNP.GA * 4BW + 339.5 REG_4A_42526693:SNP.GA * 4A ]> + err
M  Contraint for 42525797:REF 6.2e: 2 == <gurobi.QuadExpr: 183.0 4AW + 183.0 4B + 183.0 4BW + 183.0 4A + [ -183.0 REG_4AW_42525797:SNP.GC * 4AW + -183.0 REG_4B_42525797:SNP.GC * 4B + -183.0 REG_4BW_42525797:SNP.GC * 4BW + -183.0 REG_4A_42525797:SNP.GC * 4A ]> + err
M  Contraint for 42528027:REF 6.0i: 2 == <gurobi.QuadExpr: 59.5 68 + 59.5 4AW + 59.5 4B + 59.5 4BW + 59.5 4A + [ -59.5 REG_68_42528027:SNP.TC * 68 + -59.5 REG_4AW_42528027:SNP.TC * 4AW + -59.5 EXT_4B_42528027:SNP.TC * 4B + -59.5 REG_4BW_42528027:SNP.TC * 4BW + -59.5 EXT_4A_42528027:SNP.TC * 4A ]> + err
M  Contraint for 42525951:REF 6.1i: 159 == <gurobi.QuadExpr: 683.0 4AW + 683.0 4B + 683.0 4BW + 683.0 4A + [ -683.0 REG_4AW_42525951:SNP.AC * 4AW + -683.0 EXT_4B_42525951:SNP.AC * 4B + -683.0 REG_4BW_42525951:SNP.AC * 4BW + -683.0 EXT_4A_42525951:SNP.AC * 4A ]> + err
M  Contraint for 42524695:SNP.TC 6.4i: 487 == <gurobi.QuadExpr: 0.0 + [ 703.0 REG_4AW_42524695:SNP.TC * 4AW + 703.0 EXT_4B_42524695:SNP.TC * 4B + 703.0 REG_4BW_42524695:SNP.TC * 4BW + 703.0 EXT_4A_42524695:SNP.TC * 4A ]> + err
M  Contraint for 42525951:SNP.AC 6.1i: 524 == <gurobi.QuadExpr: 0.0 + [ 683.0 REG_4AW_42525951:SNP.AC * 4AW + 683.0 EXT_4B_42525951:SNP.AC * 4B + 683.0 REG_4BW_42525951:SNP.AC * 4BW + 683.0 EXT_4A_42525951:SNP.AC * 4A ]> + err
M  Contraint for 42525820:REF 6.2e: 4 == <gurobi.QuadExpr: 143.0 4AW + 143.0 4B + 143.0 4BW + 143.0 4A + [ -143.0 REG_4AW_42525820:SNP.GT * 4AW + -143.0 REG_4B_42525820:SNP.GT * 4B + -143.0 REG_4BW_42525820:SNP.GT * 4BW + -143.0 REG_4A_42525820:SNP.GT * 4A ]> + err
M  Contraint for 42525131:REF 6.3e: 4 == <gurobi.QuadExpr: 335.0 4AW + 335.0 4B + 335.0 4BW + 335.0 4A + [ -335.0 REG_4AW_42525131:SNP.CG * 4AW + -335.0 EXT_4B_42525131:SNP.CG * 4B + -335.0 EXT_4BW_42525131:SNP.CG * 4BW + -335.0 REG_4A_42525131:SNP.CG * 4A ]> + err
M  Contraint for 42528223:SNP.GA 6.0i: 32 == <gurobi.QuadExpr: 0.0 + [ 16.0 REG_68_42528223:SNP.GA * 68 + 16.0 EXT_4AW_42528223:SNP.GA * 4AW + 16.0 EXT_4B_42528223:SNP.GA * 4B + 16.0 EXT_4BW_42528223:SNP.GA * 4BW + 16.0 EXT_4A_42528223:SNP.GA * 4A ]> + err
M  Contraint for 42522612:REF 6.9e: 3 == <gurobi.QuadExpr: 362.0 4AW + 362.0 4B + 362.0 4BW + 362.0 4A + [ -362.0 REG_4AW_42522612:SNP.CG * 4AW + -362.0 REG_4B_42522612:SNP.CG * 4B + -362.0 REG_4BW_42522612:SNP.CG * 4BW + -362.0 REG_4A_42522612:SNP.CG * 4A ]> + err
M  Contraint for 42524946:REF 6.3i: 123 == <gurobi.QuadExpr: 467.0 4AW + 467.0 4B + 467.0 4BW + 467.0 4A + [ -467.0 REG_4AW_42524946:SNP.CT * 4AW + -467.0 REG_4B_42524946:SNP.CT * 4B + -467.0 REG_4BW_42524946:SNP.CT * 4BW + -467.0 REG_4A_42524946:SNP.CT * 4A ]> + err
M  Contraint for 42522391:SNP.GA 6.ins: 395 == <gurobi.QuadExpr: 0.0 + [ 397.0 REG_4AW_42522391:SNP.GA * 4AW + 397.0 EXT_4B_42522391:SNP.GA * 4B + 397.0 REG_4BW_42522391:SNP.GA * 4BW + 397.0 EXT_4A_42522391:SNP.GA * 4A ]> + err
M  Contraint for 42526693:REF 6.1e: 10 == <gurobi.QuadExpr: 339.5 68 + 339.5 4AW + 339.5 4B + 339.5 4BW + 339.5 4A + [ -339.5 REG_68_42526693:SNP.GA * 68 + -339.5 REG_4AW_42526693:SNP.GA * 4AW + -339.5 REG_4B_42526693:SNP.GA * 4B + -339.5 REG_4BW_42526693:SNP.GA * 4BW + -339.5 REG_4A_42526693:SNP.GA * 4A ]> + err
M  Contraint for 42524946:SNP.CT 6.3i: 344 == <gurobi.QuadExpr: 0.0 + [ 467.0 REG_4AW_42524946:SNP.CT * 4AW + 467.0 REG_4B_42524946:SNP.CT * 4B + 467.0 REG_4BW_42524946:SNP.CT * 4BW + 467.0 REG_4A_42524946:SNP.CT * 4A ]> + err
M  Contraint for 42524695:REF 6.4i: 216 == <gurobi.QuadExpr: 703.0 4AW + 703.0 4B + 703.0 4BW + 703.0 4A + [ -703.0 REG_4AW_42524695:SNP.TC * 4AW + -703.0 EXT_4B_42524695:SNP.TC * 4B + -703.0 REG_4BW_42524695:SNP.TC * 4BW + -703.0 EXT_4A_42524695:SNP.TC * 4A ]> + err
M  Contraint for 42525797:SNP.GC 6.2e: 181 == <gurobi.QuadExpr: 0.0 + [ 183.0 REG_4AW_42525797:SNP.GC * 4AW + 183.0 REG_4B_42525797:SNP.GC * 4B + 183.0 REG_4BW_42525797:SNP.GC * 4BW + 183.0 REG_4A_42525797:SNP.GC * 4A ]> + err
M  Contraint for 42523408:SNP.TG 6.7i: 1609 == <gurobi.QuadExpr: 0.0 + [ 1611.0 REG_4AW_42523408:SNP.TG * 4AW + 1611.0 EXT_4B_42523408:SNP.TG * 4B + 1611.0 REG_4BW_42523408:SNP.TG * 4BW + 1611.0 EXT_4A_42523408:SNP.TG * 4A ]> + err
M  Contraint for 42522391:REF 6.ins: 2 == <gurobi.QuadExpr: 397.0 4AW + 397.0 4B + 397.0 4BW + 397.0 4A + [ -397.0 REG_4AW_42522391:SNP.GA * 4AW + -397.0 EXT_4B_42522391:SNP.GA * 4B + -397.0 REG_4BW_42522391:SNP.GA * 4BW + -397.0 EXT_4A_42522391:SNP.GA * 4A ]> + err
M  Contraint for 42526048:REF 6.1i: 226 == <gurobi.QuadExpr: 911.0 4AW + 911.0 4B + 911.0 4BW + 911.0 4A + [ -911.0 REG_4AW_42526048:SNP.GC * 4AW + -911.0 EXT_4B_42526048:SNP.GC * 4B + -911.0 REG_4BW_42526048:SNP.GC * 4BW + -911.0 EXT_4A_42526048:SNP.GC * 4A ]> + err
M  Contraint for MM[missing] 68 42528027:SNP.TC: <gurobi.Var 68> >= <gurobi.Var REG_68_42528027:SNP.TC>
M  Contraint for MM[missing] 68 42528223:SNP.GA: <gurobi.Var 68> >= <gurobi.Var REG_68_42528223:SNP.GA>
M  Contraint for MM[missing] 68 42527792:SNP.CT: <gurobi.Var 68> >= <gurobi.Var REG_68_42527792:SNP.CT>
M  Contraint for MM[missing] 68 42526693:SNP.GA: <gurobi.Var 68> >= <gurobi.Var REG_68_42526693:SNP.GA>
M  Contraint for MM[missing] 4AW 42525131:SNP.CG: <gurobi.Var 4AW> >= <gurobi.Var REG_4AW_42525131:SNP.CG>
M  Contraint for MM[missing] 4AW 42524695:SNP.TC: <gurobi.Var 4AW> >= <gurobi.Var REG_4AW_42524695:SNP.TC>
M  Contraint for MM[missing] 4AW 42524946:SNP.CT: <gurobi.Var 4AW> >= <gurobi.Var REG_4AW_42524946:SNP.CT>
M  Contraint for MM[missing] 4AW 42526048:SNP.GC: <gurobi.Var 4AW> >= <gurobi.Var REG_4AW_42526048:SNP.GC>
M  Contraint for MM[missing] 4AW 42525951:SNP.AC: <gurobi.Var 4AW> >= <gurobi.Var REG_4AW_42525951:SNP.AC>
M  Contraint for MM[missing] 4AW 42525797:SNP.GC: <gurobi.Var 4AW> >= <gurobi.Var REG_4AW_42525797:SNP.GC>
M  Contraint for MM[missing] 4AW 42527792:SNP.CT: <gurobi.Var 4AW> >= <gurobi.Var REG_4AW_42527792:SNP.CT>
M  Contraint for MM[missing] 4AW 42528027:SNP.TC: <gurobi.Var 4AW> >= <gurobi.Var REG_4AW_42528027:SNP.TC>
M  Contraint for MM[missing] 4AW 42525810:SNP.TC: <gurobi.Var 4AW> >= <gurobi.Var REG_4AW_42525810:SNP.TC>
M  Contraint for MM[missing] 4AW 42523408:SNP.TG: <gurobi.Var 4AW> >= <gurobi.Var REG_4AW_42523408:SNP.TG>
M  Contraint for MM[missing] 4AW 42525820:SNP.GT: <gurobi.Var 4AW> >= <gurobi.Var REG_4AW_42525820:SNP.GT>
M  Contraint for MM[missing] 4AW 42522391:SNP.GA: <gurobi.Var 4AW> >= <gurobi.Var REG_4AW_42522391:SNP.GA>
M  Contraint for MM[missing] 4AW 42526693:SNP.GA: <gurobi.Var 4AW> >= <gurobi.Var REG_4AW_42526693:SNP.GA>
M  Contraint for MM[missing] 4AW 42526483:SNP.CA: <gurobi.Var 4AW> >= <gurobi.Var REG_4AW_42526483:SNP.CA>
M  Contraint for MM[missing] 4AW 42522612:SNP.CG: <gurobi.Var 4AW> >= <gurobi.Var REG_4AW_42522612:SNP.CG>
M  Contraint for MM[missing] 4AW 42523210:SNP.TC: <gurobi.Var 4AW> >= <gurobi.Var REG_4AW_42523210:SNP.TC>
M  Contraint for MM[missing] 4B 42524946:SNP.CT: <gurobi.Var 4B> >= <gurobi.Var REG_4B_42524946:SNP.CT>
M  Contraint for MM[missing] 4B 42525797:SNP.GC: <gurobi.Var 4B> >= <gurobi.Var REG_4B_42525797:SNP.GC>
M  Contraint for MM[missing] 4B 42525810:SNP.TC: <gurobi.Var 4B> >= <gurobi.Var REG_4B_42525810:SNP.TC>
M  Contraint for MM[missing] 4B 42525820:SNP.GT: <gurobi.Var 4B> >= <gurobi.Var REG_4B_42525820:SNP.GT>
M  Contraint for MM[missing] 4B 42526693:SNP.GA: <gurobi.Var 4B> >= <gurobi.Var REG_4B_42526693:SNP.GA>
M  Contraint for MM[missing] 4B 42522612:SNP.CG: <gurobi.Var 4B> >= <gurobi.Var REG_4B_42522612:SNP.CG>
M  Contraint for MM[missing] 4BW 42524695:SNP.TC: <gurobi.Var 4BW> >= <gurobi.Var REG_4BW_42524695:SNP.TC>
M  Contraint for MM[missing] 4BW 42524946:SNP.CT: <gurobi.Var 4BW> >= <gurobi.Var REG_4BW_42524946:SNP.CT>
M  Contraint for MM[missing] 4BW 42526048:SNP.GC: <gurobi.Var 4BW> >= <gurobi.Var REG_4BW_42526048:SNP.GC>
M  Contraint for MM[missing] 4BW 42525951:SNP.AC: <gurobi.Var 4BW> >= <gurobi.Var REG_4BW_42525951:SNP.AC>
M  Contraint for MM[missing] 4BW 42525797:SNP.GC: <gurobi.Var 4BW> >= <gurobi.Var REG_4BW_42525797:SNP.GC>
M  Contraint for MM[missing] 4BW 42527792:SNP.CT: <gurobi.Var 4BW> >= <gurobi.Var REG_4BW_42527792:SNP.CT>
M  Contraint for MM[missing] 4BW 42528027:SNP.TC: <gurobi.Var 4BW> >= <gurobi.Var REG_4BW_42528027:SNP.TC>
M  Contraint for MM[missing] 4BW 42525810:SNP.TC: <gurobi.Var 4BW> >= <gurobi.Var REG_4BW_42525810:SNP.TC>
M  Contraint for MM[missing] 4BW 42523408:SNP.TG: <gurobi.Var 4BW> >= <gurobi.Var REG_4BW_42523408:SNP.TG>
M  Contraint for MM[missing] 4BW 42525820:SNP.GT: <gurobi.Var 4BW> >= <gurobi.Var REG_4BW_42525820:SNP.GT>
M  Contraint for MM[missing] 4BW 42522391:SNP.GA: <gurobi.Var 4BW> >= <gurobi.Var REG_4BW_42522391:SNP.GA>
M  Contraint for MM[missing] 4BW 42526693:SNP.GA: <gurobi.Var 4BW> >= <gurobi.Var REG_4BW_42526693:SNP.GA>
M  Contraint for MM[missing] 4BW 42526483:SNP.CA: <gurobi.Var 4BW> >= <gurobi.Var REG_4BW_42526483:SNP.CA>
M  Contraint for MM[missing] 4BW 42522612:SNP.CG: <gurobi.Var 4BW> >= <gurobi.Var REG_4BW_42522612:SNP.CG>
M  Contraint for MM[missing] 4BW 42523210:SNP.TC: <gurobi.Var 4BW> >= <gurobi.Var REG_4BW_42523210:SNP.TC>
M  Contraint for MM[missing] 4A 42525131:SNP.CG: <gurobi.Var 4A> >= <gurobi.Var REG_4A_42525131:SNP.CG>
M  Contraint for MM[missing] 4A 42524946:SNP.CT: <gurobi.Var 4A> >= <gurobi.Var REG_4A_42524946:SNP.CT>
M  Contraint for MM[missing] 4A 42525797:SNP.GC: <gurobi.Var 4A> >= <gurobi.Var REG_4A_42525797:SNP.GC>
M  Contraint for MM[missing] 4A 42525810:SNP.TC: <gurobi.Var 4A> >= <gurobi.Var REG_4A_42525810:SNP.TC>
M  Contraint for MM[missing] 4A 42525820:SNP.GT: <gurobi.Var 4A> >= <gurobi.Var REG_4A_42525820:SNP.GT>
M  Contraint for MM[missing] 4A 42526693:SNP.GA: <gurobi.Var 4A> >= <gurobi.Var REG_4A_42526693:SNP.GA>
M  Contraint for MM[missing] 4A 42522612:SNP.CG: <gurobi.Var 4A> >= <gurobi.Var REG_4A_42522612:SNP.CG>
M  Contraint for MA[extra] 68 42525131:SNP.CG: <gurobi.Var 68> >= <gurobi.Var EXT_68_42525131:SNP.CG>
M  Contraint for MA[extra] 68 42524695:SNP.TC: <gurobi.Var 68> >= <gurobi.Var EXT_68_42524695:SNP.TC>
M  Contraint for MA[extra] 68 42524946:SNP.CT: <gurobi.Var 68> >= <gurobi.Var EXT_68_42524946:SNP.CT>
M  Contraint for MA[extra] 68 42526048:SNP.GC: <gurobi.Var 68> >= <gurobi.Var EXT_68_42526048:SNP.GC>
M  Contraint for MA[extra] 68 42525951:SNP.AC: <gurobi.Var 68> >= <gurobi.Var EXT_68_42525951:SNP.AC>
M  Contraint for MA[extra] 68 42525797:SNP.GC: <gurobi.Var 68> >= <gurobi.Var EXT_68_42525797:SNP.GC>
M  Contraint for MA[extra] 68 42525810:SNP.TC: <gurobi.Var 68> >= <gurobi.Var EXT_68_42525810:SNP.TC>
M  Contraint for MA[extra] 68 42525820:SNP.GT: <gurobi.Var 68> >= <gurobi.Var EXT_68_42525820:SNP.GT>
M  Contraint for MA[extra] 68 42522391:SNP.GA: <gurobi.Var 68> >= <gurobi.Var EXT_68_42522391:SNP.GA>
M  Contraint for MA[extra] 68 42523408:SNP.TG: <gurobi.Var 68> >= <gurobi.Var EXT_68_42523408:SNP.TG>
M  Contraint for MA[extra] 68 42526483:SNP.CA: <gurobi.Var 68> >= <gurobi.Var EXT_68_42526483:SNP.CA>
M  Contraint for MA[extra] 68 42522612:SNP.CG: <gurobi.Var 68> >= <gurobi.Var EXT_68_42522612:SNP.CG>
M  Contraint for MA[extra] 68 42523210:SNP.TC: <gurobi.Var 68> >= <gurobi.Var EXT_68_42523210:SNP.TC>
M  Contraint for MA[extra] 4AW 42528223:SNP.GA: <gurobi.Var 4AW> >= <gurobi.Var EXT_4AW_42528223:SNP.GA>
M  Contraint for MA[extra] 4B 42525131:SNP.CG: <gurobi.Var 4B> >= <gurobi.Var EXT_4B_42525131:SNP.CG>
M  Contraint for MA[extra] 4B 42524695:SNP.TC: <gurobi.Var 4B> >= <gurobi.Var EXT_4B_42524695:SNP.TC>
M  Contraint for MA[extra] 4B 42526048:SNP.GC: <gurobi.Var 4B> >= <gurobi.Var EXT_4B_42526048:SNP.GC>
M  Contraint for MA[extra] 4B 42525951:SNP.AC: <gurobi.Var 4B> >= <gurobi.Var EXT_4B_42525951:SNP.AC>
M  Contraint for MA[extra] 4B 42527792:SNP.CT: <gurobi.Var 4B> >= <gurobi.Var EXT_4B_42527792:SNP.CT>
M  Contraint for MA[extra] 4B 42528027:SNP.TC: <gurobi.Var 4B> >= <gurobi.Var EXT_4B_42528027:SNP.TC>
M  Contraint for MA[extra] 4B 42528223:SNP.GA: <gurobi.Var 4B> >= <gurobi.Var EXT_4B_42528223:SNP.GA>
M  Contraint for MA[extra] 4B 42522391:SNP.GA: <gurobi.Var 4B> >= <gurobi.Var EXT_4B_42522391:SNP.GA>
M  Contraint for MA[extra] 4B 42523408:SNP.TG: <gurobi.Var 4B> >= <gurobi.Var EXT_4B_42523408:SNP.TG>
M  Contraint for MA[extra] 4B 42526483:SNP.CA: <gurobi.Var 4B> >= <gurobi.Var EXT_4B_42526483:SNP.CA>
M  Contraint for MA[extra] 4B 42523210:SNP.TC: <gurobi.Var 4B> >= <gurobi.Var EXT_4B_42523210:SNP.TC>
M  Contraint for MA[extra] 4BW 42528223:SNP.GA: <gurobi.Var 4BW> >= <gurobi.Var EXT_4BW_42528223:SNP.GA>
M  Contraint for MA[extra] 4BW 42525131:SNP.CG: <gurobi.Var 4BW> >= <gurobi.Var EXT_4BW_42525131:SNP.CG>
M  Contraint for MA[extra] 4A 42524695:SNP.TC: <gurobi.Var 4A> >= <gurobi.Var EXT_4A_42524695:SNP.TC>
M  Contraint for MA[extra] 4A 42526048:SNP.GC: <gurobi.Var 4A> >= <gurobi.Var EXT_4A_42526048:SNP.GC>
M  Contraint for MA[extra] 4A 42525951:SNP.AC: <gurobi.Var 4A> >= <gurobi.Var EXT_4A_42525951:SNP.AC>
M  Contraint for MA[extra] 4A 42527792:SNP.CT: <gurobi.Var 4A> >= <gurobi.Var EXT_4A_42527792:SNP.CT>
M  Contraint for MA[extra] 4A 42528027:SNP.TC: <gurobi.Var 4A> >= <gurobi.Var EXT_4A_42528027:SNP.TC>
M  Contraint for MA[extra] 4A 42528223:SNP.GA: <gurobi.Var 4A> >= <gurobi.Var EXT_4A_42528223:SNP.GA>
M  Contraint for MA[extra] 4A 42522391:SNP.GA: <gurobi.Var 4A> >= <gurobi.Var EXT_4A_42522391:SNP.GA>
M  Contraint for MA[extra] 4A 42523408:SNP.TG: <gurobi.Var 4A> >= <gurobi.Var EXT_4A_42523408:SNP.TG>
M  Contraint for MA[extra] 4A 42526483:SNP.CA: <gurobi.Var 4A> >= <gurobi.Var EXT_4A_42526483:SNP.CA>
M  Contraint for MA[extra] 4A 42523210:SNP.TC: <gurobi.Var 4A> >= <gurobi.Var EXT_4A_42523210:SNP.TC>
M  Objective: <gurobi.LinExpr: C124 + C125 + C126 + C127 + C128 + C129 + C130 + C131 + C132 + C133 + C134 + C135 + C136 + C137 + C138 + C139 + C140 + C141 + C142 + C143 + C144 + C145 + C146 + C147 + C148 + C149 + C150 + C151 + C152 + C153 + C154 + C155 + C156 + C157 + EXT_68_42525131:SNP.CG + EXT_68_42524695:SNP.TC + EXT_68_42524946:SNP.CT + EXT_68_42526048:SNP.GC + EXT_68_42525951:SNP.AC + EXT_68_42525797:SNP.GC + EXT_68_42525810:SNP.TC + EXT_68_42525820:SNP.GT + EXT_68_42522391:SNP.GA + EXT_68_42523408:SNP.TG + EXT_68_42526483:SNP.CA + EXT_68_42522612:SNP.CG + EXT_68_42523210:SNP.TC + EXT_4AW_42528223:SNP.GA + EXT_4B_42525131:SNP.CG + EXT_4B_42524695:SNP.TC + EXT_4B_42526048:SNP.GC + EXT_4B_42525951:SNP.AC + EXT_4B_42527792:SNP.CT + EXT_4B_42528027:SNP.TC + EXT_4B_42528223:SNP.GA + EXT_4B_42522391:SNP.GA + EXT_4B_42523408:SNP.TG + EXT_4B_42526483:SNP.CA + EXT_4B_42523210:SNP.TC + EXT_4BW_42528223:SNP.GA + EXT_4BW_42525131:SNP.CG + EXT_4A_42524695:SNP.TC + EXT_4A_42526048:SNP.GC + EXT_4A_42525951:SNP.AC + EXT_4A_42527792:SNP.CT + EXT_4A_42528027:SNP.TC + EXT_4A_42528223:SNP.GA + EXT_4A_42522391:SNP.GA + EXT_4A_42523408:SNP.TG + EXT_4A_42526483:SNP.CA + EXT_4A_42523210:SNP.TC + W>
M  Contraint for 68: <gurobi.LinExpr: REG_68_42526693:SNP.GA> = 1 * A_<gurobi.Var 68>
M  Contraint for 4AW: <gurobi.LinExpr: REG_4AW_42526693:SNP.GA + REG_4AW_42525820:SNP.GT + REG_4AW_42525810:SNP.TC + REG_4AW_42524946:SNP.CT + REG_4AW_42522612:SNP.CG> = 5 * A_<gurobi.Var 4AW>
M  Contraint for 4B: <gurobi.LinExpr: REG_4B_42526693:SNP.GA + REG_4B_42525820:SNP.GT + REG_4B_42525810:SNP.TC + REG_4B_42524946:SNP.CT + REG_4B_42522612:SNP.CG> = 5 * A_<gurobi.Var 4B>
M  Contraint for 4BW: <gurobi.LinExpr: REG_4BW_42526693:SNP.GA + REG_4BW_42525820:SNP.GT + REG_4BW_42525810:SNP.TC + REG_4BW_42524946:SNP.CT + REG_4BW_42522612:SNP.CG> = 5 * A_<gurobi.Var 4BW>
M  Contraint for 4A: <gurobi.LinExpr: REG_4A_42526693:SNP.GA + REG_4A_42525820:SNP.GT + REG_4A_42525810:SNP.TC + REG_4A_42524946:SNP.CT + REG_4A_42522612:SNP.CG> = 5 * A_<gurobi.Var 4A>
M  Contraint for 42525131:SNP.CG: 1 <= <gurobi.QuadExpr: 0.0 + [ REG_4AW_42525131:SNP.CG * 4AW + REG_4A_42525131:SNP.CG * 4A + EXT_68_42525131:SNP.CG * 68 + EXT_4B_42525131:SNP.CG * 4B + EXT_4BW_42525131:SNP.CG * 4BW ]> <= 1
M  Contraint for 42524695:SNP.TC: 1 <= <gurobi.QuadExpr: 0.0 + [ REG_4AW_42524695:SNP.TC * 4AW + REG_4BW_42524695:SNP.TC * 4BW + EXT_68_42524695:SNP.TC * 68 + EXT_4B_42524695:SNP.TC * 4B + EXT_4A_42524695:SNP.TC * 4A ]> <= 1
M  Contraint for 42526048:SNP.GC: 1 <= <gurobi.QuadExpr: 0.0 + [ REG_4AW_42526048:SNP.GC * 4AW + REG_4BW_42526048:SNP.GC * 4BW + EXT_68_42526048:SNP.GC * 68 + EXT_4B_42526048:SNP.GC * 4B + EXT_4A_42526048:SNP.GC * 4A ]> <= 1
M  Contraint for 42525951:SNP.AC: 1 <= <gurobi.QuadExpr: 0.0 + [ REG_4AW_42525951:SNP.AC * 4AW + REG_4BW_42525951:SNP.AC * 4BW + EXT_68_42525951:SNP.AC * 68 + EXT_4B_42525951:SNP.AC * 4B + EXT_4A_42525951:SNP.AC * 4A ]> <= 1
M  Contraint for 42523408:SNP.TG: 1 <= <gurobi.QuadExpr: 0.0 + [ REG_4AW_42523408:SNP.TG * 4AW + REG_4BW_42523408:SNP.TG * 4BW + EXT_68_42523408:SNP.TG * 68 + EXT_4B_42523408:SNP.TG * 4B + EXT_4A_42523408:SNP.TG * 4A ]> <= 1
M  Contraint for 42527792:SNP.CT: 1 <= <gurobi.QuadExpr: 0.0 + [ REG_68_42527792:SNP.CT * 68 + REG_4AW_42527792:SNP.CT * 4AW + REG_4BW_42527792:SNP.CT * 4BW + EXT_4B_42527792:SNP.CT * 4B + EXT_4A_42527792:SNP.CT * 4A ]> <= 2
M  Contraint for 42528223:SNP.GA: 2 <= <gurobi.QuadExpr: 0.0 + [ REG_68_42528223:SNP.GA * 68 + EXT_4AW_42528223:SNP.GA * 4AW + EXT_4B_42528223:SNP.GA * 4B + EXT_4BW_42528223:SNP.GA * 4BW + EXT_4A_42528223:SNP.GA * 4A ]> <= 3
M  Contraint for 42525820:SNP.GT: 1 <= <gurobi.QuadExpr: 0.0 + [ REG_4AW_42525820:SNP.GT * 4AW + REG_4B_42525820:SNP.GT * 4B + REG_4BW_42525820:SNP.GT * 4BW + REG_4A_42525820:SNP.GT * 4A ]> <= 1
M  Contraint for 42525820:SNP.GT: <gurobi.QuadExpr: 0.0 + [ REG_4AW_42525820:SNP.GT * 4AW + REG_4B_42525820:SNP.GT * 4B + REG_4BW_42525820:SNP.GT * 4BW + REG_4A_42525820:SNP.GT * 4A ]> <= 1
M  Contraint for 42526483:SNP.CA: 1 <= <gurobi.QuadExpr: 0.0 + [ REG_4AW_42526483:SNP.CA * 4AW + REG_4BW_42526483:SNP.CA * 4BW + EXT_68_42526483:SNP.CA * 68 + EXT_4B_42526483:SNP.CA * 4B + EXT_4A_42526483:SNP.CA * 4A ]> <= 1
M  Contraint for 42522391:SNP.GA: 1 <= <gurobi.QuadExpr: 0.0 + [ REG_4AW_42522391:SNP.GA * 4AW + REG_4BW_42522391:SNP.GA * 4BW + EXT_68_42522391:SNP.GA * 68 + EXT_4B_42522391:SNP.GA * 4B + EXT_4A_42522391:SNP.GA * 4A ]> <= 1
M  Contraint for 42522612:SNP.CG: 1 <= <gurobi.QuadExpr: 0.0 + [ REG_4AW_42522612:SNP.CG * 4AW + REG_4B_42522612:SNP.CG * 4B + REG_4BW_42522612:SNP.CG * 4BW + REG_4A_42522612:SNP.CG * 4A ]> <= 1
M  Contraint for 42522612:SNP.CG: <gurobi.QuadExpr: 0.0 + [ REG_4AW_42522612:SNP.CG * 4AW + REG_4B_42522612:SNP.CG * 4B + REG_4BW_42522612:SNP.CG * 4BW + REG_4A_42522612:SNP.CG * 4A ]> <= 1
M  Contraint for 42524946:SNP.CT: 1 <= <gurobi.QuadExpr: 0.0 + [ REG_4AW_42524946:SNP.CT * 4AW + REG_4B_42524946:SNP.CT * 4B + REG_4BW_42524946:SNP.CT * 4BW + REG_4A_42524946:SNP.CT * 4A ]> <= 1
M  Contraint for 42524946:SNP.CT: <gurobi.QuadExpr: 0.0 + [ REG_4AW_42524946:SNP.CT * 4AW + REG_4B_42524946:SNP.CT * 4B + REG_4BW_42524946:SNP.CT * 4BW + REG_4A_42524946:SNP.CT * 4A ]> <= 1
M  Contraint for 42525810:SNP.TC: 1 <= <gurobi.QuadExpr: 0.0 + [ REG_4AW_42525810:SNP.TC * 4AW + REG_4B_42525810:SNP.TC * 4B + REG_4BW_42525810:SNP.TC * 4BW + REG_4A_42525810:SNP.TC * 4A ]> <= 1
M  Contraint for 42525810:SNP.TC: <gurobi.QuadExpr: 0.0 + [ REG_4AW_42525810:SNP.TC * 4AW + REG_4B_42525810:SNP.TC * 4B + REG_4BW_42525810:SNP.TC * 4BW + REG_4A_42525810:SNP.TC * 4A ]> <= 1
M  Contraint for 42523210:SNP.TC: 1 <= <gurobi.QuadExpr: 0.0 + [ REG_4AW_42523210:SNP.TC * 4AW + REG_4BW_42523210:SNP.TC * 4BW + EXT_68_42523210:SNP.TC * 68 + EXT_4B_42523210:SNP.TC * 4B + EXT_4A_42523210:SNP.TC * 4A ]> <= 1
M  Contraint for 42528027:SNP.TC: 1 <= <gurobi.QuadExpr: 0.0 + [ REG_68_42528027:SNP.TC * 68 + REG_4AW_42528027:SNP.TC * 4AW + REG_4BW_42528027:SNP.TC * 4BW + EXT_4B_42528027:SNP.TC * 4B + EXT_4A_42528027:SNP.TC * 4A ]> <= 2
M  Contraint for 42525797:SNP.GC: 1 <= <gurobi.QuadExpr: 0.0 + [ REG_4AW_42525797:SNP.GC * 4AW + REG_4B_42525797:SNP.GC * 4B + REG_4BW_42525797:SNP.GC * 4BW + REG_4A_42525797:SNP.GC * 4A + EXT_68_42525797:SNP.GC * 68 ]> <= 1
M  Contraint for 42526693:SNP.GA: 1 <= <gurobi.QuadExpr: 0.0 + [ REG_68_42526693:SNP.GA * 68 + REG_4AW_42526693:SNP.GA * 4AW + REG_4B_42526693:SNP.GA * 4B + REG_4BW_42526693:SNP.GA * 4BW + REG_4A_42526693:SNP.GA * 4A ]> <= 2
M  Contraint for 42526693:SNP.GA: <gurobi.QuadExpr: 0.0 + [ REG_68_42526693:SNP.GA * 68 + REG_4AW_42526693:SNP.GA * 4AW + REG_4B_42526693:SNP.GA * 4B + REG_4BW_42526693:SNP.GA * 4BW + REG_4A_42526693:SNP.GA * 4A ]> <= 2
CN Solver status: optimal, opt: 1523.0
  68: 1
    6.0i 42528027:SNP.TC  117 ( 98 cp. 2) 
    6.0i 42528223:SNP.GA   32 (100 cp. 2) 
    6.0i 42527792:SNP.CT  854 (100 cp. 2) 
    6.1e 42526693:SNP.GA  669 ( 99 cp. 2) F
  4AW: 1
    6.3e 42525131:SNP.CG  331 ( 99 cp. 1) 
    6.4i 42524695:SNP.TC  487 ( 69 cp. 1) 
    6.3i 42524946:SNP.CT  344 ( 74 cp. 1) F
    6.1i 42526048:SNP.GC  685 ( 75 cp. 1) 
    6.1i 42525951:SNP.AC  524 ( 77 cp. 1) 
    6.2e 42525797:SNP.GC  181 ( 99 cp. 1) 
    6.0i 42527792:SNP.CT  854 (100 cp. 2) 
    6.0i 42528027:SNP.TC  117 ( 98 cp. 2) 
    6.2e 42525810:SNP.TC  161 ( 99 cp. 1) F
    6.7i 42523408:SNP.TG 1609 (100 cp. 1) 
    6.2e 42525820:SNP.GT  139 ( 97 cp. 1) F
    6.ins 42522391:SNP.GA  395 ( 99 cp. 1) 
    6.1e 42526693:SNP.GA  669 ( 99 cp. 2) F
    6.1i 42526483:SNP.CA  998 (100 cp. 1) 
    6.9e 42522612:SNP.CG  359 ( 99 cp. 1) F
    6.7i 42523210:SNP.TC  927 (100 cp. 1) 
Missing:
  68: 1
  4AW: 1
Extra:
  68: 1
  4AW: 1
    6.0i 42528223:SNP.GA   32 (100)   rs28588594   -1426:C>T
Time needed: (28.2)
Result is: [('4AW', '68')]
