SAM file: bams/NA06989.bam
File bams/NA06989.bam has index
Coverage is 111.484008816
== Allele Filter ==
 6.0i   15988724: SNP.CA                   90 ( 45%) ~     0 (  0)
 6.0i   15989183: SNP.GA                  335 ( 46%) ~     3 (  1)
 6.0i   15989404: SNP.CT                  397 (100%) ~   124 ( 31)
 6.12e  15989695: SNP.GC                   30 ( 13%) ~     4 ( 13)
 6.12e  15989729: SNP.TC                   55 ( 23%) ~     3 (  5)
 6.11i  15989776: SNP.AC                   11 (  5%) ~     0 (  0)
 6.11i  15989856: SNP.TC                   13 ( 14%) ~     2 ( 15)
 6.11i  15989890: SNP.CT                    7 ( 11%) ~     1 ( 14)
 6.11i  15989903: SNP.CA                    8 ( 11%) ~     1 ( 12)
 6.11i  15989908: SNP.AG                    8 ( 11%) ~     1 ( 12)
 6.11i  15989918: SNP.GC                    9 ( 11%) ~     1 ( 11)
 6.11i  15989921: SNP.CA                    9 ( 11%) ~     1 ( 11)
 6.11i  15989926: SNP.AG                    7 (  9%) ~     1 ( 14)
 6.8i   15991368: SNP.TA                    2 (100%) ~     0 (  0)
 6.8i   15991404: SNP.TA                    2 (100%) ~     0 (  0)
 6.8i   15996348: SNP.TA                    3 ( 50%) ~     0 (  0)
 6.8i   15996482: INS.g                    16 ( 57%) ~     0 (  0)
 6.8e   15996819: SNP.GA                  114 ( 47%) ~     0 (  0)
 6.6i   15997136: INS.c                   322 ( 42%) ~     0 (  0)
 6.6i   15997563: SNP.GA                   28 ( 52%) ~     0 (  0)
 6.6i   15997625: DEL.TC                    2 (  7%) ~     0 (  0)
 6.6i   16000165: SNP.TC                   63 ( 58%) ~     0 (  0)
 6.5i   16000608: SNP.TA                   20 ( 49%) ~     0 (  0)
 6.4i   16001739: SNP.AG                  515 ( 50%) ~     0 (  0)
 6.4i   16001851: SNP.TG                  548 ( 52%) ~     0 (  0)
 6.4i   16002302: SNP.AC                   96 (  8%) ~     0 (  0)
 6.1i   16006868: DEL.TCTA                  2 ( 40%) ~     0 (  0)
 6.1i   16006878: SNP.CT                    4 (100%) ~     0 (  0)
Removing 2     6.1e 16008387:SNP.AC
Removing 3     6.10e 15990430:SNP.CT
Removing 4     6.1e 16008387:SNP.AC,  6.10e 15990430:SNP.CT
Initial status
  CYP2D6.1
== Copy Number Estimator ==
CNV factor: 1.6888609839 (0.592115046493)
Coverage per region
  region:  2D6  2D7
  0i   :  1.78
  1e   :  2.12
  1i   :  1.89
  2e   :  1.97
  2i   :  1.96
  3e   :  1.82
  3i   :  1.71
  4e   :  1.81
  4i   :  1.95
  5e   :  1.68
  5i   :  1.71
  6e   :  1.87
  6i   :  1.91
  7e   :  1.57
  7i   :  1.53
  8e   :  1.83
  8i   :  2.09
  9e   :  1.85
  9i   :  1.91
  10e  :  2.01
  10i  :  1.90
  11e  :  1.83
  11i  :  1.84
  12e  :  1.70
Max. CN = 2
M  Sentinel contraint for 1: A_1^ <= A_1
M  Contraint for 7e: 1.56605528378 == E_7e + <gurobi.LinExpr: A1 + A1^>
M  Contraint for 6e: 1.8685313544 == E_6e + <gurobi.LinExpr: A1 + A1^>
M  Contraint for 9e: 1.85102424643 == E_9e + <gurobi.LinExpr: A1 + A1^>
M  Contraint for 8e: 1.82731072805 == E_8e + <gurobi.LinExpr: A1 + A1^>
M  Contraint for 2e: 1.96838983904 == E_2e + <gurobi.LinExpr: A1 + A1^>
M  Contraint for 1e: 2.1205771203 == E_1e + <gurobi.LinExpr: A1 + A1^>
M  Contraint for 5e: 1.68104331915 == E_5e + <gurobi.LinExpr: A1 + A1^>
M  Contraint for 4e: 1.81325504594 == E_4e + <gurobi.LinExpr: A1 + A1^>
M  Contraint for 3e: 1.81523534844 == E_3e + <gurobi.LinExpr: A1 + A1^>
M  Objective: <gurobi.LinExpr: C11 + C12 + C13 + C14 + C15 + C16 + C17 + C18 + C19 + 0.5 A1 + 0.5 A1^>
CN Solver status: optimal, opt: 2.72973195508
  Solutions:
    ('1', '1^')
== Initial Solver ==
Solving Counter({'1': 2})
Possible candidates:
  CYP2D6.1
M  Max. CN for 1 = 2
M  CN contraint for 1: 2 == <gurobi.LinExpr: 1 + 1_2>
M  Sentinel contraint for 1: A_1_2 <= A_1
M  Objective: 0
CN Solver status: optimal, opt: 0.0
  solution:
    ('1', '1')
[32;01mCopy number best structures:[39;49;00m
[32;01m  (1) 2x*1-like[39;49;00m
== Refiner ==
Refining ('1', '1')
M  Sentinel constraint for 1: A_1_2 <= A_1
M  CN constraint for 1: 2 == <gurobi.LinExpr: 1 + 1_2>
M  Objective: <gurobi.LinExpr: W>
CN Solver status: optimal, opt: 0.0
  1: 1
  1_2: 1
Missing:
  1: 1
  1_2: 1
Extra:
  1: 1
  1_2: 1
Time needed: (15.9)
Result is: [('1', '1')]
