SAM file: bams/NA07345.bam
File bams/NA07345.bam has index
Coverage is 97.0468078862
== Allele Filter ==
 6.0i   15988657: SNP.TC                   50 (100%) ~     0 (  0)
 6.0i   15988752: DEL.TT                  182 (100%) ~     0 (  0)
 6.12e  15989695: SNP.GC                   13 (  7%) ~     1 (  8)
 6.12e  15989729: SNP.TC                   32 ( 16%) ~     2 (  6)
 6.11i  15989810: SNP.TG                   20 ( 18%) ~     0 (  0)
 6.11i  15989856: SNP.TC                    4 (  6%) ~     2 ( 50)
 6.11i  15989870: SNP.TA                   49 ( 91%) ~     0 (  0)
 6.10e  15990430: SNP.CT     18000:G>A    221 ( 52%) ~     0 (  0)
 6.8i   15996482: INS.g                    18 (100%) ~     0 (  0)
 6.6i   15997315: SNP.CT                  191 ( 41%) ~     0 (  0)
 6.6i   15997563: SNP.GA                   11 ( 61%) ~     0 (  0)
 6.6i   16000165: SNP.TC                   49 ( 59%) ~     0 (  0)
 6.5i   16000608: SNP.TA                   33 ( 62%) ~     0 (  0)
 6.5e   16001214: SNP.CA                  220 ( 54%) ~     0 (  0)
 6.4i   16001628: SNP.GA                  439 ( 53%) ~     0 (  0)
 6.4i   16001739: SNP.AG                  442 ( 51%) ~     0 (  0)
 6.4i   16001851: SNP.TG                  382 ( 47%) ~     0 (  0)
 6.4i   16002274: INS.a                   310 ( 38%) ~     0 (  0)
 6.4i   16002296: SNP.CT                  386 ( 47%) ~     0 (  0)
 6.4i   16002302: SNP.AC                   54 (  7%) ~     0 (  0)
 6.2i   16003694: SNP.CT                  214 ( 56%) ~     0 (  0)
 6.2i   16003751: SNP.TC                  191 ( 50%) ~     0 (  0)
 6.2i   16006073: SNP.TA                   21 ( 49%) ~     0 (  0)
Removing 2     6.1e 16008387:SNP.AC
Removing 4     6.1e 16008387:SNP.AC
Initial status
  CYP2D6.1
  CYP2D6.3
    6.10e          15990430:SNP.CT  221 ( 52) F 18000:G>A
== Copy Number Estimator ==
CNV factor: 2.05336422747 (0.487005659602)
Coverage per region
  region:  2D6  2D7
  0i   :  1.84
  1e   :  2.37
  1i   :  2.09
  2e   :  2.12
  2i   :  1.82
  3e   :  1.99
  3i   :  1.96
  4e   :  1.72
  4i   :  1.86
  5e   :  1.68
  5i   :  1.77
  6e   :  1.86
  6i   :  1.86
  7e   :  1.85
  7i   :  1.85
  8e   :  1.94
  8i   :  2.07
  9e   :  1.73
  9i   :  2.05
  10e  :  1.92
  10i  :  1.86
  11e  :  1.61
  11i  :  1.80
  12e  :  1.89
Max. CN = 2
M  Sentinel contraint for 1: A_1^ <= A_1
M  Contraint for 7e: 1.85378365512 == E_7e + <gurobi.LinExpr: A1 + A1^>
M  Contraint for 6e: 1.85960615941 == E_6e + <gurobi.LinExpr: A1 + A1^>
M  Contraint for 9e: 1.72565901486 == E_9e + <gurobi.LinExpr: A1 + A1^>
M  Contraint for 8e: 1.94140853622 == E_8e + <gurobi.LinExpr: A1 + A1^>
M  Contraint for 2e: 2.11866643408 == E_2e + <gurobi.LinExpr: A1 + A1^>
M  Contraint for 1e: 2.36671571924 == E_1e + <gurobi.LinExpr: A1 + A1^>
M  Contraint for 5e: 1.68407833921 == E_5e + <gurobi.LinExpr: A1 + A1^>
M  Contraint for 4e: 1.72228791451 == E_4e + <gurobi.LinExpr: A1 + A1^>
M  Contraint for 3e: 1.99324715478 == E_3e + <gurobi.LinExpr: A1 + A1^>
M  Objective: <gurobi.LinExpr: C11 + C12 + C13 + C14 + C15 + C16 + C17 + C18 + C19 + 0.5 A1 + 0.5 A1^>
CN Solver status: optimal, opt: 2.7053113792
  Solutions:
    ('1', '1^')
== Initial Solver ==
Solving Counter({'1': 2})
Possible candidates:
  CYP2D6.1
  CYP2D6.3
    6.10e 15990430:SNP.CT  221 ( 52) F 18000:G>A
M  Max. CN for 1 = 2
M  Max. CN for 3 = 2
M  Contraint for 15990430:REF 6.10e: 201 == <gurobi.QuadExpr: 211.0 1 + 211.0 3 + 211.0 3_2 + 211.0 1_2 + [ -211.0 REG_3_15990430:SNP.CT * 3 + -211.0 REG_3_2_15990430:SNP.CT * 3_2 ]> + err
M  Contraint for 15990430:SNP.CT 6.10e: 221 == <gurobi.QuadExpr: 0.0 + [ 211.0 REG_3_15990430:SNP.CT * 3 + 211.0 REG_3_2_15990430:SNP.CT * 3_2 ]> + err
M  Contraint for 3 15990430:SNP.CT: <gurobi.Var 3> >= <gurobi.Var REG_3_15990430:SNP.CT>
M  Contraint for 3_2 15990430:SNP.CT: <gurobi.Var 3_2> >= <gurobi.Var REG_3_2_15990430:SNP.CT>
M  CN contraint for 1: 2 == <gurobi.LinExpr: 1 + 3 + 3_2 + 1_2>
M  Sentinel contraint for 1: A_1_2 <= A_1
M  Sentinel contraint for 3: A_3_2 <= A_3
M  Objective: <gurobi.LinExpr: C9 + C10>
M  Contraint for 3: A_3 * (<gurobi.LinExpr: REG_3_15990430:SNP.CT> - 1) == 0
M  Contraint for 3_2: A_3_2 * (<gurobi.LinExpr: REG_3_2_15990430:SNP.CT> - 1) == 0
M  Contraint for 15990430:SNP.CT: 1 <= <gurobi.QuadExpr: 0.0 + [ 3 * REG_3_15990430:SNP.CT + 3_2 * REG_3_2_15990430:SNP.CT ]>
M  Contraint for 15990430:SNP.CT: 1 <= <gurobi.QuadExpr: 0.0 + [ 3 * REG_3_15990430:SNP.CT + 3_2 * REG_3_2_15990430:SNP.CT ]>
CN Solver status: optimal, opt: 20.0
  solution:
    ('1', '3')
[32;01mCopy number best structures:[39;49;00m
[32;01m  (1) 2x*1-like[39;49;00m
== Refiner ==
Refining ('1', '3')
M  CN constraint for 1: 1 == <gurobi.LinExpr: 1>
M  CN constraint for 3: 1 == <gurobi.LinExpr: 3>
M  Contraint for 15990430:REF 6.10e: 201 == <gurobi.QuadExpr: 211.0 1 + 211.0 3 + [ -211.0 EXT_1_15990430:SNP.CT * 1 + -211.0 REG_3_15990430:SNP.CT * 3 ]> + err
M  Contraint for 15990430:SNP.CT 6.10e: 221 == <gurobi.QuadExpr: 0.0 + [ 211.0 EXT_1_15990430:SNP.CT * 1 + 211.0 REG_3_15990430:SNP.CT * 3 ]> + err
M  Contraint for MM[missing] 3 15990430:SNP.CT: <gurobi.Var 3> >= <gurobi.Var REG_3_15990430:SNP.CT>
M  Contraint for MA[extra] 1 15990430:SNP.CT: <gurobi.Var 1> >= <gurobi.Var EXT_1_15990430:SNP.CT>
M  Objective: <gurobi.LinExpr: C6 + C7 + EXT_1_15990430:SNP.CT + W>
M  Contraint for 3: <gurobi.LinExpr: REG_3_15990430:SNP.CT> = 1 * A_<gurobi.Var 3>
M  Contraint for 15990430:SNP.CT: 1 <= <gurobi.QuadExpr: 0.0 + [ REG_3_15990430:SNP.CT * 3 ]> <= 2
M  Contraint for 15990430:SNP.CT: <gurobi.QuadExpr: 0.0 + [ REG_3_15990430:SNP.CT * 3 ]> <= 2
CN Solver status: optimal, opt: 20.0
  1: 1
  3: 1
    6.10e 15990430:SNP.CT  221 ( 52 cp. 1) F
Missing:
  1: 1
  3: 1
Extra:
  1: 1
  3: 1
Time needed: (12.3)
Result is: [('1', '3')]
