SAM file: bams/NA10853.bam
File bams/NA10853.bam has index
Coverage is 289.33591413
== Allele Filter ==
 6.0i   96521620: INS.t                    44 (  6%) ~     0 (  0)
 6.0i   96521656: SNP.CT     -806:C>T     357 ( 47%) ~     0 (  0)
 6.1e   96522560: SNP.CT     99:C>T       801 (100%) ~     0 (  0)
 6.1i   96522988: SNP.AT                    6 ( 60%) ~     0 (  0)
 6.1i   96522991: DEL.T                     2 ( 20%) ~     0 (  0)
 6.1i   96529911: SNP.AG                    2 (100%) ~     0 (  0)
 6.1i   96529926: SNP.TA                    2 (100%) ~     0 (  0)
 6.1i   96534583: SNP.GA     12122:G>A     23 ( 43%) ~     0 (  0)
 6.3i   96535742: SNP.AG                  551 ( 48%) ~     0 (  0)
 6.3i   96536454: SNP.TA                   18 ( 45%) ~     0 (  0)
 6.3i   96536707: SNP.CT                    3 (100%) ~     0 (  0)
 6.3i   96539979: SNP.CT                    2 ( 11%) ~     0 (  0)
 6.3i   96540030: SNP.CA                    2 (  5%) ~     0 (  0)
 6.7e   96602622: SNP.AG     80161:A>G    569 (100%) ~     0 (  0)
 6.7i   96609381: SNP.TC                    2 (  8%) ~     0 (  0)
 6.7i   96609388: SNP.TC                    5 ( 19%) ~     0 (  0)
 6.7i   96609395: SNP.AC                    7 ( 26%) ~     0 (  0)
 6.7i   96609400: SNP.AC                    8 ( 28%) ~     0 (  0)
 6.7i   96609402: SNP.AC                    3 ( 11%) ~     0 (  0)
 6.7i   96609406: SNP.GC                    2 (  7%) ~     0 (  0)
 6.7i   96609407: SNP.TC                    5 ( 19%) ~     0 (  0)
 6.7i   96609412: SNP.GC                    3 ( 10%) ~     0 (  0)
 6.7i   96609413: SNP.AC                    2 (  6%) ~     0 (  0)
 6.7i   96609414: SNP.AC                    2 (  6%) ~     0 (  0)
 6.7i   96609416: SNP.TG                    4 ( 12%) ~     0 (  0)
 6.7i   96609418: SNP.TG                    3 ( 10%) ~     0 (  0)
 6.7i   96609420: SNP.AG                    2 (  6%) ~     0 (  0)
 6.7i   96609429: SNP.TC                    2 (  5%) ~     0 (  0)
 6.7i   96609440: SNP.AC                    5 ( 10%) ~     0 (  0)
 6.7i   96609567: SNP.TC     87106:T>C    113 ( 50%) ~     0 (  0)
 6.8i   96612039: SNP.GA                    8 ( 62%) ~     0 (  0)
 6.8i   96612370: SNP.CT                  210 ( 54%) ~     0 (  0)
Removing 10    6.5e 96541614:SNP.CT
Removing 11    6.3e 96535263:SNP.GA
Removing 12    6.9e 96612670:SNP.AC
Removing 13    6.8e 96609751:SNP.CT
Removing 14    6.1e 96522511:SNP.TC
Removing 15    6.1e 96522516:SNP.AC
Removing 16    6.9e 96612521:SNP.CT
Removing 18    6.7e 96602617:SNP.GA
Removing 19    6.1e 96522612:SNP.AG
Removing 2H    6.5e 96541615:SNP.GA,  6.7e 96602621:SNP.CT,  6.8e 96609709:SNP.CG,  6.2i 96535123:SNP.AG
Removing 2D    6.2i 96535123:SNP.AG,  6.5e 96541615:SNP.GA,  6.7e 96602621:SNP.CT,  6.8e 96609736:SNP.GA
Removing 2E    6.5e 96541615:SNP.GA,  6.5e 96541747:SNP.GA,  6.7e 96602621:SNP.CT,  6.2i 96535123:SNP.AG
Removing 2F    6.5e 96541615:SNP.GA,  6.7e 96602621:SNP.CT,  6.7e 96602652:SNP.GA,  6.2i 96535123:SNP.AG
Removing 2G    6.5e 96541615:SNP.GA,  6.7e 96602621:SNP.CT,  6.7e 96602710:SNP.AT,  6.2i 96535123:SNP.AG
Removing 2A    6.5e 96541615:SNP.GA,  6.7e 96602621:SNP.CT,  6.2i 96535123:SNP.AG
Removing 2B    6.2e 96534921:SNP.GC,  6.5e 96541615:SNP.GA,  6.7e 96602621:SNP.CT,  6.2i 96535123:SNP.AG
Removing 2C    6.2i 96535123:SNP.AG,  6.3e 96535295:SNP.GC,  6.5e 96541615:SNP.GA,  6.7e 96602621:SNP.CT
Removing 2J    6.5e 96541615:SNP.GA,  6.7e 96602621:SNP.CT,  6.8e 96609784:SNP.AC,  6.2i 96535123:SNP.AG
Removing 22    6.4e 96540330:SNP.GC
Removing 23    6.2e 96534916:SNP.GC
Removing 24    6.7e 96602635:SNP.GA
Removing 25    6.9e 96612541:SNP.CG
Removing 26    6.5e 96541700:SNP.GA
Removing 27    6.0i 96521421:SNP.GA
Removing 28    6.1e 96522516:SNP.AC,  6.7e 96602751:SNP.GA
Removing 29    6.1e 96522544:SNP.AT
Removing 3C    6.3e 96535221:SNP.TA,  6.4e 96540409:SNP.GA
Removing 3B    6.4e 96540409:SNP.GA,  6.7e 96602709:SNP.GA
Removing 3A    6.4e 96540409:SNP.GA
Removing 30    6.2e 96534862:SNP.CT
Removing 31    6.2e 96534877:SNP.CT
Removing 32    6.2e 96534941:SNP.AG
Removing 33    6.4e 96540335:SNP.GA
Removing 34    6.1e 96522468:SNP.CT,  6.1e 96522471:SNP.TC
Removing 35    6.2i 96535123:SNP.AG
Removing 4B    6.1e 96522462:SNP.AG
Removing 4A    6.1e 96522462:SNP.AG
Removing 5A    6.9e 96612494:SNP.CT
Removing 5B    6.9e 96612494:SNP.CT
Removing 6     6.3e 96535209:SNP.GA
Removing 7     6.5i 96541755:SNP.TA
Removing 8     6.3e 96535172:SNP.TC
Removing 8X    6.3e 96535172:SNP.TC
Removing 9     6.3e 96535245:SNP.GA
Initial status
  CYP2D6.1C
    6.7e           96602622:SNP.AG  569 (100) F 80161:A>G
  CYP2D6.1B
    6.1e           96522560:SNP.CT  801 (100)   99:C>T
    6.7e           96602622:SNP.AG  569 (100) F 80161:A>G
  CYP2D6.1
  CYP2D6.17
    6.0i           96519060:SNP.CT    0 (  0)   -3402:C>T
    6.0i           96521656:SNP.CT  357 ( 47) F -806:C>T
    6.1e           96522560:SNP.CT  801 (100)   99:C>T
    6.7e           96602622:SNP.AG  569 (100) F 80161:A>G
== Copy Number Estimator ==
CNV factor: 1.68619058014 (0.59305277338)
Coverage per region
  region:  2D6  2D7
  0i   :  1.82
  1e   :  1.97
  1i   :  1.98
  2e   :  1.97
  2i   :  1.92
  3e   :  1.90
  3i   :  1.73
  4e   :  1.82
  4i   :  1.77
  5e   :  1.74
  5i   :  1.81
  6e   :  2.06
  6i   :  1.79
  7e   :  1.79
  7i   :  1.80
  8e   :  1.81
  8i   :  1.92
  9e   :  1.84
Max. CN = 2
M  Sentinel contraint for 1: A_1^ <= A_1
M  Contraint for 7e: 1.79380394335 == E_7e + <gurobi.LinExpr: A1 + A1^>
M  Contraint for 6e: 2.05503674166 == E_6e + <gurobi.LinExpr: A1 + A1^>
M  Contraint for 9e: 1.83994455241 == E_9e + <gurobi.LinExpr: A1 + A1^>
M  Contraint for 8e: 1.80757396708 == E_8e + <gurobi.LinExpr: A1 + A1^>
M  Contraint for 2e: 1.97000842125 == E_2e + <gurobi.LinExpr: A1 + A1^>
M  Contraint for 1e: 1.9729800765 == E_1e + <gurobi.LinExpr: A1 + A1^>
M  Contraint for 5e: 1.74048155022 == E_5e + <gurobi.LinExpr: A1 + A1^>
M  Contraint for 4e: 1.82222640318 == E_4e + <gurobi.LinExpr: A1 + A1^>
M  Contraint for 3e: 1.89705103391 == E_3e + <gurobi.LinExpr: A1 + A1^>
M  Objective: <gurobi.LinExpr: C11 + C12 + C13 + C14 + C15 + C16 + C17 + C18 + C19 + 0.5 A1 + 0.5 A1^>
CN Solver status: optimal, opt: 2.21096679376
  Solutions:
    ('1', '1^')
== Initial Solver ==
Solving Counter({'1': 2})
Possible candidates:
  CYP2D6.1
  CYP2D6.1B
    6.7e 96602622:SNP.AG  569 (100) F 80161:A>G
  CYP2D6.17
    6.0i 96521656:SNP.CT  357 ( 47) F -806:C>T
    6.7e 96602622:SNP.AG  569 (100) F 80161:A>G
M  Max. CN for 1 = 2
M  Max. CN for 1B = 2
M  Max. CN for 17 = 2
M  Contraint for 96602622:REF 6.7e: 0 == <gurobi.QuadExpr: 284.5 17 + 284.5 17_2 + 284.5 1 + 284.5 1B_2 + 284.5 1B + 284.5 1_2 + [ -284.5 REG_17_96602622:SNP.AG * 17 + -284.5 REG_17_2_96602622:SNP.AG * 17_2 + -284.5 REG_1B_2_96602622:SNP.AG * 1B_2 + -284.5 REG_1B_96602622:SNP.AG * 1B ]> + err
M  Contraint for 96602622:SNP.AG 6.7e: 569 == <gurobi.QuadExpr: 0.0 + [ 284.5 REG_17_96602622:SNP.AG * 17 + 284.5 REG_17_2_96602622:SNP.AG * 17_2 + 284.5 REG_1B_2_96602622:SNP.AG * 1B_2 + 284.5 REG_1B_96602622:SNP.AG * 1B ]> + err
M  Contraint for 96521656:SNP.CT 6.0i: 357 == <gurobi.QuadExpr: 0.0 + [ 381.5 REG_17_96521656:SNP.CT * 17 + 381.5 REG_17_2_96521656:SNP.CT * 17_2 ]> + err
M  Contraint for 96521656:REF 6.0i: 406 == <gurobi.QuadExpr: 381.5 17 + 381.5 17_2 + 381.5 1 + 381.5 1B_2 + 381.5 1B + 381.5 1_2 + [ -381.5 REG_17_96521656:SNP.CT * 17 + -381.5 REG_17_2_96521656:SNP.CT * 17_2 ]> + err
M  Contraint for 17 96602622:SNP.AG: <gurobi.Var 17> >= <gurobi.Var REG_17_96602622:SNP.AG>
M  Contraint for 17 96521656:SNP.CT: <gurobi.Var 17> >= <gurobi.Var REG_17_96521656:SNP.CT>
M  Contraint for 17_2 96602622:SNP.AG: <gurobi.Var 17_2> >= <gurobi.Var REG_17_2_96602622:SNP.AG>
M  Contraint for 17_2 96521656:SNP.CT: <gurobi.Var 17_2> >= <gurobi.Var REG_17_2_96521656:SNP.CT>
M  Contraint for 1B_2 96602622:SNP.AG: <gurobi.Var 1B_2> >= <gurobi.Var REG_1B_2_96602622:SNP.AG>
M  Contraint for 1B 96602622:SNP.AG: <gurobi.Var 1B> >= <gurobi.Var REG_1B_96602622:SNP.AG>
M  CN contraint for 1: 2 == <gurobi.LinExpr: 17 + 17_2 + 1 + 1B_2 + 1B + 1_2>
M  Sentinel contraint for 17: A_17_2 <= A_17
M  Sentinel contraint for 1: A_1_2 <= A_1
M  Sentinel contraint for 1B: A_1B_2 <= A_1B
M  Objective: <gurobi.LinExpr: C20 + C21 + C22 + C23>
M  Contraint for 17: A_17 * (<gurobi.LinExpr: REG_17_96521656:SNP.CT + REG_17_96602622:SNP.AG> - 2) == 0
M  Contraint for 17_2: A_17_2 * (<gurobi.LinExpr: REG_17_2_96521656:SNP.CT + REG_17_2_96602622:SNP.AG> - 2) == 0
M  Contraint for 1B_2: A_1B_2 * (<gurobi.LinExpr: REG_1B_2_96602622:SNP.AG> - 1) == 0
M  Contraint for 1B: A_1B * (<gurobi.LinExpr: REG_1B_96602622:SNP.AG> - 1) == 0
M  Contraint for 96521656:SNP.CT: 1 <= <gurobi.QuadExpr: 0.0 + [ 17 * REG_17_96521656:SNP.CT + 17_2 * REG_17_2_96521656:SNP.CT ]>
M  Contraint for 96602622:SNP.AG: 1 <= <gurobi.QuadExpr: 0.0 + [ 17 * REG_17_96602622:SNP.AG + 17_2 * REG_17_2_96602622:SNP.AG + 1B_2 * REG_1B_2_96602622:SNP.AG + 1B * REG_1B_96602622:SNP.AG ]>
M  Contraint for 96521656:SNP.CT: 1 <= <gurobi.QuadExpr: 0.0 + [ 17 * REG_17_96521656:SNP.CT + 17_2 * REG_17_2_96521656:SNP.CT ]>
M  Contraint for 96602622:SNP.AG: 1 <= <gurobi.QuadExpr: 0.0 + [ 17 * REG_17_96602622:SNP.AG + 17_2 * REG_17_2_96602622:SNP.AG + 1B_2 * REG_1B_2_96602622:SNP.AG + 1B * REG_1B_96602622:SNP.AG ]>
M  Contraint for 96602622:SNP.AG: 1 <= <gurobi.QuadExpr: 0.0 + [ 17 * REG_17_96602622:SNP.AG + 17_2 * REG_17_2_96602622:SNP.AG + 1B_2 * REG_1B_2_96602622:SNP.AG + 1B * REG_1B_96602622:SNP.AG ]>
M  Contraint for 96602622:SNP.AG: 1 <= <gurobi.QuadExpr: 0.0 + [ 17 * REG_17_96602622:SNP.AG + 17_2 * REG_17_2_96602622:SNP.AG + 1B_2 * REG_1B_2_96602622:SNP.AG + 1B * REG_1B_96602622:SNP.AG ]>
CN Solver status: optimal, opt: 49.0
  solution:
    ('17', '1B')
[32;01mCopy number best structures:[39;49;00m
[32;01m  (1) 2x*1-like[39;49;00m
== Refiner ==
Refining ('17', '1B')
M  CN constraint for 1B: 1 == <gurobi.LinExpr: 1C + 1B>
M  CN constraint for 17: 1 == <gurobi.LinExpr: 17>
M  Contraint for 96521656:REF 6.0i: 406 == <gurobi.QuadExpr: 381.5 1C + 381.5 1B + 381.5 17 + [ -381.5 EXT_1C_96521656:SNP.CT * 1C + -381.5 EXT_1B_96521656:SNP.CT * 1B + -381.5 REG_17_96521656:SNP.CT * 17 ]> + err
M  Contraint for 96519060:SNP.CT 6.0i: 0 == <gurobi.QuadExpr: 0.0 + [ 0.0 EXT_1C_96519060:SNP.CT * 1C + 0.0 EXT_1B_96519060:SNP.CT * 1B + 0.0 REG_17_96519060:SNP.CT * 17 ]> + err
M  Contraint for 96602622:SNP.AG 6.7e: 569 == <gurobi.QuadExpr: 0.0 + [ 284.5 REG_1C_96602622:SNP.AG * 1C + 284.5 REG_1B_96602622:SNP.AG * 1B + 284.5 REG_17_96602622:SNP.AG * 17 ]> + err
M  Contraint for 96602622:REF 6.7e: 0 == <gurobi.QuadExpr: 284.5 1C + 284.5 1B + 284.5 17 + [ -284.5 REG_1C_96602622:SNP.AG * 1C + -284.5 REG_1B_96602622:SNP.AG * 1B + -284.5 REG_17_96602622:SNP.AG * 17 ]> + err
M  Contraint for 96519060:REF 6.0i: 0 == <gurobi.QuadExpr: 0.0 + [ -0.0 EXT_1C_96519060:SNP.CT * 1C + -0.0 EXT_1B_96519060:SNP.CT * 1B + -0.0 REG_17_96519060:SNP.CT * 17 ]> + err
M  Contraint for 96521656:SNP.CT 6.0i: 357 == <gurobi.QuadExpr: 0.0 + [ 381.5 EXT_1C_96521656:SNP.CT * 1C + 381.5 EXT_1B_96521656:SNP.CT * 1B + 381.5 REG_17_96521656:SNP.CT * 17 ]> + err
M  Contraint for 96522560:SNP.CT 6.1e: 801 == <gurobi.QuadExpr: 0.0 + [ 402.0 EXT_1C_96522560:SNP.CT * 1C + 402.0 REG_1B_96522560:SNP.CT * 1B + 402.0 REG_17_96522560:SNP.CT * 17 ]> + err
M  Contraint for 96522560:REF 6.1e: 3 == <gurobi.QuadExpr: 402.0 1C + 402.0 1B + 402.0 17 + [ -402.0 EXT_1C_96522560:SNP.CT * 1C + -402.0 REG_1B_96522560:SNP.CT * 1B + -402.0 REG_17_96522560:SNP.CT * 17 ]> + err
M  Contraint for MM[missing] 1C 96602622:SNP.AG: <gurobi.Var 1C> >= <gurobi.Var REG_1C_96602622:SNP.AG>
M  Contraint for MM[missing] 1B 96602622:SNP.AG: <gurobi.Var 1B> >= <gurobi.Var REG_1B_96602622:SNP.AG>
M  Contraint for MM[missing] 1B 96522560:SNP.CT: <gurobi.Var 1B> >= <gurobi.Var REG_1B_96522560:SNP.CT>
M  Contraint for MM[missing] 17 96519060:SNP.CT: <gurobi.Var 17> >= <gurobi.Var REG_17_96519060:SNP.CT>
M  Contraint for MM[missing] 17 96602622:SNP.AG: <gurobi.Var 17> >= <gurobi.Var REG_17_96602622:SNP.AG>
M  Contraint for MM[missing] 17 96521656:SNP.CT: <gurobi.Var 17> >= <gurobi.Var REG_17_96521656:SNP.CT>
M  Contraint for MM[missing] 17 96522560:SNP.CT: <gurobi.Var 17> >= <gurobi.Var REG_17_96522560:SNP.CT>
M  Contraint for MA[extra] 1C 96519060:SNP.CT: <gurobi.Var 1C> >= <gurobi.Var EXT_1C_96519060:SNP.CT>
M  Contraint for MA[extra] 1C 96521656:SNP.CT: <gurobi.Var 1C> >= <gurobi.Var EXT_1C_96521656:SNP.CT>
M  Contraint for MA[extra] 1C 96522560:SNP.CT: <gurobi.Var 1C> >= <gurobi.Var EXT_1C_96522560:SNP.CT>
M  Contraint for MA[extra] 1B 96519060:SNP.CT: <gurobi.Var 1B> >= <gurobi.Var EXT_1B_96519060:SNP.CT>
M  Contraint for MA[extra] 1B 96521656:SNP.CT: <gurobi.Var 1B> >= <gurobi.Var EXT_1B_96521656:SNP.CT>
M  Objective: <gurobi.LinExpr: C23 + C24 + C25 + C26 + C27 + C28 + C29 + C30 + EXT_1C_96519060:SNP.CT + EXT_1C_96521656:SNP.CT + EXT_1C_96522560:SNP.CT + EXT_1B_96519060:SNP.CT + EXT_1B_96521656:SNP.CT + W>
M  Contraint for 1C: <gurobi.LinExpr: REG_1C_96602622:SNP.AG> = 1 * A_<gurobi.Var 1C>
M  Contraint for 1B: <gurobi.LinExpr: REG_1B_96602622:SNP.AG> = 1 * A_<gurobi.Var 1B>
M  Contraint for 17: <gurobi.LinExpr: REG_17_96521656:SNP.CT + REG_17_96602622:SNP.AG> = 2 * A_<gurobi.Var 17>
M  Contraint for 96519060:SNP.CT: 0 >= <gurobi.LinExpr: REG_17_96519060:SNP.CT>
M  Contraint for 96521656:SNP.CT: 1 <= <gurobi.QuadExpr: 0.0 + [ REG_17_96521656:SNP.CT * 17 ]> <= 1
M  Contraint for 96521656:SNP.CT: <gurobi.QuadExpr: 0.0 + [ REG_17_96521656:SNP.CT * 17 ]> <= 1
M  Contraint for 96519060:SNP.CT: 0 <= <gurobi.QuadExpr: 0.0 + [ REG_17_96519060:SNP.CT * 17 + EXT_1C_96519060:SNP.CT * 1C + EXT_1B_96519060:SNP.CT * 1B ]> <= 1
M  Contraint for 96602622:SNP.AG: 2 <= <gurobi.QuadExpr: 0.0 + [ REG_1C_96602622:SNP.AG * 1C + REG_1B_96602622:SNP.AG * 1B + REG_17_96602622:SNP.AG * 17 ]> <= 3
M  Contraint for 96602622:SNP.AG: <gurobi.QuadExpr: 0.0 + [ REG_1C_96602622:SNP.AG * 1C + REG_1B_96602622:SNP.AG * 1B + REG_17_96602622:SNP.AG * 17 ]> <= 3
M  Contraint for 96522560:SNP.CT: 1 <= <gurobi.QuadExpr: 0.0 + [ REG_1B_96522560:SNP.CT * 1B + REG_17_96522560:SNP.CT * 17 + EXT_1C_96522560:SNP.CT * 1C ]> <= 2
CN Solver status: optimal, opt: 57.0
  1B: 1
    6.7e 96602622:SNP.AG  569 (100 cp. 2) F
    6.1e 96522560:SNP.CT  801 (100 cp. 2) 
  17: 1
    6.7e 96602622:SNP.AG  569 (100 cp. 2) F
    6.0i 96521656:SNP.CT  357 ( 47 cp. 1) F
    6.1e 96522560:SNP.CT  801 (100 cp. 2) 
Missing:
  1B: 1
  17: 1
    6.0i 96519060:SNP.CT    0 (  0)   rs11188072   -3402:C>T
Extra:
  1B: 1
  17: 1
Time needed: (12.1)
Result is: [('1B', '17')]
