SAM file: bams/NA10837.bam
File bams/NA10837.bam has index
Coverage is 113.886143612
== Allele Filter ==
 6.0i   15988657: SNP.TC                   36 ( 57%) ~     0 (  0)
 6.0i   15988752: DEL.TT                   89 ( 43%) ~     1 (  1)
 6.0i   15989183: SNP.GA                  352 ( 49%) ~     0 (  0)
 6.0i   15989330: SNP.CT                   53 (  9%) ~    21 ( 40)
 6.0i   15989404: SNP.CT                  164 ( 21%) ~    43 ( 26)
 6.0i   15989522: SNP.TC                   33 (  6%) ~    33 (100)
 6.11i  15989870: SNP.TA                   27 ( 47%) ~     0 (  0)
 6.10e  15990430: SNP.CT     18000:G>A    264 ( 54%) ~     0 (  0)
 6.8i   15994638: SNP.GA                    2 (100%) ~     0 (  0)
 6.8i   15996482: INS.g                    24 (100%) ~     0 (  0)
 6.8e   15996819: SNP.GA                   82 ( 40%) ~     0 (  0)
 6.7i   15996906: SNP.CT                  110 ( 49%) ~     0 (  0)
 6.6i   15997136: INS.c                   315 ( 40%) ~     0 (  0)
 6.6i   15997421: SNP.AC                   84 ( 44%) ~     0 (  0)
 6.6i   15997535: SNP.GC                   32 ( 60%) ~     0 (  0)
 6.6i   15997563: SNP.GA                   16 ( 44%) ~     0 (  0)
 6.5i   16000608: SNP.TA                   21 ( 50%) ~     0 (  0)
 6.5i   16000839: SNP.TC                    2 (  8%) ~     0 (  0)
 6.4i   16001739: SNP.AG                  513 ( 51%) ~     0 (  0)
 6.4i   16001851: SNP.TG                  551 ( 52%) ~     1 (  0)
 6.4i   16002302: SNP.AC                   85 (  8%) ~     0 (  0)
 6.2i   16003650: SNP.TC                  248 ( 51%) ~     0 (  0)
 6.2i   16004370: SNP.AT                   49 ( 46%) ~     0 (  0)
 6.2i   16004395: SNP.CG                   47 ( 49%) ~     0 (  0)
 6.2i   16004799: SNP.CA                   81 ( 40%) ~     0 (  0)
 6.2i   16005002: SNP.CT                   11 ( 42%) ~     0 (  0)
 6.2i   16005015: SNP.GA                    8 ( 36%) ~     0 (  0)
 6.2i   16005018: SNP.TC                    6 ( 32%) ~     0 (  0)
 6.2i   16005103: SNP.CT                    3 ( 60%) ~     0 (  0)
 6.2i   16006073: SNP.TA                   19 ( 42%) ~     0 (  0)
 6.2i   16006100: SNP.TC                   28 ( 47%) ~     0 (  0)
 6.2i   16006177: SNP.AG                   93 ( 50%) ~     0 (  0)
 6.2e   16006412: SNP.GA                  167 ( 45%) ~     0 (  0)
 6.1i   16006610: SNP.TC                   45 ( 57%) ~     0 (  0)
 6.1i   16006677: DEL.TCTG                 15 ( 56%) ~     0 (  0)
 6.1i   16006717: INS.atct                 15 ( 60%) ~     0 (  0)
 6.1i   16006853: SNP.AC                    2 ( 33%) ~     0 (  0)
 6.1i   16007783: SNP.AG                    2 ( 40%) ~     0 (  0)
 6.1i   16008098: SNP.TC                  166 ( 54%) ~     0 (  0)
 6.1e   16008256: SNP.TC                  237 ( 47%) ~     0 (  0)
 6.1e   16008387: SNP.AC     34:T>G       130 ( 46%) ~     0 (  0)
Initial status
  CYP2D6.1
  CYP2D6.2
    6.1e           16008387:SNP.AC  130 ( 46) F 34:T>G
  CYP2D6.3
    6.10e          15990430:SNP.CT  264 ( 54) F 18000:G>A
  CYP2D6.4
    6.10e          15990430:SNP.CT  264 ( 54) F 18000:G>A
    6.1e           16008387:SNP.AC  130 ( 46) F 34:T>G
== Copy Number Estimator ==
CNV factor: 1.70122622697 (0.587811299959)
Coverage per region
  region:  2D6  2D7
  0i   :  1.78
  1e   :  2.11
  1i   :  1.99
  2e   :  1.88
  2i   :  1.96
  3e   :  1.84
  3i   :  1.88
  4e   :  1.82
  4i   :  1.90
  5e   :  1.70
  5i   :  1.59
  6e   :  1.86
  6i   :  1.81
  7e   :  1.68
  7i   :  1.58
  8e   :  1.69
  8i   :  1.95
  9e   :  1.85
  9i   :  1.91
  10e  :  1.79
  10i  :  1.77
  11e  :  1.74
  11i  :  1.64
  12e  :  1.76
Max. CN = 2
M  Sentinel contraint for 1: A_1^ <= A_1
M  Contraint for 7e: 1.6822132934 == E_7e + <gurobi.LinExpr: A1 + A1^>
M  Contraint for 6e: 1.86330050114 == E_6e + <gurobi.LinExpr: A1 + A1^>
M  Contraint for 9e: 1.84898494641 == E_9e + <gurobi.LinExpr: A1 + A1^>
M  Contraint for 8e: 1.68505829028 == E_8e + <gurobi.LinExpr: A1 + A1^>
M  Contraint for 2e: 1.87561586641 == E_2e + <gurobi.LinExpr: A1 + A1^>
M  Contraint for 1e: 2.11282375703 == E_1e + <gurobi.LinExpr: A1 + A1^>
M  Contraint for 5e: 1.69691798411 == E_5e + <gurobi.LinExpr: A1 + A1^>
M  Contraint for 4e: 1.81602344759 == E_4e + <gurobi.LinExpr: A1 + A1^>
M  Contraint for 3e: 1.83509942588 == E_3e + <gurobi.LinExpr: A1 + A1^>
M  Objective: <gurobi.LinExpr: C11 + C12 + C13 + C14 + C15 + C16 + C17 + C18 + C19 + 0.5 A1 + 0.5 A1^>
CN Solver status: optimal, opt: 2.80961000181
  Solutions:
    ('1', '1^')
== Initial Solver ==
Solving Counter({'1': 2})
Possible candidates:
  CYP2D6.1
  CYP2D6.2
    6.1e 16008387:SNP.AC  130 ( 46) F 34:T>G
  CYP2D6.3
    6.10e 15990430:SNP.CT  264 ( 54) F 18000:G>A
  CYP2D6.4
    6.1e 16008387:SNP.AC  130 ( 46) F 34:T>G
    6.10e 15990430:SNP.CT  264 ( 54) F 18000:G>A
M  Max. CN for 1 = 2
M  Max. CN for 3 = 2
M  Max. CN for 2 = 2
M  Max. CN for 4 = 2
M  Contraint for 15990430:REF 6.10e: 226 == <gurobi.QuadExpr: 245.0 3_2 + 245.0 2_2 + 245.0 1 + 245.0 3 + 245.0 2 + 245.0 4 + 245.0 4_2 + 245.0 1_2 + [ -245.0 REG_3_2_15990430:SNP.CT * 3_2 + -245.0 REG_3_15990430:SNP.CT * 3 + -245.0 REG_4_15990430:SNP.CT * 4 + -245.0 REG_4_2_15990430:SNP.CT * 4_2 ]> + err
M  Contraint for 15990430:SNP.CT 6.10e: 264 == <gurobi.QuadExpr: 0.0 + [ 245.0 REG_3_2_15990430:SNP.CT * 3_2 + 245.0 REG_3_15990430:SNP.CT * 3 + 245.0 REG_4_15990430:SNP.CT * 4 + 245.0 REG_4_2_15990430:SNP.CT * 4_2 ]> + err
M  Contraint for 16008387:REF 6.1e: 150 == <gurobi.QuadExpr: 140.0 3_2 + 140.0 2_2 + 140.0 1 + 140.0 3 + 140.0 2 + 140.0 4 + 140.0 4_2 + 140.0 1_2 + [ -140.0 REG_2_2_16008387:SNP.AC * 2_2 + -140.0 REG_2_16008387:SNP.AC * 2 + -140.0 REG_4_16008387:SNP.AC * 4 + -140.0 REG_4_2_16008387:SNP.AC * 4_2 ]> + err
M  Contraint for 16008387:SNP.AC 6.1e: 130 == <gurobi.QuadExpr: 0.0 + [ 140.0 REG_2_2_16008387:SNP.AC * 2_2 + 140.0 REG_2_16008387:SNP.AC * 2 + 140.0 REG_4_16008387:SNP.AC * 4 + 140.0 REG_4_2_16008387:SNP.AC * 4_2 ]> + err
M  Contraint for 3_2 15990430:SNP.CT: <gurobi.Var 3_2> >= <gurobi.Var REG_3_2_15990430:SNP.CT>
M  Contraint for 2_2 16008387:SNP.AC: <gurobi.Var 2_2> >= <gurobi.Var REG_2_2_16008387:SNP.AC>
M  Contraint for 3 15990430:SNP.CT: <gurobi.Var 3> >= <gurobi.Var REG_3_15990430:SNP.CT>
M  Contraint for 2 16008387:SNP.AC: <gurobi.Var 2> >= <gurobi.Var REG_2_16008387:SNP.AC>
M  Contraint for 4 15990430:SNP.CT: <gurobi.Var 4> >= <gurobi.Var REG_4_15990430:SNP.CT>
M  Contraint for 4 16008387:SNP.AC: <gurobi.Var 4> >= <gurobi.Var REG_4_16008387:SNP.AC>
M  Contraint for 4_2 15990430:SNP.CT: <gurobi.Var 4_2> >= <gurobi.Var REG_4_2_15990430:SNP.CT>
M  Contraint for 4_2 16008387:SNP.AC: <gurobi.Var 4_2> >= <gurobi.Var REG_4_2_16008387:SNP.AC>
M  CN contraint for 1: 2 == <gurobi.LinExpr: 3_2 + 2_2 + 1 + 3 + 2 + 4 + 4_2 + 1_2>
M  Sentinel contraint for 1: A_1_2 <= A_1
M  Sentinel contraint for 3: A_3_2 <= A_3
M  Sentinel contraint for 2: A_2_2 <= A_2
M  Sentinel contraint for 4: A_4_2 <= A_4
M  Objective: <gurobi.LinExpr: C26 + C27 + C28 + C29>
M  Contraint for 3_2: A_3_2 * (<gurobi.LinExpr: REG_3_2_15990430:SNP.CT> - 1) == 0
M  Contraint for 2_2: A_2_2 * (<gurobi.LinExpr: REG_2_2_16008387:SNP.AC> - 1) == 0
M  Contraint for 3: A_3 * (<gurobi.LinExpr: REG_3_15990430:SNP.CT> - 1) == 0
M  Contraint for 2: A_2 * (<gurobi.LinExpr: REG_2_16008387:SNP.AC> - 1) == 0
M  Contraint for 4: A_4 * (<gurobi.LinExpr: REG_4_15990430:SNP.CT + REG_4_16008387:SNP.AC> - 2) == 0
M  Contraint for 4_2: A_4_2 * (<gurobi.LinExpr: REG_4_2_15990430:SNP.CT + REG_4_2_16008387:SNP.AC> - 2) == 0
M  Contraint for 15990430:SNP.CT: 1 <= <gurobi.QuadExpr: 0.0 + [ 3_2 * REG_3_2_15990430:SNP.CT + 3 * REG_3_15990430:SNP.CT + 4 * REG_4_15990430:SNP.CT + 4_2 * REG_4_2_15990430:SNP.CT ]>
M  Contraint for 16008387:SNP.AC: 1 <= <gurobi.QuadExpr: 0.0 + [ 2_2 * REG_2_2_16008387:SNP.AC + 2 * REG_2_16008387:SNP.AC + 4 * REG_4_16008387:SNP.AC + 4_2 * REG_4_2_16008387:SNP.AC ]>
M  Contraint for 15990430:SNP.CT: 1 <= <gurobi.QuadExpr: 0.0 + [ 3_2 * REG_3_2_15990430:SNP.CT + 3 * REG_3_15990430:SNP.CT + 4 * REG_4_15990430:SNP.CT + 4_2 * REG_4_2_15990430:SNP.CT ]>
M  Contraint for 16008387:SNP.AC: 1 <= <gurobi.QuadExpr: 0.0 + [ 2_2 * REG_2_2_16008387:SNP.AC + 2 * REG_2_16008387:SNP.AC + 4 * REG_4_16008387:SNP.AC + 4_2 * REG_4_2_16008387:SNP.AC ]>
M  Contraint for 15990430:SNP.CT: 1 <= <gurobi.QuadExpr: 0.0 + [ 3_2 * REG_3_2_15990430:SNP.CT + 3 * REG_3_15990430:SNP.CT + 4 * REG_4_15990430:SNP.CT + 4_2 * REG_4_2_15990430:SNP.CT ]>
M  Contraint for 16008387:SNP.AC: 1 <= <gurobi.QuadExpr: 0.0 + [ 2_2 * REG_2_2_16008387:SNP.AC + 2 * REG_2_16008387:SNP.AC + 4 * REG_4_16008387:SNP.AC + 4_2 * REG_4_2_16008387:SNP.AC ]>
M  Contraint for 15990430:SNP.CT: 1 <= <gurobi.QuadExpr: 0.0 + [ 3_2 * REG_3_2_15990430:SNP.CT + 3 * REG_3_15990430:SNP.CT + 4 * REG_4_15990430:SNP.CT + 4_2 * REG_4_2_15990430:SNP.CT ]>
M  Contraint for 16008387:SNP.AC: 1 <= <gurobi.QuadExpr: 0.0 + [ 2_2 * REG_2_2_16008387:SNP.AC + 2 * REG_2_16008387:SNP.AC + 4 * REG_4_16008387:SNP.AC + 4_2 * REG_4_2_16008387:SNP.AC ]>
CN Solver status: optimal, opt: 58.0
  solution:
    ('2', '3')
    ('1', '4')
[32;01mCopy number best structures:[39;49;00m
[32;01m  (1) 2x*1-like[39;49;00m
== Refiner ==
Refining ('2', '3')
M  CN constraint for 3: 1 == <gurobi.LinExpr: 3>
M  CN constraint for 2: 1 == <gurobi.LinExpr: 2>
M  Contraint for 15990430:REF 6.10e: 226 == <gurobi.QuadExpr: 245.0 3 + 245.0 2 + [ -245.0 REG_3_15990430:SNP.CT * 3 + -245.0 EXT_2_15990430:SNP.CT * 2 ]> + err
M  Contraint for 15990430:SNP.CT 6.10e: 264 == <gurobi.QuadExpr: 0.0 + [ 245.0 REG_3_15990430:SNP.CT * 3 + 245.0 EXT_2_15990430:SNP.CT * 2 ]> + err
M  Contraint for 16008387:REF 6.1e: 150 == <gurobi.QuadExpr: 140.0 3 + 140.0 2 + [ -140.0 EXT_3_16008387:SNP.AC * 3 + -140.0 REG_2_16008387:SNP.AC * 2 ]> + err
M  Contraint for 16008387:SNP.AC 6.1e: 130 == <gurobi.QuadExpr: 0.0 + [ 140.0 EXT_3_16008387:SNP.AC * 3 + 140.0 REG_2_16008387:SNP.AC * 2 ]> + err
M  Contraint for MM[missing] 3 15990430:SNP.CT: <gurobi.Var 3> >= <gurobi.Var REG_3_15990430:SNP.CT>
M  Contraint for MM[missing] 2 16008387:SNP.AC: <gurobi.Var 2> >= <gurobi.Var REG_2_16008387:SNP.AC>
M  Contraint for MA[extra] 3 16008387:SNP.AC: <gurobi.Var 3> >= <gurobi.Var EXT_3_16008387:SNP.AC>
M  Contraint for MA[extra] 2 15990430:SNP.CT: <gurobi.Var 2> >= <gurobi.Var EXT_2_15990430:SNP.CT>
M  Objective: <gurobi.LinExpr: C10 + C11 + C12 + C13 + EXT_3_16008387:SNP.AC + EXT_2_15990430:SNP.CT + W>
M  Contraint for 3: <gurobi.LinExpr: REG_3_15990430:SNP.CT> = 1 * A_<gurobi.Var 3>
M  Contraint for 2: <gurobi.LinExpr: REG_2_16008387:SNP.AC> = 1 * A_<gurobi.Var 2>
M  Contraint for 15990430:SNP.CT: 1 <= <gurobi.QuadExpr: 0.0 + [ REG_3_15990430:SNP.CT * 3 ]> <= 2
M  Contraint for 15990430:SNP.CT: <gurobi.QuadExpr: 0.0 + [ REG_3_15990430:SNP.CT * 3 ]> <= 2
M  Contraint for 16008387:SNP.AC: 1 <= <gurobi.QuadExpr: 0.0 + [ REG_2_16008387:SNP.AC * 2 ]> <= 1
M  Contraint for 16008387:SNP.AC: <gurobi.QuadExpr: 0.0 + [ REG_2_16008387:SNP.AC * 2 ]> <= 1
CN Solver status: optimal, opt: 58.0
  3: 1
    6.10e 15990430:SNP.CT  264 ( 54 cp. 1) F
  2: 1
    6.1e 16008387:SNP.AC  130 ( 46 cp. 1) F
Missing:
  3: 1
  2: 1
Extra:
  3: 1
  2: 1
== Refiner ==
Refining ('1', '4')
M  CN constraint for 1: 1 == <gurobi.LinExpr: 1>
M  CN constraint for 4: 1 == <gurobi.LinExpr: 4>
M  Contraint for 15990430:REF 6.10e: 226 == <gurobi.QuadExpr: 245.0 1 + 245.0 4 + [ -245.0 EXT_1_15990430:SNP.CT * 1 + -245.0 REG_4_15990430:SNP.CT * 4 ]> + err
M  Contraint for 15990430:SNP.CT 6.10e: 264 == <gurobi.QuadExpr: 0.0 + [ 245.0 EXT_1_15990430:SNP.CT * 1 + 245.0 REG_4_15990430:SNP.CT * 4 ]> + err
M  Contraint for 16008387:REF 6.1e: 150 == <gurobi.QuadExpr: 140.0 1 + 140.0 4 + [ -140.0 EXT_1_16008387:SNP.AC * 1 + -140.0 REG_4_16008387:SNP.AC * 4 ]> + err
M  Contraint for 16008387:SNP.AC 6.1e: 130 == <gurobi.QuadExpr: 0.0 + [ 140.0 EXT_1_16008387:SNP.AC * 1 + 140.0 REG_4_16008387:SNP.AC * 4 ]> + err
M  Contraint for MM[missing] 4 15990430:SNP.CT: <gurobi.Var 4> >= <gurobi.Var REG_4_15990430:SNP.CT>
M  Contraint for MM[missing] 4 16008387:SNP.AC: <gurobi.Var 4> >= <gurobi.Var REG_4_16008387:SNP.AC>
M  Contraint for MA[extra] 1 15990430:SNP.CT: <gurobi.Var 1> >= <gurobi.Var EXT_1_15990430:SNP.CT>
M  Contraint for MA[extra] 1 16008387:SNP.AC: <gurobi.Var 1> >= <gurobi.Var EXT_1_16008387:SNP.AC>
M  Objective: <gurobi.LinExpr: C10 + C11 + C12 + C13 + EXT_1_15990430:SNP.CT + EXT_1_16008387:SNP.AC + W>
M  Contraint for 4: <gurobi.LinExpr: REG_4_16008387:SNP.AC + REG_4_15990430:SNP.CT> = 2 * A_<gurobi.Var 4>
M  Contraint for 15990430:SNP.CT: 1 <= <gurobi.QuadExpr: 0.0 + [ REG_4_15990430:SNP.CT * 4 ]> <= 2
M  Contraint for 15990430:SNP.CT: <gurobi.QuadExpr: 0.0 + [ REG_4_15990430:SNP.CT * 4 ]> <= 2
M  Contraint for 16008387:SNP.AC: 1 <= <gurobi.QuadExpr: 0.0 + [ REG_4_16008387:SNP.AC * 4 ]> <= 1
M  Contraint for 16008387:SNP.AC: <gurobi.QuadExpr: 0.0 + [ REG_4_16008387:SNP.AC * 4 ]> <= 1
CN Solver status: optimal, opt: 58.0
  1: 1
  4: 1
    6.10e 15990430:SNP.CT  264 ( 54 cp. 1) F
    6.1e 16008387:SNP.AC  130 ( 46 cp. 1) F
Missing:
  1: 1
  4: 1
Extra:
  1: 1
  4: 1
Time needed: (13.9)
Result is: [('2', '3'), ('1', '4')]
