SAM file: bams/NA10861.bam
File bams/NA10861.bam has index
Coverage is 495.462820729
== Allele Filter ==
 6.0i   99245913: SNP.GA     31611:C>T   1429 (100%) ~     0 (  0)
 6.12i  99246267: SNP.CA                    5 (  5%) ~     0 (  0)
 6.12i  99246280: SNP.AG                    4 (  6%) ~     0 (  0)
 6.12i  99246287: INS.t                    11 ( 17%) ~     0 (  0)
 6.12i  99246300: SNP.AT                    4 (  7%) ~     0 (  0)
 6.11e  99250235: SNP.GT     27289:C>A    618 ( 50%) ~     0 (  0)
 6.10i  99257834: SNP.TC                   18 (  5%) ~     0 (  0)
 6.10i  99257868: SNP.AT                   35 ( 10%) ~     0 (  0)
 6.10i  99257868: DEL.AC                   18 (  5%) ~     0 (  0)
 6.10i  99257869: SNP.CT                   46 ( 13%) ~     0 (  0)
 6.10i  99257875: SNP.AT                   30 (  7%) ~     0 (  0)
 6.10i  99257878: SNP.AT                   56 ( 12%) ~     0 (  0)
 6.10i  99257881: SNP.GT                   41 (  8%) ~     0 (  0)
 6.10i  99257885: SNP.TA                   47 (  8%) ~     0 (  0)
 6.10i  99257888: SNP.CA                   52 (  9%) ~     0 (  0)
 6.10i  99257890: SNP.GA                   51 (  8%) ~     0 (  0)
 6.10i  99257891: SNP.TA                   56 (  9%) ~     0 (  0)
 6.10i  99257895: SNP.CA                   50 (  8%) ~     0 (  0)
 6.10i  99257899: SNP.TG                   51 (  7%) ~     0 (  0)
 6.9i   99260385: SNP.GC                   40 (  6%) ~     0 (  0)
 6.9i   99260401: SNP.TC                   58 (  8%) ~     0 (  0)
 6.7i   99262571: SNP.GA                   54 (100%) ~     0 (  0)
 6.7i   99262582: SNP.GC                   38 ( 53%) ~     0 (  0)
 6.4i   99264809: SNP.CA                   11 (  6%) ~     0 (  0)
 6.4i   99264829: SNP.CA                   10 (  6%) ~     0 (  0)
 6.4i   99264832: SNP.TG                    8 (  5%) ~     0 (  0)
 6.4i   99264840: SNP.CT                    8 (  6%) ~     0 (  0)
 6.4i   99264846: SNP.GC                    9 (  8%) ~     0 (  0)
 6.4i   99264855: SNP.CT                   13 ( 13%) ~     0 (  0)
 6.4i   99264858: SNP.CT                    9 (  9%) ~     0 (  0)
 6.4i   99264859: SNP.TG                   17 ( 16%) ~     0 (  0)
 6.4i   99264861: SNP.AG                   21 ( 21%) ~     0 (  0)
 6.4i   99264866: SNP.AG                   10 ( 11%) ~     0 (  0)
 6.4i   99264867: SNP.TG                   14 ( 15%) ~     0 (  0)
 6.4i   99264869: SNP.TG                   40 ( 42%) ~     0 (  0)
 6.4i   99264874: SNP.CG                   36 ( 39%) ~     0 (  0)
 6.4i   99264880: SNP.TG                   19 ( 22%) ~     0 (  0)
 6.4i   99268733: SNP.GC                   27 (  6%) ~     0 (  0)
 6.4i   99268740: INS.tg                   31 (  7%) ~     0 (  0)
 6.4i   99268787: SNP.AT                   39 ( 11%) ~     0 (  0)
 6.4i   99268792: SNP.AG                   30 (  8%) ~     0 (  0)
 6.4i   99268886: SNP.TG                  357 ( 37%) ~     0 (  0)
 6.4i   99268893: SNP.GT                   63 (  6%) ~     0 (  0)
 6.4i   99268924: SNP.AT                   84 (  8%) ~     0 (  0)
 6.4i   99269665: DEL.TTG                   6 (  6%) ~     0 (  0)
 6.3i   99270538: SNP.TC     6986:A>G     891 (100%) ~     0 (  0)
 6.2i   99273232: SNP.TC                  444 (100%) ~     0 (  0)
 6.2i   99273233: SNP.CT                  430 (100%) ~     0 (  0)
 6.2i   99273241: SNP.TC                  382 (100%) ~     0 (  0)
 6.2i   99273243: SNP.TC                  369 (100%) ~     0 (  0)
 6.2i   99273246: SNP.CT                  339 (100%) ~     0 (  0)
 6.2i   99273248: SNP.CT                  320 (100%) ~     0 (  0)
 6.2i   99273266: DEL.CC                   33 ( 13%) ~     0 (  0)
 6.2i   99273267: INS.tcct                 76 ( 35%) ~     0 (  0)
 6.2i   99273267: SNP.CT                   87 ( 40%) ~     0 (  0)
 6.2i   99273269: SNP.CT                   36 ( 15%) ~     0 (  0)
 6.2i   99273270: SNP.AC                  143 ( 60%) ~     0 (  0)
 6.2i   99273270: SNP.AT                   72 ( 30%) ~     0 (  0)
 6.2i   99273271: INS.a                    75 ( 33%) ~     0 (  0)
 6.2i   99273272: SNP.TC                   60 ( 27%) ~     0 (  0)
 6.2i   99273275: SNP.TC                   73 ( 32%) ~     0 (  0)
 6.2i   99273275: SNP.TA                   51 ( 22%) ~     0 (  0)
 6.2i   99273279: SNP.CT                   13 (  6%) ~     0 (  0)
 6.2i   99273280: SNP.CT                   49 ( 26%) ~     0 (  0)
 6.2i   99273282: SNP.TC                   10 (  5%) ~     0 (  0)
 6.2i   99273283: INS.c                    97 ( 51%) ~     0 (  0)
 6.2i   99273292: DEL.T                    15 ( 10%) ~     0 (  0)
 6.2i   99273294: SNP.TC                    9 (  6%) ~     0 (  0)
 6.2i   99273297: SNP.TC                    7 (  8%) ~     0 (  0)
 6.2i   99273297: DEL.TT                   61 ( 69%) ~     0 (  0)
 6.2i   99273298: SNP.TC                    5 ( 16%) ~     0 (  0)
 6.2i   99273298: INS.c                     9 ( 28%) ~     0 (  0)
 6.2i   99273303: SNP.TC                   58 ( 67%) ~     0 (  0)
 6.2i   99273305: SNP.TC                   56 ( 86%) ~     0 (  0)
 6.2i   99273332: SNP.CT                    2 ( 11%) ~     0 (  0)
 6.2i   99273335: SNP.CT                    2 (  9%) ~     0 (  0)
 6.1i   99276166: SNP.TC                    2 (  9%) ~     0 (  0)
Removing 3K    6.12e 99247771:SNP.AG
Removing 3J    6.12e 99247742:SNP.TC
Removing 3L    6.2e 99273744:SNP.TC
Removing 3B    6.2e 99273814:SNP.GA,  6.2e 99273810:INS.c
Removing 3G    6.5i 99264572:SNP.AG
Removing 3F    6.13e 99245973:SNP.AG
Removing 3D    6.4e 99270275:SNP.AC
Removing 4     6.7e 99262859:SNP.TC
Removing 5     6.5i 99264572:SNP.AG
Removing 6     6.7e 99262834:SNP.CT
Removing 7     6.11e 99250393:INS.a
Removing 8     6.2e 99273820:SNP.GA
Removing 9X    6.10e 99258138:SNP.CT
Removing 9     6.10e 99258138:SNP.CT
Initial status
  CYP2D6.1C
                   99277592:SNP.GA    0 (  0)   -74:C>T
  CYP2D6.1E
    6.9i           99260361:SNP.CA    0 (  0)   17163:G>T
  CYP2D6.1D
    6.0i           99245913:SNP.GA 1429 (100)   31611:C>T
  CYP2D6.1
  CYP2D6.1B
                   99277604:SNP.CT    0 (  0)   -86:G>A
  CYP2D6.2
    6.11e          99250235:SNP.GT  618 ( 50) F 27289:C>A
  CYP2D6.3H
    6.0i           99245913:SNP.GA 1429 (100)   31611:C>T
    6.5i           99264416:SNP.AG    0 (  0)   13108:T>C
    6.3i           99270538:SNP.TC  891 (100) F 6986:A>G
  CYP2D6.3C
    6.3i           99270538:SNP.TC  891 (100) F 6986:A>G
  CYP2D6.3A
    6.0i           99245913:SNP.GA 1429 (100)   31611:C>T
    6.3i           99270538:SNP.TC  891 (100) F 6986:A>G
  CYP2D6.3E
    6.0i           99245913:SNP.GA 1429 (100)   31611:C>T
    6.10i          99250474:SNP.TC    0 (  0)   27050:A>G
    6.3i           99270538:SNP.TC  891 (100) F 6986:A>G
  CYP2D6.3I
    6.0i           99245913:SNP.GA 1429 (100)   31611:C>T
    6.8i           99260621:SNP.TC    0 (  0)   16903:A>G
    6.3i           99270538:SNP.TC  891 (100) F 6986:A>G
== Copy Number Estimator ==
CNV factor: 1.38706013963 (0.720949273524)
Coverage per region
  region:  2D6  2D7
  0i   :  1.67
  1e   :  2.01
  1i   :  1.89
  2e   :  1.92
  2i   :  1.80
  3e   :  1.79
  3i   :  1.81
  4e   :  1.75
  4i   :  1.79
  5e   :  1.93
  5i   :  1.78
  6e   :  1.92
  6i   :  1.99
  7e   :  1.89
  7i   :  1.85
  8e   :  1.74
  8i   :  1.87
  9e   :  1.84
  9i   :  1.86
  10e  :  1.84
  10i  :  1.90
  11e  :  1.88
  11i  :  1.93
  12e  :  1.88
  12i  :  1.67
  13e  :  1.69
Max. CN = 2
M  Sentinel contraint for 1: A_1^ <= A_1
M  Contraint for 7e: 1.88584268815 == E_7e + <gurobi.LinExpr: A1 + A1^>
M  Contraint for 6e: 1.91619753493 == E_6e + <gurobi.LinExpr: A1 + A1^>
M  Contraint for 9e: 1.83961758417 == E_9e + <gurobi.LinExpr: A1 + A1^>
M  Contraint for 8e: 1.73657379042 == E_8e + <gurobi.LinExpr: A1 + A1^>
M  Contraint for 2e: 1.91692934861 == E_2e + <gurobi.LinExpr: A1 + A1^>
M  Contraint for 1e: 2.01269047807 == E_1e + <gurobi.LinExpr: A1 + A1^>
M  Contraint for 5e: 1.92901562453 == E_5e + <gurobi.LinExpr: A1 + A1^>
M  Contraint for 4e: 1.75183328597 == E_4e + <gurobi.LinExpr: A1 + A1^>
M  Contraint for 3e: 1.79367063747 == E_3e + <gurobi.LinExpr: A1 + A1^>
M  Objective: <gurobi.LinExpr: C11 + C12 + C13 + C14 + C15 + C16 + C17 + C18 + C19 + 0.5 A1 + 0.5 A1^>
CN Solver status: optimal, opt: 2.24300998382
  Solutions:
    ('1', '1^')
== Initial Solver ==
Solving Counter({'1': 2})
Possible candidates:
  CYP2D6.1
  CYP2D6.2
    6.11e 99250235:SNP.GT  618 ( 50) F 27289:C>A
  CYP2D6.3A
    6.3i 99270538:SNP.TC  891 (100) F 6986:A>G
M  Max. CN for 1 = 2
M  Max. CN for 3A = 2
M  Max. CN for 2 = 2
M  Contraint for 99270538:SNP.TC 6.3i: 891 == <gurobi.QuadExpr: 0.0 + [ 446.5 REG_3A_2_99270538:SNP.TC * 3A_2 + 446.5 REG_3A_99270538:SNP.TC * 3A ]> + err
M  Contraint for 99250235:REF 6.11e: 629 == <gurobi.QuadExpr: 623.5 3A_2 + 623.5 2_2 + 623.5 1 + 623.5 2 + 623.5 1_2 + 623.5 3A + [ -623.5 REG_2_2_99250235:SNP.GT * 2_2 + -623.5 REG_2_99250235:SNP.GT * 2 ]> + err
M  Contraint for 99270538:REF 6.3i: 2 == <gurobi.QuadExpr: 446.5 3A_2 + 446.5 2_2 + 446.5 1 + 446.5 2 + 446.5 1_2 + 446.5 3A + [ -446.5 REG_3A_2_99270538:SNP.TC * 3A_2 + -446.5 REG_3A_99270538:SNP.TC * 3A ]> + err
M  Contraint for 99250235:SNP.GT 6.11e: 618 == <gurobi.QuadExpr: 0.0 + [ 623.5 REG_2_2_99250235:SNP.GT * 2_2 + 623.5 REG_2_99250235:SNP.GT * 2 ]> + err
M  Contraint for 2_2 99250235:SNP.GT: <gurobi.Var 2_2> >= <gurobi.Var REG_2_2_99250235:SNP.GT>
M  Contraint for 2 99250235:SNP.GT: <gurobi.Var 2> >= <gurobi.Var REG_2_99250235:SNP.GT>
M  Contraint for 3A_2 99270538:SNP.TC: <gurobi.Var 3A_2> >= <gurobi.Var REG_3A_2_99270538:SNP.TC>
M  Contraint for 3A 99270538:SNP.TC: <gurobi.Var 3A> >= <gurobi.Var REG_3A_99270538:SNP.TC>
M  CN contraint for 1: 2 == <gurobi.LinExpr: 2_2 + 1 + 2 + 3A_2 + 3A + 1_2>
M  Sentinel contraint for 1: A_1_2 <= A_1
M  Sentinel contraint for 2: A_2_2 <= A_2
M  Sentinel contraint for 3A: A_3A_2 <= A_3A
M  Objective: <gurobi.LinExpr: C16 + C17 + C18 + C19>
M  Contraint for 3A_2: A_3A_2 * (<gurobi.LinExpr: REG_3A_2_99270538:SNP.TC> - 1) == 0
M  Contraint for 2_2: A_2_2 * (<gurobi.LinExpr: REG_2_2_99250235:SNP.GT> - 1) == 0
M  Contraint for 2: A_2 * (<gurobi.LinExpr: REG_2_99250235:SNP.GT> - 1) == 0
M  Contraint for 3A: A_3A * (<gurobi.LinExpr: REG_3A_99270538:SNP.TC> - 1) == 0
M  Contraint for 99270538:SNP.TC: 1 <= <gurobi.QuadExpr: 0.0 + [ 3A_2 * REG_3A_2_99270538:SNP.TC + 3A * REG_3A_99270538:SNP.TC ]>
M  Contraint for 99250235:SNP.GT: 1 <= <gurobi.QuadExpr: 0.0 + [ 2_2 * REG_2_2_99250235:SNP.GT + 2 * REG_2_99250235:SNP.GT ]>
M  Contraint for 99250235:SNP.GT: 1 <= <gurobi.QuadExpr: 0.0 + [ 2_2 * REG_2_2_99250235:SNP.GT + 2 * REG_2_99250235:SNP.GT ]>
M  Contraint for 99270538:SNP.TC: 1 <= <gurobi.QuadExpr: 0.0 + [ 3A_2 * REG_3A_2_99270538:SNP.TC + 3A * REG_3A_99270538:SNP.TC ]>
CN Solver status: optimal, opt: 900.0
  solution:
    ('2', '3A')
[32;01mCopy number best structures:[39;49;00m
[32;01m  (1) 2x*1-like[39;49;00m
== Refiner ==
Refining ('2', '3A')
M  CN constraint for 3A: 1 == <gurobi.LinExpr: 3H + 3I + 3C + 3A + 3E>
M  CN constraint for 2: 1 == <gurobi.LinExpr: 2>
M  Contraint for 99250235:SNP.GT 6.11e: 618 == <gurobi.QuadExpr: 0.0 + [ 623.5 EXT_3H_99250235:SNP.GT * 3H + 623.5 EXT_3I_99250235:SNP.GT * 3I + 623.5 REG_2_99250235:SNP.GT * 2 + 623.5 EXT_3C_99250235:SNP.GT * 3C + 623.5 EXT_3A_99250235:SNP.GT * 3A + 623.5 EXT_3E_99250235:SNP.GT * 3E ]> + err
M  Contraint for 99250474:SNP.TC 6.10i: 0 == <gurobi.QuadExpr: 0.0 + [ 379.5 EXT_3H_99250474:SNP.TC * 3H + 379.5 EXT_3I_99250474:SNP.TC * 3I + 379.5 EXT_2_99250474:SNP.TC * 2 + 379.5 EXT_3C_99250474:SNP.TC * 3C + 379.5 EXT_3A_99250474:SNP.TC * 3A + 379.5 REG_3E_99250474:SNP.TC * 3E ]> + err
M  Contraint for 99260621:SNP.TC 6.8i: 0 == <gurobi.QuadExpr: 0.0 + [ 800.0 EXT_3H_99260621:SNP.TC * 3H + 800.0 REG_3I_99260621:SNP.TC * 3I + 800.0 EXT_2_99260621:SNP.TC * 2 + 800.0 EXT_3C_99260621:SNP.TC * 3C + 800.0 EXT_3A_99260621:SNP.TC * 3A + 800.0 EXT_3E_99260621:SNP.TC * 3E ]> + err
M  Contraint for 99270538:REF 6.3i: 2 == <gurobi.QuadExpr: 446.5 3H + 446.5 3I + 446.5 2 + 446.5 3C + 446.5 3A + 446.5 3E + [ -446.5 REG_3H_99270538:SNP.TC * 3H + -446.5 REG_3I_99270538:SNP.TC * 3I + -446.5 EXT_2_99270538:SNP.TC * 2 + -446.5 REG_3C_99270538:SNP.TC * 3C + -446.5 REG_3A_99270538:SNP.TC * 3A + -446.5 REG_3E_99270538:SNP.TC * 3E ]> + err
M  Contraint for 99260621:REF 6.8i: 1600 == <gurobi.QuadExpr: 800.0 3H + 800.0 3I + 800.0 2 + 800.0 3C + 800.0 3A + 800.0 3E + [ -800.0 EXT_3H_99260621:SNP.TC * 3H + -800.0 REG_3I_99260621:SNP.TC * 3I + -800.0 EXT_2_99260621:SNP.TC * 2 + -800.0 EXT_3C_99260621:SNP.TC * 3C + -800.0 EXT_3A_99260621:SNP.TC * 3A + -800.0 EXT_3E_99260621:SNP.TC * 3E ]> + err
M  Contraint for 99245913:SNP.GA 6.0i: 1429 == <gurobi.QuadExpr: 0.0 + [ 715.0 REG_3H_99245913:SNP.GA * 3H + 715.0 REG_3I_99245913:SNP.GA * 3I + 715.0 EXT_2_99245913:SNP.GA * 2 + 715.0 EXT_3C_99245913:SNP.GA * 3C + 715.0 REG_3A_99245913:SNP.GA * 3A + 715.0 REG_3E_99245913:SNP.GA * 3E ]> + err
M  Contraint for 99245913:REF 6.0i: 1 == <gurobi.QuadExpr: 715.0 3H + 715.0 3I + 715.0 2 + 715.0 3C + 715.0 3A + 715.0 3E + [ -715.0 REG_3H_99245913:SNP.GA * 3H + -715.0 REG_3I_99245913:SNP.GA * 3I + -715.0 EXT_2_99245913:SNP.GA * 2 + -715.0 EXT_3C_99245913:SNP.GA * 3C + -715.0 REG_3A_99245913:SNP.GA * 3A + -715.0 REG_3E_99245913:SNP.GA * 3E ]> + err
M  Contraint for 99270538:SNP.TC 6.3i: 891 == <gurobi.QuadExpr: 0.0 + [ 446.5 REG_3H_99270538:SNP.TC * 3H + 446.5 REG_3I_99270538:SNP.TC * 3I + 446.5 EXT_2_99270538:SNP.TC * 2 + 446.5 REG_3C_99270538:SNP.TC * 3C + 446.5 REG_3A_99270538:SNP.TC * 3A + 446.5 REG_3E_99270538:SNP.TC * 3E ]> + err
M  Contraint for 99250235:REF 6.11e: 629 == <gurobi.QuadExpr: 623.5 3H + 623.5 3I + 623.5 2 + 623.5 3C + 623.5 3A + 623.5 3E + [ -623.5 EXT_3H_99250235:SNP.GT * 3H + -623.5 EXT_3I_99250235:SNP.GT * 3I + -623.5 REG_2_99250235:SNP.GT * 2 + -623.5 EXT_3C_99250235:SNP.GT * 3C + -623.5 EXT_3A_99250235:SNP.GT * 3A + -623.5 EXT_3E_99250235:SNP.GT * 3E ]> + err
M  Contraint for 99250474:REF 6.10i: 759 == <gurobi.QuadExpr: 379.5 3H + 379.5 3I + 379.5 2 + 379.5 3C + 379.5 3A + 379.5 3E + [ -379.5 EXT_3H_99250474:SNP.TC * 3H + -379.5 EXT_3I_99250474:SNP.TC * 3I + -379.5 EXT_2_99250474:SNP.TC * 2 + -379.5 EXT_3C_99250474:SNP.TC * 3C + -379.5 EXT_3A_99250474:SNP.TC * 3A + -379.5 REG_3E_99250474:SNP.TC * 3E ]> + err
M  Contraint for 99264416:SNP.AG 6.5i: 0 == <gurobi.QuadExpr: 0.0 + [ 484.5 REG_3H_99264416:SNP.AG * 3H + 484.5 EXT_3I_99264416:SNP.AG * 3I + 484.5 EXT_2_99264416:SNP.AG * 2 + 484.5 EXT_3C_99264416:SNP.AG * 3C + 484.5 EXT_3A_99264416:SNP.AG * 3A + 484.5 EXT_3E_99264416:SNP.AG * 3E ]> + err
M  Contraint for 99264416:REF 6.5i: 969 == <gurobi.QuadExpr: 484.5 3H + 484.5 3I + 484.5 2 + 484.5 3C + 484.5 3A + 484.5 3E + [ -484.5 REG_3H_99264416:SNP.AG * 3H + -484.5 EXT_3I_99264416:SNP.AG * 3I + -484.5 EXT_2_99264416:SNP.AG * 2 + -484.5 EXT_3C_99264416:SNP.AG * 3C + -484.5 EXT_3A_99264416:SNP.AG * 3A + -484.5 EXT_3E_99264416:SNP.AG * 3E ]> + err
M  Contraint for MM[missing] 3H 99270538:SNP.TC: <gurobi.Var 3H> >= <gurobi.Var REG_3H_99270538:SNP.TC>
M  Contraint for MM[missing] 3H 99245913:SNP.GA: <gurobi.Var 3H> >= <gurobi.Var REG_3H_99245913:SNP.GA>
M  Contraint for MM[missing] 3H 99264416:SNP.AG: <gurobi.Var 3H> >= <gurobi.Var REG_3H_99264416:SNP.AG>
M  Contraint for MM[missing] 3I 99270538:SNP.TC: <gurobi.Var 3I> >= <gurobi.Var REG_3I_99270538:SNP.TC>
M  Contraint for MM[missing] 3I 99245913:SNP.GA: <gurobi.Var 3I> >= <gurobi.Var REG_3I_99245913:SNP.GA>
M  Contraint for MM[missing] 3I 99260621:SNP.TC: <gurobi.Var 3I> >= <gurobi.Var REG_3I_99260621:SNP.TC>
M  Contraint for MM[missing] 2 99250235:SNP.GT: <gurobi.Var 2> >= <gurobi.Var REG_2_99250235:SNP.GT>
M  Contraint for MM[missing] 3C 99270538:SNP.TC: <gurobi.Var 3C> >= <gurobi.Var REG_3C_99270538:SNP.TC>
M  Contraint for MM[missing] 3A 99270538:SNP.TC: <gurobi.Var 3A> >= <gurobi.Var REG_3A_99270538:SNP.TC>
M  Contraint for MM[missing] 3A 99245913:SNP.GA: <gurobi.Var 3A> >= <gurobi.Var REG_3A_99245913:SNP.GA>
M  Contraint for MM[missing] 3E 99270538:SNP.TC: <gurobi.Var 3E> >= <gurobi.Var REG_3E_99270538:SNP.TC>
M  Contraint for MM[missing] 3E 99245913:SNP.GA: <gurobi.Var 3E> >= <gurobi.Var REG_3E_99245913:SNP.GA>
M  Contraint for MM[missing] 3E 99250474:SNP.TC: <gurobi.Var 3E> >= <gurobi.Var REG_3E_99250474:SNP.TC>
M  Contraint for MA[extra] 3H 99250474:SNP.TC: <gurobi.Var 3H> >= <gurobi.Var EXT_3H_99250474:SNP.TC>
M  Contraint for MA[extra] 3H 99250235:SNP.GT: <gurobi.Var 3H> >= <gurobi.Var EXT_3H_99250235:SNP.GT>
M  Contraint for MA[extra] 3H 99260621:SNP.TC: <gurobi.Var 3H> >= <gurobi.Var EXT_3H_99260621:SNP.TC>
M  Contraint for MA[extra] 3I 99250474:SNP.TC: <gurobi.Var 3I> >= <gurobi.Var EXT_3I_99250474:SNP.TC>
M  Contraint for MA[extra] 3I 99264416:SNP.AG: <gurobi.Var 3I> >= <gurobi.Var EXT_3I_99264416:SNP.AG>
M  Contraint for MA[extra] 3I 99250235:SNP.GT: <gurobi.Var 3I> >= <gurobi.Var EXT_3I_99250235:SNP.GT>
M  Contraint for MA[extra] 2 99250474:SNP.TC: <gurobi.Var 2> >= <gurobi.Var EXT_2_99250474:SNP.TC>
M  Contraint for MA[extra] 2 99245913:SNP.GA: <gurobi.Var 2> >= <gurobi.Var EXT_2_99245913:SNP.GA>
M  Contraint for MA[extra] 2 99264416:SNP.AG: <gurobi.Var 2> >= <gurobi.Var EXT_2_99264416:SNP.AG>
M  Contraint for MA[extra] 2 99260621:SNP.TC: <gurobi.Var 2> >= <gurobi.Var EXT_2_99260621:SNP.TC>
M  Contraint for MA[extra] 2 99270538:SNP.TC: <gurobi.Var 2> >= <gurobi.Var EXT_2_99270538:SNP.TC>
M  Contraint for MA[extra] 3C 99264416:SNP.AG: <gurobi.Var 3C> >= <gurobi.Var EXT_3C_99264416:SNP.AG>
M  Contraint for MA[extra] 3C 99250474:SNP.TC: <gurobi.Var 3C> >= <gurobi.Var EXT_3C_99250474:SNP.TC>
M  Contraint for MA[extra] 3C 99245913:SNP.GA: <gurobi.Var 3C> >= <gurobi.Var EXT_3C_99245913:SNP.GA>
M  Contraint for MA[extra] 3C 99250235:SNP.GT: <gurobi.Var 3C> >= <gurobi.Var EXT_3C_99250235:SNP.GT>
M  Contraint for MA[extra] 3C 99260621:SNP.TC: <gurobi.Var 3C> >= <gurobi.Var EXT_3C_99260621:SNP.TC>
M  Contraint for MA[extra] 3A 99264416:SNP.AG: <gurobi.Var 3A> >= <gurobi.Var EXT_3A_99264416:SNP.AG>
M  Contraint for MA[extra] 3A 99250474:SNP.TC: <gurobi.Var 3A> >= <gurobi.Var EXT_3A_99250474:SNP.TC>
M  Contraint for MA[extra] 3A 99250235:SNP.GT: <gurobi.Var 3A> >= <gurobi.Var EXT_3A_99250235:SNP.GT>
M  Contraint for MA[extra] 3A 99260621:SNP.TC: <gurobi.Var 3A> >= <gurobi.Var EXT_3A_99260621:SNP.TC>
M  Contraint for MA[extra] 3E 99264416:SNP.AG: <gurobi.Var 3E> >= <gurobi.Var EXT_3E_99264416:SNP.AG>
M  Contraint for MA[extra] 3E 99250235:SNP.GT: <gurobi.Var 3E> >= <gurobi.Var EXT_3E_99250235:SNP.GT>
M  Contraint for MA[extra] 3E 99260621:SNP.TC: <gurobi.Var 3E> >= <gurobi.Var EXT_3E_99260621:SNP.TC>
M  Objective: <gurobi.LinExpr: C54 + C55 + C56 + C57 + C58 + C59 + C60 + C61 + C62 + C63 + C64 + C65 + EXT_3H_99250474:SNP.TC + EXT_3H_99250235:SNP.GT + EXT_3H_99260621:SNP.TC + EXT_3I_99250474:SNP.TC + EXT_3I_99264416:SNP.AG + EXT_3I_99250235:SNP.GT + EXT_2_99250474:SNP.TC + EXT_2_99245913:SNP.GA + EXT_2_99264416:SNP.AG + EXT_2_99260621:SNP.TC + EXT_2_99270538:SNP.TC + EXT_3C_99264416:SNP.AG + EXT_3C_99250474:SNP.TC + EXT_3C_99245913:SNP.GA + EXT_3C_99250235:SNP.GT + EXT_3C_99260621:SNP.TC + EXT_3A_99264416:SNP.AG + EXT_3A_99250474:SNP.TC + EXT_3A_99250235:SNP.GT + EXT_3A_99260621:SNP.TC + EXT_3E_99264416:SNP.AG + EXT_3E_99250235:SNP.GT + EXT_3E_99260621:SNP.TC + W>
M  Contraint for 3H: <gurobi.LinExpr: REG_3H_99270538:SNP.TC> = 1 * A_<gurobi.Var 3H>
M  Contraint for 3I: <gurobi.LinExpr: REG_3I_99270538:SNP.TC> = 1 * A_<gurobi.Var 3I>
M  Contraint for 2: <gurobi.LinExpr: REG_2_99250235:SNP.GT> = 1 * A_<gurobi.Var 2>
M  Contraint for 3C: <gurobi.LinExpr: REG_3C_99270538:SNP.TC> = 1 * A_<gurobi.Var 3C>
M  Contraint for 3A: <gurobi.LinExpr: REG_3A_99270538:SNP.TC> = 1 * A_<gurobi.Var 3A>
M  Contraint for 3E: <gurobi.LinExpr: REG_3E_99270538:SNP.TC> = 1 * A_<gurobi.Var 3E>
M  Contraint for 99264416:SNP.AG: 0 >= <gurobi.LinExpr: REG_3H_99264416:SNP.AG>
M  Contraint for 99260621:SNP.TC: 0 >= <gurobi.LinExpr: REG_3I_99260621:SNP.TC>
M  Contraint for 99250474:SNP.TC: 0 >= <gurobi.LinExpr: REG_3E_99250474:SNP.TC>
M  Contraint for 99245913:SNP.GA: 1 <= <gurobi.QuadExpr: 0.0 + [ REG_3H_99245913:SNP.GA * 3H + REG_3I_99245913:SNP.GA * 3I + REG_3A_99245913:SNP.GA * 3A + REG_3E_99245913:SNP.GA * 3E + EXT_2_99245913:SNP.GA * 2 + EXT_3C_99245913:SNP.GA * 3C ]> <= 2
M  Contraint for 99260621:SNP.TC: 0 <= <gurobi.QuadExpr: 0.0 + [ REG_3I_99260621:SNP.TC * 3I + EXT_3H_99260621:SNP.TC * 3H + EXT_2_99260621:SNP.TC * 2 + EXT_3C_99260621:SNP.TC * 3C + EXT_3A_99260621:SNP.TC * 3A + EXT_3E_99260621:SNP.TC * 3E ]> <= 1
M  Contraint for 99250235:SNP.GT: 1 <= <gurobi.QuadExpr: 0.0 + [ REG_2_99250235:SNP.GT * 2 ]> <= 1
M  Contraint for 99250235:SNP.GT: <gurobi.QuadExpr: 0.0 + [ REG_2_99250235:SNP.GT * 2 ]> <= 1
M  Contraint for 99250474:SNP.TC: 0 <= <gurobi.QuadExpr: 0.0 + [ REG_3E_99250474:SNP.TC * 3E + EXT_3H_99250474:SNP.TC * 3H + EXT_3I_99250474:SNP.TC * 3I + EXT_2_99250474:SNP.TC * 2 + EXT_3C_99250474:SNP.TC * 3C + EXT_3A_99250474:SNP.TC * 3A ]> <= 1
M  Contraint for 99270538:SNP.TC: 1 <= <gurobi.QuadExpr: 0.0 + [ REG_3H_99270538:SNP.TC * 3H + REG_3I_99270538:SNP.TC * 3I + REG_3C_99270538:SNP.TC * 3C + REG_3A_99270538:SNP.TC * 3A + REG_3E_99270538:SNP.TC * 3E ]> <= 2
M  Contraint for 99270538:SNP.TC: <gurobi.QuadExpr: 0.0 + [ REG_3H_99270538:SNP.TC * 3H + REG_3I_99270538:SNP.TC * 3I + REG_3C_99270538:SNP.TC * 3C + REG_3A_99270538:SNP.TC * 3A + REG_3E_99270538:SNP.TC * 3E ]> <= 2
M  Contraint for 99264416:SNP.AG: 0 <= <gurobi.QuadExpr: 0.0 + [ REG_3H_99264416:SNP.AG * 3H + EXT_3I_99264416:SNP.AG * 3I + EXT_2_99264416:SNP.AG * 2 + EXT_3C_99264416:SNP.AG * 3C + EXT_3A_99264416:SNP.AG * 3A + EXT_3E_99264416:SNP.AG * 3E ]> <= 1
CN Solver status: optimal, opt: 19.0
  2: 1
    6.11e 99250235:SNP.GT  618 ( 50 cp. 1) F
  3A: 1
    6.3i 99270538:SNP.TC  891 (100 cp. 2) F
    6.0i 99245913:SNP.GA 1429 (100 cp. 2) 
Missing:
  2: 1
  3A: 1
Extra:
  2: 1
    6.0i 99245913:SNP.GA 1429 (100)   rs15524      31611:C>T
    6.3i 99270538:SNP.TC  891 (100) F  rs776746     6986:A>G
  3A: 1
Time needed: (13.4)
Result is: [('2', '3A')]
