SAM file: bams/NA10860.bam
File bams/NA10860.bam has index
Coverage is 745.338898096
== Allele Filter ==
 6.3flank 41348053: SNP.AT                  218 ( 35%) ~    38 ( 17)
 6.3flank 41348061: SNP.TC                  205 ( 35%) ~    50 ( 24)
 6.3flank 41349171: SNP.TC     7160:A>G     520 ( 46%) ~   162 ( 31)
 6.3utr 41349639: SNP.GC     6692:C>G     460 ( 47%) ~     0 (  0)
 6.9e   41349873: SNP.TA     6458:A>T     188 ( 20%) ~   111 ( 59)
 6.8i   41349905: SNP.TG                  187 ( 22%) ~    50 ( 27)
 6.8i   41349911: SNP.TG                  153 ( 18%) ~    37 ( 24)
 6.8i   41349977: SNP.AG     6354:T>C     264 ( 37%) ~    48 ( 18)
 6.5i   41352205: SNP.CT                   89 (  8%) ~    10 ( 11)
 6.5i   41352225: SNP.CT                   56 (  6%) ~    10 ( 18)
 6.5i   41352256: SNP.GT                   32 (  6%) ~     1 (  3)
 6.5i   41352257: DEL.T      4074:delA    140 ( 25%) ~     0 (  0)
 6.5i   41352257: INS.t                    30 (  5%) ~     0 (  0)
 6.4i   41353337: SNP.AG     2994:T>C     511 ( 45%) ~    86 ( 17)
 6.4i   41353848: SNP.CT     2483:G>A     655 ( 55%) ~   104 ( 16)
 6.4i   41353914: SNP.TG                   93 (  9%) ~    35 ( 38)
 6.3i   41354300: SNP.AG                  173 ( 28%) ~     0 (  0)
 6.3i   41354302: SNP.AG                   99 ( 16%) ~     0 (  0)
 6.3i   41354309: SNP.TG                  185 ( 30%) ~     0 (  0)
 6.3i   41354310: SNP.TG                   32 (  5%) ~     0 (  0)
 6.3i   41354315: SNP.AG                  115 ( 19%) ~     0 (  0)
 6.3i   41354317: SNP.AG                   56 (  9%) ~     0 (  0)
 6.3i   41354321: SNP.TG                   93 ( 16%) ~     0 (  0)
 6.3i   41354333: SNP.TG                   91 ( 15%) ~     1 (  1)
 6.3i   41354344: SNP.TG                   58 (  9%) ~     0 (  0)
 6.3i   41354441: SNP.CG                   47 (  7%) ~    30 ( 64)
 6.3i   41354495: SNP.CA     1836:G>T     230 ( 46%) ~     0 (  0)
 6.3e   41354537: SNP.GC     1794:C>G      24 (  5%) ~     3 ( 12)
 6.3e   41354605: SNP.GT                  113 ( 25%) ~    14 ( 12)
 6.3e   41354660: SNP.TC                   56 ( 17%) ~     8 ( 14)
 6.2i   41354711: SNP.AG     1620:T>C     138 ( 50%) ~     0 (  0)
 6.2i   41354845: DEL.AGAGAGAGAG                9 (  5%) ~     0 (  0)
 6.2i   41354872: DEL.G                    10 (  7%) ~     2 ( 20)
 6.2i   41354880: SNP.GA                    9 (  7%) ~     0 (  0)
 6.2i   41354881: DEL.A                     8 (  6%) ~     0 (  0)
 6.2i   41354881: SNP.AG                   23 ( 18%) ~     2 (  9)
 6.2i   41354882: SNP.AG                   13 ( 11%) ~     2 ( 15)
 6.2i   41354890: SNP.AG                    8 (  7%) ~     0 (  0)
 6.2i   41354891: DEL.G                    15 ( 12%) ~     0 (  0)
 6.2i   41354925: DEL.G                    13 (  9%) ~     0 (  0)
 6.2i   41354931: INS.ac                   10 (  7%) ~     0 (  0)
 6.2i   41354932: SNP.GC                   28 ( 19%) ~     0 (  0)
 6.2i   41354932: SNP.GA                   10 (  7%) ~     0 (  0)
 6.2i   41354938: SNP.GA                   11 (  7%) ~     0 (  0)
 6.2i   41354939: DEL.A                    12 (  8%) ~     0 (  0)
 6.2i   41354940: SNP.AG                   38 ( 25%) ~     0 (  0)
 6.2i   41354941: SNP.GA                   29 ( 18%) ~     0 (  0)
 6.2i   41354947: INS.g                    14 (  8%) ~     0 (  0)
 6.2i   41354948: SNP.AG                   18 ( 11%) ~     0 (  0)
 6.2i   41354949: SNP.GA                   17 ( 10%) ~     0 (  0)
 6.2i   41354949: DEL.G                    28 ( 17%) ~     0 (  0)
 6.2i   41354950: INS.a                    13 (  8%) ~     0 (  0)
 6.2i   41355000: SNP.TA                   19 (  7%) ~     0 (  0)
 6.2i   41355005: SNP.GA                   17 (  6%) ~     0 (  0)
 6.2i   41355008: SNP.TA                   30 ( 10%) ~     0 (  0)
 6.2i   41355016: SNP.TA                   30 (  9%) ~     0 (  0)
 6.2i   41355036: SNP.CA                   21 (  6%) ~     0 (  0)
 6.2i   41355194: SNP.GC     1137:C>G     276 ( 51%) ~    21 (  8)
 6.2e   41355848: SNP.AG                   72 (  9%) ~    38 ( 53)
 6.1i   41355895: SNP.TC                   47 (  6%) ~    26 ( 55)
 6.1e   41356245: SNP.CT     86:G>A       353 ( 46%) ~     0 (  0)
 6.1e   41356280: SNP.CT     51:G>A       354 ( 47%) ~     0 (  0)
 6.0i   41356378: SNP.AC     -48:T>G      379 ( 45%) ~     0 (  0)
 6.0i   41357163: SNP.GT                   83 (  7%) ~    67 ( 81)
 6.0i   41357262: SNP.CT                   63 (  6%) ~    54 ( 86)
 6.0i   41357343: SNP.TC     -1013:A>G    345 ( 33%) ~   147 ( 43)
 6.0i   41357619: SNP.CT     -1289:G>A    410 ( 48%) ~     0 (  0)
 6.0i   41357631: SNP.TG     -1301:A>C    433 ( 48%) ~     0 (  0)
 6.0i   41357668: SNP.CT                  112 ( 11%) ~    16 ( 14)
 6.0i   41357777: SNP.AG                  102 (  9%) ~    23 ( 23)
 6.0i   41357793: SNP.AG                   69 (  6%) ~    25 ( 36)
 6.0i   41358010: SNP.TC     -1680:A>G    333 ( 43%) ~    89 ( 27)
 6.0i   41358530: SNP.GA                   22 ( 31%) ~     4 ( 18)
 6.0i   41358623: SNP.TC                    5 ( 26%) ~     0 (  0)
 6.0i   41358633: SNP.TC                    3 ( 20%) ~     0 (  0)
 6.0i   41358666: SNP.GT                    2 ( 22%) ~     0 (  0)
 7.3flank 41379842: SNP.GA                  204 ( 53%) ~     3 (  1)
 7.3flank 41379877: SNP.GA                   41 (  8%) ~    10 ( 24)
 7.3flank 41379907: SNP.TC                  240 ( 42%) ~     0 (  0)
 7.3flank 41379955: SNP.CT                  146 ( 19%) ~    17 ( 12)
 7.3flank 41381054: SNP.TC                  552 ( 47%) ~   204 ( 37)
 7.3utr 41381414: SNP.GC                  478 ( 46%) ~     0 (  0)
 7.3utr 41381416: SNP.TA                  492 ( 46%) ~     0 (  0)
 7.3utr 41381447: SNP.GC                  499 ( 46%) ~     0 (  0)
 7.3utr 41381464: SNP.TC                   70 (  7%) ~     0 (  0)
 7.3utr 41381475: SNP.AC                  112 ( 11%) ~     0 (  0)
 7.3utr 41381478: SNP.AC                   69 (  7%) ~     0 (  0)
 7.3utr 41381491: SNP.TC                  117 ( 11%) ~     0 (  0)
 7.3utr 41381501: SNP.TC                  196 ( 19%) ~     0 (  0)
 7.3utr 41381516: SNP.AC                  279 ( 27%) ~     0 (  0)
 7.9e   41381646: SNP.AC                  255 ( 34%) ~    34 ( 13)
 7.9e   41381770: SNP.TA                  284 ( 31%) ~    85 ( 30)
 7.8i   41381802: SNP.TG                  229 ( 25%) ~    37 ( 16)
 7.8i   41381808: SNP.TG                  168 ( 18%) ~    25 ( 15)
 7.8i   41381839: SNP.GC                  351 ( 37%) ~    11 (  3)
 7.8i   41381878: SNP.TG                   53 (  5%) ~     0 (  0)
 7.8i   41382179: SNP.GC                  603 ( 51%) ~     3 (  0)
 7.7i   41382606: SNP.AC                  304 ( 37%) ~     2 (  1)
 7.7i   41382607: SNP.GA                  301 ( 37%) ~     2 (  1)
 7.7i   41382611: SNP.CT                  282 ( 37%) ~     2 (  1)
 7.7i   41382612: SNP.GA                  285 ( 36%) ~     2 (  1)
 7.7i   41382644: SNP.GA                  313 ( 40%) ~     2 (  1)
 7.7i   41382652: SNP.AG                  291 ( 38%) ~     0 (  0)
 7.7i   41382654: SNP.TG                  296 ( 39%) ~     0 (  0)
 7.7i   41382664: SNP.GA                  318 ( 42%) ~     0 (  0)
 7.7e   41383214: SNP.GC                  476 ( 45%) ~     0 (  0)
 7.6i   41383343: SNP.TC                  416 ( 45%) ~     0 (  0)
 7.6i   41383377: SNP.CA                  440 ( 47%) ~     0 (  0)
 7.6i   41383500: SNP.AG                  385 ( 49%) ~    38 ( 10)
 7.6i   41383516: SNP.GC                  379 ( 49%) ~    34 (  9)
 7.6e   41383798: SNP.GA                  439 ( 46%) ~     3 (  1)
 7.5i   41384083: SNP.TC                  430 ( 41%) ~    39 (  9)
 7.5i   41384101: SNP.GT                  434 ( 44%) ~    31 (  7)
 7.5i   41384143: INS.t                    52 (  7%) ~     0 (  0)
 7.5i   41384384: SNP.TG                   78 ( 45%) ~     0 (  0)
 7.5i   41384385: SNP.CG                   79 ( 47%) ~     0 (  0)
 7.5i   41384636: SNP.CT                  470 ( 49%) ~     0 (  0)
 7.5e   41384674: SNP.TC                  426 ( 47%) ~     0 (  0)
 7.4i   41385131: SNP.GA                  455 ( 40%) ~   184 ( 40)
 7.4i   41385222: SNP.AG                   62 (  5%) ~    62 (100)
 7.4i   41385334: SNP.CG                  356 ( 40%) ~    49 ( 14)
 7.4i   41385433: SNP.TG                  460 ( 44%) ~     1 (  0)
 7.4i   41385529: SNP.GA                  446 ( 42%) ~    11 (  2)
 7.4i   41385532: SNP.GT                  436 ( 43%) ~    14 (  3)
 7.4i   41385626: SNP.CT                  382 ( 41%) ~    40 ( 10)
 7.4i   41385733: SNP.CT                  160 ( 22%) ~    11 (  7)
 7.4i   41385767: SNP.TC                  173 ( 24%) ~     4 (  2)
 7.4i   41385773: SNP.AG                  189 ( 25%) ~     4 (  2)
 7.4i   41385799: SNP.TG                  253 ( 32%) ~     4 (  2)
 7.4i   41385833: SNP.CG                  331 ( 41%) ~     3 (  1)
 7.4e   41386135: SNP.AC                  318 ( 49%) ~    10 (  3)
 7.3i   41386208: SNP.AG                  244 ( 41%) ~    19 (  8)
 7.3e   41386419: SNP.AC                  235 ( 46%) ~     1 (  0)
 7.3e   41386485: SNP.CA                   66 ( 24%) ~     1 (  2)
 7.3e   41386486: SNP.AG                   65 ( 24%) ~     1 (  2)
 7.3e   41386493: SNP.AC                   55 ( 22%) ~     1 (  2)
 7.3e   41386526: SNP.GA                   58 ( 24%) ~     0 (  0)
 7.2i   41386543: SNP.CG                   74 ( 30%) ~     0 (  0)
 7.2i   41386546: SNP.GC                   73 ( 30%) ~     0 (  0)
 7.2i   41386583: SNP.GT                   83 ( 34%) ~     0 (  0)
 7.2i   41386621: SNP.CT                  100 ( 37%) ~     0 (  0)
 7.2i   41386668: DEL.AGGACAGG               24 ( 14%) ~     0 (  0)
 7.2i   41386678: DEL.CAAACTCAGTC               24 ( 15%) ~     0 (  0)
 7.2i   41386694: DEL.AACAC                24 ( 16%) ~     0 (  0)
 7.2i   41386702: SNP.GA                   34 ( 22%) ~     0 (  0)
 7.2i   41386767: SNP.CG                   24 ( 10%) ~     0 (  0)
 7.2i   41386772: SNP.TG                   48 ( 19%) ~     0 (  0)
 7.2i   41386778: SNP.GA                   14 (  5%) ~     0 (  0)
 7.2i   41386781: SNP.TA                   26 (  9%) ~     0 (  0)
 7.2i   41386789: SNP.TA                   23 (  7%) ~     0 (  0)
 7.2i   41386890: SNP.AT                  211 ( 44%) ~    13 (  6)
 7.2i   41387240: SNP.GA                  224 ( 43%) ~     9 (  4)
 7.2i   41387299: SNP.GA                  207 ( 38%) ~    12 (  6)
 7.2i   41387305: SNP.CG                  207 ( 38%) ~    12 (  6)
 7.2e   41387619: SNP.AG                  198 ( 36%) ~    17 (  9)
 7.2e   41387646: SNP.AG                  208 ( 37%) ~    14 (  7)
 7.2e   41387655: SNP.AT                  222 ( 39%) ~    13 (  6)
 7.1i   41387668: SNP.AG                  240 ( 41%) ~    10 (  4)
 7.0i   41388561: SNP.AG                  793 (100%) ~    26 (  3)
 7.0i   41388574: SNP.CT                  378 ( 50%) ~    26 (  7)
 7.0i   41388706: SNP.TC                  340 ( 49%) ~     2 (  1)
 7.0i   41388739: SNP.CT                  302 ( 46%) ~     7 (  2)
 7.0i   41388776: SNP.AG                  260 ( 42%) ~    19 (  7)
 7.0i   41388835: SNP.GA                  336 ( 44%) ~    14 (  4)
 7.0i   41388948: SNP.GT                  358 ( 37%) ~    71 ( 20)
 7.0i   41389022: INS.taatttacaaagaac               51 (  5%) ~     3 (  6)
 7.0i   41389025: SNP.GA                  103 ( 10%) ~    20 ( 19)
 7.0i   41389047: SNP.CT                  164 ( 16%) ~    60 ( 37)
 7.0i   41389128: SNP.TC                  138 ( 14%) ~   138 (100)
 7.0i   41389305: SNP.CT                  486 ( 51%) ~     2 (  0)
 7.0i   41389508: SNP.AG                  365 ( 38%) ~    39 ( 11)
 7.0i   41389513: SNP.TC                  377 ( 38%) ~    39 ( 10)
 7.0i   41389623: SNP.CT                   70 (  6%) ~    44 ( 63)
 7.0i   41389624: SNP.CT                  492 ( 45%) ~     2 (  0)
 7.0i   41389799: SNP.TG                   82 ( 10%) ~     6 (  7)
 7.0i   41389818: SNP.TG                   43 (  5%) ~     3 (  7)
 7.0i   41389829: SNP.AG                   59 (  7%) ~     4 (  7)
 7.0i   41389833: SNP.AG                   59 (  7%) ~     3 (  5)
 7.0i   41390005: SNP.AG                   32 (  8%) ~     9 ( 28)
Removing 10    6.9e 41349773:SNP.AG,  6.9e 41349731:SNP.CA
Removing 11    6.5e 41352940:SNP.AG
Removing 13    6.1e 41356318:SNP.CT
Removing 15    6.4e 41354197:SNP.TC
Removing 16    6.4e 41354170:SNP.GT
Removing 17    6.7e 41351266:SNP.CT
Removing 18A   6.8e 41350663:SNP.TA
Removing 18B   6.8e 41350663:SNP.TA
Removing 18C   6.8e 41350663:SNP.TA
Removing 19    6.8e 41350663:SNP.TA,  6.9e 41349773:SNP.AG
Removing 2     6.3e 41354532:SNP.AT
Removing 20    6.4e 41354189:DEL.TT
Removing 21    6.9e 41349758:SNP.TC
Removing 22    6.3e 41354533:SNP.GT
Removing 23    6.4e 41354170:SNP.GA
Removing 24B   6.2e 41355737:SNP.CG
Removing 24A   6.2e 41355737:SNP.CG
Removing 25    6.3e 41354659:SNP.AG
Removing 26    6.3e 41354659:SNP.AG,  6.3e 41354628:SNP.CA,  6.3e 41354620:SNP.AC
Removing 27    6.3e 41354659:SNP.AG,  6.4e 41354169:DEL.C,  6.4e 41354168:SNP.GT
Removing 28A   6.8e 41350586:SNP.TC,  6.8e 41350581:SNP.CG
Removing 28B   6.8e 41350586:SNP.TC,  6.8e 41350581:SNP.CG
Removing 3     6.1e 41356242:SNP.TC,  6.1e 41356293:SNP.AG,  6.1e 41356315:SNP.TG,  6.1e 41356242:SNP.TC,  6.1e 41356293:SNP.AG,  6.1e 41356315:SNP.TG,  6.1e 41356242:SNP.TC,  6.1e 41356293:SNP.AG,  6.1e 41356315:SNP.TG
Removing 31B   6.1e 41356315:SNP.TG
Removing 31A   6.1e 41356315:SNP.TG
Removing 36    6.9e 41349773:SNP.AG
Removing 37    6.9e 41349773:SNP.AG,  6.9e 41349731:SNP.CA
Removing 38    6.7e 41351308:SNP.AG
Removing 39    6.2e 41355863:SNP.CT
Removing 40    6.3e 41354564:SNP.GC
Removing 41    6.5e 41352816:SNP.CT
Removing 42    6.5e 41352807:SNP.AG
Removing 43    6.6e 41351925:SNP.GA
Removing 44    6.8e 41350670:SNP.CT,  6.8e 41350586:SNP.TC,  6.8e 41350581:SNP.CG
Removing 45    6.9e 41349800:SNP.AG
Removing 5     6.9e 41349749:SNP.CA
Removing 6     6.3e 41354628:SNP.CT
Removing 7     6.9e 41349773:SNP.AG
Removing 8     6.9e 41349731:SNP.CA
Initial status
  CYP2D6.1B7
    6.2i           41354711:SNP.AG  138 ( 50)   1620:T>C
    6.0i           41357619:SNP.CT  410 ( 48)   -1289:G>A
    6.0i           41357631:SNP.TG  433 ( 48)   -1301:A>C
    6.0i           41357794:SNP.TA    0 (  0)   -1464:A>T
    6.0i           41357909:SNP.AG    0 (  0)   -1579:T>C
    6.0i           41358010:SNP.TC  333 ( 43)   -1680:A>G
  CYP2D6.1G
    6.8i           41350506:SNP.TC    0 (  0)   5825:A>G
    6.8e           41350614:SNP.GA    0 (  0)   5717:C>T
  CYP2D6.1F
    6.8e           41350614:SNP.GA    0 (  0)   5717:C>T
  CYP2D6.1H
    6.0i           41357075:SNP.TC    0 (  0)   -745:A>G
  CYP2D6.1K
    6.3flank       41349171:SNP.TC  520 ( 46)   7160:A>G
    6.8i           41349977:SNP.AG  264 ( 37)   6354:T>C
    6.8e           41350663:SNP.TT    0 (  0)   5668:A>A
    6.5i           41352257:DEL.T   140 ( 25)   4074:delA
    6.5i           41352427:SNP.CT    0 (  0)   3904:G>A
    6.5e           41352953:SNP.GA    0 (  0)   3378:C>T
    6.4i           41353337:SNP.AG  511 ( 45)   2994:T>C
    6.4i           41353848:SNP.CT  655 ( 55)   2483:G>A
    6.3e           41354552:SNP.CT    0 (  0)   1779:G>A
    6.2i           41354711:SNP.AG  138 ( 50)   1620:T>C
    6.1i           41355900:SNP.GA    0 (  0)   431:C>T
    6.1e           41356280:SNP.TC    0 (  0)   51:A>G
    6.0i           41357016:SNP.TC    0 (  0)   -686:A>G
    6.0i           41357529:INS.alupv613    0 (  0)   -1199:ins316bpAlu
    6.0i           41357619:SNP.CT  410 ( 48)   -1289:G>A
    6.0i           41357631:SNP.TG  433 ( 48)   -1301:A>C
  CYP2D6.1J
    6.0i           41357075:SNP.TC    0 (  0)   -745:A>G
    6.0i           41357343:SNP.TC  345 ( 33)   -1013:A>G
  CYP2D6.1
  CYP2D6.1B2
    6.0i           41357343:SNP.TC  345 ( 33)   -1013:A>G
  CYP2D6.1B3
    6.0i           41356725:SNP.CT    0 (  0)   -395:G>A
  CYP2D6.1B5
    6.2i           41354711:SNP.AG  138 ( 50)   1620:T>C
    6.0i           41357343:SNP.TC  345 ( 33)   -1013:A>G
    6.0i           41357619:SNP.CT  410 ( 48)   -1289:G>A
    6.0i           41357631:SNP.TG  433 ( 48)   -1301:A>C
    6.0i           41357909:SNP.AG    0 (  0)   -1579:T>C
    6.0i           41358010:SNP.TC  333 ( 43)   -1680:A>G
  CYP2D6.1B6
    6.8i           41350038:SNP.AG    0 (  0)   6293:T>C
    6.8i           41350046:SNP.TC    0 (  0)   6285:A>G
    6.2i           41354711:SNP.AG  138 ( 50)   1620:T>C
    6.0i           41357343:SNP.TC  345 ( 33)   -1013:A>G
    6.0i           41357619:SNP.CT  410 ( 48)   -1289:G>A
    6.0i           41357631:SNP.TG  433 ( 48)   -1301:A>C
    6.0i           41357909:SNP.AG    0 (  0)   -1579:T>C
    6.0i           41358010:SNP.TC  333 ( 43)   -1680:A>G
  CYP2D6.1B8
    6.2i           41354711:SNP.AG  138 ( 50)   1620:T>C
    6.0i           41357343:SNP.TC  345 ( 33)   -1013:A>G
    6.0i           41357619:SNP.CT  410 ( 48)   -1289:G>A
    6.0i           41357631:SNP.TG  433 ( 48)   -1301:A>C
    6.0i           41357794:SNP.TA    0 (  0)   -1464:A>T
    6.0i           41357909:SNP.AG    0 (  0)   -1579:T>C
    6.0i           41358010:SNP.TC  333 ( 43)   -1680:A>G
  CYP2D6.1B9
    6.8i           41349941:SNP.GC    0 (  0)   6390:C>G
    6.2i           41354711:SNP.AG  138 ( 50)   1620:T>C
    6.0i           41357343:SNP.TC  345 ( 33)   -1013:A>G
    6.0i           41357619:SNP.CT  410 ( 48)   -1289:G>A
    6.0i           41357631:SNP.TG  433 ( 48)   -1301:A>C
    6.0i           41357794:SNP.TA    0 (  0)   -1464:A>T
    6.0i           41357909:SNP.AG    0 (  0)   -1579:T>C
    6.0i           41358010:SNP.TC  333 ( 43)   -1680:A>G
  CYP2D6.1B12
    6.1e           41356280:SNP.CT  354 ( 47)   51:G>A
  CYP2D6.1B13
    6.3utr         41349640:SNP.GC    0 (  0)   6691:C>G
    6.1e           41356309:SNP.GA    0 (  0)   22:C>T
    6.0i           41357075:SNP.TC    0 (  0)   -745:A>G
  CYP2D6.1B10
    6.8i           41349942:SNP.GC    0 (  0)   6389:C>G
    6.2i           41354711:SNP.AG  138 ( 50)   1620:T>C
    6.0i           41357343:SNP.TC  345 ( 33)   -1013:A>G
    6.0i           41357619:SNP.CT  410 ( 48)   -1289:G>A
    6.0i           41357631:SNP.TG  433 ( 48)   -1301:A>C
    6.0i           41357794:SNP.TA    0 (  0)   -1464:A>T
    6.0i           41357909:SNP.AG    0 (  0)   -1579:T>C
    6.0i           41358010:SNP.TC  333 ( 43)   -1680:A>G
  CYP2D6.1B11
    6.7i           41350703:SNP.GA    0 (  0)   5628:C>T
    6.2i           41354711:SNP.AG  138 ( 50)   1620:T>C
    6.0i           41357343:SNP.TC  345 ( 33)   -1013:A>G
    6.0i           41357619:SNP.CT  410 ( 48)   -1289:G>A
    6.0i           41357631:SNP.TG  433 ( 48)   -1301:A>C
    6.0i           41357794:SNP.TA    0 (  0)   -1464:A>T
    6.0i           41357909:SNP.AG    0 (  0)   -1579:T>C
    6.0i           41358010:SNP.TC  333 ( 43)   -1680:A>G
  CYP2D6.1B16
    6.3flank       41349171:SNP.TC  520 ( 46)   7160:A>G
    6.3flank       41349342:SNP.TC    0 (  0)   6989:A>G
    6.3flank       41349371:INS.cttttc    0 (  0)   6960:insGAAAAG
    6.3flank       41349396:INS.aagtg    0 (  0)   6935:insCACTT
    6.3utr         41349549:SNP.GC    0 (  0)   6782:C>G
    6.8e           41350647:SNP.AG    0 (  0)   5684:T>C
    6.2i           41354701:SNP.AG    0 (  0)   1630:T>C
    6.1e           41356309:SNP.GA    0 (  0)   22:C>T
    6.0i           41357075:SNP.TC    0 (  0)   -745:A>G
    6.0i           41357619:SNP.CT  410 ( 48)   -1289:G>A
    6.0i           41357631:SNP.TG  433 ( 48)   -1301:A>C
  CYP2D6.1B17
    6.3flank       41349171:SNP.TC  520 ( 46)   7160:A>G
    6.3flank       41349342:SNP.TC    0 (  0)   6989:A>G
    6.3flank       41349371:INS.cttttc    0 (  0)   6960:insGAAAAG
    6.3flank       41349396:INS.aagtg    0 (  0)   6935:insCACTT
    6.3utr         41349496:SNP.GT    0 (  0)   6835:C>A
    6.3utr         41349499:SNP.TC    0 (  0)   6832:A>G
    6.3utr         41349549:SNP.GC    0 (  0)   6782:C>G
    6.8i           41350188:SNP.GT    0 (  0)   6143:C>A
    6.8e           41350663:SNP.TT    0 (  0)   5668:A>A
    6.7e           41351354:SNP.GA    0 (  0)   4977:C>T
    6.6i           41351481:SNP.GA    0 (  0)   4850:C>T
    6.6i           41351695:SNP.TG    0 (  0)   4636:A>C
    6.5i           41352260:DEL.T     0 (  0)   4071:delA
    6.5i           41352543:SNP.GA    0 (  0)   3788:C>T
    6.4i           41353337:SNP.AG  511 ( 45)   2994:T>C
    6.4i           41353848:SNP.CT  655 ( 55)   2483:G>A
    6.4i           41354035:SNP.GA    0 (  0)   2296:C>T
    6.2i           41354685:SNP.GA    0 (  0)   1646:C>T
    6.2i           41354711:SNP.AG  138 ( 50)   1620:T>C
    6.1e           41356280:SNP.CT  354 ( 47)   51:G>A
  CYP2D6.1B14
    6.3flank       41349171:SNP.TC  520 ( 46)   7160:A>G
    6.3flank       41349396:INS.aagtg    0 (  0)   6935:insCACTT
    6.3utr         41349549:SNP.GC    0 (  0)   6782:C>G
    6.1i           41355993:SNP.AG    0 (  0)   338:T>C
    6.1e           41356280:SNP.CT  354 ( 47)   51:G>A
  CYP2D6.1B15
    6.3flank       41349171:SNP.TC  520 ( 46)   7160:A>G
    6.3flank       41349371:INS.cttttc    0 (  0)   6960:insGAAAAG
    6.3flank       41349396:INS.aagtg    0 (  0)   6935:insCACTT
    6.3utr         41349549:SNP.GC    0 (  0)   6782:C>G
    6.4i           41353106:SNP.TC    0 (  0)   3225:A>G
    6.2i           41354711:SNP.AG  138 ( 50)   1620:T>C
    6.2i           41354855:DEL.AGAGAG    0 (  0)   1471:delCTCTCT
    6.2i           41354949:SNP.AG    0 (  0)   1382:T>C
    6.2i           41354950:SNP.GA    6 (  4)   1381:C>T
    6.0i           41357297:SNP.TG    0 (  0)   -967:A>C
    6.0i           41357619:SNP.CT  410 ( 48)   -1289:G>A
    6.0i           41357631:SNP.TG  433 ( 48)   -1301:A>C
  CYP2D6.12B
    6.3utr         41349639:SNP.GC  460 ( 47)   6692:C>G
    6.8e           41350614:SNP.GC    0 (  0)   5717:C>G
    6.7i           41350786:SNP.CG    0 (  0)   5545:G>C
    6.7i           41351168:SNP.CT    0 (  0)   5163:G>A
    6.6i           41351842:SNP.GA    0 (  0)   4489:C>T
    6.5e           41352935:SNP.CT    0 (  0)   3396:G>A
    6.2i           41354711:SNP.AG  138 ( 50)   1620:T>C
  CYP2D6.12C
    6.3utr         41349639:SNP.GC  460 ( 47)   6692:C>G
    6.8e           41350614:SNP.GC    0 (  0)   5717:C>G
    6.7i           41350786:SNP.CG    0 (  0)   5545:G>C
    6.7i           41351168:SNP.CT    0 (  0)   5163:G>A
    6.6i           41351842:SNP.GA    0 (  0)   4489:C>T
    6.5e           41352935:SNP.CT    0 (  0)   3396:G>A
    6.2i           41354701:SNP.CG    0 (  0)   1630:G>C
    6.2i           41354711:SNP.AG  138 ( 50)   1620:T>C
  CYP2D6.12A$1
  CYP2D6.14
    6.1e           41356245:SNP.CT  353 ( 46) F 86:G>A
    6.1e           41356280:SNP.CT  354 ( 47)   51:G>A
  CYP2D6.34$1
  CYP2D6.35B
    6.3flank       41349171:SNP.TC  520 ( 46)   7160:A>G
    6.3flank       41349332:SNP.AG    0 (  0)   6999:T>C
    6.3utr         41349496:SNP.GT    0 (  0)   6835:C>A
    6.3utr         41349549:SNP.GC    0 (  0)   6782:C>G
    6.9e           41349873:SNP.TA  188 ( 20) F 6458:A>T
    6.5i           41352247:DEL.T     0 (  0)   4084:delA
    6.2i           41354711:SNP.AG  138 ( 50)   1620:T>C
    6.1e           41356309:SNP.GA    0 (  0)   22:C>T
    6.0i           41357075:SNP.TC    0 (  0)   -745:A>G
    6.0i           41357619:SNP.CT  410 ( 48)   -1289:G>A
    6.0i           41357631:SNP.TG  433 ( 48)   -1301:A>C
  CYP2D6.35A
    6.3flank       41349171:SNP.TC  520 ( 46)   7160:A>G
    6.3utr         41349549:SNP.GC    0 (  0)   6782:C>G
    6.9e           41349873:SNP.TA  188 ( 20) F 6458:A>T
    6.8i           41349977:SNP.AG  264 ( 37)   6354:T>C
    6.8i           41350038:SNP.AG    0 (  0)   6293:T>C
    6.8i           41350049:SNP.TC    0 (  0)   6282:A>G
    6.8i           41350113:SNP.TC    0 (  0)   6218:A>G
    6.4i           41353106:SNP.TC    0 (  0)   3225:A>G
    6.4i           41353848:SNP.CT  655 ( 55)   2483:G>A
    6.2i           41354711:SNP.AG  138 ( 50)   1620:T>C
    6.2i           41355194:SNP.GC  276 ( 51)   1137:C>G
    6.2i           41355611:SNP.CT    0 (  0)   720:G>A
    6.0i           41357343:SNP.TC  345 ( 33)   -1013:A>G
    6.0i           41357619:SNP.CT  410 ( 48)   -1289:G>A
    6.0i           41357631:SNP.TG  433 ( 48)   -1301:A>C
  CYP2D6.4
  CYP2D6.9B
    6.3utr         41349639:SNP.GC  460 ( 47)   6692:C>G
    6.8i           41349977:SNP.AG  264 ( 37)   6354:T>C
    6.3i           41354495:SNP.CA  230 ( 46)   1836:G>T
    6.2i           41354711:SNP.AG  138 ( 50)   1620:T>C
    6.0i           41356378:SNP.AC  379 ( 45) F -48:T>G
    6.0i           41357343:SNP.TC  345 ( 33)   -1013:A>G
    6.0i           41357619:SNP.CT  410 ( 48)   -1289:G>A
    6.0i           41357631:SNP.TG  433 ( 48)   -1301:A>C
    6.0i           41358010:SNP.TC  333 ( 43)   -1680:A>G
  CYP2D6.9A
    6.0i           41356378:SNP.AC  379 ( 45) F -48:T>G
    6.0i           41357343:SNP.TC  345 ( 33)   -1013:A>G
== Copy Number Estimator ==
CNV factor: 1.56812744851 (0.637703268923)
Coverage per region
  region:  2D6  2D7
  0i   :  2.07  1.84 
  1e   :  2.01  2.01 = -0.00
  1i   :  2.11  1.82 =  0.28
  2e   :  2.11  1.59 =  0.52
  2i   :  2.08  1.87 =  0.21
  3e   :  2.10  1.50 =  0.60
  3i   :  2.10  1.67 =  0.42
  4e   :  1.82  1.80 =  0.03
  4i   :  1.87  1.88 = -0.01
  5e   :  2.10  1.96 =  0.14
  5i   :  1.99  1.75 =  0.24
  6e   :  1.92  2.05 = -0.14
  6i   :  2.02  2.00 =  0.03
  7e   :  1.95  1.99 = -0.04
  7i   :  2.03  1.91 =  0.12
  8e   :  2.00  1.87 =  0.14
  8i   :  1.96  2.03 = -0.08
  9e   :  2.85  1.49 =  1.36
  3flank:  2.05  2.02 
  3utr :  3.15  1.69 
Max. CN = 3
M  Sentinel contraint for 12A: A_12A^ <= A_12A
M  Sentinel contraint for 1: A_1^ <= A_1
M  Sentinel contraint for 4: A_4^ <= A_4
M  Sentinel contraint for 34: A_34^ <= A_34
M  Contraint for 7e: -0.0431923635657 == E_7e + <gurobi.LinExpr: 0.0 A4^ + -1.0 A4^ + A12A + -0.0 A12A + A1^ + -1.0 A1^ + A1 + -1.0 A1 + 0.0 A4 + -1.0 A4 + A34^ + -0.0 A34^ + A34 + -0.0 A34 + A12A^ + -0.0 A12A^>
M  Contraint for 8i: -0.0783143818464 == E_8i + <gurobi.LinExpr: 0.0 A4^ + -1.0 A4^ + A12A + -0.0 A12A + A1^ + -1.0 A1^ + A1 + -1.0 A1 + 0.0 A4 + -1.0 A4 + A34^ + -0.0 A34^ + A34 + -0.0 A34 + A12A^ + -0.0 A12A^>
M  Contraint for 6e: -0.135564051957 == E_6e + <gurobi.LinExpr: 0.0 A4^ + -1.0 A4^ + A12A + -0.0 A12A + A1^ + -1.0 A1^ + A1 + -1.0 A1 + 0.0 A4 + -1.0 A4 + A34^ + -0.0 A34^ + A34 + -0.0 A34 + A12A^ + -0.0 A12A^>
M  Contraint for 5e: 0.138740915266 == E_5e + <gurobi.LinExpr: 0.0 A4^ + -1.0 A4^ + A12A + -0.0 A12A + A1^ + -1.0 A1^ + A1 + -1.0 A1 + 0.0 A4 + -1.0 A4 + A34^ + -0.0 A34^ + A34 + -0.0 A34 + A12A^ + -0.0 A12A^>
M  Contraint for 6i: 0.0284279911991 == E_6i + <gurobi.LinExpr: 0.0 A4^ + -1.0 A4^ + A12A + -0.0 A12A + A1^ + -1.0 A1^ + A1 + -1.0 A1 + 0.0 A4 + -1.0 A4 + A34^ + -0.0 A34^ + A34 + -0.0 A34 + A12A^ + -0.0 A12A^>
M  Contraint for 9e: 1.36332428374 == E_9e + <gurobi.LinExpr: 0.0 A4^ + -1.0 A4^ + A12A + -0.0 A12A + A1^ + -1.0 A1^ + A1 + -1.0 A1 + 0.0 A4 + -1.0 A4 + A34^ + -0.0 A34^ + A34 + -0.0 A34 + A12A^ + -0.0 A12A^>
M  Contraint for 7i: 0.124688546445 == E_7i + <gurobi.LinExpr: 0.0 A4^ + -1.0 A4^ + A12A + -0.0 A12A + A1^ + -1.0 A1^ + A1 + -1.0 A1 + 0.0 A4 + -1.0 A4 + A34^ + -0.0 A34^ + A34 + -0.0 A34 + A12A^ + -0.0 A12A^>
M  Contraint for 8e: 0.137053602423 == E_8e + <gurobi.LinExpr: 0.0 A4^ + -1.0 A4^ + A12A + -0.0 A12A + A1^ + -1.0 A1^ + A1 + -1.0 A1 + 0.0 A4 + -1.0 A4 + A34^ + -0.0 A34^ + A34 + -0.0 A34 + A12A^ + -0.0 A12A^>
M  Contraint for 2e: 0.518711904582 == E_2e + <gurobi.LinExpr: 0.0 A4^ + -1.0 A4^ + 0.5 A12A + -0.5 A12A + A1^ + -1.0 A1^ + A1 + -1.0 A1 + 0.0 A4 + -1.0 A4 + 0.0 A34^ + -1.0 A34^ + 0.0 A34 + -1.0 A34 + 0.5 A12A^ + -0.5 A12A^>
M  Contraint for 3i: 0.423782669724 == E_3i + <gurobi.LinExpr: 0.0 A4^ + -1.0 A4^ + A12A + -0.0 A12A + A1^ + -1.0 A1^ + A1 + -1.0 A1 + 0.0 A4 + -1.0 A4 + 0.0 A34^ + -1.0 A34^ + 0.0 A34 + -1.0 A34 + A12A^ + -0.0 A12A^>
M  Contraint for 1e: -0.00313492093483 == E_1e + <gurobi.LinExpr: 0.0 A4^ + -1.0 A4^ + 0.0 A12A + -1.0 A12A + A1^ + -1.0 A1^ + A1 + -1.0 A1 + 0.0 A4 + -1.0 A4 + 0.0 A34^ + -1.0 A34^ + 0.0 A34 + -1.0 A34 + 0.0 A12A^ + -1.0 A12A^>
M  Contraint for 4i: -0.00617311873329 == E_4i + <gurobi.LinExpr: 0.0 A4^ + -1.0 A4^ + A12A + -0.0 A12A + A1^ + -1.0 A1^ + A1 + -1.0 A1 + 0.0 A4 + -1.0 A4 + 0.5 A34^ + -0.5 A34^ + 0.5 A34 + -0.5 A34 + A12A^ + -0.0 A12A^>
M  Contraint for 1i: 0.281795111923 == E_1i + <gurobi.LinExpr: 0.0 A4^ + -1.0 A4^ + 0.0 A12A + -1.0 A12A + A1^ + -1.0 A1^ + A1 + -1.0 A1 + 0.0 A4 + -1.0 A4 + 0.0 A34^ + -1.0 A34^ + 0.0 A34 + -1.0 A34 + 0.0 A12A^ + -1.0 A12A^>
M  Contraint for 5i: 0.237663020917 == E_5i + <gurobi.LinExpr: 0.0 A4^ + -1.0 A4^ + A12A + -0.0 A12A + A1^ + -1.0 A1^ + A1 + -1.0 A1 + 0.0 A4 + -1.0 A4 + A34^ + -0.0 A34^ + A34 + -0.0 A34 + A12A^ + -0.0 A12A^>
M  Contraint for 4e: 0.0260966475616 == E_4e + <gurobi.LinExpr: 0.0 A4^ + -1.0 A4^ + A12A + -0.0 A12A + A1^ + -1.0 A1^ + A1 + -1.0 A1 + 0.0 A4 + -1.0 A4 + 0.0 A34^ + -1.0 A34^ + 0.0 A34 + -1.0 A34 + A12A^ + -0.0 A12A^>
M  Contraint for 2i: 0.209753529194 == E_2i + <gurobi.LinExpr: 0.0 A4^ + -1.0 A4^ + A12A + -0.0 A12A + A1^ + -1.0 A1^ + A1 + -1.0 A1 + 0.0 A4 + -1.0 A4 + 0.0 A34^ + -1.0 A34^ + 0.0 A34 + -1.0 A34 + A12A^ + -0.0 A12A^>
M  Contraint for 3e: 0.598594365711 == E_3e + <gurobi.LinExpr: 0.0 A4^ + -1.0 A4^ + A12A + -0.0 A12A + A1^ + -1.0 A1^ + A1 + -1.0 A1 + 0.0 A4 + -1.0 A4 + 0.0 A34^ + -1.0 A34^ + 0.0 A34 + -1.0 A34 + A12A^ + -0.0 A12A^>
M  Objective: <gurobi.LinExpr: C25 + C26 + C27 + C28 + C29 + C30 + C31 + C32 + C33 + C34 + C35 + C36 + C37 + C38 + C39 + C40 + C41 + 0.5 A4^ + 0.5 A12A + 0.5 A1^ + 0.5 A1 + 0.5 A4 + 0.5 A34^ + 0.5 A34 + 0.5 A12A^ + 0.1 A12A + 0.1 A34^ + 0.1 A34 + 0.1 A12A^>
CN Solver status: optimal, opt: 5.35501142572
  Solutions:
    ('1', '1^')
== Initial Solver ==
Solving Counter({'1': 2})
Extra Removing 12A$35A  6.9e 41349873:SNP.TA
Extra Removing 12A$35B  6.9e 41349873:SNP.TA
Extra Removing 34$35A  6.9e 41349873:SNP.TA
Extra Removing 34$35B  6.9e 41349873:SNP.TA
Extra Removing 35B   6.9e 41349873:SNP.TA
Extra Removing 35A   6.9e 41349873:SNP.TA
Possible candidates:
  CYP2D6.1
  CYP2D6.14
    6.1e 41356245:SNP.CT  353 ( 46) F 86:G>A
  CYP2D6.9A
    6.0i 41356378:SNP.AC  379 ( 45) F -48:T>G
M  Max. CN for 9A = 2
M  Max. CN for 1 = 2
M  Max. CN for 14 = 2
M  Contraint for 41356378:SNP.AC 6.0i: 379 == <gurobi.QuadExpr: 0.0 + [ 423.0 REG_9A_41356378:SNP.AC * 9A + 423.0 REG_9A_2_41356378:SNP.AC * 9A_2 ]> + err
M  Contraint for 41356245:REF 6.1e: 407 == <gurobi.QuadExpr: 380.0 14 + 380.0 9A + 380.0 1 + 380.0 14_2 + 380.0 1_2 + 380.0 9A_2 + [ -380.0 REG_14_41356245:SNP.CT * 14 + -380.0 REG_14_2_41356245:SNP.CT * 14_2 ]> + err
M  Contraint for 41356245:SNP.CT 6.1e: 353 == <gurobi.QuadExpr: 0.0 + [ 380.0 REG_14_41356245:SNP.CT * 14 + 380.0 REG_14_2_41356245:SNP.CT * 14_2 ]> + err
M  Contraint for 41356378:REF 6.0i: 467 == <gurobi.QuadExpr: 423.0 14 + 423.0 9A + 423.0 1 + 423.0 14_2 + 423.0 1_2 + 423.0 9A_2 + [ -423.0 REG_9A_41356378:SNP.AC * 9A + -423.0 REG_9A_2_41356378:SNP.AC * 9A_2 ]> + err
M  Contraint for 14 41356245:SNP.CT: <gurobi.Var 14> >= <gurobi.Var REG_14_41356245:SNP.CT>
M  Contraint for 9A 41356378:SNP.AC: <gurobi.Var 9A> >= <gurobi.Var REG_9A_41356378:SNP.AC>
M  Contraint for 14_2 41356245:SNP.CT: <gurobi.Var 14_2> >= <gurobi.Var REG_14_2_41356245:SNP.CT>
M  Contraint for 9A_2 41356378:SNP.AC: <gurobi.Var 9A_2> >= <gurobi.Var REG_9A_2_41356378:SNP.AC>
M  CN contraint for 1: 2 == <gurobi.LinExpr: 14 + 9A + 1 + 14_2 + 1_2 + 9A_2>
M  Sentinel contraint for 14: A_14_2 <= A_14
M  Sentinel contraint for 9A: A_9A_2 <= A_9A
M  Sentinel contraint for 1: A_1_2 <= A_1
M  Objective: <gurobi.LinExpr: C16 + C17 + C18 + C19>
M  Contraint for 14: A_14 * (<gurobi.LinExpr: REG_14_41356245:SNP.CT> - 1) == 0
M  Contraint for 9A: A_9A * (<gurobi.LinExpr: REG_9A_41356378:SNP.AC> - 1) == 0
M  Contraint for 14_2: A_14_2 * (<gurobi.LinExpr: REG_14_2_41356245:SNP.CT> - 1) == 0
M  Contraint for 9A_2: A_9A_2 * (<gurobi.LinExpr: REG_9A_2_41356378:SNP.AC> - 1) == 0
M  Contraint for 41356245:SNP.CT: 1 <= <gurobi.QuadExpr: 0.0 + [ 14 * REG_14_41356245:SNP.CT + 14_2 * REG_14_2_41356245:SNP.CT ]>
M  Contraint for 41356378:SNP.AC: 1 <= <gurobi.QuadExpr: 0.0 + [ 9A * REG_9A_41356378:SNP.AC + 9A_2 * REG_9A_2_41356378:SNP.AC ]>
M  Contraint for 41356245:SNP.CT: 1 <= <gurobi.QuadExpr: 0.0 + [ 14 * REG_14_41356245:SNP.CT + 14_2 * REG_14_2_41356245:SNP.CT ]>
M  Contraint for 41356378:SNP.AC: 1 <= <gurobi.QuadExpr: 0.0 + [ 9A * REG_9A_41356378:SNP.AC + 9A_2 * REG_9A_2_41356378:SNP.AC ]>
CN Solver status: optimal, opt: 142.0
  solution:
    ('14', '9A')
[32;01mCopy number best structures:[39;49;00m
[32;01m  (1) 2x*1-like[39;49;00m
== Refiner ==
Refining ('14', '9A')
M  CN constraint for 9A: 1 == <gurobi.LinExpr: 9A + 9B>
M  CN constraint for 14: 1 == <gurobi.LinExpr: 14>
M  Contraint for 41357631:REF 6.0i: 476 == <gurobi.QuadExpr: 454.5 9A + 454.5 9B + 454.5 14 + [ -454.5 EXT_9A_41357631:SNP.TG * 9A + -454.5 REG_9B_41357631:SNP.TG * 9B + -454.5 EXT_14_41357631:SNP.TG * 14 ]> + err
M  Contraint for 41354711:SNP.AG 6.2i: 138 == <gurobi.QuadExpr: 0.0 + [ 137.5 EXT_9A_41354711:SNP.AG * 9A + 137.5 REG_9B_41354711:SNP.AG * 9B + 137.5 EXT_14_41354711:SNP.AG * 14 ]> + err
M  Contraint for 41357619:SNP.CT 6.0i: 410 == <gurobi.QuadExpr: 0.0 + [ 426.5 EXT_9A_41357619:SNP.CT * 9A + 426.5 REG_9B_41357619:SNP.CT * 9B + 426.5 EXT_14_41357619:SNP.CT * 14 ]> + err
M  Contraint for 41356280:SNP.CT 6.1e: 354 == <gurobi.QuadExpr: 0.0 + [ 377.5 EXT_9A_41356280:SNP.CT * 9A + 377.5 EXT_9B_41356280:SNP.CT * 9B + 377.5 REG_14_41356280:SNP.CT * 14 ]> + err
M  Contraint for 41357631:SNP.TG 6.0i: 433 == <gurobi.QuadExpr: 0.0 + [ 454.5 EXT_9A_41357631:SNP.TG * 9A + 454.5 REG_9B_41357631:SNP.TG * 9B + 454.5 EXT_14_41357631:SNP.TG * 14 ]> + err
M  Contraint for 41349977:REF 6.8i: 454 == <gurobi.QuadExpr: 359.0 9A + 359.0 9B + 359.0 14 + [ -359.0 EXT_9A_41349977:SNP.AG * 9A + -359.0 REG_9B_41349977:SNP.AG * 9B + -359.0 EXT_14_41349977:SNP.AG * 14 ]> + err
M  Contraint for 41356280:REF 6.1e: 401 == <gurobi.QuadExpr: 377.5 9A + 377.5 9B + 377.5 14 + [ -377.5 EXT_9A_41356280:SNP.CT * 9A + -377.5 EXT_9B_41356280:SNP.CT * 9B + -377.5 REG_14_41356280:SNP.CT * 14 ]> + err
M  Contraint for 41354711:REF 6.2i: 137 == <gurobi.QuadExpr: 137.5 9A + 137.5 9B + 137.5 14 + [ -137.5 EXT_9A_41354711:SNP.AG * 9A + -137.5 REG_9B_41354711:SNP.AG * 9B + -137.5 EXT_14_41354711:SNP.AG * 14 ]> + err
M  Contraint for 41356245:SNP.CT 6.1e: 353 == <gurobi.QuadExpr: 0.0 + [ 380.0 EXT_9A_41356245:SNP.CT * 9A + 380.0 EXT_9B_41356245:SNP.CT * 9B + 380.0 REG_14_41356245:SNP.CT * 14 ]> + err
M  Contraint for 41358010:REF 6.0i: 437 == <gurobi.QuadExpr: 385.0 9A + 385.0 9B + 385.0 14 + [ -385.0 EXT_9A_41358010:SNP.TC * 9A + -385.0 REG_9B_41358010:SNP.TC * 9B + -385.0 EXT_14_41358010:SNP.TC * 14 ]> + err
M  Contraint for 41349639:SNP.GC 6.3utr: 460 == <gurobi.QuadExpr: 0.0 + [ 485.0 EXT_9A_41349639:SNP.GC * 9A + 485.0 REG_9B_41349639:SNP.GC * 9B + 485.0 EXT_14_41349639:SNP.GC * 14 ]> + err
M  Contraint for 41349639:REF 6.3utr: 510 == <gurobi.QuadExpr: 485.0 9A + 485.0 9B + 485.0 14 + [ -485.0 EXT_9A_41349639:SNP.GC * 9A + -485.0 REG_9B_41349639:SNP.GC * 9B + -485.0 EXT_14_41349639:SNP.GC * 14 ]> + err
M  Contraint for 41358010:SNP.TC 6.0i: 333 == <gurobi.QuadExpr: 0.0 + [ 385.0 EXT_9A_41358010:SNP.TC * 9A + 385.0 REG_9B_41358010:SNP.TC * 9B + 385.0 EXT_14_41358010:SNP.TC * 14 ]> + err
M  Contraint for 41354495:REF 6.3i: 274 == <gurobi.QuadExpr: 252.0 9A + 252.0 9B + 252.0 14 + [ -252.0 EXT_9A_41354495:SNP.CA * 9A + -252.0 REG_9B_41354495:SNP.CA * 9B + -252.0 EXT_14_41354495:SNP.CA * 14 ]> + err
M  Contraint for 41356245:REF 6.1e: 407 == <gurobi.QuadExpr: 380.0 9A + 380.0 9B + 380.0 14 + [ -380.0 EXT_9A_41356245:SNP.CT * 9A + -380.0 EXT_9B_41356245:SNP.CT * 9B + -380.0 REG_14_41356245:SNP.CT * 14 ]> + err
M  Contraint for 41356378:REF 6.0i: 467 == <gurobi.QuadExpr: 423.0 9A + 423.0 9B + 423.0 14 + [ -423.0 REG_9A_41356378:SNP.AC * 9A + -423.0 REG_9B_41356378:SNP.AC * 9B + -423.0 EXT_14_41356378:SNP.AC * 14 ]> + err
M  Contraint for 41354495:SNP.CA 6.3i: 230 == <gurobi.QuadExpr: 0.0 + [ 252.0 EXT_9A_41354495:SNP.CA * 9A + 252.0 REG_9B_41354495:SNP.CA * 9B + 252.0 EXT_14_41354495:SNP.CA * 14 ]> + err
M  Contraint for 41356378:SNP.AC 6.0i: 379 == <gurobi.QuadExpr: 0.0 + [ 423.0 REG_9A_41356378:SNP.AC * 9A + 423.0 REG_9B_41356378:SNP.AC * 9B + 423.0 EXT_14_41356378:SNP.AC * 14 ]> + err
M  Contraint for 41357343:REF 6.0i: 686 == <gurobi.QuadExpr: 515.5 9A + 515.5 9B + 515.5 14 + [ -515.5 REG_9A_41357343:SNP.TC * 9A + -515.5 REG_9B_41357343:SNP.TC * 9B + -515.5 EXT_14_41357343:SNP.TC * 14 ]> + err
M  Contraint for 41357619:REF 6.0i: 443 == <gurobi.QuadExpr: 426.5 9A + 426.5 9B + 426.5 14 + [ -426.5 EXT_9A_41357619:SNP.CT * 9A + -426.5 REG_9B_41357619:SNP.CT * 9B + -426.5 EXT_14_41357619:SNP.CT * 14 ]> + err
M  Contraint for 41357343:SNP.TC 6.0i: 345 == <gurobi.QuadExpr: 0.0 + [ 515.5 REG_9A_41357343:SNP.TC * 9A + 515.5 REG_9B_41357343:SNP.TC * 9B + 515.5 EXT_14_41357343:SNP.TC * 14 ]> + err
M  Contraint for 41349977:SNP.AG 6.8i: 264 == <gurobi.QuadExpr: 0.0 + [ 359.0 EXT_9A_41349977:SNP.AG * 9A + 359.0 REG_9B_41349977:SNP.AG * 9B + 359.0 EXT_14_41349977:SNP.AG * 14 ]> + err
M  Contraint for MM[missing] 9A 41356378:SNP.AC: <gurobi.Var 9A> >= <gurobi.Var REG_9A_41356378:SNP.AC>
M  Contraint for MM[missing] 9A 41357343:SNP.TC: <gurobi.Var 9A> >= <gurobi.Var REG_9A_41357343:SNP.TC>
M  Contraint for MM[missing] 9B 41357343:SNP.TC: <gurobi.Var 9B> >= <gurobi.Var REG_9B_41357343:SNP.TC>
M  Contraint for MM[missing] 9B 41354711:SNP.AG: <gurobi.Var 9B> >= <gurobi.Var REG_9B_41354711:SNP.AG>
M  Contraint for MM[missing] 9B 41349639:SNP.GC: <gurobi.Var 9B> >= <gurobi.Var REG_9B_41349639:SNP.GC>
M  Contraint for MM[missing] 9B 41357619:SNP.CT: <gurobi.Var 9B> >= <gurobi.Var REG_9B_41357619:SNP.CT>
M  Contraint for MM[missing] 9B 41354495:SNP.CA: <gurobi.Var 9B> >= <gurobi.Var REG_9B_41354495:SNP.CA>
M  Contraint for MM[missing] 9B 41357631:SNP.TG: <gurobi.Var 9B> >= <gurobi.Var REG_9B_41357631:SNP.TG>
M  Contraint for MM[missing] 9B 41358010:SNP.TC: <gurobi.Var 9B> >= <gurobi.Var REG_9B_41358010:SNP.TC>
M  Contraint for MM[missing] 9B 41356378:SNP.AC: <gurobi.Var 9B> >= <gurobi.Var REG_9B_41356378:SNP.AC>
M  Contraint for MM[missing] 9B 41349977:SNP.AG: <gurobi.Var 9B> >= <gurobi.Var REG_9B_41349977:SNP.AG>
M  Contraint for MM[missing] 14 41356245:SNP.CT: <gurobi.Var 14> >= <gurobi.Var REG_14_41356245:SNP.CT>
M  Contraint for MM[missing] 14 41356280:SNP.CT: <gurobi.Var 14> >= <gurobi.Var REG_14_41356280:SNP.CT>
M  Contraint for MA[extra] 9A 41354495:SNP.CA: <gurobi.Var 9A> >= <gurobi.Var EXT_9A_41354495:SNP.CA>
M  Contraint for MA[extra] 9A 41356245:SNP.CT: <gurobi.Var 9A> >= <gurobi.Var EXT_9A_41356245:SNP.CT>
M  Contraint for MA[extra] 9A 41354711:SNP.AG: <gurobi.Var 9A> >= <gurobi.Var EXT_9A_41354711:SNP.AG>
M  Contraint for MA[extra] 9A 41349639:SNP.GC: <gurobi.Var 9A> >= <gurobi.Var EXT_9A_41349639:SNP.GC>
M  Contraint for MA[extra] 9A 41357619:SNP.CT: <gurobi.Var 9A> >= <gurobi.Var EXT_9A_41357619:SNP.CT>
M  Contraint for MA[extra] 9A 41356280:SNP.CT: <gurobi.Var 9A> >= <gurobi.Var EXT_9A_41356280:SNP.CT>
M  Contraint for MA[extra] 9A 41357631:SNP.TG: <gurobi.Var 9A> >= <gurobi.Var EXT_9A_41357631:SNP.TG>
M  Contraint for MA[extra] 9A 41358010:SNP.TC: <gurobi.Var 9A> >= <gurobi.Var EXT_9A_41358010:SNP.TC>
M  Contraint for MA[extra] 9A 41349977:SNP.AG: <gurobi.Var 9A> >= <gurobi.Var EXT_9A_41349977:SNP.AG>
M  Contraint for MA[extra] 9B 41356245:SNP.CT: <gurobi.Var 9B> >= <gurobi.Var EXT_9B_41356245:SNP.CT>
M  Contraint for MA[extra] 9B 41356280:SNP.CT: <gurobi.Var 9B> >= <gurobi.Var EXT_9B_41356280:SNP.CT>
M  Contraint for MA[extra] 14 41357343:SNP.TC: <gurobi.Var 14> >= <gurobi.Var EXT_14_41357343:SNP.TC>
M  Contraint for MA[extra] 14 41354711:SNP.AG: <gurobi.Var 14> >= <gurobi.Var EXT_14_41354711:SNP.AG>
M  Contraint for MA[extra] 14 41349639:SNP.GC: <gurobi.Var 14> >= <gurobi.Var EXT_14_41349639:SNP.GC>
M  Contraint for MA[extra] 14 41357619:SNP.CT: <gurobi.Var 14> >= <gurobi.Var EXT_14_41357619:SNP.CT>
M  Contraint for MA[extra] 14 41354495:SNP.CA: <gurobi.Var 14> >= <gurobi.Var EXT_14_41354495:SNP.CA>
M  Contraint for MA[extra] 14 41357631:SNP.TG: <gurobi.Var 14> >= <gurobi.Var EXT_14_41357631:SNP.TG>
M  Contraint for MA[extra] 14 41358010:SNP.TC: <gurobi.Var 14> >= <gurobi.Var EXT_14_41358010:SNP.TC>
M  Contraint for MA[extra] 14 41356378:SNP.AC: <gurobi.Var 14> >= <gurobi.Var EXT_14_41356378:SNP.AC>
M  Contraint for MA[extra] 14 41349977:SNP.AG: <gurobi.Var 14> >= <gurobi.Var EXT_14_41349977:SNP.AG>
M  Objective: <gurobi.LinExpr: C58 + C59 + C60 + C61 + C62 + C63 + C64 + C65 + C66 + C67 + C68 + C69 + C70 + C71 + C72 + C73 + C74 + C75 + C76 + C77 + C78 + C79 + EXT_9A_41354495:SNP.CA + EXT_9A_41356245:SNP.CT + EXT_9A_41354711:SNP.AG + EXT_9A_41349639:SNP.GC + EXT_9A_41357619:SNP.CT + EXT_9A_41356280:SNP.CT + EXT_9A_41357631:SNP.TG + EXT_9A_41358010:SNP.TC + EXT_9A_41349977:SNP.AG + EXT_9B_41356245:SNP.CT + EXT_9B_41356280:SNP.CT + EXT_14_41357343:SNP.TC + EXT_14_41354711:SNP.AG + EXT_14_41349639:SNP.GC + EXT_14_41357619:SNP.CT + EXT_14_41354495:SNP.CA + EXT_14_41357631:SNP.TG + EXT_14_41358010:SNP.TC + EXT_14_41356378:SNP.AC + EXT_14_41349977:SNP.AG + W>
M  Contraint for 9A: <gurobi.LinExpr: REG_9A_41356378:SNP.AC> = 1 * A_<gurobi.Var 9A>
M  Contraint for 9B: <gurobi.LinExpr: REG_9B_41356378:SNP.AC> = 1 * A_<gurobi.Var 9B>
M  Contraint for 14: <gurobi.LinExpr: REG_14_41356245:SNP.CT> = 1 * A_<gurobi.Var 14>
M  Contraint for 41357343:SNP.TC: 1 <= <gurobi.QuadExpr: 0.0 + [ REG_9A_41357343:SNP.TC * 9A + REG_9B_41357343:SNP.TC * 9B + EXT_14_41357343:SNP.TC * 14 ]> <= 1
M  Contraint for 41356245:SNP.CT: 1 <= <gurobi.QuadExpr: 0.0 + [ REG_14_41356245:SNP.CT * 14 ]> <= 1
M  Contraint for 41356245:SNP.CT: <gurobi.QuadExpr: 0.0 + [ REG_14_41356245:SNP.CT * 14 ]> <= 1
M  Contraint for 41354711:SNP.AG: 1 <= <gurobi.QuadExpr: 0.0 + [ REG_9B_41354711:SNP.AG * 9B + EXT_9A_41354711:SNP.AG * 9A + EXT_14_41354711:SNP.AG * 14 ]> <= 2
M  Contraint for 41349639:SNP.GC: 1 <= <gurobi.QuadExpr: 0.0 + [ REG_9B_41349639:SNP.GC * 9B + EXT_9A_41349639:SNP.GC * 9A + EXT_14_41349639:SNP.GC * 14 ]> <= 1
M  Contraint for 41357619:SNP.CT: 1 <= <gurobi.QuadExpr: 0.0 + [ REG_9B_41357619:SNP.CT * 9B + EXT_9A_41357619:SNP.CT * 9A + EXT_14_41357619:SNP.CT * 14 ]> <= 1
M  Contraint for 41356280:SNP.CT: 1 <= <gurobi.QuadExpr: 0.0 + [ REG_14_41356280:SNP.CT * 14 + EXT_9A_41356280:SNP.CT * 9A + EXT_9B_41356280:SNP.CT * 9B ]> <= 1
M  Contraint for 41357631:SNP.TG: 1 <= <gurobi.QuadExpr: 0.0 + [ REG_9B_41357631:SNP.TG * 9B + EXT_9A_41357631:SNP.TG * 9A + EXT_14_41357631:SNP.TG * 14 ]> <= 1
M  Contraint for 41358010:SNP.TC: 1 <= <gurobi.QuadExpr: 0.0 + [ REG_9B_41358010:SNP.TC * 9B + EXT_9A_41358010:SNP.TC * 9A + EXT_14_41358010:SNP.TC * 14 ]> <= 1
M  Contraint for 41349977:SNP.AG: 1 <= <gurobi.QuadExpr: 0.0 + [ REG_9B_41349977:SNP.AG * 9B + EXT_9A_41349977:SNP.AG * 9A + EXT_14_41349977:SNP.AG * 14 ]> <= 1
M  Contraint for 41356378:SNP.AC: 1 <= <gurobi.QuadExpr: 0.0 + [ REG_9A_41356378:SNP.AC * 9A + REG_9B_41356378:SNP.AC * 9B ]> <= 1
M  Contraint for 41356378:SNP.AC: <gurobi.QuadExpr: 0.0 + [ REG_9A_41356378:SNP.AC * 9A + REG_9B_41356378:SNP.AC * 9B ]> <= 1
M  Contraint for 41354495:SNP.CA: 1 <= <gurobi.QuadExpr: 0.0 + [ REG_9B_41354495:SNP.CA * 9B + EXT_9A_41354495:SNP.CA * 9A + EXT_14_41354495:SNP.CA * 14 ]> <= 1
CN Solver status: optimal, opt: 995.0
  9B: 1
    6.0i 41357343:SNP.TC  345 ( 33 cp. 1) 
    6.2i 41354711:SNP.AG  138 ( 50 cp. 1) 
    6.3utr 41349639:SNP.GC  460 ( 47 cp. 1) 
    6.0i 41357619:SNP.CT  410 ( 48 cp. 1) 
    6.3i 41354495:SNP.CA  230 ( 46 cp. 1) 
    6.0i 41357631:SNP.TG  433 ( 48 cp. 1) 
    6.0i 41358010:SNP.TC  333 ( 43 cp. 1) 
    6.0i 41356378:SNP.AC  379 ( 45 cp. 1) F
    6.8i 41349977:SNP.AG  264 ( 37 cp. 1) 
  14: 1
    6.1e 41356245:SNP.CT  353 ( 46 cp. 1) F
    6.1e 41356280:SNP.CT  354 ( 47 cp. 1) 
Missing:
  9B: 1
  14: 1
Extra:
  9B: 1
  14: 1
Time needed: (260.0)
Result is: [('9B', '14')]
