SAM file: bams/NA10865.bam
File bams/NA10865.bam has index
Coverage is 126.414620149
== Allele Filter ==
 6.0i   15988657: SNP.TC                   53 ( 44%) ~     0 (  0)
 6.0i   15988752: DEL.TT                  169 ( 47%) ~     1 (  1)
 6.0i   15989039: SNP.CG                  654 ( 53%) ~     0 (  0)
 6.12e  15989695: SNP.GC                   27 ( 10%) ~     4 ( 15)
 6.12e  15989729: SNP.TC                   74 ( 24%) ~     6 (  8)
 6.11i  15989810: SNP.TG                   67 ( 37%) ~     4 (  6)
 6.11i  15989856: SNP.TC                   15 ( 16%) ~     2 ( 13)
 6.11i  15989870: SNP.TA                   36 ( 44%) ~     0 (  0)
 6.11i  15989890: SNP.CT                    8 ( 11%) ~     1 ( 12)
 6.11i  15989903: SNP.CA                    8 ( 10%) ~     1 ( 12)
 6.11i  15989908: SNP.AG                    8 ( 11%) ~     1 ( 12)
 6.11i  15989918: SNP.GC                    8 ( 12%) ~     1 ( 12)
 6.11i  15989921: SNP.CA                    8 ( 12%) ~     1 ( 12)
 6.11i  15989926: SNP.AG                    4 (  6%) ~     1 ( 25)
 6.11i  15990047: SNP.GA                   93 ( 50%) ~     0 (  0)
 6.8i   15991037: SNP.GT                    2 ( 14%) ~     0 (  0)
 6.8i   15996244: SNP.GA                    6 (100%) ~     0 (  0)
 6.8i   15996348: SNP.TA                    8 (100%) ~     0 (  0)
 6.8i   15996482: INS.g                    13 ( 43%) ~     0 (  0)
 6.6i   15997315: SNP.CT                  337 ( 48%) ~     0 (  0)
 6.6i   15999597: SNP.AG                    2 (100%) ~     0 (  0)
 6.6i   16000165: SNP.TC                  151 (100%) ~     0 (  0)
 6.5e   16001214: SNP.CA                  311 ( 47%) ~     0 (  0)
 6.4i   16001628: SNP.GA                  706 ( 51%) ~     0 (  0)
 6.4i   16001739: SNP.AG                 1447 (100%) ~     0 (  0)
 6.4i   16001851: SNP.TG                 1347 (100%) ~     0 (  0)
 6.4i   16002274: INS.a                   522 ( 39%) ~     0 (  0)
 6.4i   16002302: SNP.AC                  108 (  7%) ~     0 (  0)
 6.2i   16003751: SNP.TC                  300 ( 47%) ~     0 (  0)
 6.2i   16004537: SNP.AG                   45 ( 48%) ~     0 (  0)
 6.2i   16006073: SNP.TA                   36 ( 53%) ~     0 (  0)
 6.1i   16006766: SNP.TC                    2 ( 10%) ~     0 (  0)
 6.1i   16006878: INS.ca                    3 ( 43%) ~     0 (  0)
 6.1i   16006878: SNP.CT                    7 (100%) ~     0 (  0)
 6.1i   16006879: INS.cc                    3 ( 43%) ~     0 (  0)
 6.1i   16007043: INS.ctat                  2 ( 40%) ~     0 (  0)
Removing 2     6.1e 16008387:SNP.AC
Removing 3     6.10e 15990430:SNP.CT
Removing 4     6.1e 16008387:SNP.AC,  6.10e 15990430:SNP.CT
Initial status
  CYP2D6.1
== Copy Number Estimator ==
CNV factor: 1.49184645018 (0.670310272133)
Coverage per region
  region:  2D6  2D7
  0i   :  2.33
  1e   :  2.37
  1i   :  2.37
  2e   :  2.30
  2i   :  2.22
  3e   :  2.10
  3i   :  2.01
  4e   :  2.16
  4i   :  2.16
  5e   :  1.88
  5i   :  1.90
  6e   :  2.25
  6i   :  2.18
  7e   :  2.08
  7i   :  2.05
  8e   :  2.06
  8i   :  2.81
  9e   :  2.08
  9i   :  2.23
  10e  :  2.38
  10i  :  2.18
  11e  :  2.12
  11i  :  2.06
  12e  :  2.14
Max. CN = 3
M  Sentinel contraint for 1: A_1^ <= A_1
M  Contraint for 7e: 2.08232739677 == E_7e + <gurobi.LinExpr: A1 + A1^>
M  Contraint for 6e: 2.24947303716 == E_6e + <gurobi.LinExpr: A1 + A1^>
M  Contraint for 9e: 2.08278773491 == E_9e + <gurobi.LinExpr: A1 + A1^>
M  Contraint for 8e: 2.06484991601 == E_8e + <gurobi.LinExpr: A1 + A1^>
M  Contraint for 2e: 2.30222259815 == E_2e + <gurobi.LinExpr: A1 + A1^>
M  Contraint for 1e: 2.36725149882 == E_1e + <gurobi.LinExpr: A1 + A1^>
M  Contraint for 5e: 1.88184778269 == E_5e + <gurobi.LinExpr: A1 + A1^>
M  Contraint for 4e: 2.15751630365 == E_4e + <gurobi.LinExpr: A1 + A1^>
M  Contraint for 3e: 2.10227576305 == E_3e + <gurobi.LinExpr: A1 + A1^>
M  Objective: <gurobi.LinExpr: C11 + C12 + C13 + C14 + C15 + C16 + C17 + C18 + C19 + 0.5 A1 + 0.5 A1^>
CN Solver status: optimal, opt: 2.52685646583
  Solutions:
    ('1', '1^')
== Initial Solver ==
Solving Counter({'1': 2})
Possible candidates:
  CYP2D6.1
M  Max. CN for 1 = 2
M  CN contraint for 1: 2 == <gurobi.LinExpr: 1 + 1_2>
M  Sentinel contraint for 1: A_1_2 <= A_1
M  Objective: 0
CN Solver status: optimal, opt: 0.0
  solution:
    ('1', '1')
[32;01mCopy number best structures:[39;49;00m
[32;01m  (1) 2x*1-like[39;49;00m
== Refiner ==
Refining ('1', '1')
M  Sentinel constraint for 1: A_1_2 <= A_1
M  CN constraint for 1: 2 == <gurobi.LinExpr: 1 + 1_2>
M  Objective: <gurobi.LinExpr: W>
CN Solver status: optimal, opt: 0.0
  1: 1
  1_2: 1
Missing:
  1: 1
  1_2: 1
Extra:
  1: 1
  1_2: 1
Time needed: (17.0)
Result is: [('1', '1')]
