SAM file: bams/NA11834.bam
File bams/NA11834.bam has index
Coverage is 432.806658954
== Allele Filter ==
 6.0i   99245913: SNP.GA     31611:C>T   1279 (100%) ~     0 (  0)
 6.12i  99246287: DEL.T                     5 (  8%) ~     0 (  0)
 6.12i  99246287: INS.tt                    4 (  7%) ~     0 (  0)
 6.12i  99246287: INS.t                    10 ( 16%) ~     0 (  0)
 6.12i  99246300: SNP.AT                    6 ( 11%) ~     0 (  0)
 6.12i  99246308: SNP.CT                    4 (  8%) ~     0 (  0)
 6.12i  99247346: SNP.TC                    2 ( 17%) ~     0 (  0)
 6.12i  99247347: SNP.CT                    2 ( 17%) ~     0 (  0)
 6.12i  99247447: SNP.CA                    3 (  7%) ~     0 (  0)
 6.10i  99250743: SNP.AG                    2 (  6%) ~     0 (  0)
 6.10i  99257676: SNP.TG                    2 (  5%) ~     0 (  0)
 6.10i  99257868: SNP.AT                   42 ( 15%) ~     0 (  0)
 6.10i  99257869: SNP.CT                   48 ( 17%) ~     0 (  0)
 6.10i  99257872: SNP.AT                   19 (  6%) ~     0 (  0)
 6.10i  99257875: SNP.AT                   26 (  8%) ~     1 (  4)
 6.10i  99257878: SNP.AT                   55 ( 14%) ~     0 (  0)
 6.10i  99257881: SNP.GT                   35 (  9%) ~     0 (  0)
 6.10i  99257885: SNP.TA                   46 ( 11%) ~     0 (  0)
 6.10i  99257888: SNP.CA                   50 ( 11%) ~     0 (  0)
 6.10i  99257890: SNP.GA                   46 ( 10%) ~     0 (  0)
 6.10i  99257891: SNP.TA                   50 ( 11%) ~     0 (  0)
 6.10i  99257895: SNP.CA                   49 ( 10%) ~     0 (  0)
 6.10i  99257899: SNP.TG                   40 (  8%) ~     0 (  0)
 6.9i   99260385: SNP.GC                   36 (  6%) ~     0 (  0)
 6.9i   99260401: SNP.TC                   50 (  7%) ~     0 (  0)
 6.7i   99262571: SNP.GA                   51 (100%) ~     0 (  0)
 6.4i   99264806: SNP.TG                   12 (  5%) ~     0 (  0)
 6.4i   99264809: SNP.CA                   14 (  6%) ~     0 (  0)
 6.4i   99264855: SNP.CT                   12 ( 11%) ~     0 (  0)
 6.4i   99264859: SNP.TG                    7 (  7%) ~     0 (  0)
 6.4i   99264861: SNP.AG                   12 ( 12%) ~     0 (  0)
 6.4i   99264866: SNP.AG                   15 ( 16%) ~     0 (  0)
 6.4i   99264867: SNP.TG                   10 ( 11%) ~     0 (  0)
 6.4i   99264869: SNP.TG                   34 ( 36%) ~     0 (  0)
 6.4i   99264874: SNP.CG                   29 ( 36%) ~     0 (  0)
 6.4i   99264880: SNP.TG                    9 ( 12%) ~     0 (  0)
 6.4i   99268740: DEL.TGTGTG               22 (  6%) ~     0 (  0)
 6.4i   99268740: DEL.TGTG                 44 ( 12%) ~     0 (  0)
 6.4i   99268740: DEL.TG                   30 (  8%) ~     0 (  0)
 6.4i   99268787: SNP.AT                   22 (  7%) ~     0 (  0)
 6.4i   99268792: SNP.AG                   36 ( 11%) ~     0 (  0)
 6.4i   99268886: SNP.TG                  265 ( 34%) ~     0 (  0)
 6.4i   99268893: SNP.GT                   51 (  6%) ~     0 (  0)
 6.4i   99268924: SNP.AT                   69 (  8%) ~     0 (  0)
 6.3i   99270538: SNP.TC     6986:A>G     719 (100%) ~     0 (  0)
 6.2i   99273232: SNP.TC                  341 (100%) ~     0 (  0)
 6.2i   99273233: SNP.CT                  329 (100%) ~     0 (  0)
 6.2i   99273241: SNP.TC                  292 (100%) ~     0 (  0)
 6.2i   99273243: SNP.TC                  287 (100%) ~     0 (  0)
 6.2i   99273246: SNP.CT                  262 ( 97%) ~     0 (  0)
 6.2i   99273248: SNP.CT                  245 ( 96%) ~     0 (  0)
 6.2i   99273266: DEL.CC                   13 (  7%) ~     0 (  0)
 6.2i   99273267: INS.tcct                 48 ( 30%) ~     0 (  0)
 6.2i   99273267: SNP.CT                   72 ( 45%) ~     0 (  0)
 6.2i   99273269: SNP.CT                   16 ( 10%) ~     0 (  0)
 6.2i   99273270: SNP.AC                   84 ( 52%) ~     0 (  0)
 6.2i   99273270: SNP.AT                   57 ( 35%) ~     0 (  0)
 6.2i   99273271: INS.a                    46 ( 30%) ~     0 (  0)
 6.2i   99273272: SNP.TC                   43 ( 29%) ~     0 (  0)
 6.2i   99273275: SNP.TC                   31 ( 21%) ~     0 (  0)
 6.2i   99273275: SNP.TA                   40 ( 27%) ~     0 (  0)
 6.2i   99273280: SNP.CT                   35 ( 26%) ~     0 (  0)
 6.2i   99273283: INS.c                    77 ( 57%) ~     0 (  0)
 6.2i   99273284: SNP.CT                    8 (  6%) ~     0 (  0)
 6.2i   99273289: SNP.CT                    9 (  7%) ~     0 (  0)
 6.2i   99273292: DEL.T                     9 (  8%) ~     0 (  0)
 6.2i   99273297: SNP.TC                    3 (  6%) ~     0 (  0)
 6.2i   99273297: DEL.TT                   36 ( 67%) ~     0 (  0)
 6.2i   99273298: INS.c                     4 ( 19%) ~     0 (  0)
 6.2i   99273303: SNP.TC                   34 ( 61%) ~     0 (  0)
 6.2i   99273305: SNP.TC                   37 ( 73%) ~     0 (  0)
 6.2i   99273306: SNP.CT                    3 (  6%) ~     0 (  0)
 6.2i   99273310: SNP.CT                    2 ( 11%) ~     0 (  0)
 6.2i   99273312: SNP.TC                    3 ( 14%) ~     0 (  0)
 6.2i   99273315: DEL.T                     3 ( 14%) ~     0 (  0)
 6.2i   99273321: DEL.T                     3 ( 11%) ~     0 (  0)
 6.2i   99273324: SNP.CT                    2 (  7%) ~     0 (  0)
 6.2i   99273328: SNP.CT                    2 (  7%) ~     0 (  0)
 6.2i   99273332: SNP.CT                    2 (  7%) ~     0 (  0)
Removing 2     6.11e 99250235:SNP.GT
Removing 3K    6.12e 99247771:SNP.AG
Removing 3J    6.12e 99247742:SNP.TC
Removing 3L    6.2e 99273744:SNP.TC
Removing 3B    6.2e 99273814:SNP.GA,  6.2e 99273810:INS.c
Removing 3G    6.5i 99264572:SNP.AG
Removing 3F    6.13e 99245973:SNP.AG
Removing 3D    6.4e 99270275:SNP.AC
Removing 4     6.7e 99262859:SNP.TC
Removing 5     6.5i 99264572:SNP.AG
Removing 6     6.7e 99262834:SNP.CT
Removing 7     6.11e 99250393:INS.a
Removing 8     6.2e 99273820:SNP.GA
Removing 9X    6.10e 99258138:SNP.CT
Removing 9     6.10e 99258138:SNP.CT
Initial status
  CYP2D6.1C
                   99277592:SNP.GA  297 ( 45)   -74:C>T
  CYP2D6.1E
    6.9i           99260361:SNP.CA    0 (  0)   17163:G>T
  CYP2D6.1D
    6.0i           99245913:SNP.GA 1279 (100)   31611:C>T
  CYP2D6.1
  CYP2D6.1B
                   99277604:SNP.CT    0 (  0)   -86:G>A
  CYP2D6.3H
    6.0i           99245913:SNP.GA 1279 (100)   31611:C>T
    6.5i           99264416:SNP.AG    0 (  0)   13108:T>C
    6.3i           99270538:SNP.TC  719 (100) F 6986:A>G
  CYP2D6.3C
    6.3i           99270538:SNP.TC  719 (100) F 6986:A>G
  CYP2D6.3A
    6.0i           99245913:SNP.GA 1279 (100)   31611:C>T
    6.3i           99270538:SNP.TC  719 (100) F 6986:A>G
  CYP2D6.3E
    6.0i           99245913:SNP.GA 1279 (100)   31611:C>T
    6.10i          99250474:SNP.TC    0 (  0)   27050:A>G
    6.3i           99270538:SNP.TC  719 (100) F 6986:A>G
  CYP2D6.3I
    6.0i           99245913:SNP.GA 1279 (100)   31611:C>T
    6.8i           99260621:SNP.TC    0 (  0)   16903:A>G
    6.3i           99270538:SNP.TC  719 (100) F 6986:A>G
== Copy Number Estimator ==
CNV factor: 1.83895491368 (0.543787122001)
Coverage per region
  region:  2D6  2D7
  0i   :  2.03
  1e   :  2.17
  1i   :  1.99
  2e   :  2.00
  2i   :  2.07
  3e   :  2.16
  3i   :  2.07
  4e   :  1.88
  4i   :  2.11
  5e   :  2.23
  5i   :  2.10
  6e   :  2.21
  6i   :  2.12
  7e   :  2.11
  7i   :  2.22
  8e   :  2.16
  8i   :  2.18
  9e   :  2.11
  9i   :  2.22
  10e  :  1.97
  10i  :  2.11
  11e  :  2.03
  11i  :  2.14
  12e  :  2.28
  12i  :  2.02
  13e  :  2.04
Max. CN = 2
M  Sentinel contraint for 1: A_1^ <= A_1
M  Contraint for 7e: 2.10714102073 == E_7e + <gurobi.LinExpr: A1 + A1^>
M  Contraint for 6e: 2.20769744829 == E_6e + <gurobi.LinExpr: A1 + A1^>
M  Contraint for 9e: 2.11159209412 == E_9e + <gurobi.LinExpr: A1 + A1^>
M  Contraint for 8e: 2.16120421263 == E_8e + <gurobi.LinExpr: A1 + A1^>
M  Contraint for 2e: 2.00401548136 == E_2e + <gurobi.LinExpr: A1 + A1^>
M  Contraint for 1e: 2.17083957441 == E_1e + <gurobi.LinExpr: A1 + A1^>
M  Contraint for 5e: 2.22864641501 == E_5e + <gurobi.LinExpr: A1 + A1^>
M  Contraint for 4e: 1.88222467533 == E_4e + <gurobi.LinExpr: A1 + A1^>
M  Contraint for 3e: 2.15669226137 == E_3e + <gurobi.LinExpr: A1 + A1^>
M  Objective: <gurobi.LinExpr: C11 + C12 + C13 + C14 + C15 + C16 + C17 + C18 + C19 + 0.5 A1 + 0.5 A1^>
CN Solver status: optimal, opt: 2.26560383261
  Solutions:
    ('1', '1^')
== Initial Solver ==
Solving Counter({'1': 2})
Possible candidates:
  CYP2D6.1
  CYP2D6.3A
    6.3i 99270538:SNP.TC  719 (100) F 6986:A>G
M  Max. CN for 1 = 2
M  Max. CN for 3A = 2
M  Contraint for 99270538:SNP.TC 6.3i: 719 == <gurobi.QuadExpr: 0.0 + [ 360.5 REG_3A_99270538:SNP.TC * 3A + 360.5 REG_3A_2_99270538:SNP.TC * 3A_2 ]> + err
M  Contraint for 99270538:REF 6.3i: 2 == <gurobi.QuadExpr: 360.5 1 + 360.5 3A + 360.5 3A_2 + 360.5 1_2 + [ -360.5 REG_3A_99270538:SNP.TC * 3A + -360.5 REG_3A_2_99270538:SNP.TC * 3A_2 ]> + err
M  Contraint for 3A 99270538:SNP.TC: <gurobi.Var 3A> >= <gurobi.Var REG_3A_99270538:SNP.TC>
M  Contraint for 3A_2 99270538:SNP.TC: <gurobi.Var 3A_2> >= <gurobi.Var REG_3A_2_99270538:SNP.TC>
M  CN contraint for 1: 2 == <gurobi.LinExpr: 1 + 3A + 3A_2 + 1_2>
M  Sentinel contraint for 1: A_1_2 <= A_1
M  Sentinel contraint for 3A: A_3A_2 <= A_3A
M  Objective: <gurobi.LinExpr: C9 + C10>
M  Contraint for 3A: A_3A * (<gurobi.LinExpr: REG_3A_99270538:SNP.TC> - 1) == 0
M  Contraint for 3A_2: A_3A_2 * (<gurobi.LinExpr: REG_3A_2_99270538:SNP.TC> - 1) == 0
M  Contraint for 99270538:SNP.TC: 1 <= <gurobi.QuadExpr: 0.0 + [ 3A * REG_3A_99270538:SNP.TC + 3A_2 * REG_3A_2_99270538:SNP.TC ]>
M  Contraint for 99270538:SNP.TC: 1 <= <gurobi.QuadExpr: 0.0 + [ 3A * REG_3A_99270538:SNP.TC + 3A_2 * REG_3A_2_99270538:SNP.TC ]>
CN Solver status: optimal, opt: 4.0
  solution:
    ('3A', '3A')
[32;01mCopy number best structures:[39;49;00m
[32;01m  (1) 2x*1-like[39;49;00m
== Refiner ==
Refining ('3A', '3A')
M  Sentinel constraint for 3I: A_3I_2 <= A_3I
M  Sentinel constraint for 3H: A_3H_2 <= A_3H
M  Sentinel constraint for 3C: A_3C_2 <= A_3C
M  Sentinel constraint for 3A: A_3A_2 <= A_3A
M  Sentinel constraint for 3E: A_3E_2 <= A_3E
M  CN constraint for 3A: 2 == <gurobi.LinExpr: 3H + 3C_2 + 3I + 3H_2 + 3A_2 + 3E_2 + 3C + 3A + 3I_2 + 3E>
M  Contraint for 99250474:SNP.TC 6.10i: 0 == <gurobi.QuadExpr: 0.0 + [ 322.5 EXT_3C_2_99250474:SNP.TC * 3C_2 + 322.5 EXT_3H_2_99250474:SNP.TC * 3H_2 + 322.5 EXT_3I_99250474:SNP.TC * 3I + 322.5 EXT_3H_99250474:SNP.TC * 3H + 322.5 EXT_3A_2_99250474:SNP.TC * 3A_2 + 322.5 REG_3E_2_99250474:SNP.TC * 3E_2 + 322.5 EXT_3C_99250474:SNP.TC * 3C + 322.5 EXT_3A_99250474:SNP.TC * 3A + 322.5 EXT_3I_2_99250474:SNP.TC * 3I_2 + 322.5 REG_3E_99250474:SNP.TC * 3E ]> + err
M  Contraint for 99260621:SNP.TC 6.8i: 0 == <gurobi.QuadExpr: 0.0 + [ 619.5 EXT_3C_2_99260621:SNP.TC * 3C_2 + 619.5 EXT_3H_2_99260621:SNP.TC * 3H_2 + 619.5 REG_3I_99260621:SNP.TC * 3I + 619.5 EXT_3H_99260621:SNP.TC * 3H + 619.5 EXT_3A_2_99260621:SNP.TC * 3A_2 + 619.5 EXT_3E_2_99260621:SNP.TC * 3E_2 + 619.5 EXT_3C_99260621:SNP.TC * 3C + 619.5 EXT_3A_99260621:SNP.TC * 3A + 619.5 REG_3I_2_99260621:SNP.TC * 3I_2 + 619.5 EXT_3E_99260621:SNP.TC * 3E ]> + err
M  Contraint for 99270538:REF 6.3i: 2 == <gurobi.QuadExpr: 360.5 3C_2 + 360.5 3H_2 + 360.5 3I + 360.5 3H + 360.5 3A_2 + 360.5 3E_2 + 360.5 3C + 360.5 3A + 360.5 3I_2 + 360.5 3E + [ -360.5 REG_3C_2_99270538:SNP.TC * 3C_2 + -360.5 REG_3H_2_99270538:SNP.TC * 3H_2 + -360.5 REG_3I_99270538:SNP.TC * 3I + -360.5 REG_3H_99270538:SNP.TC * 3H + -360.5 REG_3A_2_99270538:SNP.TC * 3A_2 + -360.5 REG_3E_2_99270538:SNP.TC * 3E_2 + -360.5 REG_3C_99270538:SNP.TC * 3C + -360.5 REG_3A_99270538:SNP.TC * 3A + -360.5 REG_3I_2_99270538:SNP.TC * 3I_2 + -360.5 REG_3E_99270538:SNP.TC * 3E ]> + err
M  Contraint for 99260621:REF 6.8i: 1239 == <gurobi.QuadExpr: 619.5 3C_2 + 619.5 3H_2 + 619.5 3I + 619.5 3H + 619.5 3A_2 + 619.5 3E_2 + 619.5 3C + 619.5 3A + 619.5 3I_2 + 619.5 3E + [ -619.5 EXT_3C_2_99260621:SNP.TC * 3C_2 + -619.5 EXT_3H_2_99260621:SNP.TC * 3H_2 + -619.5 REG_3I_99260621:SNP.TC * 3I + -619.5 EXT_3H_99260621:SNP.TC * 3H + -619.5 EXT_3A_2_99260621:SNP.TC * 3A_2 + -619.5 EXT_3E_2_99260621:SNP.TC * 3E_2 + -619.5 EXT_3C_99260621:SNP.TC * 3C + -619.5 EXT_3A_99260621:SNP.TC * 3A + -619.5 REG_3I_2_99260621:SNP.TC * 3I_2 + -619.5 EXT_3E_99260621:SNP.TC * 3E ]> + err
M  Contraint for 99245913:SNP.GA 6.0i: 1279 == <gurobi.QuadExpr: 0.0 + [ 640.5 EXT_3C_2_99245913:SNP.GA * 3C_2 + 640.5 REG_3H_2_99245913:SNP.GA * 3H_2 + 640.5 REG_3I_99245913:SNP.GA * 3I + 640.5 REG_3H_99245913:SNP.GA * 3H + 640.5 REG_3A_2_99245913:SNP.GA * 3A_2 + 640.5 REG_3E_2_99245913:SNP.GA * 3E_2 + 640.5 EXT_3C_99245913:SNP.GA * 3C + 640.5 REG_3A_99245913:SNP.GA * 3A + 640.5 REG_3I_2_99245913:SNP.GA * 3I_2 + 640.5 REG_3E_99245913:SNP.GA * 3E ]> + err
M  Contraint for 99264416:SNP.AG 6.5i: 0 == <gurobi.QuadExpr: 0.0 + [ 432.0 EXT_3C_2_99264416:SNP.AG * 3C_2 + 432.0 REG_3H_2_99264416:SNP.AG * 3H_2 + 432.0 EXT_3I_99264416:SNP.AG * 3I + 432.0 REG_3H_99264416:SNP.AG * 3H + 432.0 EXT_3A_2_99264416:SNP.AG * 3A_2 + 432.0 EXT_3E_2_99264416:SNP.AG * 3E_2 + 432.0 EXT_3C_99264416:SNP.AG * 3C + 432.0 EXT_3A_99264416:SNP.AG * 3A + 432.0 EXT_3I_2_99264416:SNP.AG * 3I_2 + 432.0 EXT_3E_99264416:SNP.AG * 3E ]> + err
M  Contraint for 99270538:SNP.TC 6.3i: 719 == <gurobi.QuadExpr: 0.0 + [ 360.5 REG_3C_2_99270538:SNP.TC * 3C_2 + 360.5 REG_3H_2_99270538:SNP.TC * 3H_2 + 360.5 REG_3I_99270538:SNP.TC * 3I + 360.5 REG_3H_99270538:SNP.TC * 3H + 360.5 REG_3A_2_99270538:SNP.TC * 3A_2 + 360.5 REG_3E_2_99270538:SNP.TC * 3E_2 + 360.5 REG_3C_99270538:SNP.TC * 3C + 360.5 REG_3A_99270538:SNP.TC * 3A + 360.5 REG_3I_2_99270538:SNP.TC * 3I_2 + 360.5 REG_3E_99270538:SNP.TC * 3E ]> + err
M  Contraint for 99250474:REF 6.10i: 645 == <gurobi.QuadExpr: 322.5 3C_2 + 322.5 3H_2 + 322.5 3I + 322.5 3H + 322.5 3A_2 + 322.5 3E_2 + 322.5 3C + 322.5 3A + 322.5 3I_2 + 322.5 3E + [ -322.5 EXT_3C_2_99250474:SNP.TC * 3C_2 + -322.5 EXT_3H_2_99250474:SNP.TC * 3H_2 + -322.5 EXT_3I_99250474:SNP.TC * 3I + -322.5 EXT_3H_99250474:SNP.TC * 3H + -322.5 EXT_3A_2_99250474:SNP.TC * 3A_2 + -322.5 REG_3E_2_99250474:SNP.TC * 3E_2 + -322.5 EXT_3C_99250474:SNP.TC * 3C + -322.5 EXT_3A_99250474:SNP.TC * 3A + -322.5 EXT_3I_2_99250474:SNP.TC * 3I_2 + -322.5 REG_3E_99250474:SNP.TC * 3E ]> + err
M  Contraint for 99245913:REF 6.0i: 2 == <gurobi.QuadExpr: 640.5 3C_2 + 640.5 3H_2 + 640.5 3I + 640.5 3H + 640.5 3A_2 + 640.5 3E_2 + 640.5 3C + 640.5 3A + 640.5 3I_2 + 640.5 3E + [ -640.5 EXT_3C_2_99245913:SNP.GA * 3C_2 + -640.5 REG_3H_2_99245913:SNP.GA * 3H_2 + -640.5 REG_3I_99245913:SNP.GA * 3I + -640.5 REG_3H_99245913:SNP.GA * 3H + -640.5 REG_3A_2_99245913:SNP.GA * 3A_2 + -640.5 REG_3E_2_99245913:SNP.GA * 3E_2 + -640.5 EXT_3C_99245913:SNP.GA * 3C + -640.5 REG_3A_99245913:SNP.GA * 3A + -640.5 REG_3I_2_99245913:SNP.GA * 3I_2 + -640.5 REG_3E_99245913:SNP.GA * 3E ]> + err
M  Contraint for 99264416:REF 6.5i: 864 == <gurobi.QuadExpr: 432.0 3C_2 + 432.0 3H_2 + 432.0 3I + 432.0 3H + 432.0 3A_2 + 432.0 3E_2 + 432.0 3C + 432.0 3A + 432.0 3I_2 + 432.0 3E + [ -432.0 EXT_3C_2_99264416:SNP.AG * 3C_2 + -432.0 REG_3H_2_99264416:SNP.AG * 3H_2 + -432.0 EXT_3I_99264416:SNP.AG * 3I + -432.0 REG_3H_99264416:SNP.AG * 3H + -432.0 EXT_3A_2_99264416:SNP.AG * 3A_2 + -432.0 EXT_3E_2_99264416:SNP.AG * 3E_2 + -432.0 EXT_3C_99264416:SNP.AG * 3C + -432.0 EXT_3A_99264416:SNP.AG * 3A + -432.0 EXT_3I_2_99264416:SNP.AG * 3I_2 + -432.0 EXT_3E_99264416:SNP.AG * 3E ]> + err
M  Contraint for MM[missing] 3H 99270538:SNP.TC: <gurobi.Var 3H> >= <gurobi.Var REG_3H_99270538:SNP.TC>
M  Contraint for MM[missing] 3H 99245913:SNP.GA: <gurobi.Var 3H> >= <gurobi.Var REG_3H_99245913:SNP.GA>
M  Contraint for MM[missing] 3H 99264416:SNP.AG: <gurobi.Var 3H> >= <gurobi.Var REG_3H_99264416:SNP.AG>
M  Contraint for MM[missing] 3C_2 99270538:SNP.TC: <gurobi.Var 3C_2> >= <gurobi.Var REG_3C_2_99270538:SNP.TC>
M  Contraint for MM[missing] 3I 99270538:SNP.TC: <gurobi.Var 3I> >= <gurobi.Var REG_3I_99270538:SNP.TC>
M  Contraint for MM[missing] 3I 99245913:SNP.GA: <gurobi.Var 3I> >= <gurobi.Var REG_3I_99245913:SNP.GA>
M  Contraint for MM[missing] 3I 99260621:SNP.TC: <gurobi.Var 3I> >= <gurobi.Var REG_3I_99260621:SNP.TC>
M  Contraint for MM[missing] 3H_2 99270538:SNP.TC: <gurobi.Var 3H_2> >= <gurobi.Var REG_3H_2_99270538:SNP.TC>
M  Contraint for MM[missing] 3H_2 99245913:SNP.GA: <gurobi.Var 3H_2> >= <gurobi.Var REG_3H_2_99245913:SNP.GA>
M  Contraint for MM[missing] 3H_2 99264416:SNP.AG: <gurobi.Var 3H_2> >= <gurobi.Var REG_3H_2_99264416:SNP.AG>
M  Contraint for MM[missing] 3A_2 99270538:SNP.TC: <gurobi.Var 3A_2> >= <gurobi.Var REG_3A_2_99270538:SNP.TC>
M  Contraint for MM[missing] 3A_2 99245913:SNP.GA: <gurobi.Var 3A_2> >= <gurobi.Var REG_3A_2_99245913:SNP.GA>
M  Contraint for MM[missing] 3E_2 99270538:SNP.TC: <gurobi.Var 3E_2> >= <gurobi.Var REG_3E_2_99270538:SNP.TC>
M  Contraint for MM[missing] 3E_2 99245913:SNP.GA: <gurobi.Var 3E_2> >= <gurobi.Var REG_3E_2_99245913:SNP.GA>
M  Contraint for MM[missing] 3E_2 99250474:SNP.TC: <gurobi.Var 3E_2> >= <gurobi.Var REG_3E_2_99250474:SNP.TC>
M  Contraint for MM[missing] 3C 99270538:SNP.TC: <gurobi.Var 3C> >= <gurobi.Var REG_3C_99270538:SNP.TC>
M  Contraint for MM[missing] 3A 99270538:SNP.TC: <gurobi.Var 3A> >= <gurobi.Var REG_3A_99270538:SNP.TC>
M  Contraint for MM[missing] 3A 99245913:SNP.GA: <gurobi.Var 3A> >= <gurobi.Var REG_3A_99245913:SNP.GA>
M  Contraint for MM[missing] 3I_2 99270538:SNP.TC: <gurobi.Var 3I_2> >= <gurobi.Var REG_3I_2_99270538:SNP.TC>
M  Contraint for MM[missing] 3I_2 99245913:SNP.GA: <gurobi.Var 3I_2> >= <gurobi.Var REG_3I_2_99245913:SNP.GA>
M  Contraint for MM[missing] 3I_2 99260621:SNP.TC: <gurobi.Var 3I_2> >= <gurobi.Var REG_3I_2_99260621:SNP.TC>
M  Contraint for MM[missing] 3E 99270538:SNP.TC: <gurobi.Var 3E> >= <gurobi.Var REG_3E_99270538:SNP.TC>
M  Contraint for MM[missing] 3E 99245913:SNP.GA: <gurobi.Var 3E> >= <gurobi.Var REG_3E_99245913:SNP.GA>
M  Contraint for MM[missing] 3E 99250474:SNP.TC: <gurobi.Var 3E> >= <gurobi.Var REG_3E_99250474:SNP.TC>
M  Contraint for MA[extra] 3H 99250474:SNP.TC: <gurobi.Var 3H> >= <gurobi.Var EXT_3H_99250474:SNP.TC>
M  Contraint for MA[extra] 3H 99260621:SNP.TC: <gurobi.Var 3H> >= <gurobi.Var EXT_3H_99260621:SNP.TC>
M  Contraint for MA[extra] 3C_2 99250474:SNP.TC: <gurobi.Var 3C_2> >= <gurobi.Var EXT_3C_2_99250474:SNP.TC>
M  Contraint for MA[extra] 3C_2 99245913:SNP.GA: <gurobi.Var 3C_2> >= <gurobi.Var EXT_3C_2_99245913:SNP.GA>
M  Contraint for MA[extra] 3C_2 99264416:SNP.AG: <gurobi.Var 3C_2> >= <gurobi.Var EXT_3C_2_99264416:SNP.AG>
M  Contraint for MA[extra] 3C_2 99260621:SNP.TC: <gurobi.Var 3C_2> >= <gurobi.Var EXT_3C_2_99260621:SNP.TC>
M  Contraint for MA[extra] 3I 99250474:SNP.TC: <gurobi.Var 3I> >= <gurobi.Var EXT_3I_99250474:SNP.TC>
M  Contraint for MA[extra] 3I 99264416:SNP.AG: <gurobi.Var 3I> >= <gurobi.Var EXT_3I_99264416:SNP.AG>
M  Contraint for MA[extra] 3H_2 99250474:SNP.TC: <gurobi.Var 3H_2> >= <gurobi.Var EXT_3H_2_99250474:SNP.TC>
M  Contraint for MA[extra] 3H_2 99260621:SNP.TC: <gurobi.Var 3H_2> >= <gurobi.Var EXT_3H_2_99260621:SNP.TC>
M  Contraint for MA[extra] 3A_2 99250474:SNP.TC: <gurobi.Var 3A_2> >= <gurobi.Var EXT_3A_2_99250474:SNP.TC>
M  Contraint for MA[extra] 3A_2 99264416:SNP.AG: <gurobi.Var 3A_2> >= <gurobi.Var EXT_3A_2_99264416:SNP.AG>
M  Contraint for MA[extra] 3A_2 99260621:SNP.TC: <gurobi.Var 3A_2> >= <gurobi.Var EXT_3A_2_99260621:SNP.TC>
M  Contraint for MA[extra] 3E_2 99264416:SNP.AG: <gurobi.Var 3E_2> >= <gurobi.Var EXT_3E_2_99264416:SNP.AG>
M  Contraint for MA[extra] 3E_2 99260621:SNP.TC: <gurobi.Var 3E_2> >= <gurobi.Var EXT_3E_2_99260621:SNP.TC>
M  Contraint for MA[extra] 3C 99250474:SNP.TC: <gurobi.Var 3C> >= <gurobi.Var EXT_3C_99250474:SNP.TC>
M  Contraint for MA[extra] 3C 99245913:SNP.GA: <gurobi.Var 3C> >= <gurobi.Var EXT_3C_99245913:SNP.GA>
M  Contraint for MA[extra] 3C 99264416:SNP.AG: <gurobi.Var 3C> >= <gurobi.Var EXT_3C_99264416:SNP.AG>
M  Contraint for MA[extra] 3C 99260621:SNP.TC: <gurobi.Var 3C> >= <gurobi.Var EXT_3C_99260621:SNP.TC>
M  Contraint for MA[extra] 3A 99250474:SNP.TC: <gurobi.Var 3A> >= <gurobi.Var EXT_3A_99250474:SNP.TC>
M  Contraint for MA[extra] 3A 99264416:SNP.AG: <gurobi.Var 3A> >= <gurobi.Var EXT_3A_99264416:SNP.AG>
M  Contraint for MA[extra] 3A 99260621:SNP.TC: <gurobi.Var 3A> >= <gurobi.Var EXT_3A_99260621:SNP.TC>
M  Contraint for MA[extra] 3I_2 99250474:SNP.TC: <gurobi.Var 3I_2> >= <gurobi.Var EXT_3I_2_99250474:SNP.TC>
M  Contraint for MA[extra] 3I_2 99264416:SNP.AG: <gurobi.Var 3I_2> >= <gurobi.Var EXT_3I_2_99264416:SNP.AG>
M  Contraint for MA[extra] 3E 99264416:SNP.AG: <gurobi.Var 3E> >= <gurobi.Var EXT_3E_99264416:SNP.AG>
M  Contraint for MA[extra] 3E 99260621:SNP.TC: <gurobi.Var 3E> >= <gurobi.Var EXT_3E_99260621:SNP.TC>
M  Objective: <gurobi.LinExpr: C70 + C71 + C72 + C73 + C74 + C75 + C76 + C77 + C78 + C79 + EXT_3C_2_99250474:SNP.TC + EXT_3C_2_99245913:SNP.GA + EXT_3C_2_99264416:SNP.AG + EXT_3C_2_99260621:SNP.TC + EXT_3H_2_99250474:SNP.TC + EXT_3H_2_99260621:SNP.TC + EXT_3I_99250474:SNP.TC + EXT_3I_99264416:SNP.AG + EXT_3H_99250474:SNP.TC + EXT_3H_99260621:SNP.TC + EXT_3A_2_99250474:SNP.TC + EXT_3A_2_99264416:SNP.AG + EXT_3A_2_99260621:SNP.TC + EXT_3E_2_99264416:SNP.AG + EXT_3E_2_99260621:SNP.TC + EXT_3C_99250474:SNP.TC + EXT_3C_99245913:SNP.GA + EXT_3C_99264416:SNP.AG + EXT_3C_99260621:SNP.TC + EXT_3A_99250474:SNP.TC + EXT_3A_99264416:SNP.AG + EXT_3A_99260621:SNP.TC + EXT_3I_2_99250474:SNP.TC + EXT_3I_2_99264416:SNP.AG + EXT_3E_99264416:SNP.AG + EXT_3E_99260621:SNP.TC + W>
M  Contraint for 3C_2: <gurobi.LinExpr: REG_3C_2_99270538:SNP.TC> = 1 * A_<gurobi.Var 3C_2>
M  Contraint for 3H_2: <gurobi.LinExpr: REG_3H_2_99270538:SNP.TC> = 1 * A_<gurobi.Var 3H_2>
M  Contraint for 3I: <gurobi.LinExpr: REG_3I_99270538:SNP.TC> = 1 * A_<gurobi.Var 3I>
M  Contraint for 3H: <gurobi.LinExpr: REG_3H_99270538:SNP.TC> = 1 * A_<gurobi.Var 3H>
M  Contraint for 3A_2: <gurobi.LinExpr: REG_3A_2_99270538:SNP.TC> = 1 * A_<gurobi.Var 3A_2>
M  Contraint for 3E_2: <gurobi.LinExpr: REG_3E_2_99270538:SNP.TC> = 1 * A_<gurobi.Var 3E_2>
M  Contraint for 3C: <gurobi.LinExpr: REG_3C_99270538:SNP.TC> = 1 * A_<gurobi.Var 3C>
M  Contraint for 3A: <gurobi.LinExpr: REG_3A_99270538:SNP.TC> = 1 * A_<gurobi.Var 3A>
M  Contraint for 3I_2: <gurobi.LinExpr: REG_3I_2_99270538:SNP.TC> = 1 * A_<gurobi.Var 3I_2>
M  Contraint for 3E: <gurobi.LinExpr: REG_3E_99270538:SNP.TC> = 1 * A_<gurobi.Var 3E>
M  Contraint for 99264416:SNP.AG: 0 >= <gurobi.LinExpr: REG_3H_2_99264416:SNP.AG + REG_3H_99264416:SNP.AG>
M  Contraint for 99260621:SNP.TC: 0 >= <gurobi.LinExpr: REG_3I_99260621:SNP.TC + REG_3I_2_99260621:SNP.TC>
M  Contraint for 99264416:SNP.AG: 0 >= <gurobi.LinExpr: REG_3H_2_99264416:SNP.AG + REG_3H_99264416:SNP.AG>
M  Contraint for 99250474:SNP.TC: 0 >= <gurobi.LinExpr: REG_3E_2_99250474:SNP.TC + REG_3E_99250474:SNP.TC>
M  Contraint for 99260621:SNP.TC: 0 >= <gurobi.LinExpr: REG_3I_99260621:SNP.TC + REG_3I_2_99260621:SNP.TC>
M  Contraint for 99250474:SNP.TC: 0 >= <gurobi.LinExpr: REG_3E_2_99250474:SNP.TC + REG_3E_99250474:SNP.TC>
M  Contraint for 99245913:SNP.GA: 1 <= <gurobi.QuadExpr: 0.0 + [ REG_3H_2_99245913:SNP.GA * 3H_2 + REG_3I_99245913:SNP.GA * 3I + REG_3H_99245913:SNP.GA * 3H + REG_3A_2_99245913:SNP.GA * 3A_2 + REG_3E_2_99245913:SNP.GA * 3E_2 + REG_3A_99245913:SNP.GA * 3A + REG_3I_2_99245913:SNP.GA * 3I_2 + REG_3E_99245913:SNP.GA * 3E + EXT_3C_2_99245913:SNP.GA * 3C_2 + EXT_3C_99245913:SNP.GA * 3C ]> <= 2
M  Contraint for 99260621:SNP.TC: 0 <= <gurobi.QuadExpr: 0.0 + [ REG_3I_99260621:SNP.TC * 3I + REG_3I_2_99260621:SNP.TC * 3I_2 + EXT_3C_2_99260621:SNP.TC * 3C_2 + EXT_3H_2_99260621:SNP.TC * 3H_2 + EXT_3H_99260621:SNP.TC * 3H + EXT_3A_2_99260621:SNP.TC * 3A_2 + EXT_3E_2_99260621:SNP.TC * 3E_2 + EXT_3C_99260621:SNP.TC * 3C + EXT_3A_99260621:SNP.TC * 3A + EXT_3E_99260621:SNP.TC * 3E ]> <= 1
M  Contraint for 99250474:SNP.TC: 0 <= <gurobi.QuadExpr: 0.0 + [ REG_3E_2_99250474:SNP.TC * 3E_2 + REG_3E_99250474:SNP.TC * 3E + EXT_3C_2_99250474:SNP.TC * 3C_2 + EXT_3H_2_99250474:SNP.TC * 3H_2 + EXT_3I_99250474:SNP.TC * 3I + EXT_3H_99250474:SNP.TC * 3H + EXT_3A_2_99250474:SNP.TC * 3A_2 + EXT_3C_99250474:SNP.TC * 3C + EXT_3A_99250474:SNP.TC * 3A + EXT_3I_2_99250474:SNP.TC * 3I_2 ]> <= 1
M  Contraint for 99270538:SNP.TC: 1 <= <gurobi.QuadExpr: 0.0 + [ REG_3C_2_99270538:SNP.TC * 3C_2 + REG_3H_2_99270538:SNP.TC * 3H_2 + REG_3I_99270538:SNP.TC * 3I + REG_3H_99270538:SNP.TC * 3H + REG_3A_2_99270538:SNP.TC * 3A_2 + REG_3E_2_99270538:SNP.TC * 3E_2 + REG_3C_99270538:SNP.TC * 3C + REG_3A_99270538:SNP.TC * 3A + REG_3I_2_99270538:SNP.TC * 3I_2 + REG_3E_99270538:SNP.TC * 3E ]> <= 2
M  Contraint for 99270538:SNP.TC: <gurobi.QuadExpr: 0.0 + [ REG_3C_2_99270538:SNP.TC * 3C_2 + REG_3H_2_99270538:SNP.TC * 3H_2 + REG_3I_99270538:SNP.TC * 3I + REG_3H_99270538:SNP.TC * 3H + REG_3A_2_99270538:SNP.TC * 3A_2 + REG_3E_2_99270538:SNP.TC * 3E_2 + REG_3C_99270538:SNP.TC * 3C + REG_3A_99270538:SNP.TC * 3A + REG_3I_2_99270538:SNP.TC * 3I_2 + REG_3E_99270538:SNP.TC * 3E ]> <= 2
M  Contraint for 99264416:SNP.AG: 0 <= <gurobi.QuadExpr: 0.0 + [ REG_3H_2_99264416:SNP.AG * 3H_2 + REG_3H_99264416:SNP.AG * 3H + EXT_3C_2_99264416:SNP.AG * 3C_2 + EXT_3I_99264416:SNP.AG * 3I + EXT_3A_2_99264416:SNP.AG * 3A_2 + EXT_3E_2_99264416:SNP.AG * 3E_2 + EXT_3C_99264416:SNP.AG * 3C + EXT_3A_99264416:SNP.AG * 3A + EXT_3I_2_99264416:SNP.AG * 3I_2 + EXT_3E_99264416:SNP.AG * 3E ]> <= 1
CN Solver status: optimal, opt: 8.00000000004
  3A_2: 1
    6.3i 99270538:SNP.TC  719 (100 cp. 2) F
    6.0i 99245913:SNP.GA 1279 (100 cp. 2) 
  3A: 1
    6.3i 99270538:SNP.TC  719 (100 cp. 2) F
    6.0i 99245913:SNP.GA 1279 (100 cp. 2) 
Missing:
  3A_2: 1
  3A: 1
Extra:
  3A_2: 1
  3A: 1
Time needed: (12.1)
Result is: [('3A', '3A')]
