SAM file: bams/NA11984.bam
File bams/NA11984.bam has index
Coverage is 96.1285132546
== Allele Filter ==
 6.0i   15988657: SNP.TC                   26 ( 45%) ~     0 (  0)
 6.0i   15988752: DEL.TT                   95 ( 53%) ~     0 (  0)
 6.0i   15989166: SNP.CT                  302 ( 48%) ~     0 (  0)
 6.12e  15989588: SNP.GT                  155 ( 42%) ~    10 (  6)
 6.12e  15989695: SNP.GC                   19 (  9%) ~     4 ( 21)
 6.12e  15989729: SNP.TC                   45 ( 21%) ~     7 ( 16)
 6.11i  15989810: SNP.TG                   25 ( 18%) ~     2 (  8)
 6.11i  15989856: SNP.TC                    9 ( 12%) ~     3 ( 33)
 6.11i  15989870: SNP.TA                   27 ( 45%) ~     0 (  0)
 6.11i  15989890: SNP.CT                    4 (  7%) ~     3 ( 75)
 6.11i  15989908: SNP.AG                    4 (  6%) ~     3 ( 75)
 6.11i  15990047: SNP.GA                   57 ( 53%) ~     0 (  0)
 6.10e  15990430: SNP.CT     18000:G>A    218 ( 51%) ~     0 (  0)
 6.8i   15996464: SNP.TG                    2 (  9%) ~     0 (  0)
 6.8i   15996482: INS.g                    22 ( 92%) ~     0 (  0)
 6.7i   15996906: SNP.CT                  128 ( 54%) ~     0 (  0)
 6.6i   15997136: INS.c                   266 ( 42%) ~     0 (  0)
 6.6i   15997421: SNP.AC                  111 ( 60%) ~     0 (  0)
 6.6i   15997535: SNP.GC                   15 ( 52%) ~     0 (  0)
 6.6i   15997563: SNP.GA                   12 ( 43%) ~     0 (  0)
 6.6i   15997921: SNP.CT                    2 (100%) ~     0 (  0)
 6.6i   15999626: SNP.CT                    2 ( 33%) ~     0 (  0)
 6.5i   16000608: SNP.TA                   13 ( 32%) ~     0 (  0)
 6.4i   16001739: SNP.AG                  459 ( 52%) ~     0 (  0)
 6.4i   16001851: SNP.TG                  426 ( 50%) ~     0 (  0)
 6.4i   16002296: SNP.CT                  437 ( 51%) ~     0 (  0)
 6.4i   16002302: SNP.AC                   58 (  7%) ~     0 (  0)
 6.2i   16003650: SNP.TC                  201 ( 54%) ~     0 (  0)
 6.2i   16003694: SNP.CT                  183 ( 48%) ~     0 (  0)
 6.2i   16004370: SNP.AT                   61 ( 55%) ~     0 (  0)
 6.2i   16004395: SNP.CG                   47 ( 61%) ~     0 (  0)
 6.2i   16004799: SNP.CA                   77 ( 53%) ~     0 (  0)
 6.2i   16005002: SNP.CT                   13 ( 57%) ~     0 (  0)
 6.2i   16005015: SNP.GA                   12 ( 57%) ~     0 (  0)
 6.2i   16005018: SNP.TC                   10 ( 53%) ~     0 (  0)
 6.2i   16005103: SNP.CT                    3 ( 50%) ~     0 (  0)
 6.2i   16005231: SNP.AG                    2 (100%) ~     0 (  0)
 6.2i   16005781: SNP.CT                    4 (100%) ~     0 (  0)
 6.2i   16006073: SNP.TA                   16 ( 39%) ~     0 (  0)
 6.2i   16006100: SNP.TC                   26 ( 46%) ~     0 (  0)
 6.2i   16006177: SNP.AG                   69 ( 43%) ~     0 (  0)
 6.2e   16006412: SNP.GA                  171 ( 47%) ~     0 (  0)
 6.1i   16006610: SNP.TC                   41 ( 47%) ~     0 (  0)
 6.1i   16006677: DEL.TCTG                 19 ( 37%) ~     0 (  0)
 6.1i   16006717: SNP.GA                    3 ( 10%) ~     0 (  0)
 6.1i   16006717: INS.atct                  8 ( 27%) ~     0 (  0)
 6.1i   16007043: DEL.CTATCTAT                2 (100%) ~     0 (  0)
 6.1i   16007783: SNP.AG                    4 ( 57%) ~     0 (  0)
 6.1i   16008098: SNP.TC                  118 ( 47%) ~     0 (  0)
 6.1e   16008256: SNP.TC                  187 ( 46%) ~     0 (  0)
 6.1e   16008387: SNP.AC     34:T>G        74 ( 38%) ~     0 (  0)
Initial status
  CYP2D6.1
  CYP2D6.2
    6.1e           16008387:SNP.AC   74 ( 38) F 34:T>G
  CYP2D6.3
    6.10e          15990430:SNP.CT  218 ( 51) F 18000:G>A
  CYP2D6.4
    6.10e          15990430:SNP.CT  218 ( 51) F 18000:G>A
    6.1e           16008387:SNP.AC   74 ( 38) F 34:T>G
== Copy Number Estimator ==
CNV factor: 2.067715003 (0.483625644031)
Coverage per region
  region:  2D6  2D7
  0i   :  1.92
  1e   :  1.82
  1i   :  2.11
  2e   :  2.12
  2i   :  1.88
  3e   :  1.83
  3i   :  1.67
  4e   :  1.78
  4i   :  1.90
  5e   :  1.88
  5i   :  1.68
  6e   :  1.67
  6i   :  1.87
  7e   :  1.67
  7i   :  1.68
  8e   :  1.82
  8i   :  2.14
  9e   :  1.81
  9i   :  1.97
  10e  :  1.88
  10i  :  1.88
  11e  :  1.75
  11i  :  2.02
  12e  :  2.01
Max. CN = 2
M  Sentinel contraint for 1: A_1^ <= A_1
M  Contraint for 7e: 1.66513506073 == E_7e + <gurobi.LinExpr: A1 + A1^>
M  Contraint for 6e: 1.67207175168 == E_6e + <gurobi.LinExpr: A1 + A1^>
M  Contraint for 9e: 1.80670017416 == E_9e + <gurobi.LinExpr: A1 + A1^>
M  Contraint for 8e: 1.82127772739 == E_8e + <gurobi.LinExpr: A1 + A1^>
M  Contraint for 2e: 2.11870893449 == E_2e + <gurobi.LinExpr: A1 + A1^>
M  Contraint for 1e: 1.82236371732 == E_1e + <gurobi.LinExpr: A1 + A1^>
M  Contraint for 5e: 1.87684570112 == E_5e + <gurobi.LinExpr: A1 + A1^>
M  Contraint for 4e: 1.77592690499 == E_4e + <gurobi.LinExpr: A1 + A1^>
M  Contraint for 3e: 1.82618069242 == E_3e + <gurobi.LinExpr: A1 + A1^>
M  Objective: <gurobi.LinExpr: C11 + C12 + C13 + C14 + C15 + C16 + C17 + C18 + C19 + 0.5 A1 + 0.5 A1^>
CN Solver status: optimal, opt: 2.85220720468
  Solutions:
    ('1', '1^')
== Initial Solver ==
Solving Counter({'1': 2})
Possible candidates:
  CYP2D6.1
  CYP2D6.2
    6.1e 16008387:SNP.AC   74 ( 38) F 34:T>G
  CYP2D6.3
    6.10e 15990430:SNP.CT  218 ( 51) F 18000:G>A
  CYP2D6.4
    6.1e 16008387:SNP.AC   74 ( 38) F 34:T>G
    6.10e 15990430:SNP.CT  218 ( 51) F 18000:G>A
M  Max. CN for 1 = 2
M  Max. CN for 3 = 2
M  Max. CN for 2 = 2
M  Max. CN for 4 = 2
M  Contraint for 15990430:REF 6.10e: 208 == <gurobi.QuadExpr: 213.0 3_2 + 213.0 2_2 + 213.0 1 + 213.0 3 + 213.0 2 + 213.0 4 + 213.0 4_2 + 213.0 1_2 + [ -213.0 REG_3_2_15990430:SNP.CT * 3_2 + -213.0 REG_3_15990430:SNP.CT * 3 + -213.0 REG_4_15990430:SNP.CT * 4 + -213.0 REG_4_2_15990430:SNP.CT * 4_2 ]> + err
M  Contraint for 15990430:SNP.CT 6.10e: 218 == <gurobi.QuadExpr: 0.0 + [ 213.0 REG_3_2_15990430:SNP.CT * 3_2 + 213.0 REG_3_15990430:SNP.CT * 3 + 213.0 REG_4_15990430:SNP.CT * 4 + 213.0 REG_4_2_15990430:SNP.CT * 4_2 ]> + err
M  Contraint for 16008387:REF 6.1e: 119 == <gurobi.QuadExpr: 96.5 3_2 + 96.5 2_2 + 96.5 1 + 96.5 3 + 96.5 2 + 96.5 4 + 96.5 4_2 + 96.5 1_2 + [ -96.5 REG_2_2_16008387:SNP.AC * 2_2 + -96.5 REG_2_16008387:SNP.AC * 2 + -96.5 REG_4_16008387:SNP.AC * 4 + -96.5 REG_4_2_16008387:SNP.AC * 4_2 ]> + err
M  Contraint for 16008387:SNP.AC 6.1e: 74 == <gurobi.QuadExpr: 0.0 + [ 96.5 REG_2_2_16008387:SNP.AC * 2_2 + 96.5 REG_2_16008387:SNP.AC * 2 + 96.5 REG_4_16008387:SNP.AC * 4 + 96.5 REG_4_2_16008387:SNP.AC * 4_2 ]> + err
M  Contraint for 3_2 15990430:SNP.CT: <gurobi.Var 3_2> >= <gurobi.Var REG_3_2_15990430:SNP.CT>
M  Contraint for 2_2 16008387:SNP.AC: <gurobi.Var 2_2> >= <gurobi.Var REG_2_2_16008387:SNP.AC>
M  Contraint for 3 15990430:SNP.CT: <gurobi.Var 3> >= <gurobi.Var REG_3_15990430:SNP.CT>
M  Contraint for 2 16008387:SNP.AC: <gurobi.Var 2> >= <gurobi.Var REG_2_16008387:SNP.AC>
M  Contraint for 4 15990430:SNP.CT: <gurobi.Var 4> >= <gurobi.Var REG_4_15990430:SNP.CT>
M  Contraint for 4 16008387:SNP.AC: <gurobi.Var 4> >= <gurobi.Var REG_4_16008387:SNP.AC>
M  Contraint for 4_2 15990430:SNP.CT: <gurobi.Var 4_2> >= <gurobi.Var REG_4_2_15990430:SNP.CT>
M  Contraint for 4_2 16008387:SNP.AC: <gurobi.Var 4_2> >= <gurobi.Var REG_4_2_16008387:SNP.AC>
M  CN contraint for 1: 2 == <gurobi.LinExpr: 3_2 + 2_2 + 1 + 3 + 2 + 4 + 4_2 + 1_2>
M  Sentinel contraint for 1: A_1_2 <= A_1
M  Sentinel contraint for 3: A_3_2 <= A_3
M  Sentinel contraint for 2: A_2_2 <= A_2
M  Sentinel contraint for 4: A_4_2 <= A_4
M  Objective: <gurobi.LinExpr: C26 + C27 + C28 + C29>
M  Contraint for 3_2: A_3_2 * (<gurobi.LinExpr: REG_3_2_15990430:SNP.CT> - 1) == 0
M  Contraint for 2_2: A_2_2 * (<gurobi.LinExpr: REG_2_2_16008387:SNP.AC> - 1) == 0
M  Contraint for 3: A_3 * (<gurobi.LinExpr: REG_3_15990430:SNP.CT> - 1) == 0
M  Contraint for 2: A_2 * (<gurobi.LinExpr: REG_2_16008387:SNP.AC> - 1) == 0
M  Contraint for 4: A_4 * (<gurobi.LinExpr: REG_4_15990430:SNP.CT + REG_4_16008387:SNP.AC> - 2) == 0
M  Contraint for 4_2: A_4_2 * (<gurobi.LinExpr: REG_4_2_15990430:SNP.CT + REG_4_2_16008387:SNP.AC> - 2) == 0
M  Contraint for 15990430:SNP.CT: 1 <= <gurobi.QuadExpr: 0.0 + [ 3_2 * REG_3_2_15990430:SNP.CT + 3 * REG_3_15990430:SNP.CT + 4 * REG_4_15990430:SNP.CT + 4_2 * REG_4_2_15990430:SNP.CT ]>
M  Contraint for 16008387:SNP.AC: 1 <= <gurobi.QuadExpr: 0.0 + [ 2_2 * REG_2_2_16008387:SNP.AC + 2 * REG_2_16008387:SNP.AC + 4 * REG_4_16008387:SNP.AC + 4_2 * REG_4_2_16008387:SNP.AC ]>
M  Contraint for 15990430:SNP.CT: 1 <= <gurobi.QuadExpr: 0.0 + [ 3_2 * REG_3_2_15990430:SNP.CT + 3 * REG_3_15990430:SNP.CT + 4 * REG_4_15990430:SNP.CT + 4_2 * REG_4_2_15990430:SNP.CT ]>
M  Contraint for 16008387:SNP.AC: 1 <= <gurobi.QuadExpr: 0.0 + [ 2_2 * REG_2_2_16008387:SNP.AC + 2 * REG_2_16008387:SNP.AC + 4 * REG_4_16008387:SNP.AC + 4_2 * REG_4_2_16008387:SNP.AC ]>
M  Contraint for 15990430:SNP.CT: 1 <= <gurobi.QuadExpr: 0.0 + [ 3_2 * REG_3_2_15990430:SNP.CT + 3 * REG_3_15990430:SNP.CT + 4 * REG_4_15990430:SNP.CT + 4_2 * REG_4_2_15990430:SNP.CT ]>
M  Contraint for 16008387:SNP.AC: 1 <= <gurobi.QuadExpr: 0.0 + [ 2_2 * REG_2_2_16008387:SNP.AC + 2 * REG_2_16008387:SNP.AC + 4 * REG_4_16008387:SNP.AC + 4_2 * REG_4_2_16008387:SNP.AC ]>
M  Contraint for 15990430:SNP.CT: 1 <= <gurobi.QuadExpr: 0.0 + [ 3_2 * REG_3_2_15990430:SNP.CT + 3 * REG_3_15990430:SNP.CT + 4 * REG_4_15990430:SNP.CT + 4_2 * REG_4_2_15990430:SNP.CT ]>
M  Contraint for 16008387:SNP.AC: 1 <= <gurobi.QuadExpr: 0.0 + [ 2_2 * REG_2_2_16008387:SNP.AC + 2 * REG_2_16008387:SNP.AC + 4 * REG_4_16008387:SNP.AC + 4_2 * REG_4_2_16008387:SNP.AC ]>
CN Solver status: optimal, opt: 55.0
  solution:
    ('2', '3')
    ('1', '4')
[32;01mCopy number best structures:[39;49;00m
[32;01m  (1) 2x*1-like[39;49;00m
== Refiner ==
Refining ('2', '3')
M  CN constraint for 3: 1 == <gurobi.LinExpr: 3>
M  CN constraint for 2: 1 == <gurobi.LinExpr: 2>
M  Contraint for 15990430:REF 6.10e: 208 == <gurobi.QuadExpr: 213.0 3 + 213.0 2 + [ -213.0 REG_3_15990430:SNP.CT * 3 + -213.0 EXT_2_15990430:SNP.CT * 2 ]> + err
M  Contraint for 15990430:SNP.CT 6.10e: 218 == <gurobi.QuadExpr: 0.0 + [ 213.0 REG_3_15990430:SNP.CT * 3 + 213.0 EXT_2_15990430:SNP.CT * 2 ]> + err
M  Contraint for 16008387:REF 6.1e: 119 == <gurobi.QuadExpr: 96.5 3 + 96.5 2 + [ -96.5 EXT_3_16008387:SNP.AC * 3 + -96.5 REG_2_16008387:SNP.AC * 2 ]> + err
M  Contraint for 16008387:SNP.AC 6.1e: 74 == <gurobi.QuadExpr: 0.0 + [ 96.5 EXT_3_16008387:SNP.AC * 3 + 96.5 REG_2_16008387:SNP.AC * 2 ]> + err
M  Contraint for MM[missing] 3 15990430:SNP.CT: <gurobi.Var 3> >= <gurobi.Var REG_3_15990430:SNP.CT>
M  Contraint for MM[missing] 2 16008387:SNP.AC: <gurobi.Var 2> >= <gurobi.Var REG_2_16008387:SNP.AC>
M  Contraint for MA[extra] 3 16008387:SNP.AC: <gurobi.Var 3> >= <gurobi.Var EXT_3_16008387:SNP.AC>
M  Contraint for MA[extra] 2 15990430:SNP.CT: <gurobi.Var 2> >= <gurobi.Var EXT_2_15990430:SNP.CT>
M  Objective: <gurobi.LinExpr: C10 + C11 + C12 + C13 + EXT_3_16008387:SNP.AC + EXT_2_15990430:SNP.CT + W>
M  Contraint for 3: <gurobi.LinExpr: REG_3_15990430:SNP.CT> = 1 * A_<gurobi.Var 3>
M  Contraint for 2: <gurobi.LinExpr: REG_2_16008387:SNP.AC> = 1 * A_<gurobi.Var 2>
M  Contraint for 15990430:SNP.CT: 1 <= <gurobi.QuadExpr: 0.0 + [ REG_3_15990430:SNP.CT * 3 ]> <= 2
M  Contraint for 15990430:SNP.CT: <gurobi.QuadExpr: 0.0 + [ REG_3_15990430:SNP.CT * 3 ]> <= 2
M  Contraint for 16008387:SNP.AC: 1 <= <gurobi.QuadExpr: 0.0 + [ REG_2_16008387:SNP.AC * 2 ]> <= 1
M  Contraint for 16008387:SNP.AC: <gurobi.QuadExpr: 0.0 + [ REG_2_16008387:SNP.AC * 2 ]> <= 1
CN Solver status: optimal, opt: 55.0
  3: 1
    6.10e 15990430:SNP.CT  218 ( 51 cp. 1) F
  2: 1
    6.1e 16008387:SNP.AC   74 ( 38 cp. 1) F
Missing:
  3: 1
  2: 1
Extra:
  3: 1
  2: 1
== Refiner ==
Refining ('1', '4')
M  CN constraint for 1: 1 == <gurobi.LinExpr: 1>
M  CN constraint for 4: 1 == <gurobi.LinExpr: 4>
M  Contraint for 15990430:REF 6.10e: 208 == <gurobi.QuadExpr: 213.0 1 + 213.0 4 + [ -213.0 EXT_1_15990430:SNP.CT * 1 + -213.0 REG_4_15990430:SNP.CT * 4 ]> + err
M  Contraint for 15990430:SNP.CT 6.10e: 218 == <gurobi.QuadExpr: 0.0 + [ 213.0 EXT_1_15990430:SNP.CT * 1 + 213.0 REG_4_15990430:SNP.CT * 4 ]> + err
M  Contraint for 16008387:REF 6.1e: 119 == <gurobi.QuadExpr: 96.5 1 + 96.5 4 + [ -96.5 EXT_1_16008387:SNP.AC * 1 + -96.5 REG_4_16008387:SNP.AC * 4 ]> + err
M  Contraint for 16008387:SNP.AC 6.1e: 74 == <gurobi.QuadExpr: 0.0 + [ 96.5 EXT_1_16008387:SNP.AC * 1 + 96.5 REG_4_16008387:SNP.AC * 4 ]> + err
M  Contraint for MM[missing] 4 15990430:SNP.CT: <gurobi.Var 4> >= <gurobi.Var REG_4_15990430:SNP.CT>
M  Contraint for MM[missing] 4 16008387:SNP.AC: <gurobi.Var 4> >= <gurobi.Var REG_4_16008387:SNP.AC>
M  Contraint for MA[extra] 1 15990430:SNP.CT: <gurobi.Var 1> >= <gurobi.Var EXT_1_15990430:SNP.CT>
M  Contraint for MA[extra] 1 16008387:SNP.AC: <gurobi.Var 1> >= <gurobi.Var EXT_1_16008387:SNP.AC>
M  Objective: <gurobi.LinExpr: C10 + C11 + C12 + C13 + EXT_1_15990430:SNP.CT + EXT_1_16008387:SNP.AC + W>
M  Contraint for 4: <gurobi.LinExpr: REG_4_16008387:SNP.AC + REG_4_15990430:SNP.CT> = 2 * A_<gurobi.Var 4>
M  Contraint for 15990430:SNP.CT: 1 <= <gurobi.QuadExpr: 0.0 + [ REG_4_15990430:SNP.CT * 4 ]> <= 2
M  Contraint for 15990430:SNP.CT: <gurobi.QuadExpr: 0.0 + [ REG_4_15990430:SNP.CT * 4 ]> <= 2
M  Contraint for 16008387:SNP.AC: 1 <= <gurobi.QuadExpr: 0.0 + [ REG_4_16008387:SNP.AC * 4 ]> <= 1
M  Contraint for 16008387:SNP.AC: <gurobi.QuadExpr: 0.0 + [ REG_4_16008387:SNP.AC * 4 ]> <= 1
CN Solver status: optimal, opt: 55.0
  1: 1
  4: 1
    6.10e 15990430:SNP.CT  218 ( 51 cp. 1) F
    6.1e 16008387:SNP.AC   74 ( 38 cp. 1) F
Missing:
  1: 1
  4: 1
Extra:
  1: 1
  4: 1
Time needed: (13.5)
Result is: [('2', '3'), ('1', '4')]
