SAM file: bams/NA11834.bam
File bams/NA11834.bam has index
Coverage is 373.820458304
== Allele Filter ==
 6.8i   96797469: SNP.CT                   24 (100%) ~     0 (  0)
 6.8i   96797570: SNP.GA                    2 (100%) ~     0 (  0)
 6.8e   96798748: SNP.TC     30411:A>G   1071 (100%) ~     0 (  0)
 6.7i   96799773: SNP.TC                    2 (100%) ~     0 (  0)
 6.7i   96800353: SNP.TC                   25 (100%) ~     0 (  0)
 6.7i   96800394: SNP.AT                    2 (  5%) ~     0 (  0)
 6.7i   96801862: SNP.CT                    2 (100%) ~     0 (  0)
 6.7i   96802160: DEL.A                     5 (100%) ~     0 (  0)
 6.7i   96802171: SNP.AT                    6 (100%) ~     0 (  0)
 6.7i   96802597: SNP.AT     26562:T>A    320 (100%) ~     0 (  0)
 6.6i   96804910: SNP.GA                    2 (100%) ~     0 (  0)
 6.6i   96805370: SNP.CT                   70 (100%) ~     0 (  0)
 6.5i   96806032: SNP.GC                   29 (100%) ~     0 (  0)
 6.5i   96817232: SNP.CT                    3 (100%) ~     0 (  0)
 6.5i   96817296: SNP.GT                    3 (100%) ~     0 (  0)
 6.5i   96817775: SNP.TC                   58 (100%) ~     0 (  0)
 6.4i   96818417: SNP.CT                  137 (100%) ~     0 (  0)
 6.4i   96823811: SNP.CA                    2 (100%) ~     0 (  0)
 6.4i   96824218: SNP.AT                    2 ( 14%) ~     0 (  0)
 6.4i   96824230: SNP.AG                   14 (100%) ~     0 (  0)
 6.4i   96824259: SNP.CA                   25 (100%) ~     0 (  0)
 6.3i   96824882: SNP.TC                   46 (100%) ~     0 (  0)
 6.3i   96825331: SNP.AT                  869 (100%) ~     0 (  0)
 6.3i   96825905: SNP.AT                   31 (  8%) ~     0 (  0)
 6.3i   96825906: DEL.GAGAGTGTGTGT               38 ( 10%) ~     0 (  0)
 6.3i   96825907: SNP.AT                  130 ( 40%) ~     0 (  0)
 6.3i   96825909: SNP.AT                  132 ( 43%) ~     0 (  0)
 6.3i   96825910: DEL.GTGTGTGT               53 ( 17%) ~     0 (  0)
 6.3i   96825911: SNP.TA                   42 ( 19%) ~     0 (  0)
 6.3i   96825913: SNP.TA                   44 ( 21%) ~     0 (  0)
 6.3i   96825915: SNP.TA                   49 ( 24%) ~     0 (  0)
 6.3i   96825917: SNP.TA                   52 ( 26%) ~     0 (  0)
 6.3i   96825919: SNP.TA                   17 (  5%) ~     0 (  0)
 6.3i   96825954: SNP.TC                   29 (  6%) ~     0 (  0)
 6.3i   96825972: DEL.T                    52 ( 10%) ~     0 (  0)
 6.3i   96825972: INS.t                    51 ( 10%) ~     0 (  0)
 6.3i   96825985: SNP.AT                   27 (  5%) ~     0 (  0)
 6.3i   96825990: SNP.AT                   35 (  6%) ~     0 (  0)
 6.3i   96826001: SNP.TG                   50 (  8%) ~     0 (  0)
 6.3i   96826244: SNP.GA                  818 (100%) ~     0 (  0)
 6.3i   96826921: SNP.CG                  882 (100%) ~     0 (  0)
 6.3e   96827029: SNP.CT     2130:G>A     835 (100%) ~     0 (  0)
 6.2i   96827177: SNP.TC                  852 (100%) ~     0 (  0)
 6.1i   96828159: SNP.TC                  987 (100%) ~     0 (  0)
 6.1i   96828784: SNP.AC                    7 (  8%) ~     0 (  0)
 6.1i   96828819: INS.a                    28 ( 18%) ~     0 (  0)
 6.1i   96828819: DEL.A                    15 (  9%) ~     0 (  0)
 6.1i   96828819: INS.aa                    8 (  5%) ~     0 (  0)
 6.1i   96828833: SNP.TA                   19 (  9%) ~     0 (  0)
 6.1i   96828839: SNP.GA                   21 (  8%) ~     0 (  0)
 6.1i   96828841: SNP.CA                   18 (  7%) ~     0 (  0)
 6.1i   96828846: SNP.GA                   39 ( 14%) ~     0 (  0)
 6.1i   96828857: SNP.GA                   19 (  6%) ~     0 (  0)
 6.1i   96828866: SNP.AG                   21 (  6%) ~     0 (  0)
Removing 10    6.7e 96802646:SNP.CA
Removing 11    6.6e 96805707:SNP.CA
Removing 12    6.9e 96796973:DEL.CAA
Removing 13    6.5e 96818241:SNP.AC
Removing 14    6.5e 96818198:SNP.CG
Removing 2     6.5e 96818105:SNP.TA
Removing 4     6.5e 96818118:SNP.GC
Removing 5     6.3e 96826970:DEL.T
Removing 6     6.4e 96824687:SNP.CT
Removing 7     6.4e 96824642:SNP.GA
Removing 8     6.4e 96824642:SNP.GC
Removing 9     6.5e 96818170:SNP.TC
Initial status
  CYP2D6.1C
                   96829528:SNP.AC    0 (  0)   -370:T>G
  CYP2D6.1
  CYP2D6.1B
                   96829429:SNP.GT    0 (  0)   -271:C>A
  CYP2D6.3
    6.0i           96796860:SNP.GA    0 (  0)   32299:C>T
    6.8e           96798748:SNP.TC 1071 (100) F 30411:A>G
    6.7i           96802597:SNP.AT  320 (100)   26562:T>A
    6.3e           96827029:SNP.CT  835 (100) F 2130:G>A
    6.2i           96827149:SNP.CT    0 (  0)   2010:G>A
    6.1i           96827484:SNP.GA    0 (  0)   1675:C>T
== Copy Number Estimator ==
CNV factor: 1.83895491368 (0.543787122001)
Coverage per region
  region:  2D6  2D7
  0i   :  2.15
  1e   :  2.04
  1i   :  1.97
  2e   :  2.03
  2i   :  1.85
  3e   :  1.98
  3i   :  2.05
  4e   :  2.02
  4i   :  2.07
  5e   :  2.11
  5i   :  2.04
  6e   :  1.96
  6i   :  1.98
  7e   :  1.85
  7i   :  1.95
  8e   :  2.04
  8i   :  2.10
  9e   :  2.15
Max. CN = 2
M  Sentinel contraint for 1: A_1^ <= A_1
M  Contraint for 7e: 1.85436558085 == E_7e + <gurobi.LinExpr: A1 + A1^>
M  Contraint for 6e: 1.95720261393 == E_6e + <gurobi.LinExpr: A1 + A1^>
M  Contraint for 9e: 2.14965495144 == E_9e + <gurobi.LinExpr: A1 + A1^>
M  Contraint for 8e: 2.03649900733 == E_8e + <gurobi.LinExpr: A1 + A1^>
M  Contraint for 2e: 2.02760649691 == E_2e + <gurobi.LinExpr: A1 + A1^>
M  Contraint for 1e: 2.04085571766 == E_1e + <gurobi.LinExpr: A1 + A1^>
M  Contraint for 5e: 2.11182339177 == E_5e + <gurobi.LinExpr: A1 + A1^>
M  Contraint for 4e: 2.02244438764 == E_4e + <gurobi.LinExpr: A1 + A1^>
M  Contraint for 3e: 1.9758535149 == E_3e + <gurobi.LinExpr: A1 + A1^>
M  Objective: <gurobi.LinExpr: C11 + C12 + C13 + C14 + C15 + C16 + C17 + C18 + C19 + 0.5 A1 + 0.5 A1^>
CN Solver status: optimal, opt: 1.60146224306
  Solutions:
    ('1', '1^')
== Initial Solver ==
Solving Counter({'1': 2})
Possible candidates:
  CYP2D6.1
  CYP2D6.3
    6.8e 96798748:SNP.TC 1071 (100) F 30411:A>G
    6.3e 96827029:SNP.CT  835 (100) F 2130:G>A
M  Max. CN for 1 = 2
M  Max. CN for 3 = 2
M  Contraint for 96827029:REF 6.3e: 0 == <gurobi.QuadExpr: 417.5 1 + 417.5 3 + 417.5 3_2 + 417.5 1_2 + [ -417.5 REG_3_96827029:SNP.CT * 3 + -417.5 REG_3_2_96827029:SNP.CT * 3_2 ]> + err
M  Contraint for 96798748:REF 6.8e: 1 == <gurobi.QuadExpr: 536.0 1 + 536.0 3 + 536.0 3_2 + 536.0 1_2 + [ -536.0 REG_3_96798748:SNP.TC * 3 + -536.0 REG_3_2_96798748:SNP.TC * 3_2 ]> + err
M  Contraint for 96827029:SNP.CT 6.3e: 835 == <gurobi.QuadExpr: 0.0 + [ 417.5 REG_3_96827029:SNP.CT * 3 + 417.5 REG_3_2_96827029:SNP.CT * 3_2 ]> + err
M  Contraint for 96798748:SNP.TC 6.8e: 1071 == <gurobi.QuadExpr: 0.0 + [ 536.0 REG_3_96798748:SNP.TC * 3 + 536.0 REG_3_2_96798748:SNP.TC * 3_2 ]> + err
M  Contraint for 3 96827029:SNP.CT: <gurobi.Var 3> >= <gurobi.Var REG_3_96827029:SNP.CT>
M  Contraint for 3 96798748:SNP.TC: <gurobi.Var 3> >= <gurobi.Var REG_3_96798748:SNP.TC>
M  Contraint for 3_2 96827029:SNP.CT: <gurobi.Var 3_2> >= <gurobi.Var REG_3_2_96827029:SNP.CT>
M  Contraint for 3_2 96798748:SNP.TC: <gurobi.Var 3_2> >= <gurobi.Var REG_3_2_96798748:SNP.TC>
M  CN contraint for 1: 2 == <gurobi.LinExpr: 1 + 3 + 3_2 + 1_2>
M  Sentinel contraint for 1: A_1_2 <= A_1
M  Sentinel contraint for 3: A_3_2 <= A_3
M  Objective: <gurobi.LinExpr: C14 + C15 + C16 + C17>
M  Contraint for 3: A_3 * (<gurobi.LinExpr: REG_3_96798748:SNP.TC + REG_3_96827029:SNP.CT> - 2) == 0
M  Contraint for 3_2: A_3_2 * (<gurobi.LinExpr: REG_3_2_96798748:SNP.TC + REG_3_2_96827029:SNP.CT> - 2) == 0
M  Contraint for 96798748:SNP.TC: 1 <= <gurobi.QuadExpr: 0.0 + [ 3 * REG_3_96798748:SNP.TC + 3_2 * REG_3_2_96798748:SNP.TC ]>
M  Contraint for 96827029:SNP.CT: 1 <= <gurobi.QuadExpr: 0.0 + [ 3 * REG_3_96827029:SNP.CT + 3_2 * REG_3_2_96827029:SNP.CT ]>
M  Contraint for 96798748:SNP.TC: 1 <= <gurobi.QuadExpr: 0.0 + [ 3 * REG_3_96798748:SNP.TC + 3_2 * REG_3_2_96798748:SNP.TC ]>
M  Contraint for 96827029:SNP.CT: 1 <= <gurobi.QuadExpr: 0.0 + [ 3 * REG_3_96827029:SNP.CT + 3_2 * REG_3_2_96827029:SNP.CT ]>
CN Solver status: optimal, opt: 2.0
  solution:
    ('3', '3')
[32;01mCopy number best structures:[39;49;00m
[32;01m  (1) 2x*1-like[39;49;00m
== Refiner ==
Refining ('3', '3')
M  Sentinel constraint for 3: A_3_2 <= A_3
M  CN constraint for 3: 2 == <gurobi.LinExpr: 3 + 3_2>
M  Contraint for 96802597:SNP.AT 6.7i: 320 == <gurobi.QuadExpr: 0.0 + [ 160.0 REG_3_96802597:SNP.AT * 3 + 160.0 REG_3_2_96802597:SNP.AT * 3_2 ]> + err
M  Contraint for 96827484:REF 6.1i: 941 == <gurobi.QuadExpr: 470.5 3 + 470.5 3_2 + [ -470.5 REG_3_96827484:SNP.GA * 3 + -470.5 REG_3_2_96827484:SNP.GA * 3_2 ]> + err
M  Contraint for 96827149:SNP.CT 6.2i: 0 == <gurobi.QuadExpr: 0.0 + [ 411.5 REG_3_96827149:SNP.CT * 3 + 411.5 REG_3_2_96827149:SNP.CT * 3_2 ]> + err
M  Contraint for 96796860:SNP.GA 6.0i: 0 == <gurobi.QuadExpr: 0.0 + [ 560.0 REG_3_96796860:SNP.GA * 3 + 560.0 REG_3_2_96796860:SNP.GA * 3_2 ]> + err
M  Contraint for 96798748:SNP.TC 6.8e: 1071 == <gurobi.QuadExpr: 0.0 + [ 536.0 REG_3_96798748:SNP.TC * 3 + 536.0 REG_3_2_96798748:SNP.TC * 3_2 ]> + err
M  Contraint for 96827029:REF 6.3e: 0 == <gurobi.QuadExpr: 417.5 3 + 417.5 3_2 + [ -417.5 REG_3_96827029:SNP.CT * 3 + -417.5 REG_3_2_96827029:SNP.CT * 3_2 ]> + err
M  Contraint for 96796860:REF 6.0i: 1120 == <gurobi.QuadExpr: 560.0 3 + 560.0 3_2 + [ -560.0 REG_3_96796860:SNP.GA * 3 + -560.0 REG_3_2_96796860:SNP.GA * 3_2 ]> + err
M  Contraint for 96827029:SNP.CT 6.3e: 835 == <gurobi.QuadExpr: 0.0 + [ 417.5 REG_3_96827029:SNP.CT * 3 + 417.5 REG_3_2_96827029:SNP.CT * 3_2 ]> + err
M  Contraint for 96827149:REF 6.2i: 823 == <gurobi.QuadExpr: 411.5 3 + 411.5 3_2 + [ -411.5 REG_3_96827149:SNP.CT * 3 + -411.5 REG_3_2_96827149:SNP.CT * 3_2 ]> + err
M  Contraint for 96827484:SNP.GA 6.1i: 0 == <gurobi.QuadExpr: 0.0 + [ 470.5 REG_3_96827484:SNP.GA * 3 + 470.5 REG_3_2_96827484:SNP.GA * 3_2 ]> + err
M  Contraint for 96802597:REF 6.7i: 0 == <gurobi.QuadExpr: 160.0 3 + 160.0 3_2 + [ -160.0 REG_3_96802597:SNP.AT * 3 + -160.0 REG_3_2_96802597:SNP.AT * 3_2 ]> + err
M  Contraint for 96798748:REF 6.8e: 1 == <gurobi.QuadExpr: 536.0 3 + 536.0 3_2 + [ -536.0 REG_3_96798748:SNP.TC * 3 + -536.0 REG_3_2_96798748:SNP.TC * 3_2 ]> + err
M  Contraint for MM[missing] 3 96802597:SNP.AT: <gurobi.Var 3> >= <gurobi.Var REG_3_96802597:SNP.AT>
M  Contraint for MM[missing] 3 96827149:SNP.CT: <gurobi.Var 3> >= <gurobi.Var REG_3_96827149:SNP.CT>
M  Contraint for MM[missing] 3 96827484:SNP.GA: <gurobi.Var 3> >= <gurobi.Var REG_3_96827484:SNP.GA>
M  Contraint for MM[missing] 3 96798748:SNP.TC: <gurobi.Var 3> >= <gurobi.Var REG_3_96798748:SNP.TC>
M  Contraint for MM[missing] 3 96827029:SNP.CT: <gurobi.Var 3> >= <gurobi.Var REG_3_96827029:SNP.CT>
M  Contraint for MM[missing] 3 96796860:SNP.GA: <gurobi.Var 3> >= <gurobi.Var REG_3_96796860:SNP.GA>
M  Contraint for MM[missing] 3_2 96802597:SNP.AT: <gurobi.Var 3_2> >= <gurobi.Var REG_3_2_96802597:SNP.AT>
M  Contraint for MM[missing] 3_2 96827149:SNP.CT: <gurobi.Var 3_2> >= <gurobi.Var REG_3_2_96827149:SNP.CT>
M  Contraint for MM[missing] 3_2 96827484:SNP.GA: <gurobi.Var 3_2> >= <gurobi.Var REG_3_2_96827484:SNP.GA>
M  Contraint for MM[missing] 3_2 96798748:SNP.TC: <gurobi.Var 3_2> >= <gurobi.Var REG_3_2_96798748:SNP.TC>
M  Contraint for MM[missing] 3_2 96827029:SNP.CT: <gurobi.Var 3_2> >= <gurobi.Var REG_3_2_96827029:SNP.CT>
M  Contraint for MM[missing] 3_2 96796860:SNP.GA: <gurobi.Var 3_2> >= <gurobi.Var REG_3_2_96796860:SNP.GA>
M  Objective: <gurobi.LinExpr: C26 + C27 + C28 + C29 + C30 + C31 + C32 + C33 + C34 + C35 + C36 + C37 + W>
M  Contraint for 3: <gurobi.LinExpr: REG_3_96827029:SNP.CT + REG_3_96798748:SNP.TC> = 2 * A_<gurobi.Var 3>
M  Contraint for 3_2: <gurobi.LinExpr: REG_3_2_96827029:SNP.CT + REG_3_2_96798748:SNP.TC> = 2 * A_<gurobi.Var 3_2>
M  Contraint for 96827484:SNP.GA: 0 >= <gurobi.LinExpr: REG_3_96827484:SNP.GA + REG_3_2_96827484:SNP.GA>
M  Contraint for 96827149:SNP.CT: 0 >= <gurobi.LinExpr: REG_3_96827149:SNP.CT + REG_3_2_96827149:SNP.CT>
M  Contraint for 96796860:SNP.GA: 0 >= <gurobi.LinExpr: REG_3_96796860:SNP.GA + REG_3_2_96796860:SNP.GA>
M  Contraint for 96827484:SNP.GA: 0 >= <gurobi.LinExpr: REG_3_96827484:SNP.GA + REG_3_2_96827484:SNP.GA>
M  Contraint for 96827149:SNP.CT: 0 >= <gurobi.LinExpr: REG_3_96827149:SNP.CT + REG_3_2_96827149:SNP.CT>
M  Contraint for 96796860:SNP.GA: 0 >= <gurobi.LinExpr: REG_3_96796860:SNP.GA + REG_3_2_96796860:SNP.GA>
M  Contraint for 96802597:SNP.AT: 2 <= <gurobi.QuadExpr: 0.0 + [ REG_3_96802597:SNP.AT * 3 + REG_3_2_96802597:SNP.AT * 3_2 ]> <= 3
M  Contraint for 96827149:SNP.CT: 0 <= <gurobi.QuadExpr: 0.0 + [ REG_3_96827149:SNP.CT * 3 + REG_3_2_96827149:SNP.CT * 3_2 ]> <= 1
M  Contraint for 96796860:SNP.GA: 0 <= <gurobi.QuadExpr: 0.0 + [ REG_3_96796860:SNP.GA * 3 + REG_3_2_96796860:SNP.GA * 3_2 ]> <= 1
M  Contraint for 96827484:SNP.GA: 0 <= <gurobi.QuadExpr: 0.0 + [ REG_3_96827484:SNP.GA * 3 + REG_3_2_96827484:SNP.GA * 3_2 ]> <= 1
M  Contraint for 96798748:SNP.TC: 1 <= <gurobi.QuadExpr: 0.0 + [ REG_3_96798748:SNP.TC * 3 + REG_3_2_96798748:SNP.TC * 3_2 ]> <= 2
M  Contraint for 96798748:SNP.TC: <gurobi.QuadExpr: 0.0 + [ REG_3_96798748:SNP.TC * 3 + REG_3_2_96798748:SNP.TC * 3_2 ]> <= 2
M  Contraint for 96827029:SNP.CT: 2 <= <gurobi.QuadExpr: 0.0 + [ REG_3_96827029:SNP.CT * 3 + REG_3_2_96827029:SNP.CT * 3_2 ]> <= 3
M  Contraint for 96827029:SNP.CT: <gurobi.QuadExpr: 0.0 + [ REG_3_96827029:SNP.CT * 3 + REG_3_2_96827029:SNP.CT * 3_2 ]> <= 3
CN Solver status: optimal, opt: 14.0
  3: 1
    6.7i 96802597:SNP.AT  320 (100 cp. 2) 
    6.8e 96798748:SNP.TC 1071 (100 cp. 2) F
    6.3e 96827029:SNP.CT  835 (100 cp. 2) F
  3_2: 1
    6.7i 96802597:SNP.AT  320 (100 cp. 2) 
    6.8e 96798748:SNP.TC 1071 (100 cp. 2) F
    6.3e 96827029:SNP.CT  835 (100 cp. 2) F
Missing:
  3: 1
    6.2i 96827149:SNP.CT    0 (  0)   rs11572076   2010:G>A
    6.1i 96827484:SNP.GA    0 (  0)   rs11572073   1675:C>T
    6.0i 96796860:SNP.GA    0 (  0)   rs1058932    32299:C>T
  3_2: 1
    6.2i 96827149:SNP.CT    0 (  0)   rs11572076   2010:G>A
    6.1i 96827484:SNP.GA    0 (  0)   rs11572073   1675:C>T
    6.0i 96796860:SNP.GA    0 (  0)   rs1058932    32299:C>T
Extra:
  3: 1
  3_2: 1
Time needed: (7.7)
Result is: [('3', '3')]
