SAM file: bams/NA12751.bam
File bams/NA12751.bam has index
Coverage is 222.736484874
== Allele Filter ==
 6.23i  97544770: SNP.TC                  277 (100%) ~     0 (  0)
 6.23i  97545105: DEL.A                     6 ( 67%) ~     0 (  0)
 6.23i  97547830: SNP.GA                  345 (100%) ~     0 (  0)
 6.22i  97548438: SNP.AT                    3 (100%) ~     0 (  0)
 6.21i  97564649: SNP.CT                    2 (100%) ~     0 (  0)
 6.21i  97564728: SNP.GA                    2 (100%) ~     0 (  0)
 6.21i  97658394: SNP.CT                   24 ( 50%) ~     0 (  0)
 6.20i  97659142: SNP.GT                    2 ( 11%) ~     0 (  0)
 6.20i  97670172: SNP.GA                    2 (100%) ~     0 (  0)
 6.20i  97700124: SNP.CA                    2 (  8%) ~     0 (  0)
 6.20i  97700329: DEL.T                    22 (  9%) ~     0 (  0)
 6.20i  97700329: INS.t                    13 (  5%) ~     0 (  0)
 6.19i  97700839: SNP.CT                    2 (  8%) ~     0 (  0)
 6.19i  97700938: SNP.CT                    2 ( 18%) ~     0 (  0)
 6.19i  97770396: SNP.CA                    2 ( 40%) ~     0 (  0)
 6.19i  97770423: SNP.TG                    2 ( 17%) ~     0 (  0)
 6.17i  97771946: SNP.CA                  217 (100%) ~     0 (  0)
 6.17i  97798644: SNP.TC                    2 (100%) ~     0 (  0)
 6.17i  97838886: SNP.TC                   48 (100%) ~     0 (  0)
 6.16i  97839412: SNP.CG                   35 (100%) ~     0 (  0)
 6.16i  97839427: SNP.GA                    2 (  7%) ~     0 (  0)
 6.15i  97848218: SNP.GC                    2 (  9%) ~     0 (  0)
 6.14i  97916308: SNP.GC                    2 (100%) ~     0 (  0)
 6.14i  97980871: SNP.CT                    5 (100%) ~     0 (  0)
 6.14i  97981141: INS.t                    56 ( 42%) ~     0 (  0)
 6.14i  97981241: SNP.TC                  481 (100%) ~     0 (  0)
 6.13i  97981705: SNP.CT                   86 (100%) ~     0 (  0)
 6.12i  98017159: INS.t                     2 (100%) ~     0 (  0)
 6.10i  98060382: SNP.TA                    3 (  5%) ~     0 (  0)
 6.10i  98060469: DEL.T                    12 (  9%) ~     0 (  0)
 6.10i  98060469: INS.t                     9 (  7%) ~     0 (  0)
 6.9i   98087724: SNP.AG                    2 (100%) ~     0 (  0)
 6.8e   98157331: SNP.CG                  841 (100%) ~     0 (  0)
 6.7i   98157590: SNP.CT                   49 (100%) ~     0 (  0)
 6.6e   98185526: SNP.AG                  931 (100%) ~     0 (  0)
 6.6e   98185704: SNP.TC                   40 (  7%) ~     0 (  0)
 6.6e   98185719: SNP.TA                  124 ( 20%) ~     0 (  0)
 6.6e   98185720: INS.ca                   74 ( 12%) ~     0 (  0)
 6.6e   98185744: SNP.AC                   47 (  7%) ~     0 (  0)
 6.6e   98186076: SNP.TC                 1172 (100%) ~     0 (  0)
 6.4i   98187754: SNP.CT                   17 (100%) ~     0 (  0)
 6.4i   98187955: SNP.TC                    2 ( 40%) ~     0 (  0)
 6.3i   98275610: SNP.CG                    2 (100%) ~     0 (  0)
 6.3i   98290576: SNP.CT                    2 (100%) ~     0 (  0)
 6.2i   98294255: DEL.A                     2 (100%) ~     0 (  0)
 6.2i   98311549: SNP.CT                    2 (100%) ~     0 (  0)
 6.2i   98320407: SNP.CT                   78 (100%) ~     0 (  0)
 6.2i   98320491: SNP.CA                   99 ( 48%) ~     0 (  0)
 6.2i   98320922: SNP.TG                  193 ( 44%) ~     0 (  0)
 6.2e   98348884: SNP.AG     85:A>G       355 ( 52%) ~     0 (  0)
 6.1i   98385250: SNP.CA                 1128 (100%) ~     0 (  0)
 6.1i   98385672: SNP.TA                  584 ( 52%) ~     0 (  0)
 6.1i   98385829: SNP.TC                  514 ( 50%) ~     0 (  0)
 6.1i   98386398: SNP.AC                   22 (  7%) ~     0 (  0)
 6.1i   98386401: SNP.AC                   60 ( 19%) ~     0 (  0)
Removing 10    6.24e 97544626:SNP.CA
Removing 11    6.11e 98058898:SNP.CA
Removing 12    6.2e 98348907:SNP.CT,  6.12e 98039498:SNP.CA
Removing 13    6.14e 97981342:SNP.AC
Removing 2B    6.15i 97915613:SNP.CT,  6.14e 97981394:SNP.TC
Removing 2A    6.15i 97915613:SNP.CT
Removing 3     6.15e 97915621:DEL.G
Removing 4     6.14e 97981420:SNP.CT
Removing 5     6.14e 97981394:SNP.TC
Removing 6     6.19e 97770919:SNP.CT
Removing 7     6.4e 98205970:DEL.ATGA
Removing 8     6.8e 98157331:SNP.CT
Initial status
  CYP2D6.1
  CYP2D6.9B
    6.22e          97564153:SNP.CT    0 (  0)   2657:C>T
    6.2e           98348884:SNP.AG  355 ( 52) F 85:A>G
  CYP2D6.9
    6.2e           98348884:SNP.AG  355 ( 52) F 85:A>G
== Copy Number Estimator ==
CNV factor: 1.57620939833 (0.634433471251)
Coverage per region
  region:  2D6  2D7
  1e   :  0.00
  1i   :  0.00
  2e   :  0.00
  2i   :  0.00
  3e   :  0.00
  3i   :  0.00
  4e   :  0.00
  4i   :  0.00
  5e   :  0.00
  5i   :  0.00
  6e   :  0.00
  6i   :  0.00
  7e   :  0.00
  7i   :  0.00
  8e   :  0.00
  8i   :  0.00
  9e   :  0.00
  9i   :  0.00
  10e  :  0.00
  10i  :  0.00
  11e  :  0.00
  11i  :  0.00
  12e  :  0.00
  12i  :  0.00
  13e  :  0.00
  13i  :  0.00
  14e  :  0.00
  14i  :  0.00
  15e  :  0.00
  15i  :  0.00
  16e  :  0.00
  16i  :  0.00
  17e  :  0.00
  17i  :  0.00
  18e  :  0.00
  18i  :  0.00
  19e  :  0.00
  19i  :  0.00
  20e  :  0.00
  20i  :  0.00
  21e  :  0.00
  21i  :  0.00
  22e  :  0.00
  22i  :  0.00
  23e  :  0.00
  23i  :  0.00
  24e  :  0.00
Max. CN = 0
M  Sentinel contraint for 1: A_1^ <= A_1
M  Contraint for 24e: 0.0 == E_24e + <gurobi.LinExpr: A1 + A1^>
M  Contraint for 7e: 0.0 == E_7e + <gurobi.LinExpr: A1 + A1^>
M  Contraint for 12e: 0.0 == E_12e + <gurobi.LinExpr: A1 + A1^>
M  Contraint for 16e: 0.0 == E_16e + <gurobi.LinExpr: A1 + A1^>
M  Contraint for 22e: 0.0 == E_22e + <gurobi.LinExpr: A1 + A1^>
M  Contraint for 9e: 0.0 == E_9e + <gurobi.LinExpr: A1 + A1^>
M  Contraint for 10e: 0.0 == E_10e + <gurobi.LinExpr: A1 + A1^>
M  Contraint for 14e: 0.0 == E_14e + <gurobi.LinExpr: A1 + A1^>
M  Contraint for 20e: 0.0 == E_20e + <gurobi.LinExpr: A1 + A1^>
M  Contraint for 1e: 0.0 == E_1e + <gurobi.LinExpr: A1 + A1^>
M  Contraint for 5e: 0.0 == E_5e + <gurobi.LinExpr: A1 + A1^>
M  Contraint for 3e: 0.0 == E_3e + <gurobi.LinExpr: A1 + A1^>
M  Contraint for 11e: 0.0 == E_11e + <gurobi.LinExpr: A1 + A1^>
M  Contraint for 6e: 0.0 == E_6e + <gurobi.LinExpr: A1 + A1^>
M  Contraint for 13e: 0.0 == E_13e + <gurobi.LinExpr: A1 + A1^>
M  Contraint for 23e: 0.0 == E_23e + <gurobi.LinExpr: A1 + A1^>
M  Contraint for 17e: 0.0 == E_17e + <gurobi.LinExpr: A1 + A1^>
M  Contraint for 8e: 0.0 == E_8e + <gurobi.LinExpr: A1 + A1^>
M  Contraint for 21e: 0.0 == E_21e + <gurobi.LinExpr: A1 + A1^>
M  Contraint for 15e: 0.0 == E_15e + <gurobi.LinExpr: A1 + A1^>
M  Contraint for 19e: 0.0 == E_19e + <gurobi.LinExpr: A1 + A1^>
M  Contraint for 18e: 0.0 == E_18e + <gurobi.LinExpr: A1 + A1^>
M  Contraint for 2e: 0.0 == E_2e + <gurobi.LinExpr: A1 + A1^>
M  Contraint for 4e: 0.0 == E_4e + <gurobi.LinExpr: A1 + A1^>
M  Objective: <gurobi.LinExpr: C26 + C27 + C28 + C29 + C30 + C31 + C32 + C33 + C34 + C35 + C36 + C37 + C38 + C39 + C40 + C41 + C42 + C43 + C44 + C45 + C46 + C47 + C48 + C49 + 0.5 A1 + 0.5 A1^>
CN Solver status: optimal, opt: 49.0
  Solutions:
    ('1', '1^')
== Initial Solver ==
Solving Counter({'1': 2})
Possible candidates:
  CYP2D6.1
  CYP2D6.9
    6.2e 98348884:SNP.AG  355 ( 52) F 85:A>G
M  Max. CN for 1 = 2
M  Max. CN for 9 = 2
M  Contraint for 98348884:SNP.AG 6.2e: 355 == <gurobi.QuadExpr: 0.0 + [ 342.0 REG_9_98348884:SNP.AG * 9 + 342.0 REG_9_2_98348884:SNP.AG * 9_2 ]> + err
M  Contraint for 98348884:REF 6.2e: 329 == <gurobi.QuadExpr: 342.0 1 + 342.0 9 + 342.0 1_2 + 342.0 9_2 + [ -342.0 REG_9_98348884:SNP.AG * 9 + -342.0 REG_9_2_98348884:SNP.AG * 9_2 ]> + err
M  Contraint for 9 98348884:SNP.AG: <gurobi.Var 9> >= <gurobi.Var REG_9_98348884:SNP.AG>
M  Contraint for 9_2 98348884:SNP.AG: <gurobi.Var 9_2> >= <gurobi.Var REG_9_2_98348884:SNP.AG>
M  CN contraint for 1: 2 == <gurobi.LinExpr: 1 + 9 + 1_2 + 9_2>
M  Sentinel contraint for 1: A_1_2 <= A_1
M  Sentinel contraint for 9: A_9_2 <= A_9
M  Objective: <gurobi.LinExpr: C9 + C10>
M  Contraint for 9: A_9 * (<gurobi.LinExpr: REG_9_98348884:SNP.AG> - 1) == 0
M  Contraint for 9_2: A_9_2 * (<gurobi.LinExpr: REG_9_2_98348884:SNP.AG> - 1) == 0
M  Contraint for 98348884:SNP.AG: 1 <= <gurobi.QuadExpr: 0.0 + [ 9 * REG_9_98348884:SNP.AG + 9_2 * REG_9_2_98348884:SNP.AG ]>
M  Contraint for 98348884:SNP.AG: 1 <= <gurobi.QuadExpr: 0.0 + [ 9 * REG_9_98348884:SNP.AG + 9_2 * REG_9_2_98348884:SNP.AG ]>
CN Solver status: optimal, opt: 26.0
  solution:
    ('1', '9')
[32;01mCopy number best structures:[39;49;00m
[32;01m  (1) 2x*1-like[39;49;00m
== Refiner ==
Refining ('1', '9')
M  CN constraint for 1: 1 == <gurobi.LinExpr: 1>
M  CN constraint for 9: 1 == <gurobi.LinExpr: 9 + 9B>
M  Contraint for 97564153:SNP.CT 6.22e: 0 == <gurobi.QuadExpr: 0.0 + [ 534.0 EXT_1_97564153:SNP.CT * 1 + 534.0 EXT_9_97564153:SNP.CT * 9 + 534.0 REG_9B_97564153:SNP.CT * 9B ]> + err
M  Contraint for 98348884:SNP.AG 6.2e: 355 == <gurobi.QuadExpr: 0.0 + [ 342.0 EXT_1_98348884:SNP.AG * 1 + 342.0 REG_9_98348884:SNP.AG * 9 + 342.0 REG_9B_98348884:SNP.AG * 9B ]> + err
M  Contraint for 98348884:REF 6.2e: 329 == <gurobi.QuadExpr: 342.0 1 + 342.0 9 + 342.0 9B + [ -342.0 EXT_1_98348884:SNP.AG * 1 + -342.0 REG_9_98348884:SNP.AG * 9 + -342.0 REG_9B_98348884:SNP.AG * 9B ]> + err
M  Contraint for 97564153:REF 6.22e: 1068 == <gurobi.QuadExpr: 534.0 1 + 534.0 9 + 534.0 9B + [ -534.0 EXT_1_97564153:SNP.CT * 1 + -534.0 EXT_9_97564153:SNP.CT * 9 + -534.0 REG_9B_97564153:SNP.CT * 9B ]> + err
M  Contraint for MM[missing] 9 98348884:SNP.AG: <gurobi.Var 9> >= <gurobi.Var REG_9_98348884:SNP.AG>
M  Contraint for MM[missing] 9B 97564153:SNP.CT: <gurobi.Var 9B> >= <gurobi.Var REG_9B_97564153:SNP.CT>
M  Contraint for MM[missing] 9B 98348884:SNP.AG: <gurobi.Var 9B> >= <gurobi.Var REG_9B_98348884:SNP.AG>
M  Contraint for MA[extra] 1 97564153:SNP.CT: <gurobi.Var 1> >= <gurobi.Var EXT_1_97564153:SNP.CT>
M  Contraint for MA[extra] 1 98348884:SNP.AG: <gurobi.Var 1> >= <gurobi.Var EXT_1_98348884:SNP.AG>
M  Contraint for MA[extra] 9 97564153:SNP.CT: <gurobi.Var 9> >= <gurobi.Var EXT_9_97564153:SNP.CT>
M  Objective: <gurobi.LinExpr: C13 + C14 + C15 + C16 + EXT_1_97564153:SNP.CT + EXT_1_98348884:SNP.AG + EXT_9_97564153:SNP.CT + W>
M  Contraint for 9: <gurobi.LinExpr: REG_9_98348884:SNP.AG> = 1 * A_<gurobi.Var 9>
M  Contraint for 9B: <gurobi.LinExpr: REG_9B_98348884:SNP.AG> = 1 * A_<gurobi.Var 9B>
M  Contraint for 97564153:SNP.CT: 0 >= <gurobi.LinExpr: REG_9B_97564153:SNP.CT>
M  Contraint for 97564153:SNP.CT: 0 <= <gurobi.QuadExpr: 0.0 + [ REG_9B_97564153:SNP.CT * 9B + EXT_1_97564153:SNP.CT * 1 + EXT_9_97564153:SNP.CT * 9 ]> <= 1
M  Contraint for 98348884:SNP.AG: 1 <= <gurobi.QuadExpr: 0.0 + [ REG_9_98348884:SNP.AG * 9 + REG_9B_98348884:SNP.AG * 9B ]> <= 2
M  Contraint for 98348884:SNP.AG: <gurobi.QuadExpr: 0.0 + [ REG_9_98348884:SNP.AG * 9 + REG_9B_98348884:SNP.AG * 9B ]> <= 2
CN Solver status: optimal, opt: 26.0
  1: 1
  9: 1
    6.2e 98348884:SNP.AG  355 ( 52 cp. 1) F
Missing:
  1: 1
  9: 1
Extra:
  1: 1
  9: 1
Time needed: (20.4)
Result is: [('1', '9')]
