SAM file: bams/NA12751.bam
File bams/NA12751.bam has index
Coverage is 121.765336975
== Allele Filter ==
 6.0i   15989039: SNP.CG                 1075 (100%) ~     1 (  0)
 6.11i  15989776: SNP.AC                   10 (  7%) ~     0 (  0)
 6.11i  15990047: SNP.GA                  144 (100%) ~     0 (  0)
 6.8i   15996244: SNP.GA                    5 (100%) ~     0 (  0)
 6.8i   15996348: SNP.TA                    7 (100%) ~     0 (  0)
 6.6i   15997619: SNP.AT                    2 ( 12%) ~     0 (  0)
 6.6i   16000165: SNP.TC                  150 (100%) ~     0 (  0)
 6.5i   16000956: SNP.GA                    2 (  6%) ~     0 (  0)
 6.4i   16001739: SNP.AG                 1191 (100%) ~     0 (  0)
 6.4i   16001851: SNP.TG                 1206 (100%) ~     0 (  0)
 6.4i   16002302: SNP.AC                  100 (  8%) ~     0 (  0)
 6.2i   16004537: SNP.AG                  112 (100%) ~     0 (  0)
 6.1i   16006878: SNP.CT                    9 (100%) ~     0 (  0)
Removing 2     6.1e 16008387:SNP.AC
Removing 3     6.10e 15990430:SNP.CT
Removing 4     6.1e 16008387:SNP.AC,  6.10e 15990430:SNP.CT
Initial status
  CYP2D6.1
== Copy Number Estimator ==
CNV factor: 1.57620939833 (0.634433471251)
Coverage per region
  region:  2D6  2D7
  0i   :  2.13
  1e   :  2.14
  1i   :  2.08
  2e   :  2.05
  2i   :  1.98
  3e   :  1.90
  3i   :  1.75
  4e   :  2.05
  4i   :  1.99
  5e   :  1.77
  5i   :  1.61
  6e   :  2.08
  6i   :  2.03
  7e   :  1.67
  7i   :  1.56
  8e   :  1.98
  8i   :  2.24
  9e   :  1.79
  9i   :  1.92
  10e  :  2.06
  10i  :  1.96
  11e  :  1.69
  11i  :  1.59
  12e  :  1.83
Max. CN = 2
M  Sentinel contraint for 1: A_1^ <= A_1
M  Contraint for 7e: 1.67477443778 == E_7e + <gurobi.LinExpr: A1 + A1^>
M  Contraint for 6e: 2.08053592981 == E_6e + <gurobi.LinExpr: A1 + A1^>
M  Contraint for 9e: 1.79241873443 == E_9e + <gurobi.LinExpr: A1 + A1^>
M  Contraint for 8e: 1.98277266728 == E_8e + <gurobi.LinExpr: A1 + A1^>
M  Contraint for 2e: 2.05065485867 == E_2e + <gurobi.LinExpr: A1 + A1^>
M  Contraint for 1e: 2.13513029441 == E_1e + <gurobi.LinExpr: A1 + A1^>
M  Contraint for 5e: 1.76653238888 == E_5e + <gurobi.LinExpr: A1 + A1^>
M  Contraint for 4e: 2.0537417338 == E_4e + <gurobi.LinExpr: A1 + A1^>
M  Contraint for 3e: 1.89689758949 == E_3e + <gurobi.LinExpr: A1 + A1^>
M  Objective: <gurobi.LinExpr: C11 + C12 + C13 + C14 + C15 + C16 + C17 + C18 + C19 + 0.5 A1 + 0.5 A1^>
CN Solver status: optimal, opt: 2.20666699883
  Solutions:
    ('1', '1^')
== Initial Solver ==
Solving Counter({'1': 2})
Possible candidates:
  CYP2D6.1
M  Max. CN for 1 = 2
M  CN contraint for 1: 2 == <gurobi.LinExpr: 1 + 1_2>
M  Sentinel contraint for 1: A_1_2 <= A_1
M  Objective: 0
CN Solver status: optimal, opt: 0.0
  solution:
    ('1', '1')
[32;01mCopy number best structures:[39;49;00m
[32;01m  (1) 2x*1-like[39;49;00m
== Refiner ==
Refining ('1', '1')
M  Sentinel constraint for 1: A_1_2 <= A_1
M  CN constraint for 1: 2 == <gurobi.LinExpr: 1 + 1_2>
M  Objective: <gurobi.LinExpr: W>
CN Solver status: optimal, opt: 0.0
  1: 1
  1_2: 1
Missing:
  1: 1
  1_2: 1
Extra:
  1: 1
  1_2: 1
Time needed: (15.5)
Result is: [('1', '1')]
