SAM file: bams/NA12004.bam
File bams/NA12004.bam has index
Coverage is 101.176163514
== Allele Filter ==
 6.0i   15989183: SNP.GA                  599 (100%) ~     2 (  0)
 6.0i   15989404: SNP.CT                  273 (100%) ~    93 ( 34)
 6.11i  15989776: SNP.AC                    9 (  7%) ~     1 ( 11)
 6.8i   15996482: INS.g                    26 (100%) ~     0 (  0)
 6.8e   15996819: SNP.GA                  228 (100%) ~     0 (  0)
 6.6i   15997136: INS.c                   550 ( 82%) ~     0 (  0)
 6.6i   15997563: SNP.GA                   27 (100%) ~     0 (  0)
 6.5i   16000608: SNP.TA                   34 (100%) ~     0 (  0)
 6.5i   16000622: SNP.AC                    2 (  7%) ~     0 (  0)
 6.4i   16002274: DEL.A                    49 (  5%) ~     0 (  0)
 6.4i   16002302: SNP.AC                   56 (  6%) ~     0 (  0)
 6.1i   16007043: INS.ctat                  2 (100%) ~     0 (  0)
Removing 2     6.1e 16008387:SNP.AC
Removing 3     6.10e 15990430:SNP.CT
Removing 4     6.1e 16008387:SNP.AC,  6.10e 15990430:SNP.CT
Initial status
  CYP2D6.1
== Copy Number Estimator ==
CNV factor: 2.00513917878 (0.498718498237)
Coverage per region
  region:  2D6  2D7
  0i   :  1.67
  1e   :  2.15
  1i   :  2.13
  2e   :  2.27
  2i   :  1.91
  3e   :  2.05
  3i   :  1.87
  4e   :  1.99
  4i   :  1.88
  5e   :  1.86
  5i   :  1.80
  6e   :  1.91
  6i   :  1.93
  7e   :  1.70
  7i   :  1.75
  8e   :  2.11
  8i   :  2.24
  9e   :  1.92
  9i   :  2.07
  10e  :  2.09
  10i  :  2.03
  11e  :  1.97
  11i  :  1.77
  12e  :  1.60
Max. CN = 2
M  Sentinel contraint for 1: A_1^ <= A_1
M  Contraint for 7e: 1.7009641774 == E_7e + <gurobi.LinExpr: A1 + A1^>
M  Contraint for 6e: 1.91494878648 == E_6e + <gurobi.LinExpr: A1 + A1^>
M  Contraint for 9e: 1.92170657067 == E_9e + <gurobi.LinExpr: A1 + A1^>
M  Contraint for 8e: 2.10853688723 == E_8e + <gurobi.LinExpr: A1 + A1^>
M  Contraint for 2e: 2.26963819639 == E_2e + <gurobi.LinExpr: A1 + A1^>
M  Contraint for 1e: 2.14855595465 == E_1e + <gurobi.LinExpr: A1 + A1^>
M  Contraint for 5e: 1.86104386302 == E_5e + <gurobi.LinExpr: A1 + A1^>
M  Contraint for 4e: 1.98808236944 == E_4e + <gurobi.LinExpr: A1 + A1^>
M  Contraint for 3e: 2.05460648009 == E_3e + <gurobi.LinExpr: A1 + A1^>
M  Objective: <gurobi.LinExpr: C11 + C12 + C13 + C14 + C15 + C16 + C17 + C18 + C19 + 0.5 A1 + 0.5 A1^>
CN Solver status: optimal, opt: 2.19459175136
  Solutions:
    ('1', '1^')
== Initial Solver ==
Solving Counter({'1': 2})
Possible candidates:
  CYP2D6.1
M  Max. CN for 1 = 2
M  CN contraint for 1: 2 == <gurobi.LinExpr: 1 + 1_2>
M  Sentinel contraint for 1: A_1_2 <= A_1
M  Objective: 0
CN Solver status: optimal, opt: 0.0
  solution:
    ('1', '1')
[32;01mCopy number best structures:[39;49;00m
[32;01m  (1) 2x*1-like[39;49;00m
== Refiner ==
Refining ('1', '1')
M  Sentinel constraint for 1: A_1_2 <= A_1
M  CN constraint for 1: 2 == <gurobi.LinExpr: 1 + 1_2>
M  Objective: <gurobi.LinExpr: W>
CN Solver status: optimal, opt: 0.0
  1: 1
  1_2: 1
Missing:
  1: 1
  1_2: 1
Extra:
  1: 1
  1_2: 1
Time needed: (12.4)
Result is: [('1', '1')]
