SAM file: bams/NA12386.bam
File bams/NA12386.bam has index
Coverage is 353.713219745
== Allele Filter ==
 6.0i   96520233: DEL.A                    14 (  9%) ~     0 (  0)
 6.0i   96521620: INS.t                    50 (  5%) ~     0 (  0)
 6.0i   96522364: SNP.TC     -98:T>C      585 ( 49%) ~     0 (  0)
 6.1e   96522560: SNP.CT     99:C>T       898 (100%) ~     0 (  0)
 6.1i   96534583: SNP.GA     12122:G>A     35 ( 57%) ~     0 (  0)
 6.2e   96534921: SNP.GC     12460:G>C    425 ( 46%) ~     0 (  0)
 6.2i   96535123: SNP.AG     12662:A>G    389 ( 44%) ~     0 (  0)
 6.3i   96535742: SNP.AG                  713 ( 51%) ~     0 (  0)
 6.3i   96536226: SNP.TA                  352 ( 52%) ~     0 (  0)
 6.3i   96539977: SNP.CT                    2 (  7%) ~     0 (  0)
 6.3i   96539979: SNP.CT                    2 (  7%) ~     0 (  0)
 6.3i   96539987: SNP.CT                    3 ( 11%) ~     0 (  0)
 6.5e   96541615: SNP.GA     19154:G>A    475 ( 46%) ~     0 (  0)
 6.5i   96541981: SNP.AG     19520:A>G     76 ( 48%) ~     0 (  0)
 6.5i   96580201: SNP.CG     57740:C>G    169 ( 47%) ~     0 (  0)
 6.6i   96580641: SNP.AT                    2 (  8%) ~     0 (  0)
 6.6i   96580645: SNP.GT                    2 (  7%) ~     0 (  0)
 6.6i   96580649: SNP.GA                    2 (  8%) ~     0 (  0)
 6.6i   96580655: SNP.TA                    2 (  8%) ~     0 (  0)
 6.6i   96580661: SNP.CA                    2 (  9%) ~     0 (  0)
 6.6i   96580664: SNP.GA                    2 ( 11%) ~     0 (  0)
 6.6i   96580665: SNP.CT                    2 ( 11%) ~     0 (  0)
 6.6i   96580666: SNP.CT                    2 ( 11%) ~     0 (  0)
 6.6i   96580668: SNP.CT                    2 ( 11%) ~     0 (  0)
 6.6i   96602150: INS.tt                    2 ( 40%) ~     0 (  0)
 6.6i   96602170: SNP.AG                    2 ( 50%) ~     0 (  0)
 6.6i   96602184: SNP.TA                    2 ( 40%) ~     0 (  0)
 6.6i   96602189: SNP.CT                    3 ( 60%) ~     0 (  0)
 6.6i   96602192: SNP.GT                    2 ( 50%) ~     0 (  0)
 6.6i   96602196: SNP.CT                    2 ( 33%) ~     0 (  0)
 6.6i   96602202: SNP.CT                    2 ( 29%) ~     0 (  0)
 6.6i   96602213: SNP.GT                    2 ( 25%) ~     0 (  0)
 6.6i   96602220: SNP.GT                    2 ( 18%) ~     0 (  0)
 6.6i   96602221: SNP.AT                    2 ( 17%) ~     0 (  0)
 6.6i   96602397: SNP.TA     79936:T>A     38 ( 43%) ~     0 (  0)
 6.7e   96602621: SNP.CT     80160:C>T    321 ( 46%) ~     0 (  0)
 6.7e   96602622: SNP.AG     80161:A>G    710 (100%) ~     0 (  0)
 6.7i   96609063: SNP.GA                    2 (100%) ~     0 (  0)
 6.7i   96609186: DEL.A                     2 ( 50%) ~     0 (  0)
 6.7i   96609379: SNP.CA                    2 (  7%) ~     0 (  0)
 6.7i   96609387: SNP.CA                    2 (  6%) ~     0 (  0)
 6.7i   96609388: SNP.TC                    2 (  6%) ~     0 (  0)
 6.7i   96609389: SNP.CA                    3 (  9%) ~     0 (  0)
 6.7i   96609392: SNP.CA                    3 (  9%) ~     0 (  0)
 6.7i   96609395: SNP.AC                    6 ( 15%) ~     0 (  0)
 6.7i   96609400: SNP.AC                    8 ( 19%) ~     0 (  0)
 6.7i   96609402: SNP.AC                    7 ( 16%) ~     0 (  0)
 6.7i   96609406: SNP.GA                    3 (  8%) ~     0 (  0)
 6.7i   96609407: SNP.TC                    3 (  7%) ~     0 (  0)
 6.7i   96609416: SNP.TG                    7 ( 15%) ~     0 (  0)
 6.7i   96609418: SNP.TG                    4 (  8%) ~     0 (  0)
 6.7i   96609440: SNP.AC                    5 (  8%) ~     0 (  0)
 6.7i   96609567: SNP.TC     87106:T>C    103 ( 45%) ~     0 (  0)
 6.8i   96611999: INS.g                     2 ( 40%) ~     0 (  0)
Removing 10    6.5e 96541614:SNP.CT
Removing 11    6.3e 96535263:SNP.GA
Removing 12    6.9e 96612670:SNP.AC
Removing 13    6.8e 96609751:SNP.CT
Removing 14    6.1e 96522511:SNP.TC
Removing 15    6.1e 96522516:SNP.AC
Removing 16    6.9e 96612521:SNP.CT
Removing 17    6.0i 96521656:SNP.CT
Removing 18    6.7e 96602617:SNP.GA
Removing 19    6.1e 96522612:SNP.AG
Removing 2H    6.8e 96609709:SNP.CG
Removing 2D    6.8e 96609736:SNP.GA
Removing 2E    6.5e 96541747:SNP.GA
Removing 2F    6.7e 96602652:SNP.GA
Removing 2G    6.7e 96602710:SNP.AT
Removing 2C    6.3e 96535295:SNP.GC
Removing 2J    6.8e 96609784:SNP.AC
Removing 22    6.4e 96540330:SNP.GC
Removing 23    6.2e 96534916:SNP.GC
Removing 24    6.7e 96602635:SNP.GA
Removing 25    6.9e 96612541:SNP.CG
Removing 26    6.5e 96541700:SNP.GA
Removing 27    6.0i 96521421:SNP.GA
Removing 28    6.1e 96522516:SNP.AC,  6.7e 96602751:SNP.GA
Removing 29    6.1e 96522544:SNP.AT
Removing 3C    6.3e 96535221:SNP.TA,  6.4e 96540409:SNP.GA
Removing 3B    6.4e 96540409:SNP.GA,  6.7e 96602709:SNP.GA
Removing 3A    6.4e 96540409:SNP.GA
Removing 30    6.2e 96534862:SNP.CT
Removing 31    6.2e 96534877:SNP.CT
Removing 32    6.2e 96534941:SNP.AG
Removing 33    6.4e 96540335:SNP.GA
Removing 34    6.1e 96522468:SNP.CT,  6.1e 96522471:SNP.TC
Removing 4B    6.0i 96521656:SNP.CT,  6.1e 96522462:SNP.AG
Removing 4A    6.1e 96522462:SNP.AG
Removing 5A    6.9e 96612494:SNP.CT
Removing 5B    6.9e 96612494:SNP.CT
Removing 6     6.3e 96535209:SNP.GA
Removing 7     6.5i 96541755:SNP.TA
Removing 8     6.3e 96535172:SNP.TC
Removing 8X    6.3e 96535172:SNP.TC
Removing 9     6.3e 96535245:SNP.GA
Initial status
  CYP2D6.1C
    6.7e           96602622:SNP.AG  710 (100) F 80161:A>G
  CYP2D6.1B
    6.1e           96522560:SNP.CT  898 (100)   99:C>T
    6.7e           96602622:SNP.AG  710 (100) F 80161:A>G
  CYP2D6.1
  CYP2D6.2A
    6.1e           96522560:SNP.CT  898 (100)   99:C>T
    6.2i           96535123:SNP.AG  389 ( 44) F 12662:A>G
    6.5e           96541615:SNP.GA  475 ( 46) F 19154:G>A
    6.7e           96602621:SNP.CT  321 ( 46) F 80160:C>T
    6.7e           96602622:SNP.AG  710 (100) F 80161:A>G
  CYP2D6.2B
    6.1e           96522560:SNP.CT  898 (100)   99:C>T
    6.2e           96534921:SNP.GC  425 ( 46) F 12460:G>C
    6.2i           96535123:SNP.AG  389 ( 44) F 12662:A>G
    6.5e           96541615:SNP.GA  475 ( 46) F 19154:G>A
    6.7e           96602621:SNP.CT  321 ( 46) F 80160:C>T
    6.7e           96602622:SNP.AG  710 (100) F 80161:A>G
  CYP2D6.35
    6.1e           96522560:SNP.CT  898 (100)   99:C>T
    6.2i           96535123:SNP.AG  389 ( 44) F 12662:A>G
    6.7e           96602622:SNP.AG  710 (100) F 80161:A>G
== Copy Number Estimator ==
CNV factor: 1.48053222957 (0.675432780203)
Coverage per region
  region:  2D6  2D7
  0i   :  1.91
  1e   :  1.93
  1i   :  1.87
  2e   :  1.89
  2i   :  1.86
  3e   :  1.89
  3i   :  1.84
  4e   :  1.86
  4i   :  1.79
  5e   :  1.86
  5i   :  1.79
  6e   :  2.19
  6i   :  1.89
  7e   :  1.89
  7i   :  1.72
  8e   :  1.87
  8i   :  1.84
  9e   :  1.95
Max. CN = 2
M  Sentinel contraint for 1: A_1^ <= A_1
M  Contraint for 7e: 1.89156854752 == E_7e + <gurobi.LinExpr: A1 + A1^>
M  Contraint for 6e: 2.19386645304 == E_6e + <gurobi.LinExpr: A1 + A1^>
M  Contraint for 9e: 1.95364437489 == E_9e + <gurobi.LinExpr: A1 + A1^>
M  Contraint for 8e: 1.870357991 == E_8e + <gurobi.LinExpr: A1 + A1^>
M  Contraint for 2e: 1.88864429543 == E_2e + <gurobi.LinExpr: A1 + A1^>
M  Contraint for 1e: 1.93327254652 == E_1e + <gurobi.LinExpr: A1 + A1^>
M  Contraint for 5e: 1.86446564351 == E_5e + <gurobi.LinExpr: A1 + A1^>
M  Contraint for 4e: 1.86110318983 == E_4e + <gurobi.LinExpr: A1 + A1^>
M  Contraint for 3e: 1.89168976202 == E_3e + <gurobi.LinExpr: A1 + A1^>
M  Objective: <gurobi.LinExpr: C11 + C12 + C13 + C14 + C15 + C16 + C17 + C18 + C19 + 0.5 A1 + 0.5 A1^>
CN Solver status: optimal, opt: 2.03912010232
  Solutions:
    ('1', '1^')
== Initial Solver ==
Solving Counter({'1': 2})
Possible candidates:
  CYP2D6.1
  CYP2D6.1B
    6.7e 96602622:SNP.AG  710 (100) F 80161:A>G
  CYP2D6.2A
    6.2i 96535123:SNP.AG  389 ( 44) F 12662:A>G
    6.7e 96602621:SNP.CT  321 ( 46) F 80160:C>T
    6.5e 96541615:SNP.GA  475 ( 46) F 19154:G>A
    6.7e 96602622:SNP.AG  710 (100) F 80161:A>G
  CYP2D6.2B
    6.2i 96535123:SNP.AG  389 ( 44) F 12662:A>G
    6.7e 96602621:SNP.CT  321 ( 46) F 80160:C>T
    6.5e 96541615:SNP.GA  475 ( 46) F 19154:G>A
    6.2e 96534921:SNP.GC  425 ( 46) F 12460:G>C
    6.7e 96602622:SNP.AG  710 (100) F 80161:A>G
  CYP2D6.35
    6.2i 96535123:SNP.AG  389 ( 44) F 12662:A>G
    6.7e 96602622:SNP.AG  710 (100) F 80161:A>G
M  Max. CN for 1 = 2
M  Max. CN for 35 = 2
M  Max. CN for 1B = 2
M  Max. CN for 2A = 2
M  Max. CN for 2B = 2
M  Contraint for 96541615:SNP.GA 6.5e: 475 == <gurobi.QuadExpr: 0.0 + [ 516.0 REG_2A_96541615:SNP.GA * 2A + 516.0 REG_2B_96541615:SNP.GA * 2B + 516.0 REG_2A_2_96541615:SNP.GA * 2A_2 + 516.0 REG_2B_2_96541615:SNP.GA * 2B_2 ]> + err
M  Contraint for 96602621:REF 6.7e: 377 == <gurobi.QuadExpr: 349.0 35_2 + 349.0 35 + 349.0 1 + 349.0 1B_2 + 349.0 1B + 349.0 2A + 349.0 2B + 349.0 2A_2 + 349.0 2B_2 + 349.0 1_2 + [ -349.0 REG_2A_96602621:SNP.CT * 2A + -349.0 REG_2B_96602621:SNP.CT * 2B + -349.0 REG_2A_2_96602621:SNP.CT * 2A_2 + -349.0 REG_2B_2_96602621:SNP.CT * 2B_2 ]> + err
M  Contraint for 96535123:REF 6.2i: 489 == <gurobi.QuadExpr: 439.0 35_2 + 439.0 35 + 439.0 1 + 439.0 1B_2 + 439.0 1B + 439.0 2A + 439.0 2B + 439.0 2A_2 + 439.0 2B_2 + 439.0 1_2 + [ -439.0 REG_35_2_96535123:SNP.AG * 35_2 + -439.0 REG_35_96535123:SNP.AG * 35 + -439.0 REG_2A_96535123:SNP.AG * 2A + -439.0 REG_2B_96535123:SNP.AG * 2B + -439.0 REG_2A_2_96535123:SNP.AG * 2A_2 + -439.0 REG_2B_2_96535123:SNP.AG * 2B_2 ]> + err
M  Contraint for 96602622:SNP.AG 6.7e: 710 == <gurobi.QuadExpr: 0.0 + [ 355.0 REG_35_2_96602622:SNP.AG * 35_2 + 355.0 REG_35_96602622:SNP.AG * 35 + 355.0 REG_1B_2_96602622:SNP.AG * 1B_2 + 355.0 REG_1B_96602622:SNP.AG * 1B + 355.0 REG_2A_96602622:SNP.AG * 2A + 355.0 REG_2B_96602622:SNP.AG * 2B + 355.0 REG_2A_2_96602622:SNP.AG * 2A_2 + 355.0 REG_2B_2_96602622:SNP.AG * 2B_2 ]> + err
M  Contraint for 96534921:REF 6.2e: 489 == <gurobi.QuadExpr: 457.0 35_2 + 457.0 35 + 457.0 1 + 457.0 1B_2 + 457.0 1B + 457.0 2A + 457.0 2B + 457.0 2A_2 + 457.0 2B_2 + 457.0 1_2 + [ -457.0 REG_2B_96534921:SNP.GC * 2B + -457.0 REG_2B_2_96534921:SNP.GC * 2B_2 ]> + err
M  Contraint for 96541615:REF 6.5e: 557 == <gurobi.QuadExpr: 516.0 35_2 + 516.0 35 + 516.0 1 + 516.0 1B_2 + 516.0 1B + 516.0 2A + 516.0 2B + 516.0 2A_2 + 516.0 2B_2 + 516.0 1_2 + [ -516.0 REG_2A_96541615:SNP.GA * 2A + -516.0 REG_2B_96541615:SNP.GA * 2B + -516.0 REG_2A_2_96541615:SNP.GA * 2A_2 + -516.0 REG_2B_2_96541615:SNP.GA * 2B_2 ]> + err
M  Contraint for 96602622:REF 6.7e: 0 == <gurobi.QuadExpr: 355.0 35_2 + 355.0 35 + 355.0 1 + 355.0 1B_2 + 355.0 1B + 355.0 2A + 355.0 2B + 355.0 2A_2 + 355.0 2B_2 + 355.0 1_2 + [ -355.0 REG_35_2_96602622:SNP.AG * 35_2 + -355.0 REG_35_96602622:SNP.AG * 35 + -355.0 REG_1B_2_96602622:SNP.AG * 1B_2 + -355.0 REG_1B_96602622:SNP.AG * 1B + -355.0 REG_2A_96602622:SNP.AG * 2A + -355.0 REG_2B_96602622:SNP.AG * 2B + -355.0 REG_2A_2_96602622:SNP.AG * 2A_2 + -355.0 REG_2B_2_96602622:SNP.AG * 2B_2 ]> + err
M  Contraint for 96602621:SNP.CT 6.7e: 321 == <gurobi.QuadExpr: 0.0 + [ 349.0 REG_2A_96602621:SNP.CT * 2A + 349.0 REG_2B_96602621:SNP.CT * 2B + 349.0 REG_2A_2_96602621:SNP.CT * 2A_2 + 349.0 REG_2B_2_96602621:SNP.CT * 2B_2 ]> + err
M  Contraint for 96535123:SNP.AG 6.2i: 389 == <gurobi.QuadExpr: 0.0 + [ 439.0 REG_35_2_96535123:SNP.AG * 35_2 + 439.0 REG_35_96535123:SNP.AG * 35 + 439.0 REG_2A_96535123:SNP.AG * 2A + 439.0 REG_2B_96535123:SNP.AG * 2B + 439.0 REG_2A_2_96535123:SNP.AG * 2A_2 + 439.0 REG_2B_2_96535123:SNP.AG * 2B_2 ]> + err
M  Contraint for 96534921:SNP.GC 6.2e: 425 == <gurobi.QuadExpr: 0.0 + [ 457.0 REG_2B_96534921:SNP.GC * 2B + 457.0 REG_2B_2_96534921:SNP.GC * 2B_2 ]> + err
M  Contraint for 35_2 96535123:SNP.AG: <gurobi.Var 35_2> >= <gurobi.Var REG_35_2_96535123:SNP.AG>
M  Contraint for 35_2 96602622:SNP.AG: <gurobi.Var 35_2> >= <gurobi.Var REG_35_2_96602622:SNP.AG>
M  Contraint for 35 96535123:SNP.AG: <gurobi.Var 35> >= <gurobi.Var REG_35_96535123:SNP.AG>
M  Contraint for 35 96602622:SNP.AG: <gurobi.Var 35> >= <gurobi.Var REG_35_96602622:SNP.AG>
M  Contraint for 1B_2 96602622:SNP.AG: <gurobi.Var 1B_2> >= <gurobi.Var REG_1B_2_96602622:SNP.AG>
M  Contraint for 1B 96602622:SNP.AG: <gurobi.Var 1B> >= <gurobi.Var REG_1B_96602622:SNP.AG>
M  Contraint for 2A 96535123:SNP.AG: <gurobi.Var 2A> >= <gurobi.Var REG_2A_96535123:SNP.AG>
M  Contraint for 2A 96602621:SNP.CT: <gurobi.Var 2A> >= <gurobi.Var REG_2A_96602621:SNP.CT>
M  Contraint for 2A 96602622:SNP.AG: <gurobi.Var 2A> >= <gurobi.Var REG_2A_96602622:SNP.AG>
M  Contraint for 2A 96541615:SNP.GA: <gurobi.Var 2A> >= <gurobi.Var REG_2A_96541615:SNP.GA>
M  Contraint for 2B 96535123:SNP.AG: <gurobi.Var 2B> >= <gurobi.Var REG_2B_96535123:SNP.AG>
M  Contraint for 2B 96602622:SNP.AG: <gurobi.Var 2B> >= <gurobi.Var REG_2B_96602622:SNP.AG>
M  Contraint for 2B 96602621:SNP.CT: <gurobi.Var 2B> >= <gurobi.Var REG_2B_96602621:SNP.CT>
M  Contraint for 2B 96534921:SNP.GC: <gurobi.Var 2B> >= <gurobi.Var REG_2B_96534921:SNP.GC>
M  Contraint for 2B 96541615:SNP.GA: <gurobi.Var 2B> >= <gurobi.Var REG_2B_96541615:SNP.GA>
M  Contraint for 2A_2 96535123:SNP.AG: <gurobi.Var 2A_2> >= <gurobi.Var REG_2A_2_96535123:SNP.AG>
M  Contraint for 2A_2 96602621:SNP.CT: <gurobi.Var 2A_2> >= <gurobi.Var REG_2A_2_96602621:SNP.CT>
M  Contraint for 2A_2 96602622:SNP.AG: <gurobi.Var 2A_2> >= <gurobi.Var REG_2A_2_96602622:SNP.AG>
M  Contraint for 2A_2 96541615:SNP.GA: <gurobi.Var 2A_2> >= <gurobi.Var REG_2A_2_96541615:SNP.GA>
M  Contraint for 2B_2 96535123:SNP.AG: <gurobi.Var 2B_2> >= <gurobi.Var REG_2B_2_96535123:SNP.AG>
M  Contraint for 2B_2 96602622:SNP.AG: <gurobi.Var 2B_2> >= <gurobi.Var REG_2B_2_96602622:SNP.AG>
M  Contraint for 2B_2 96602621:SNP.CT: <gurobi.Var 2B_2> >= <gurobi.Var REG_2B_2_96602621:SNP.CT>
M  Contraint for 2B_2 96534921:SNP.GC: <gurobi.Var 2B_2> >= <gurobi.Var REG_2B_2_96534921:SNP.GC>
M  Contraint for 2B_2 96541615:SNP.GA: <gurobi.Var 2B_2> >= <gurobi.Var REG_2B_2_96541615:SNP.GA>
M  CN contraint for 1: 2 == <gurobi.LinExpr: 35_2 + 35 + 1 + 1B_2 + 1B + 2A + 2B + 2A_2 + 1_2 + 2B_2>
M  Sentinel contraint for 35: A_35_2 <= A_35
M  Sentinel contraint for 1: A_1_2 <= A_1
M  Sentinel contraint for 1B: A_1B_2 <= A_1B
M  Sentinel contraint for 2A: A_2A_2 <= A_2A
M  Sentinel contraint for 2B: A_2B_2 <= A_2B
M  Objective: <gurobi.LinExpr: C63 + C64 + C65 + C66 + C67 + C68 + C69 + C70 + C71 + C72>
M  Contraint for 35_2: A_35_2 * (<gurobi.LinExpr: REG_35_2_96535123:SNP.AG + REG_35_2_96602622:SNP.AG> - 2) == 0
M  Contraint for 35: A_35 * (<gurobi.LinExpr: REG_35_96535123:SNP.AG + REG_35_96602622:SNP.AG> - 2) == 0
M  Contraint for 1B_2: A_1B_2 * (<gurobi.LinExpr: REG_1B_2_96602622:SNP.AG> - 1) == 0
M  Contraint for 1B: A_1B * (<gurobi.LinExpr: REG_1B_96602622:SNP.AG> - 1) == 0
M  Contraint for 2A: A_2A * (<gurobi.LinExpr: REG_2A_96535123:SNP.AG + REG_2A_96541615:SNP.GA + REG_2A_96602621:SNP.CT + REG_2A_96602622:SNP.AG> - 4) == 0
M  Contraint for 2B: A_2B * (<gurobi.LinExpr: REG_2B_96534921:SNP.GC + REG_2B_96535123:SNP.AG + REG_2B_96541615:SNP.GA + REG_2B_96602621:SNP.CT + REG_2B_96602622:SNP.AG> - 5) == 0
M  Contraint for 2A_2: A_2A_2 * (<gurobi.LinExpr: REG_2A_2_96535123:SNP.AG + REG_2A_2_96541615:SNP.GA + REG_2A_2_96602621:SNP.CT + REG_2A_2_96602622:SNP.AG> - 4) == 0
M  Contraint for 2B_2: A_2B_2 * (<gurobi.LinExpr: REG_2B_2_96534921:SNP.GC + REG_2B_2_96535123:SNP.AG + REG_2B_2_96541615:SNP.GA + REG_2B_2_96602621:SNP.CT + REG_2B_2_96602622:SNP.AG> - 5) == 0
M  Contraint for 96535123:SNP.AG: 1 <= <gurobi.QuadExpr: 0.0 + [ 35_2 * REG_35_2_96535123:SNP.AG + 35 * REG_35_96535123:SNP.AG + 2A * REG_2A_96535123:SNP.AG + 2B * REG_2B_96535123:SNP.AG + 2A_2 * REG_2A_2_96535123:SNP.AG + 2B_2 * REG_2B_2_96535123:SNP.AG ]>
M  Contraint for 96602622:SNP.AG: 1 <= <gurobi.QuadExpr: 0.0 + [ 35_2 * REG_35_2_96602622:SNP.AG + 35 * REG_35_96602622:SNP.AG + 1B_2 * REG_1B_2_96602622:SNP.AG + 1B * REG_1B_96602622:SNP.AG + 2A * REG_2A_96602622:SNP.AG + 2B * REG_2B_96602622:SNP.AG + 2A_2 * REG_2A_2_96602622:SNP.AG + 2B_2 * REG_2B_2_96602622:SNP.AG ]>
M  Contraint for 96535123:SNP.AG: 1 <= <gurobi.QuadExpr: 0.0 + [ 35_2 * REG_35_2_96535123:SNP.AG + 35 * REG_35_96535123:SNP.AG + 2A * REG_2A_96535123:SNP.AG + 2B * REG_2B_96535123:SNP.AG + 2A_2 * REG_2A_2_96535123:SNP.AG + 2B_2 * REG_2B_2_96535123:SNP.AG ]>
M  Contraint for 96602622:SNP.AG: 1 <= <gurobi.QuadExpr: 0.0 + [ 35_2 * REG_35_2_96602622:SNP.AG + 35 * REG_35_96602622:SNP.AG + 1B_2 * REG_1B_2_96602622:SNP.AG + 1B * REG_1B_96602622:SNP.AG + 2A * REG_2A_96602622:SNP.AG + 2B * REG_2B_96602622:SNP.AG + 2A_2 * REG_2A_2_96602622:SNP.AG + 2B_2 * REG_2B_2_96602622:SNP.AG ]>
M  Contraint for 96602622:SNP.AG: 1 <= <gurobi.QuadExpr: 0.0 + [ 35_2 * REG_35_2_96602622:SNP.AG + 35 * REG_35_96602622:SNP.AG + 1B_2 * REG_1B_2_96602622:SNP.AG + 1B * REG_1B_96602622:SNP.AG + 2A * REG_2A_96602622:SNP.AG + 2B * REG_2B_96602622:SNP.AG + 2A_2 * REG_2A_2_96602622:SNP.AG + 2B_2 * REG_2B_2_96602622:SNP.AG ]>
M  Contraint for 96602622:SNP.AG: 1 <= <gurobi.QuadExpr: 0.0 + [ 35_2 * REG_35_2_96602622:SNP.AG + 35 * REG_35_96602622:SNP.AG + 1B_2 * REG_1B_2_96602622:SNP.AG + 1B * REG_1B_96602622:SNP.AG + 2A * REG_2A_96602622:SNP.AG + 2B * REG_2B_96602622:SNP.AG + 2A_2 * REG_2A_2_96602622:SNP.AG + 2B_2 * REG_2B_2_96602622:SNP.AG ]>
M  Contraint for 96535123:SNP.AG: 1 <= <gurobi.QuadExpr: 0.0 + [ 35_2 * REG_35_2_96535123:SNP.AG + 35 * REG_35_96535123:SNP.AG + 2A * REG_2A_96535123:SNP.AG + 2B * REG_2B_96535123:SNP.AG + 2A_2 * REG_2A_2_96535123:SNP.AG + 2B_2 * REG_2B_2_96535123:SNP.AG ]>
M  Contraint for 96541615:SNP.GA: 1 <= <gurobi.QuadExpr: 0.0 + [ 2A * REG_2A_96541615:SNP.GA + 2B * REG_2B_96541615:SNP.GA + 2A_2 * REG_2A_2_96541615:SNP.GA + 2B_2 * REG_2B_2_96541615:SNP.GA ]>
M  Contraint for 96602621:SNP.CT: 1 <= <gurobi.QuadExpr: 0.0 + [ 2A * REG_2A_96602621:SNP.CT + 2B * REG_2B_96602621:SNP.CT + 2A_2 * REG_2A_2_96602621:SNP.CT + 2B_2 * REG_2B_2_96602621:SNP.CT ]>
M  Contraint for 96602622:SNP.AG: 1 <= <gurobi.QuadExpr: 0.0 + [ 35_2 * REG_35_2_96602622:SNP.AG + 35 * REG_35_96602622:SNP.AG + 1B_2 * REG_1B_2_96602622:SNP.AG + 1B * REG_1B_96602622:SNP.AG + 2A * REG_2A_96602622:SNP.AG + 2B * REG_2B_96602622:SNP.AG + 2A_2 * REG_2A_2_96602622:SNP.AG + 2B_2 * REG_2B_2_96602622:SNP.AG ]>
M  Contraint for 96534921:SNP.GC: 1 <= <gurobi.QuadExpr: 0.0 + [ 2B * REG_2B_96534921:SNP.GC + 2B_2 * REG_2B_2_96534921:SNP.GC ]>
M  Contraint for 96535123:SNP.AG: 1 <= <gurobi.QuadExpr: 0.0 + [ 35_2 * REG_35_2_96535123:SNP.AG + 35 * REG_35_96535123:SNP.AG + 2A * REG_2A_96535123:SNP.AG + 2B * REG_2B_96535123:SNP.AG + 2A_2 * REG_2A_2_96535123:SNP.AG + 2B_2 * REG_2B_2_96535123:SNP.AG ]>
M  Contraint for 96541615:SNP.GA: 1 <= <gurobi.QuadExpr: 0.0 + [ 2A * REG_2A_96541615:SNP.GA + 2B * REG_2B_96541615:SNP.GA + 2A_2 * REG_2A_2_96541615:SNP.GA + 2B_2 * REG_2B_2_96541615:SNP.GA ]>
M  Contraint for 96602621:SNP.CT: 1 <= <gurobi.QuadExpr: 0.0 + [ 2A * REG_2A_96602621:SNP.CT + 2B * REG_2B_96602621:SNP.CT + 2A_2 * REG_2A_2_96602621:SNP.CT + 2B_2 * REG_2B_2_96602621:SNP.CT ]>
M  Contraint for 96602622:SNP.AG: 1 <= <gurobi.QuadExpr: 0.0 + [ 35_2 * REG_35_2_96602622:SNP.AG + 35 * REG_35_96602622:SNP.AG + 1B_2 * REG_1B_2_96602622:SNP.AG + 1B * REG_1B_96602622:SNP.AG + 2A * REG_2A_96602622:SNP.AG + 2B * REG_2B_96602622:SNP.AG + 2A_2 * REG_2A_2_96602622:SNP.AG + 2B_2 * REG_2B_2_96602622:SNP.AG ]>
M  Contraint for 96535123:SNP.AG: 1 <= <gurobi.QuadExpr: 0.0 + [ 35_2 * REG_35_2_96535123:SNP.AG + 35 * REG_35_96535123:SNP.AG + 2A * REG_2A_96535123:SNP.AG + 2B * REG_2B_96535123:SNP.AG + 2A_2 * REG_2A_2_96535123:SNP.AG + 2B_2 * REG_2B_2_96535123:SNP.AG ]>
M  Contraint for 96541615:SNP.GA: 1 <= <gurobi.QuadExpr: 0.0 + [ 2A * REG_2A_96541615:SNP.GA + 2B * REG_2B_96541615:SNP.GA + 2A_2 * REG_2A_2_96541615:SNP.GA + 2B_2 * REG_2B_2_96541615:SNP.GA ]>
M  Contraint for 96602621:SNP.CT: 1 <= <gurobi.QuadExpr: 0.0 + [ 2A * REG_2A_96602621:SNP.CT + 2B * REG_2B_96602621:SNP.CT + 2A_2 * REG_2A_2_96602621:SNP.CT + 2B_2 * REG_2B_2_96602621:SNP.CT ]>
M  Contraint for 96602622:SNP.AG: 1 <= <gurobi.QuadExpr: 0.0 + [ 35_2 * REG_35_2_96602622:SNP.AG + 35 * REG_35_96602622:SNP.AG + 1B_2 * REG_1B_2_96602622:SNP.AG + 1B * REG_1B_96602622:SNP.AG + 2A * REG_2A_96602622:SNP.AG + 2B * REG_2B_96602622:SNP.AG + 2A_2 * REG_2A_2_96602622:SNP.AG + 2B_2 * REG_2B_2_96602622:SNP.AG ]>
M  Contraint for 96534921:SNP.GC: 1 <= <gurobi.QuadExpr: 0.0 + [ 2B * REG_2B_96534921:SNP.GC + 2B_2 * REG_2B_2_96534921:SNP.GC ]>
M  Contraint for 96535123:SNP.AG: 1 <= <gurobi.QuadExpr: 0.0 + [ 35_2 * REG_35_2_96535123:SNP.AG + 35 * REG_35_96535123:SNP.AG + 2A * REG_2A_96535123:SNP.AG + 2B * REG_2B_96535123:SNP.AG + 2A_2 * REG_2A_2_96535123:SNP.AG + 2B_2 * REG_2B_2_96535123:SNP.AG ]>
M  Contraint for 96541615:SNP.GA: 1 <= <gurobi.QuadExpr: 0.0 + [ 2A * REG_2A_96541615:SNP.GA + 2B * REG_2B_96541615:SNP.GA + 2A_2 * REG_2A_2_96541615:SNP.GA + 2B_2 * REG_2B_2_96541615:SNP.GA ]>
M  Contraint for 96602621:SNP.CT: 1 <= <gurobi.QuadExpr: 0.0 + [ 2A * REG_2A_96602621:SNP.CT + 2B * REG_2B_96602621:SNP.CT + 2A_2 * REG_2A_2_96602621:SNP.CT + 2B_2 * REG_2B_2_96602621:SNP.CT ]>
M  Contraint for 96602622:SNP.AG: 1 <= <gurobi.QuadExpr: 0.0 + [ 35_2 * REG_35_2_96602622:SNP.AG + 35 * REG_35_96602622:SNP.AG + 1B_2 * REG_1B_2_96602622:SNP.AG + 1B * REG_1B_96602622:SNP.AG + 2A * REG_2A_96602622:SNP.AG + 2B * REG_2B_96602622:SNP.AG + 2A_2 * REG_2A_2_96602622:SNP.AG + 2B_2 * REG_2B_2_96602622:SNP.AG ]>
CN Solver status: optimal, opt: 302.0
  solution:
    ('1B', '2B')
[32;01mCopy number best structures:[39;49;00m
[32;01m  (1) 2x*1-like[39;49;00m
== Refiner ==
Refining ('1B', '2B')
M  CN constraint for 1B: 1 == <gurobi.LinExpr: 1C + 1B>
M  CN constraint for 2B: 1 == <gurobi.LinExpr: 2B>
M  Contraint for 96541615:SNP.GA 6.5e: 475 == <gurobi.QuadExpr: 0.0 + [ 516.0 EXT_1C_96541615:SNP.GA * 1C + 516.0 EXT_1B_96541615:SNP.GA * 1B + 516.0 REG_2B_96541615:SNP.GA * 2B ]> + err
M  Contraint for 96602621:REF 6.7e: 377 == <gurobi.QuadExpr: 349.0 1C + 349.0 1B + 349.0 2B + [ -349.0 EXT_1C_96602621:SNP.CT * 1C + -349.0 EXT_1B_96602621:SNP.CT * 1B + -349.0 REG_2B_96602621:SNP.CT * 2B ]> + err
M  Contraint for 96535123:REF 6.2i: 489 == <gurobi.QuadExpr: 439.0 1C + 439.0 1B + 439.0 2B + [ -439.0 EXT_1C_96535123:SNP.AG * 1C + -439.0 EXT_1B_96535123:SNP.AG * 1B + -439.0 REG_2B_96535123:SNP.AG * 2B ]> + err
M  Contraint for 96602622:SNP.AG 6.7e: 710 == <gurobi.QuadExpr: 0.0 + [ 355.0 REG_1C_96602622:SNP.AG * 1C + 355.0 REG_1B_96602622:SNP.AG * 1B + 355.0 REG_2B_96602622:SNP.AG * 2B ]> + err
M  Contraint for 96534921:REF 6.2e: 489 == <gurobi.QuadExpr: 457.0 1C + 457.0 1B + 457.0 2B + [ -457.0 EXT_1C_96534921:SNP.GC * 1C + -457.0 EXT_1B_96534921:SNP.GC * 1B + -457.0 REG_2B_96534921:SNP.GC * 2B ]> + err
M  Contraint for 96534921:SNP.GC 6.2e: 425 == <gurobi.QuadExpr: 0.0 + [ 457.0 EXT_1C_96534921:SNP.GC * 1C + 457.0 EXT_1B_96534921:SNP.GC * 1B + 457.0 REG_2B_96534921:SNP.GC * 2B ]> + err
M  Contraint for 96541615:REF 6.5e: 557 == <gurobi.QuadExpr: 516.0 1C + 516.0 1B + 516.0 2B + [ -516.0 EXT_1C_96541615:SNP.GA * 1C + -516.0 EXT_1B_96541615:SNP.GA * 1B + -516.0 REG_2B_96541615:SNP.GA * 2B ]> + err
M  Contraint for 96602622:REF 6.7e: 0 == <gurobi.QuadExpr: 355.0 1C + 355.0 1B + 355.0 2B + [ -355.0 REG_1C_96602622:SNP.AG * 1C + -355.0 REG_1B_96602622:SNP.AG * 1B + -355.0 REG_2B_96602622:SNP.AG * 2B ]> + err
M  Contraint for 96602621:SNP.CT 6.7e: 321 == <gurobi.QuadExpr: 0.0 + [ 349.0 EXT_1C_96602621:SNP.CT * 1C + 349.0 EXT_1B_96602621:SNP.CT * 1B + 349.0 REG_2B_96602621:SNP.CT * 2B ]> + err
M  Contraint for 96535123:SNP.AG 6.2i: 389 == <gurobi.QuadExpr: 0.0 + [ 439.0 EXT_1C_96535123:SNP.AG * 1C + 439.0 EXT_1B_96535123:SNP.AG * 1B + 439.0 REG_2B_96535123:SNP.AG * 2B ]> + err
M  Contraint for 96522560:SNP.CT 6.1e: 898 == <gurobi.QuadExpr: 0.0 + [ 450.0 EXT_1C_96522560:SNP.CT * 1C + 450.0 REG_1B_96522560:SNP.CT * 1B + 450.0 REG_2B_96522560:SNP.CT * 2B ]> + err
M  Contraint for 96522560:REF 6.1e: 2 == <gurobi.QuadExpr: 450.0 1C + 450.0 1B + 450.0 2B + [ -450.0 EXT_1C_96522560:SNP.CT * 1C + -450.0 REG_1B_96522560:SNP.CT * 1B + -450.0 REG_2B_96522560:SNP.CT * 2B ]> + err
M  Contraint for MM[missing] 1C 96602622:SNP.AG: <gurobi.Var 1C> >= <gurobi.Var REG_1C_96602622:SNP.AG>
M  Contraint for MM[missing] 1B 96602622:SNP.AG: <gurobi.Var 1B> >= <gurobi.Var REG_1B_96602622:SNP.AG>
M  Contraint for MM[missing] 1B 96522560:SNP.CT: <gurobi.Var 1B> >= <gurobi.Var REG_1B_96522560:SNP.CT>
M  Contraint for MM[missing] 2B 96541615:SNP.GA: <gurobi.Var 2B> >= <gurobi.Var REG_2B_96541615:SNP.GA>
M  Contraint for MM[missing] 2B 96602622:SNP.AG: <gurobi.Var 2B> >= <gurobi.Var REG_2B_96602622:SNP.AG>
M  Contraint for MM[missing] 2B 96534921:SNP.GC: <gurobi.Var 2B> >= <gurobi.Var REG_2B_96534921:SNP.GC>
M  Contraint for MM[missing] 2B 96602621:SNP.CT: <gurobi.Var 2B> >= <gurobi.Var REG_2B_96602621:SNP.CT>
M  Contraint for MM[missing] 2B 96535123:SNP.AG: <gurobi.Var 2B> >= <gurobi.Var REG_2B_96535123:SNP.AG>
M  Contraint for MM[missing] 2B 96522560:SNP.CT: <gurobi.Var 2B> >= <gurobi.Var REG_2B_96522560:SNP.CT>
M  Contraint for MA[extra] 1C 96541615:SNP.GA: <gurobi.Var 1C> >= <gurobi.Var EXT_1C_96541615:SNP.GA>
M  Contraint for MA[extra] 1C 96522560:SNP.CT: <gurobi.Var 1C> >= <gurobi.Var EXT_1C_96522560:SNP.CT>
M  Contraint for MA[extra] 1C 96602621:SNP.CT: <gurobi.Var 1C> >= <gurobi.Var EXT_1C_96602621:SNP.CT>
M  Contraint for MA[extra] 1C 96534921:SNP.GC: <gurobi.Var 1C> >= <gurobi.Var EXT_1C_96534921:SNP.GC>
M  Contraint for MA[extra] 1C 96535123:SNP.AG: <gurobi.Var 1C> >= <gurobi.Var EXT_1C_96535123:SNP.AG>
M  Contraint for MA[extra] 1B 96541615:SNP.GA: <gurobi.Var 1B> >= <gurobi.Var EXT_1B_96541615:SNP.GA>
M  Contraint for MA[extra] 1B 96602621:SNP.CT: <gurobi.Var 1B> >= <gurobi.Var EXT_1B_96602621:SNP.CT>
M  Contraint for MA[extra] 1B 96534921:SNP.GC: <gurobi.Var 1B> >= <gurobi.Var EXT_1B_96534921:SNP.GC>
M  Contraint for MA[extra] 1B 96535123:SNP.AG: <gurobi.Var 1B> >= <gurobi.Var EXT_1B_96535123:SNP.AG>
M  Objective: <gurobi.LinExpr: C33 + C34 + C35 + C36 + C37 + C38 + C39 + C40 + C41 + C42 + C43 + C44 + EXT_1C_96541615:SNP.GA + EXT_1C_96522560:SNP.CT + EXT_1C_96602621:SNP.CT + EXT_1C_96534921:SNP.GC + EXT_1C_96535123:SNP.AG + EXT_1B_96541615:SNP.GA + EXT_1B_96602621:SNP.CT + EXT_1B_96534921:SNP.GC + EXT_1B_96535123:SNP.AG + W>
M  Contraint for 1C: <gurobi.LinExpr: REG_1C_96602622:SNP.AG> = 1 * A_<gurobi.Var 1C>
M  Contraint for 1B: <gurobi.LinExpr: REG_1B_96602622:SNP.AG> = 1 * A_<gurobi.Var 1B>
M  Contraint for 2B: <gurobi.LinExpr: REG_2B_96534921:SNP.GC + REG_2B_96541615:SNP.GA + REG_2B_96602621:SNP.CT + REG_2B_96602622:SNP.AG + REG_2B_96535123:SNP.AG> = 5 * A_<gurobi.Var 2B>
M  Contraint for 96541615:SNP.GA: 1 <= <gurobi.QuadExpr: 0.0 + [ REG_2B_96541615:SNP.GA * 2B ]> <= 1
M  Contraint for 96541615:SNP.GA: <gurobi.QuadExpr: 0.0 + [ REG_2B_96541615:SNP.GA * 2B ]> <= 1
M  Contraint for 96602622:SNP.AG: 2 <= <gurobi.QuadExpr: 0.0 + [ REG_1C_96602622:SNP.AG * 1C + REG_1B_96602622:SNP.AG * 1B + REG_2B_96602622:SNP.AG * 2B ]> <= 3
M  Contraint for 96602622:SNP.AG: <gurobi.QuadExpr: 0.0 + [ REG_1C_96602622:SNP.AG * 1C + REG_1B_96602622:SNP.AG * 1B + REG_2B_96602622:SNP.AG * 2B ]> <= 3
M  Contraint for 96534921:SNP.GC: 1 <= <gurobi.QuadExpr: 0.0 + [ REG_2B_96534921:SNP.GC * 2B ]> <= 1
M  Contraint for 96534921:SNP.GC: <gurobi.QuadExpr: 0.0 + [ REG_2B_96534921:SNP.GC * 2B ]> <= 1
M  Contraint for 96602621:SNP.CT: 1 <= <gurobi.QuadExpr: 0.0 + [ REG_2B_96602621:SNP.CT * 2B ]> <= 1
M  Contraint for 96602621:SNP.CT: <gurobi.QuadExpr: 0.0 + [ REG_2B_96602621:SNP.CT * 2B ]> <= 1
M  Contraint for 96535123:SNP.AG: 1 <= <gurobi.QuadExpr: 0.0 + [ REG_2B_96535123:SNP.AG * 2B ]> <= 1
M  Contraint for 96535123:SNP.AG: <gurobi.QuadExpr: 0.0 + [ REG_2B_96535123:SNP.AG * 2B ]> <= 1
M  Contraint for 96522560:SNP.CT: 1 <= <gurobi.QuadExpr: 0.0 + [ REG_1B_96522560:SNP.CT * 1B + REG_2B_96522560:SNP.CT * 2B + EXT_1C_96522560:SNP.CT * 1C ]> <= 2
CN Solver status: optimal, opt: 306.0
  1B: 1
    6.7e 96602622:SNP.AG  710 (100 cp. 2) F
    6.1e 96522560:SNP.CT  898 (100 cp. 2) 
  2B: 1
    6.5e 96541615:SNP.GA  475 ( 46 cp. 1) F
    6.7e 96602622:SNP.AG  710 (100 cp. 2) F
    6.2e 96534921:SNP.GC  425 ( 46 cp. 1) F
    6.7e 96602621:SNP.CT  321 ( 46 cp. 1) F
    6.2i 96535123:SNP.AG  389 ( 44 cp. 1) F
    6.1e 96522560:SNP.CT  898 (100 cp. 2) 
Missing:
  1B: 1
  2B: 1
Extra:
  1B: 1
  2B: 1
Time needed: (13.2)
Result is: [('1B', '2B')]
