SAM file: bams/NA12343.bam
File bams/NA12343.bam has index
Coverage is 118.686743304
== Allele Filter ==
 6.0i   15988597: SNP.TG                    3 (  8%) ~     0 (  0)
 6.0i   15989039: SNP.CG                  969 (100%) ~     0 (  0)
 6.0i   15989522: SNP.TC                  128 ( 28%) ~    49 ( 38)
 6.12e  15989695: SNP.GC                   41 ( 17%) ~     8 ( 20)
 6.12e  15989729: SNP.TC                   73 ( 30%) ~    14 ( 19)
 6.11i  15989810: SNP.TG                   37 ( 22%) ~     7 ( 19)
 6.11i  15989856: SNP.TC                   20 ( 22%) ~     6 ( 30)
 6.11i  15989890: SNP.CT                   11 ( 17%) ~     5 ( 45)
 6.11i  15989903: SNP.CA                   11 ( 16%) ~     4 ( 36)
 6.11i  15989908: SNP.AG                   12 ( 17%) ~     5 ( 42)
 6.11i  15989918: SNP.GC                   12 ( 17%) ~     5 ( 42)
 6.11i  15989921: SNP.CA                   10 ( 14%) ~     5 ( 50)
 6.11i  15989926: SNP.AG                   11 ( 15%) ~     5 ( 45)
 6.11i  15989959: SNP.GA                    4 (  6%) ~     1 ( 25)
 6.11i  15990047: SNP.GA                  153 (100%) ~     0 (  0)
 6.8i   15996244: SNP.GA                    3 (100%) ~     0 (  0)
 6.8i   15996348: SNP.TA                    8 (100%) ~     0 (  0)
 6.6i   15997601: SNP.CA                    2 (  7%) ~     0 (  0)
 6.6i   16000165: SNP.TC                   99 (100%) ~     0 (  0)
 6.5i   16000698: SNP.TG                    2 (  6%) ~     0 (  0)
 6.4i   16001739: SNP.AG                 1181 (100%) ~     0 (  0)
 6.4i   16001851: SNP.TG                 1143 (100%) ~     0 (  0)
 6.4i   16002274: DEL.A                    62 (  5%) ~     0 (  0)
 6.4i   16002302: SNP.AC                  102 (  8%) ~     0 (  0)
 6.2i   16004537: SNP.AG                   60 ( 50%) ~     0 (  0)
 6.2i   16005184: SNP.TC                    2 (100%) ~     0 (  0)
 6.1i   16006792: SNP.TA                    2 ( 15%) ~     0 (  0)
 6.1i   16006878: SNP.CT                    2 ( 22%) ~     0 (  0)
Removing 2     6.1e 16008387:SNP.AC
Removing 3     6.10e 15990430:SNP.CT
Removing 4     6.1e 16008387:SNP.AC,  6.10e 15990430:SNP.CT
Initial status
  CYP2D6.1
== Copy Number Estimator ==
CNV factor: 1.63263411652 (0.612507107305)
Coverage per region
  region:  2D6  2D7
  0i   :  1.93
  1e   :  2.10
  1i   :  2.12
  2e   :  1.99
  2i   :  1.95
  3e   :  1.85
  3i   :  1.81
  4e   :  1.92
  4i   :  1.99
  5e   :  1.85
  5i   :  1.72
  6e   :  2.11
  6i   :  2.01
  7e   :  1.73
  7i   :  1.78
  8e   :  1.82
  8i   :  2.21
  9e   :  1.73
  9i   :  1.96
  10e  :  2.21
  10i  :  2.11
  11e  :  1.81
  11i  :  1.93
  12e  :  1.69
Max. CN = 2
M  Sentinel contraint for 1: A_1^ <= A_1
M  Contraint for 7e: 1.72519045005 == E_7e + <gurobi.LinExpr: A1 + A1^>
M  Contraint for 6e: 2.11180895786 == E_6e + <gurobi.LinExpr: A1 + A1^>
M  Contraint for 9e: 1.73029389718 == E_9e + <gurobi.LinExpr: A1 + A1^>
M  Contraint for 8e: 1.81773494332 == E_8e + <gurobi.LinExpr: A1 + A1^>
M  Contraint for 2e: 1.99350777885 == E_2e + <gurobi.LinExpr: A1 + A1^>
M  Contraint for 1e: 2.09902261795 == E_1e + <gurobi.LinExpr: A1 + A1^>
M  Contraint for 5e: 1.84739285854 == E_5e + <gurobi.LinExpr: A1 + A1^>
M  Contraint for 4e: 1.91963426283 == E_4e + <gurobi.LinExpr: A1 + A1^>
M  Contraint for 3e: 1.84773055261 == E_3e + <gurobi.LinExpr: A1 + A1^>
M  Objective: <gurobi.LinExpr: C11 + C12 + C13 + C14 + C15 + C16 + C17 + C18 + C19 + 0.5 A1 + 0.5 A1^>
CN Solver status: optimal, opt: 2.32934683242
  Solutions:
    ('1', '1^')
== Initial Solver ==
Solving Counter({'1': 2})
Possible candidates:
  CYP2D6.1
M  Max. CN for 1 = 2
M  CN contraint for 1: 2 == <gurobi.LinExpr: 1 + 1_2>
M  Sentinel contraint for 1: A_1_2 <= A_1
M  Objective: 0
CN Solver status: optimal, opt: 0.0
  solution:
    ('1', '1')
[32;01mCopy number best structures:[39;49;00m
[32;01m  (1) 2x*1-like[39;49;00m
== Refiner ==
Refining ('1', '1')
M  Sentinel constraint for 1: A_1_2 <= A_1
M  CN constraint for 1: 2 == <gurobi.LinExpr: 1 + 1_2>
M  Objective: <gurobi.LinExpr: W>
CN Solver status: optimal, opt: 0.0
  1: 1
  1_2: 1
Missing:
  1: 1
  1_2: 1
Extra:
  1: 1
  1_2: 1
Time needed: (15.4)
Result is: [('1', '1')]
