SAM file: bams/NA12399.bam
File bams/NA12399.bam has index
Coverage is 762.87461706
== Allele Filter ==
Refining indel 42524213:INS.g: from 4 of 1088.0 to 6 (indel:total = 4:638)
Refining indel 42527886:INS.t: from 27 of 676.0 to 49 (indel:total = 27:369)
 6.rep  42521623: SNP.CG                   38 (  5%) ~    38 (100)
 6.rep  42521628: SNP.TG                   57 (  8%) ~    45 ( 79)
 6.rep  42521638: SNP.TG                   51 (  7%) ~    38 ( 75)
 6.rep  42521648: SNP.TG                   71 (  9%) ~    42 ( 59)
 6.rep  42521658: SNP.TG                   45 (  5%) ~    12 ( 27)
 6.ins  42522137: INS.tgt                 608 ( 86%) ~    28 (  5)
 6.ins  42522497: SNP.GA                  170 ( 17%) ~   170 (100)
 6.7i   42523240: SNP.GA                   74 (  7%) ~    70 ( 95)
 6.7i   42523247: INS.t                    64 (  6%) ~    63 ( 98)
 6.7i   42523308: SNP.CT                   80 (  7%) ~    46 ( 58)
 6.7i   42523314: SNP.TC                  114 ( 10%) ~    49 ( 43)
 6.7i   42523408: SNP.TG     3384:A>C     749 ( 42%) ~   154 ( 21)
 6.7e   42523504: SNP.CT     3288:G>A     131 ( 12%) ~    32 ( 24)
 6.7e   42523513: SNP.CT                  115 ( 10%) ~    42 ( 37)
 6.7e   42523538: SNP.AG     3254:T>C      99 (  9%) ~    48 ( 48)
 6.5i   42524079: SNP.TG                  116 (  9%) ~     1 (  1)
 6.5i   42524142: SNP.AC                   68 (  5%) ~     0 (  0)
 6.4i   42524707: SNP.TC                  503 ( 30%) ~    50 ( 10)
 6.4i   42524712: SNP.CG                  536 ( 32%) ~    49 (  9)
 6.4i   42524742: SNP.GA                  662 ( 39%) ~    70 ( 11)
 6.4e   42524794: SNP.AG                  736 ( 43%) ~    78 ( 11)
 6.4e   42524923: SNP.AG     1869:T>C     225 ( 22%) ~    68 ( 30)
 6.3i   42524974: SNP.CT                  102 ( 12%) ~    41 ( 40)
 6.3i   42524981: SNP.CT                   92 ( 11%) ~    39 ( 42)
 6.2i   42525504: SNP.CG                  827 (100%) ~     0 (  0)
 6.2i   42525505: SNP.GC                  834 (100%) ~     0 (  0)
 6.2i   42525624: SNP.CT                  976 (100%) ~     0 (  0)
 6.2e   42525792: SNP.TG                   50 (  7%) ~     0 (  0)
 6.2e   42525799: SNP.TG                   36 (  5%) ~     0 (  0)
 6.0i   42527470: SNP.CT     -678:G>A     189 ( 19%) ~   188 ( 99)
 6.0i   42527886: INS.t      -1094:insA    49 (  7%) ~     0 (  0)
 6.0i   42527955: SNP.AC                   20 (  7%) ~     0 (  0)
 6.0i   42527975: SNP.TG                   60 ( 22%) ~     0 (  0)
 6.0i   42527978: SNP.AC                   30 ( 11%) ~     0 (  0)
 6.0i   42527978: SNP.AG                   45 ( 16%) ~     0 (  0)
 6.0i   42527984: SNP.TC                   45 ( 16%) ~     0 (  0)
 6.0i   42527985: SNP.GC                   32 ( 12%) ~     0 (  0)
 6.0i   42527988: SNP.TC                   76 ( 28%) ~     0 (  0)
 6.0i   42527994: SNP.GA                   21 (  9%) ~     0 (  0)
 6.0i   42527995: SNP.TA                   13 (  5%) ~     0 (  0)
 6.0i   42527995: SNP.TG                   22 (  9%) ~     0 (  0)
 6.0i   42527996: SNP.AG                   13 (  5%) ~     0 (  0)
 6.0i   42527998: SNP.CG                   23 ( 10%) ~     0 (  0)
 6.0i   42527999: SNP.TG                   26 ( 11%) ~     0 (  0)
 6.0i   42528003: SNP.AG                   39 ( 17%) ~     0 (  0)
 6.0i   42528005: SNP.TC                   13 (  6%) ~     0 (  0)
 6.0i   42528012: SNP.AC                   83 ( 39%) ~     0 (  0)
 6.0i   42528015: SNP.AC                   94 ( 44%) ~     0 (  0)
 6.0i   42528019: SNP.AC                   48 ( 24%) ~     0 (  0)
 6.0i   42528020: SNP.GC                   19 ( 10%) ~     0 (  0)
 6.0i   42528023: SNP.TC                   16 (  9%) ~     0 (  0)
 6.0i   42528026: DEL.TTCTTT                8 (  5%) ~     0 (  0)
 6.0i   42528026: DEL.TTCTTTT                9 (  6%) ~     0 (  0)
 6.0i   42528026: DEL.TTCT                 13 (  9%) ~     0 (  0)
 6.0i   42528026: DEL.TTCTT                15 ( 10%) ~     0 (  0)
 6.0i   42528027: SNP.TC     -1235:A>G      7 (  6%) ~     0 (  0)
 6.0i   42528027: DEL.TC                   26 ( 24%) ~     0 (  0)
 7.rep  42531699: SNP.CT                  468 (100%) ~   223 ( 48)
 7.rep  42531791: SNP.TC                  532 (100%) ~   411 ( 77)
 7.rep  42532266: SNP.TC                  704 (100%) ~   703 (100)
 7.rep  42532958: SNP.AG                  633 (100%) ~   633 (100)
 7.rep  42533779: SNP.CG                   41 (  8%) ~    41 (100)
 7.rep  42533784: SNP.TG                   42 (  9%) ~    36 ( 86)
 7.rep  42533790: SNP.AG                   27 (  6%) ~    24 ( 89)
 7.rep  42533794: SNP.TG                   30 (  7%) ~    27 ( 90)
 7.rep  42533800: SNP.AG                   39 (  9%) ~    38 ( 97)
 7.rep  42533804: SNP.TG                   58 ( 14%) ~    52 ( 90)
 7.rep  42533810: SNP.AG                   29 (  7%) ~    29 (100)
 7.rep  42533904: SNP.AG                  221 (100%) ~     0 (  0)
 7.rep  42534050: SNP.AG                  718 (100%) ~     3 (  0)
 7.rep  42534074: SNP.GA                  793 (100%) ~     1 (  0)
 7.pce  42534125: SNP.GT                  617 (100%) ~     0 (  0)
 7.pce  42534147: SNP.CT                  506 (100%) ~     0 (  0)
 7.pce  42534275: SNP.CG                  228 (100%) ~     0 (  0)
 7.pce  42534392: SNP.CG                    9 (  6%) ~     0 (  0)
 7.pce  42534393: SNP.TG                    8 (  5%) ~     0 (  0)
 7.pce  42534396: SNP.TG                   26 ( 18%) ~     0 (  0)
 7.pce  42534398: SNP.CG                   11 (  8%) ~     0 (  0)
 7.pce  42534400: SNP.TC                    9 (  6%) ~     0 (  0)
 7.pce  42534409: SNP.AC                   16 ( 12%) ~     0 (  0)
 7.pce  42534415: SNP.TG                    9 (  7%) ~     0 (  0)
 7.pce  42534522: SNP.AC                   11 (  5%) ~     0 (  0)
 7.pce  42534599: SNP.TC                  193 (100%) ~     0 (  0)
 7.pce  42534681: SNP.TC                  119 (100%) ~     0 (  0)
 7.pce  42534864: DEL.TG                   36 (100%) ~     0 (  0)
 7.ins  42535817: SNP.AG                  204 ( 16%) ~    17 (  8)
 7.ins  42536210: SNP.GA                  942 ( 74%) ~   201 ( 21)
 7.9e   42536410: SNP.TG                   83 ( 12%) ~     0 (  0)
 7.8e   42536652: SNP.TC                  259 ( 19%) ~   188 ( 73)
 7.7i   42536923: SNP.CT                   96 (  9%) ~    60 ( 62)
 7.7i   42537114: SNP.CT                  285 (100%) ~   134 ( 47)
 7.7i   42537119: INS.a                   273 ( 88%) ~   133 ( 49)
 7.7i   42537126: SNP.AG                  314 (100%) ~   131 ( 42)
 7.7e   42537195: SNP.TC                  800 (100%) ~    24 (  3)
 7.6i   42537403: SNP.GC                  863 (100%) ~     2 (  0)
 7.6e   42537596: SNP.AG                  853 (100%) ~     0 (  0)
 7.5i   42537781: SNP.TG                   89 (  7%) ~     1 (  1)
 7.5i   42537844: SNP.AC                   75 (  6%) ~     0 (  0)
 7.5e   42538028: SNP.AG                 1083 (100%) ~     5 (  0)
 7.4i   42538102: SNP.TC                 1053 (100%) ~    11 (  1)
 7.4i   42538228: SNP.GA                 1174 (100%) ~    27 (  2)
 7.4i   42538398: SNP.CT                  608 (100%) ~    57 (  9)
 7.4i   42538461: SNP.AG                  150 ( 97%) ~    70 ( 47)
 7.4i   42538466: SNP.CT                   21 ( 21%) ~     6 ( 29)
 7.4i   42538466: INS.t                    73 ( 74%) ~    50 ( 68)
 7.4i   42538469: SNP.TC                   47 ( 38%) ~    20 ( 43)
 7.4i   42538469: INS.cgg                  72 ( 58%) ~    50 ( 69)
 7.4i   42538470: INS.ctctc                72 ( 54%) ~    50 ( 69)
 7.4e   42538617: SNP.AG                  556 ( 86%) ~    99 ( 18)
 7.3i   42538668: SNP.CT                  600 ( 97%) ~    57 ( 10)
 7.3i   42538703: SNP.GT                  577 (100%) ~    47 (  8)
 7.3e   42538875: SNP.AT                  502 (100%) ~     2 (  0)
 7.2i   42538896: SNP.AG                  509 (100%) ~     0 (  0)
 7.2e   42539463: SNP.TG                   44 ( 10%) ~     0 (  0)
 7.2e   42539485: SNP.TG                   32 (  8%) ~     0 (  0)
 7.1i   42539622: SNP.CA                  958 (100%) ~   750 ( 78)
 7.1i   42539719: SNP.CG                 1010 (100%) ~   906 ( 90)
 7.1i   42540215: SNP.AG                  609 ( 46%) ~     4 (  1)
 7.1e   42540367: SNP.TG                   54 (  6%) ~     0 (  0)
 7.0i   42540550: SNP.AG                  894 (100%) ~     4 (  0)
 7.0i   42541142: SNP.TC                  355 ( 25%) ~   355 (100)
 7.0i   42541201: SNP.CT                  217 ( 18%) ~   217 (100)
 7.0i   42541348: SNP.GA                  895 (100%) ~     0 (  0)
 7.0i   42542291: INS.a                     6 (  6%) ~     0 (  0)
 7.0i   42542869: SNP.GA                  630 (100%) ~     0 (  0)
 7.0i   42543016: SNP.AC                  149 ( 93%) ~     0 (  0)
 7.0i   42543023: SNP.GA                    8 (  5%) ~     0 (  0)
 7.0i   42543027: SNP.GA                   14 (  9%) ~     0 (  0)
 7.0i   42543031: SNP.TA                   10 (  7%) ~     0 (  0)
 7.0i   42543036: SNP.TA                   13 (  9%) ~     0 (  0)
 7.0i   42543039: SNP.TA                   12 (  8%) ~     0 (  0)
 7.0i   42543043: SNP.AC                   20 ( 14%) ~     0 (  0)
 7.0i   42543047: SNP.GA                   16 ( 12%) ~     0 (  0)
 7.0i   42543049: SNP.GA                   17 ( 12%) ~     0 (  0)
 7.0i   42543054: SNP.TA                   16 ( 12%) ~     0 (  0)
 7.0i   42543056: SNP.AC                   21 ( 15%) ~     0 (  0)
 7.0i   42543069: SNP.GA                   11 (  9%) ~     0 (  0)
 7.0i   42543073: SNP.GA                   22 ( 19%) ~     0 (  0)
 7.0i   42543075: SNP.CA                   21 ( 20%) ~     0 (  0)
 7.0i   42543078: SNP.GA                    9 (  9%) ~     0 (  0)
 7.0i   42543079: SNP.GA                   11 ( 11%) ~     0 (  0)
 7.0i   42543094: SNP.GA                   34 ( 32%) ~     0 (  0)
 7.0i   42543096: SNP.GA                   29 ( 27%) ~     0 (  0)
 7.0i   42543099: SNP.GA                   31 ( 27%) ~     0 (  0)
 7.0i   42543104: SNP.CA                   18 ( 14%) ~     0 (  0)
 7.0i   42543109: SNP.CA                   24 ( 18%) ~     0 (  0)
 7.0i   42543112: SNP.TG                   33 ( 25%) ~     0 (  0)
 7.0i   42543114: SNP.AG                    8 (  6%) ~     0 (  0)
 7.0i   42543115: SNP.GA                   22 ( 16%) ~     0 (  0)
 7.0i   42543120: SNP.GA                   33 ( 25%) ~     0 (  0)
 7.0i   42543124: SNP.TA                   31 ( 23%) ~     0 (  0)
 7.0i   42543127: SNP.CA                   33 ( 23%) ~     0 (  0)
 7.0i   42543132: SNP.TA                   25 ( 18%) ~     0 (  0)
 7.0i   42543134: SNP.GA                    8 (  6%) ~     0 (  0)
 7.0i   42543135: SNP.CA                   14 ( 10%) ~     0 (  0)
 7.0i   42543141: SNP.TA                   22 ( 15%) ~     0 (  0)
 7.0i   42543145: SNP.TC                   16 ( 10%) ~     0 (  0)
 7.0i   42543159: SNP.TA                   12 (  6%) ~     0 (  0)
 7.0i   42543162: SNP.TA                   12 (  6%) ~     0 (  0)
 7.0i   42543287: SNP.AG                  303 (100%) ~     0 (  0)
 7.0i   42543446: SNP.TC                  104 (100%) ~     0 (  0)
 7.0i   42543447: SNP.GA                  102 ( 97%) ~     0 (  0)
 7.0i   42543450: SNP.GA                   98 (100%) ~     0 (  0)
 7.0i   42544049: SNP.GA                  465 (100%) ~     0 (  0)
 7.0i   42544515: DEL.ACAC                 66 ( 19%) ~     0 (  0)
 7.0i   42544515: DEL.AC                  157 ( 45%) ~     0 (  0)
Removing 10B   6.1e 42526693:SNP.GA,  6.9e 42522612:SNP.CG
Removing 10A   6.1e 42526693:SNP.GA,  6.9e 42522612:SNP.CG
Removing 10D   6.1e 42526693:SNP.GA,  6.9e 42522612:SNP.CG
Removing 10DW  6.1e 42526693:SNP.GA,  6.9e 42522612:SNP.CG
Removing 10BW  6.1e 42526693:SNP.GA,  6.9e 42522612:SNP.CG
Removing 10AW  6.1e 42526693:SNP.GA,  6.9e 42522612:SNP.CG
Removing 100   6.1e 42526693:SNP.GA,  6.6e 42523964:DEL.G,  6.9e 42522612:SNP.CG
Removing 101   6.1e 42526693:SNP.GA,  6.6e 42523847:DEL.CACATCCGGATGTAGGATC,  6.9e 42522612:SNP.CG
Removing 102   6.2e 42525822:SNP.GA,  6.6e 42523942:SNP.GA,  6.9e 42522612:SNP.CG
Removing 103   6.2e 42525822:SNP.GA,  6.6e 42523942:SNP.GA,  6.9e 42522612:SNP.CG
Removing 104   6.3e 42525072:SNP.TA,  6.6e 42523942:SNP.GA,  6.9e 42522612:SNP.CG
Removing 105   6.6e 42523942:SNP.GA,  6.7e 42523524:SNP.AG,  6.9e 42522612:SNP.CG
Removing 107   6.3e 42525133:SNP.CT
Removing 108   6.7e 42523566:SNP.TC,  6.7e 42523557:SNP.TC
Removing 109   6.5e 42524175:DEL.CTT,  6.7e 42523609:SNP.CT
Removing 11W   6.1i 42525911:SNP.CG,  6.6e 42523942:SNP.GA,  6.9e 42522612:SNP.CG,  6.0i 42528381:SNP.GC
Removing 11    6.1i 42525911:SNP.CG,  6.6e 42523942:SNP.GA,  6.9e 42522612:SNP.CG
Removing 12    6.1e 42526669:SNP.CT,  6.6e 42523942:SNP.GA,  6.9e 42522612:SNP.CG
Removing 14BW  6.3e 42525034:SNP.CT,  6.6e 42523942:SNP.GA,  6.9e 42522612:SNP.CG,  6.0i 42528381:SNP.GC
Removing 14AW  6.1e 42526693:SNP.GA,  6.3e 42525034:SNP.CT,  6.6e 42523942:SNP.GA,  6.9e 42522612:SNP.CG,  6.0i 42528381:SNP.GC
Removing 14B   6.3e 42525034:SNP.CT,  6.6e 42523942:SNP.GA,  6.9e 42522612:SNP.CG
Removing 14A   6.1e 42526693:SNP.GA,  6.3e 42525034:SNP.CT,  6.6e 42523942:SNP.GA,  6.9e 42522612:SNP.CG
Removing 15    6.1e 42526656:INS.a
Removing 17    6.2e 42525771:SNP.GA,  6.6e 42523942:SNP.GA,  6.9e 42522612:SNP.CG
Removing 17W   6.2e 42525771:SNP.GA,  6.6e 42523942:SNP.GA,  6.9e 42522612:SNP.CG
Removing 18    6.9e 42522667:INS.agtgggcac
Removing 19    6.5e 42524250:DEL.AGTT,  6.6e 42523942:SNP.GA,  6.9e 42522612:SNP.CG
Removing 2KW   6.6e 42523942:SNP.GA,  6.9e 42522612:SNP.CG,  6.0i 42528381:SNP.GC
Removing 2D    6.6e 42523942:SNP.GA,  6.9e 42522612:SNP.CG
Removing 2E    6.6e 42523942:SNP.GA,  6.9e 42522612:SNP.CG
Removing 2F    6.6e 42523942:SNP.GA,  6.9e 42522612:SNP.CG
Removing 2G    6.6e 42523942:SNP.GA,  6.9e 42522612:SNP.CG
Removing 2A    6.0i 42528381:SNP.GC,  6.6e 42523942:SNP.GA,  6.9e 42522612:SNP.CG
Removing 2B    6.6e 42523942:SNP.GA,  6.9e 42522612:SNP.CG
Removing 2C    6.6e 42523942:SNP.GA,  6.9e 42522612:SNP.CG
Removing 2L    6.6e 42523942:SNP.GA,  6.9e 42522612:SNP.CG
Removing 2M    6.6e 42523942:SNP.GA,  6.9e 42522612:SNP.CG
Removing 2H    6.6e 42523942:SNP.GA,  6.9e 42522612:SNP.CG
Removing 2K    6.6e 42523942:SNP.GA,  6.9e 42522612:SNP.CG
Removing 2CW   6.6e 42523942:SNP.GA,  6.9e 42522612:SNP.CG,  6.0i 42528381:SNP.GC
Removing 2AW   6.0i 42528381:SNP.GC,  6.6e 42523942:SNP.GA,  6.9e 42522612:SNP.CG
Removing 2FW   6.6e 42523942:SNP.GA,  6.9e 42522612:SNP.CG,  6.0i 42528381:SNP.GC
Removing 2HW   6.6e 42523942:SNP.GA,  6.9e 42522612:SNP.CG,  6.0i 42528381:SNP.GC
Removing 2DW   6.6e 42523942:SNP.GA,  6.9e 42522612:SNP.CG,  6.0i 42528381:SNP.GC
Removing 2GW   6.6e 42523942:SNP.GA,  6.9e 42522612:SNP.CG,  6.0i 42528381:SNP.GC
Removing 2MW   6.6e 42523942:SNP.GA,  6.9e 42522612:SNP.CG,  6.0i 42528381:SNP.GC
Removing 2BW   6.6e 42523942:SNP.GA,  6.9e 42522612:SNP.CG,  6.0i 42528381:SNP.GC
Removing 2LW   6.6e 42523942:SNP.GA,  6.9e 42522612:SNP.CG,  6.0i 42528381:SNP.GC
Removing 2EW   6.6e 42523942:SNP.GA,  6.9e 42522612:SNP.CG,  6.0i 42528381:SNP.GC
Removing 20    6.4e 42524819:INS.c,  6.4e 42524814:SNP.GA,  6.4e 42524813:SNP.AG,  6.6e 42523942:SNP.GA,  6.9e 42522612:SNP.CG
Removing 21B   6.0i 42528381:SNP.GC,  6.5e 42524213:INS.g,  6.6e 42523942:SNP.GA,  6.9e 42522612:SNP.CG
Removing 21A   6.0i 42528381:SNP.GC,  6.5e 42524213:INS.g,  6.6e 42523942:SNP.GA,  6.9e 42522612:SNP.CG
Removing 22    6.1e 42526711:SNP.GA
Removing 23    6.2e 42525837:SNP.GA
Removing 24    6.6e 42523939:SNP.TG
Removing 25    6.7e 42523594:SNP.GC
Removing 26    6.7e 42523515:SNP.AG
Removing 27    6.8e 42522939:SNP.CT
Removing 28    6.1e 42526774:SNP.CT,  6.3e 42525088:SNP.GC,  6.6e 42523942:SNP.GA,  6.9e 42522612:SNP.CG
Removing 28W   6.1e 42526774:SNP.CT,  6.3e 42525088:SNP.GC,  6.6e 42523942:SNP.GA,  6.9e 42522612:SNP.CG,  6.0i 42528381:SNP.GC
Removing 29    6.3e 42525133:SNP.CT,  6.6e 42523942:SNP.GA,  6.7e 42523609:SNP.CT,  6.9e 42522612:SNP.CG
Removing 3B    6.5e 42524243:DEL.T
Removing 3A    6.5e 42524243:DEL.T
Removing 30    6.4e 42524929:INS.ggggcgaaa,  6.6e 42523942:SNP.GA,  6.9e 42522612:SNP.CG
Removing 31    6.0i 42528381:SNP.GC,  6.6e 42523942:SNP.GA,  6.9e 42522750:SNP.CT,  6.9e 42522612:SNP.CG
Removing 32    6.6e 42523942:SNP.GA,  6.8e 42522939:SNP.CT,  6.9e 42522612:SNP.CG
Removing 33    6.5e 42524309:SNP.CA
Removing 34    6.6e 42523942:SNP.GA
Removing 35B   6.0i 42528381:SNP.GC,  6.1e 42526762:SNP.CT,  6.6e 42523942:SNP.GA,  6.9e 42522612:SNP.CG
Removing 35A   6.0i 42528381:SNP.GC,  6.1e 42526762:SNP.CT,  6.6e 42523942:SNP.GA,  6.9e 42522612:SNP.CG
Removing 36    6.1e 42526693:SNP.GA
Removing 37    6.1e 42526693:SNP.GA,  6.4e 42524849:SNP.CT,  6.9e 42522612:SNP.CG
Removing 38    6.5e 42524202:DEL.AGTC
Removing 39    6.9e 42522612:SNP.CG
Removing 4GW   6.1e 42526693:SNP.GA,  6.2e 42525820:SNP.GT,  6.2e 42525810:SNP.TC,  6.3i 42524946:SNP.CT,  6.6e 42523854:SNP.GA,  6.9e 42522612:SNP.CG
Removing 4HW   6.1e 42526693:SNP.GA,  6.2e 42525820:SNP.GT,  6.2e 42525810:SNP.TC,  6.3i 42524946:SNP.CT,  6.8e 42522915:SNP.CG,  6.9e 42522612:SNP.CG
Removing 4FW   6.1e 42526693:SNP.GA,  6.2e 42525820:SNP.GT,  6.2e 42525810:SNP.TC,  6.3i 42524946:SNP.CT,  6.4e 42524934:SNP.GA,  6.9e 42522612:SNP.CG
Removing 4KW   6.1e 42526693:SNP.GA,  6.3i 42524946:SNP.CT,  6.6e 42523942:SNP.GA,  6.9e 42522612:SNP.CG
Removing 4AW   6.1e 42526693:SNP.GA,  6.2e 42525820:SNP.GT,  6.2e 42525810:SNP.TC,  6.3i 42524946:SNP.CT,  6.9e 42522612:SNP.CG
Removing 4N    6.1e 42526693:SNP.GA,  6.2e 42525820:SNP.GT,  6.2e 42525810:SNP.TC,  6.3i 42524946:SNP.CT
Removing 4M    6.2e 42525820:SNP.GT,  6.2e 42525810:SNP.TC,  6.3i 42524946:SNP.CT
Removing 4J    6.1e 42526693:SNP.GA,  6.2e 42525820:SNP.GT,  6.2e 42525810:SNP.TC,  6.3i 42524946:SNP.CT
Removing 4K    6.1e 42526693:SNP.GA,  6.3i 42524946:SNP.CT,  6.6e 42523942:SNP.GA,  6.9e 42522612:SNP.CG
Removing 4H    6.1e 42526693:SNP.GA,  6.2e 42525820:SNP.GT,  6.2e 42525810:SNP.TC,  6.3i 42524946:SNP.CT,  6.8e 42522915:SNP.CG,  6.9e 42522612:SNP.CG
Removing 4CW   6.1e 42526693:SNP.GA,  6.3i 42524946:SNP.CT,  6.8e 42522905:SNP.AG,  6.9e 42522612:SNP.CG
Removing 4D    6.1e 42526693:SNP.GA,  6.3i 42524946:SNP.CT,  6.9e 42522612:SNP.CG
Removing 4LW   6.1e 42526693:SNP.GA,  6.3i 42524946:SNP.CT,  6.9e 42522612:SNP.CG
Removing 4B    6.1e 42526693:SNP.GA,  6.2e 42525820:SNP.GT,  6.2e 42525810:SNP.TC,  6.3i 42524946:SNP.CT,  6.9e 42522612:SNP.CG
Removing 4A    6.1e 42526693:SNP.GA,  6.2e 42525820:SNP.GT,  6.2e 42525810:SNP.TC,  6.3i 42524946:SNP.CT,  6.9e 42522612:SNP.CG
Removing 4BW   6.1e 42526693:SNP.GA,  6.2e 42525820:SNP.GT,  6.2e 42525810:SNP.TC,  6.3i 42524946:SNP.CT,  6.9e 42522612:SNP.CG
Removing 4JW   6.1e 42526693:SNP.GA,  6.2e 42525820:SNP.GT,  6.2e 42525810:SNP.TC,  6.3i 42524946:SNP.CT
Removing 4L    6.1e 42526693:SNP.GA,  6.3i 42524946:SNP.CT,  6.9e 42522612:SNP.CG
Removing 4EW   6.1e 42526693:SNP.GA,  6.3i 42524946:SNP.CT,  6.9e 42522612:SNP.CG
Removing 4P    6.1e 42526693:SNP.GA,  6.2e 42525820:SNP.GT,  6.2e 42525810:SNP.TC,  6.3i 42524946:SNP.CT,  6.5e 42524216:SNP.GA,  6.9e 42522612:SNP.CG
Removing 4F    6.1e 42526693:SNP.GA,  6.2e 42525820:SNP.GT,  6.2e 42525810:SNP.TC,  6.3i 42524946:SNP.CT,  6.4e 42524934:SNP.GA,  6.9e 42522612:SNP.CG
Removing 4G    6.1e 42526693:SNP.GA,  6.2e 42525820:SNP.GT,  6.2e 42525810:SNP.TC,  6.3i 42524946:SNP.CT,  6.6e 42523854:SNP.GA,  6.9e 42522612:SNP.CG
Removing 4E    6.1e 42526693:SNP.GA,  6.3i 42524946:SNP.CT,  6.9e 42522612:SNP.CG
Removing 4DW   6.1e 42526693:SNP.GA,  6.3i 42524946:SNP.CT,  6.9e 42522612:SNP.CG
Removing 4C    6.1e 42526693:SNP.GA,  6.3i 42524946:SNP.CT,  6.8e 42522905:SNP.AG,  6.9e 42522612:SNP.CG
Removing 40    6.2e 42525771:SNP.GA,  6.4e 42524929:INS.ggggcgaaaggggcgaaa,  6.6e 42523942:SNP.GA,  6.9e 42522612:SNP.CG
Removing 41    6.6e 42523942:SNP.GA,  6.6i 42523804:SNP.CT,  6.9e 42522612:SNP.CG
Removing 42    6.6e 42523942:SNP.GA,  6.7e 42523533:INS.ac,  6.9e 42522612:SNP.CG
Removing 43    6.1e 42526716:SNP.CT
Removing 44    6.1e 42526711:SNP.GA,  6.6i 42523842:SNP.CG
Removing 45A   6.3e 42525076:SNP.CT,  6.6e 42523942:SNP.GA,  6.9e 42522612:SNP.CG
Removing 45B   6.3e 42525076:SNP.CT,  6.6e 42523942:SNP.GA,  6.9e 42522612:SNP.CG
Removing 46    6.1e 42526716:SNP.CT,  6.3e 42525076:SNP.CT,  6.6e 42523942:SNP.GA,  6.9e 42522612:SNP.CG
Removing 47    6.1e 42526720:SNP.GA,  6.1e 42526693:SNP.GA,  6.9e 42522612:SNP.CG
Removing 48    6.2e 42525822:SNP.GA
Removing 49    6.1e 42526693:SNP.GA,  6.3e 42525181:SNP.AT,  6.9e 42522612:SNP.CG
Removing 50    6.3e 42525072:SNP.TG
Removing 51    6.0i 42528381:SNP.GC,  6.6e 42523942:SNP.GA,  6.7e 42523620:SNP.TG,  6.9e 42522612:SNP.CG
Removing 52    6.1e 42526693:SNP.GA,  6.8e 42522915:SNP.CT,  6.9e 42522612:SNP.CG
Removing 53    6.3e 42525181:SNP.AT,  6.3e 42525175:SNP.CA
Removing 54    6.1e 42526693:SNP.GA,  6.5e 42524236:SNP.GA,  6.9e 42522612:SNP.CG
Removing 55    6.6e 42523942:SNP.GA,  6.8e 42522957:SNP.TG,  6.9e 42522612:SNP.CG
Removing 56A   6.0i 42528381:SNP.GC,  6.6e 42523942:SNP.GA,  6.7e 42523591:SNP.GA,  6.9e 42522612:SNP.CG
Removing 56B   6.1e 42526693:SNP.GA,  6.7e 42523591:SNP.GA,  6.9e 42522612:SNP.CG
Removing 57    6.1e 42526693:SNP.GA,  6.2e 42525907:SNP.GA
Removing 58    6.2e 42525771:SNP.GA,  6.4e 42524929:INS.ggggcgaaa,  6.6e 42523942:SNP.GA,  6.9e 42522612:SNP.CG
Removing 59    6.6e 42523942:SNP.GA,  6.6e 42523853:SNP.CT,  6.9e 42522612:SNP.CG
Removing 6A    6.3e 42525085:DEL.A
Removing 6B    6.3e 42525085:DEL.A,  6.4e 42524816:SNP.CT
Removing 6C    6.3e 42525085:DEL.A,  6.4e 42524816:SNP.CT,  6.9e 42522612:SNP.CG
Removing 6D    6.3e 42525085:DEL.A
Removing 60    6.4e 42524905:INS.ta
Removing 62    6.9e 42522748:SNP.GA
Removing 63    6.0i 42528381:SNP.GC,  6.6e 42523942:SNP.GA
Removing 64    6.1e 42526693:SNP.GA,  6.2e 42525771:SNP.GA,  6.9e 42522612:SNP.CG
Removing 65    6.1e 42526693:SNP.GA,  6.6e 42523942:SNP.GA,  6.9e 42522612:SNP.CG
Removing 68    6.1e 42526693:SNP.GA
Removing 69    6.1e 42526693:SNP.GA,  6.6e 42523942:SNP.GA,  6.6i 42523804:SNP.CT,  6.9e 42522612:SNP.CG
Removing 7     6.6e 42523857:SNP.TG
Removing 70    6.3e 42525184:SNP.CT,  6.3e 42525133:SNP.CT,  6.7e 42523609:SNP.CT,  6.9e 42522612:SNP.CG
Removing 71    6.0i 42528381:SNP.GC,  6.1e 42526668:SNP.CT
Removing 72    6.1e 42526693:SNP.GA,  6.7e 42523474:SNP.CT,  6.9e 42522612:SNP.CG
Removing 73    6.2e 42525781:SNP.CT,  6.6e 42523942:SNP.GA,  6.9e 42522612:SNP.CG
Removing 74    6.2e 42525820:SNP.GT
Removing 75    6.9e 42522747:SNP.CT
Removing 8     6.3e 42525034:SNP.CA,  6.6e 42523942:SNP.GA,  6.9e 42522612:SNP.CG
Removing 81    6.5e 42524213:SNP.GA,  6.5e 42524186:SNP.CT,  6.5e 42524182:SNP.AT
Removing 82    6.2e 42525820:SNP.GT,  6.2e 42525810:SNP.TC,  6.2e 42525780:SNP.AG,  6.2e 42525772:SNP.TA,  6.2e 42525771:SNP.GT,  6.2e 42525766:SNP.TC
Removing 84    6.5e 42524218:SNP.GT,  6.6e 42523942:SNP.GA,  6.9e 42522612:SNP.CG
Removing 85    6.6e 42523942:SNP.GA,  6.9e 42522635:SNP.AC,  6.9e 42522612:SNP.CG
Removing 86    6.5e 42524186:SNP.CT,  6.5e 42524182:SNP.AT
Removing 87    6.1e 42526779:SNP.GA,  6.1e 42526693:SNP.GA,  6.9e 42522612:SNP.CG
Removing 88    6.2e 42525780:SNP.AG,  6.9e 42522612:SNP.CG
Removing 89    6.3e 42525114:SNP.AG
Removing 9     6.5e 42524175:DEL.CTT
Removing 90    6.3e 42525099:SNP.TC
Removing 91    6.3e 42525057:SNP.CG,  6.6e 42523942:SNP.GA,  6.6i 42523804:SNP.CT
Removing 92    6.4e 42524797:DEL.G
Removing 93    6.5e 42524273:SNP.TG
Removing 94B   6.1e 42526693:SNP.GA,  6.7e 42523611:SNP.TC,  6.9e 42522612:SNP.CG
Removing 94A   6.1e 42526693:SNP.GA,  6.7e 42523611:SNP.TC,  6.9e 42522612:SNP.CG
Removing 95    6.1e 42526693:SNP.GA,  6.7e 42523458:SNP.CT,  6.9e 42522612:SNP.CG
Removing 96    6.8e 42522897:SNP.GA
Removing 97    6.9e 42522698:SNP.GT
Removing 98    6.6e 42523942:SNP.GA,  6.9e 42522682:SNP.GC,  6.9e 42522612:SNP.CG
Initial status
  CYP2D6.1B
    6.8e           42522964:SNP.CT    0 (  0)   3828:G>A
  CYP2D6.1E
    6.4e           42524923:SNP.AG  225 ( 22)   1869:T>C
  CYP2D6.1C
    6.4e           42524814:SNP.GA    0 (  0)   1978:C>T
  CYP2D6.1D
    6.5e           42524217:SNP.GT    0 (  0)   2575:C>A
  CYP2D6.1
  CYP2D6.13$1
  CYP2D6.16$1
  CYP2D6.5
  CYP2D6.61
  CYP2D6.67$1
  CYP2D6.76$1
  CYP2D6.77$1
  CYP2D6.78$1
  CYP2D6.79$1
  CYP2D6.80$1
  CYP2D6.83
    6.1i           42525951:SNP.AC    0 (  0)   843:T>G
== Copy Number Estimator ==
CNV factor: 1.36803798756 (0.730973853865)
Coverage per region
  region:  2D6  2D7
  0i   :  1.99  2.00 
  1e   :  1.79  2.00 = -0.21
  1i   :  1.88  1.94 = -0.07
  2e   :  1.93  1.81 =  0.12
  2i   :  1.88  1.88 = -0.00
  3e   :  2.03  1.75 =  0.28
  3i   :  2.02  1.82 
  4e   :  1.84  1.87 
  4i   :  1.92  1.98 
  5e   :  1.94  2.15 = -0.22
  5i   :  2.05  2.04 =  0.01
  6e   :  1.87  2.02 = -0.15
  6i   :  1.97  1.99 = -0.03
  7e   :  1.80  2.47 
  7i   :  1.97  1.98 
  8e   :  2.17  1.92 
  8i   :  1.97  2.00 
  9e   :  2.12  1.99 =  0.14
  ins  :  2.11  2.04 
  pce  :  0.00  2.05 = -2.05
  rep  :  1.98  2.04 
Max. CN = 2
M  Sentinel contraint for 61: A_61^ <= A_61
M  Sentinel contraint for 67: A_67^ <= A_67
M  Sentinel contraint for 80: A_80^ <= A_80
M  Sentinel contraint for 1: A_1^ <= A_1
M  Sentinel contraint for 5: A_5^ <= A_5
M  Sentinel contraint for 77: A_77^ <= A_77
M  Sentinel contraint for 76: A_76^ <= A_76
M  Sentinel contraint for 79: A_79^ <= A_79
M  Sentinel contraint for 78: A_78^ <= A_78
M  Sentinel contraint for 13: A_13^ <= A_13
M  Sentinel contraint for 16: A_16^ <= A_16
M  Sentinel contraint for 36: A_36^ <= A_36
M  Sentinel contraint for 36: A_36_2 <= A_36
M  Contraint for 6e: -0.152310200863 == E_6e + <gurobi.LinExpr: 0.0 A5^ + -1.0 A5^ + A78^ + -0.0 A78^ + A1^ + -1.0 A1^ + A61 + -1.0 A61 + A80^ + -0.0 A80^ + A67 + -0.0 A67 + A80 + -0.0 A80 + A67^ + -0.0 A67^ + A61^ + -1.0 A61^ + 0.0 A77^ + -1.0 A77^ + A1 + -1.0 A1 + 0.0 A16^ + -1.0 A16^ + 0.0 A5 + -1.0 A5 + A36_2 + -0.0 A36_2 + A79^ + -0.0 A79^ + 0.0 A77 + -1.0 A77 + 0.0 A76 + -1.0 A76 + A79 + -0.0 A79 + A78 + -0.0 A78 + A36^ + -1.0 A36^ + A13 + -0.0 A13 + 0.0 A76^ + -1.0 A76^ + 0.0 A16 + -1.0 A16 + A36 + -1.0 A36 + A13^ + -0.0 A13^ + A1_2 + -0.0 A1_2>
M  Contraint for 5e: -0.215042063066 == E_5e + <gurobi.LinExpr: 0.0 A5^ + -1.0 A5^ + A78^ + -0.0 A78^ + A1^ + -1.0 A1^ + A61 + -1.0 A61 + A80^ + -0.0 A80^ + 0.5 A67 + -0.5 A67 + A80 + -0.0 A80 + 0.5 A67^ + -0.5 A67^ + A61^ + -1.0 A61^ + 0.0 A77^ + -1.0 A77^ + A1 + -1.0 A1 + 0.0 A16^ + -1.0 A16^ + 0.0 A5 + -1.0 A5 + A36_2 + -0.0 A36_2 + A79^ + -0.0 A79^ + 0.0 A77 + -1.0 A77 + 0.0 A76 + -1.0 A76 + A79 + -0.0 A79 + A78 + -0.0 A78 + A36^ + -1.0 A36^ + A13 + -0.0 A13 + 0.0 A76^ + -1.0 A76^ + 0.0 A16 + -1.0 A16 + A36 + -1.0 A36 + A13^ + -0.0 A13^ + A1_2 + -0.0 A1_2>
M  Contraint for 6i: -0.0259226579513 == E_6i + <gurobi.LinExpr: 0.0 A5^ + -1.0 A5^ + A78^ + -0.0 A78^ + A1^ + -1.0 A1^ + A61 + -1.0 A61 + A80^ + -0.0 A80^ + A67 + -0.0 A67 + A80 + -0.0 A80 + A67^ + -0.0 A67^ + A61^ + -1.0 A61^ + 0.0 A77^ + -1.0 A77^ + A1 + -1.0 A1 + 0.0 A16^ + -1.0 A16^ + 0.0 A5 + -1.0 A5 + A36_2 + -0.0 A36_2 + A79^ + -0.0 A79^ + 0.0 A77 + -1.0 A77 + 0.0 A76 + -1.0 A76 + A79 + -0.0 A79 + A78 + -0.0 A78 + A36^ + -1.0 A36^ + A13 + -0.0 A13 + 0.0 A76^ + -1.0 A76^ + 0.0 A16 + -1.0 A16 + A36 + -1.0 A36 + A13^ + -0.0 A13^ + A1_2 + -0.0 A1_2>
M  Contraint for 9e: 0.135939560059 == E_9e + <gurobi.LinExpr: 0.0 A5^ + -1.0 A5^ + A78^ + -0.0 A78^ + A1^ + -1.0 A1^ + 0.0 A61 + -2.0 A61 + A80^ + -0.0 A80^ + A67 + -0.0 A67 + A80 + -0.0 A80 + A67^ + -0.0 A67^ + 0.0 A61^ + -2.0 A61^ + A77^ + -0.0 A77^ + A1 + -1.0 A1 + A16^ + -0.0 A16^ + 0.0 A5 + -1.0 A5 + 0.0 A36_2 + -1.0 A36_2 + A79^ + -0.0 A79^ + A77 + -0.0 A77 + 0.5 A76 + -0.5 A76 + A79 + -0.0 A79 + A78 + -0.0 A78 + 0.0 A36^ + -2.0 A36^ + A13 + -0.0 A13 + 0.5 A76^ + -0.5 A76^ + A16 + -0.0 A16 + 0.0 A36 + -2.0 A36 + A13^ + -0.0 A13^ + A1_2 + -0.0 A1_2>
M  Contraint for 2e: 0.119431122007 == E_2e + <gurobi.LinExpr: 0.0 A5^ + -1.0 A5^ + 0.0 A78^ + -1.0 A78^ + A1^ + -1.0 A1^ + A61 + -1.0 A61 + 0.0 A80^ + -1.0 A80^ + 0.0 A67 + -1.0 A67 + 0.0 A80 + -1.0 A80 + 0.0 A67^ + -1.0 A67^ + A61^ + -1.0 A61^ + 0.0 A77^ + -1.0 A77^ + A1 + -1.0 A1 + 0.0 A16^ + -1.0 A16^ + 0.0 A5 + -1.0 A5 + A36_2 + -0.0 A36_2 + 0.5 A79^ + -0.5 A79^ + 0.0 A77 + -1.0 A77 + 0.0 A76 + -1.0 A76 + 0.5 A79 + -0.5 A79 + 0.0 A78 + -1.0 A78 + A36^ + -1.0 A36^ + A13 + -0.0 A13 + 0.0 A76^ + -1.0 A76^ + 0.0 A16 + -1.0 A16 + A36 + -1.0 A36 + A13^ + -0.0 A13^ + A1_2 + -0.0 A1_2>
M  Contraint for 1e: -0.21217260107 == E_1e + <gurobi.LinExpr: 0.0 A5^ + -1.0 A5^ + 0.0 A78^ + -1.0 A78^ + A1^ + -1.0 A1^ + A61 + -1.0 A61 + 0.0 A80^ + -1.0 A80^ + 0.0 A67 + -1.0 A67 + 0.0 A80 + -1.0 A80 + 0.0 A67^ + -1.0 A67^ + A61^ + -1.0 A61^ + 0.0 A77^ + -1.0 A77^ + A1 + -1.0 A1 + 0.0 A16^ + -1.0 A16^ + 0.0 A5 + -1.0 A5 + A36_2 + -0.0 A36_2 + 0.0 A79^ + -1.0 A79^ + 0.0 A77 + -1.0 A77 + 0.0 A76 + -1.0 A76 + 0.0 A79 + -1.0 A79 + 0.0 A78 + -1.0 A78 + A36^ + -1.0 A36^ + 0.0 A13 + -1.0 A13 + 0.0 A76^ + -1.0 A76^ + 0.0 A16 + -1.0 A16 + A36 + -1.0 A36 + 0.0 A13^ + -1.0 A13^ + A1_2 + -0.0 A1_2>
M  Contraint for 1i: -0.0664171177809 == E_1i + <gurobi.LinExpr: 0.0 A5^ + -1.0 A5^ + 0.0 A78^ + -1.0 A78^ + A1^ + -1.0 A1^ + A61 + -1.0 A61 + 0.0 A80^ + -1.0 A80^ + 0.0 A67 + -1.0 A67 + 0.0 A80 + -1.0 A80 + 0.0 A67^ + -1.0 A67^ + A61^ + -1.0 A61^ + 0.0 A77^ + -1.0 A77^ + A1 + -1.0 A1 + 0.0 A16^ + -1.0 A16^ + 0.0 A5 + -1.0 A5 + A36_2 + -0.0 A36_2 + 0.0 A79^ + -1.0 A79^ + 0.0 A77 + -1.0 A77 + 0.0 A76 + -1.0 A76 + 0.0 A79 + -1.0 A79 + 0.0 A78 + -1.0 A78 + A36^ + -1.0 A36^ + 0.5 A13 + -0.5 A13 + 0.0 A76^ + -1.0 A76^ + 0.0 A16 + -1.0 A16 + A36 + -1.0 A36 + 0.5 A13^ + -0.5 A13^ + A1_2 + -0.0 A1_2>
M  Contraint for 5i: 0.00939526301156 == E_5i + <gurobi.LinExpr: 0.0 A5^ + -1.0 A5^ + A78^ + -0.0 A78^ + A1^ + -1.0 A1^ + A61 + -1.0 A61 + A80^ + -0.0 A80^ + A67 + -0.0 A67 + A80 + -0.0 A80 + A67^ + -0.0 A67^ + A61^ + -1.0 A61^ + 0.0 A77^ + -1.0 A77^ + A1 + -1.0 A1 + 0.0 A16^ + -1.0 A16^ + 0.0 A5 + -1.0 A5 + A36_2 + -0.0 A36_2 + A79^ + -0.0 A79^ + 0.0 A77 + -1.0 A77 + 0.0 A76 + -1.0 A76 + A79 + -0.0 A79 + A78 + -0.0 A78 + A36^ + -1.0 A36^ + A13 + -0.0 A13 + 0.0 A76^ + -1.0 A76^ + 0.0 A16 + -1.0 A16 + A36 + -1.0 A36 + A13^ + -0.0 A13^ + A1_2 + -0.0 A1_2>
M  Contraint for 2i: -0.00183836607334 == E_2i + <gurobi.LinExpr: 0.0 A5^ + -1.0 A5^ + 0.0 A78^ + -1.0 A78^ + A1^ + -1.0 A1^ + A61 + -1.0 A61 + 0.5 A80^ + -0.5 A80^ + 0.0 A67 + -1.0 A67 + 0.5 A80 + -0.5 A80 + 0.0 A67^ + -1.0 A67^ + A61^ + -1.0 A61^ + 0.0 A77^ + -1.0 A77^ + A1 + -1.0 A1 + 0.0 A16^ + -1.0 A16^ + 0.0 A5 + -1.0 A5 + A36_2 + -0.0 A36_2 + A79^ + -0.0 A79^ + 0.0 A77 + -1.0 A77 + 0.0 A76 + -1.0 A76 + A79 + -0.0 A79 + 0.0 A78 + -1.0 A78 + A36^ + -1.0 A36^ + A13 + -0.0 A13 + 0.0 A76^ + -1.0 A76^ + 0.0 A16 + -1.0 A16 + A36 + -1.0 A36 + A13^ + -0.0 A13^ + A1_2 + -0.0 A1_2>
M  Contraint for 3e: 0.283678492656 == E_3e + <gurobi.LinExpr: 0.0 A5^ + -1.0 A5^ + 0.0 A78^ + -1.0 A78^ + A1^ + -1.0 A1^ + A61 + -1.0 A61 + A80^ + -0.0 A80^ + 0.0 A67 + -1.0 A67 + A80 + -0.0 A80 + 0.0 A67^ + -1.0 A67^ + A61^ + -1.0 A61^ + 0.0 A77^ + -1.0 A77^ + A1 + -1.0 A1 + 0.0 A16^ + -1.0 A16^ + 0.0 A5 + -1.0 A5 + A36_2 + -0.0 A36_2 + A79^ + -0.0 A79^ + 0.0 A77 + -1.0 A77 + 0.0 A76 + -1.0 A76 + A79 + -0.0 A79 + 0.0 A78 + -1.0 A78 + A36^ + -1.0 A36^ + A13 + -0.0 A13 + 0.0 A76^ + -1.0 A76^ + 0.0 A16 + -1.0 A16 + A36 + -1.0 A36 + A13^ + -0.0 A13^ + A1_2 + -0.0 A1_2>
M  Contraint for pce: -2.05106424987 == E_pce + <gurobi.LinExpr: 0.0 A5^ + -1.0 A5^ + A78^ + -0.0 A78^ + 0.0 A1^ + -1.0 A1^ + 0.0 A61 + -2.0 A61 + A80^ + -0.0 A80^ + A67 + -0.0 A67 + A80 + -0.0 A80 + A67^ + -0.0 A67^ + 0.0 A61^ + -2.0 A61^ + A77^ + -0.0 A77^ + 0.0 A1 + -1.0 A1 + A16^ + -0.0 A16^ + 0.0 A5 + -1.0 A5 + 0.0 A36_2 + -1.0 A36_2 + A79^ + -0.0 A79^ + A77 + -0.0 A77 + A76 + -0.0 A76 + A79 + -0.0 A79 + A78 + -0.0 A78 + 0.0 A36^ + -2.0 A36^ + A13 + -0.0 A13 + A76^ + -0.0 A76^ + A16 + -0.0 A16 + 0.0 A36 + -2.0 A36 + A13^ + -0.0 A13^ + 0.0 A1_2 + -0.0 A1_2>
M  Objective: <gurobi.LinExpr: C37 + C38 + C39 + C40 + C41 + C42 + C43 + C44 + C45 + C46 + 1.5 C47 + 0.5 A5^ + 0.5 A78^ + 0.5 A1^ + 0.5 A61 + 0.5 A80^ + 0.5 A67 + 0.5 A80 + 0.5 A67^ + 0.5 A61^ + 0.5 A77^ + 0.5 A1 + 0.5 A16^ + 0.5 A5 + 0.5 A36_2 + 0.5 A79^ + 0.5 A77 + 0.5 A76 + 0.5 A79 + 0.5 A78 + 0.5 A36^ + 0.5 A13 + 0.5 A76^ + 0.5 A16 + 0.5 A36 + 0.5 A13^ + 0.5 A1_2 + 0.1 A78^ + 0.1 A80^ + 0.1 A67 + 0.1 A80 + 0.1 A67^ + 0.1 A77^ + 0.1 A16^ + 0.1 A79^ + 0.1 A77 + 0.1 A76 + 0.1 A79 + 0.1 A78 + 0.1 A13 + 0.1 A76^ + 0.1 A16 + 0.1 A13^>
CN Solver status: optimal, opt: 2.29874381935
  Solutions:
    ('1', '1^')
== Initial Solver ==
Solving Counter({'1': 2})
Possible candidates:
  CYP2D6.1
M  Max. CN for 1 = 2
M  CN contraint for 1: 2 == <gurobi.LinExpr: 1 + 1_2>
M  Sentinel contraint for 1: A_1_2 <= A_1
M  Objective: 0
CN Solver status: optimal, opt: 0.0
  solution:
    ('1', '1')
[32;01mCopy number best structures:[39;49;00m
[32;01m  (1) 2x*1-like[39;49;00m
== Refiner ==
Refining ('1', '1')
M  Sentinel constraint for 1: A_1_2 <= A_1
M  Sentinel constraint for 1C: A_1C_2 <= A_1C
M  Sentinel constraint for 1B: A_1B_2 <= A_1B
M  Sentinel constraint for 1E: A_1E_2 <= A_1E
M  Sentinel constraint for 1D: A_1D_2 <= A_1D
M  CN constraint for 1: 2 == <gurobi.LinExpr: 1E_2 + 1C + 1 + 1B_2 + 1B + 1E + 1D + 1D_2 + 1C_2 + 1_2>
M  Contraint for 42524814:REF 6.4e: 1528 == <gurobi.QuadExpr: 764.0 1E_2 + 764.0 1B_2 + 764.0 1 + 764.0 1C + 764.0 1B + 764.0 1E + 764.0 1D + 764.0 1D_2 + 764.0 1C_2 + 764.0 1_2 + [ -764.0 EXT_1E_2_42524814:SNP.GA * 1E_2 + -764.0 EXT_1B_2_42524814:SNP.GA * 1B_2 + -764.0 EXT_1_42524814:SNP.GA * 1 + -764.0 REG_1C_42524814:SNP.GA * 1C + -764.0 EXT_1B_42524814:SNP.GA * 1B + -764.0 EXT_1E_42524814:SNP.GA * 1E + -764.0 EXT_1D_42524814:SNP.GA * 1D + -764.0 EXT_1D_2_42524814:SNP.GA * 1D_2 + -764.0 REG_1C_2_42524814:SNP.GA * 1C_2 + -764.0 EXT_1_2_42524814:SNP.GA * 1_2 ]> + err
M  Contraint for 42524923:SNP.AG 6.4e: 0 == <gurobi.QuadExpr: 0.0 + [ 408.0 REG_1E_2_42524923:SNP.AG * 1E_2 + 408.0 EXT_1B_2_42524923:SNP.AG * 1B_2 + 408.0 EXT_1_42524923:SNP.AG * 1 + 408.0 EXT_1C_42524923:SNP.AG * 1C + 408.0 EXT_1B_42524923:SNP.AG * 1B + 408.0 REG_1E_42524923:SNP.AG * 1E + 408.0 EXT_1D_42524923:SNP.AG * 1D + 408.0 EXT_1D_2_42524923:SNP.AG * 1D_2 + 408.0 EXT_1C_2_42524923:SNP.AG * 1C_2 + 408.0 EXT_1_2_42524923:SNP.AG * 1_2 ]> + err
M  Contraint for 42522964:SNP.CT 6.8e: 0 == <gurobi.QuadExpr: 0.0 + [ 367.0 EXT_1E_2_42522964:SNP.CT * 1E_2 + 367.0 REG_1B_2_42522964:SNP.CT * 1B_2 + 367.0 EXT_1_42522964:SNP.CT * 1 + 367.0 EXT_1C_42522964:SNP.CT * 1C + 367.0 REG_1B_42522964:SNP.CT * 1B + 367.0 EXT_1E_42522964:SNP.CT * 1E + 367.0 EXT_1D_42522964:SNP.CT * 1D + 367.0 EXT_1D_2_42522964:SNP.CT * 1D_2 + 367.0 EXT_1C_2_42522964:SNP.CT * 1C_2 + 367.0 EXT_1_2_42522964:SNP.CT * 1_2 ]> + err
M  Contraint for 42524814:SNP.GA 6.4e: 0 == <gurobi.QuadExpr: 0.0 + [ 764.0 EXT_1E_2_42524814:SNP.GA * 1E_2 + 764.0 EXT_1B_2_42524814:SNP.GA * 1B_2 + 764.0 EXT_1_42524814:SNP.GA * 1 + 764.0 REG_1C_42524814:SNP.GA * 1C + 764.0 EXT_1B_42524814:SNP.GA * 1B + 764.0 EXT_1E_42524814:SNP.GA * 1E + 764.0 EXT_1D_42524814:SNP.GA * 1D + 764.0 EXT_1D_2_42524814:SNP.GA * 1D_2 + 764.0 REG_1C_2_42524814:SNP.GA * 1C_2 + 764.0 EXT_1_2_42524814:SNP.GA * 1_2 ]> + err
M  Contraint for 42522964:REF 6.8e: 734 == <gurobi.QuadExpr: 367.0 1E_2 + 367.0 1B_2 + 367.0 1 + 367.0 1C + 367.0 1B + 367.0 1E + 367.0 1D + 367.0 1D_2 + 367.0 1C_2 + 367.0 1_2 + [ -367.0 EXT_1E_2_42522964:SNP.CT * 1E_2 + -367.0 REG_1B_2_42522964:SNP.CT * 1B_2 + -367.0 EXT_1_42522964:SNP.CT * 1 + -367.0 EXT_1C_42522964:SNP.CT * 1C + -367.0 REG_1B_42522964:SNP.CT * 1B + -367.0 EXT_1E_42522964:SNP.CT * 1E + -367.0 EXT_1D_42522964:SNP.CT * 1D + -367.0 EXT_1D_2_42522964:SNP.CT * 1D_2 + -367.0 EXT_1C_2_42522964:SNP.CT * 1C_2 + -367.0 EXT_1_2_42522964:SNP.CT * 1_2 ]> + err
M  Contraint for 42524217:SNP.GT 6.5e: 0 == <gurobi.QuadExpr: 0.0 + [ 533.5 EXT_1E_2_42524217:SNP.GT * 1E_2 + 533.5 EXT_1B_2_42524217:SNP.GT * 1B_2 + 533.5 EXT_1_42524217:SNP.GT * 1 + 533.5 EXT_1C_42524217:SNP.GT * 1C + 533.5 EXT_1B_42524217:SNP.GT * 1B + 533.5 EXT_1E_42524217:SNP.GT * 1E + 533.5 REG_1D_42524217:SNP.GT * 1D + 533.5 REG_1D_2_42524217:SNP.GT * 1D_2 + 533.5 EXT_1C_2_42524217:SNP.GT * 1C_2 + 533.5 EXT_1_2_42524217:SNP.GT * 1_2 ]> + err
M  Contraint for 42524923:REF 6.4e: 816 == <gurobi.QuadExpr: 408.0 1E_2 + 408.0 1B_2 + 408.0 1 + 408.0 1C + 408.0 1B + 408.0 1E + 408.0 1D + 408.0 1D_2 + 408.0 1C_2 + 408.0 1_2 + [ -408.0 REG_1E_2_42524923:SNP.AG * 1E_2 + -408.0 EXT_1B_2_42524923:SNP.AG * 1B_2 + -408.0 EXT_1_42524923:SNP.AG * 1 + -408.0 EXT_1C_42524923:SNP.AG * 1C + -408.0 EXT_1B_42524923:SNP.AG * 1B + -408.0 REG_1E_42524923:SNP.AG * 1E + -408.0 EXT_1D_42524923:SNP.AG * 1D + -408.0 EXT_1D_2_42524923:SNP.AG * 1D_2 + -408.0 EXT_1C_2_42524923:SNP.AG * 1C_2 + -408.0 EXT_1_2_42524923:SNP.AG * 1_2 ]> + err
M  Contraint for 42524217:REF 6.5e: 1067 == <gurobi.QuadExpr: 533.5 1E_2 + 533.5 1B_2 + 533.5 1 + 533.5 1C + 533.5 1B + 533.5 1E + 533.5 1D + 533.5 1D_2 + 533.5 1C_2 + 533.5 1_2 + [ -533.5 EXT_1E_2_42524217:SNP.GT * 1E_2 + -533.5 EXT_1B_2_42524217:SNP.GT * 1B_2 + -533.5 EXT_1_42524217:SNP.GT * 1 + -533.5 EXT_1C_42524217:SNP.GT * 1C + -533.5 EXT_1B_42524217:SNP.GT * 1B + -533.5 EXT_1E_42524217:SNP.GT * 1E + -533.5 REG_1D_42524217:SNP.GT * 1D + -533.5 REG_1D_2_42524217:SNP.GT * 1D_2 + -533.5 EXT_1C_2_42524217:SNP.GT * 1C_2 + -533.5 EXT_1_2_42524217:SNP.GT * 1_2 ]> + err
M  Contraint for MM[missing] 1E_2 42524923:SNP.AG: <gurobi.Var 1E_2> >= <gurobi.Var REG_1E_2_42524923:SNP.AG>
M  Contraint for MM[missing] 1C 42524814:SNP.GA: <gurobi.Var 1C> >= <gurobi.Var REG_1C_42524814:SNP.GA>
M  Contraint for MM[missing] 1B_2 42522964:SNP.CT: <gurobi.Var 1B_2> >= <gurobi.Var REG_1B_2_42522964:SNP.CT>
M  Contraint for MM[missing] 1B 42522964:SNP.CT: <gurobi.Var 1B> >= <gurobi.Var REG_1B_42522964:SNP.CT>
M  Contraint for MM[missing] 1E 42524923:SNP.AG: <gurobi.Var 1E> >= <gurobi.Var REG_1E_42524923:SNP.AG>
M  Contraint for MM[missing] 1D 42524217:SNP.GT: <gurobi.Var 1D> >= <gurobi.Var REG_1D_42524217:SNP.GT>
M  Contraint for MM[missing] 1D_2 42524217:SNP.GT: <gurobi.Var 1D_2> >= <gurobi.Var REG_1D_2_42524217:SNP.GT>
M  Contraint for MM[missing] 1C_2 42524814:SNP.GA: <gurobi.Var 1C_2> >= <gurobi.Var REG_1C_2_42524814:SNP.GA>
M  Contraint for MA[extra] 1E_2 42524814:SNP.GA: <gurobi.Var 1E_2> >= <gurobi.Var EXT_1E_2_42524814:SNP.GA>
M  Contraint for MA[extra] 1E_2 42522964:SNP.CT: <gurobi.Var 1E_2> >= <gurobi.Var EXT_1E_2_42522964:SNP.CT>
M  Contraint for MA[extra] 1E_2 42524217:SNP.GT: <gurobi.Var 1E_2> >= <gurobi.Var EXT_1E_2_42524217:SNP.GT>
M  Contraint for MA[extra] 1C 42522964:SNP.CT: <gurobi.Var 1C> >= <gurobi.Var EXT_1C_42522964:SNP.CT>
M  Contraint for MA[extra] 1C 42524217:SNP.GT: <gurobi.Var 1C> >= <gurobi.Var EXT_1C_42524217:SNP.GT>
M  Contraint for MA[extra] 1C 42524923:SNP.AG: <gurobi.Var 1C> >= <gurobi.Var EXT_1C_42524923:SNP.AG>
M  Contraint for MA[extra] 1 42524814:SNP.GA: <gurobi.Var 1> >= <gurobi.Var EXT_1_42524814:SNP.GA>
M  Contraint for MA[extra] 1 42522964:SNP.CT: <gurobi.Var 1> >= <gurobi.Var EXT_1_42522964:SNP.CT>
M  Contraint for MA[extra] 1 42524217:SNP.GT: <gurobi.Var 1> >= <gurobi.Var EXT_1_42524217:SNP.GT>
M  Contraint for MA[extra] 1 42524923:SNP.AG: <gurobi.Var 1> >= <gurobi.Var EXT_1_42524923:SNP.AG>
M  Contraint for MA[extra] 1B_2 42524814:SNP.GA: <gurobi.Var 1B_2> >= <gurobi.Var EXT_1B_2_42524814:SNP.GA>
M  Contraint for MA[extra] 1B_2 42524923:SNP.AG: <gurobi.Var 1B_2> >= <gurobi.Var EXT_1B_2_42524923:SNP.AG>
M  Contraint for MA[extra] 1B_2 42524217:SNP.GT: <gurobi.Var 1B_2> >= <gurobi.Var EXT_1B_2_42524217:SNP.GT>
M  Contraint for MA[extra] 1B 42524814:SNP.GA: <gurobi.Var 1B> >= <gurobi.Var EXT_1B_42524814:SNP.GA>
M  Contraint for MA[extra] 1B 42524923:SNP.AG: <gurobi.Var 1B> >= <gurobi.Var EXT_1B_42524923:SNP.AG>
M  Contraint for MA[extra] 1B 42524217:SNP.GT: <gurobi.Var 1B> >= <gurobi.Var EXT_1B_42524217:SNP.GT>
M  Contraint for MA[extra] 1E 42524814:SNP.GA: <gurobi.Var 1E> >= <gurobi.Var EXT_1E_42524814:SNP.GA>
M  Contraint for MA[extra] 1E 42522964:SNP.CT: <gurobi.Var 1E> >= <gurobi.Var EXT_1E_42522964:SNP.CT>
M  Contraint for MA[extra] 1E 42524217:SNP.GT: <gurobi.Var 1E> >= <gurobi.Var EXT_1E_42524217:SNP.GT>
M  Contraint for MA[extra] 1D 42524814:SNP.GA: <gurobi.Var 1D> >= <gurobi.Var EXT_1D_42524814:SNP.GA>
M  Contraint for MA[extra] 1D 42522964:SNP.CT: <gurobi.Var 1D> >= <gurobi.Var EXT_1D_42522964:SNP.CT>
M  Contraint for MA[extra] 1D 42524923:SNP.AG: <gurobi.Var 1D> >= <gurobi.Var EXT_1D_42524923:SNP.AG>
M  Contraint for MA[extra] 1D_2 42524814:SNP.GA: <gurobi.Var 1D_2> >= <gurobi.Var EXT_1D_2_42524814:SNP.GA>
M  Contraint for MA[extra] 1D_2 42522964:SNP.CT: <gurobi.Var 1D_2> >= <gurobi.Var EXT_1D_2_42522964:SNP.CT>
M  Contraint for MA[extra] 1D_2 42524923:SNP.AG: <gurobi.Var 1D_2> >= <gurobi.Var EXT_1D_2_42524923:SNP.AG>
M  Contraint for MA[extra] 1C_2 42522964:SNP.CT: <gurobi.Var 1C_2> >= <gurobi.Var EXT_1C_2_42522964:SNP.CT>
M  Contraint for MA[extra] 1C_2 42524217:SNP.GT: <gurobi.Var 1C_2> >= <gurobi.Var EXT_1C_2_42524217:SNP.GT>
M  Contraint for MA[extra] 1C_2 42524923:SNP.AG: <gurobi.Var 1C_2> >= <gurobi.Var EXT_1C_2_42524923:SNP.AG>
M  Contraint for MA[extra] 1_2 42524814:SNP.GA: <gurobi.Var 1_2> >= <gurobi.Var EXT_1_2_42524814:SNP.GA>
M  Contraint for MA[extra] 1_2 42522964:SNP.CT: <gurobi.Var 1_2> >= <gurobi.Var EXT_1_2_42522964:SNP.CT>
M  Contraint for MA[extra] 1_2 42524217:SNP.GT: <gurobi.Var 1_2> >= <gurobi.Var EXT_1_2_42524217:SNP.GT>
M  Contraint for MA[extra] 1_2 42524923:SNP.AG: <gurobi.Var 1_2> >= <gurobi.Var EXT_1_2_42524923:SNP.AG>
M  Objective: <gurobi.LinExpr: C58 + C59 + C60 + C61 + C62 + C63 + C64 + C65 + EXT_1E_2_42524814:SNP.GA + EXT_1E_2_42522964:SNP.CT + EXT_1E_2_42524217:SNP.GT + EXT_1B_2_42524814:SNP.GA + EXT_1B_2_42524923:SNP.AG + EXT_1B_2_42524217:SNP.GT + EXT_1_42524814:SNP.GA + EXT_1_42522964:SNP.CT + EXT_1_42524217:SNP.GT + EXT_1_42524923:SNP.AG + EXT_1C_42522964:SNP.CT + EXT_1C_42524217:SNP.GT + EXT_1C_42524923:SNP.AG + EXT_1B_42524814:SNP.GA + EXT_1B_42524923:SNP.AG + EXT_1B_42524217:SNP.GT + EXT_1E_42524814:SNP.GA + EXT_1E_42522964:SNP.CT + EXT_1E_42524217:SNP.GT + EXT_1D_42524814:SNP.GA + EXT_1D_42522964:SNP.CT + EXT_1D_42524923:SNP.AG + EXT_1D_2_42524814:SNP.GA + EXT_1D_2_42522964:SNP.CT + EXT_1D_2_42524923:SNP.AG + EXT_1C_2_42522964:SNP.CT + EXT_1C_2_42524217:SNP.GT + EXT_1C_2_42524923:SNP.AG + EXT_1_2_42524814:SNP.GA + EXT_1_2_42522964:SNP.CT + EXT_1_2_42524217:SNP.GT + EXT_1_2_42524923:SNP.AG + W>
M  Contraint for 42524923:SNP.AG: 0 >= <gurobi.LinExpr: REG_1E_2_42524923:SNP.AG + REG_1E_42524923:SNP.AG>
M  Contraint for 42522964:SNP.CT: 0 >= <gurobi.LinExpr: REG_1B_2_42522964:SNP.CT + REG_1B_42522964:SNP.CT>
M  Contraint for 42524814:SNP.GA: 0 >= <gurobi.LinExpr: REG_1C_42524814:SNP.GA + REG_1C_2_42524814:SNP.GA>
M  Contraint for 42522964:SNP.CT: 0 >= <gurobi.LinExpr: REG_1B_2_42522964:SNP.CT + REG_1B_42522964:SNP.CT>
M  Contraint for 42524923:SNP.AG: 0 >= <gurobi.LinExpr: REG_1E_2_42524923:SNP.AG + REG_1E_42524923:SNP.AG>
M  Contraint for 42524217:SNP.GT: 0 >= <gurobi.LinExpr: REG_1D_42524217:SNP.GT + REG_1D_2_42524217:SNP.GT>
M  Contraint for 42524217:SNP.GT: 0 >= <gurobi.LinExpr: REG_1D_42524217:SNP.GT + REG_1D_2_42524217:SNP.GT>
M  Contraint for 42524814:SNP.GA: 0 >= <gurobi.LinExpr: REG_1C_42524814:SNP.GA + REG_1C_2_42524814:SNP.GA>
M  Contraint for 42524814:SNP.GA: 0 <= <gurobi.QuadExpr: 0.0 + [ REG_1C_42524814:SNP.GA * 1C + REG_1C_2_42524814:SNP.GA * 1C_2 + EXT_1E_2_42524814:SNP.GA * 1E_2 + EXT_1B_2_42524814:SNP.GA * 1B_2 + EXT_1_42524814:SNP.GA * 1 + EXT_1B_42524814:SNP.GA * 1B + EXT_1E_42524814:SNP.GA * 1E + EXT_1D_42524814:SNP.GA * 1D + EXT_1D_2_42524814:SNP.GA * 1D_2 + EXT_1_2_42524814:SNP.GA * 1_2 ]> <= 1
M  Contraint for 42522964:SNP.CT: 0 <= <gurobi.QuadExpr: 0.0 + [ REG_1B_2_42522964:SNP.CT * 1B_2 + REG_1B_42522964:SNP.CT * 1B + EXT_1E_2_42522964:SNP.CT * 1E_2 + EXT_1_42522964:SNP.CT * 1 + EXT_1C_42522964:SNP.CT * 1C + EXT_1E_42522964:SNP.CT * 1E + EXT_1D_42522964:SNP.CT * 1D + EXT_1D_2_42522964:SNP.CT * 1D_2 + EXT_1C_2_42522964:SNP.CT * 1C_2 + EXT_1_2_42522964:SNP.CT * 1_2 ]> <= 1
M  Contraint for 42524217:SNP.GT: 0 <= <gurobi.QuadExpr: 0.0 + [ REG_1D_42524217:SNP.GT * 1D + REG_1D_2_42524217:SNP.GT * 1D_2 + EXT_1E_2_42524217:SNP.GT * 1E_2 + EXT_1B_2_42524217:SNP.GT * 1B_2 + EXT_1_42524217:SNP.GT * 1 + EXT_1C_42524217:SNP.GT * 1C + EXT_1B_42524217:SNP.GT * 1B + EXT_1E_42524217:SNP.GT * 1E + EXT_1C_2_42524217:SNP.GT * 1C_2 + EXT_1_2_42524217:SNP.GT * 1_2 ]> <= 1
M  Contraint for 42524923:SNP.AG: 0 <= <gurobi.QuadExpr: 0.0 + [ REG_1E_2_42524923:SNP.AG * 1E_2 + REG_1E_42524923:SNP.AG * 1E + EXT_1B_2_42524923:SNP.AG * 1B_2 + EXT_1_42524923:SNP.AG * 1 + EXT_1C_42524923:SNP.AG * 1C + EXT_1B_42524923:SNP.AG * 1B + EXT_1D_42524923:SNP.AG * 1D + EXT_1D_2_42524923:SNP.AG * 1D_2 + EXT_1C_2_42524923:SNP.AG * 1C_2 + EXT_1_2_42524923:SNP.AG * 1_2 ]> <= 1
CN Solver status: optimal, opt: 0.0
  1: 1
  1_2: 1
Missing:
  1: 1
  1_2: 1
Extra:
  1: 1
  1_2: 1
Time needed: (41.5)
Result is: [('1', '1')]
