SAM file: bams/NA18515.bam
File bams/NA18515.bam has index
Coverage is 424.407695991
== Allele Filter ==
Refining indel 99250393:INS.a: from 428 of 891.0 to 536 (indel:total = 428:711)
 6.0i   99245079: SNP.AC                  445 ( 49%) ~     0 (  0)
 6.0i   99245913: SNP.GA     31611:C>T    651 ( 53%) ~     0 (  0)
 6.12i  99246206: SNP.AC                    5 (  5%) ~     0 (  0)
 6.12i  99246267: SNP.CA                    4 (  5%) ~     0 (  0)
 6.12i  99246280: SNP.AC                    3 (  5%) ~     0 (  0)
 6.12i  99246280: SNP.AG                    3 (  5%) ~     0 (  0)
 6.12i  99246286: SNP.GT                    3 (  6%) ~     0 (  0)
 6.12i  99246287: DEL.T                     9 ( 17%) ~     0 (  0)
 6.12i  99246287: INS.t                     5 (  9%) ~     0 (  0)
 6.12i  99246300: SNP.AT                    5 ( 10%) ~     0 (  0)
 6.11i  99249998: SNP.GA                  472 ( 44%) ~     0 (  0)
 6.11e  99250393: INS.a      27131:insT   536 ( 60%) ~     0 (  0)
 6.10i  99257562: SNP.TG                    2 ( 15%) ~     0 (  0)
 6.10i  99257868: SNP.AT                   34 ( 12%) ~     0 (  0)
 6.10i  99257868: DEL.AC                   15 (  5%) ~     0 (  0)
 6.10i  99257869: SNP.CT                   46 ( 16%) ~     0 (  0)
 6.10i  99257872: SNP.AT                   17 (  5%) ~     0 (  0)
 6.10i  99257875: SNP.AT                   28 (  8%) ~     0 (  0)
 6.10i  99257878: SNP.AT                   62 ( 15%) ~     0 (  0)
 6.10i  99257881: SNP.GT                   38 (  9%) ~     0 (  0)
 6.10i  99257885: SNP.TA                   52 ( 11%) ~     0 (  0)
 6.10i  99257888: SNP.CA                   58 ( 12%) ~     0 (  0)
 6.10i  99257890: SNP.GA                   49 ( 10%) ~     0 (  0)
 6.10i  99257891: SNP.TA                   55 ( 11%) ~     0 (  0)
 6.10i  99257895: SNP.CA                   53 ( 10%) ~     0 (  0)
 6.10i  99257899: SNP.TG                   50 (  9%) ~     0 (  0)
 6.9i   99260385: SNP.GC                   32 (  6%) ~     0 (  0)
 6.9i   99260401: SNP.TC                   58 (  9%) ~     0 (  0)
 6.8i   99260733: SNP.CT                  566 ( 48%) ~     0 (  0)
 6.7i   99262571: SNP.GA                   50 (100%) ~     0 (  0)
 6.4i   99264809: SNP.CA                   12 (  6%) ~     0 (  0)
 6.4i   99264844: SNP.AT                    7 (  6%) ~     0 (  0)
 6.4i   99264851: SNP.GC                    5 (  5%) ~     0 (  0)
 6.4i   99264855: SNP.CT                   10 ( 11%) ~     0 (  0)
 6.4i   99264859: SNP.TG                    9 ( 10%) ~     0 (  0)
 6.4i   99264861: SNP.AG                   18 ( 20%) ~     0 (  0)
 6.4i   99264863: SNP.TG                    5 (  6%) ~     0 (  0)
 6.4i   99264866: SNP.AG                   10 ( 11%) ~     0 (  0)
 6.4i   99264867: SNP.TG                   14 ( 16%) ~     0 (  0)
 6.4i   99264869: SNP.TG                   34 ( 40%) ~     0 (  0)
 6.4i   99264874: SNP.CG                   46 ( 51%) ~     0 (  0)
 6.4i   99264880: SNP.TG                   20 ( 24%) ~     0 (  0)
 6.4i   99264884: SNP.AG                    5 (  6%) ~     0 (  0)
 6.4i   99264893: SNP.AC                    5 (  6%) ~     0 (  0)
 6.4i   99268740: DEL.TGTGTGTGTGTGTGTGTGTGTGTGTG               43 ( 12%) ~     0 (  0)
 6.4i   99268761: SNP.GA                   36 ( 18%) ~     1 (  3)
 6.4i   99268763: DEL.G                    22 ( 11%) ~     1 (  5)
 6.4i   99268763: SNP.GT                   14 (  7%) ~     0 (  0)
 6.4i   99268765: SNP.GT                   41 ( 20%) ~     1 (  2)
 6.4i   99268767: SNP.GA                   22 (  7%) ~     1 (  5)
 6.4i   99268886: SNP.TG                  260 ( 32%) ~     0 (  0)
 6.4i   99268893: SNP.GT                   49 (  6%) ~     0 (  0)
 6.4i   99268924: SNP.AT                   73 (  8%) ~     0 (  0)
 6.4i   99269396: SNP.TC                  337 ( 48%) ~     0 (  0)
 6.3i   99270538: SNP.TC     6986:A>G     397 ( 52%) ~     0 (  0)
 6.2i   99273232: SNP.TC                  371 (100%) ~     0 (  0)
 6.2i   99273233: SNP.CT                  361 (100%) ~     0 (  0)
 6.2i   99273241: SNP.TC                  320 (100%) ~     0 (  0)
 6.2i   99273243: SNP.TC                  312 (100%) ~     0 (  0)
 6.2i   99273246: SNP.CT                  300 (100%) ~     0 (  0)
 6.2i   99273248: SNP.CT                  279 (100%) ~     0 (  0)
 6.2i   99273257: SNP.TC                  105 ( 43%) ~     0 (  0)
 6.2i   99273260: SNP.TC                   14 (  6%) ~     0 (  0)
 6.2i   99273260: SNP.TA                   79 ( 35%) ~     0 (  0)
 6.2i   99273265: SNP.TC                   16 (  8%) ~     0 (  0)
 6.2i   99273266: DEL.CC                   16 (  9%) ~     0 (  0)
 6.2i   99273267: INS.tcct                 29 ( 18%) ~     0 (  0)
 6.2i   99273267: SNP.CT                   94 ( 58%) ~     0 (  0)
 6.2i   99273269: SNP.CT                   20 ( 11%) ~     0 (  0)
 6.2i   99273270: SNP.AC                  129 ( 73%) ~     0 (  0)
 6.2i   99273270: SNP.AT                   39 ( 22%) ~     0 (  0)
 6.2i   99273271: INS.a                    27 ( 16%) ~     0 (  0)
 6.2i   99273272: SNP.TC                   35 ( 21%) ~     0 (  0)
 6.2i   99273273: INS.c                    40 ( 24%) ~     0 (  0)
 6.2i   99273275: SNP.TC                   92 ( 57%) ~     0 (  0)
 6.2i   99273275: SNP.TA                   26 ( 16%) ~     0 (  0)
 6.2i   99273280: SNP.CT                   25 ( 18%) ~     0 (  0)
 6.2i   99273281: INS.ct                   23 ( 17%) ~     0 (  0)
 6.2i   99273283: INS.c                    44 ( 32%) ~     0 (  0)
 6.2i   99273283: DEL.CCC                   8 (  6%) ~     0 (  0)
 6.2i   99273284: SNP.CT                    8 (  7%) ~     0 (  0)
 6.2i   99273291: DEL.CTCT                 12 ( 10%) ~     0 (  0)
 6.2i   99273292: DEL.T                     6 (  7%) ~     0 (  0)
 6.2i   99273294: SNP.TC                    4 (  5%) ~     0 (  0)
 6.2i   99273294: DEL.T                     5 (  7%) ~     0 (  0)
 6.2i   99273297: SNP.TC                    8 ( 14%) ~     0 (  0)
 6.2i   99273297: DEL.TT                   21 ( 38%) ~     0 (  0)
 6.2i   99273298: INS.c                     3 ( 10%) ~     0 (  0)
 6.2i   99273301: SNP.TC                   19 ( 33%) ~     0 (  0)
 6.2i   99273303: SNP.TC                   22 ( 38%) ~     0 (  0)
 6.2i   99273305: SNP.TC                   26 ( 67%) ~     0 (  0)
 6.2i   99273307: SNP.TC                    5 ( 14%) ~     0 (  0)
 6.2i   99273309: SNP.TC                    5 ( 31%) ~     0 (  0)
 6.2i   99273312: SNP.TC                    5 ( 29%) ~     0 (  0)
 6.2i   99273315: DEL.T                     5 ( 29%) ~     0 (  0)
 6.1i   99276065: SNP.GT                    2 (  5%) ~     0 (  0)
 6.1i   99276507: SNP.CA                    6 ( 40%) ~     0 (  0)
 6.1i   99277200: SNP.CT                   19 ( 59%) ~     0 (  0)
Removing 2     6.11e 99250235:SNP.GT
Removing 3K    6.12e 99247771:SNP.AG
Removing 3J    6.12e 99247742:SNP.TC
Removing 3L    6.2e 99273744:SNP.TC
Removing 3B    6.2e 99273814:SNP.GA,  6.2e 99273810:INS.c
Removing 3G    6.5i 99264572:SNP.AG
Removing 3F    6.13e 99245973:SNP.AG
Removing 3D    6.4e 99270275:SNP.AC
Removing 4     6.7e 99262859:SNP.TC
Removing 5     6.5i 99264572:SNP.AG
Removing 6     6.7e 99262834:SNP.CT
Removing 8     6.2e 99273820:SNP.GA
Removing 9X    6.10e 99258138:SNP.CT
Removing 9     6.10e 99258138:SNP.CT
Initial status
  CYP2D6.1C
                   99277592:SNP.GA    0 (  0)   -74:C>T
  CYP2D6.1E
    6.9i           99260361:SNP.CA    0 (  0)   17163:G>T
  CYP2D6.1D
    6.0i           99245913:SNP.GA  651 ( 53)   31611:C>T
  CYP2D6.1
  CYP2D6.1B
                   99277604:SNP.CT    0 (  0)   -86:G>A
  CYP2D6.3H
    6.0i           99245913:SNP.GA  651 ( 53)   31611:C>T
    6.5i           99264416:SNP.AG    0 (  0)   13108:T>C
    6.3i           99270538:SNP.TC  397 ( 52) F 6986:A>G
  CYP2D6.3C
    6.3i           99270538:SNP.TC  397 ( 52) F 6986:A>G
  CYP2D6.3A
    6.0i           99245913:SNP.GA  651 ( 53)   31611:C>T
    6.3i           99270538:SNP.TC  397 ( 52) F 6986:A>G
  CYP2D6.3E
    6.0i           99245913:SNP.GA  651 ( 53)   31611:C>T
    6.10i          99250474:SNP.TC    0 (  0)   27050:A>G
    6.3i           99270538:SNP.TC  397 ( 52) F 6986:A>G
  CYP2D6.3I
    6.0i           99245913:SNP.GA  651 ( 53)   31611:C>T
    6.8i           99260621:SNP.TC    0 (  0)   16903:A>G
    6.3i           99270538:SNP.TC  397 ( 52) F 6986:A>G
  CYP2D6.7
    6.11e          99250393:INS.a   536 ( 60) F 27131:insT
== Copy Number Estimator ==
CNV factor: 1.81636907315 (0.550548902632)
Coverage per region
  region:  2D6  2D7
  0i   :  1.88
  1e   :  2.17
  1i   :  1.98
  2e   :  1.81
  2i   :  1.98
  3e   :  1.97
  3i   :  1.98
  4e   :  1.87
  4i   :  2.04
  5e   :  1.87
  5i   :  1.94
  6e   :  2.37
  6i   :  2.10
  7e   :  2.05
  7i   :  1.99
  8e   :  1.98
  8i   :  2.04
  9e   :  2.07
  9i   :  2.09
  10e  :  1.92
  10i  :  2.03
  11e  :  2.01
  11i  :  1.94
  12e  :  2.26
  12i  :  2.00
  13e  :  1.91
Max. CN = 2
M  Sentinel contraint for 1: A_1^ <= A_1
M  Contraint for 7e: 2.04979285018 == E_7e + <gurobi.LinExpr: A1 + A1^>
M  Contraint for 6e: 2.36935496191 == E_6e + <gurobi.LinExpr: A1 + A1^>
M  Contraint for 9e: 2.07421580521 == E_9e + <gurobi.LinExpr: A1 + A1^>
M  Contraint for 8e: 1.98361614307 == E_8e + <gurobi.LinExpr: A1 + A1^>
M  Contraint for 2e: 1.81358668913 == E_2e + <gurobi.LinExpr: A1 + A1^>
M  Contraint for 1e: 2.16988803306 == E_1e + <gurobi.LinExpr: A1 + A1^>
M  Contraint for 5e: 1.8658510314 == E_5e + <gurobi.LinExpr: A1 + A1^>
M  Contraint for 4e: 1.87071145609 == E_4e + <gurobi.LinExpr: A1 + A1^>
M  Contraint for 3e: 1.97315078475 == E_3e + <gurobi.LinExpr: A1 + A1^>
M  Objective: <gurobi.LinExpr: C11 + C12 + C13 + C14 + C15 + C16 + C17 + C18 + C19 + 0.5 A1 + 0.5 A1^>
CN Solver status: optimal, opt: 2.15633554593
  Solutions:
    ('1', '1^')
== Initial Solver ==
Solving Counter({'1': 2})
Possible candidates:
  CYP2D6.1
  CYP2D6.3A
    6.3i 99270538:SNP.TC  397 ( 52) F 6986:A>G
  CYP2D6.7
    6.11e 99250393:INS.a  536 ( 60) F 27131:insT
M  Max. CN for 1 = 2
M  Max. CN for 3A = 2
M  Max. CN for 7 = 2
M  Contraint for 99250393:INS.a 6.11e: 536 == <gurobi.QuadExpr: 0.0 + [ 445.5 REG_7_99250393:INS.a * 7 + 445.5 REG_7_2_99250393:INS.a * 7_2 ]> + err
M  Contraint for 99270538:SNP.TC 6.3i: 397 == <gurobi.QuadExpr: 0.0 + [ 384.0 REG_3A_2_99270538:SNP.TC * 3A_2 + 384.0 REG_3A_99270538:SNP.TC * 3A ]> + err
M  Contraint for 99270538:REF 6.3i: 371 == <gurobi.QuadExpr: 384.0 1 + 384.0 3A_2 + 384.0 1_2 + 384.0 7 + 384.0 3A + 384.0 7_2 + [ -384.0 REG_3A_2_99270538:SNP.TC * 3A_2 + -384.0 REG_3A_99270538:SNP.TC * 3A ]> + err
M  Contraint for 3A_2 99270538:SNP.TC: <gurobi.Var 3A_2> >= <gurobi.Var REG_3A_2_99270538:SNP.TC>
M  Contraint for 7 99250393:INS.a: <gurobi.Var 7> >= <gurobi.Var REG_7_99250393:INS.a>
M  Contraint for 3A 99270538:SNP.TC: <gurobi.Var 3A> >= <gurobi.Var REG_3A_99270538:SNP.TC>
M  Contraint for 7_2 99250393:INS.a: <gurobi.Var 7_2> >= <gurobi.Var REG_7_2_99250393:INS.a>
M  CN contraint for 1: 2 == <gurobi.LinExpr: 1 + 3A_2 + 1_2 + 7 + 3A + 7_2>
M  Sentinel contraint for 1: A_1_2 <= A_1
M  Sentinel contraint for 7: A_7_2 <= A_7
M  Sentinel contraint for 3A: A_3A_2 <= A_3A
M  Objective: <gurobi.LinExpr: C15 + C16 + C17>
M  Contraint for 3A_2: A_3A_2 * (<gurobi.LinExpr: REG_3A_2_99270538:SNP.TC> - 1) == 0
M  Contraint for 7: A_7 * (<gurobi.LinExpr: REG_7_99250393:INS.a> - 1) == 0
M  Contraint for 3A: A_3A * (<gurobi.LinExpr: REG_3A_99270538:SNP.TC> - 1) == 0
M  Contraint for 7_2: A_7_2 * (<gurobi.LinExpr: REG_7_2_99250393:INS.a> - 1) == 0
M  Contraint for 99270538:SNP.TC: 1 <= <gurobi.QuadExpr: 0.0 + [ 3A_2 * REG_3A_2_99270538:SNP.TC + 3A * REG_3A_99270538:SNP.TC ]>
M  Contraint for 99250393:INS.a: 1 <= <gurobi.QuadExpr: 0.0 + [ 7 * REG_7_99250393:INS.a + 7_2 * REG_7_2_99250393:INS.a ]>
M  Contraint for 99270538:SNP.TC: 1 <= <gurobi.QuadExpr: 0.0 + [ 3A_2 * REG_3A_2_99270538:SNP.TC + 3A * REG_3A_99270538:SNP.TC ]>
M  Contraint for 99250393:INS.a: 1 <= <gurobi.QuadExpr: 0.0 + [ 7 * REG_7_99250393:INS.a + 7_2 * REG_7_2_99250393:INS.a ]>
CN Solver status: optimal, opt: 116.5
  solution:
    ('3A', '7')
[32;01mCopy number best structures:[39;49;00m
[32;01m  (1) 2x*1-like[39;49;00m
== Refiner ==
Refining ('3A', '7')
M  CN constraint for 3A: 1 == <gurobi.LinExpr: 3I + 3H + 3C + 3A + 3E>
M  CN constraint for 7: 1 == <gurobi.LinExpr: 7>
M  Contraint for 99250474:SNP.TC 6.10i: 0 == <gurobi.QuadExpr: 0.0 + [ 323.5 EXT_3I_99250474:SNP.TC * 3I + 323.5 EXT_3H_99250474:SNP.TC * 3H + 323.5 EXT_7_99250474:SNP.TC * 7 + 323.5 EXT_3C_99250474:SNP.TC * 3C + 323.5 EXT_3A_99250474:SNP.TC * 3A + 323.5 REG_3E_99250474:SNP.TC * 3E ]> + err
M  Contraint for 99260621:SNP.TC 6.8i: 0 == <gurobi.QuadExpr: 0.0 + [ 601.0 REG_3I_99260621:SNP.TC * 3I + 601.0 EXT_3H_99260621:SNP.TC * 3H + 601.0 EXT_7_99260621:SNP.TC * 7 + 601.0 EXT_3C_99260621:SNP.TC * 3C + 601.0 EXT_3A_99260621:SNP.TC * 3A + 601.0 EXT_3E_99260621:SNP.TC * 3E ]> + err
M  Contraint for 99270538:REF 6.3i: 371 == <gurobi.QuadExpr: 384.0 3I + 384.0 3H + 384.0 7 + 384.0 3C + 384.0 3A + 384.0 3E + [ -384.0 REG_3I_99270538:SNP.TC * 3I + -384.0 REG_3H_99270538:SNP.TC * 3H + -384.0 EXT_7_99270538:SNP.TC * 7 + -384.0 REG_3C_99270538:SNP.TC * 3C + -384.0 REG_3A_99270538:SNP.TC * 3A + -384.0 REG_3E_99270538:SNP.TC * 3E ]> + err
M  Contraint for 99250393:INS.a 6.11e: 536 == <gurobi.QuadExpr: 0.0 + [ 445.5 EXT_3I_99250393:INS.a * 3I + 445.5 EXT_3H_99250393:INS.a * 3H + 445.5 REG_7_99250393:INS.a * 7 + 445.5 EXT_3C_99250393:INS.a * 3C + 445.5 EXT_3A_99250393:INS.a * 3A + 445.5 EXT_3E_99250393:INS.a * 3E ]> + err
M  Contraint for 99260621:REF 6.8i: 1202 == <gurobi.QuadExpr: 601.0 3I + 601.0 3H + 601.0 7 + 601.0 3C + 601.0 3A + 601.0 3E + [ -601.0 REG_3I_99260621:SNP.TC * 3I + -601.0 EXT_3H_99260621:SNP.TC * 3H + -601.0 EXT_7_99260621:SNP.TC * 7 + -601.0 EXT_3C_99260621:SNP.TC * 3C + -601.0 EXT_3A_99260621:SNP.TC * 3A + -601.0 EXT_3E_99260621:SNP.TC * 3E ]> + err
M  Contraint for 99245913:SNP.GA 6.0i: 651 == <gurobi.QuadExpr: 0.0 + [ 612.0 REG_3I_99245913:SNP.GA * 3I + 612.0 REG_3H_99245913:SNP.GA * 3H + 612.0 EXT_7_99245913:SNP.GA * 7 + 612.0 EXT_3C_99245913:SNP.GA * 3C + 612.0 REG_3A_99245913:SNP.GA * 3A + 612.0 REG_3E_99245913:SNP.GA * 3E ]> + err
M  Contraint for 99250393:REF 6.11e: 891 == <gurobi.QuadExpr: 445.5 3I + 445.5 3H + 445.5 7 + 445.5 3C + 445.5 3A + 445.5 3E + [ -445.5 EXT_3I_99250393:INS.a * 3I + -445.5 EXT_3H_99250393:INS.a * 3H + -445.5 REG_7_99250393:INS.a * 7 + -445.5 EXT_3C_99250393:INS.a * 3C + -445.5 EXT_3A_99250393:INS.a * 3A + -445.5 EXT_3E_99250393:INS.a * 3E ]> + err
M  Contraint for 99270538:SNP.TC 6.3i: 397 == <gurobi.QuadExpr: 0.0 + [ 384.0 REG_3I_99270538:SNP.TC * 3I + 384.0 REG_3H_99270538:SNP.TC * 3H + 384.0 EXT_7_99270538:SNP.TC * 7 + 384.0 REG_3C_99270538:SNP.TC * 3C + 384.0 REG_3A_99270538:SNP.TC * 3A + 384.0 REG_3E_99270538:SNP.TC * 3E ]> + err
M  Contraint for 99245913:REF 6.0i: 573 == <gurobi.QuadExpr: 612.0 3I + 612.0 3H + 612.0 7 + 612.0 3C + 612.0 3A + 612.0 3E + [ -612.0 REG_3I_99245913:SNP.GA * 3I + -612.0 REG_3H_99245913:SNP.GA * 3H + -612.0 EXT_7_99245913:SNP.GA * 7 + -612.0 EXT_3C_99245913:SNP.GA * 3C + -612.0 REG_3A_99245913:SNP.GA * 3A + -612.0 REG_3E_99245913:SNP.GA * 3E ]> + err
M  Contraint for 99250474:REF 6.10i: 647 == <gurobi.QuadExpr: 323.5 3I + 323.5 3H + 323.5 7 + 323.5 3C + 323.5 3A + 323.5 3E + [ -323.5 EXT_3I_99250474:SNP.TC * 3I + -323.5 EXT_3H_99250474:SNP.TC * 3H + -323.5 EXT_7_99250474:SNP.TC * 7 + -323.5 EXT_3C_99250474:SNP.TC * 3C + -323.5 EXT_3A_99250474:SNP.TC * 3A + -323.5 REG_3E_99250474:SNP.TC * 3E ]> + err
M  Contraint for 99264416:SNP.AG 6.5i: 0 == <gurobi.QuadExpr: 0.0 + [ 424.0 EXT_3I_99264416:SNP.AG * 3I + 424.0 REG_3H_99264416:SNP.AG * 3H + 424.0 EXT_7_99264416:SNP.AG * 7 + 424.0 EXT_3C_99264416:SNP.AG * 3C + 424.0 EXT_3A_99264416:SNP.AG * 3A + 424.0 EXT_3E_99264416:SNP.AG * 3E ]> + err
M  Contraint for 99264416:REF 6.5i: 848 == <gurobi.QuadExpr: 424.0 3I + 424.0 3H + 424.0 7 + 424.0 3C + 424.0 3A + 424.0 3E + [ -424.0 EXT_3I_99264416:SNP.AG * 3I + -424.0 REG_3H_99264416:SNP.AG * 3H + -424.0 EXT_7_99264416:SNP.AG * 7 + -424.0 EXT_3C_99264416:SNP.AG * 3C + -424.0 EXT_3A_99264416:SNP.AG * 3A + -424.0 EXT_3E_99264416:SNP.AG * 3E ]> + err
M  Contraint for MM[missing] 3I 99270538:SNP.TC: <gurobi.Var 3I> >= <gurobi.Var REG_3I_99270538:SNP.TC>
M  Contraint for MM[missing] 3I 99245913:SNP.GA: <gurobi.Var 3I> >= <gurobi.Var REG_3I_99245913:SNP.GA>
M  Contraint for MM[missing] 3I 99260621:SNP.TC: <gurobi.Var 3I> >= <gurobi.Var REG_3I_99260621:SNP.TC>
M  Contraint for MM[missing] 3H 99270538:SNP.TC: <gurobi.Var 3H> >= <gurobi.Var REG_3H_99270538:SNP.TC>
M  Contraint for MM[missing] 3H 99245913:SNP.GA: <gurobi.Var 3H> >= <gurobi.Var REG_3H_99245913:SNP.GA>
M  Contraint for MM[missing] 3H 99264416:SNP.AG: <gurobi.Var 3H> >= <gurobi.Var REG_3H_99264416:SNP.AG>
M  Contraint for MM[missing] 7 99250393:INS.a: <gurobi.Var 7> >= <gurobi.Var REG_7_99250393:INS.a>
M  Contraint for MM[missing] 3C 99270538:SNP.TC: <gurobi.Var 3C> >= <gurobi.Var REG_3C_99270538:SNP.TC>
M  Contraint for MM[missing] 3A 99270538:SNP.TC: <gurobi.Var 3A> >= <gurobi.Var REG_3A_99270538:SNP.TC>
M  Contraint for MM[missing] 3A 99245913:SNP.GA: <gurobi.Var 3A> >= <gurobi.Var REG_3A_99245913:SNP.GA>
M  Contraint for MM[missing] 3E 99270538:SNP.TC: <gurobi.Var 3E> >= <gurobi.Var REG_3E_99270538:SNP.TC>
M  Contraint for MM[missing] 3E 99245913:SNP.GA: <gurobi.Var 3E> >= <gurobi.Var REG_3E_99245913:SNP.GA>
M  Contraint for MM[missing] 3E 99250474:SNP.TC: <gurobi.Var 3E> >= <gurobi.Var REG_3E_99250474:SNP.TC>
M  Contraint for MA[extra] 3I 99250393:INS.a: <gurobi.Var 3I> >= <gurobi.Var EXT_3I_99250393:INS.a>
M  Contraint for MA[extra] 3I 99250474:SNP.TC: <gurobi.Var 3I> >= <gurobi.Var EXT_3I_99250474:SNP.TC>
M  Contraint for MA[extra] 3I 99264416:SNP.AG: <gurobi.Var 3I> >= <gurobi.Var EXT_3I_99264416:SNP.AG>
M  Contraint for MA[extra] 3H 99250393:INS.a: <gurobi.Var 3H> >= <gurobi.Var EXT_3H_99250393:INS.a>
M  Contraint for MA[extra] 3H 99250474:SNP.TC: <gurobi.Var 3H> >= <gurobi.Var EXT_3H_99250474:SNP.TC>
M  Contraint for MA[extra] 3H 99260621:SNP.TC: <gurobi.Var 3H> >= <gurobi.Var EXT_3H_99260621:SNP.TC>
M  Contraint for MA[extra] 7 99250474:SNP.TC: <gurobi.Var 7> >= <gurobi.Var EXT_7_99250474:SNP.TC>
M  Contraint for MA[extra] 7 99245913:SNP.GA: <gurobi.Var 7> >= <gurobi.Var EXT_7_99245913:SNP.GA>
M  Contraint for MA[extra] 7 99264416:SNP.AG: <gurobi.Var 7> >= <gurobi.Var EXT_7_99264416:SNP.AG>
M  Contraint for MA[extra] 7 99260621:SNP.TC: <gurobi.Var 7> >= <gurobi.Var EXT_7_99260621:SNP.TC>
M  Contraint for MA[extra] 7 99270538:SNP.TC: <gurobi.Var 7> >= <gurobi.Var EXT_7_99270538:SNP.TC>
M  Contraint for MA[extra] 3C 99250393:INS.a: <gurobi.Var 3C> >= <gurobi.Var EXT_3C_99250393:INS.a>
M  Contraint for MA[extra] 3C 99250474:SNP.TC: <gurobi.Var 3C> >= <gurobi.Var EXT_3C_99250474:SNP.TC>
M  Contraint for MA[extra] 3C 99245913:SNP.GA: <gurobi.Var 3C> >= <gurobi.Var EXT_3C_99245913:SNP.GA>
M  Contraint for MA[extra] 3C 99264416:SNP.AG: <gurobi.Var 3C> >= <gurobi.Var EXT_3C_99264416:SNP.AG>
M  Contraint for MA[extra] 3C 99260621:SNP.TC: <gurobi.Var 3C> >= <gurobi.Var EXT_3C_99260621:SNP.TC>
M  Contraint for MA[extra] 3A 99250393:INS.a: <gurobi.Var 3A> >= <gurobi.Var EXT_3A_99250393:INS.a>
M  Contraint for MA[extra] 3A 99250474:SNP.TC: <gurobi.Var 3A> >= <gurobi.Var EXT_3A_99250474:SNP.TC>
M  Contraint for MA[extra] 3A 99264416:SNP.AG: <gurobi.Var 3A> >= <gurobi.Var EXT_3A_99264416:SNP.AG>
M  Contraint for MA[extra] 3A 99260621:SNP.TC: <gurobi.Var 3A> >= <gurobi.Var EXT_3A_99260621:SNP.TC>
M  Contraint for MA[extra] 3E 99250393:INS.a: <gurobi.Var 3E> >= <gurobi.Var EXT_3E_99250393:INS.a>
M  Contraint for MA[extra] 3E 99264416:SNP.AG: <gurobi.Var 3E> >= <gurobi.Var EXT_3E_99264416:SNP.AG>
M  Contraint for MA[extra] 3E 99260621:SNP.TC: <gurobi.Var 3E> >= <gurobi.Var EXT_3E_99260621:SNP.TC>
M  Objective: <gurobi.LinExpr: C54 + C55 + C56 + C57 + C58 + C59 + C60 + C61 + C62 + C63 + C64 + C65 + EXT_3I_99250393:INS.a + EXT_3I_99250474:SNP.TC + EXT_3I_99264416:SNP.AG + EXT_3H_99250393:INS.a + EXT_3H_99250474:SNP.TC + EXT_3H_99260621:SNP.TC + EXT_7_99250474:SNP.TC + EXT_7_99245913:SNP.GA + EXT_7_99264416:SNP.AG + EXT_7_99260621:SNP.TC + EXT_7_99270538:SNP.TC + EXT_3C_99250393:INS.a + EXT_3C_99250474:SNP.TC + EXT_3C_99245913:SNP.GA + EXT_3C_99264416:SNP.AG + EXT_3C_99260621:SNP.TC + EXT_3A_99250393:INS.a + EXT_3A_99250474:SNP.TC + EXT_3A_99264416:SNP.AG + EXT_3A_99260621:SNP.TC + EXT_3E_99250393:INS.a + EXT_3E_99264416:SNP.AG + EXT_3E_99260621:SNP.TC + W>
M  Contraint for 3I: <gurobi.LinExpr: REG_3I_99270538:SNP.TC> = 1 * A_<gurobi.Var 3I>
M  Contraint for 3H: <gurobi.LinExpr: REG_3H_99270538:SNP.TC> = 1 * A_<gurobi.Var 3H>
M  Contraint for 7: <gurobi.LinExpr: REG_7_99250393:INS.a> = 1 * A_<gurobi.Var 7>
M  Contraint for 3C: <gurobi.LinExpr: REG_3C_99270538:SNP.TC> = 1 * A_<gurobi.Var 3C>
M  Contraint for 3A: <gurobi.LinExpr: REG_3A_99270538:SNP.TC> = 1 * A_<gurobi.Var 3A>
M  Contraint for 3E: <gurobi.LinExpr: REG_3E_99270538:SNP.TC> = 1 * A_<gurobi.Var 3E>
M  Contraint for 99260621:SNP.TC: 0 >= <gurobi.LinExpr: REG_3I_99260621:SNP.TC>
M  Contraint for 99264416:SNP.AG: 0 >= <gurobi.LinExpr: REG_3H_99264416:SNP.AG>
M  Contraint for 99250474:SNP.TC: 0 >= <gurobi.LinExpr: REG_3E_99250474:SNP.TC>
M  Contraint for 99250393:INS.a: 1 <= <gurobi.QuadExpr: 0.0 + [ REG_7_99250393:INS.a * 7 ]> <= 2
M  Contraint for 99250393:INS.a: <gurobi.QuadExpr: 0.0 + [ REG_7_99250393:INS.a * 7 ]> <= 2
M  Contraint for 99245913:SNP.GA: 1 <= <gurobi.QuadExpr: 0.0 + [ REG_3I_99245913:SNP.GA * 3I + REG_3H_99245913:SNP.GA * 3H + REG_3A_99245913:SNP.GA * 3A + REG_3E_99245913:SNP.GA * 3E + EXT_7_99245913:SNP.GA * 7 + EXT_3C_99245913:SNP.GA * 3C ]> <= 2
M  Contraint for 99260621:SNP.TC: 0 <= <gurobi.QuadExpr: 0.0 + [ REG_3I_99260621:SNP.TC * 3I + EXT_3H_99260621:SNP.TC * 3H + EXT_7_99260621:SNP.TC * 7 + EXT_3C_99260621:SNP.TC * 3C + EXT_3A_99260621:SNP.TC * 3A + EXT_3E_99260621:SNP.TC * 3E ]> <= 1
M  Contraint for 99250474:SNP.TC: 0 <= <gurobi.QuadExpr: 0.0 + [ REG_3E_99250474:SNP.TC * 3E + EXT_3I_99250474:SNP.TC * 3I + EXT_3H_99250474:SNP.TC * 3H + EXT_7_99250474:SNP.TC * 7 + EXT_3C_99250474:SNP.TC * 3C + EXT_3A_99250474:SNP.TC * 3A ]> <= 1
M  Contraint for 99270538:SNP.TC: 1 <= <gurobi.QuadExpr: 0.0 + [ REG_3I_99270538:SNP.TC * 3I + REG_3H_99270538:SNP.TC * 3H + REG_3C_99270538:SNP.TC * 3C + REG_3A_99270538:SNP.TC * 3A + REG_3E_99270538:SNP.TC * 3E ]> <= 2
M  Contraint for 99270538:SNP.TC: <gurobi.QuadExpr: 0.0 + [ REG_3I_99270538:SNP.TC * 3I + REG_3H_99270538:SNP.TC * 3H + REG_3C_99270538:SNP.TC * 3C + REG_3A_99270538:SNP.TC * 3A + REG_3E_99270538:SNP.TC * 3E ]> <= 2
M  Contraint for 99264416:SNP.AG: 0 <= <gurobi.QuadExpr: 0.0 + [ REG_3H_99264416:SNP.AG * 3H + EXT_3I_99264416:SNP.AG * 3I + EXT_7_99264416:SNP.AG * 7 + EXT_3C_99264416:SNP.AG * 3C + EXT_3A_99264416:SNP.AG * 3A + EXT_3E_99264416:SNP.AG * 3E ]> <= 1
CN Solver status: optimal, opt: 640.0
  7: 1
    6.11e 99250393:INS.a  536 ( 60 cp. 1) F
  3A: 1
    6.3i 99270538:SNP.TC  397 ( 52 cp. 1) F
    6.0i 99245913:SNP.GA  651 ( 53 cp. 1) 
Missing:
  7: 1
  3A: 1
Extra:
  7: 1
  3A: 1
Time needed: (11.5)
Result is: [('3A', '7')]
