SAM file: bams/NA18506.bam
File bams/NA18506.bam has index
Coverage is 103.310347859
== Allele Filter ==
 6.0i   15988581: SNP.AG                   35 (100%) ~     0 (  0)
 6.0i   15989330: SNP.CT                   30 (  5%) ~    15 ( 50)
 6.12e  15989695: SNP.GC                   14 (  8%) ~     4 ( 29)
 6.12e  15989729: SNP.TC                   27 ( 17%) ~     3 ( 11)
 6.11i  15989856: SNP.TC                    4 (  6%) ~     2 ( 50)
 6.11i  15989903: SNP.CA                    3 (  6%) ~     2 ( 67)
 6.11i  15990047: SNP.GA                  116 (100%) ~     0 (  0)
 6.8i   15996482: INS.a                    15 ( 94%) ~     0 (  0)
 6.8i   15996496: SNP.CT                   20 (100%) ~     0 (  0)
 6.6i   15997563: SNP.GA                    2 (  5%) ~     0 (  0)
 6.6i   15997575: SNP.GT                    2 (  6%) ~     0 (  0)
 6.6i   16000165: SNP.TC                  116 (100%) ~     0 (  0)
 6.5i   16001040: DEL.T                    46 ( 43%) ~     0 (  0)
 6.4i   16001739: SNP.AG                  857 (100%) ~     0 (  0)
 6.4i   16001809: SNP.GA                  378 ( 46%) ~     0 (  0)
 6.4i   16001851: SNP.TG                  874 (100%) ~     0 (  0)
 6.4i   16002274: DEL.A                    45 (  5%) ~     0 (  0)
 6.4i   16002302: SNP.AC                   95 ( 11%) ~     0 (  0)
 6.4i   16002361: SNP.AG                  473 ( 47%) ~     0 (  0)
 6.4i   16002601: SNP.CT                  346 ( 45%) ~     0 (  0)
 6.2i   16003650: SNP.TC                  218 ( 55%) ~     0 (  0)
 6.2i   16004090: INS.cccagacctcacacaacc               95 ( 16%) ~     0 (  0)
 6.2i   16004370: SNP.AT                   56 ( 51%) ~     0 (  0)
 6.2i   16004395: SNP.CG                   49 ( 58%) ~     0 (  0)
 6.2i   16004764: SNP.CG                  122 ( 60%) ~     0 (  0)
 6.2i   16004799: SNP.CA                   75 ( 44%) ~     0 (  0)
 6.2i   16005002: SNP.CT                   14 ( 58%) ~     0 (  0)
 6.2i   16005015: SNP.GA                   16 ( 62%) ~     0 (  0)
 6.2i   16005018: SNP.TC                   15 ( 60%) ~     0 (  0)
 6.2i   16005103: SNP.CT                    7 ( 78%) ~     0 (  0)
 6.2i   16006020: SNP.GC                   15 ( 62%) ~     0 (  0)
 6.2i   16006073: SNP.TA                   69 (100%) ~     0 (  0)
 6.2i   16006100: SNP.TC                   45 ( 56%) ~     0 (  0)
 6.2i   16006177: SNP.AG                  108 ( 55%) ~     0 (  0)
 6.2e   16006412: SNP.GA                  161 ( 48%) ~     0 (  0)
 6.1i   16006544: SNP.TC                   61 ( 45%) ~     0 (  0)
 6.1i   16006610: SNP.TC                   35 ( 53%) ~     0 (  0)
 6.1i   16006677: DEL.TCTG                 17 ( 55%) ~     0 (  0)
 6.1i   16006717: SNP.GA                    2 ( 11%) ~     0 (  0)
 6.1i   16006717: INS.atct                  7 ( 37%) ~     0 (  0)
 6.1i   16006853: SNP.AC                    3 ( 38%) ~     0 (  0)
 6.1i   16006878: SNP.CT                    2 (100%) ~     0 (  0)
 6.1i   16007783: SNP.AG                    6 (100%) ~     0 (  0)
 6.1i   16008098: SNP.TC                  124 ( 54%) ~     0 (  0)
 6.1e   16008256: SNP.TC                  452 (100%) ~     0 (  0)
 6.1e   16008387: SNP.AC     34:T>G       112 ( 50%) ~     0 (  0)
Removing 3     6.10e 15990430:SNP.CT
Removing 4     6.10e 15990430:SNP.CT
Initial status
  CYP2D6.1
  CYP2D6.2
    6.1e           16008387:SNP.AC  112 ( 50) F 34:T>G
== Copy Number Estimator ==
CNV factor: 1.88602887801 (0.530214575005)
Coverage per region
  region:  2D6  2D7
  0i   :  1.82
  1e   :  1.95
  1i   :  1.87
  2e   :  1.94
  2i   :  1.84
  3e   :  2.08
  3i   :  1.91
  4e   :  1.85
  4i   :  1.78
  5e   :  1.77
  5i   :  1.70
  6e   :  2.13
  6i   :  1.79
  7e   :  1.68
  7i   :  1.82
  8e   :  1.98
  8i   :  2.18
  9e   :  1.89
  9i   :  1.98
  10e  :  2.05
  10i  :  1.87
  11e  :  1.73
  11i  :  1.61
  12e  :  1.81
Max. CN = 2
M  Sentinel contraint for 1: A_1^ <= A_1
M  Contraint for 7e: 1.67566676693 == E_7e + <gurobi.LinExpr: A1 + A1^>
M  Contraint for 6e: 2.12763776394 == E_6e + <gurobi.LinExpr: A1 + A1^>
M  Contraint for 9e: 1.89202121001 == E_9e + <gurobi.LinExpr: A1 + A1^>
M  Contraint for 8e: 1.98235509772 == E_8e + <gurobi.LinExpr: A1 + A1^>
M  Contraint for 2e: 1.94012451388 == E_2e + <gurobi.LinExpr: A1 + A1^>
M  Contraint for 1e: 1.94941770429 == E_1e + <gurobi.LinExpr: A1 + A1^>
M  Contraint for 5e: 1.77460929966 == E_5e + <gurobi.LinExpr: A1 + A1^>
M  Contraint for 4e: 1.85020981488 == E_4e + <gurobi.LinExpr: A1 + A1^>
M  Contraint for 3e: 2.07550768485 == E_3e + <gurobi.LinExpr: A1 + A1^>
M  Objective: <gurobi.LinExpr: C11 + C12 + C13 + C14 + C15 + C16 + C17 + C18 + C19 + 0.5 A1 + 0.5 A1^>
CN Solver status: optimal, opt: 2.13874104142
  Solutions:
    ('1', '1^')
== Initial Solver ==
Solving Counter({'1': 2})
Possible candidates:
  CYP2D6.1
  CYP2D6.2
    6.1e 16008387:SNP.AC  112 ( 50) F 34:T>G
M  Max. CN for 1 = 2
M  Max. CN for 2 = 2
M  Contraint for 16008387:REF 6.1e: 110 == <gurobi.QuadExpr: 111.0 1 + 111.0 2_2 + 111.0 2 + 111.0 1_2 + [ -111.0 REG_2_2_16008387:SNP.AC * 2_2 + -111.0 REG_2_16008387:SNP.AC * 2 ]> + err
M  Contraint for 16008387:SNP.AC 6.1e: 112 == <gurobi.QuadExpr: 0.0 + [ 111.0 REG_2_2_16008387:SNP.AC * 2_2 + 111.0 REG_2_16008387:SNP.AC * 2 ]> + err
M  Contraint for 2_2 16008387:SNP.AC: <gurobi.Var 2_2> >= <gurobi.Var REG_2_2_16008387:SNP.AC>
M  Contraint for 2 16008387:SNP.AC: <gurobi.Var 2> >= <gurobi.Var REG_2_16008387:SNP.AC>
M  CN contraint for 1: 2 == <gurobi.LinExpr: 1 + 2_2 + 2 + 1_2>
M  Sentinel contraint for 1: A_1_2 <= A_1
M  Sentinel contraint for 2: A_2_2 <= A_2
M  Objective: <gurobi.LinExpr: C9 + C10>
M  Contraint for 2_2: A_2_2 * (<gurobi.LinExpr: REG_2_2_16008387:SNP.AC> - 1) == 0
M  Contraint for 2: A_2 * (<gurobi.LinExpr: REG_2_16008387:SNP.AC> - 1) == 0
M  Contraint for 16008387:SNP.AC: 1 <= <gurobi.QuadExpr: 0.0 + [ 2_2 * REG_2_2_16008387:SNP.AC + 2 * REG_2_16008387:SNP.AC ]>
M  Contraint for 16008387:SNP.AC: 1 <= <gurobi.QuadExpr: 0.0 + [ 2_2 * REG_2_2_16008387:SNP.AC + 2 * REG_2_16008387:SNP.AC ]>
CN Solver status: optimal, opt: 2.0
  solution:
    ('1', '2')
[32;01mCopy number best structures:[39;49;00m
[32;01m  (1) 2x*1-like[39;49;00m
== Refiner ==
Refining ('1', '2')
M  CN constraint for 1: 1 == <gurobi.LinExpr: 1>
M  CN constraint for 2: 1 == <gurobi.LinExpr: 2>
M  Contraint for 16008387:REF 6.1e: 110 == <gurobi.QuadExpr: 111.0 1 + 111.0 2 + [ -111.0 EXT_1_16008387:SNP.AC * 1 + -111.0 REG_2_16008387:SNP.AC * 2 ]> + err
M  Contraint for 16008387:SNP.AC 6.1e: 112 == <gurobi.QuadExpr: 0.0 + [ 111.0 EXT_1_16008387:SNP.AC * 1 + 111.0 REG_2_16008387:SNP.AC * 2 ]> + err
M  Contraint for MM[missing] 2 16008387:SNP.AC: <gurobi.Var 2> >= <gurobi.Var REG_2_16008387:SNP.AC>
M  Contraint for MA[extra] 1 16008387:SNP.AC: <gurobi.Var 1> >= <gurobi.Var EXT_1_16008387:SNP.AC>
M  Objective: <gurobi.LinExpr: C6 + C7 + EXT_1_16008387:SNP.AC + W>
M  Contraint for 2: <gurobi.LinExpr: REG_2_16008387:SNP.AC> = 1 * A_<gurobi.Var 2>
M  Contraint for 16008387:SNP.AC: 1 <= <gurobi.QuadExpr: 0.0 + [ REG_2_16008387:SNP.AC * 2 ]> <= 2
M  Contraint for 16008387:SNP.AC: <gurobi.QuadExpr: 0.0 + [ REG_2_16008387:SNP.AC * 2 ]> <= 2
CN Solver status: optimal, opt: 2.0
  1: 1
  2: 1
    6.1e 16008387:SNP.AC  112 ( 50 cp. 1) F
Missing:
  1: 1
  2: 1
Extra:
  1: 1
  2: 1
Time needed: (13.2)
Result is: [('1', '2')]
