SAM file: bams/NA18515.bam
File bams/NA18515.bam has index
Coverage is 359.107897303
== Allele Filter ==
 6.0i   96696045: SNP.TG                    2 ( 12%) ~     0 (  0)
 6.0i   96696175: SNP.TA                    2 (  5%) ~     0 (  0)
 6.0i   96696176: INS.a                    18 ( 44%) ~     0 (  0)
 6.0i   96696176: INS.aa                    3 (  7%) ~     0 (  0)
 6.0i   96696189: SNP.GA                   13 ( 20%) ~     0 (  0)
 6.0i   96696194: SNP.GA                   14 ( 20%) ~     0 (  0)
 6.0i   96696201: SNP.TC                    4 (  5%) ~     0 (  0)
 6.0i   96696202: SNP.CT                    6 (  8%) ~     0 (  0)
 6.0i   96696211: SNP.AG                    8 (  9%) ~     0 (  0)
 6.0i   96696215: SNP.AT                    6 (  6%) ~     0 (  0)
 6.0i   96696219: SNP.TG                    6 (  6%) ~     0 (  0)
 6.0i   96696221: SNP.AT                    6 (  6%) ~     0 (  0)
 6.0i   96696225: SNP.TG                    7 (  7%) ~     0 (  0)
 6.0i   96696234: SNP.GT                    9 (  8%) ~     0 (  0)
 6.0i   96696265: INS.aa                   14 ( 10%) ~     0 (  0)
 6.0i   96696265: INS.a                    11 (  8%) ~     0 (  0)
 6.0i   96696265: INS.aaa                  35 ( 24%) ~     0 (  0)
 6.0i   96696265: INS.aaaa                 11 (  8%) ~     0 (  0)
 6.0i   96696277: SNP.GA                    8 (  5%) ~     0 (  0)
 6.0i   96696278: SNP.CA                   15 (  9%) ~     0 (  0)
 6.0i   96696290: SNP.TA                   16 (  8%) ~     0 (  0)
 6.0i   96696673: SNP.TC                  504 ( 48%) ~     0 (  0)
 6.0i   96697251: SNP.TC     -1188:T>C    638 ( 52%) ~     1 (  0)
 6.0i   96697799: DEL.T                   452 ( 45%) ~     0 (  0)
 6.1i   96698689: SNP.TC     251:T>C      103 ( 50%) ~     0 (  0)
 6.2i   96701849: SNP.TC     3411:T>C     324 ( 51%) ~     0 (  0)
 6.3e   96702065: SNP.GA     3627:G>A     401 ( 46%) ~     6 (  1)
 6.3i   96702224: SNP.GA                   59 (  6%) ~     0 (  0)
 6.3i   96702224: DEL.G                   381 ( 38%) ~    17 (  4)
 6.3i   96702225: SNP.GA                  392 ( 39%) ~    17 (  4)
 6.3i   96702294: SNP.GA     3856:G>A     524 ( 47%) ~    13 (  2)
 6.3i   96702471: SNP.AG                  625 ( 50%) ~     4 (  1)
 6.3i   96707284: SNP.CA                   42 ( 53%) ~     0 (  0)
 6.3i   96707401: SNP.TC                  111 ( 52%) ~     0 (  0)
 6.4i   96708785: SNP.TC                  110 ( 49%) ~     0 (  0)
 6.5i   96731787: SNP.AG     33349:A>G    126 ( 51%) ~     0 (  0)
 6.6i   96732096: SNP.AG     33658:A>G     89 ( 49%) ~     0 (  0)
 6.7i   96741534: SNP.AG                    7 ( 58%) ~     0 (  0)
 6.8i   96746157: SNP.AT                    3 (  5%) ~     0 (  0)
 6.8i   96746158: SNP.AC                    3 (  5%) ~     0 (  0)
 6.8i   96746258: SNP.GA                    3 ( 18%) ~     0 (  0)
 6.8i   96746259: SNP.AT                    3 ( 19%) ~     0 (  0)
 6.8i   96746260: SNP.AC                    3 ( 19%) ~     0 (  0)
 6.8i   96746284: SNP.TC                    2 ( 14%) ~     0 (  0)
 6.8i   96746333: SNP.AC                    7 ( 47%) ~     0 (  0)
 6.8i   96748494: SNP.AT     50056:A>T    215 (100%) ~     0 (  0)
Removing 10    6.5e 96709036:SNP.AG
Removing 11A   6.7e 96740980:SNP.CT
Removing 11B   6.7e 96740980:SNP.CT
Removing 12    6.9e 96748776:SNP.CT
Removing 13    6.2e 96701714:SNP.TC
Removing 14    6.3e 96701990:SNP.GA
Removing 15    6.4e 96707538:SNP.CA
Removing 16    6.6e 96731935:SNP.AG
Removing 17    6.7e 96741121:SNP.CT
Removing 18    6.7e 96741052:SNP.AC,  6.8e 96745829:SNP.AC
Removing 19    6.9e 96748673:SNP.GC
Removing 2A    6.3e 96702046:SNP.CT
Removing 2B    6.3e 96702046:SNP.CT
Removing 2C    6.3e 96702046:SNP.CT
Removing 20    6.2e 96701653:SNP.GC
Removing 21    6.1e 96698527:SNP.CT
Removing 22    6.1e 96698559:SNP.AG
Removing 23    6.2e 96701671:SNP.GA
Removing 24    6.7e 96741037:SNP.GA
Removing 25    6.3e 96701978:DEL.AGAAATGGAA
Removing 26    6.3e 96702005:SNP.CG
Removing 27    6.3e 96702065:SNP.GT
Removing 28    6.4e 96707694:SNP.AT
Removing 29    6.6e 96731875:SNP.CA
Removing 3B    6.7e 96741052:SNP.AC
Removing 3A    6.7e 96741052:SNP.AC
Removing 30    6.9e 96748740:SNP.GA
Removing 31    6.7e 96740957:SNP.TC
Removing 32    6.9e 96748779:SNP.GT
Removing 33    6.3e 96702011:SNP.GA
Removing 34    6.7e 96740981:SNP.GA
Removing 35    6.3e 96701990:SNP.GT,  6.3e 96702046:SNP.CT
Removing 36    6.1e 96698439:SNP.AG
Removing 37    6.1e 96698584:SNP.AG
Removing 38    6.2e 96701732:SNP.GC
Removing 39    6.2e 96701738:SNP.GT
Removing 4     6.7e 96741053:SNP.TC
Removing 40    6.2e 96701774:SNP.TC
Removing 41    6.3e 96701972:SNP.AG
Removing 42    6.3e 96701987:SNP.GA
Removing 43    6.3e 96701986:SNP.CT
Removing 44    6.3e 96702005:SNP.CT
Removing 45    6.3e 96702010:SNP.CT
Removing 46    6.3e 96702061:SNP.GA
Removing 47    6.4e 96707541:SNP.CT
Removing 48    6.4e 96707673:SNP.TC
Removing 49    6.5e 96708885:SNP.AG
Removing 5     6.7e 96741057:SNP.CG
Removing 50    6.5e 96708900:SNP.CT
Removing 51    6.6e 96731890:SNP.AG
Removing 52    6.6e 96731936:SNP.CG
Removing 53    6.6e 96731989:SNP.CT
Removing 54    6.7e 96741006:SNP.CA
Removing 55    6.7e 96741058:SNP.CA
Removing 56    6.8e 96745798:SNP.AG
Removing 57    6.4e 96707663:SNP.AC
Removing 58    6.7e 96740986:SNP.CA
Removing 59    6.9e 96748611:SNP.AT
Removing 6     6.5e 96709038:DEL.A
Removing 60    6.9e 96748711:SNP.TC
Removing 7     6.1e 96698493:SNP.CA
Removing 9     6.5e 96708973:SNP.AG
Initial status
  CYP2D6.1C
    6.0i           96697251:SNP.TC  638 ( 52)   -1188:T>C
  CYP2D6.1B
    6.0i           96695775:DEL.TG    0 (  0)   -2665:delTG
    6.0i           96697251:SNP.TC  638 ( 52)   -1188:T>C
  CYP2D6.1D
    6.0i           96695775:DEL.TG    0 (  0)   -2665:delTG
  CYP2D6.1
  CYP2D6.8
    6.3e           96702065:SNP.GA  401 ( 46) F 3627:G>A
== Copy Number Estimator ==
CNV factor: 1.81636907315 (0.550548902632)
Coverage per region
  region:  2D6  2D7
  0i   :  1.99
  1e   :  2.02
  1i   :  2.18
  2e   :  2.02
  2i   :  1.83
  3e   :  1.86
  3i   :  1.93
  4e   :  2.04
  4i   :  2.03
  5e   :  2.06
  5i   :  1.91
  6e   :  1.95
  6i   :  1.87
  7e   :  1.85
  7i   :  1.99
  8e   :  1.85
  8i   :  1.83
  9e   :  1.82
Max. CN = 2
M  Sentinel contraint for 1: A_1^ <= A_1
M  Contraint for 7e: 1.84915498536 == E_7e + <gurobi.LinExpr: A1 + A1^>
M  Contraint for 6e: 1.95331907285 == E_6e + <gurobi.LinExpr: A1 + A1^>
M  Contraint for 9e: 1.82474060813 == E_9e + <gurobi.LinExpr: A1 + A1^>
M  Contraint for 8e: 1.8469334801 == E_8e + <gurobi.LinExpr: A1 + A1^>
M  Contraint for 2e: 2.01838399895 == E_2e + <gurobi.LinExpr: A1 + A1^>
M  Contraint for 1e: 2.02175334835 == E_1e + <gurobi.LinExpr: A1 + A1^>
M  Contraint for 5e: 2.05951785599 == E_5e + <gurobi.LinExpr: A1 + A1^>
M  Contraint for 4e: 2.04350892448 == E_4e + <gurobi.LinExpr: A1 + A1^>
M  Contraint for 3e: 1.86344648077 == E_3e + <gurobi.LinExpr: A1 + A1^>
M  Objective: <gurobi.LinExpr: C11 + C12 + C13 + C14 + C15 + C16 + C17 + C18 + C19 + 0.5 A1 + 0.5 A1^>
CN Solver status: optimal, opt: 1.80556950057
  Solutions:
    ('1', '1^')
== Initial Solver ==
Solving Counter({'1': 2})
Possible candidates:
  CYP2D6.1
  CYP2D6.8
    6.3e 96702065:SNP.GA  401 ( 46) F 3627:G>A
M  Max. CN for 1 = 2
M  Max. CN for 8 = 2
M  Contraint for 96702065:SNP.GA 6.3e: 401 == <gurobi.QuadExpr: 0.0 + [ 434.5 REG_8_96702065:SNP.GA * 8 + 434.5 REG_8_2_96702065:SNP.GA * 8_2 ]> + err
M  Contraint for 96702065:REF 6.3e: 468 == <gurobi.QuadExpr: 434.5 1 + 434.5 8 + 434.5 8_2 + 434.5 1_2 + [ -434.5 REG_8_96702065:SNP.GA * 8 + -434.5 REG_8_2_96702065:SNP.GA * 8_2 ]> + err
M  Contraint for 8 96702065:SNP.GA: <gurobi.Var 8> >= <gurobi.Var REG_8_96702065:SNP.GA>
M  Contraint for 8_2 96702065:SNP.GA: <gurobi.Var 8_2> >= <gurobi.Var REG_8_2_96702065:SNP.GA>
M  CN contraint for 1: 2 == <gurobi.LinExpr: 1 + 8 + 8_2 + 1_2>
M  Sentinel contraint for 1: A_1_2 <= A_1
M  Sentinel contraint for 8: A_8_2 <= A_8
M  Objective: <gurobi.LinExpr: C9 + C10>
M  Contraint for 8: A_8 * (<gurobi.LinExpr: REG_8_96702065:SNP.GA> - 1) == 0
M  Contraint for 8_2: A_8_2 * (<gurobi.LinExpr: REG_8_2_96702065:SNP.GA> - 1) == 0
M  Contraint for 96702065:SNP.GA: 1 <= <gurobi.QuadExpr: 0.0 + [ 8 * REG_8_96702065:SNP.GA + 8_2 * REG_8_2_96702065:SNP.GA ]>
M  Contraint for 96702065:SNP.GA: 1 <= <gurobi.QuadExpr: 0.0 + [ 8 * REG_8_96702065:SNP.GA + 8_2 * REG_8_2_96702065:SNP.GA ]>
CN Solver status: optimal, opt: 67.0
  solution:
    ('1', '8')
[32;01mCopy number best structures:[39;49;00m
[32;01m  (1) 2x*1-like[39;49;00m
== Refiner ==
Refining ('1', '8')
M  CN constraint for 1: 1 == <gurobi.LinExpr: 1 + 1C + 1B + 1D>
M  CN constraint for 8: 1 == <gurobi.LinExpr: 8>
M  Contraint for 96695775:REF 6.0i: 2 == <gurobi.QuadExpr: 1 + 8 + 1C + 1B + 1D + [ -1.0 EXT_1_96695775:DEL.TG * 1 + -1.0 EXT_8_96695775:DEL.TG * 8 + -1.0 EXT_1C_96695775:DEL.TG * 1C + -1.0 REG_1B_96695775:DEL.TG * 1B + -1.0 REG_1D_96695775:DEL.TG * 1D ]> + err
M  Contraint for 96702065:REF 6.3e: 468 == <gurobi.QuadExpr: 434.5 1 + 434.5 8 + 434.5 1C + 434.5 1B + 434.5 1D + [ -434.5 EXT_1_96702065:SNP.GA * 1 + -434.5 REG_8_96702065:SNP.GA * 8 + -434.5 EXT_1C_96702065:SNP.GA * 1C + -434.5 EXT_1B_96702065:SNP.GA * 1B + -434.5 EXT_1D_96702065:SNP.GA * 1D ]> + err
M  Contraint for 96697251:REF 6.0i: 599 == <gurobi.QuadExpr: 618.5 1 + 618.5 8 + 618.5 1C + 618.5 1B + 618.5 1D + [ -618.5 EXT_1_96697251:SNP.TC * 1 + -618.5 EXT_8_96697251:SNP.TC * 8 + -618.5 REG_1C_96697251:SNP.TC * 1C + -618.5 REG_1B_96697251:SNP.TC * 1B + -618.5 EXT_1D_96697251:SNP.TC * 1D ]> + err
M  Contraint for 96697251:SNP.TC 6.0i: 638 == <gurobi.QuadExpr: 0.0 + [ 618.5 EXT_1_96697251:SNP.TC * 1 + 618.5 EXT_8_96697251:SNP.TC * 8 + 618.5 REG_1C_96697251:SNP.TC * 1C + 618.5 REG_1B_96697251:SNP.TC * 1B + 618.5 EXT_1D_96697251:SNP.TC * 1D ]> + err
M  Contraint for 96695775:DEL.TG 6.0i: 0 == <gurobi.QuadExpr: 0.0 + [ EXT_1_96695775:DEL.TG * 1 + EXT_8_96695775:DEL.TG * 8 + EXT_1C_96695775:DEL.TG * 1C + REG_1B_96695775:DEL.TG * 1B + REG_1D_96695775:DEL.TG * 1D ]> + err
M  Contraint for 96702065:SNP.GA 6.3e: 401 == <gurobi.QuadExpr: 0.0 + [ 434.5 EXT_1_96702065:SNP.GA * 1 + 434.5 REG_8_96702065:SNP.GA * 8 + 434.5 EXT_1C_96702065:SNP.GA * 1C + 434.5 EXT_1B_96702065:SNP.GA * 1B + 434.5 EXT_1D_96702065:SNP.GA * 1D ]> + err
M  Contraint for MM[missing] 8 96702065:SNP.GA: <gurobi.Var 8> >= <gurobi.Var REG_8_96702065:SNP.GA>
M  Contraint for MM[missing] 1C 96697251:SNP.TC: <gurobi.Var 1C> >= <gurobi.Var REG_1C_96697251:SNP.TC>
M  Contraint for MM[missing] 1B 96697251:SNP.TC: <gurobi.Var 1B> >= <gurobi.Var REG_1B_96697251:SNP.TC>
M  Contraint for MM[missing] 1B 96695775:DEL.TG: <gurobi.Var 1B> >= <gurobi.Var REG_1B_96695775:DEL.TG>
M  Contraint for MM[missing] 1D 96695775:DEL.TG: <gurobi.Var 1D> >= <gurobi.Var REG_1D_96695775:DEL.TG>
M  Contraint for MA[extra] 1 96697251:SNP.TC: <gurobi.Var 1> >= <gurobi.Var EXT_1_96697251:SNP.TC>
M  Contraint for MA[extra] 1 96695775:DEL.TG: <gurobi.Var 1> >= <gurobi.Var EXT_1_96695775:DEL.TG>
M  Contraint for MA[extra] 1 96702065:SNP.GA: <gurobi.Var 1> >= <gurobi.Var EXT_1_96702065:SNP.GA>
M  Contraint for MA[extra] 8 96697251:SNP.TC: <gurobi.Var 8> >= <gurobi.Var EXT_8_96697251:SNP.TC>
M  Contraint for MA[extra] 8 96695775:DEL.TG: <gurobi.Var 8> >= <gurobi.Var EXT_8_96695775:DEL.TG>
M  Contraint for MA[extra] 1C 96695775:DEL.TG: <gurobi.Var 1C> >= <gurobi.Var EXT_1C_96695775:DEL.TG>
M  Contraint for MA[extra] 1C 96702065:SNP.GA: <gurobi.Var 1C> >= <gurobi.Var EXT_1C_96702065:SNP.GA>
M  Contraint for MA[extra] 1B 96702065:SNP.GA: <gurobi.Var 1B> >= <gurobi.Var EXT_1B_96702065:SNP.GA>
M  Contraint for MA[extra] 1D 96697251:SNP.TC: <gurobi.Var 1D> >= <gurobi.Var EXT_1D_96697251:SNP.TC>
M  Contraint for MA[extra] 1D 96702065:SNP.GA: <gurobi.Var 1D> >= <gurobi.Var EXT_1D_96702065:SNP.GA>
M  Objective: <gurobi.LinExpr: C26 + C27 + C28 + C29 + C30 + C31 + EXT_1_96697251:SNP.TC + EXT_1_96695775:DEL.TG + EXT_1_96702065:SNP.GA + EXT_8_96697251:SNP.TC + EXT_8_96695775:DEL.TG + EXT_1C_96695775:DEL.TG + EXT_1C_96702065:SNP.GA + EXT_1B_96702065:SNP.GA + EXT_1D_96697251:SNP.TC + EXT_1D_96702065:SNP.GA + W>
M  Contraint for 8: <gurobi.LinExpr: REG_8_96702065:SNP.GA> = 1 * A_<gurobi.Var 8>
M  Contraint for 96695775:DEL.TG: 0 >= <gurobi.LinExpr: REG_1B_96695775:DEL.TG + REG_1D_96695775:DEL.TG>
M  Contraint for 96695775:DEL.TG: 0 >= <gurobi.LinExpr: REG_1B_96695775:DEL.TG + REG_1D_96695775:DEL.TG>
M  Contraint for 96697251:SNP.TC: 1 <= <gurobi.QuadExpr: 0.0 + [ REG_1C_96697251:SNP.TC * 1C + REG_1B_96697251:SNP.TC * 1B + EXT_1_96697251:SNP.TC * 1 + EXT_8_96697251:SNP.TC * 8 + EXT_1D_96697251:SNP.TC * 1D ]> <= 2
M  Contraint for 96695775:DEL.TG: 0 <= <gurobi.QuadExpr: 0.0 + [ REG_1B_96695775:DEL.TG * 1B + REG_1D_96695775:DEL.TG * 1D + EXT_1_96695775:DEL.TG * 1 + EXT_8_96695775:DEL.TG * 8 + EXT_1C_96695775:DEL.TG * 1C ]> <= 1
M  Contraint for 96702065:SNP.GA: 1 <= <gurobi.QuadExpr: 0.0 + [ REG_8_96702065:SNP.GA * 8 ]> <= 1
M  Contraint for 96702065:SNP.GA: <gurobi.QuadExpr: 0.0 + [ REG_8_96702065:SNP.GA * 8 ]> <= 1
CN Solver status: optimal, opt: 106.0
  8: 1
    6.3e 96702065:SNP.GA  401 ( 46 cp. 1) F
  1C: 1
    6.0i 96697251:SNP.TC  638 ( 52 cp. 1) 
Missing:
  8: 1
  1C: 1
Extra:
  8: 1
  1C: 1
Time needed: (8.2)
Result is: [('1C', '8')]
