SAM file: bams/NA18508.bam
File bams/NA18508.bam has index
Coverage is 120.000626522
== Allele Filter ==
 6.0i   15988581: SNP.AG                   14 ( 52%) ~     0 (  0)
 6.0i   15989183: SNP.GA                  381 ( 45%) ~     2 (  1)
 6.0i   15989404: SNP.CT                  183 ( 28%) ~    55 ( 30)
 6.0i   15989453: SNP.AG                  223 ( 33%) ~    48 ( 22)
 6.12e  15989729: SNP.TC                   29 ( 11%) ~     3 ( 10)
 6.11i  15989856: SNP.TC                    9 ( 12%) ~     0 (  0)
 6.11i  15990047: SNP.GA                   84 ( 51%) ~     0 (  0)
 6.8i   15996482: INS.a                    15 ( 44%) ~     0 (  0)
 6.8i   15996482: INS.g                    18 ( 53%) ~     0 (  0)
 6.8i   15996496: SNP.CT                   17 ( 44%) ~     0 (  0)
 6.8e   15996819: SNP.GA                  102 ( 48%) ~     1 (  1)
 6.7i   15997016: SNP.CT                  319 ( 51%) ~     0 (  0)
 6.6i   15997136: INS.c                   364 ( 40%) ~     0 (  0)
 6.6i   15997552: SNP.CA                    2 (  5%) ~     0 (  0)
 6.6i   15997563: SNP.GA                   18 ( 46%) ~     0 (  0)
 6.6i   16000165: SNP.TC                   61 ( 55%) ~     0 (  0)
 6.5i   16000608: SNP.TA                   28 ( 49%) ~     0 (  0)
 6.5i   16001040: DEL.T                    66 ( 53%) ~     0 (  0)
 6.4i   16001739: SNP.AG                  548 ( 50%) ~     0 (  0)
 6.4i   16001851: SNP.TG                  494 ( 48%) ~     0 (  0)
 6.4i   16002274: DEL.A                    59 (  6%) ~     0 (  0)
 6.4i   16002302: SNP.AC                  115 ( 10%) ~     0 (  0)
 6.2i   16003650: SNP.TC                  290 ( 56%) ~     0 (  0)
 6.2i   16004370: SNP.AT                   58 ( 53%) ~     0 (  0)
 6.2i   16004395: SNP.CG                   43 ( 49%) ~     0 (  0)
 6.2i   16004799: SNP.CA                   77 ( 47%) ~     0 (  0)
 6.2i   16005002: SNP.CT                    5 ( 25%) ~     0 (  0)
 6.2i   16005015: SNP.GA                    3 ( 18%) ~     0 (  0)
 6.2i   16005018: SNP.TC                    3 ( 19%) ~     0 (  0)
 6.2i   16005103: SNP.CT                    3 ( 33%) ~     0 (  0)
 6.2i   16005231: SNP.AG                    3 (100%) ~     0 (  0)
 6.2i   16005241: SNP.CG                    3 (100%) ~     0 (  0)
 6.2i   16006073: SNP.TA                   28 ( 48%) ~     0 (  0)
 6.2i   16006100: SNP.TC                   36 ( 49%) ~     0 (  0)
 6.2i   16006177: SNP.AG                  110 ( 52%) ~     0 (  0)
 6.2e   16006412: SNP.GA                  209 ( 51%) ~     0 (  0)
 6.1i   16006610: SNP.TC                   35 ( 45%) ~     0 (  0)
 6.1i   16006677: DEL.TCTG                 15 ( 31%) ~     0 (  0)
 6.1i   16006717: SNP.GA                    5 ( 13%) ~     0 (  0)
 6.1i   16006717: INS.atct                 14 ( 37%) ~     0 (  0)
 6.1i   16006853: SNP.AC                    5 ( 71%) ~     0 (  0)
 6.1i   16006868: DEL.TCTA                  2 ( 33%) ~     0 (  0)
 6.1i   16006878: SNP.CT                    5 (100%) ~     0 (  0)
 6.1i   16007783: SNP.AG                    2 ( 33%) ~     0 (  0)
 6.1i   16007895: SNP.TG                    2 (  5%) ~     0 (  0)
 6.1i   16008098: SNP.TC                  155 ( 48%) ~     0 (  0)
 6.1e   16008256: SNP.TC                  304 ( 54%) ~     0 (  0)
 6.1e   16008387: SNP.AC     34:T>G       112 ( 39%) ~     0 (  0)
Removing 3     6.10e 15990430:SNP.CT
Removing 4     6.10e 15990430:SNP.CT
Initial status
  CYP2D6.1
  CYP2D6.2
    6.1e           16008387:SNP.AC  112 ( 39) F 34:T>G
== Copy Number Estimator ==
CNV factor: 1.60941952269 (0.621342034133)
Coverage per region
  region:  2D6  2D7
  0i   :  1.85
  1e   :  2.10
  1i   :  2.09
  2e   :  1.93
  2i   :  1.92
  3e   :  1.95
  3i   :  1.83
  4e   :  1.99
  4i   :  1.91
  5e   :  1.91
  5i   :  1.73
  6e   :  2.00
  6i   :  2.00
  7e   :  1.76
  7i   :  1.71
  8e   :  1.66
  8i   :  2.16
  9e   :  1.70
  9i   :  2.16
  10e  :  2.10
  10i  :  1.98
  11e  :  2.02
  11i  :  1.97
  12e  :  1.85
Max. CN = 2
M  Sentinel contraint for 1: A_1^ <= A_1
M  Contraint for 7e: 1.75527337096 == E_7e + <gurobi.LinExpr: A1 + A1^>
M  Contraint for 6e: 2.00007219057 == E_6e + <gurobi.LinExpr: A1 + A1^>
M  Contraint for 9e: 1.70180638864 == E_9e + <gurobi.LinExpr: A1 + A1^>
M  Contraint for 8e: 1.66346338839 == E_8e + <gurobi.LinExpr: A1 + A1^>
M  Contraint for 2e: 1.93171547159 == E_2e + <gurobi.LinExpr: A1 + A1^>
M  Contraint for 1e: 2.09756185767 == E_1e + <gurobi.LinExpr: A1 + A1^>
M  Contraint for 5e: 1.90557944108 == E_5e + <gurobi.LinExpr: A1 + A1^>
M  Contraint for 4e: 1.98692298496 == E_4e + <gurobi.LinExpr: A1 + A1^>
M  Contraint for 3e: 1.94900315521 == E_3e + <gurobi.LinExpr: A1 + A1^>
M  Objective: <gurobi.LinExpr: C11 + C12 + C13 + C14 + C15 + C16 + C17 + C18 + C19 + 0.5 A1 + 0.5 A1^>
CN Solver status: optimal, opt: 2.20386984741
  Solutions:
    ('1', '1^')
== Initial Solver ==
Solving Counter({'1': 2})
Possible candidates:
  CYP2D6.1
  CYP2D6.2
    6.1e 16008387:SNP.AC  112 ( 39) F 34:T>G
M  Max. CN for 1 = 2
M  Max. CN for 2 = 2
M  Contraint for 16008387:REF 6.1e: 176 == <gurobi.QuadExpr: 144.0 1 + 144.0 2_2 + 144.0 2 + 144.0 1_2 + [ -144.0 REG_2_2_16008387:SNP.AC * 2_2 + -144.0 REG_2_16008387:SNP.AC * 2 ]> + err
M  Contraint for 16008387:SNP.AC 6.1e: 112 == <gurobi.QuadExpr: 0.0 + [ 144.0 REG_2_2_16008387:SNP.AC * 2_2 + 144.0 REG_2_16008387:SNP.AC * 2 ]> + err
M  Contraint for 2_2 16008387:SNP.AC: <gurobi.Var 2_2> >= <gurobi.Var REG_2_2_16008387:SNP.AC>
M  Contraint for 2 16008387:SNP.AC: <gurobi.Var 2> >= <gurobi.Var REG_2_16008387:SNP.AC>
M  CN contraint for 1: 2 == <gurobi.LinExpr: 1 + 2_2 + 2 + 1_2>
M  Sentinel contraint for 1: A_1_2 <= A_1
M  Sentinel contraint for 2: A_2_2 <= A_2
M  Objective: <gurobi.LinExpr: C9 + C10>
M  Contraint for 2_2: A_2_2 * (<gurobi.LinExpr: REG_2_2_16008387:SNP.AC> - 1) == 0
M  Contraint for 2: A_2 * (<gurobi.LinExpr: REG_2_16008387:SNP.AC> - 1) == 0
M  Contraint for 16008387:SNP.AC: 1 <= <gurobi.QuadExpr: 0.0 + [ 2_2 * REG_2_2_16008387:SNP.AC + 2 * REG_2_16008387:SNP.AC ]>
M  Contraint for 16008387:SNP.AC: 1 <= <gurobi.QuadExpr: 0.0 + [ 2_2 * REG_2_2_16008387:SNP.AC + 2 * REG_2_16008387:SNP.AC ]>
CN Solver status: optimal, opt: 64.0
  solution:
    ('1', '2')
[32;01mCopy number best structures:[39;49;00m
[32;01m  (1) 2x*1-like[39;49;00m
== Refiner ==
Refining ('1', '2')
M  CN constraint for 1: 1 == <gurobi.LinExpr: 1>
M  CN constraint for 2: 1 == <gurobi.LinExpr: 2>
M  Contraint for 16008387:REF 6.1e: 176 == <gurobi.QuadExpr: 144.0 1 + 144.0 2 + [ -144.0 EXT_1_16008387:SNP.AC * 1 + -144.0 REG_2_16008387:SNP.AC * 2 ]> + err
M  Contraint for 16008387:SNP.AC 6.1e: 112 == <gurobi.QuadExpr: 0.0 + [ 144.0 EXT_1_16008387:SNP.AC * 1 + 144.0 REG_2_16008387:SNP.AC * 2 ]> + err
M  Contraint for MM[missing] 2 16008387:SNP.AC: <gurobi.Var 2> >= <gurobi.Var REG_2_16008387:SNP.AC>
M  Contraint for MA[extra] 1 16008387:SNP.AC: <gurobi.Var 1> >= <gurobi.Var EXT_1_16008387:SNP.AC>
M  Objective: <gurobi.LinExpr: C6 + C7 + EXT_1_16008387:SNP.AC + W>
M  Contraint for 2: <gurobi.LinExpr: REG_2_16008387:SNP.AC> = 1 * A_<gurobi.Var 2>
M  Contraint for 16008387:SNP.AC: 1 <= <gurobi.QuadExpr: 0.0 + [ REG_2_16008387:SNP.AC * 2 ]> <= 1
M  Contraint for 16008387:SNP.AC: <gurobi.QuadExpr: 0.0 + [ REG_2_16008387:SNP.AC * 2 ]> <= 1
CN Solver status: optimal, opt: 64.0
  1: 1
  2: 1
    6.1e 16008387:SNP.AC  112 ( 39 cp. 1) F
Missing:
  1: 1
  2: 1
Extra:
  1: 1
  2: 1
Time needed: (15.1)
Result is: [('1', '2')]
