SAM file: bams/NA18515.bam
File bams/NA18515.bam has index
Coverage is 114.31490728
== Allele Filter ==
 6.0i   15988657: SNP.TC                   47 ( 54%) ~     0 (  0)
 6.0i   15988752: DEL.TT                  118 ( 47%) ~     0 (  0)
 6.0i   15989039: SNP.CG                  482 ( 52%) ~     0 (  0)
 6.12e  15989695: SNP.GC                   16 (  7%) ~     2 ( 12)
 6.12e  15989729: SNP.TC                   36 ( 17%) ~     2 (  6)
 6.11i  15989810: SNP.TG                   28 ( 24%) ~     4 ( 14)
 6.11i  15989856: SNP.TC                    9 ( 12%) ~     3 ( 33)
 6.11i  15989870: SNP.TA                   25 ( 38%) ~     0 (  0)
 6.11i  15989890: SNP.CT                    4 (  6%) ~     1 ( 25)
 6.11i  15989903: SNP.CA                    4 (  7%) ~     1 ( 25)
 6.11i  15989908: SNP.AG                    4 (  7%) ~     1 ( 25)
 6.11i  15989918: SNP.GC                    4 (  7%) ~     1 ( 25)
 6.11i  15989921: SNP.CA                    4 (  7%) ~     1 ( 25)
 6.11i  15989926: SNP.AG                    4 (  6%) ~     1 ( 25)
 6.11i  15990047: SNP.GA                   65 ( 53%) ~     0 (  0)
 6.10e  15990430: SNP.CT     18000:G>A    262 ( 50%) ~     0 (  0)
 6.8i   15996291: SNP.AG                    2 (100%) ~     0 (  0)
 6.8i   15996482: INS.g                    17 ( 65%) ~     0 (  0)
 6.7i   15996906: SNP.CT                  110 ( 49%) ~     0 (  0)
 6.6i   15997136: INS.c                   289 ( 38%) ~     0 (  0)
 6.6i   15997421: SNP.AC                  128 ( 57%) ~     0 (  0)
 6.6i   15997535: SNP.GC                   16 ( 36%) ~     0 (  0)
 6.6i   15998003: INS.ac                    2 ( 67%) ~     0 (  0)
 6.6i   16000165: SNP.TC                   66 ( 59%) ~     0 (  0)
 6.5i   16000705: SNP.CA                    2 (  8%) ~     0 (  0)
 6.5i   16000706: SNP.CA                    2 (  8%) ~     0 (  0)
 6.4i   16001739: SNP.AG                 1111 (100%) ~     0 (  0)
 6.4i   16001851: SNP.TG                 1063 (100%) ~     0 (  0)
 6.4i   16002302: SNP.AC                  103 (  9%) ~     0 (  0)
 6.4i   16002319: SNP.TC                   63 (  5%) ~     0 (  0)
 6.2i   16003650: SNP.TC                  235 ( 53%) ~     0 (  0)
 6.2i   16004370: SNP.AT                   56 ( 45%) ~     0 (  0)
 6.2i   16004395: SNP.CG                   40 ( 40%) ~     0 (  0)
 6.2i   16004537: SNP.AG                   64 ( 57%) ~     0 (  0)
 6.2i   16004799: SNP.CA                   84 ( 50%) ~     0 (  0)
 6.2i   16005002: SNP.CT                   11 ( 58%) ~     0 (  0)
 6.2i   16005015: SNP.GA                    9 ( 56%) ~     0 (  0)
 6.2i   16005018: SNP.TC                    8 ( 57%) ~     0 (  0)
 6.2i   16005103: SNP.CT                    5 (100%) ~     0 (  0)
 6.2i   16006073: SNP.TA                   29 ( 48%) ~     0 (  0)
 6.2i   16006100: SNP.TC                   40 ( 51%) ~     0 (  0)
 6.2i   16006177: SNP.AG                  113 ( 55%) ~     0 (  0)
 6.2e   16006412: SNP.GA                  164 ( 43%) ~     0 (  0)
 6.1i   16006610: SNP.TC                   32 ( 39%) ~     0 (  0)
 6.1i   16006647: SNP.TA                   32 ( 55%) ~     0 (  0)
 6.1i   16006677: DEL.TCTG                 22 ( 40%) ~     0 (  0)
 6.1i   16006716: SNP.CT                    3 (  8%) ~     0 (  0)
 6.1i   16006717: SNP.GA                    6 ( 16%) ~     0 (  0)
 6.1i   16006717: INS.atct                 11 ( 29%) ~     0 (  0)
 6.1i   16006853: SNP.AC                    3 ( 30%) ~     0 (  0)
 6.1i   16006878: SNP.CT                    9 (100%) ~     0 (  0)
 6.1i   16007783: SNP.AG                    2 ( 25%) ~     0 (  0)
 6.1i   16008098: SNP.TC                  134 ( 48%) ~     0 (  0)
 6.1e   16008256: SNP.TC                  257 ( 51%) ~     0 (  0)
 6.1e   16008387: SNP.AC     34:T>G       114 ( 42%) ~     0 (  0)
Initial status
  CYP2D6.1
  CYP2D6.2
    6.1e           16008387:SNP.AC  114 ( 42) F 34:T>G
  CYP2D6.3
    6.10e          15990430:SNP.CT  262 ( 50) F 18000:G>A
  CYP2D6.4
    6.10e          15990430:SNP.CT  262 ( 50) F 18000:G>A
    6.1e           16008387:SNP.AC  114 ( 42) F 34:T>G
== Copy Number Estimator ==
CNV factor: 1.81636907315 (0.550548902632)
Coverage per region
  region:  2D6  2D7
  0i   :  2.11
  1e   :  2.07
  1i   :  2.06
  2e   :  2.09
  2i   :  2.05
  3e   :  2.05
  3i   :  2.00
  4e   :  2.02
  4i   :  2.08
  5e   :  2.05
  5i   :  1.87
  6e   :  2.12
  6i   :  1.96
  7e   :  1.75
  7i   :  1.66
  8e   :  1.76
  8i   :  2.38
  9e   :  1.89
  9i   :  2.03
  10e  :  2.10
  10i  :  2.06
  11e  :  1.77
  11i  :  1.72
  12e  :  1.96
Max. CN = 2
M  Sentinel contraint for 1: A_1^ <= A_1
M  Contraint for 7e: 1.74718037656 == E_7e + <gurobi.LinExpr: A1 + A1^>
M  Contraint for 6e: 2.12446922271 == E_6e + <gurobi.LinExpr: A1 + A1^>
M  Contraint for 9e: 1.8891725505 == E_9e + <gurobi.LinExpr: A1 + A1^>
M  Contraint for 8e: 1.75684638371 == E_8e + <gurobi.LinExpr: A1 + A1^>
M  Contraint for 2e: 2.08561283668 == E_2e + <gurobi.LinExpr: A1 + A1^>
M  Contraint for 1e: 2.06683858332 == E_1e + <gurobi.LinExpr: A1 + A1^>
M  Contraint for 5e: 2.04994263638 == E_5e + <gurobi.LinExpr: A1 + A1^>
M  Contraint for 4e: 2.02062494145 == E_4e + <gurobi.LinExpr: A1 + A1^>
M  Contraint for 3e: 2.0464267425 == E_3e + <gurobi.LinExpr: A1 + A1^>
M  Objective: <gurobi.LinExpr: C11 + C12 + C13 + C14 + C15 + C16 + C17 + C18 + C19 + 0.5 A1 + 0.5 A1^>
CN Solver status: optimal, opt: 2.00071565226
  Solutions:
    ('1', '1^')
== Initial Solver ==
Solving Counter({'1': 2})
Possible candidates:
  CYP2D6.1
  CYP2D6.2
    6.1e 16008387:SNP.AC  114 ( 42) F 34:T>G
  CYP2D6.3
    6.10e 15990430:SNP.CT  262 ( 50) F 18000:G>A
  CYP2D6.4
    6.1e 16008387:SNP.AC  114 ( 42) F 34:T>G
    6.10e 15990430:SNP.CT  262 ( 50) F 18000:G>A
M  Max. CN for 1 = 2
M  Max. CN for 3 = 2
M  Max. CN for 2 = 2
M  Max. CN for 4 = 2
M  Contraint for 15990430:REF 6.10e: 257 == <gurobi.QuadExpr: 259.5 3_2 + 259.5 2_2 + 259.5 1 + 259.5 3 + 259.5 2 + 259.5 4 + 259.5 4_2 + 259.5 1_2 + [ -259.5 REG_3_2_15990430:SNP.CT * 3_2 + -259.5 REG_3_15990430:SNP.CT * 3 + -259.5 REG_4_15990430:SNP.CT * 4 + -259.5 REG_4_2_15990430:SNP.CT * 4_2 ]> + err
M  Contraint for 15990430:SNP.CT 6.10e: 262 == <gurobi.QuadExpr: 0.0 + [ 259.5 REG_3_2_15990430:SNP.CT * 3_2 + 259.5 REG_3_15990430:SNP.CT * 3 + 259.5 REG_4_15990430:SNP.CT * 4 + 259.5 REG_4_2_15990430:SNP.CT * 4_2 ]> + err
M  Contraint for 16008387:REF 6.1e: 159 == <gurobi.QuadExpr: 136.5 3_2 + 136.5 2_2 + 136.5 1 + 136.5 3 + 136.5 2 + 136.5 4 + 136.5 4_2 + 136.5 1_2 + [ -136.5 REG_2_2_16008387:SNP.AC * 2_2 + -136.5 REG_2_16008387:SNP.AC * 2 + -136.5 REG_4_16008387:SNP.AC * 4 + -136.5 REG_4_2_16008387:SNP.AC * 4_2 ]> + err
M  Contraint for 16008387:SNP.AC 6.1e: 114 == <gurobi.QuadExpr: 0.0 + [ 136.5 REG_2_2_16008387:SNP.AC * 2_2 + 136.5 REG_2_16008387:SNP.AC * 2 + 136.5 REG_4_16008387:SNP.AC * 4 + 136.5 REG_4_2_16008387:SNP.AC * 4_2 ]> + err
M  Contraint for 3_2 15990430:SNP.CT: <gurobi.Var 3_2> >= <gurobi.Var REG_3_2_15990430:SNP.CT>
M  Contraint for 2_2 16008387:SNP.AC: <gurobi.Var 2_2> >= <gurobi.Var REG_2_2_16008387:SNP.AC>
M  Contraint for 3 15990430:SNP.CT: <gurobi.Var 3> >= <gurobi.Var REG_3_15990430:SNP.CT>
M  Contraint for 2 16008387:SNP.AC: <gurobi.Var 2> >= <gurobi.Var REG_2_16008387:SNP.AC>
M  Contraint for 4 15990430:SNP.CT: <gurobi.Var 4> >= <gurobi.Var REG_4_15990430:SNP.CT>
M  Contraint for 4 16008387:SNP.AC: <gurobi.Var 4> >= <gurobi.Var REG_4_16008387:SNP.AC>
M  Contraint for 4_2 15990430:SNP.CT: <gurobi.Var 4_2> >= <gurobi.Var REG_4_2_15990430:SNP.CT>
M  Contraint for 4_2 16008387:SNP.AC: <gurobi.Var 4_2> >= <gurobi.Var REG_4_2_16008387:SNP.AC>
M  CN contraint for 1: 2 == <gurobi.LinExpr: 3_2 + 2_2 + 1 + 3 + 2 + 4 + 4_2 + 1_2>
M  Sentinel contraint for 1: A_1_2 <= A_1
M  Sentinel contraint for 3: A_3_2 <= A_3
M  Sentinel contraint for 2: A_2_2 <= A_2
M  Sentinel contraint for 4: A_4_2 <= A_4
M  Objective: <gurobi.LinExpr: C26 + C27 + C28 + C29>
M  Contraint for 3_2: A_3_2 * (<gurobi.LinExpr: REG_3_2_15990430:SNP.CT> - 1) == 0
M  Contraint for 2_2: A_2_2 * (<gurobi.LinExpr: REG_2_2_16008387:SNP.AC> - 1) == 0
M  Contraint for 3: A_3 * (<gurobi.LinExpr: REG_3_15990430:SNP.CT> - 1) == 0
M  Contraint for 2: A_2 * (<gurobi.LinExpr: REG_2_16008387:SNP.AC> - 1) == 0
M  Contraint for 4: A_4 * (<gurobi.LinExpr: REG_4_15990430:SNP.CT + REG_4_16008387:SNP.AC> - 2) == 0
M  Contraint for 4_2: A_4_2 * (<gurobi.LinExpr: REG_4_2_15990430:SNP.CT + REG_4_2_16008387:SNP.AC> - 2) == 0
M  Contraint for 15990430:SNP.CT: 1 <= <gurobi.QuadExpr: 0.0 + [ 3_2 * REG_3_2_15990430:SNP.CT + 3 * REG_3_15990430:SNP.CT + 4 * REG_4_15990430:SNP.CT + 4_2 * REG_4_2_15990430:SNP.CT ]>
M  Contraint for 16008387:SNP.AC: 1 <= <gurobi.QuadExpr: 0.0 + [ 2_2 * REG_2_2_16008387:SNP.AC + 2 * REG_2_16008387:SNP.AC + 4 * REG_4_16008387:SNP.AC + 4_2 * REG_4_2_16008387:SNP.AC ]>
M  Contraint for 15990430:SNP.CT: 1 <= <gurobi.QuadExpr: 0.0 + [ 3_2 * REG_3_2_15990430:SNP.CT + 3 * REG_3_15990430:SNP.CT + 4 * REG_4_15990430:SNP.CT + 4_2 * REG_4_2_15990430:SNP.CT ]>
M  Contraint for 16008387:SNP.AC: 1 <= <gurobi.QuadExpr: 0.0 + [ 2_2 * REG_2_2_16008387:SNP.AC + 2 * REG_2_16008387:SNP.AC + 4 * REG_4_16008387:SNP.AC + 4_2 * REG_4_2_16008387:SNP.AC ]>
M  Contraint for 15990430:SNP.CT: 1 <= <gurobi.QuadExpr: 0.0 + [ 3_2 * REG_3_2_15990430:SNP.CT + 3 * REG_3_15990430:SNP.CT + 4 * REG_4_15990430:SNP.CT + 4_2 * REG_4_2_15990430:SNP.CT ]>
M  Contraint for 16008387:SNP.AC: 1 <= <gurobi.QuadExpr: 0.0 + [ 2_2 * REG_2_2_16008387:SNP.AC + 2 * REG_2_16008387:SNP.AC + 4 * REG_4_16008387:SNP.AC + 4_2 * REG_4_2_16008387:SNP.AC ]>
M  Contraint for 15990430:SNP.CT: 1 <= <gurobi.QuadExpr: 0.0 + [ 3_2 * REG_3_2_15990430:SNP.CT + 3 * REG_3_15990430:SNP.CT + 4 * REG_4_15990430:SNP.CT + 4_2 * REG_4_2_15990430:SNP.CT ]>
M  Contraint for 16008387:SNP.AC: 1 <= <gurobi.QuadExpr: 0.0 + [ 2_2 * REG_2_2_16008387:SNP.AC + 2 * REG_2_16008387:SNP.AC + 4 * REG_4_16008387:SNP.AC + 4_2 * REG_4_2_16008387:SNP.AC ]>
CN Solver status: optimal, opt: 50.0
  solution:
    ('2', '3')
    ('1', '4')
[32;01mCopy number best structures:[39;49;00m
[32;01m  (1) 2x*1-like[39;49;00m
== Refiner ==
Refining ('2', '3')
M  CN constraint for 3: 1 == <gurobi.LinExpr: 3>
M  CN constraint for 2: 1 == <gurobi.LinExpr: 2>
M  Contraint for 15990430:REF 6.10e: 257 == <gurobi.QuadExpr: 259.5 3 + 259.5 2 + [ -259.5 REG_3_15990430:SNP.CT * 3 + -259.5 EXT_2_15990430:SNP.CT * 2 ]> + err
M  Contraint for 15990430:SNP.CT 6.10e: 262 == <gurobi.QuadExpr: 0.0 + [ 259.5 REG_3_15990430:SNP.CT * 3 + 259.5 EXT_2_15990430:SNP.CT * 2 ]> + err
M  Contraint for 16008387:REF 6.1e: 159 == <gurobi.QuadExpr: 136.5 3 + 136.5 2 + [ -136.5 EXT_3_16008387:SNP.AC * 3 + -136.5 REG_2_16008387:SNP.AC * 2 ]> + err
M  Contraint for 16008387:SNP.AC 6.1e: 114 == <gurobi.QuadExpr: 0.0 + [ 136.5 EXT_3_16008387:SNP.AC * 3 + 136.5 REG_2_16008387:SNP.AC * 2 ]> + err
M  Contraint for MM[missing] 3 15990430:SNP.CT: <gurobi.Var 3> >= <gurobi.Var REG_3_15990430:SNP.CT>
M  Contraint for MM[missing] 2 16008387:SNP.AC: <gurobi.Var 2> >= <gurobi.Var REG_2_16008387:SNP.AC>
M  Contraint for MA[extra] 3 16008387:SNP.AC: <gurobi.Var 3> >= <gurobi.Var EXT_3_16008387:SNP.AC>
M  Contraint for MA[extra] 2 15990430:SNP.CT: <gurobi.Var 2> >= <gurobi.Var EXT_2_15990430:SNP.CT>
M  Objective: <gurobi.LinExpr: C10 + C11 + C12 + C13 + EXT_3_16008387:SNP.AC + EXT_2_15990430:SNP.CT + W>
M  Contraint for 3: <gurobi.LinExpr: REG_3_15990430:SNP.CT> = 1 * A_<gurobi.Var 3>
M  Contraint for 2: <gurobi.LinExpr: REG_2_16008387:SNP.AC> = 1 * A_<gurobi.Var 2>
M  Contraint for 15990430:SNP.CT: 1 <= <gurobi.QuadExpr: 0.0 + [ REG_3_15990430:SNP.CT * 3 ]> <= 2
M  Contraint for 15990430:SNP.CT: <gurobi.QuadExpr: 0.0 + [ REG_3_15990430:SNP.CT * 3 ]> <= 2
M  Contraint for 16008387:SNP.AC: 1 <= <gurobi.QuadExpr: 0.0 + [ REG_2_16008387:SNP.AC * 2 ]> <= 1
M  Contraint for 16008387:SNP.AC: <gurobi.QuadExpr: 0.0 + [ REG_2_16008387:SNP.AC * 2 ]> <= 1
CN Solver status: optimal, opt: 50.0
  3: 1
    6.10e 15990430:SNP.CT  262 ( 50 cp. 1) F
  2: 1
    6.1e 16008387:SNP.AC  114 ( 42 cp. 1) F
Missing:
  3: 1
  2: 1
Extra:
  3: 1
  2: 1
== Refiner ==
Refining ('1', '4')
M  CN constraint for 1: 1 == <gurobi.LinExpr: 1>
M  CN constraint for 4: 1 == <gurobi.LinExpr: 4>
M  Contraint for 15990430:REF 6.10e: 257 == <gurobi.QuadExpr: 259.5 1 + 259.5 4 + [ -259.5 EXT_1_15990430:SNP.CT * 1 + -259.5 REG_4_15990430:SNP.CT * 4 ]> + err
M  Contraint for 15990430:SNP.CT 6.10e: 262 == <gurobi.QuadExpr: 0.0 + [ 259.5 EXT_1_15990430:SNP.CT * 1 + 259.5 REG_4_15990430:SNP.CT * 4 ]> + err
M  Contraint for 16008387:REF 6.1e: 159 == <gurobi.QuadExpr: 136.5 1 + 136.5 4 + [ -136.5 EXT_1_16008387:SNP.AC * 1 + -136.5 REG_4_16008387:SNP.AC * 4 ]> + err
M  Contraint for 16008387:SNP.AC 6.1e: 114 == <gurobi.QuadExpr: 0.0 + [ 136.5 EXT_1_16008387:SNP.AC * 1 + 136.5 REG_4_16008387:SNP.AC * 4 ]> + err
M  Contraint for MM[missing] 4 15990430:SNP.CT: <gurobi.Var 4> >= <gurobi.Var REG_4_15990430:SNP.CT>
M  Contraint for MM[missing] 4 16008387:SNP.AC: <gurobi.Var 4> >= <gurobi.Var REG_4_16008387:SNP.AC>
M  Contraint for MA[extra] 1 15990430:SNP.CT: <gurobi.Var 1> >= <gurobi.Var EXT_1_15990430:SNP.CT>
M  Contraint for MA[extra] 1 16008387:SNP.AC: <gurobi.Var 1> >= <gurobi.Var EXT_1_16008387:SNP.AC>
M  Objective: <gurobi.LinExpr: C10 + C11 + C12 + C13 + EXT_1_15990430:SNP.CT + EXT_1_16008387:SNP.AC + W>
M  Contraint for 4: <gurobi.LinExpr: REG_4_16008387:SNP.AC + REG_4_15990430:SNP.CT> = 2 * A_<gurobi.Var 4>
M  Contraint for 15990430:SNP.CT: 1 <= <gurobi.QuadExpr: 0.0 + [ REG_4_15990430:SNP.CT * 4 ]> <= 2
M  Contraint for 15990430:SNP.CT: <gurobi.QuadExpr: 0.0 + [ REG_4_15990430:SNP.CT * 4 ]> <= 2
M  Contraint for 16008387:SNP.AC: 1 <= <gurobi.QuadExpr: 0.0 + [ REG_4_16008387:SNP.AC * 4 ]> <= 1
M  Contraint for 16008387:SNP.AC: <gurobi.QuadExpr: 0.0 + [ REG_4_16008387:SNP.AC * 4 ]> <= 1
CN Solver status: optimal, opt: 50.0
  1: 1
  4: 1
    6.10e 15990430:SNP.CT  262 ( 50 cp. 1) F
    6.1e 16008387:SNP.AC  114 ( 42 cp. 1) F
Missing:
  1: 1
  4: 1
Extra:
  1: 1
  4: 1
Time needed: (16.3)
Result is: [('2', '3'), ('1', '4')]
