SAM file: bams/NA18507.bam
File bams/NA18507.bam has index
Coverage is 422.796788788
== Allele Filter ==
 6.0i   96696175: SNP.TA                    4 (  8%) ~     0 (  0)
 6.0i   96696176: INS.a                    15 ( 27%) ~     0 (  0)
 6.0i   96696176: INS.aa                   19 ( 34%) ~     0 (  0)
 6.0i   96696189: SNP.GA                   23 ( 27%) ~     0 (  0)
 6.0i   96696194: SNP.GA                   21 ( 23%) ~     0 (  0)
 6.0i   96696202: SNP.CT                    9 (  9%) ~     0 (  0)
 6.0i   96696211: SNP.AG                   17 ( 16%) ~     0 (  0)
 6.0i   96696215: SNP.AT                    7 (  7%) ~     0 (  0)
 6.0i   96696219: SNP.TG                   11 (  9%) ~     0 (  0)
 6.0i   96696225: SNP.TG                   10 (  8%) ~     0 (  0)
 6.0i   96696230: SNP.CT                    8 (  6%) ~     0 (  0)
 6.0i   96696239: SNP.AC                    9 (  7%) ~     0 (  0)
 6.0i   96696265: INS.a                    22 ( 12%) ~     0 (  0)
 6.0i   96696265: DEL.A                    19 ( 11%) ~     0 (  0)
 6.0i   96696278: SNP.CA                   12 (  6%) ~     0 (  0)
 6.0i   96696290: SNP.TA                   15 (  7%) ~     0 (  0)
 6.0i   96696673: SNP.TC                  607 ( 50%) ~     0 (  0)
 6.0i   96697251: SNP.TC     -1188:T>C    684 ( 48%) ~     0 (  0)
 6.3e   96702065: SNP.GA     3627:G>A     490 ( 49%) ~     9 (  2)
 6.3i   96702294: SNP.GA     3856:G>A     711 ( 51%) ~     0 (  0)
 6.3i   96702471: SNP.AG                  795 ( 51%) ~     1 (  0)
 6.4i   96708469: SNP.GC                    2 ( 29%) ~     0 (  0)
 6.5i   96709460: SNP.TA                    2 (  9%) ~     0 (  0)
 6.5i   96731574: DEL.CTT                  15 ( 56%) ~     0 (  0)
 6.5i   96731787: SNP.AG     33349:A>G    161 ( 54%) ~     0 (  0)
 6.6i   96732297: SNP.CA                    2 ( 10%) ~     0 (  0)
 6.7i   96741429: SNP.GC                    2 (  8%) ~     0 (  0)
 6.7i   96745503: SNP.TA                    2 (  6%) ~     0 (  0)
 6.8i   96746031: SNP.TC                  102 ( 52%) ~     0 (  0)
 6.8i   96748494: SNP.AT     50056:A>T    290 (100%) ~     0 (  0)
 6.9e   96748634: SNP.CT                  512 ( 51%) ~     0 (  0)
Removing 10    6.5e 96709036:SNP.AG
Removing 11A   6.7e 96740980:SNP.CT
Removing 11B   6.7e 96740980:SNP.CT
Removing 12    6.9e 96748776:SNP.CT
Removing 13    6.2e 96701714:SNP.TC
Removing 14    6.3e 96701990:SNP.GA
Removing 15    6.4e 96707538:SNP.CA
Removing 16    6.6e 96731935:SNP.AG
Removing 17    6.7e 96741121:SNP.CT
Removing 18    6.7e 96741052:SNP.AC,  6.8e 96745829:SNP.AC
Removing 19    6.9e 96748673:SNP.GC
Removing 2A    6.3e 96702046:SNP.CT
Removing 2B    6.3e 96702046:SNP.CT
Removing 2C    6.3e 96702046:SNP.CT
Removing 20    6.2e 96701653:SNP.GC
Removing 21    6.1e 96698527:SNP.CT
Removing 22    6.1e 96698559:SNP.AG
Removing 23    6.2e 96701671:SNP.GA
Removing 24    6.7e 96741037:SNP.GA
Removing 25    6.3e 96701978:DEL.AGAAATGGAA
Removing 26    6.3e 96702005:SNP.CG
Removing 27    6.3e 96702065:SNP.GT
Removing 28    6.4e 96707694:SNP.AT
Removing 29    6.6e 96731875:SNP.CA
Removing 3B    6.7e 96741052:SNP.AC
Removing 3A    6.7e 96741052:SNP.AC
Removing 30    6.9e 96748740:SNP.GA
Removing 31    6.7e 96740957:SNP.TC
Removing 32    6.9e 96748779:SNP.GT
Removing 33    6.3e 96702011:SNP.GA
Removing 34    6.7e 96740981:SNP.GA
Removing 35    6.3e 96701990:SNP.GT,  6.3e 96702046:SNP.CT
Removing 36    6.1e 96698439:SNP.AG
Removing 37    6.1e 96698584:SNP.AG
Removing 38    6.2e 96701732:SNP.GC
Removing 39    6.2e 96701738:SNP.GT
Removing 4     6.7e 96741053:SNP.TC
Removing 40    6.2e 96701774:SNP.TC
Removing 41    6.3e 96701972:SNP.AG
Removing 42    6.3e 96701987:SNP.GA
Removing 43    6.3e 96701986:SNP.CT
Removing 44    6.3e 96702005:SNP.CT
Removing 45    6.3e 96702010:SNP.CT
Removing 46    6.3e 96702061:SNP.GA
Removing 47    6.4e 96707541:SNP.CT
Removing 48    6.4e 96707673:SNP.TC
Removing 49    6.5e 96708885:SNP.AG
Removing 5     6.7e 96741057:SNP.CG
Removing 50    6.5e 96708900:SNP.CT
Removing 51    6.6e 96731890:SNP.AG
Removing 52    6.6e 96731936:SNP.CG
Removing 53    6.6e 96731989:SNP.CT
Removing 54    6.7e 96741006:SNP.CA
Removing 55    6.7e 96741058:SNP.CA
Removing 56    6.8e 96745798:SNP.AG
Removing 57    6.4e 96707663:SNP.AC
Removing 58    6.7e 96740986:SNP.CA
Removing 59    6.9e 96748611:SNP.AT
Removing 6     6.5e 96709038:DEL.A
Removing 60    6.9e 96748711:SNP.TC
Removing 7     6.1e 96698493:SNP.CA
Removing 9     6.5e 96708973:SNP.AG
Initial status
  CYP2D6.1C
    6.0i           96697251:SNP.TC  684 ( 48)   -1188:T>C
  CYP2D6.1B
    6.0i           96695775:DEL.TG    0 (  0)   -2665:delTG
    6.0i           96697251:SNP.TC  684 ( 48)   -1188:T>C
  CYP2D6.1D
    6.0i           96695775:DEL.TG    0 (  0)   -2665:delTG
  CYP2D6.1
  CYP2D6.8
    6.3e           96702065:SNP.GA  490 ( 49) F 3627:G>A
== Copy Number Estimator ==
CNV factor: 1.48125736942 (0.675102126506)
Coverage per region
  region:  2D6  2D7
  0i   :  1.84
  1e   :  1.91
  1i   :  2.12
  2e   :  2.16
  2i   :  2.01
  3e   :  1.86
  3i   :  1.88
  4e   :  1.92
  4i   :  1.86
  5e   :  1.84
  5i   :  1.78
  6e   :  1.85
  6i   :  1.81
  7e   :  1.76
  7i   :  2.01
  8e   :  1.87
  8i   :  1.69
  9e   :  1.83
Max. CN = 2
M  Sentinel contraint for 1: A_1^ <= A_1
M  Contraint for 7e: 1.76347790717 == E_7e + <gurobi.LinExpr: A1 + A1^>
M  Contraint for 6e: 1.84824456255 == E_6e + <gurobi.LinExpr: A1 + A1^>
M  Contraint for 9e: 1.83367778987 == E_9e + <gurobi.LinExpr: A1 + A1^>
M  Contraint for 8e: 1.87111686394 == E_8e + <gurobi.LinExpr: A1 + A1^>
M  Contraint for 2e: 2.15715890919 == E_2e + <gurobi.LinExpr: A1 + A1^>
M  Contraint for 1e: 1.91476634782 == E_1e + <gurobi.LinExpr: A1 + A1^>
M  Contraint for 5e: 1.84317878257 == E_5e + <gurobi.LinExpr: A1 + A1^>
M  Contraint for 4e: 1.9200781962 == E_4e + <gurobi.LinExpr: A1 + A1^>
M  Contraint for 3e: 1.86315396365 == E_3e + <gurobi.LinExpr: A1 + A1^>
M  Objective: <gurobi.LinExpr: C11 + C12 + C13 + C14 + C15 + C16 + C17 + C18 + C19 + 0.5 A1 + 0.5 A1^>
CN Solver status: optimal, opt: 2.2994644954
  Solutions:
    ('1', '1^')
== Initial Solver ==
Solving Counter({'1': 2})
Possible candidates:
  CYP2D6.1
  CYP2D6.8
    6.3e 96702065:SNP.GA  490 ( 49) F 3627:G>A
M  Max. CN for 1 = 2
M  Max. CN for 8 = 2
M  Contraint for 96702065:SNP.GA 6.3e: 490 == <gurobi.QuadExpr: 0.0 + [ 504.0 REG_8_96702065:SNP.GA * 8 + 504.0 REG_8_2_96702065:SNP.GA * 8_2 ]> + err
M  Contraint for 96702065:REF 6.3e: 518 == <gurobi.QuadExpr: 504.0 1 + 504.0 8 + 504.0 8_2 + 504.0 1_2 + [ -504.0 REG_8_96702065:SNP.GA * 8 + -504.0 REG_8_2_96702065:SNP.GA * 8_2 ]> + err
M  Contraint for 8 96702065:SNP.GA: <gurobi.Var 8> >= <gurobi.Var REG_8_96702065:SNP.GA>
M  Contraint for 8_2 96702065:SNP.GA: <gurobi.Var 8_2> >= <gurobi.Var REG_8_2_96702065:SNP.GA>
M  CN contraint for 1: 2 == <gurobi.LinExpr: 1 + 8 + 8_2 + 1_2>
M  Sentinel contraint for 1: A_1_2 <= A_1
M  Sentinel contraint for 8: A_8_2 <= A_8
M  Objective: <gurobi.LinExpr: C9 + C10>
M  Contraint for 8: A_8 * (<gurobi.LinExpr: REG_8_96702065:SNP.GA> - 1) == 0
M  Contraint for 8_2: A_8_2 * (<gurobi.LinExpr: REG_8_2_96702065:SNP.GA> - 1) == 0
M  Contraint for 96702065:SNP.GA: 1 <= <gurobi.QuadExpr: 0.0 + [ 8 * REG_8_96702065:SNP.GA + 8_2 * REG_8_2_96702065:SNP.GA ]>
M  Contraint for 96702065:SNP.GA: 1 <= <gurobi.QuadExpr: 0.0 + [ 8 * REG_8_96702065:SNP.GA + 8_2 * REG_8_2_96702065:SNP.GA ]>
CN Solver status: optimal, opt: 28.0
  solution:
    ('1', '8')
[32;01mCopy number best structures:[39;49;00m
[32;01m  (1) 2x*1-like[39;49;00m
== Refiner ==
Refining ('1', '8')
M  CN constraint for 1: 1 == <gurobi.LinExpr: 1 + 1C + 1B + 1D>
M  CN constraint for 8: 1 == <gurobi.LinExpr: 8>
M  Contraint for 96695775:REF 6.0i: 2 == <gurobi.QuadExpr: 1 + 8 + 1C + 1B + 1D + [ -1.0 EXT_1_96695775:DEL.TG * 1 + -1.0 EXT_8_96695775:DEL.TG * 8 + -1.0 EXT_1C_96695775:DEL.TG * 1C + -1.0 REG_1B_96695775:DEL.TG * 1B + -1.0 REG_1D_96695775:DEL.TG * 1D ]> + err
M  Contraint for 96702065:REF 6.3e: 518 == <gurobi.QuadExpr: 504.0 1 + 504.0 8 + 504.0 1C + 504.0 1B + 504.0 1D + [ -504.0 EXT_1_96702065:SNP.GA * 1 + -504.0 REG_8_96702065:SNP.GA * 8 + -504.0 EXT_1C_96702065:SNP.GA * 1C + -504.0 EXT_1B_96702065:SNP.GA * 1B + -504.0 EXT_1D_96702065:SNP.GA * 1D ]> + err
M  Contraint for 96697251:REF 6.0i: 750 == <gurobi.QuadExpr: 717.0 1 + 717.0 8 + 717.0 1C + 717.0 1B + 717.0 1D + [ -717.0 EXT_1_96697251:SNP.TC * 1 + -717.0 EXT_8_96697251:SNP.TC * 8 + -717.0 REG_1C_96697251:SNP.TC * 1C + -717.0 REG_1B_96697251:SNP.TC * 1B + -717.0 EXT_1D_96697251:SNP.TC * 1D ]> + err
M  Contraint for 96697251:SNP.TC 6.0i: 684 == <gurobi.QuadExpr: 0.0 + [ 717.0 EXT_1_96697251:SNP.TC * 1 + 717.0 EXT_8_96697251:SNP.TC * 8 + 717.0 REG_1C_96697251:SNP.TC * 1C + 717.0 REG_1B_96697251:SNP.TC * 1B + 717.0 EXT_1D_96697251:SNP.TC * 1D ]> + err
M  Contraint for 96695775:DEL.TG 6.0i: 0 == <gurobi.QuadExpr: 0.0 + [ EXT_1_96695775:DEL.TG * 1 + EXT_8_96695775:DEL.TG * 8 + EXT_1C_96695775:DEL.TG * 1C + REG_1B_96695775:DEL.TG * 1B + REG_1D_96695775:DEL.TG * 1D ]> + err
M  Contraint for 96702065:SNP.GA 6.3e: 490 == <gurobi.QuadExpr: 0.0 + [ 504.0 EXT_1_96702065:SNP.GA * 1 + 504.0 REG_8_96702065:SNP.GA * 8 + 504.0 EXT_1C_96702065:SNP.GA * 1C + 504.0 EXT_1B_96702065:SNP.GA * 1B + 504.0 EXT_1D_96702065:SNP.GA * 1D ]> + err
M  Contraint for MM[missing] 8 96702065:SNP.GA: <gurobi.Var 8> >= <gurobi.Var REG_8_96702065:SNP.GA>
M  Contraint for MM[missing] 1C 96697251:SNP.TC: <gurobi.Var 1C> >= <gurobi.Var REG_1C_96697251:SNP.TC>
M  Contraint for MM[missing] 1B 96697251:SNP.TC: <gurobi.Var 1B> >= <gurobi.Var REG_1B_96697251:SNP.TC>
M  Contraint for MM[missing] 1B 96695775:DEL.TG: <gurobi.Var 1B> >= <gurobi.Var REG_1B_96695775:DEL.TG>
M  Contraint for MM[missing] 1D 96695775:DEL.TG: <gurobi.Var 1D> >= <gurobi.Var REG_1D_96695775:DEL.TG>
M  Contraint for MA[extra] 1 96697251:SNP.TC: <gurobi.Var 1> >= <gurobi.Var EXT_1_96697251:SNP.TC>
M  Contraint for MA[extra] 1 96695775:DEL.TG: <gurobi.Var 1> >= <gurobi.Var EXT_1_96695775:DEL.TG>
M  Contraint for MA[extra] 1 96702065:SNP.GA: <gurobi.Var 1> >= <gurobi.Var EXT_1_96702065:SNP.GA>
M  Contraint for MA[extra] 8 96697251:SNP.TC: <gurobi.Var 8> >= <gurobi.Var EXT_8_96697251:SNP.TC>
M  Contraint for MA[extra] 8 96695775:DEL.TG: <gurobi.Var 8> >= <gurobi.Var EXT_8_96695775:DEL.TG>
M  Contraint for MA[extra] 1C 96695775:DEL.TG: <gurobi.Var 1C> >= <gurobi.Var EXT_1C_96695775:DEL.TG>
M  Contraint for MA[extra] 1C 96702065:SNP.GA: <gurobi.Var 1C> >= <gurobi.Var EXT_1C_96702065:SNP.GA>
M  Contraint for MA[extra] 1B 96702065:SNP.GA: <gurobi.Var 1B> >= <gurobi.Var EXT_1B_96702065:SNP.GA>
M  Contraint for MA[extra] 1D 96697251:SNP.TC: <gurobi.Var 1D> >= <gurobi.Var EXT_1D_96697251:SNP.TC>
M  Contraint for MA[extra] 1D 96702065:SNP.GA: <gurobi.Var 1D> >= <gurobi.Var EXT_1D_96702065:SNP.GA>
M  Objective: <gurobi.LinExpr: C26 + C27 + C28 + C29 + C30 + C31 + EXT_1_96697251:SNP.TC + EXT_1_96695775:DEL.TG + EXT_1_96702065:SNP.GA + EXT_8_96697251:SNP.TC + EXT_8_96695775:DEL.TG + EXT_1C_96695775:DEL.TG + EXT_1C_96702065:SNP.GA + EXT_1B_96702065:SNP.GA + EXT_1D_96697251:SNP.TC + EXT_1D_96702065:SNP.GA + W>
M  Contraint for 8: <gurobi.LinExpr: REG_8_96702065:SNP.GA> = 1 * A_<gurobi.Var 8>
M  Contraint for 96695775:DEL.TG: 0 >= <gurobi.LinExpr: REG_1B_96695775:DEL.TG + REG_1D_96695775:DEL.TG>
M  Contraint for 96695775:DEL.TG: 0 >= <gurobi.LinExpr: REG_1B_96695775:DEL.TG + REG_1D_96695775:DEL.TG>
M  Contraint for 96697251:SNP.TC: 1 <= <gurobi.QuadExpr: 0.0 + [ REG_1C_96697251:SNP.TC * 1C + REG_1B_96697251:SNP.TC * 1B + EXT_1_96697251:SNP.TC * 1 + EXT_8_96697251:SNP.TC * 8 + EXT_1D_96697251:SNP.TC * 1D ]> <= 1
M  Contraint for 96695775:DEL.TG: 0 <= <gurobi.QuadExpr: 0.0 + [ REG_1B_96695775:DEL.TG * 1B + REG_1D_96695775:DEL.TG * 1D + EXT_1_96695775:DEL.TG * 1 + EXT_8_96695775:DEL.TG * 8 + EXT_1C_96695775:DEL.TG * 1C ]> <= 1
M  Contraint for 96702065:SNP.GA: 1 <= <gurobi.QuadExpr: 0.0 + [ REG_8_96702065:SNP.GA * 8 ]> <= 1
M  Contraint for 96702065:SNP.GA: <gurobi.QuadExpr: 0.0 + [ REG_8_96702065:SNP.GA * 8 ]> <= 1
CN Solver status: optimal, opt: 94.0
  8: 1
    6.3e 96702065:SNP.GA  490 ( 49 cp. 1) F
  1C: 1
    6.0i 96697251:SNP.TC  684 ( 48 cp. 1) 
Missing:
  8: 1
  1C: 1
Extra:
  8: 1
  1C: 1
Time needed: (9.2)
Result is: [('1C', '8')]
