SAM file: bams/NA18517.bam
File bams/NA18517.bam has index
Coverage is 437.963522505
== Allele Filter ==
 6.0i   96520233: INS.a                   109 ( 42%) ~     0 (  0)
 6.0i   96520478: SNP.GT                  816 ( 51%) ~     0 (  0)
 6.0i   96520925: SNP.GA                  856 ( 48%) ~     0 (  0)
 6.0i   96521044: SNP.CT                  868 ( 48%) ~     0 (  0)
 6.0i   96521421: SNP.GA     -1041:G>A    914 ( 52%) ~     0 (  0)
 6.1e   96522560: SNP.CT     99:C>T       664 ( 51%) ~     0 (  0)
 6.1i   96522978: SNP.GA                   14 ( 52%) ~     0 (  0)
 6.1i   96523019: SNP.GA                   13 ( 62%) ~     0 (  0)
 6.1i   96534474: SNP.TG     12013:T>G     11 ( 39%) ~     0 (  0)
 6.1i   96534583: SNP.GA     12122:G>A     50 ( 46%) ~     0 (  0)
 6.3i   96535458: SNP.GA                  195 (  9%) ~    46 ( 24)
 6.3i   96535627: SNP.TC     13166:T>C    982 ( 50%) ~    19 (  2)
 6.3i   96535773: SNP.TA                  865 ( 46%) ~     0 (  0)
 6.3i   96536249: SNP.CT                  312 ( 47%) ~     0 (  0)
 6.4i   96540708: SNP.GA                   47 ( 57%) ~     0 (  0)
 6.4i   96541158: SNP.TC                    8 ( 40%) ~     0 (  0)
 6.4i   96541316: SNP.AG                   33 ( 42%) ~     0 (  0)
 6.4i   96541372: SNP.AG     18911:A>G     69 ( 54%) ~     0 (  0)
 6.5i   96542593: SNP.CT                    2 (100%) ~     0 (  0)
 6.5i   96579804: SNP.AG                    2 (100%) ~     0 (  0)
 6.5i   96579946: SNP.AG                    2 ( 12%) ~     0 (  0)
 6.5i   96580036: SNP.TC                   40 ( 44%) ~     0 (  0)
 6.6i   96580652: SNP.CG                    3 (  5%) ~     0 (  0)
 6.6i   96580855: INS.gaaaa                 5 ( 56%) ~     0 (  0)
 6.7e   96602622: SNP.AG     80161:A>G    976 (100%) ~     0 (  0)
 6.7i   96609236: SNP.TA                    3 ( 60%) ~     0 (  0)
 6.7i   96609340: SNP.AT                    2 (  7%) ~     0 (  0)
 6.7i   96609379: SNP.CT                    2 (  6%) ~     0 (  0)
 6.7i   96609388: SNP.TC                    4 ( 10%) ~     0 (  0)
 6.7i   96609395: SNP.AC                   10 ( 24%) ~     0 (  0)
 6.7i   96609400: SNP.AC                    4 (  8%) ~     0 (  0)
 6.7i   96609402: SNP.AC                    5 ( 10%) ~     0 (  0)
 6.7i   96609403: SNP.AC                    3 (  6%) ~     0 (  0)
 6.7i   96609406: SNP.GC                    3 (  6%) ~     0 (  0)
 6.7i   96609407: SNP.TC                    4 (  8%) ~     0 (  0)
 6.7i   96609413: SNP.AC                    5 (  9%) ~     0 (  0)
 6.7i   96609416: SNP.TG                    7 ( 12%) ~     0 (  0)
 6.7i   96609418: SNP.TG                    9 ( 16%) ~     0 (  0)
 6.7i   96609423: SNP.TG                    3 (  5%) ~     0 (  0)
 6.7i   96609440: SNP.AC                    6 (  8%) ~     0 (  0)
 6.7i   96609530: SNP.AT                  110 ( 42%) ~     0 (  0)
 6.8e   96609751: SNP.CT     87290:C>T    590 ( 45%) ~     0 (  0)
 6.8i   96610081: SNP.AT                   27 ( 44%) ~     0 (  0)
 6.8i   96610194: SNP.AT                    2 ( 14%) ~     0 (  0)
 6.8i   96612367: SNP.TA                  311 ( 53%) ~     0 (  0)
Removing 10    6.5e 96541614:SNP.CT
Removing 11    6.3e 96535263:SNP.GA
Removing 12    6.9e 96612670:SNP.AC
Removing 14    6.1e 96522511:SNP.TC
Removing 15    6.1e 96522516:SNP.AC
Removing 16    6.9e 96612521:SNP.CT
Removing 17    6.0i 96521656:SNP.CT
Removing 18    6.7e 96602617:SNP.GA
Removing 19    6.1e 96522612:SNP.AG
Removing 2H    6.5e 96541615:SNP.GA,  6.7e 96602621:SNP.CT,  6.8e 96609709:SNP.CG,  6.2i 96535123:SNP.AG
Removing 2D    6.2i 96535123:SNP.AG,  6.5e 96541615:SNP.GA,  6.7e 96602621:SNP.CT,  6.8e 96609736:SNP.GA
Removing 2E    6.5e 96541615:SNP.GA,  6.5e 96541747:SNP.GA,  6.7e 96602621:SNP.CT,  6.2i 96535123:SNP.AG
Removing 2F    6.5e 96541615:SNP.GA,  6.7e 96602621:SNP.CT,  6.7e 96602652:SNP.GA,  6.2i 96535123:SNP.AG
Removing 2G    6.5e 96541615:SNP.GA,  6.7e 96602621:SNP.CT,  6.7e 96602710:SNP.AT,  6.2i 96535123:SNP.AG
Removing 2A    6.5e 96541615:SNP.GA,  6.7e 96602621:SNP.CT,  6.2i 96535123:SNP.AG
Removing 2B    6.2e 96534921:SNP.GC,  6.5e 96541615:SNP.GA,  6.7e 96602621:SNP.CT,  6.2i 96535123:SNP.AG
Removing 2C    6.2i 96535123:SNP.AG,  6.3e 96535295:SNP.GC,  6.5e 96541615:SNP.GA,  6.7e 96602621:SNP.CT
Removing 2J    6.5e 96541615:SNP.GA,  6.7e 96602621:SNP.CT,  6.8e 96609784:SNP.AC,  6.2i 96535123:SNP.AG
Removing 22    6.4e 96540330:SNP.GC
Removing 23    6.2e 96534916:SNP.GC
Removing 24    6.7e 96602635:SNP.GA
Removing 25    6.9e 96612541:SNP.CG
Removing 26    6.5e 96541700:SNP.GA
Removing 28    6.1e 96522516:SNP.AC,  6.7e 96602751:SNP.GA
Removing 29    6.1e 96522544:SNP.AT
Removing 3C    6.3e 96535221:SNP.TA,  6.4e 96540409:SNP.GA
Removing 3B    6.4e 96540409:SNP.GA,  6.7e 96602709:SNP.GA
Removing 3A    6.4e 96540409:SNP.GA
Removing 30    6.2e 96534862:SNP.CT
Removing 31    6.2e 96534877:SNP.CT
Removing 32    6.2e 96534941:SNP.AG
Removing 33    6.4e 96540335:SNP.GA
Removing 34    6.1e 96522468:SNP.CT,  6.1e 96522471:SNP.TC
Removing 35    6.2i 96535123:SNP.AG
Removing 4B    6.0i 96521656:SNP.CT,  6.1e 96522462:SNP.AG
Removing 4A    6.1e 96522462:SNP.AG
Removing 5A    6.9e 96612494:SNP.CT
Removing 5B    6.9e 96612494:SNP.CT
Removing 6     6.3e 96535209:SNP.GA
Removing 7     6.5i 96541755:SNP.TA
Removing 8     6.3e 96535172:SNP.TC
Removing 8X    6.3e 96535172:SNP.TC
Removing 9     6.3e 96535245:SNP.GA
Initial status
  CYP2D6.1C
    6.7e           96602622:SNP.AG  976 (100) F 80161:A>G
  CYP2D6.1B
    6.1e           96522560:SNP.CT  664 ( 51)   99:C>T
    6.7e           96602622:SNP.AG  976 (100) F 80161:A>G
  CYP2D6.1
  CYP2D6.13
    6.7e           96602622:SNP.AG  976 (100) F 80161:A>G
    6.8e           96609751:SNP.CT  590 ( 45) F 87290:C>T
  CYP2D6.27
    6.0i           96521421:SNP.GA  914 ( 52) F -1041:G>A
    6.7e           96602622:SNP.AG  976 (100) F 80161:A>G
== Copy Number Estimator ==
CNV factor: 1.01166719469 (0.988467358882)
Coverage per region
  region:  2D6  2D7
  0i   :  1.84
  1e   :  1.88
  1i   :  2.03
  2e   :  1.90
  2i   :  1.90
  3e   :  1.89
  3i   :  1.75
  4e   :  1.91
  4i   :  1.93
  5e   :  1.77
  5i   :  1.83
  6e   :  2.05
  6i   :  1.85
  7e   :  1.69
  7i   :  1.77
  8e   :  1.77
  8i   :  1.88
  9e   :  1.97
Max. CN = 2
M  Sentinel contraint for 1: A_1^ <= A_1
M  Contraint for 7e: 1.69297676216 == E_7e + <gurobi.LinExpr: A1 + A1^>
M  Contraint for 6e: 2.04535932038 == E_6e + <gurobi.LinExpr: A1 + A1^>
M  Contraint for 9e: 1.97113163856 == E_9e + <gurobi.LinExpr: A1 + A1^>
M  Contraint for 8e: 1.76828112217 == E_8e + <gurobi.LinExpr: A1 + A1^>
M  Contraint for 2e: 1.9000214962 == E_2e + <gurobi.LinExpr: A1 + A1^>
M  Contraint for 1e: 1.87558534134 == E_1e + <gurobi.LinExpr: A1 + A1^>
M  Contraint for 5e: 1.77363513505 == E_5e + <gurobi.LinExpr: A1 + A1^>
M  Contraint for 4e: 1.9140108029 == E_4e + <gurobi.LinExpr: A1 + A1^>
M  Contraint for 3e: 1.88946070097 == E_3e + <gurobi.LinExpr: A1 + A1^>
M  Objective: <gurobi.LinExpr: C11 + C12 + C13 + C14 + C15 + C16 + C17 + C18 + C19 + 0.5 A1 + 0.5 A1^>
CN Solver status: optimal, opt: 2.26025632103
  Solutions:
    ('1', '1^')
== Initial Solver ==
Solving Counter({'1': 2})
Possible candidates:
  CYP2D6.1
  CYP2D6.1B
    6.7e 96602622:SNP.AG  976 (100) F 80161:A>G
  CYP2D6.13
    6.8e 96609751:SNP.CT  590 ( 45) F 87290:C>T
    6.7e 96602622:SNP.AG  976 (100) F 80161:A>G
  CYP2D6.27
    6.0i 96521421:SNP.GA  914 ( 52) F -1041:G>A
    6.7e 96602622:SNP.AG  976 (100) F 80161:A>G
M  Max. CN for 1 = 2
M  Max. CN for 27 = 2
M  Max. CN for 13 = 2
M  Max. CN for 1B = 2
M  Contraint for 96609751:REF 6.8e: 714 == <gurobi.QuadExpr: 652.0 13 + 652.0 27 + 652.0 13_2 + 652.0 27_2 + 652.0 1 + 652.0 1B_2 + 652.0 1B + 652.0 1_2 + [ -652.0 REG_13_96609751:SNP.CT * 13 + -652.0 REG_13_2_96609751:SNP.CT * 13_2 ]> + err
M  Contraint for 96602622:SNP.AG 6.7e: 976 == <gurobi.QuadExpr: 0.0 + [ 489.0 REG_13_96602622:SNP.AG * 13 + 489.0 REG_27_96602622:SNP.AG * 27 + 489.0 REG_13_2_96602622:SNP.AG * 13_2 + 489.0 REG_27_2_96602622:SNP.AG * 27_2 + 489.0 REG_1B_2_96602622:SNP.AG * 1B_2 + 489.0 REG_1B_96602622:SNP.AG * 1B ]> + err
M  Contraint for 96609751:SNP.CT 6.8e: 590 == <gurobi.QuadExpr: 0.0 + [ 652.0 REG_13_96609751:SNP.CT * 13 + 652.0 REG_13_2_96609751:SNP.CT * 13_2 ]> + err
M  Contraint for 96521421:SNP.GA 6.0i: 914 == <gurobi.QuadExpr: 0.0 + [ 883.5 REG_27_96521421:SNP.GA * 27 + 883.5 REG_27_2_96521421:SNP.GA * 27_2 ]> + err
M  Contraint for 96602622:REF 6.7e: 2 == <gurobi.QuadExpr: 489.0 13 + 489.0 27 + 489.0 13_2 + 489.0 27_2 + 489.0 1 + 489.0 1B_2 + 489.0 1B + 489.0 1_2 + [ -489.0 REG_13_96602622:SNP.AG * 13 + -489.0 REG_27_96602622:SNP.AG * 27 + -489.0 REG_13_2_96602622:SNP.AG * 13_2 + -489.0 REG_27_2_96602622:SNP.AG * 27_2 + -489.0 REG_1B_2_96602622:SNP.AG * 1B_2 + -489.0 REG_1B_96602622:SNP.AG * 1B ]> + err
M  Contraint for 96521421:REF 6.0i: 853 == <gurobi.QuadExpr: 883.5 13 + 883.5 27 + 883.5 13_2 + 883.5 27_2 + 883.5 1 + 883.5 1B_2 + 883.5 1B + 883.5 1_2 + [ -883.5 REG_27_96521421:SNP.GA * 27 + -883.5 REG_27_2_96521421:SNP.GA * 27_2 ]> + err
M  Contraint for 13 96602622:SNP.AG: <gurobi.Var 13> >= <gurobi.Var REG_13_96602622:SNP.AG>
M  Contraint for 13 96609751:SNP.CT: <gurobi.Var 13> >= <gurobi.Var REG_13_96609751:SNP.CT>
M  Contraint for 27 96602622:SNP.AG: <gurobi.Var 27> >= <gurobi.Var REG_27_96602622:SNP.AG>
M  Contraint for 27 96521421:SNP.GA: <gurobi.Var 27> >= <gurobi.Var REG_27_96521421:SNP.GA>
M  Contraint for 13_2 96602622:SNP.AG: <gurobi.Var 13_2> >= <gurobi.Var REG_13_2_96602622:SNP.AG>
M  Contraint for 13_2 96609751:SNP.CT: <gurobi.Var 13_2> >= <gurobi.Var REG_13_2_96609751:SNP.CT>
M  Contraint for 27_2 96602622:SNP.AG: <gurobi.Var 27_2> >= <gurobi.Var REG_27_2_96602622:SNP.AG>
M  Contraint for 27_2 96521421:SNP.GA: <gurobi.Var 27_2> >= <gurobi.Var REG_27_2_96521421:SNP.GA>
M  Contraint for 1B_2 96602622:SNP.AG: <gurobi.Var 1B_2> >= <gurobi.Var REG_1B_2_96602622:SNP.AG>
M  Contraint for 1B 96602622:SNP.AG: <gurobi.Var 1B> >= <gurobi.Var REG_1B_96602622:SNP.AG>
M  CN contraint for 1: 2 == <gurobi.LinExpr: 13 + 27 + 13_2 + 27_2 + 1 + 1B_2 + 1B + 1_2>
M  Sentinel contraint for 13: A_13_2 <= A_13
M  Sentinel contraint for 27: A_27_2 <= A_27
M  Sentinel contraint for 1: A_1_2 <= A_1
M  Sentinel contraint for 1B: A_1B_2 <= A_1B
M  Objective: <gurobi.LinExpr: C31 + C32 + C33 + C34 + C35 + C36>
M  Contraint for 13: A_13 * (<gurobi.LinExpr: REG_13_96602622:SNP.AG + REG_13_96609751:SNP.CT> - 2) == 0
M  Contraint for 27: A_27 * (<gurobi.LinExpr: REG_27_96521421:SNP.GA + REG_27_96602622:SNP.AG> - 2) == 0
M  Contraint for 13_2: A_13_2 * (<gurobi.LinExpr: REG_13_2_96602622:SNP.AG + REG_13_2_96609751:SNP.CT> - 2) == 0
M  Contraint for 27_2: A_27_2 * (<gurobi.LinExpr: REG_27_2_96521421:SNP.GA + REG_27_2_96602622:SNP.AG> - 2) == 0
M  Contraint for 1B_2: A_1B_2 * (<gurobi.LinExpr: REG_1B_2_96602622:SNP.AG> - 1) == 0
M  Contraint for 1B: A_1B * (<gurobi.LinExpr: REG_1B_96602622:SNP.AG> - 1) == 0
M  Contraint for 96602622:SNP.AG: 1 <= <gurobi.QuadExpr: 0.0 + [ 13 * REG_13_96602622:SNP.AG + 27 * REG_27_96602622:SNP.AG + 13_2 * REG_13_2_96602622:SNP.AG + 27_2 * REG_27_2_96602622:SNP.AG + 1B_2 * REG_1B_2_96602622:SNP.AG + 1B * REG_1B_96602622:SNP.AG ]>
M  Contraint for 96609751:SNP.CT: 1 <= <gurobi.QuadExpr: 0.0 + [ 13 * REG_13_96609751:SNP.CT + 13_2 * REG_13_2_96609751:SNP.CT ]>
M  Contraint for 96521421:SNP.GA: 1 <= <gurobi.QuadExpr: 0.0 + [ 27 * REG_27_96521421:SNP.GA + 27_2 * REG_27_2_96521421:SNP.GA ]>
M  Contraint for 96602622:SNP.AG: 1 <= <gurobi.QuadExpr: 0.0 + [ 13 * REG_13_96602622:SNP.AG + 27 * REG_27_96602622:SNP.AG + 13_2 * REG_13_2_96602622:SNP.AG + 27_2 * REG_27_2_96602622:SNP.AG + 1B_2 * REG_1B_2_96602622:SNP.AG + 1B * REG_1B_96602622:SNP.AG ]>
M  Contraint for 96602622:SNP.AG: 1 <= <gurobi.QuadExpr: 0.0 + [ 13 * REG_13_96602622:SNP.AG + 27 * REG_27_96602622:SNP.AG + 13_2 * REG_13_2_96602622:SNP.AG + 27_2 * REG_27_2_96602622:SNP.AG + 1B_2 * REG_1B_2_96602622:SNP.AG + 1B * REG_1B_96602622:SNP.AG ]>
M  Contraint for 96609751:SNP.CT: 1 <= <gurobi.QuadExpr: 0.0 + [ 13 * REG_13_96609751:SNP.CT + 13_2 * REG_13_2_96609751:SNP.CT ]>
M  Contraint for 96521421:SNP.GA: 1 <= <gurobi.QuadExpr: 0.0 + [ 27 * REG_27_96521421:SNP.GA + 27_2 * REG_27_2_96521421:SNP.GA ]>
M  Contraint for 96602622:SNP.AG: 1 <= <gurobi.QuadExpr: 0.0 + [ 13 * REG_13_96602622:SNP.AG + 27 * REG_27_96602622:SNP.AG + 13_2 * REG_13_2_96602622:SNP.AG + 27_2 * REG_27_2_96602622:SNP.AG + 1B_2 * REG_1B_2_96602622:SNP.AG + 1B * REG_1B_96602622:SNP.AG ]>
M  Contraint for 96602622:SNP.AG: 1 <= <gurobi.QuadExpr: 0.0 + [ 13 * REG_13_96602622:SNP.AG + 27 * REG_27_96602622:SNP.AG + 13_2 * REG_13_2_96602622:SNP.AG + 27_2 * REG_27_2_96602622:SNP.AG + 1B_2 * REG_1B_2_96602622:SNP.AG + 1B * REG_1B_96602622:SNP.AG ]>
M  Contraint for 96602622:SNP.AG: 1 <= <gurobi.QuadExpr: 0.0 + [ 13 * REG_13_96602622:SNP.AG + 27 * REG_27_96602622:SNP.AG + 13_2 * REG_13_2_96602622:SNP.AG + 27_2 * REG_27_2_96602622:SNP.AG + 1B_2 * REG_1B_2_96602622:SNP.AG + 1B * REG_1B_96602622:SNP.AG ]>
CN Solver status: optimal, opt: 189.0
  solution:
    ('13', '27')
[32;01mCopy number best structures:[39;49;00m
[32;01m  (1) 2x*1-like[39;49;00m
== Refiner ==
Refining ('13', '27')
M  CN constraint for 13: 1 == <gurobi.LinExpr: 13>
M  CN constraint for 27: 1 == <gurobi.LinExpr: 27>
M  Contraint for 96609751:REF 6.8e: 714 == <gurobi.QuadExpr: 652.0 13 + 652.0 27 + [ -652.0 REG_13_96609751:SNP.CT * 13 + -652.0 EXT_27_96609751:SNP.CT * 27 ]> + err
M  Contraint for 96602622:SNP.AG 6.7e: 976 == <gurobi.QuadExpr: 0.0 + [ 489.0 REG_13_96602622:SNP.AG * 13 + 489.0 REG_27_96602622:SNP.AG * 27 ]> + err
M  Contraint for 96609751:SNP.CT 6.8e: 590 == <gurobi.QuadExpr: 0.0 + [ 652.0 REG_13_96609751:SNP.CT * 13 + 652.0 EXT_27_96609751:SNP.CT * 27 ]> + err
M  Contraint for 96521421:SNP.GA 6.0i: 914 == <gurobi.QuadExpr: 0.0 + [ 883.5 EXT_13_96521421:SNP.GA * 13 + 883.5 REG_27_96521421:SNP.GA * 27 ]> + err
M  Contraint for 96602622:REF 6.7e: 2 == <gurobi.QuadExpr: 489.0 13 + 489.0 27 + [ -489.0 REG_13_96602622:SNP.AG * 13 + -489.0 REG_27_96602622:SNP.AG * 27 ]> + err
M  Contraint for 96521421:REF 6.0i: 853 == <gurobi.QuadExpr: 883.5 13 + 883.5 27 + [ -883.5 EXT_13_96521421:SNP.GA * 13 + -883.5 REG_27_96521421:SNP.GA * 27 ]> + err
M  Contraint for MM[missing] 13 96602622:SNP.AG: <gurobi.Var 13> >= <gurobi.Var REG_13_96602622:SNP.AG>
M  Contraint for MM[missing] 13 96609751:SNP.CT: <gurobi.Var 13> >= <gurobi.Var REG_13_96609751:SNP.CT>
M  Contraint for MM[missing] 27 96602622:SNP.AG: <gurobi.Var 27> >= <gurobi.Var REG_27_96602622:SNP.AG>
M  Contraint for MM[missing] 27 96521421:SNP.GA: <gurobi.Var 27> >= <gurobi.Var REG_27_96521421:SNP.GA>
M  Contraint for MA[extra] 13 96521421:SNP.GA: <gurobi.Var 13> >= <gurobi.Var EXT_13_96521421:SNP.GA>
M  Contraint for MA[extra] 27 96609751:SNP.CT: <gurobi.Var 27> >= <gurobi.Var EXT_27_96609751:SNP.CT>
M  Objective: <gurobi.LinExpr: C14 + C15 + C16 + C17 + C18 + C19 + EXT_13_96521421:SNP.GA + EXT_27_96609751:SNP.CT + W>
M  Contraint for 13: <gurobi.LinExpr: REG_13_96602622:SNP.AG + REG_13_96609751:SNP.CT> = 2 * A_<gurobi.Var 13>
M  Contraint for 27: <gurobi.LinExpr: REG_27_96521421:SNP.GA + REG_27_96602622:SNP.AG> = 2 * A_<gurobi.Var 27>
M  Contraint for 96602622:SNP.AG: 1 <= <gurobi.QuadExpr: 0.0 + [ REG_13_96602622:SNP.AG * 13 + REG_27_96602622:SNP.AG * 27 ]> <= 2
M  Contraint for 96602622:SNP.AG: <gurobi.QuadExpr: 0.0 + [ REG_13_96602622:SNP.AG * 13 + REG_27_96602622:SNP.AG * 27 ]> <= 2
M  Contraint for 96609751:SNP.CT: 1 <= <gurobi.QuadExpr: 0.0 + [ REG_13_96609751:SNP.CT * 13 ]> <= 1
M  Contraint for 96609751:SNP.CT: <gurobi.QuadExpr: 0.0 + [ REG_13_96609751:SNP.CT * 13 ]> <= 1
M  Contraint for 96521421:SNP.GA: 1 <= <gurobi.QuadExpr: 0.0 + [ REG_27_96521421:SNP.GA * 27 ]> <= 2
M  Contraint for 96521421:SNP.GA: <gurobi.QuadExpr: 0.0 + [ REG_27_96521421:SNP.GA * 27 ]> <= 2
CN Solver status: optimal, opt: 189.0
  13: 1
    6.7e 96602622:SNP.AG  976 (100 cp. 2) F
    6.8e 96609751:SNP.CT  590 ( 45 cp. 1) F
  27: 1
    6.7e 96602622:SNP.AG  976 (100 cp. 2) F
    6.0i 96521421:SNP.GA  914 ( 52 cp. 1) F
Missing:
  13: 1
  27: 1
Extra:
  13: 1
  27: 1
Time needed: (17.7)
Result is: [('13', '27')]
