SAM file: bams/NA19834.bam
File bams/NA19834.bam has index
Coverage is 408.563561533
== Allele Filter ==
 6.0i   96521656: SNP.CT     -806:C>T     520 ( 47%) ~     0 (  0)
 6.1e   96522560: SNP.CT     99:C>T      1121 (100%) ~     0 (  0)
 6.1i   96522988: SNP.AT                   11 ( 65%) ~     0 (  0)
 6.1i   96534583: SNP.GA     12122:G>A     27 ( 42%) ~     0 (  0)
 6.3i   96536454: SNP.TA                   28 ( 61%) ~     0 (  0)
 6.5i   96580028: SNP.AT                   47 ( 57%) ~     0 (  0)
 6.6i   96602150: DEL.T                     2 ( 33%) ~     0 (  0)
 6.6i   96602170: SNP.AG                    3 ( 38%) ~     0 (  0)
 6.6i   96602173: SNP.CA                    2 ( 22%) ~     0 (  0)
 6.6i   96602176: SNP.CA                    4 ( 44%) ~     0 (  0)
 6.6i   96602178: SNP.GA                    2 ( 25%) ~     0 (  0)
 6.6i   96602180: SNP.TA                    2 ( 22%) ~     0 (  0)
 6.6i   96602184: SNP.TA                    3 ( 30%) ~     0 (  0)
 6.6i   96602185: SNP.AG                    4 ( 40%) ~     0 (  0)
 6.6i   96602188: SNP.TC                    2 ( 20%) ~     0 (  0)
 6.6i   96602189: SNP.CT                    4 ( 44%) ~     0 (  0)
 6.6i   96602192: SNP.GT                    5 ( 45%) ~     0 (  0)
 6.6i   96602196: SNP.CT                    7 ( 64%) ~     0 (  0)
 6.6i   96602200: SNP.AT                    5 ( 45%) ~     0 (  0)
 6.6i   96602202: SNP.CT                    5 ( 45%) ~     0 (  0)
 6.6i   96602205: DEL.G                     2 ( 20%) ~     0 (  0)
 6.6i   96602209: SNP.GT                    3 ( 27%) ~     0 (  0)
 6.6i   96602213: SNP.GT                    5 ( 42%) ~     0 (  0)
 6.6i   96602215: SNP.CT                    6 ( 50%) ~     0 (  0)
 6.6i   96602220: SNP.GT                    3 ( 23%) ~     0 (  0)
 6.6i   96602221: SNP.AT                    5 ( 42%) ~     0 (  0)
 6.6i   96602228: SNP.AT                    5 ( 38%) ~     0 (  0)
 6.6i   96602578: SNP.CA                  342 ( 52%) ~     0 (  0)
 6.7e   96602622: SNP.AG     80161:A>G    817 (100%) ~     0 (  0)
 6.7i   96609381: SNP.TC                    2 (  7%) ~     0 (  0)
 6.7i   96609388: SNP.TC                    5 ( 16%) ~     0 (  0)
 6.7i   96609395: SNP.AC                    8 ( 24%) ~     0 (  0)
 6.7i   96609395: SNP.AT                    2 (  6%) ~     0 (  0)
 6.7i   96609400: SNP.AC                    6 ( 17%) ~     0 (  0)
 6.7i   96609402: SNP.AC                   11 ( 29%) ~     0 (  0)
 6.7i   96609403: SNP.AC                    2 (  5%) ~     0 (  0)
 6.7i   96609404: SNP.CA                    2 (  5%) ~     0 (  0)
 6.7i   96609405: SNP.AC                    2 (  5%) ~     0 (  0)
 6.7i   96609406: SNP.GC                    3 (  8%) ~     0 (  0)
 6.7i   96609406: SNP.GA                    3 (  8%) ~     0 (  0)
 6.7i   96609407: SNP.TC                    2 (  5%) ~     0 (  0)
 6.7i   96609407: SNP.TA                    5 ( 14%) ~     0 (  0)
 6.7i   96609407: SNP.TG                    3 (  8%) ~     0 (  0)
 6.7i   96609412: SNP.GC                    8 ( 17%) ~     0 (  0)
 6.7i   96609413: SNP.AC                    3 (  6%) ~     0 (  0)
 6.7i   96609416: SNP.TC                    4 (  9%) ~     0 (  0)
 6.7i   96609416: SNP.TG                    8 ( 17%) ~     0 (  0)
 6.7i   96609418: SNP.TG                    4 (  9%) ~     0 (  0)
 6.7i   96609425: SNP.CT                    3 (  5%) ~     0 (  0)
 6.7i   96609429: SNP.TC                    5 (  8%) ~     0 (  0)
 6.7i   96609440: SNP.AC                    7 ( 10%) ~     0 (  0)
 6.8i   96612039: SNP.GA                    6 ( 75%) ~     0 (  0)
 6.8i   96612370: SNP.CT                  277 ( 53%) ~     0 (  0)
Removing 10    6.5e 96541614:SNP.CT
Removing 11    6.3e 96535263:SNP.GA
Removing 12    6.9e 96612670:SNP.AC
Removing 13    6.8e 96609751:SNP.CT
Removing 14    6.1e 96522511:SNP.TC
Removing 15    6.1e 96522516:SNP.AC
Removing 16    6.9e 96612521:SNP.CT
Removing 18    6.7e 96602617:SNP.GA
Removing 19    6.1e 96522612:SNP.AG
Removing 2H    6.5e 96541615:SNP.GA,  6.7e 96602621:SNP.CT,  6.8e 96609709:SNP.CG,  6.2i 96535123:SNP.AG
Removing 2D    6.2i 96535123:SNP.AG,  6.5e 96541615:SNP.GA,  6.7e 96602621:SNP.CT,  6.8e 96609736:SNP.GA
Removing 2E    6.5e 96541615:SNP.GA,  6.5e 96541747:SNP.GA,  6.7e 96602621:SNP.CT,  6.2i 96535123:SNP.AG
Removing 2F    6.5e 96541615:SNP.GA,  6.7e 96602621:SNP.CT,  6.7e 96602652:SNP.GA,  6.2i 96535123:SNP.AG
Removing 2G    6.5e 96541615:SNP.GA,  6.7e 96602621:SNP.CT,  6.7e 96602710:SNP.AT,  6.2i 96535123:SNP.AG
Removing 2A    6.5e 96541615:SNP.GA,  6.7e 96602621:SNP.CT,  6.2i 96535123:SNP.AG
Removing 2B    6.2e 96534921:SNP.GC,  6.5e 96541615:SNP.GA,  6.7e 96602621:SNP.CT,  6.2i 96535123:SNP.AG
Removing 2C    6.2i 96535123:SNP.AG,  6.3e 96535295:SNP.GC,  6.5e 96541615:SNP.GA,  6.7e 96602621:SNP.CT
Removing 2J    6.5e 96541615:SNP.GA,  6.7e 96602621:SNP.CT,  6.8e 96609784:SNP.AC,  6.2i 96535123:SNP.AG
Removing 22    6.4e 96540330:SNP.GC
Removing 23    6.2e 96534916:SNP.GC
Removing 24    6.7e 96602635:SNP.GA
Removing 25    6.9e 96612541:SNP.CG
Removing 26    6.5e 96541700:SNP.GA
Removing 27    6.0i 96521421:SNP.GA
Removing 28    6.1e 96522516:SNP.AC,  6.7e 96602751:SNP.GA
Removing 29    6.1e 96522544:SNP.AT
Removing 3C    6.3e 96535221:SNP.TA,  6.4e 96540409:SNP.GA
Removing 3B    6.4e 96540409:SNP.GA,  6.7e 96602709:SNP.GA
Removing 3A    6.4e 96540409:SNP.GA
Removing 30    6.2e 96534862:SNP.CT
Removing 31    6.2e 96534877:SNP.CT
Removing 32    6.2e 96534941:SNP.AG
Removing 33    6.4e 96540335:SNP.GA
Removing 34    6.1e 96522468:SNP.CT,  6.1e 96522471:SNP.TC
Removing 35    6.2i 96535123:SNP.AG
Removing 4B    6.1e 96522462:SNP.AG
Removing 4A    6.1e 96522462:SNP.AG
Removing 5A    6.9e 96612494:SNP.CT
Removing 5B    6.9e 96612494:SNP.CT
Removing 6     6.3e 96535209:SNP.GA
Removing 7     6.5i 96541755:SNP.TA
Removing 8     6.3e 96535172:SNP.TC
Removing 8X    6.3e 96535172:SNP.TC
Removing 9     6.3e 96535245:SNP.GA
Initial status
  CYP2D6.1C
    6.7e           96602622:SNP.AG  817 (100) F 80161:A>G
  CYP2D6.1B
    6.1e           96522560:SNP.CT 1121 (100)   99:C>T
    6.7e           96602622:SNP.AG  817 (100) F 80161:A>G
  CYP2D6.1
  CYP2D6.17
    6.0i           96519060:SNP.CT    0 (  0)   -3402:C>T
    6.0i           96521656:SNP.CT  520 ( 47) F -806:C>T
    6.1e           96522560:SNP.CT 1121 (100)   99:C>T
    6.7e           96602622:SNP.AG  817 (100) F 80161:A>G
== Copy Number Estimator ==
CNV factor: 1.2814250037 (0.780381213971)
Coverage per region
  region:  2D6  2D7
  0i   :  1.98
  1e   :  2.02
  1i   :  1.98
  2e   :  1.99
  2i   :  1.83
  3e   :  1.93
  3i   :  1.91
  4e   :  1.91
  4i   :  1.95
  5e   :  1.98
  5i   :  2.01
  6e   :  2.29
  6i   :  2.08
  7e   :  1.95
  7i   :  1.98
  8e   :  2.00
  8i   :  2.00
  9e   :  1.93
Max. CN = 2
M  Sentinel contraint for 1: A_1^ <= A_1
M  Contraint for 7e: 1.94503731072 == E_7e + <gurobi.LinExpr: A1 + A1^>
M  Contraint for 6e: 2.29234473833 == E_6e + <gurobi.LinExpr: A1 + A1^>
M  Contraint for 9e: 1.92668357556 == E_9e + <gurobi.LinExpr: A1 + A1^>
M  Contraint for 8e: 2.00238957925 == E_8e + <gurobi.LinExpr: A1 + A1^>
M  Contraint for 2e: 1.98603448083 == E_2e + <gurobi.LinExpr: A1 + A1^>
M  Contraint for 1e: 2.0187099402 == E_1e + <gurobi.LinExpr: A1 + A1^>
M  Contraint for 5e: 1.98074159273 == E_5e + <gurobi.LinExpr: A1 + A1^>
M  Contraint for 4e: 1.91253830477 == E_4e + <gurobi.LinExpr: A1 + A1^>
M  Contraint for 3e: 1.92898441268 == E_3e + <gurobi.LinExpr: A1 + A1^>
M  Objective: <gurobi.LinExpr: C11 + C12 + C13 + C14 + C15 + C16 + C17 + C18 + C19 + 0.5 A1 + 0.5 A1^>
CN Solver status: optimal, opt: 1.63342458048
  Solutions:
    ('1', '1^')
== Initial Solver ==
Solving Counter({'1': 2})
Possible candidates:
  CYP2D6.1
  CYP2D6.1B
    6.7e 96602622:SNP.AG  817 (100) F 80161:A>G
  CYP2D6.17
    6.0i 96521656:SNP.CT  520 ( 47) F -806:C>T
    6.7e 96602622:SNP.AG  817 (100) F 80161:A>G
M  Max. CN for 1 = 2
M  Max. CN for 1B = 2
M  Max. CN for 17 = 2
M  Contraint for 96602622:REF 6.7e: 0 == <gurobi.QuadExpr: 408.5 17 + 408.5 17_2 + 408.5 1 + 408.5 1B_2 + 408.5 1B + 408.5 1_2 + [ -408.5 REG_17_96602622:SNP.AG * 17 + -408.5 REG_17_2_96602622:SNP.AG * 17_2 + -408.5 REG_1B_2_96602622:SNP.AG * 1B_2 + -408.5 REG_1B_96602622:SNP.AG * 1B ]> + err
M  Contraint for 96602622:SNP.AG 6.7e: 817 == <gurobi.QuadExpr: 0.0 + [ 408.5 REG_17_96602622:SNP.AG * 17 + 408.5 REG_17_2_96602622:SNP.AG * 17_2 + 408.5 REG_1B_2_96602622:SNP.AG * 1B_2 + 408.5 REG_1B_96602622:SNP.AG * 1B ]> + err
M  Contraint for 96521656:SNP.CT 6.0i: 520 == <gurobi.QuadExpr: 0.0 + [ 554.5 REG_17_96521656:SNP.CT * 17 + 554.5 REG_17_2_96521656:SNP.CT * 17_2 ]> + err
M  Contraint for 96521656:REF 6.0i: 589 == <gurobi.QuadExpr: 554.5 17 + 554.5 17_2 + 554.5 1 + 554.5 1B_2 + 554.5 1B + 554.5 1_2 + [ -554.5 REG_17_96521656:SNP.CT * 17 + -554.5 REG_17_2_96521656:SNP.CT * 17_2 ]> + err
M  Contraint for 17 96602622:SNP.AG: <gurobi.Var 17> >= <gurobi.Var REG_17_96602622:SNP.AG>
M  Contraint for 17 96521656:SNP.CT: <gurobi.Var 17> >= <gurobi.Var REG_17_96521656:SNP.CT>
M  Contraint for 17_2 96602622:SNP.AG: <gurobi.Var 17_2> >= <gurobi.Var REG_17_2_96602622:SNP.AG>
M  Contraint for 17_2 96521656:SNP.CT: <gurobi.Var 17_2> >= <gurobi.Var REG_17_2_96521656:SNP.CT>
M  Contraint for 1B_2 96602622:SNP.AG: <gurobi.Var 1B_2> >= <gurobi.Var REG_1B_2_96602622:SNP.AG>
M  Contraint for 1B 96602622:SNP.AG: <gurobi.Var 1B> >= <gurobi.Var REG_1B_96602622:SNP.AG>
M  CN contraint for 1: 2 == <gurobi.LinExpr: 17 + 17_2 + 1 + 1B_2 + 1B + 1_2>
M  Sentinel contraint for 17: A_17_2 <= A_17
M  Sentinel contraint for 1: A_1_2 <= A_1
M  Sentinel contraint for 1B: A_1B_2 <= A_1B
M  Objective: <gurobi.LinExpr: C20 + C21 + C22 + C23>
M  Contraint for 17: A_17 * (<gurobi.LinExpr: REG_17_96521656:SNP.CT + REG_17_96602622:SNP.AG> - 2) == 0
M  Contraint for 17_2: A_17_2 * (<gurobi.LinExpr: REG_17_2_96521656:SNP.CT + REG_17_2_96602622:SNP.AG> - 2) == 0
M  Contraint for 1B_2: A_1B_2 * (<gurobi.LinExpr: REG_1B_2_96602622:SNP.AG> - 1) == 0
M  Contraint for 1B: A_1B * (<gurobi.LinExpr: REG_1B_96602622:SNP.AG> - 1) == 0
M  Contraint for 96521656:SNP.CT: 1 <= <gurobi.QuadExpr: 0.0 + [ 17 * REG_17_96521656:SNP.CT + 17_2 * REG_17_2_96521656:SNP.CT ]>
M  Contraint for 96602622:SNP.AG: 1 <= <gurobi.QuadExpr: 0.0 + [ 17 * REG_17_96602622:SNP.AG + 17_2 * REG_17_2_96602622:SNP.AG + 1B_2 * REG_1B_2_96602622:SNP.AG + 1B * REG_1B_96602622:SNP.AG ]>
M  Contraint for 96521656:SNP.CT: 1 <= <gurobi.QuadExpr: 0.0 + [ 17 * REG_17_96521656:SNP.CT + 17_2 * REG_17_2_96521656:SNP.CT ]>
M  Contraint for 96602622:SNP.AG: 1 <= <gurobi.QuadExpr: 0.0 + [ 17 * REG_17_96602622:SNP.AG + 17_2 * REG_17_2_96602622:SNP.AG + 1B_2 * REG_1B_2_96602622:SNP.AG + 1B * REG_1B_96602622:SNP.AG ]>
M  Contraint for 96602622:SNP.AG: 1 <= <gurobi.QuadExpr: 0.0 + [ 17 * REG_17_96602622:SNP.AG + 17_2 * REG_17_2_96602622:SNP.AG + 1B_2 * REG_1B_2_96602622:SNP.AG + 1B * REG_1B_96602622:SNP.AG ]>
M  Contraint for 96602622:SNP.AG: 1 <= <gurobi.QuadExpr: 0.0 + [ 17 * REG_17_96602622:SNP.AG + 17_2 * REG_17_2_96602622:SNP.AG + 1B_2 * REG_1B_2_96602622:SNP.AG + 1B * REG_1B_96602622:SNP.AG ]>
CN Solver status: optimal, opt: 69.0
  solution:
    ('17', '1B')
[32;01mCopy number best structures:[39;49;00m
[32;01m  (1) 2x*1-like[39;49;00m
== Refiner ==
Refining ('17', '1B')
M  CN constraint for 1B: 1 == <gurobi.LinExpr: 1C + 1B>
M  CN constraint for 17: 1 == <gurobi.LinExpr: 17>
M  Contraint for 96521656:REF 6.0i: 589 == <gurobi.QuadExpr: 554.5 1C + 554.5 1B + 554.5 17 + [ -554.5 EXT_1C_96521656:SNP.CT * 1C + -554.5 EXT_1B_96521656:SNP.CT * 1B + -554.5 REG_17_96521656:SNP.CT * 17 ]> + err
M  Contraint for 96519060:SNP.CT 6.0i: 0 == <gurobi.QuadExpr: 0.0 + [ 0.0 EXT_1C_96519060:SNP.CT * 1C + 0.0 EXT_1B_96519060:SNP.CT * 1B + 0.0 REG_17_96519060:SNP.CT * 17 ]> + err
M  Contraint for 96602622:SNP.AG 6.7e: 817 == <gurobi.QuadExpr: 0.0 + [ 408.5 REG_1C_96602622:SNP.AG * 1C + 408.5 REG_1B_96602622:SNP.AG * 1B + 408.5 REG_17_96602622:SNP.AG * 17 ]> + err
M  Contraint for 96602622:REF 6.7e: 0 == <gurobi.QuadExpr: 408.5 1C + 408.5 1B + 408.5 17 + [ -408.5 REG_1C_96602622:SNP.AG * 1C + -408.5 REG_1B_96602622:SNP.AG * 1B + -408.5 REG_17_96602622:SNP.AG * 17 ]> + err
M  Contraint for 96519060:REF 6.0i: 0 == <gurobi.QuadExpr: 0.0 + [ -0.0 EXT_1C_96519060:SNP.CT * 1C + -0.0 EXT_1B_96519060:SNP.CT * 1B + -0.0 REG_17_96519060:SNP.CT * 17 ]> + err
M  Contraint for 96521656:SNP.CT 6.0i: 520 == <gurobi.QuadExpr: 0.0 + [ 554.5 EXT_1C_96521656:SNP.CT * 1C + 554.5 EXT_1B_96521656:SNP.CT * 1B + 554.5 REG_17_96521656:SNP.CT * 17 ]> + err
M  Contraint for 96522560:SNP.CT 6.1e: 1121 == <gurobi.QuadExpr: 0.0 + [ 560.5 EXT_1C_96522560:SNP.CT * 1C + 560.5 REG_1B_96522560:SNP.CT * 1B + 560.5 REG_17_96522560:SNP.CT * 17 ]> + err
M  Contraint for 96522560:REF 6.1e: 0 == <gurobi.QuadExpr: 560.5 1C + 560.5 1B + 560.5 17 + [ -560.5 EXT_1C_96522560:SNP.CT * 1C + -560.5 REG_1B_96522560:SNP.CT * 1B + -560.5 REG_17_96522560:SNP.CT * 17 ]> + err
M  Contraint for MM[missing] 1C 96602622:SNP.AG: <gurobi.Var 1C> >= <gurobi.Var REG_1C_96602622:SNP.AG>
M  Contraint for MM[missing] 1B 96602622:SNP.AG: <gurobi.Var 1B> >= <gurobi.Var REG_1B_96602622:SNP.AG>
M  Contraint for MM[missing] 1B 96522560:SNP.CT: <gurobi.Var 1B> >= <gurobi.Var REG_1B_96522560:SNP.CT>
M  Contraint for MM[missing] 17 96519060:SNP.CT: <gurobi.Var 17> >= <gurobi.Var REG_17_96519060:SNP.CT>
M  Contraint for MM[missing] 17 96602622:SNP.AG: <gurobi.Var 17> >= <gurobi.Var REG_17_96602622:SNP.AG>
M  Contraint for MM[missing] 17 96521656:SNP.CT: <gurobi.Var 17> >= <gurobi.Var REG_17_96521656:SNP.CT>
M  Contraint for MM[missing] 17 96522560:SNP.CT: <gurobi.Var 17> >= <gurobi.Var REG_17_96522560:SNP.CT>
M  Contraint for MA[extra] 1C 96519060:SNP.CT: <gurobi.Var 1C> >= <gurobi.Var EXT_1C_96519060:SNP.CT>
M  Contraint for MA[extra] 1C 96521656:SNP.CT: <gurobi.Var 1C> >= <gurobi.Var EXT_1C_96521656:SNP.CT>
M  Contraint for MA[extra] 1C 96522560:SNP.CT: <gurobi.Var 1C> >= <gurobi.Var EXT_1C_96522560:SNP.CT>
M  Contraint for MA[extra] 1B 96519060:SNP.CT: <gurobi.Var 1B> >= <gurobi.Var EXT_1B_96519060:SNP.CT>
M  Contraint for MA[extra] 1B 96521656:SNP.CT: <gurobi.Var 1B> >= <gurobi.Var EXT_1B_96521656:SNP.CT>
M  Objective: <gurobi.LinExpr: C23 + C24 + C25 + C26 + C27 + C28 + C29 + C30 + EXT_1C_96519060:SNP.CT + EXT_1C_96521656:SNP.CT + EXT_1C_96522560:SNP.CT + EXT_1B_96519060:SNP.CT + EXT_1B_96521656:SNP.CT + W>
M  Contraint for 1C: <gurobi.LinExpr: REG_1C_96602622:SNP.AG> = 1 * A_<gurobi.Var 1C>
M  Contraint for 1B: <gurobi.LinExpr: REG_1B_96602622:SNP.AG> = 1 * A_<gurobi.Var 1B>
M  Contraint for 17: <gurobi.LinExpr: REG_17_96521656:SNP.CT + REG_17_96602622:SNP.AG> = 2 * A_<gurobi.Var 17>
M  Contraint for 96519060:SNP.CT: 0 >= <gurobi.LinExpr: REG_17_96519060:SNP.CT>
M  Contraint for 96521656:SNP.CT: 1 <= <gurobi.QuadExpr: 0.0 + [ REG_17_96521656:SNP.CT * 17 ]> <= 1
M  Contraint for 96521656:SNP.CT: <gurobi.QuadExpr: 0.0 + [ REG_17_96521656:SNP.CT * 17 ]> <= 1
M  Contraint for 96519060:SNP.CT: 0 <= <gurobi.QuadExpr: 0.0 + [ REG_17_96519060:SNP.CT * 17 + EXT_1C_96519060:SNP.CT * 1C + EXT_1B_96519060:SNP.CT * 1B ]> <= 1
M  Contraint for 96602622:SNP.AG: 2 <= <gurobi.QuadExpr: 0.0 + [ REG_1C_96602622:SNP.AG * 1C + REG_1B_96602622:SNP.AG * 1B + REG_17_96602622:SNP.AG * 17 ]> <= 3
M  Contraint for 96602622:SNP.AG: <gurobi.QuadExpr: 0.0 + [ REG_1C_96602622:SNP.AG * 1C + REG_1B_96602622:SNP.AG * 1B + REG_17_96602622:SNP.AG * 17 ]> <= 3
M  Contraint for 96522560:SNP.CT: 2 <= <gurobi.QuadExpr: 0.0 + [ REG_1B_96522560:SNP.CT * 1B + REG_17_96522560:SNP.CT * 17 + EXT_1C_96522560:SNP.CT * 1C ]> <= 3
CN Solver status: optimal, opt: 71.0
  1B: 1
    6.7e 96602622:SNP.AG  817 (100 cp. 2) F
    6.1e 96522560:SNP.CT 1121 (100 cp. 2) 
  17: 1
    6.7e 96602622:SNP.AG  817 (100 cp. 2) F
    6.0i 96521656:SNP.CT  520 ( 47 cp. 1) F
    6.1e 96522560:SNP.CT 1121 (100 cp. 2) 
Missing:
  1B: 1
  17: 1
    6.0i 96519060:SNP.CT    0 (  0)   rs11188072   -3402:C>T
Extra:
  1B: 1
  17: 1
Time needed: (14.5)
Result is: [('1B', '17')]
