SAM file: bams/NA19901.bam
File bams/NA19901.bam has index
Coverage is 539.21426983
== Allele Filter ==
Refining indel 42527886:INS.t: from 38 of 549.0 to 71 (indel:total = 38:291)
 6.rep  42519465: DEL.T                     3 ( 60%) ~     0 (  0)
 6.rep  42521441: SNP.GA                  149 ( 25%) ~   140 ( 94)
 6.rep  42521623: SNP.CG                   36 (  7%) ~    36 (100)
 6.rep  42521628: SNP.TG                   37 (  7%) ~    31 ( 84)
 6.rep  42521634: SNP.AG                   30 (  6%) ~    30 (100)
 6.rep  42521638: SNP.TG                   38 (  7%) ~    26 ( 68)
 6.rep  42521644: SNP.AG                   28 (  5%) ~    28 (100)
 6.rep  42521648: SNP.TG                   42 (  7%) ~    27 ( 64)
 6.rep  42521654: SNP.AG                   35 (  6%) ~    17 ( 49)
 6.rep  42521658: SNP.TG                   30 (  5%) ~     9 ( 30)
 6.rep  42521864: SNP.CT                  362 ( 39%) ~    18 (  5)
 6.ins  42522137: INS.tgt                 406 ( 84%) ~    19 (  5)
 6.ins  42522497: SNP.GA                   98 ( 15%) ~    98 (100)
 6.7i   42523210: SNP.TC     3582:A>G      47 (  7%) ~    45 ( 96)
 6.7i   42523240: SNP.GA                   48 (  6%) ~    47 ( 98)
 6.7i   42523247: INS.t                    42 (  6%) ~    37 ( 88)
 6.7i   42523314: SNP.TC                   59 (  6%) ~    20 ( 34)
 6.7i   42523408: SNP.TG     3384:A>C     550 ( 45%) ~    69 ( 13)
 6.7e   42523504: SNP.CT     3288:G>A      69 (  7%) ~    16 ( 23)
 6.7e   42523513: SNP.CT                   52 (  5%) ~    17 ( 33)
 6.7e   42523527: SNP.CT                  148 ( 16%) ~    28 ( 19)
 6.7e   42523538: SNP.AG     3254:T>C     182 ( 19%) ~    44 ( 24)
 6.7e   42523557: SNP.TC     3235:A>G     129 ( 14%) ~    22 ( 17)
 6.7e   42523635: SNP.CA                   48 (  6%) ~     8 ( 17)
 6.5i   42524079: SNP.TG                   71 (  8%) ~     1 (  1)
 6.5i   42524142: SNP.AC                   63 (  7%) ~     0 (  0)
 6.4i   42524707: SNP.TC                  374 ( 31%) ~    42 ( 11)
 6.4i   42524712: SNP.CG                  386 ( 32%) ~    36 (  9)
 6.4i   42524742: SNP.GA                  471 ( 38%) ~    51 ( 11)
 6.4e   42524794: SNP.AG                  524 ( 43%) ~    58 ( 11)
 6.4e   42524923: SNP.AG     1869:T>C     165 ( 25%) ~    41 ( 25)
 6.3i   42524962: SNP.CG                  222 ( 43%) ~     7 (  3)
 6.3i   42524974: SNP.CT                   29 (  6%) ~    11 ( 38)
 6.3i   42524981: SNP.CT                   50 ( 10%) ~    19 ( 38)
 6.2i   42525504: SNP.CG                  579 (100%) ~     0 (  0)
 6.2i   42525505: SNP.GC                  574 (100%) ~     0 (  0)
 6.2e   42525792: SNP.TG                   25 (  6%) ~     0 (  0)
 6.2e   42525799: SNP.TG                   30 (  7%) ~     0 (  0)
 6.1e   42526695: SNP.TG                   30 (  5%) ~     0 (  0)
 6.0i   42526836: INS.c                   325 ( 51%) ~     7 (  2)
 6.0i   42527470: SNP.CT     -678:G>A     121 ( 16%) ~   121 (100)
 6.0i   42527886: INS.t      -1094:insA    71 ( 13%) ~     0 (  0)
 6.0i   42527955: SNP.AC                   15 (  6%) ~     0 (  0)
 6.0i   42527975: SNP.TG                   29 ( 14%) ~     0 (  0)
 6.0i   42527978: SNP.AC                   19 (  9%) ~     0 (  0)
 6.0i   42527978: SNP.AG                   34 ( 16%) ~     0 (  0)
 6.0i   42527984: SNP.TC                   28 ( 13%) ~     0 (  0)
 6.0i   42527985: SNP.GC                   15 (  8%) ~     0 (  0)
 6.0i   42527988: SNP.TC                   53 ( 26%) ~     0 (  0)
 6.0i   42527994: SNP.GA                   12 (  6%) ~     0 (  0)
 6.0i   42527995: SNP.TG                   14 (  7%) ~     0 (  0)
 6.0i   42527998: SNP.CG                   20 ( 10%) ~     0 (  0)
 6.0i   42527999: SNP.TG                   18 (  9%) ~     0 (  0)
 6.0i   42528003: SNP.AG                   22 ( 12%) ~     0 (  0)
 6.0i   42528007: SNP.CA                   15 (  8%) ~     0 (  0)
 6.0i   42528012: SNP.AC                   53 ( 30%) ~     0 (  0)
 6.0i   42528015: SNP.AC                   66 ( 37%) ~     0 (  0)
 6.0i   42528019: SNP.AC                   27 ( 16%) ~     0 (  0)
 6.0i   42528020: SNP.GC                   17 ( 10%) ~     0 (  0)
 6.0i   42528026: DEL.TTCTT                 8 (  6%) ~     0 (  0)
 6.0i   42528027: SNP.TC     -1235:A>G      5 (  6%) ~     0 (  0)
 6.0i   42528027: DEL.TC                   14 ( 16%) ~     0 (  0)
 6.0i   42528140: SNP.AG                    2 (  6%) ~     0 (  0)
 7.rep  42531699: SNP.CT                  362 (100%) ~   166 ( 46)
 7.rep  42531791: SNP.TC                  410 (100%) ~   311 ( 76)
 7.rep  42532266: SNP.TC                  511 (100%) ~   511 (100)
 7.rep  42532958: SNP.AG                  455 (100%) ~   455 (100)
 7.rep  42533597: SNP.GA                  157 ( 27%) ~   154 ( 98)
 7.rep  42533779: SNP.CG                   33 ( 10%) ~    33 (100)
 7.rep  42533784: SNP.TG                   35 ( 11%) ~    35 (100)
 7.rep  42533790: SNP.AG                   25 (  8%) ~    25 (100)
 7.rep  42533794: SNP.TG                   32 ( 11%) ~    32 (100)
 7.rep  42533800: SNP.AG                   37 ( 13%) ~    37 (100)
 7.rep  42533804: SNP.TG                   34 ( 12%) ~    31 ( 91)
 7.rep  42533810: SNP.AG                   22 (  8%) ~    22 (100)
 7.rep  42533814: SNP.TG                   17 (  6%) ~    14 ( 82)
 7.rep  42533904: SNP.AG                  158 (100%) ~     0 (  0)
 7.rep  42534050: SNP.AG                  422 (100%) ~     0 (  0)
 7.rep  42534074: SNP.GA                  470 (100%) ~     0 (  0)
 7.pce  42534125: SNP.GT                  392 (100%) ~     0 (  0)
 7.pce  42534147: SNP.CT                  322 (100%) ~     0 (  0)
 7.pce  42534275: SNP.CG                  123 (100%) ~     0 (  0)
 7.pce  42534396: SNP.TG                   16 ( 15%) ~     0 (  0)
 7.pce  42534398: SNP.CG                    7 (  6%) ~     0 (  0)
 7.pce  42534400: SNP.TC                    9 (  8%) ~     0 (  0)
 7.pce  42534409: SNP.AC                    8 (  7%) ~     0 (  0)
 7.pce  42534415: SNP.TG                    7 (  6%) ~     0 (  0)
 7.pce  42534455: SNP.AC                    7 (  5%) ~     0 (  0)
 7.pce  42534599: SNP.TC                  135 (100%) ~     0 (  0)
 7.pce  42534681: SNP.TC                   89 (100%) ~     0 (  0)
 7.pce  42534713: SNP.GT                    4 (  5%) ~     0 (  0)
 7.pce  42534864: DEL.TG                   11 (100%) ~     0 (  0)
 7.ins  42535817: SNP.AG                  154 ( 16%) ~    12 (  8)
 7.ins  42536210: SNP.GA                  600 ( 71%) ~   110 ( 18)
 7.9e   42536410: SNP.TG                   54 ( 11%) ~     0 (  0)
 7.8e   42536652: SNP.TC                  148 ( 16%) ~   108 ( 73)
 7.7i   42536923: SNP.CT                   75 ( 10%) ~    38 ( 51)
 7.7i   42537022: SNP.TC                  179 ( 33%) ~    36 ( 20)
 7.7i   42537028: SNP.CT                  159 ( 31%) ~    34 ( 21)
 7.7i   42537114: SNP.CT                  161 (100%) ~    84 ( 52)
 7.7i   42537119: INS.a                   156 ( 88%) ~    81 ( 52)
 7.7i   42537126: SNP.AG                  183 (100%) ~    78 ( 43)
 7.7e   42537195: SNP.TC                  388 (100%) ~    14 (  4)
 7.7e   42537217: SNP.TC                  131 ( 32%) ~     3 (  2)
 7.7e   42537226: SNP.TC                  129 ( 30%) ~     3 (  2)
 7.7e   42537240: SNP.CT                  144 ( 32%) ~     3 (  2)
 7.7e   42537270: SNP.TC                  180 ( 38%) ~     3 (  2)
 7.6i   42537403: SNP.GC                  654 (100%) ~     2 (  0)
 7.6e   42537596: SNP.AG                  518 (100%) ~     0 (  0)
 7.5i   42537781: SNP.TG                   72 (  8%) ~     0 (  0)
 7.5i   42537844: SNP.AC                   51 (  5%) ~     0 (  0)
 7.5e   42538028: SNP.AG                  361 ( 52%) ~     0 (  0)
 7.4i   42538102: SNP.TC                  725 (100%) ~     4 (  1)
 7.4i   42538228: SNP.GA                  828 (100%) ~    21 (  3)
 7.4i   42538398: SNP.CT                  444 (100%) ~    54 ( 12)
 7.4i   42538461: SNP.AG                  104 (100%) ~    52 ( 50)
 7.4i   42538466: SNP.CT                    7 ( 11%) ~     1 ( 14)
 7.4i   42538466: INS.t                    56 ( 86%) ~    35 ( 62)
 7.4i   42538469: SNP.TC                   15 ( 21%) ~    14 ( 93)
 7.4i   42538469: INS.cgg                  54 ( 75%) ~    35 ( 65)
 7.4i   42538470: INS.ctctc                57 ( 60%) ~    35 ( 61)
 7.4i   42538470: INS.ctc                   7 (  7%) ~     0 (  0)
 7.4e   42538617: SNP.AG                  384 ( 86%) ~    64 ( 17)
 7.3i   42538668: SNP.CT                  237 ( 54%) ~    16 (  7)
 7.3i   42538703: SNP.GT                  217 ( 52%) ~    16 (  7)
 7.3e   42538875: SNP.AT                  324 ( 96%) ~     1 (  0)
 7.2i   42538896: SNP.AG                  317 (100%) ~     0 (  0)
 7.2i   42539393: DEL.C                   183 ( 45%) ~     0 (  0)
 7.2e   42539463: SNP.TG                   46 ( 16%) ~     0 (  0)
 7.2e   42539485: SNP.TG                   27 (  9%) ~     0 (  0)
 7.1i   42539622: SNP.CA                  605 (100%) ~   452 ( 75)
 7.1i   42539719: SNP.CG                  685 (100%) ~   609 ( 89)
 7.1e   42540367: SNP.TG                   41 (  7%) ~     0 (  0)
 7.0i   42540550: SNP.AG                  650 (100%) ~     0 (  0)
 7.0i   42541142: SNP.TC                  252 ( 24%) ~   252 (100)
 7.0i   42541201: SNP.CT                  157 ( 17%) ~   157 (100)
 7.0i   42541348: SNP.GA                  331 ( 49%) ~     0 (  0)
 7.0i   42542291: INS.a                     4 (  6%) ~     0 (  0)
 7.0i   42542869: SNP.GA                  416 (100%) ~     0 (  0)
 7.0i   42543016: SNP.AC                  118 ( 89%) ~     0 (  0)
 7.0i   42543023: SNP.GA                   11 (  9%) ~     0 (  0)
 7.0i   42543024: SNP.CA                   10 (  8%) ~     0 (  0)
 7.0i   42543027: SNP.GA                   16 ( 13%) ~     0 (  0)
 7.0i   42543031: SNP.TA                    9 (  7%) ~     0 (  0)
 7.0i   42543032: SNP.TA                    7 (  6%) ~     0 (  0)
 7.0i   42543036: SNP.TA                   12 ( 10%) ~     0 (  0)
 7.0i   42543037: SNP.CA                    9 (  8%) ~     0 (  0)
 7.0i   42543039: SNP.TA                    7 (  6%) ~     0 (  0)
 7.0i   42543043: SNP.AC                   17 ( 16%) ~     0 (  0)
 7.0i   42543047: SNP.GA                   13 ( 12%) ~     0 (  0)
 7.0i   42543049: SNP.GA                   15 ( 13%) ~     0 (  0)
 7.0i   42543054: SNP.TA                   12 ( 11%) ~     0 (  0)
 7.0i   42543056: SNP.AC                   15 ( 14%) ~     0 (  0)
 7.0i   42543069: SNP.GA                   10 (  9%) ~     0 (  0)
 7.0i   42543070: SNP.GA                    7 (  7%) ~     0 (  0)
 7.0i   42543073: SNP.GA                   18 ( 17%) ~     0 (  0)
 7.0i   42543075: SNP.CA                   25 ( 26%) ~     0 (  0)
 7.0i   42543078: SNP.GA                   12 ( 13%) ~     0 (  0)
 7.0i   42543079: SNP.GA                   14 ( 16%) ~     0 (  0)
 7.0i   42543094: SNP.GA                   23 ( 28%) ~     0 (  0)
 7.0i   42543096: SNP.GA                   26 ( 30%) ~     0 (  0)
 7.0i   42543099: SNP.GA                   23 ( 25%) ~     0 (  0)
 7.0i   42543103: SNP.AC                    6 (  6%) ~     0 (  0)
 7.0i   42543104: SNP.CA                   16 ( 16%) ~     0 (  0)
 7.0i   42543109: SNP.CA                   18 ( 17%) ~     0 (  0)
 7.0i   42543112: SNP.TG                   27 ( 24%) ~     0 (  0)
 7.0i   42543115: SNP.GA                   15 ( 14%) ~     0 (  0)
 7.0i   42543120: SNP.GA                   28 ( 26%) ~     0 (  0)
 7.0i   42543124: SNP.TA                   26 ( 22%) ~     0 (  0)
 7.0i   42543127: SNP.CA                   28 ( 24%) ~     0 (  0)
 7.0i   42543132: SNP.TA                   20 ( 18%) ~     0 (  0)
 7.0i   42543134: SNP.GA                    6 (  5%) ~     0 (  0)
 7.0i   42543135: SNP.CA                   12 ( 11%) ~     0 (  0)
 7.0i   42543141: SNP.TA                   17 ( 15%) ~     0 (  0)
 7.0i   42543145: SNP.TC                   10 (  8%) ~     0 (  0)
 7.0i   42543159: SNP.TA                    7 (  5%) ~     0 (  0)
 7.0i   42543287: SNP.AG                  108 ( 50%) ~     0 (  0)
 7.0i   42543446: SNP.TC                   77 (100%) ~     0 (  0)
 7.0i   42543447: SNP.GA                   73 (100%) ~     0 (  0)
 7.0i   42543450: SNP.GA                   74 (100%) ~     0 (  0)
 7.0i   42544049: SNP.GA                  371 (100%) ~     0 (  0)
 7.0i   42544515: DEL.ACAC                 25 (  9%) ~     0 (  0)
 7.0i   42544515: DEL.AC                   77 ( 28%) ~     0 (  0)
 7.0i   42544516: SNP.CA                   23 ( 13%) ~     1 (  4)
 7.0i   42544518: SNP.CA                   14 (  5%) ~     0 (  0)
 7.0i   42544554: SNP.TC                   25 (  5%) ~     0 (  0)
Removing 10B   6.1e 42526693:SNP.GA,  6.9e 42522612:SNP.CG
Removing 10A   6.1e 42526693:SNP.GA,  6.9e 42522612:SNP.CG
Removing 10D   6.1e 42526693:SNP.GA,  6.9e 42522612:SNP.CG
Removing 10DW  6.1e 42526693:SNP.GA,  6.9e 42522612:SNP.CG
Removing 10BW  6.1e 42526693:SNP.GA,  6.9e 42522612:SNP.CG
Removing 10AW  6.1e 42526693:SNP.GA,  6.9e 42522612:SNP.CG
Removing 100   6.1e 42526693:SNP.GA,  6.6e 42523964:DEL.G,  6.9e 42522612:SNP.CG
Removing 101   6.1e 42526693:SNP.GA,  6.6e 42523847:DEL.CACATCCGGATGTAGGATC,  6.9e 42522612:SNP.CG
Removing 102   6.2e 42525822:SNP.GA,  6.6e 42523942:SNP.GA,  6.9e 42522612:SNP.CG
Removing 103   6.2e 42525822:SNP.GA,  6.6e 42523942:SNP.GA,  6.9e 42522612:SNP.CG
Removing 104   6.3e 42525072:SNP.TA,  6.6e 42523942:SNP.GA,  6.9e 42522612:SNP.CG
Removing 105   6.6e 42523942:SNP.GA,  6.7e 42523524:SNP.AG,  6.9e 42522612:SNP.CG
Removing 107   6.3e 42525133:SNP.CT
Removing 108   6.7e 42523566:SNP.TC
Removing 109   6.5e 42524175:DEL.CTT,  6.7e 42523609:SNP.CT
Removing 11W   6.1i 42525911:SNP.CG,  6.6e 42523942:SNP.GA,  6.9e 42522612:SNP.CG,  6.0i 42528381:SNP.GC
Removing 11    6.1i 42525911:SNP.CG,  6.6e 42523942:SNP.GA,  6.9e 42522612:SNP.CG
Removing 12    6.1e 42526669:SNP.CT,  6.6e 42523942:SNP.GA,  6.9e 42522612:SNP.CG
Removing 14BW  6.3e 42525034:SNP.CT,  6.6e 42523942:SNP.GA,  6.9e 42522612:SNP.CG,  6.0i 42528381:SNP.GC
Removing 14AW  6.1e 42526693:SNP.GA,  6.3e 42525034:SNP.CT,  6.6e 42523942:SNP.GA,  6.9e 42522612:SNP.CG,  6.0i 42528381:SNP.GC
Removing 14B   6.3e 42525034:SNP.CT,  6.6e 42523942:SNP.GA,  6.9e 42522612:SNP.CG
Removing 14A   6.1e 42526693:SNP.GA,  6.3e 42525034:SNP.CT,  6.6e 42523942:SNP.GA,  6.9e 42522612:SNP.CG
Removing 15    6.1e 42526656:INS.a
Removing 17    6.2e 42525771:SNP.GA,  6.6e 42523942:SNP.GA,  6.9e 42522612:SNP.CG
Removing 17W   6.2e 42525771:SNP.GA,  6.6e 42523942:SNP.GA,  6.9e 42522612:SNP.CG
Removing 18    6.9e 42522667:INS.agtgggcac
Removing 19    6.5e 42524250:DEL.AGTT,  6.6e 42523942:SNP.GA,  6.9e 42522612:SNP.CG
Removing 2KW   6.6e 42523942:SNP.GA,  6.9e 42522612:SNP.CG,  6.0i 42528381:SNP.GC
Removing 2D    6.6e 42523942:SNP.GA,  6.9e 42522612:SNP.CG
Removing 2E    6.6e 42523942:SNP.GA,  6.9e 42522612:SNP.CG
Removing 2F    6.6e 42523942:SNP.GA,  6.9e 42522612:SNP.CG
Removing 2G    6.6e 42523942:SNP.GA,  6.9e 42522612:SNP.CG
Removing 2A    6.0i 42528381:SNP.GC,  6.6e 42523942:SNP.GA,  6.9e 42522612:SNP.CG
Removing 2B    6.6e 42523942:SNP.GA,  6.9e 42522612:SNP.CG
Removing 2C    6.6e 42523942:SNP.GA,  6.9e 42522612:SNP.CG
Removing 2L    6.6e 42523942:SNP.GA,  6.9e 42522612:SNP.CG
Removing 2M    6.6e 42523942:SNP.GA,  6.9e 42522612:SNP.CG
Removing 2H    6.6e 42523942:SNP.GA,  6.9e 42522612:SNP.CG
Removing 2K    6.6e 42523942:SNP.GA,  6.9e 42522612:SNP.CG
Removing 2CW   6.6e 42523942:SNP.GA,  6.9e 42522612:SNP.CG,  6.0i 42528381:SNP.GC
Removing 2AW   6.0i 42528381:SNP.GC,  6.6e 42523942:SNP.GA,  6.9e 42522612:SNP.CG
Removing 2FW   6.6e 42523942:SNP.GA,  6.9e 42522612:SNP.CG,  6.0i 42528381:SNP.GC
Removing 2HW   6.6e 42523942:SNP.GA,  6.9e 42522612:SNP.CG,  6.0i 42528381:SNP.GC
Removing 2DW   6.6e 42523942:SNP.GA,  6.9e 42522612:SNP.CG,  6.0i 42528381:SNP.GC
Removing 2GW   6.6e 42523942:SNP.GA,  6.9e 42522612:SNP.CG,  6.0i 42528381:SNP.GC
Removing 2MW   6.6e 42523942:SNP.GA,  6.9e 42522612:SNP.CG,  6.0i 42528381:SNP.GC
Removing 2BW   6.6e 42523942:SNP.GA,  6.9e 42522612:SNP.CG,  6.0i 42528381:SNP.GC
Removing 2LW   6.6e 42523942:SNP.GA,  6.9e 42522612:SNP.CG,  6.0i 42528381:SNP.GC
Removing 2EW   6.6e 42523942:SNP.GA,  6.9e 42522612:SNP.CG,  6.0i 42528381:SNP.GC
Removing 20    6.4e 42524819:INS.c,  6.4e 42524814:SNP.GA,  6.4e 42524813:SNP.AG,  6.6e 42523942:SNP.GA,  6.9e 42522612:SNP.CG
Removing 21B   6.0i 42528381:SNP.GC,  6.5e 42524213:INS.g,  6.6e 42523942:SNP.GA,  6.9e 42522612:SNP.CG
Removing 21A   6.0i 42528381:SNP.GC,  6.5e 42524213:INS.g,  6.6e 42523942:SNP.GA,  6.9e 42522612:SNP.CG
Removing 22    6.1e 42526711:SNP.GA
Removing 23    6.2e 42525837:SNP.GA
Removing 24    6.6e 42523939:SNP.TG
Removing 25    6.7e 42523594:SNP.GC
Removing 26    6.7e 42523515:SNP.AG
Removing 27    6.8e 42522939:SNP.CT
Removing 28    6.1e 42526774:SNP.CT,  6.3e 42525088:SNP.GC,  6.6e 42523942:SNP.GA,  6.9e 42522612:SNP.CG
Removing 28W   6.1e 42526774:SNP.CT,  6.3e 42525088:SNP.GC,  6.6e 42523942:SNP.GA,  6.9e 42522612:SNP.CG,  6.0i 42528381:SNP.GC
Removing 29    6.3e 42525133:SNP.CT,  6.6e 42523942:SNP.GA,  6.7e 42523609:SNP.CT,  6.9e 42522612:SNP.CG
Removing 3B    6.5e 42524243:DEL.T
Removing 3A    6.5e 42524243:DEL.T
Removing 30    6.4e 42524929:INS.ggggcgaaa,  6.6e 42523942:SNP.GA,  6.9e 42522612:SNP.CG
Removing 31    6.0i 42528381:SNP.GC,  6.6e 42523942:SNP.GA,  6.9e 42522750:SNP.CT,  6.9e 42522612:SNP.CG
Removing 32    6.6e 42523942:SNP.GA,  6.8e 42522939:SNP.CT,  6.9e 42522612:SNP.CG
Removing 33    6.5e 42524309:SNP.CA
Removing 34    6.6e 42523942:SNP.GA
Removing 35B   6.0i 42528381:SNP.GC,  6.1e 42526762:SNP.CT,  6.6e 42523942:SNP.GA,  6.9e 42522612:SNP.CG
Removing 35A   6.0i 42528381:SNP.GC,  6.1e 42526762:SNP.CT,  6.6e 42523942:SNP.GA,  6.9e 42522612:SNP.CG
Removing 36    6.1e 42526693:SNP.GA
Removing 37    6.1e 42526693:SNP.GA,  6.4e 42524849:SNP.CT,  6.9e 42522612:SNP.CG
Removing 38    6.5e 42524202:DEL.AGTC
Removing 39    6.9e 42522612:SNP.CG
Removing 4GW   6.1e 42526693:SNP.GA,  6.2e 42525820:SNP.GT,  6.2e 42525810:SNP.TC,  6.3i 42524946:SNP.CT,  6.6e 42523854:SNP.GA,  6.9e 42522612:SNP.CG
Removing 4HW   6.1e 42526693:SNP.GA,  6.2e 42525820:SNP.GT,  6.2e 42525810:SNP.TC,  6.3i 42524946:SNP.CT,  6.8e 42522915:SNP.CG,  6.9e 42522612:SNP.CG
Removing 4FW   6.1e 42526693:SNP.GA,  6.2e 42525820:SNP.GT,  6.2e 42525810:SNP.TC,  6.3i 42524946:SNP.CT,  6.4e 42524934:SNP.GA,  6.9e 42522612:SNP.CG
Removing 4KW   6.1e 42526693:SNP.GA,  6.3i 42524946:SNP.CT,  6.6e 42523942:SNP.GA,  6.9e 42522612:SNP.CG
Removing 4AW   6.1e 42526693:SNP.GA,  6.2e 42525820:SNP.GT,  6.2e 42525810:SNP.TC,  6.3i 42524946:SNP.CT,  6.9e 42522612:SNP.CG
Removing 4N    6.1e 42526693:SNP.GA,  6.2e 42525820:SNP.GT,  6.2e 42525810:SNP.TC,  6.3i 42524946:SNP.CT
Removing 4M    6.2e 42525820:SNP.GT,  6.2e 42525810:SNP.TC,  6.3i 42524946:SNP.CT
Removing 4J    6.1e 42526693:SNP.GA,  6.2e 42525820:SNP.GT,  6.2e 42525810:SNP.TC,  6.3i 42524946:SNP.CT
Removing 4K    6.1e 42526693:SNP.GA,  6.3i 42524946:SNP.CT,  6.6e 42523942:SNP.GA,  6.9e 42522612:SNP.CG
Removing 4H    6.1e 42526693:SNP.GA,  6.2e 42525820:SNP.GT,  6.2e 42525810:SNP.TC,  6.3i 42524946:SNP.CT,  6.8e 42522915:SNP.CG,  6.9e 42522612:SNP.CG
Removing 4CW   6.1e 42526693:SNP.GA,  6.3i 42524946:SNP.CT,  6.8e 42522905:SNP.AG,  6.9e 42522612:SNP.CG
Removing 4D    6.1e 42526693:SNP.GA,  6.3i 42524946:SNP.CT,  6.9e 42522612:SNP.CG
Removing 4LW   6.1e 42526693:SNP.GA,  6.3i 42524946:SNP.CT,  6.9e 42522612:SNP.CG
Removing 4B    6.1e 42526693:SNP.GA,  6.2e 42525820:SNP.GT,  6.2e 42525810:SNP.TC,  6.3i 42524946:SNP.CT,  6.9e 42522612:SNP.CG
Removing 4A    6.1e 42526693:SNP.GA,  6.2e 42525820:SNP.GT,  6.2e 42525810:SNP.TC,  6.3i 42524946:SNP.CT,  6.9e 42522612:SNP.CG
Removing 4BW   6.1e 42526693:SNP.GA,  6.2e 42525820:SNP.GT,  6.2e 42525810:SNP.TC,  6.3i 42524946:SNP.CT,  6.9e 42522612:SNP.CG
Removing 4JW   6.1e 42526693:SNP.GA,  6.2e 42525820:SNP.GT,  6.2e 42525810:SNP.TC,  6.3i 42524946:SNP.CT
Removing 4L    6.1e 42526693:SNP.GA,  6.3i 42524946:SNP.CT,  6.9e 42522612:SNP.CG
Removing 4EW   6.1e 42526693:SNP.GA,  6.3i 42524946:SNP.CT,  6.9e 42522612:SNP.CG
Removing 4P    6.1e 42526693:SNP.GA,  6.2e 42525820:SNP.GT,  6.2e 42525810:SNP.TC,  6.3i 42524946:SNP.CT,  6.5e 42524216:SNP.GA,  6.9e 42522612:SNP.CG
Removing 4F    6.1e 42526693:SNP.GA,  6.2e 42525820:SNP.GT,  6.2e 42525810:SNP.TC,  6.3i 42524946:SNP.CT,  6.4e 42524934:SNP.GA,  6.9e 42522612:SNP.CG
Removing 4G    6.1e 42526693:SNP.GA,  6.2e 42525820:SNP.GT,  6.2e 42525810:SNP.TC,  6.3i 42524946:SNP.CT,  6.6e 42523854:SNP.GA,  6.9e 42522612:SNP.CG
Removing 4E    6.1e 42526693:SNP.GA,  6.3i 42524946:SNP.CT,  6.9e 42522612:SNP.CG
Removing 4DW   6.1e 42526693:SNP.GA,  6.3i 42524946:SNP.CT,  6.9e 42522612:SNP.CG
Removing 4C    6.1e 42526693:SNP.GA,  6.3i 42524946:SNP.CT,  6.8e 42522905:SNP.AG,  6.9e 42522612:SNP.CG
Removing 40    6.2e 42525771:SNP.GA,  6.4e 42524929:INS.ggggcgaaaggggcgaaa,  6.6e 42523942:SNP.GA,  6.9e 42522612:SNP.CG
Removing 41    6.6e 42523942:SNP.GA,  6.6i 42523804:SNP.CT,  6.9e 42522612:SNP.CG
Removing 42    6.6e 42523942:SNP.GA,  6.7e 42523533:INS.ac,  6.9e 42522612:SNP.CG
Removing 43    6.1e 42526716:SNP.CT
Removing 44    6.1e 42526711:SNP.GA,  6.6i 42523842:SNP.CG
Removing 45A   6.3e 42525076:SNP.CT,  6.6e 42523942:SNP.GA,  6.9e 42522612:SNP.CG
Removing 45B   6.3e 42525076:SNP.CT,  6.6e 42523942:SNP.GA,  6.9e 42522612:SNP.CG
Removing 46    6.1e 42526716:SNP.CT,  6.3e 42525076:SNP.CT,  6.6e 42523942:SNP.GA,  6.9e 42522612:SNP.CG
Removing 47    6.1e 42526720:SNP.GA,  6.1e 42526693:SNP.GA,  6.9e 42522612:SNP.CG
Removing 48    6.2e 42525822:SNP.GA
Removing 49    6.1e 42526693:SNP.GA,  6.3e 42525181:SNP.AT,  6.9e 42522612:SNP.CG
Removing 50    6.3e 42525072:SNP.TG
Removing 51    6.0i 42528381:SNP.GC,  6.6e 42523942:SNP.GA,  6.7e 42523620:SNP.TG,  6.9e 42522612:SNP.CG
Removing 52    6.1e 42526693:SNP.GA,  6.8e 42522915:SNP.CT,  6.9e 42522612:SNP.CG
Removing 53    6.3e 42525181:SNP.AT,  6.3e 42525175:SNP.CA
Removing 54    6.1e 42526693:SNP.GA,  6.5e 42524236:SNP.GA,  6.9e 42522612:SNP.CG
Removing 55    6.6e 42523942:SNP.GA,  6.8e 42522957:SNP.TG,  6.9e 42522612:SNP.CG
Removing 56A   6.0i 42528381:SNP.GC,  6.6e 42523942:SNP.GA,  6.7e 42523591:SNP.GA,  6.9e 42522612:SNP.CG
Removing 56B   6.1e 42526693:SNP.GA,  6.7e 42523591:SNP.GA,  6.9e 42522612:SNP.CG
Removing 57    6.1e 42526693:SNP.GA,  6.2e 42525907:SNP.GA
Removing 58    6.2e 42525771:SNP.GA,  6.4e 42524929:INS.ggggcgaaa,  6.6e 42523942:SNP.GA,  6.9e 42522612:SNP.CG
Removing 59    6.6e 42523942:SNP.GA,  6.6e 42523853:SNP.CT,  6.9e 42522612:SNP.CG
Removing 6A    6.3e 42525085:DEL.A
Removing 6B    6.3e 42525085:DEL.A,  6.4e 42524816:SNP.CT
Removing 6C    6.3e 42525085:DEL.A,  6.4e 42524816:SNP.CT,  6.9e 42522612:SNP.CG
Removing 6D    6.3e 42525085:DEL.A
Removing 60    6.4e 42524905:INS.ta
Removing 62    6.9e 42522748:SNP.GA
Removing 63    6.0i 42528381:SNP.GC,  6.6e 42523942:SNP.GA
Removing 64    6.1e 42526693:SNP.GA,  6.2e 42525771:SNP.GA,  6.9e 42522612:SNP.CG
Removing 65    6.1e 42526693:SNP.GA,  6.6e 42523942:SNP.GA,  6.9e 42522612:SNP.CG
Removing 68    6.1e 42526693:SNP.GA
Removing 69    6.1e 42526693:SNP.GA,  6.6e 42523942:SNP.GA,  6.6i 42523804:SNP.CT,  6.9e 42522612:SNP.CG
Removing 7     6.6e 42523857:SNP.TG
Removing 70    6.3e 42525184:SNP.CT,  6.3e 42525133:SNP.CT,  6.7e 42523609:SNP.CT,  6.9e 42522612:SNP.CG
Removing 71    6.0i 42528381:SNP.GC,  6.1e 42526668:SNP.CT
Removing 72    6.1e 42526693:SNP.GA,  6.7e 42523474:SNP.CT,  6.9e 42522612:SNP.CG
Removing 73    6.2e 42525781:SNP.CT,  6.6e 42523942:SNP.GA,  6.9e 42522612:SNP.CG
Removing 74    6.2e 42525820:SNP.GT
Removing 75    6.9e 42522747:SNP.CT
Removing 8     6.3e 42525034:SNP.CA,  6.6e 42523942:SNP.GA,  6.9e 42522612:SNP.CG
Removing 81    6.5e 42524213:SNP.GA,  6.5e 42524186:SNP.CT,  6.5e 42524182:SNP.AT
Removing 82    6.2e 42525820:SNP.GT,  6.2e 42525810:SNP.TC,  6.2e 42525780:SNP.AG,  6.2e 42525772:SNP.TA,  6.2e 42525771:SNP.GT,  6.2e 42525766:SNP.TC
Removing 84    6.5e 42524218:SNP.GT,  6.6e 42523942:SNP.GA,  6.9e 42522612:SNP.CG
Removing 85    6.6e 42523942:SNP.GA,  6.9e 42522635:SNP.AC,  6.9e 42522612:SNP.CG
Removing 86    6.5e 42524186:SNP.CT,  6.5e 42524182:SNP.AT
Removing 87    6.1e 42526779:SNP.GA,  6.1e 42526693:SNP.GA,  6.9e 42522612:SNP.CG
Removing 88    6.2e 42525780:SNP.AG,  6.9e 42522612:SNP.CG
Removing 89    6.3e 42525114:SNP.AG
Removing 9     6.5e 42524175:DEL.CTT
Removing 90    6.3e 42525099:SNP.TC
Removing 91    6.3e 42525057:SNP.CG,  6.6e 42523942:SNP.GA,  6.6i 42523804:SNP.CT
Removing 92    6.4e 42524797:DEL.G
Removing 93    6.5e 42524273:SNP.TG
Removing 94B   6.1e 42526693:SNP.GA,  6.7e 42523611:SNP.TC,  6.9e 42522612:SNP.CG
Removing 94A   6.1e 42526693:SNP.GA,  6.7e 42523611:SNP.TC,  6.9e 42522612:SNP.CG
Removing 95    6.1e 42526693:SNP.GA,  6.7e 42523458:SNP.CT,  6.9e 42522612:SNP.CG
Removing 96    6.8e 42522897:SNP.GA
Removing 97    6.9e 42522698:SNP.GT
Removing 98    6.6e 42523942:SNP.GA,  6.9e 42522682:SNP.GC,  6.9e 42522612:SNP.CG
Initial status
  CYP2D6.1B
    6.8e           42522964:SNP.CT    0 (  0)   3828:G>A
  CYP2D6.1E
    6.4e           42524923:SNP.AG  165 ( 25)   1869:T>C
  CYP2D6.1C
    6.4e           42524814:SNP.GA    0 (  0)   1978:C>T
  CYP2D6.1D
    6.5e           42524217:SNP.GT    0 (  0)   2575:C>A
  CYP2D6.1
  CYP2D6.13$1
  CYP2D6.16$1
  CYP2D6.5
  CYP2D6.61
  CYP2D6.67$1
  CYP2D6.76$1
  CYP2D6.77$1
  CYP2D6.78$1
  CYP2D6.79$1
  CYP2D6.80$1
  CYP2D6.83
    6.1i           42525951:SNP.AC    0 (  0)   843:T>G
== Copy Number Estimator ==
CNV factor: 1.91486546244 (0.522229900541)
Coverage per region
  region:  2D6  2D7
  0i   :  1.95  2.03 
  1e   :  1.76  1.96 = -0.20
  1i   :  1.83  1.87 = -0.04
  2e   :  1.82  1.85 = -0.04
  2i   :  1.84  1.82 =  0.02
  3e   :  1.87  1.61 =  0.26
  3i   :  1.68  1.81 
  4e   :  1.83  1.83 
  4i   :  1.94  1.89 
  5e   :  1.97  2.06 = -0.08
  5i   :  1.94  2.01 = -0.07
  6e   :  1.94  1.81 =  0.13
  6i   :  1.86  1.91 = -0.05
  7e   :  2.00  1.83 
  7i   :  2.02  1.81 
  8e   :  2.15  1.89 
  8i   :  1.85  1.88 
  9e   :  2.12  1.85 =  0.27
  ins  :  2.03  1.97 
  pce  :  0.00  2.02 = -2.02
  rep  :  1.90  2.01 
Max. CN = 2
M  Sentinel contraint for 61: A_61^ <= A_61
M  Sentinel contraint for 67: A_67^ <= A_67
M  Sentinel contraint for 80: A_80^ <= A_80
M  Sentinel contraint for 1: A_1^ <= A_1
M  Sentinel contraint for 5: A_5^ <= A_5
M  Sentinel contraint for 77: A_77^ <= A_77
M  Sentinel contraint for 76: A_76^ <= A_76
M  Sentinel contraint for 79: A_79^ <= A_79
M  Sentinel contraint for 78: A_78^ <= A_78
M  Sentinel contraint for 13: A_13^ <= A_13
M  Sentinel contraint for 16: A_16^ <= A_16
M  Sentinel contraint for 36: A_36^ <= A_36
M  Sentinel contraint for 36: A_36_2 <= A_36
M  Contraint for 6e: 0.130247228307 == E_6e + <gurobi.LinExpr: 0.0 A5^ + -1.0 A5^ + A78^ + -0.0 A78^ + A1^ + -1.0 A1^ + A61 + -1.0 A61 + A80^ + -0.0 A80^ + A67 + -0.0 A67 + A80 + -0.0 A80 + A67^ + -0.0 A67^ + A61^ + -1.0 A61^ + 0.0 A77^ + -1.0 A77^ + A1 + -1.0 A1 + 0.0 A16^ + -1.0 A16^ + 0.0 A5 + -1.0 A5 + A36_2 + -0.0 A36_2 + A79^ + -0.0 A79^ + 0.0 A77 + -1.0 A77 + 0.0 A76 + -1.0 A76 + A79 + -0.0 A79 + A78 + -0.0 A78 + A36^ + -1.0 A36^ + A13 + -0.0 A13 + 0.0 A76^ + -1.0 A76^ + 0.0 A16 + -1.0 A16 + A36 + -1.0 A36 + A13^ + -0.0 A13^ + A1_2 + -0.0 A1_2>
M  Contraint for 5e: -0.0841910499143 == E_5e + <gurobi.LinExpr: 0.0 A5^ + -1.0 A5^ + A78^ + -0.0 A78^ + A1^ + -1.0 A1^ + A61 + -1.0 A61 + A80^ + -0.0 A80^ + 0.5 A67 + -0.5 A67 + A80 + -0.0 A80 + 0.5 A67^ + -0.5 A67^ + A61^ + -1.0 A61^ + 0.0 A77^ + -1.0 A77^ + A1 + -1.0 A1 + 0.0 A16^ + -1.0 A16^ + 0.0 A5 + -1.0 A5 + A36_2 + -0.0 A36_2 + A79^ + -0.0 A79^ + 0.0 A77 + -1.0 A77 + 0.0 A76 + -1.0 A76 + A79 + -0.0 A79 + A78 + -0.0 A78 + A36^ + -1.0 A36^ + A13 + -0.0 A13 + 0.0 A76^ + -1.0 A76^ + 0.0 A16 + -1.0 A16 + A36 + -1.0 A36 + A13^ + -0.0 A13^ + A1_2 + -0.0 A1_2>
M  Contraint for 6i: -0.0515401209209 == E_6i + <gurobi.LinExpr: 0.0 A5^ + -1.0 A5^ + A78^ + -0.0 A78^ + A1^ + -1.0 A1^ + A61 + -1.0 A61 + A80^ + -0.0 A80^ + A67 + -0.0 A67 + A80 + -0.0 A80 + A67^ + -0.0 A67^ + A61^ + -1.0 A61^ + 0.0 A77^ + -1.0 A77^ + A1 + -1.0 A1 + 0.0 A16^ + -1.0 A16^ + 0.0 A5 + -1.0 A5 + A36_2 + -0.0 A36_2 + A79^ + -0.0 A79^ + 0.0 A77 + -1.0 A77 + 0.0 A76 + -1.0 A76 + A79 + -0.0 A79 + A78 + -0.0 A78 + A36^ + -1.0 A36^ + A13 + -0.0 A13 + 0.0 A76^ + -1.0 A76^ + 0.0 A16 + -1.0 A16 + A36 + -1.0 A36 + A13^ + -0.0 A13^ + A1_2 + -0.0 A1_2>
M  Contraint for 9e: 0.2652168619 == E_9e + <gurobi.LinExpr: 0.0 A5^ + -1.0 A5^ + A78^ + -0.0 A78^ + A1^ + -1.0 A1^ + 0.0 A61 + -2.0 A61 + A80^ + -0.0 A80^ + A67 + -0.0 A67 + A80 + -0.0 A80 + A67^ + -0.0 A67^ + 0.0 A61^ + -2.0 A61^ + A77^ + -0.0 A77^ + A1 + -1.0 A1 + A16^ + -0.0 A16^ + 0.0 A5 + -1.0 A5 + 0.0 A36_2 + -1.0 A36_2 + A79^ + -0.0 A79^ + A77 + -0.0 A77 + 0.5 A76 + -0.5 A76 + A79 + -0.0 A79 + A78 + -0.0 A78 + 0.0 A36^ + -2.0 A36^ + A13 + -0.0 A13 + 0.5 A76^ + -0.5 A76^ + A16 + -0.0 A16 + 0.0 A36 + -2.0 A36 + A13^ + -0.0 A13^ + A1_2 + -0.0 A1_2>
M  Contraint for 2e: -0.0363012125676 == E_2e + <gurobi.LinExpr: 0.0 A5^ + -1.0 A5^ + 0.0 A78^ + -1.0 A78^ + A1^ + -1.0 A1^ + A61 + -1.0 A61 + 0.0 A80^ + -1.0 A80^ + 0.0 A67 + -1.0 A67 + 0.0 A80 + -1.0 A80 + 0.0 A67^ + -1.0 A67^ + A61^ + -1.0 A61^ + 0.0 A77^ + -1.0 A77^ + A1 + -1.0 A1 + 0.0 A16^ + -1.0 A16^ + 0.0 A5 + -1.0 A5 + A36_2 + -0.0 A36_2 + 0.5 A79^ + -0.5 A79^ + 0.0 A77 + -1.0 A77 + 0.0 A76 + -1.0 A76 + 0.5 A79 + -0.5 A79 + 0.0 A78 + -1.0 A78 + A36^ + -1.0 A36^ + A13 + -0.0 A13 + 0.0 A76^ + -1.0 A76^ + 0.0 A16 + -1.0 A16 + A36 + -1.0 A36 + A13^ + -0.0 A13^ + A1_2 + -0.0 A1_2>
M  Contraint for 1e: -0.198309451028 == E_1e + <gurobi.LinExpr: 0.0 A5^ + -1.0 A5^ + 0.0 A78^ + -1.0 A78^ + A1^ + -1.0 A1^ + A61 + -1.0 A61 + 0.0 A80^ + -1.0 A80^ + 0.0 A67 + -1.0 A67 + 0.0 A80 + -1.0 A80 + 0.0 A67^ + -1.0 A67^ + A61^ + -1.0 A61^ + 0.0 A77^ + -1.0 A77^ + A1 + -1.0 A1 + 0.0 A16^ + -1.0 A16^ + 0.0 A5 + -1.0 A5 + A36_2 + -0.0 A36_2 + 0.0 A79^ + -1.0 A79^ + 0.0 A77 + -1.0 A77 + 0.0 A76 + -1.0 A76 + 0.0 A79 + -1.0 A79 + 0.0 A78 + -1.0 A78 + A36^ + -1.0 A36^ + 0.0 A13 + -1.0 A13 + 0.0 A76^ + -1.0 A76^ + 0.0 A16 + -1.0 A16 + A36 + -1.0 A36 + 0.0 A13^ + -1.0 A13^ + A1_2 + -0.0 A1_2>
M  Contraint for 1i: -0.0369360985692 == E_1i + <gurobi.LinExpr: 0.0 A5^ + -1.0 A5^ + 0.0 A78^ + -1.0 A78^ + A1^ + -1.0 A1^ + A61 + -1.0 A61 + 0.0 A80^ + -1.0 A80^ + 0.0 A67 + -1.0 A67 + 0.0 A80 + -1.0 A80 + 0.0 A67^ + -1.0 A67^ + A61^ + -1.0 A61^ + 0.0 A77^ + -1.0 A77^ + A1 + -1.0 A1 + 0.0 A16^ + -1.0 A16^ + 0.0 A5 + -1.0 A5 + A36_2 + -0.0 A36_2 + 0.0 A79^ + -1.0 A79^ + 0.0 A77 + -1.0 A77 + 0.0 A76 + -1.0 A76 + 0.0 A79 + -1.0 A79 + 0.0 A78 + -1.0 A78 + A36^ + -1.0 A36^ + 0.5 A13 + -0.5 A13 + 0.0 A76^ + -1.0 A76^ + 0.0 A16 + -1.0 A16 + A36 + -1.0 A36 + 0.5 A13^ + -0.5 A13^ + A1_2 + -0.0 A1_2>
M  Contraint for 5i: -0.0717047013626 == E_5i + <gurobi.LinExpr: 0.0 A5^ + -1.0 A5^ + A78^ + -0.0 A78^ + A1^ + -1.0 A1^ + A61 + -1.0 A61 + A80^ + -0.0 A80^ + A67 + -0.0 A67 + A80 + -0.0 A80 + A67^ + -0.0 A67^ + A61^ + -1.0 A61^ + 0.0 A77^ + -1.0 A77^ + A1 + -1.0 A1 + 0.0 A16^ + -1.0 A16^ + 0.0 A5 + -1.0 A5 + A36_2 + -0.0 A36_2 + A79^ + -0.0 A79^ + 0.0 A77 + -1.0 A77 + 0.0 A76 + -1.0 A76 + A79 + -0.0 A79 + A78 + -0.0 A78 + A36^ + -1.0 A36^ + A13 + -0.0 A13 + 0.0 A76^ + -1.0 A76^ + 0.0 A16 + -1.0 A16 + A36 + -1.0 A36 + A13^ + -0.0 A13^ + A1_2 + -0.0 A1_2>
M  Contraint for 2i: 0.0183738774463 == E_2i + <gurobi.LinExpr: 0.0 A5^ + -1.0 A5^ + 0.0 A78^ + -1.0 A78^ + A1^ + -1.0 A1^ + A61 + -1.0 A61 + 0.5 A80^ + -0.5 A80^ + 0.0 A67 + -1.0 A67 + 0.5 A80 + -0.5 A80 + 0.0 A67^ + -1.0 A67^ + A61^ + -1.0 A61^ + 0.0 A77^ + -1.0 A77^ + A1 + -1.0 A1 + 0.0 A16^ + -1.0 A16^ + 0.0 A5 + -1.0 A5 + A36_2 + -0.0 A36_2 + A79^ + -0.0 A79^ + 0.0 A77 + -1.0 A77 + 0.0 A76 + -1.0 A76 + A79 + -0.0 A79 + 0.0 A78 + -1.0 A78 + A36^ + -1.0 A36^ + A13 + -0.0 A13 + 0.0 A76^ + -1.0 A76^ + 0.0 A16 + -1.0 A16 + A36 + -1.0 A36 + A13^ + -0.0 A13^ + A1_2 + -0.0 A1_2>
M  Contraint for 3e: 0.256490975833 == E_3e + <gurobi.LinExpr: 0.0 A5^ + -1.0 A5^ + 0.0 A78^ + -1.0 A78^ + A1^ + -1.0 A1^ + A61 + -1.0 A61 + A80^ + -0.0 A80^ + 0.0 A67 + -1.0 A67 + A80 + -0.0 A80 + 0.0 A67^ + -1.0 A67^ + A61^ + -1.0 A61^ + 0.0 A77^ + -1.0 A77^ + A1 + -1.0 A1 + 0.0 A16^ + -1.0 A16^ + 0.0 A5 + -1.0 A5 + A36_2 + -0.0 A36_2 + A79^ + -0.0 A79^ + 0.0 A77 + -1.0 A77 + 0.0 A76 + -1.0 A76 + A79 + -0.0 A79 + 0.0 A78 + -1.0 A78 + A36^ + -1.0 A36^ + A13 + -0.0 A13 + 0.0 A76^ + -1.0 A76^ + 0.0 A16 + -1.0 A16 + A36 + -1.0 A36 + A13^ + -0.0 A13^ + A1_2 + -0.0 A1_2>
M  Contraint for pce: -2.01954434586 == E_pce + <gurobi.LinExpr: 0.0 A5^ + -1.0 A5^ + A78^ + -0.0 A78^ + 0.0 A1^ + -1.0 A1^ + 0.0 A61 + -2.0 A61 + A80^ + -0.0 A80^ + A67 + -0.0 A67 + A80 + -0.0 A80 + A67^ + -0.0 A67^ + 0.0 A61^ + -2.0 A61^ + A77^ + -0.0 A77^ + 0.0 A1 + -1.0 A1 + A16^ + -0.0 A16^ + 0.0 A5 + -1.0 A5 + 0.0 A36_2 + -1.0 A36_2 + A79^ + -0.0 A79^ + A77 + -0.0 A77 + A76 + -0.0 A76 + A79 + -0.0 A79 + A78 + -0.0 A78 + 0.0 A36^ + -2.0 A36^ + A13 + -0.0 A13 + A76^ + -0.0 A76^ + A16 + -0.0 A16 + 0.0 A36 + -2.0 A36 + A13^ + -0.0 A13^ + 0.0 A1_2 + -0.0 A1_2>
M  Objective: <gurobi.LinExpr: C37 + C38 + C39 + C40 + C41 + C42 + C43 + C44 + C45 + C46 + 1.5 C47 + 0.5 A5^ + 0.5 A78^ + 0.5 A1^ + 0.5 A61 + 0.5 A80^ + 0.5 A67 + 0.5 A80 + 0.5 A67^ + 0.5 A61^ + 0.5 A77^ + 0.5 A1 + 0.5 A16^ + 0.5 A5 + 0.5 A36_2 + 0.5 A79^ + 0.5 A77 + 0.5 A76 + 0.5 A79 + 0.5 A78 + 0.5 A36^ + 0.5 A13 + 0.5 A76^ + 0.5 A16 + 0.5 A36 + 0.5 A13^ + 0.5 A1_2 + 0.1 A78^ + 0.1 A80^ + 0.1 A67 + 0.1 A80 + 0.1 A67^ + 0.1 A77^ + 0.1 A16^ + 0.1 A79^ + 0.1 A77 + 0.1 A76 + 0.1 A79 + 0.1 A78 + 0.1 A13 + 0.1 A76^ + 0.1 A16 + 0.1 A13^>
CN Solver status: optimal, opt: 2.17862809665
  Solutions:
    ('1', '1^')
== Initial Solver ==
Solving Counter({'1': 2})
Possible candidates:
  CYP2D6.1
M  Max. CN for 1 = 2
M  CN contraint for 1: 2 == <gurobi.LinExpr: 1 + 1_2>
M  Sentinel contraint for 1: A_1_2 <= A_1
M  Objective: 0
CN Solver status: optimal, opt: 0.0
  solution:
    ('1', '1')
[32;01mCopy number best structures:[39;49;00m
[32;01m  (1) 2x*1-like[39;49;00m
== Refiner ==
Refining ('1', '1')
M  Sentinel constraint for 1: A_1_2 <= A_1
M  Sentinel constraint for 1C: A_1C_2 <= A_1C
M  Sentinel constraint for 1B: A_1B_2 <= A_1B
M  Sentinel constraint for 1E: A_1E_2 <= A_1E
M  Sentinel constraint for 1D: A_1D_2 <= A_1D
M  CN constraint for 1: 2 == <gurobi.LinExpr: 1E_2 + 1C + 1 + 1B_2 + 1B + 1E + 1D + 1D_2 + 1C_2 + 1_2>
M  Contraint for 42524814:REF 6.4e: 1113 == <gurobi.QuadExpr: 556.5 1E_2 + 556.5 1B_2 + 556.5 1 + 556.5 1C + 556.5 1B + 556.5 1E + 556.5 1D + 556.5 1D_2 + 556.5 1C_2 + 556.5 1_2 + [ -556.5 EXT_1E_2_42524814:SNP.GA * 1E_2 + -556.5 EXT_1B_2_42524814:SNP.GA * 1B_2 + -556.5 EXT_1_42524814:SNP.GA * 1 + -556.5 REG_1C_42524814:SNP.GA * 1C + -556.5 EXT_1B_42524814:SNP.GA * 1B + -556.5 EXT_1E_42524814:SNP.GA * 1E + -556.5 EXT_1D_42524814:SNP.GA * 1D + -556.5 EXT_1D_2_42524814:SNP.GA * 1D_2 + -556.5 REG_1C_2_42524814:SNP.GA * 1C_2 + -556.5 EXT_1_2_42524814:SNP.GA * 1_2 ]> + err
M  Contraint for 42524923:SNP.AG 6.4e: 0 == <gurobi.QuadExpr: 0.0 + [ 252.0 REG_1E_2_42524923:SNP.AG * 1E_2 + 252.0 EXT_1B_2_42524923:SNP.AG * 1B_2 + 252.0 EXT_1_42524923:SNP.AG * 1 + 252.0 EXT_1C_42524923:SNP.AG * 1C + 252.0 EXT_1B_42524923:SNP.AG * 1B + 252.0 REG_1E_42524923:SNP.AG * 1E + 252.0 EXT_1D_42524923:SNP.AG * 1D + 252.0 EXT_1D_2_42524923:SNP.AG * 1D_2 + 252.0 EXT_1C_2_42524923:SNP.AG * 1C_2 + 252.0 EXT_1_2_42524923:SNP.AG * 1_2 ]> + err
M  Contraint for 42522964:SNP.CT 6.8e: 0 == <gurobi.QuadExpr: 0.0 + [ 258.0 EXT_1E_2_42522964:SNP.CT * 1E_2 + 258.0 REG_1B_2_42522964:SNP.CT * 1B_2 + 258.0 EXT_1_42522964:SNP.CT * 1 + 258.0 EXT_1C_42522964:SNP.CT * 1C + 258.0 REG_1B_42522964:SNP.CT * 1B + 258.0 EXT_1E_42522964:SNP.CT * 1E + 258.0 EXT_1D_42522964:SNP.CT * 1D + 258.0 EXT_1D_2_42522964:SNP.CT * 1D_2 + 258.0 EXT_1C_2_42522964:SNP.CT * 1C_2 + 258.0 EXT_1_2_42522964:SNP.CT * 1_2 ]> + err
M  Contraint for 42524814:SNP.GA 6.4e: 0 == <gurobi.QuadExpr: 0.0 + [ 556.5 EXT_1E_2_42524814:SNP.GA * 1E_2 + 556.5 EXT_1B_2_42524814:SNP.GA * 1B_2 + 556.5 EXT_1_42524814:SNP.GA * 1 + 556.5 REG_1C_42524814:SNP.GA * 1C + 556.5 EXT_1B_42524814:SNP.GA * 1B + 556.5 EXT_1E_42524814:SNP.GA * 1E + 556.5 EXT_1D_42524814:SNP.GA * 1D + 556.5 EXT_1D_2_42524814:SNP.GA * 1D_2 + 556.5 REG_1C_2_42524814:SNP.GA * 1C_2 + 556.5 EXT_1_2_42524814:SNP.GA * 1_2 ]> + err
M  Contraint for 42522964:REF 6.8e: 516 == <gurobi.QuadExpr: 258.0 1E_2 + 258.0 1B_2 + 258.0 1 + 258.0 1C + 258.0 1B + 258.0 1E + 258.0 1D + 258.0 1D_2 + 258.0 1C_2 + 258.0 1_2 + [ -258.0 EXT_1E_2_42522964:SNP.CT * 1E_2 + -258.0 REG_1B_2_42522964:SNP.CT * 1B_2 + -258.0 EXT_1_42522964:SNP.CT * 1 + -258.0 EXT_1C_42522964:SNP.CT * 1C + -258.0 REG_1B_42522964:SNP.CT * 1B + -258.0 EXT_1E_42522964:SNP.CT * 1E + -258.0 EXT_1D_42522964:SNP.CT * 1D + -258.0 EXT_1D_2_42522964:SNP.CT * 1D_2 + -258.0 EXT_1C_2_42522964:SNP.CT * 1C_2 + -258.0 EXT_1_2_42522964:SNP.CT * 1_2 ]> + err
M  Contraint for 42524217:SNP.GT 6.5e: 0 == <gurobi.QuadExpr: 0.0 + [ 384.5 EXT_1E_2_42524217:SNP.GT * 1E_2 + 384.5 EXT_1B_2_42524217:SNP.GT * 1B_2 + 384.5 EXT_1_42524217:SNP.GT * 1 + 384.5 EXT_1C_42524217:SNP.GT * 1C + 384.5 EXT_1B_42524217:SNP.GT * 1B + 384.5 EXT_1E_42524217:SNP.GT * 1E + 384.5 REG_1D_42524217:SNP.GT * 1D + 384.5 REG_1D_2_42524217:SNP.GT * 1D_2 + 384.5 EXT_1C_2_42524217:SNP.GT * 1C_2 + 384.5 EXT_1_2_42524217:SNP.GT * 1_2 ]> + err
M  Contraint for 42524923:REF 6.4e: 504 == <gurobi.QuadExpr: 252.0 1E_2 + 252.0 1B_2 + 252.0 1 + 252.0 1C + 252.0 1B + 252.0 1E + 252.0 1D + 252.0 1D_2 + 252.0 1C_2 + 252.0 1_2 + [ -252.0 REG_1E_2_42524923:SNP.AG * 1E_2 + -252.0 EXT_1B_2_42524923:SNP.AG * 1B_2 + -252.0 EXT_1_42524923:SNP.AG * 1 + -252.0 EXT_1C_42524923:SNP.AG * 1C + -252.0 EXT_1B_42524923:SNP.AG * 1B + -252.0 REG_1E_42524923:SNP.AG * 1E + -252.0 EXT_1D_42524923:SNP.AG * 1D + -252.0 EXT_1D_2_42524923:SNP.AG * 1D_2 + -252.0 EXT_1C_2_42524923:SNP.AG * 1C_2 + -252.0 EXT_1_2_42524923:SNP.AG * 1_2 ]> + err
M  Contraint for 42524217:REF 6.5e: 769 == <gurobi.QuadExpr: 384.5 1E_2 + 384.5 1B_2 + 384.5 1 + 384.5 1C + 384.5 1B + 384.5 1E + 384.5 1D + 384.5 1D_2 + 384.5 1C_2 + 384.5 1_2 + [ -384.5 EXT_1E_2_42524217:SNP.GT * 1E_2 + -384.5 EXT_1B_2_42524217:SNP.GT * 1B_2 + -384.5 EXT_1_42524217:SNP.GT * 1 + -384.5 EXT_1C_42524217:SNP.GT * 1C + -384.5 EXT_1B_42524217:SNP.GT * 1B + -384.5 EXT_1E_42524217:SNP.GT * 1E + -384.5 REG_1D_42524217:SNP.GT * 1D + -384.5 REG_1D_2_42524217:SNP.GT * 1D_2 + -384.5 EXT_1C_2_42524217:SNP.GT * 1C_2 + -384.5 EXT_1_2_42524217:SNP.GT * 1_2 ]> + err
M  Contraint for MM[missing] 1E_2 42524923:SNP.AG: <gurobi.Var 1E_2> >= <gurobi.Var REG_1E_2_42524923:SNP.AG>
M  Contraint for MM[missing] 1C 42524814:SNP.GA: <gurobi.Var 1C> >= <gurobi.Var REG_1C_42524814:SNP.GA>
M  Contraint for MM[missing] 1B_2 42522964:SNP.CT: <gurobi.Var 1B_2> >= <gurobi.Var REG_1B_2_42522964:SNP.CT>
M  Contraint for MM[missing] 1B 42522964:SNP.CT: <gurobi.Var 1B> >= <gurobi.Var REG_1B_42522964:SNP.CT>
M  Contraint for MM[missing] 1E 42524923:SNP.AG: <gurobi.Var 1E> >= <gurobi.Var REG_1E_42524923:SNP.AG>
M  Contraint for MM[missing] 1D 42524217:SNP.GT: <gurobi.Var 1D> >= <gurobi.Var REG_1D_42524217:SNP.GT>
M  Contraint for MM[missing] 1D_2 42524217:SNP.GT: <gurobi.Var 1D_2> >= <gurobi.Var REG_1D_2_42524217:SNP.GT>
M  Contraint for MM[missing] 1C_2 42524814:SNP.GA: <gurobi.Var 1C_2> >= <gurobi.Var REG_1C_2_42524814:SNP.GA>
M  Contraint for MA[extra] 1E_2 42524814:SNP.GA: <gurobi.Var 1E_2> >= <gurobi.Var EXT_1E_2_42524814:SNP.GA>
M  Contraint for MA[extra] 1E_2 42522964:SNP.CT: <gurobi.Var 1E_2> >= <gurobi.Var EXT_1E_2_42522964:SNP.CT>
M  Contraint for MA[extra] 1E_2 42524217:SNP.GT: <gurobi.Var 1E_2> >= <gurobi.Var EXT_1E_2_42524217:SNP.GT>
M  Contraint for MA[extra] 1C 42522964:SNP.CT: <gurobi.Var 1C> >= <gurobi.Var EXT_1C_42522964:SNP.CT>
M  Contraint for MA[extra] 1C 42524217:SNP.GT: <gurobi.Var 1C> >= <gurobi.Var EXT_1C_42524217:SNP.GT>
M  Contraint for MA[extra] 1C 42524923:SNP.AG: <gurobi.Var 1C> >= <gurobi.Var EXT_1C_42524923:SNP.AG>
M  Contraint for MA[extra] 1 42524814:SNP.GA: <gurobi.Var 1> >= <gurobi.Var EXT_1_42524814:SNP.GA>
M  Contraint for MA[extra] 1 42522964:SNP.CT: <gurobi.Var 1> >= <gurobi.Var EXT_1_42522964:SNP.CT>
M  Contraint for MA[extra] 1 42524217:SNP.GT: <gurobi.Var 1> >= <gurobi.Var EXT_1_42524217:SNP.GT>
M  Contraint for MA[extra] 1 42524923:SNP.AG: <gurobi.Var 1> >= <gurobi.Var EXT_1_42524923:SNP.AG>
M  Contraint for MA[extra] 1B_2 42524814:SNP.GA: <gurobi.Var 1B_2> >= <gurobi.Var EXT_1B_2_42524814:SNP.GA>
M  Contraint for MA[extra] 1B_2 42524923:SNP.AG: <gurobi.Var 1B_2> >= <gurobi.Var EXT_1B_2_42524923:SNP.AG>
M  Contraint for MA[extra] 1B_2 42524217:SNP.GT: <gurobi.Var 1B_2> >= <gurobi.Var EXT_1B_2_42524217:SNP.GT>
M  Contraint for MA[extra] 1B 42524814:SNP.GA: <gurobi.Var 1B> >= <gurobi.Var EXT_1B_42524814:SNP.GA>
M  Contraint for MA[extra] 1B 42524923:SNP.AG: <gurobi.Var 1B> >= <gurobi.Var EXT_1B_42524923:SNP.AG>
M  Contraint for MA[extra] 1B 42524217:SNP.GT: <gurobi.Var 1B> >= <gurobi.Var EXT_1B_42524217:SNP.GT>
M  Contraint for MA[extra] 1E 42524814:SNP.GA: <gurobi.Var 1E> >= <gurobi.Var EXT_1E_42524814:SNP.GA>
M  Contraint for MA[extra] 1E 42522964:SNP.CT: <gurobi.Var 1E> >= <gurobi.Var EXT_1E_42522964:SNP.CT>
M  Contraint for MA[extra] 1E 42524217:SNP.GT: <gurobi.Var 1E> >= <gurobi.Var EXT_1E_42524217:SNP.GT>
M  Contraint for MA[extra] 1D 42524814:SNP.GA: <gurobi.Var 1D> >= <gurobi.Var EXT_1D_42524814:SNP.GA>
M  Contraint for MA[extra] 1D 42522964:SNP.CT: <gurobi.Var 1D> >= <gurobi.Var EXT_1D_42522964:SNP.CT>
M  Contraint for MA[extra] 1D 42524923:SNP.AG: <gurobi.Var 1D> >= <gurobi.Var EXT_1D_42524923:SNP.AG>
M  Contraint for MA[extra] 1D_2 42524814:SNP.GA: <gurobi.Var 1D_2> >= <gurobi.Var EXT_1D_2_42524814:SNP.GA>
M  Contraint for MA[extra] 1D_2 42522964:SNP.CT: <gurobi.Var 1D_2> >= <gurobi.Var EXT_1D_2_42522964:SNP.CT>
M  Contraint for MA[extra] 1D_2 42524923:SNP.AG: <gurobi.Var 1D_2> >= <gurobi.Var EXT_1D_2_42524923:SNP.AG>
M  Contraint for MA[extra] 1C_2 42522964:SNP.CT: <gurobi.Var 1C_2> >= <gurobi.Var EXT_1C_2_42522964:SNP.CT>
M  Contraint for MA[extra] 1C_2 42524217:SNP.GT: <gurobi.Var 1C_2> >= <gurobi.Var EXT_1C_2_42524217:SNP.GT>
M  Contraint for MA[extra] 1C_2 42524923:SNP.AG: <gurobi.Var 1C_2> >= <gurobi.Var EXT_1C_2_42524923:SNP.AG>
M  Contraint for MA[extra] 1_2 42524814:SNP.GA: <gurobi.Var 1_2> >= <gurobi.Var EXT_1_2_42524814:SNP.GA>
M  Contraint for MA[extra] 1_2 42522964:SNP.CT: <gurobi.Var 1_2> >= <gurobi.Var EXT_1_2_42522964:SNP.CT>
M  Contraint for MA[extra] 1_2 42524217:SNP.GT: <gurobi.Var 1_2> >= <gurobi.Var EXT_1_2_42524217:SNP.GT>
M  Contraint for MA[extra] 1_2 42524923:SNP.AG: <gurobi.Var 1_2> >= <gurobi.Var EXT_1_2_42524923:SNP.AG>
M  Objective: <gurobi.LinExpr: C58 + C59 + C60 + C61 + C62 + C63 + C64 + C65 + EXT_1E_2_42524814:SNP.GA + EXT_1E_2_42522964:SNP.CT + EXT_1E_2_42524217:SNP.GT + EXT_1B_2_42524814:SNP.GA + EXT_1B_2_42524923:SNP.AG + EXT_1B_2_42524217:SNP.GT + EXT_1_42524814:SNP.GA + EXT_1_42522964:SNP.CT + EXT_1_42524217:SNP.GT + EXT_1_42524923:SNP.AG + EXT_1C_42522964:SNP.CT + EXT_1C_42524217:SNP.GT + EXT_1C_42524923:SNP.AG + EXT_1B_42524814:SNP.GA + EXT_1B_42524923:SNP.AG + EXT_1B_42524217:SNP.GT + EXT_1E_42524814:SNP.GA + EXT_1E_42522964:SNP.CT + EXT_1E_42524217:SNP.GT + EXT_1D_42524814:SNP.GA + EXT_1D_42522964:SNP.CT + EXT_1D_42524923:SNP.AG + EXT_1D_2_42524814:SNP.GA + EXT_1D_2_42522964:SNP.CT + EXT_1D_2_42524923:SNP.AG + EXT_1C_2_42522964:SNP.CT + EXT_1C_2_42524217:SNP.GT + EXT_1C_2_42524923:SNP.AG + EXT_1_2_42524814:SNP.GA + EXT_1_2_42522964:SNP.CT + EXT_1_2_42524217:SNP.GT + EXT_1_2_42524923:SNP.AG + W>
M  Contraint for 42524923:SNP.AG: 0 >= <gurobi.LinExpr: REG_1E_2_42524923:SNP.AG + REG_1E_42524923:SNP.AG>
M  Contraint for 42522964:SNP.CT: 0 >= <gurobi.LinExpr: REG_1B_2_42522964:SNP.CT + REG_1B_42522964:SNP.CT>
M  Contraint for 42524814:SNP.GA: 0 >= <gurobi.LinExpr: REG_1C_42524814:SNP.GA + REG_1C_2_42524814:SNP.GA>
M  Contraint for 42522964:SNP.CT: 0 >= <gurobi.LinExpr: REG_1B_2_42522964:SNP.CT + REG_1B_42522964:SNP.CT>
M  Contraint for 42524923:SNP.AG: 0 >= <gurobi.LinExpr: REG_1E_2_42524923:SNP.AG + REG_1E_42524923:SNP.AG>
M  Contraint for 42524217:SNP.GT: 0 >= <gurobi.LinExpr: REG_1D_42524217:SNP.GT + REG_1D_2_42524217:SNP.GT>
M  Contraint for 42524217:SNP.GT: 0 >= <gurobi.LinExpr: REG_1D_42524217:SNP.GT + REG_1D_2_42524217:SNP.GT>
M  Contraint for 42524814:SNP.GA: 0 >= <gurobi.LinExpr: REG_1C_42524814:SNP.GA + REG_1C_2_42524814:SNP.GA>
M  Contraint for 42524814:SNP.GA: 0 <= <gurobi.QuadExpr: 0.0 + [ REG_1C_42524814:SNP.GA * 1C + REG_1C_2_42524814:SNP.GA * 1C_2 + EXT_1E_2_42524814:SNP.GA * 1E_2 + EXT_1B_2_42524814:SNP.GA * 1B_2 + EXT_1_42524814:SNP.GA * 1 + EXT_1B_42524814:SNP.GA * 1B + EXT_1E_42524814:SNP.GA * 1E + EXT_1D_42524814:SNP.GA * 1D + EXT_1D_2_42524814:SNP.GA * 1D_2 + EXT_1_2_42524814:SNP.GA * 1_2 ]> <= 1
M  Contraint for 42522964:SNP.CT: 0 <= <gurobi.QuadExpr: 0.0 + [ REG_1B_2_42522964:SNP.CT * 1B_2 + REG_1B_42522964:SNP.CT * 1B + EXT_1E_2_42522964:SNP.CT * 1E_2 + EXT_1_42522964:SNP.CT * 1 + EXT_1C_42522964:SNP.CT * 1C + EXT_1E_42522964:SNP.CT * 1E + EXT_1D_42522964:SNP.CT * 1D + EXT_1D_2_42522964:SNP.CT * 1D_2 + EXT_1C_2_42522964:SNP.CT * 1C_2 + EXT_1_2_42522964:SNP.CT * 1_2 ]> <= 1
M  Contraint for 42524217:SNP.GT: 0 <= <gurobi.QuadExpr: 0.0 + [ REG_1D_42524217:SNP.GT * 1D + REG_1D_2_42524217:SNP.GT * 1D_2 + EXT_1E_2_42524217:SNP.GT * 1E_2 + EXT_1B_2_42524217:SNP.GT * 1B_2 + EXT_1_42524217:SNP.GT * 1 + EXT_1C_42524217:SNP.GT * 1C + EXT_1B_42524217:SNP.GT * 1B + EXT_1E_42524217:SNP.GT * 1E + EXT_1C_2_42524217:SNP.GT * 1C_2 + EXT_1_2_42524217:SNP.GT * 1_2 ]> <= 1
M  Contraint for 42524923:SNP.AG: 0 <= <gurobi.QuadExpr: 0.0 + [ REG_1E_2_42524923:SNP.AG * 1E_2 + REG_1E_42524923:SNP.AG * 1E + EXT_1B_2_42524923:SNP.AG * 1B_2 + EXT_1_42524923:SNP.AG * 1 + EXT_1C_42524923:SNP.AG * 1C + EXT_1B_42524923:SNP.AG * 1B + EXT_1D_42524923:SNP.AG * 1D + EXT_1D_2_42524923:SNP.AG * 1D_2 + EXT_1C_2_42524923:SNP.AG * 1C_2 + EXT_1_2_42524923:SNP.AG * 1_2 ]> <= 1
CN Solver status: optimal, opt: 0.0
  1: 1
  1_2: 1
Missing:
  1: 1
  1_2: 1
Extra:
  1: 1
  1_2: 1
Time needed: (26.9)
Result is: [('1', '1')]
