SAM file: bams/NA19201.bam
File bams/NA19201.bam has index
Coverage is 238.972075408
== Allele Filter ==
 6.23i  97544770: SNP.TC                  128 ( 53%) ~     0 (  0)
 6.23i  97547474: SNP.TA                    2 (100%) ~     0 (  0)
 6.23i  97547830: SNP.GA                  332 (100%) ~     0 (  0)
 6.22i  97548438: SNP.AT                    4 ( 50%) ~     0 (  0)
 6.21i  97564649: SNP.CT                    4 (100%) ~     0 (  0)
 6.21i  97656444: SNP.CA                    2 (100%) ~     0 (  0)
 6.20i  97681847: INS.g                     2 (100%) ~     0 (  0)
 6.20i  97682025: SNP.GA                    2 (100%) ~     0 (  0)
 6.20i  97700124: SNP.CT                   21 ( 60%) ~     0 (  0)
 6.19i  97701033: SNP.AG                    4 (100%) ~     0 (  0)
 6.19i  97770388: SNP.GT                    2 ( 25%) ~     0 (  0)
 6.19i  97770404: SNP.AG                    2 ( 22%) ~     0 (  0)
 6.19i  97770410: SNP.TG                    3 ( 33%) ~     0 (  0)
 6.19i  97770423: SNP.TG                    3 ( 33%) ~     0 (  0)
 6.19i  97770453: SNP.CA                    3 ( 21%) ~     0 (  0)
 6.19i  97770489: SNP.TA                    2 ( 14%) ~     0 (  0)
 6.17i  97838959: SNP.CT                   46 ( 49%) ~     0 (  0)
 6.16i  97839412: SNP.CG                   20 ( 61%) ~     0 (  0)
 6.14i  97979905: SNP.TA                    2 (100%) ~     0 (  0)
 6.14i  97980871: SNP.CT                   10 (100%) ~     0 (  0)
 6.14i  97980957: SNP.AG                    2 ( 18%) ~     0 (  0)
 6.14i  97981199: INS.a                   122 ( 44%) ~     0 (  0)
 6.14i  97981241: SNP.TC                  466 (100%) ~     0 (  0)
 6.14i  97981242: SNP.GA                  222 ( 46%) ~     0 (  0)
 6.14e  97981394: SNP.TC     1627:T>C     470 ( 49%) ~     0 (  0)
 6.13i  97981622: INS.a                    96 ( 44%) ~     0 (  0)
 6.13i  97981705: SNP.CT                   74 (100%) ~     0 (  0)
 6.11i  98058612: SNP.CT                   36 ( 44%) ~     0 (  0)
 6.10i  98060469: DEL.T                    14 (  9%) ~     0 (  0)
 6.10i  98060469: INS.t                    12 (  8%) ~     0 (  0)
 6.10i  98060481: SNP.AT                    8 (  5%) ~     0 (  0)
 6.10i  98060488: SNP.AT                   11 (  6%) ~     0 (  0)
 6.10i  98060512: SNP.TG                   15 (  7%) ~     0 (  0)
 6.10i  98060514: SNP.TG                   11 (  5%) ~     0 (  0)
 6.8e   98157331: SNP.CG                  873 (100%) ~     0 (  0)
 6.7i   98157590: SNP.CT                   25 ( 49%) ~     0 (  0)
 6.6e   98185526: SNP.AG                  439 ( 48%) ~     0 (  0)
 6.6e   98185704: SNP.TC                   33 (  6%) ~     0 (  0)
 6.6e   98185720: DEL.CA                   39 (  6%) ~     1 (  3)
 6.6e   98185721: SNP.AT                  293 ( 50%) ~     0 (  0)
 6.6e   98185723: SNP.AT                  264 ( 42%) ~     0 (  0)
 6.6e   98186076: SNP.TC                  529 ( 46%) ~     0 (  0)
 6.6e   98186228: SNP.TC                  533 ( 47%) ~     0 (  0)
 6.3i   98206488: SNP.CT                    5 ( 42%) ~     0 (  0)
 6.3i   98241255: SNP.TC                    2 (100%) ~     0 (  0)
 6.2i   98320997: INS.a                    52 ( 32%) ~     0 (  0)
 6.2e   98348884: SNP.AG     85:A>G       652 (100%) ~     0 (  0)
 6.1i   98385250: SNP.CA                 1059 (100%) ~     0 (  0)
 6.1i   98386398: SNP.AC                   18 (  6%) ~     0 (  0)
 6.1i   98386401: SNP.AC                   49 ( 17%) ~     0 (  0)
Removing 10    6.24e 97544626:SNP.CA
Removing 11    6.11e 98058898:SNP.CA
Removing 12    6.2e 98348907:SNP.CT,  6.12e 98039498:SNP.CA
Removing 13    6.14e 97981342:SNP.AC
Removing 2B    6.15i 97915613:SNP.CT
Removing 2A    6.15i 97915613:SNP.CT
Removing 3     6.15e 97915621:DEL.G
Removing 4     6.14e 97981420:SNP.CT
Removing 6     6.19e 97770919:SNP.CT
Removing 7     6.4e 98205970:DEL.ATGA
Removing 8     6.8e 98157331:SNP.CT
Initial status
  CYP2D6.1
  CYP2D6.5
    6.14e          97981394:SNP.TC  470 ( 49) F 1627:T>C
  CYP2D6.9B
    6.22e          97564153:SNP.CT    0 (  0)   2657:C>T
    6.2e           98348884:SNP.AG  652 (100) F 85:A>G
  CYP2D6.9
    6.2e           98348884:SNP.AG  652 (100) F 85:A>G
== Copy Number Estimator ==
CNV factor: 1.84814730988 (0.541082409748)
Coverage per region
  region:  2D6  2D7
  1e   :  0.00
  1i   :  0.00
  2e   :  0.00
  2i   :  0.00
  3e   :  0.00
  3i   :  0.00
  4e   :  0.00
  4i   :  0.00
  5e   :  0.00
  5i   :  0.00
  6e   :  0.00
  6i   :  0.00
  7e   :  0.00
  7i   :  0.00
  8e   :  0.00
  8i   :  0.00
  9e   :  0.00
  9i   :  0.00
  10e  :  0.00
  10i  :  0.00
  11e  :  0.00
  11i  :  0.00
  12e  :  0.00
  12i  :  0.00
  13e  :  0.00
  13i  :  0.00
  14e  :  0.00
  14i  :  0.00
  15e  :  0.00
  15i  :  0.00
  16e  :  0.00
  16i  :  0.00
  17e  :  0.00
  17i  :  0.00
  18e  :  0.00
  18i  :  0.00
  19e  :  0.00
  19i  :  0.00
  20e  :  0.00
  20i  :  0.00
  21e  :  0.00
  21i  :  0.00
  22e  :  0.00
  22i  :  0.00
  23e  :  0.00
  23i  :  0.00
  24e  :  0.00
Max. CN = 0
M  Sentinel contraint for 1: A_1^ <= A_1
M  Contraint for 24e: 0.0 == E_24e + <gurobi.LinExpr: A1 + A1^>
M  Contraint for 7e: 0.0 == E_7e + <gurobi.LinExpr: A1 + A1^>
M  Contraint for 12e: 0.0 == E_12e + <gurobi.LinExpr: A1 + A1^>
M  Contraint for 16e: 0.0 == E_16e + <gurobi.LinExpr: A1 + A1^>
M  Contraint for 22e: 0.0 == E_22e + <gurobi.LinExpr: A1 + A1^>
M  Contraint for 9e: 0.0 == E_9e + <gurobi.LinExpr: A1 + A1^>
M  Contraint for 10e: 0.0 == E_10e + <gurobi.LinExpr: A1 + A1^>
M  Contraint for 14e: 0.0 == E_14e + <gurobi.LinExpr: A1 + A1^>
M  Contraint for 20e: 0.0 == E_20e + <gurobi.LinExpr: A1 + A1^>
M  Contraint for 1e: 0.0 == E_1e + <gurobi.LinExpr: A1 + A1^>
M  Contraint for 5e: 0.0 == E_5e + <gurobi.LinExpr: A1 + A1^>
M  Contraint for 3e: 0.0 == E_3e + <gurobi.LinExpr: A1 + A1^>
M  Contraint for 11e: 0.0 == E_11e + <gurobi.LinExpr: A1 + A1^>
M  Contraint for 6e: 0.0 == E_6e + <gurobi.LinExpr: A1 + A1^>
M  Contraint for 13e: 0.0 == E_13e + <gurobi.LinExpr: A1 + A1^>
M  Contraint for 23e: 0.0 == E_23e + <gurobi.LinExpr: A1 + A1^>
M  Contraint for 17e: 0.0 == E_17e + <gurobi.LinExpr: A1 + A1^>
M  Contraint for 8e: 0.0 == E_8e + <gurobi.LinExpr: A1 + A1^>
M  Contraint for 21e: 0.0 == E_21e + <gurobi.LinExpr: A1 + A1^>
M  Contraint for 15e: 0.0 == E_15e + <gurobi.LinExpr: A1 + A1^>
M  Contraint for 19e: 0.0 == E_19e + <gurobi.LinExpr: A1 + A1^>
M  Contraint for 18e: 0.0 == E_18e + <gurobi.LinExpr: A1 + A1^>
M  Contraint for 2e: 0.0 == E_2e + <gurobi.LinExpr: A1 + A1^>
M  Contraint for 4e: 0.0 == E_4e + <gurobi.LinExpr: A1 + A1^>
M  Objective: <gurobi.LinExpr: C26 + C27 + C28 + C29 + C30 + C31 + C32 + C33 + C34 + C35 + C36 + C37 + C38 + C39 + C40 + C41 + C42 + C43 + C44 + C45 + C46 + C47 + C48 + C49 + 0.5 A1 + 0.5 A1^>
CN Solver status: optimal, opt: 49.0
  Solutions:
    ('1', '1^')
== Initial Solver ==
Solving Counter({'1': 2})
Possible candidates:
  CYP2D6.1
  CYP2D6.5
    6.14e 97981394:SNP.TC  470 ( 49) F 1627:T>C
  CYP2D6.9
    6.2e 98348884:SNP.AG  652 (100) F 85:A>G
M  Max. CN for 1 = 2
M  Max. CN for 9 = 2
M  Max. CN for 5 = 2
M  Contraint for 97981394:SNP.TC 6.14e: 470 == <gurobi.QuadExpr: 0.0 + [ 484.0 REG_5_2_97981394:SNP.TC * 5_2 + 484.0 REG_5_97981394:SNP.TC * 5 ]> + err
M  Contraint for 98348884:SNP.AG 6.2e: 652 == <gurobi.QuadExpr: 0.0 + [ 327.0 REG_9_2_98348884:SNP.AG * 9_2 + 327.0 REG_9_98348884:SNP.AG * 9 ]> + err
M  Contraint for 98348884:REF 6.2e: 2 == <gurobi.QuadExpr: 327.0 9_2 + 327.0 1 + 327.0 5_2 + 327.0 5 + 327.0 1_2 + 327.0 9 + [ -327.0 REG_9_2_98348884:SNP.AG * 9_2 + -327.0 REG_9_98348884:SNP.AG * 9 ]> + err
M  Contraint for 97981394:REF 6.14e: 498 == <gurobi.QuadExpr: 484.0 9_2 + 484.0 1 + 484.0 5_2 + 484.0 5 + 484.0 1_2 + 484.0 9 + [ -484.0 REG_5_2_97981394:SNP.TC * 5_2 + -484.0 REG_5_97981394:SNP.TC * 5 ]> + err
M  Contraint for 9_2 98348884:SNP.AG: <gurobi.Var 9_2> >= <gurobi.Var REG_9_2_98348884:SNP.AG>
M  Contraint for 5_2 97981394:SNP.TC: <gurobi.Var 5_2> >= <gurobi.Var REG_5_2_97981394:SNP.TC>
M  Contraint for 5 97981394:SNP.TC: <gurobi.Var 5> >= <gurobi.Var REG_5_97981394:SNP.TC>
M  Contraint for 9 98348884:SNP.AG: <gurobi.Var 9> >= <gurobi.Var REG_9_98348884:SNP.AG>
M  CN contraint for 1: 2 == <gurobi.LinExpr: 9_2 + 1 + 5_2 + 5 + 1_2 + 9>
M  Sentinel contraint for 1: A_1_2 <= A_1
M  Sentinel contraint for 5: A_5_2 <= A_5
M  Sentinel contraint for 9: A_9_2 <= A_9
M  Objective: <gurobi.LinExpr: C16 + C17 + C18 + C19>
M  Contraint for 9_2: A_9_2 * (<gurobi.LinExpr: REG_9_2_98348884:SNP.AG> - 1) == 0
M  Contraint for 5_2: A_5_2 * (<gurobi.LinExpr: REG_5_2_97981394:SNP.TC> - 1) == 0
M  Contraint for 5: A_5 * (<gurobi.LinExpr: REG_5_97981394:SNP.TC> - 1) == 0
M  Contraint for 9: A_9 * (<gurobi.LinExpr: REG_9_98348884:SNP.AG> - 1) == 0
M  Contraint for 98348884:SNP.AG: 1 <= <gurobi.QuadExpr: 0.0 + [ 9_2 * REG_9_2_98348884:SNP.AG + 9 * REG_9_98348884:SNP.AG ]>
M  Contraint for 97981394:SNP.TC: 1 <= <gurobi.QuadExpr: 0.0 + [ 5_2 * REG_5_2_97981394:SNP.TC + 5 * REG_5_97981394:SNP.TC ]>
M  Contraint for 97981394:SNP.TC: 1 <= <gurobi.QuadExpr: 0.0 + [ 5_2 * REG_5_2_97981394:SNP.TC + 5 * REG_5_97981394:SNP.TC ]>
M  Contraint for 98348884:SNP.AG: 1 <= <gurobi.QuadExpr: 0.0 + [ 9_2 * REG_9_2_98348884:SNP.AG + 9 * REG_9_98348884:SNP.AG ]>
CN Solver status: optimal, opt: 678.0
  solution:
    ('5', '9')
[32;01mCopy number best structures:[39;49;00m
[32;01m  (1) 2x*1-like[39;49;00m
== Refiner ==
Refining ('5', '9')
M  CN constraint for 9: 1 == <gurobi.LinExpr: 9 + 9B>
M  CN constraint for 5: 1 == <gurobi.LinExpr: 5>
M  Contraint for 98348884:SNP.AG 6.2e: 652 == <gurobi.QuadExpr: 0.0 + [ 327.0 REG_9_98348884:SNP.AG * 9 + 327.0 REG_9B_98348884:SNP.AG * 9B + 327.0 EXT_5_98348884:SNP.AG * 5 ]> + err
M  Contraint for 97981394:SNP.TC 6.14e: 470 == <gurobi.QuadExpr: 0.0 + [ 484.0 EXT_9_97981394:SNP.TC * 9 + 484.0 EXT_9B_97981394:SNP.TC * 9B + 484.0 REG_5_97981394:SNP.TC * 5 ]> + err
M  Contraint for 98348884:REF 6.2e: 2 == <gurobi.QuadExpr: 327.0 9 + 327.0 9B + 327.0 5 + [ -327.0 REG_9_98348884:SNP.AG * 9 + -327.0 REG_9B_98348884:SNP.AG * 9B + -327.0 EXT_5_98348884:SNP.AG * 5 ]> + err
M  Contraint for 97981394:REF 6.14e: 498 == <gurobi.QuadExpr: 484.0 9 + 484.0 9B + 484.0 5 + [ -484.0 EXT_9_97981394:SNP.TC * 9 + -484.0 EXT_9B_97981394:SNP.TC * 9B + -484.0 REG_5_97981394:SNP.TC * 5 ]> + err
M  Contraint for 97564153:SNP.CT 6.22e: 0 == <gurobi.QuadExpr: 0.0 + [ 489.5 EXT_9_97564153:SNP.CT * 9 + 489.5 REG_9B_97564153:SNP.CT * 9B + 489.5 EXT_5_97564153:SNP.CT * 5 ]> + err
M  Contraint for 97564153:REF 6.22e: 979 == <gurobi.QuadExpr: 489.5 9 + 489.5 9B + 489.5 5 + [ -489.5 EXT_9_97564153:SNP.CT * 9 + -489.5 REG_9B_97564153:SNP.CT * 9B + -489.5 EXT_5_97564153:SNP.CT * 5 ]> + err
M  Contraint for MM[missing] 9 98348884:SNP.AG: <gurobi.Var 9> >= <gurobi.Var REG_9_98348884:SNP.AG>
M  Contraint for MM[missing] 9B 97564153:SNP.CT: <gurobi.Var 9B> >= <gurobi.Var REG_9B_97564153:SNP.CT>
M  Contraint for MM[missing] 9B 98348884:SNP.AG: <gurobi.Var 9B> >= <gurobi.Var REG_9B_98348884:SNP.AG>
M  Contraint for MM[missing] 5 97981394:SNP.TC: <gurobi.Var 5> >= <gurobi.Var REG_5_97981394:SNP.TC>
M  Contraint for MA[extra] 9 97564153:SNP.CT: <gurobi.Var 9> >= <gurobi.Var EXT_9_97564153:SNP.CT>
M  Contraint for MA[extra] 9 97981394:SNP.TC: <gurobi.Var 9> >= <gurobi.Var EXT_9_97981394:SNP.TC>
M  Contraint for MA[extra] 9B 97981394:SNP.TC: <gurobi.Var 9B> >= <gurobi.Var EXT_9B_97981394:SNP.TC>
M  Contraint for MA[extra] 5 97564153:SNP.CT: <gurobi.Var 5> >= <gurobi.Var EXT_5_97564153:SNP.CT>
M  Contraint for MA[extra] 5 98348884:SNP.AG: <gurobi.Var 5> >= <gurobi.Var EXT_5_98348884:SNP.AG>
M  Objective: <gurobi.LinExpr: C18 + C19 + C20 + C21 + C22 + C23 + EXT_9_97564153:SNP.CT + EXT_9_97981394:SNP.TC + EXT_9B_97981394:SNP.TC + EXT_5_97564153:SNP.CT + EXT_5_98348884:SNP.AG + W>
M  Contraint for 9: <gurobi.LinExpr: REG_9_98348884:SNP.AG> = 1 * A_<gurobi.Var 9>
M  Contraint for 9B: <gurobi.LinExpr: REG_9B_98348884:SNP.AG> = 1 * A_<gurobi.Var 9B>
M  Contraint for 5: <gurobi.LinExpr: REG_5_97981394:SNP.TC> = 1 * A_<gurobi.Var 5>
M  Contraint for 97564153:SNP.CT: 0 >= <gurobi.LinExpr: REG_9B_97564153:SNP.CT>
M  Contraint for 97564153:SNP.CT: 0 <= <gurobi.QuadExpr: 0.0 + [ REG_9B_97564153:SNP.CT * 9B + EXT_9_97564153:SNP.CT * 9 + EXT_5_97564153:SNP.CT * 5 ]> <= 1
M  Contraint for 97981394:SNP.TC: 1 <= <gurobi.QuadExpr: 0.0 + [ REG_5_97981394:SNP.TC * 5 ]> <= 1
M  Contraint for 97981394:SNP.TC: <gurobi.QuadExpr: 0.0 + [ REG_5_97981394:SNP.TC * 5 ]> <= 1
M  Contraint for 98348884:SNP.AG: 1 <= <gurobi.QuadExpr: 0.0 + [ REG_9_98348884:SNP.AG * 9 + REG_9B_98348884:SNP.AG * 9B ]> <= 2
M  Contraint for 98348884:SNP.AG: <gurobi.QuadExpr: 0.0 + [ REG_9_98348884:SNP.AG * 9 + REG_9B_98348884:SNP.AG * 9B ]> <= 2
CN Solver status: optimal, opt: 33.0
  9: 1
    6.2e 98348884:SNP.AG  652 (100 cp. 2) F
  5: 1
    6.14e 97981394:SNP.TC  470 ( 49 cp. 1) F
Missing:
  9: 1
  5: 1
Extra:
  9: 1
  5: 1
    6.2e 98348884:SNP.AG  652 (100) F  rs1801265    85:A>G
Time needed: (20.1)
Result is: [('5', '9')]
