SAM file: bams/NA19901.bam
File bams/NA19901.bam has index
Coverage is 425.078337785
== Allele Filter ==
 6.0i   99245012: SNP.TG                   58 ( 50%) ~     0 (  0)
 6.0i   99245079: SNP.AC                  828 (100%) ~     0 (  0)
 6.0i   99245266: SNP.GA                  495 ( 49%) ~     0 (  0)
 6.0i   99245913: SNP.GA     31611:C>T    642 ( 52%) ~     0 (  0)
 6.12i  99246280: SNP.AG                    5 (  7%) ~     0 (  0)
 6.12i  99246286: SNP.GT                    5 (  7%) ~     0 (  0)
 6.12i  99246287: INS.t                     5 (  7%) ~     0 (  0)
 6.12i  99247003: SNP.GA                    2 ( 40%) ~     0 (  0)
 6.12i  99247251: SNP.GT                    2 (100%) ~     0 (  0)
 6.12i  99247502: DEL.T                    40 ( 62%) ~     0 (  0)
 6.11i  99249787: DEL.AT                    4 (  5%) ~     0 (  0)
 6.10i  99257418: SNP.TC                    2 ( 50%) ~     0 (  0)
 6.10i  99257755: SNP.AT                   64 ( 53%) ~     0 (  0)
 6.10i  99257868: SNP.AT                   32 ( 12%) ~     0 (  0)
 6.10i  99257869: SNP.CT                   38 ( 15%) ~     0 (  0)
 6.10i  99257875: SNP.AT                   29 (  9%) ~     0 (  0)
 6.10i  99257878: SNP.AT                   61 ( 17%) ~     0 (  0)
 6.10i  99257881: SNP.GT                   40 ( 10%) ~     0 (  0)
 6.10i  99257885: SNP.TA                   52 ( 12%) ~     0 (  0)
 6.10i  99257888: SNP.CA                   61 ( 14%) ~     0 (  0)
 6.10i  99257890: SNP.GA                   56 ( 12%) ~     0 (  0)
 6.10i  99257891: SNP.TA                   62 ( 13%) ~     0 (  0)
 6.10i  99257895: SNP.CA                   57 ( 11%) ~     0 (  0)
 6.10i  99257899: SNP.TG                   55 ( 11%) ~     0 (  0)
 6.9i   99258642: SNP.GA                    8 ( 62%) ~     0 (  0)
 6.9i   99260091: SNP.TC                   20 ( 44%) ~     0 (  0)
 6.9i   99260401: SNP.TC                   55 (  8%) ~     0 (  0)
 6.8i   99261191: SNP.CA                  392 ( 43%) ~     0 (  0)
 6.8i   99261379: SNP.GA                  531 ( 46%) ~     0 (  0)
 6.7i   99262025: SNP.GA                   12 ( 48%) ~     0 (  0)
 6.7i   99262571: SNP.GA                   62 (100%) ~     0 (  0)
 6.7i   99262621: SNP.TC                   44 ( 51%) ~     0 (  0)
 6.4i   99264809: SNP.CA                   15 (  8%) ~     0 (  0)
 6.4i   99264829: SNP.CA                    6 (  5%) ~     0 (  0)
 6.4i   99264832: SNP.TG                   11 (  9%) ~     0 (  0)
 6.4i   99264838: SNP.TC                    6 (  5%) ~     0 (  0)
 6.4i   99264844: SNP.AT                    8 (  8%) ~     0 (  0)
 6.4i   99264846: SNP.GC                   11 ( 10%) ~     0 (  0)
 6.4i   99264851: SNP.GC                    8 (  8%) ~     0 (  0)
 6.4i   99264855: SNP.CT                   10 ( 10%) ~     0 (  0)
 6.4i   99264859: SNP.TG                   12 ( 13%) ~     0 (  0)
 6.4i   99264861: SNP.AG                   16 ( 17%) ~     0 (  0)
 6.4i   99264866: SNP.AT                    6 (  7%) ~     0 (  0)
 6.4i   99264866: SNP.AG                    8 (  9%) ~     0 (  0)
 6.4i   99264867: SNP.TG                   13 ( 15%) ~     0 (  0)
 6.4i   99264869: SNP.TG                   36 ( 43%) ~     0 (  0)
 6.4i   99264874: SNP.CG                   34 ( 43%) ~     0 (  0)
 6.4i   99264880: SNP.TG                   22 ( 29%) ~     0 (  0)
 6.4i   99264884: SNP.AG                    5 (  7%) ~     0 (  0)
 6.4i   99264886: SNP.TG                    5 (  7%) ~     0 (  0)
 6.4i   99265159: SNP.GA                    3 (100%) ~     0 (  0)
 6.4i   99268165: SNP.AC                    3 ( 60%) ~     0 (  0)
 6.4i   99268740: DEL.TGTGTGTGTGTGTGTGTGTGTG               48 ( 14%) ~     0 (  0)
 6.4i   99268740: DEL.TGTGTGTGTGTG               41 ( 12%) ~     0 (  0)
 6.4i   99268761: SNP.GT                   16 (  6%) ~     0 (  0)
 6.4i   99268765: SNP.GA                   38 ( 11%) ~     1 (  3)
 6.4i   99268767: DEL.G                    27 (  8%) ~     1 (  4)
 6.4i   99268767: SNP.GT                   18 (  5%) ~     1 (  6)
 6.4i   99268769: SNP.GT                   31 (  9%) ~     1 (  3)
 6.4i   99268771: SNP.GA                   27 (  8%) ~     1 (  4)
 6.4i   99268777: SNP.GT                   18 (  6%) ~     0 (  0)
 6.4i   99268886: SNP.TG                  254 ( 34%) ~     0 (  0)
 6.4i   99268893: SNP.GT                   50 (  6%) ~     0 (  0)
 6.4i   99268924: SNP.AT                   65 (  7%) ~     0 (  0)
 6.3i   99271583: SNP.CA                    2 (  6%) ~     0 (  0)
 6.2i   99273232: SNP.TC                  333 (100%) ~     0 (  0)
 6.2i   99273233: SNP.CT                  325 (100%) ~     0 (  0)
 6.2i   99273241: SNP.TC                  291 (100%) ~     0 (  0)
 6.2i   99273243: SNP.TC                  285 (100%) ~     0 (  0)
 6.2i   99273246: SNP.CT                  259 (100%) ~     0 (  0)
 6.2i   99273248: SNP.CT                  243 (100%) ~     0 (  0)
 6.2i   99273266: DEL.CC                   20 ( 12%) ~     0 (  0)
 6.2i   99273267: INS.tcct                 31 ( 22%) ~     0 (  0)
 6.2i   99273267: SNP.CT                   71 ( 50%) ~     0 (  0)
 6.2i   99273269: SNP.CT                   24 ( 15%) ~     0 (  0)
 6.2i   99273270: SNP.AC                   72 ( 47%) ~     0 (  0)
 6.2i   99273270: SNP.AT                   62 ( 40%) ~     0 (  0)
 6.2i   99273271: INS.a                    31 ( 21%) ~     0 (  0)
 6.2i   99273272: SNP.TC                   48 ( 33%) ~     0 (  0)
 6.2i   99273275: SNP.TC                   40 ( 29%) ~     0 (  0)
 6.2i   99273275: SNP.TA                   43 ( 31%) ~     0 (  0)
 6.2i   99273279: SNP.CT                    8 (  6%) ~     0 (  0)
 6.2i   99273280: SNP.CT                   36 ( 32%) ~     0 (  0)
 6.2i   99273282: SNP.TC                    8 (  7%) ~     0 (  0)
 6.2i   99273283: INS.c                    50 ( 44%) ~     0 (  0)
 6.2i   99273289: SNP.CT                    5 (  5%) ~     0 (  0)
 6.2i   99273292: DEL.T                     7 (  9%) ~     0 (  0)
 6.2i   99273294: SNP.TC                    4 (  5%) ~     0 (  0)
 6.2i   99273297: DEL.TT                   29 ( 60%) ~     0 (  0)
 6.2i   99273298: INS.c                     7 ( 37%) ~     0 (  0)
 6.2i   99273303: SNP.TC                   26 ( 53%) ~     0 (  0)
 6.2i   99273305: SNP.TC                   26 ( 62%) ~     0 (  0)
 6.2i   99273701: SNP.CT                  416 ( 54%) ~     0 (  0)
 6.1i   99273941: SNP.GA                  417 ( 48%) ~     0 (  0)
 6.1i   99275518: SNP.AC                    7 (  7%) ~     0 (  0)
 6.1i   99275520: DEL.GG                   42 ( 45%) ~     0 (  0)
 6.1i   99277229: SNP.CG                   13 ( 65%) ~     0 (  0)
Removing 2     6.11e 99250235:SNP.GT
Removing 3K    6.3i 99270538:SNP.TC,  6.12e 99247771:SNP.AG
Removing 3J    6.3i 99270538:SNP.TC,  6.12e 99247742:SNP.TC
Removing 3H    6.3i 99270538:SNP.TC
Removing 3L    6.2e 99273744:SNP.TC,  6.3i 99270538:SNP.TC
Removing 3C    6.3i 99270538:SNP.TC
Removing 3B    6.2e 99273814:SNP.GA,  6.2e 99273810:INS.c,  6.3i 99270538:SNP.TC
Removing 3A    6.3i 99270538:SNP.TC
Removing 3G    6.3i 99270538:SNP.TC,  6.5i 99264572:SNP.AG
Removing 3F    6.3i 99270538:SNP.TC,  6.13e 99245973:SNP.AG
Removing 3E    6.3i 99270538:SNP.TC
Removing 3D    6.3i 99270538:SNP.TC,  6.4e 99270275:SNP.AC
Removing 3I    6.3i 99270538:SNP.TC
Removing 4     6.7e 99262859:SNP.TC
Removing 5     6.5i 99264572:SNP.AG
Removing 6     6.7e 99262834:SNP.CT
Removing 7     6.11e 99250393:INS.a
Removing 8     6.2e 99273820:SNP.GA
Removing 9X    6.10e 99258138:SNP.CT
Removing 9     6.10e 99258138:SNP.CT,  6.3i 99270538:SNP.TC
Initial status
  CYP2D6.1C
                   99277592:SNP.GA    0 (  0)   -74:C>T
  CYP2D6.1E
    6.9i           99260361:SNP.CA    0 (  0)   17163:G>T
  CYP2D6.1D
    6.0i           99245913:SNP.GA  642 ( 52)   31611:C>T
  CYP2D6.1
  CYP2D6.1B
                   99277604:SNP.CT    0 (  0)   -86:G>A
== Copy Number Estimator ==
CNV factor: 1.91486546244 (0.522229900541)
Coverage per region
  region:  2D6  2D7
  0i   :  1.93
  1e   :  2.21
  1i   :  2.05
  2e   :  1.97
  2i   :  2.09
  3e   :  2.08
  3i   :  2.07
  4e   :  1.98
  4i   :  2.23
  5e   :  2.18
  5i   :  2.06
  6e   :  2.32
  6i   :  2.11
  7e   :  2.14
  7i   :  2.34
  8e   :  2.11
  8i   :  2.13
  9e   :  2.25
  9i   :  2.20
  10e  :  1.92
  10i  :  2.06
  11e  :  2.03
  11i  :  2.07
  12e  :  2.22
  12i  :  2.26
  13e  :  2.18
Max. CN = 2
M  Sentinel contraint for 1: A_1^ <= A_1
M  Contraint for 7e: 2.13735557907 == E_7e + <gurobi.LinExpr: A1 + A1^>
M  Contraint for 6e: 2.32097142925 == E_6e + <gurobi.LinExpr: A1 + A1^>
M  Contraint for 9e: 2.24656480845 == E_9e + <gurobi.LinExpr: A1 + A1^>
M  Contraint for 8e: 2.10702606163 == E_8e + <gurobi.LinExpr: A1 + A1^>
M  Contraint for 2e: 1.97145723944 == E_2e + <gurobi.LinExpr: A1 + A1^>
M  Contraint for 1e: 2.2063735685 == E_1e + <gurobi.LinExpr: A1 + A1^>
M  Contraint for 5e: 2.17913903889 == E_5e + <gurobi.LinExpr: A1 + A1^>
M  Contraint for 4e: 1.97514043103 == E_4e + <gurobi.LinExpr: A1 + A1^>
M  Contraint for 3e: 2.08317033426 == E_3e + <gurobi.LinExpr: A1 + A1^>
M  Objective: <gurobi.LinExpr: C11 + C12 + C13 + C14 + C15 + C16 + C17 + C18 + C19 + 0.5 A1 + 0.5 A1^>
CN Solver status: optimal, opt: 2.33400314958
  Solutions:
    ('1', '1^')
== Initial Solver ==
Solving Counter({'1': 2})
Possible candidates:
  CYP2D6.1
M  Max. CN for 1 = 2
M  CN contraint for 1: 2 == <gurobi.LinExpr: 1 + 1_2>
M  Sentinel contraint for 1: A_1_2 <= A_1
M  Objective: 0
CN Solver status: optimal, opt: 0.0
  solution:
    ('1', '1')
[32;01mCopy number best structures:[39;49;00m
[32;01m  (1) 2x*1-like[39;49;00m
== Refiner ==
Refining ('1', '1')
M  Sentinel constraint for 1: A_1_2 <= A_1
M  Sentinel constraint for 1C: A_1C_2 <= A_1C
M  Sentinel constraint for 1B: A_1B_2 <= A_1B
M  Sentinel constraint for 1E: A_1E_2 <= A_1E
M  Sentinel constraint for 1D: A_1D_2 <= A_1D
M  CN constraint for 1: 2 == <gurobi.LinExpr: 1E_2 + 1C + 1 + 1B_2 + 1B + 1E + 1D + 1D_2 + 1C_2 + 1_2>
M  Contraint for 99277604:REF : 655 == <gurobi.QuadExpr: 0.0 + [ -0.0 EXT_1E_2_99277604:SNP.CT * 1E_2 + -0.0 REG_1B_2_99277604:SNP.CT * 1B_2 + -0.0 EXT_1_99277604:SNP.CT * 1 + -0.0 EXT_1C_99277604:SNP.CT * 1C + -0.0 REG_1B_99277604:SNP.CT * 1B + -0.0 EXT_1E_99277604:SNP.CT * 1E + -0.0 EXT_1D_99277604:SNP.CT * 1D + -0.0 EXT_1D_2_99277604:SNP.CT * 1D_2 + -0.0 EXT_1C_2_99277604:SNP.CT * 1C_2 + -0.0 EXT_1_2_99277604:SNP.CT * 1_2 ]> + err
M  Contraint for 99277592:REF : 649 == <gurobi.QuadExpr: 0.0 + [ -0.0 EXT_1E_2_99277592:SNP.GA * 1E_2 + -0.0 EXT_1B_2_99277592:SNP.GA * 1B_2 + -0.0 EXT_1_99277592:SNP.GA * 1 + -0.0 REG_1C_99277592:SNP.GA * 1C + -0.0 EXT_1B_99277592:SNP.GA * 1B + -0.0 EXT_1E_99277592:SNP.GA * 1E + -0.0 EXT_1D_99277592:SNP.GA * 1D + -0.0 EXT_1D_2_99277592:SNP.GA * 1D_2 + -0.0 REG_1C_2_99277592:SNP.GA * 1C_2 + -0.0 EXT_1_2_99277592:SNP.GA * 1_2 ]> + err
M  Contraint for 99277592:SNP.GA : 0 == <gurobi.QuadExpr: 0.0 + [ 0.0 EXT_1E_2_99277592:SNP.GA * 1E_2 + 0.0 EXT_1B_2_99277592:SNP.GA * 1B_2 + 0.0 EXT_1_99277592:SNP.GA * 1 + 0.0 REG_1C_99277592:SNP.GA * 1C + 0.0 EXT_1B_99277592:SNP.GA * 1B + 0.0 EXT_1E_99277592:SNP.GA * 1E + 0.0 EXT_1D_99277592:SNP.GA * 1D + 0.0 EXT_1D_2_99277592:SNP.GA * 1D_2 + 0.0 REG_1C_2_99277592:SNP.GA * 1C_2 + 0.0 EXT_1_2_99277592:SNP.GA * 1_2 ]> + err
M  Contraint for 99260361:REF 6.9i: 478 == <gurobi.QuadExpr: 239.0 1E_2 + 239.0 1B_2 + 239.0 1 + 239.0 1C + 239.0 1B + 239.0 1E + 239.0 1D + 239.0 1D_2 + 239.0 1C_2 + 239.0 1_2 + [ -239.0 REG_1E_2_99260361:SNP.CA * 1E_2 + -239.0 EXT_1B_2_99260361:SNP.CA * 1B_2 + -239.0 EXT_1_99260361:SNP.CA * 1 + -239.0 EXT_1C_99260361:SNP.CA * 1C + -239.0 EXT_1B_99260361:SNP.CA * 1B + -239.0 REG_1E_99260361:SNP.CA * 1E + -239.0 EXT_1D_99260361:SNP.CA * 1D + -239.0 EXT_1D_2_99260361:SNP.CA * 1D_2 + -239.0 EXT_1C_2_99260361:SNP.CA * 1C_2 + -239.0 EXT_1_2_99260361:SNP.CA * 1_2 ]> + err
M  Contraint for 99260361:SNP.CA 6.9i: 0 == <gurobi.QuadExpr: 0.0 + [ 239.0 REG_1E_2_99260361:SNP.CA * 1E_2 + 239.0 EXT_1B_2_99260361:SNP.CA * 1B_2 + 239.0 EXT_1_99260361:SNP.CA * 1 + 239.0 EXT_1C_99260361:SNP.CA * 1C + 239.0 EXT_1B_99260361:SNP.CA * 1B + 239.0 REG_1E_99260361:SNP.CA * 1E + 239.0 EXT_1D_99260361:SNP.CA * 1D + 239.0 EXT_1D_2_99260361:SNP.CA * 1D_2 + 239.0 EXT_1C_2_99260361:SNP.CA * 1C_2 + 239.0 EXT_1_2_99260361:SNP.CA * 1_2 ]> + err
M  Contraint for 99245913:SNP.GA 6.0i: 642 == <gurobi.QuadExpr: 0.0 + [ 621.0 EXT_1E_2_99245913:SNP.GA * 1E_2 + 621.0 EXT_1B_2_99245913:SNP.GA * 1B_2 + 621.0 EXT_1_99245913:SNP.GA * 1 + 621.0 EXT_1C_99245913:SNP.GA * 1C + 621.0 EXT_1B_99245913:SNP.GA * 1B + 621.0 EXT_1E_99245913:SNP.GA * 1E + 621.0 REG_1D_99245913:SNP.GA * 1D + 621.0 REG_1D_2_99245913:SNP.GA * 1D_2 + 621.0 EXT_1C_2_99245913:SNP.GA * 1C_2 + 621.0 EXT_1_2_99245913:SNP.GA * 1_2 ]> + err
M  Contraint for 99277604:SNP.CT : 0 == <gurobi.QuadExpr: 0.0 + [ 0.0 EXT_1E_2_99277604:SNP.CT * 1E_2 + 0.0 REG_1B_2_99277604:SNP.CT * 1B_2 + 0.0 EXT_1_99277604:SNP.CT * 1 + 0.0 EXT_1C_99277604:SNP.CT * 1C + 0.0 REG_1B_99277604:SNP.CT * 1B + 0.0 EXT_1E_99277604:SNP.CT * 1E + 0.0 EXT_1D_99277604:SNP.CT * 1D + 0.0 EXT_1D_2_99277604:SNP.CT * 1D_2 + 0.0 EXT_1C_2_99277604:SNP.CT * 1C_2 + 0.0 EXT_1_2_99277604:SNP.CT * 1_2 ]> + err
M  Contraint for 99245913:REF 6.0i: 600 == <gurobi.QuadExpr: 621.0 1E_2 + 621.0 1B_2 + 621.0 1 + 621.0 1C + 621.0 1B + 621.0 1E + 621.0 1D + 621.0 1D_2 + 621.0 1C_2 + 621.0 1_2 + [ -621.0 EXT_1E_2_99245913:SNP.GA * 1E_2 + -621.0 EXT_1B_2_99245913:SNP.GA * 1B_2 + -621.0 EXT_1_99245913:SNP.GA * 1 + -621.0 EXT_1C_99245913:SNP.GA * 1C + -621.0 EXT_1B_99245913:SNP.GA * 1B + -621.0 EXT_1E_99245913:SNP.GA * 1E + -621.0 REG_1D_99245913:SNP.GA * 1D + -621.0 REG_1D_2_99245913:SNP.GA * 1D_2 + -621.0 EXT_1C_2_99245913:SNP.GA * 1C_2 + -621.0 EXT_1_2_99245913:SNP.GA * 1_2 ]> + err
M  Contraint for MM[missing] 1E_2 99260361:SNP.CA: <gurobi.Var 1E_2> >= <gurobi.Var REG_1E_2_99260361:SNP.CA>
M  Contraint for MM[missing] 1C 99277592:SNP.GA: <gurobi.Var 1C> >= <gurobi.Var REG_1C_99277592:SNP.GA>
M  Contraint for MM[missing] 1B_2 99277604:SNP.CT: <gurobi.Var 1B_2> >= <gurobi.Var REG_1B_2_99277604:SNP.CT>
M  Contraint for MM[missing] 1B 99277604:SNP.CT: <gurobi.Var 1B> >= <gurobi.Var REG_1B_99277604:SNP.CT>
M  Contraint for MM[missing] 1E 99260361:SNP.CA: <gurobi.Var 1E> >= <gurobi.Var REG_1E_99260361:SNP.CA>
M  Contraint for MM[missing] 1D 99245913:SNP.GA: <gurobi.Var 1D> >= <gurobi.Var REG_1D_99245913:SNP.GA>
M  Contraint for MM[missing] 1D_2 99245913:SNP.GA: <gurobi.Var 1D_2> >= <gurobi.Var REG_1D_2_99245913:SNP.GA>
M  Contraint for MM[missing] 1C_2 99277592:SNP.GA: <gurobi.Var 1C_2> >= <gurobi.Var REG_1C_2_99277592:SNP.GA>
M  Contraint for MA[extra] 1E_2 99277604:SNP.CT: <gurobi.Var 1E_2> >= <gurobi.Var EXT_1E_2_99277604:SNP.CT>
M  Contraint for MA[extra] 1E_2 99277592:SNP.GA: <gurobi.Var 1E_2> >= <gurobi.Var EXT_1E_2_99277592:SNP.GA>
M  Contraint for MA[extra] 1E_2 99245913:SNP.GA: <gurobi.Var 1E_2> >= <gurobi.Var EXT_1E_2_99245913:SNP.GA>
M  Contraint for MA[extra] 1C 99277604:SNP.CT: <gurobi.Var 1C> >= <gurobi.Var EXT_1C_99277604:SNP.CT>
M  Contraint for MA[extra] 1C 99245913:SNP.GA: <gurobi.Var 1C> >= <gurobi.Var EXT_1C_99245913:SNP.GA>
M  Contraint for MA[extra] 1C 99260361:SNP.CA: <gurobi.Var 1C> >= <gurobi.Var EXT_1C_99260361:SNP.CA>
M  Contraint for MA[extra] 1 99277604:SNP.CT: <gurobi.Var 1> >= <gurobi.Var EXT_1_99277604:SNP.CT>
M  Contraint for MA[extra] 1 99277592:SNP.GA: <gurobi.Var 1> >= <gurobi.Var EXT_1_99277592:SNP.GA>
M  Contraint for MA[extra] 1 99245913:SNP.GA: <gurobi.Var 1> >= <gurobi.Var EXT_1_99245913:SNP.GA>
M  Contraint for MA[extra] 1 99260361:SNP.CA: <gurobi.Var 1> >= <gurobi.Var EXT_1_99260361:SNP.CA>
M  Contraint for MA[extra] 1B_2 99277592:SNP.GA: <gurobi.Var 1B_2> >= <gurobi.Var EXT_1B_2_99277592:SNP.GA>
M  Contraint for MA[extra] 1B_2 99245913:SNP.GA: <gurobi.Var 1B_2> >= <gurobi.Var EXT_1B_2_99245913:SNP.GA>
M  Contraint for MA[extra] 1B_2 99260361:SNP.CA: <gurobi.Var 1B_2> >= <gurobi.Var EXT_1B_2_99260361:SNP.CA>
M  Contraint for MA[extra] 1B 99277592:SNP.GA: <gurobi.Var 1B> >= <gurobi.Var EXT_1B_99277592:SNP.GA>
M  Contraint for MA[extra] 1B 99245913:SNP.GA: <gurobi.Var 1B> >= <gurobi.Var EXT_1B_99245913:SNP.GA>
M  Contraint for MA[extra] 1B 99260361:SNP.CA: <gurobi.Var 1B> >= <gurobi.Var EXT_1B_99260361:SNP.CA>
M  Contraint for MA[extra] 1E 99277604:SNP.CT: <gurobi.Var 1E> >= <gurobi.Var EXT_1E_99277604:SNP.CT>
M  Contraint for MA[extra] 1E 99277592:SNP.GA: <gurobi.Var 1E> >= <gurobi.Var EXT_1E_99277592:SNP.GA>
M  Contraint for MA[extra] 1E 99245913:SNP.GA: <gurobi.Var 1E> >= <gurobi.Var EXT_1E_99245913:SNP.GA>
M  Contraint for MA[extra] 1D 99277604:SNP.CT: <gurobi.Var 1D> >= <gurobi.Var EXT_1D_99277604:SNP.CT>
M  Contraint for MA[extra] 1D 99277592:SNP.GA: <gurobi.Var 1D> >= <gurobi.Var EXT_1D_99277592:SNP.GA>
M  Contraint for MA[extra] 1D 99260361:SNP.CA: <gurobi.Var 1D> >= <gurobi.Var EXT_1D_99260361:SNP.CA>
M  Contraint for MA[extra] 1D_2 99277604:SNP.CT: <gurobi.Var 1D_2> >= <gurobi.Var EXT_1D_2_99277604:SNP.CT>
M  Contraint for MA[extra] 1D_2 99277592:SNP.GA: <gurobi.Var 1D_2> >= <gurobi.Var EXT_1D_2_99277592:SNP.GA>
M  Contraint for MA[extra] 1D_2 99260361:SNP.CA: <gurobi.Var 1D_2> >= <gurobi.Var EXT_1D_2_99260361:SNP.CA>
M  Contraint for MA[extra] 1C_2 99277604:SNP.CT: <gurobi.Var 1C_2> >= <gurobi.Var EXT_1C_2_99277604:SNP.CT>
M  Contraint for MA[extra] 1C_2 99245913:SNP.GA: <gurobi.Var 1C_2> >= <gurobi.Var EXT_1C_2_99245913:SNP.GA>
M  Contraint for MA[extra] 1C_2 99260361:SNP.CA: <gurobi.Var 1C_2> >= <gurobi.Var EXT_1C_2_99260361:SNP.CA>
M  Contraint for MA[extra] 1_2 99277604:SNP.CT: <gurobi.Var 1_2> >= <gurobi.Var EXT_1_2_99277604:SNP.CT>
M  Contraint for MA[extra] 1_2 99277592:SNP.GA: <gurobi.Var 1_2> >= <gurobi.Var EXT_1_2_99277592:SNP.GA>
M  Contraint for MA[extra] 1_2 99245913:SNP.GA: <gurobi.Var 1_2> >= <gurobi.Var EXT_1_2_99245913:SNP.GA>
M  Contraint for MA[extra] 1_2 99260361:SNP.CA: <gurobi.Var 1_2> >= <gurobi.Var EXT_1_2_99260361:SNP.CA>
M  Objective: <gurobi.LinExpr: C58 + C59 + C60 + C61 + C62 + C63 + C64 + C65 + EXT_1E_2_99277604:SNP.CT + EXT_1E_2_99277592:SNP.GA + EXT_1E_2_99245913:SNP.GA + EXT_1B_2_99277592:SNP.GA + EXT_1B_2_99245913:SNP.GA + EXT_1B_2_99260361:SNP.CA + EXT_1_99277604:SNP.CT + EXT_1_99277592:SNP.GA + EXT_1_99245913:SNP.GA + EXT_1_99260361:SNP.CA + EXT_1C_99277604:SNP.CT + EXT_1C_99245913:SNP.GA + EXT_1C_99260361:SNP.CA + EXT_1B_99277592:SNP.GA + EXT_1B_99245913:SNP.GA + EXT_1B_99260361:SNP.CA + EXT_1E_99277604:SNP.CT + EXT_1E_99277592:SNP.GA + EXT_1E_99245913:SNP.GA + EXT_1D_99277604:SNP.CT + EXT_1D_99277592:SNP.GA + EXT_1D_99260361:SNP.CA + EXT_1D_2_99277604:SNP.CT + EXT_1D_2_99277592:SNP.GA + EXT_1D_2_99260361:SNP.CA + EXT_1C_2_99277604:SNP.CT + EXT_1C_2_99245913:SNP.GA + EXT_1C_2_99260361:SNP.CA + EXT_1_2_99277604:SNP.CT + EXT_1_2_99277592:SNP.GA + EXT_1_2_99245913:SNP.GA + EXT_1_2_99260361:SNP.CA + W>
M  Contraint for 99260361:SNP.CA: 0 >= <gurobi.LinExpr: REG_1E_2_99260361:SNP.CA + REG_1E_99260361:SNP.CA>
M  Contraint for 99277604:SNP.CT: 0 >= <gurobi.LinExpr: REG_1B_2_99277604:SNP.CT + REG_1B_99277604:SNP.CT>
M  Contraint for 99277592:SNP.GA: 0 >= <gurobi.LinExpr: REG_1C_99277592:SNP.GA + REG_1C_2_99277592:SNP.GA>
M  Contraint for 99277604:SNP.CT: 0 >= <gurobi.LinExpr: REG_1B_2_99277604:SNP.CT + REG_1B_99277604:SNP.CT>
M  Contraint for 99260361:SNP.CA: 0 >= <gurobi.LinExpr: REG_1E_2_99260361:SNP.CA + REG_1E_99260361:SNP.CA>
M  Contraint for 99277592:SNP.GA: 0 >= <gurobi.LinExpr: REG_1C_99277592:SNP.GA + REG_1C_2_99277592:SNP.GA>
M  Contraint for 99277604:SNP.CT: 0 <= <gurobi.QuadExpr: 0.0 + [ REG_1B_2_99277604:SNP.CT * 1B_2 + REG_1B_99277604:SNP.CT * 1B + EXT_1E_2_99277604:SNP.CT * 1E_2 + EXT_1_99277604:SNP.CT * 1 + EXT_1C_99277604:SNP.CT * 1C + EXT_1E_99277604:SNP.CT * 1E + EXT_1D_99277604:SNP.CT * 1D + EXT_1D_2_99277604:SNP.CT * 1D_2 + EXT_1C_2_99277604:SNP.CT * 1C_2 + EXT_1_2_99277604:SNP.CT * 1_2 ]> <= 0
M  Contraint for 99277592:SNP.GA: 0 <= <gurobi.QuadExpr: 0.0 + [ REG_1C_99277592:SNP.GA * 1C + REG_1C_2_99277592:SNP.GA * 1C_2 + EXT_1E_2_99277592:SNP.GA * 1E_2 + EXT_1B_2_99277592:SNP.GA * 1B_2 + EXT_1_99277592:SNP.GA * 1 + EXT_1B_99277592:SNP.GA * 1B + EXT_1E_99277592:SNP.GA * 1E + EXT_1D_99277592:SNP.GA * 1D + EXT_1D_2_99277592:SNP.GA * 1D_2 + EXT_1_2_99277592:SNP.GA * 1_2 ]> <= 0
M  Contraint for 99245913:SNP.GA: 1 <= <gurobi.QuadExpr: 0.0 + [ REG_1D_99245913:SNP.GA * 1D + REG_1D_2_99245913:SNP.GA * 1D_2 + EXT_1E_2_99245913:SNP.GA * 1E_2 + EXT_1B_2_99245913:SNP.GA * 1B_2 + EXT_1_99245913:SNP.GA * 1 + EXT_1C_99245913:SNP.GA * 1C + EXT_1B_99245913:SNP.GA * 1B + EXT_1E_99245913:SNP.GA * 1E + EXT_1C_2_99245913:SNP.GA * 1C_2 + EXT_1_2_99245913:SNP.GA * 1_2 ]> <= 2
M  Contraint for 99260361:SNP.CA: 0 <= <gurobi.QuadExpr: 0.0 + [ REG_1E_2_99260361:SNP.CA * 1E_2 + REG_1E_99260361:SNP.CA * 1E + EXT_1B_2_99260361:SNP.CA * 1B_2 + EXT_1_99260361:SNP.CA * 1 + EXT_1C_99260361:SNP.CA * 1C + EXT_1B_99260361:SNP.CA * 1B + EXT_1D_99260361:SNP.CA * 1D + EXT_1D_2_99260361:SNP.CA * 1D_2 + EXT_1C_2_99260361:SNP.CA * 1C_2 + EXT_1_2_99260361:SNP.CA * 1_2 ]> <= 1
CN Solver status: optimal, opt: 1346.0
  1: 1
  1D: 1
    6.0i 99245913:SNP.GA  642 ( 52 cp. 1) 
Missing:
  1: 1
  1D: 1
Extra:
  1: 1
  1D: 1
Time needed: (10.7)
Result is: [('1', '1D')]
