SAM file: bams/NA19818.bam
File bams/NA19818.bam has index
Coverage is 135.940968038
== Allele Filter ==
 6.0i   15989039: SNP.CG                  661 ( 52%) ~     2 (  0)
 6.0i   15989183: SNP.GA                  488 ( 46%) ~     9 (  2)
 6.0i   15989404: SNP.CT                  264 ( 30%) ~    85 ( 32)
 6.11i  15990047: SNP.GA                  105 ( 52%) ~     0 (  0)
 6.8i   15990906: SNP.CA                    5 ( 16%) ~     0 (  0)
 6.8i   15996244: SNP.GA                    2 (100%) ~     0 (  0)
 6.8i   15996348: SNP.TA                    3 ( 60%) ~     0 (  0)
 6.8i   15996482: INS.g                    13 ( 48%) ~     0 (  0)
 6.8i   15996723: SNP.CT                  159 ( 44%) ~     0 (  0)
 6.6i   15999984: SNP.AN                    2 (  6%) ~     0 (  0)
 6.6i   16000165: SNP.TC                   91 ( 57%) ~     0 (  0)
 6.4i   16001598: SNP.GA                  791 ( 50%) ~     0 (  0)
 6.4i   16001739: SNP.AG                 1595 (100%) ~     0 (  0)
 6.4i   16001789: SNP.AG                  725 ( 47%) ~     0 (  0)
 6.4i   16001851: SNP.TG                 1450 (100%) ~     0 (  0)
 6.4i   16002302: SNP.AC                  138 (  8%) ~     0 (  0)
 6.4i   16002392: SNP.TC                  911 ( 47%) ~     0 (  0)
 6.4i   16002520: SNP.GA                  817 ( 51%) ~     0 (  0)
 6.4i   16002536: SNP.CA                  785 ( 50%) ~     0 (  0)
 6.2i   16003650: SNP.TC                  369 ( 54%) ~     0 (  0)
 6.2i   16003938: SNP.TC                  412 ( 48%) ~     0 (  0)
 6.2i   16004395: SNP.CG                   70 ( 52%) ~     0 (  0)
 6.2i   16004481: SNP.GA                   47 ( 52%) ~     0 (  0)
 6.2i   16004537: SNP.AG                   54 ( 53%) ~     0 (  0)
 6.2i   16004989: SNP.CT                   19 ( 50%) ~     0 (  0)
 6.2i   16005002: SNP.CG                    2 (  6%) ~     0 (  0)
 6.2i   16005002: SNP.CT                   15 ( 44%) ~     0 (  0)
 6.2i   16005080: SNP.CT                    5 ( 36%) ~     0 (  0)
 6.2i   16006073: SNP.TA                   28 ( 35%) ~     0 (  0)
 6.2i   16006100: SNP.TC                   42 ( 42%) ~     0 (  0)
 6.2i   16006144: SNP.AG                   77 ( 47%) ~     0 (  0)
 6.2i   16006167: SNP.AG                  107 ( 43%) ~     0 (  0)
 6.2i   16006177: SNP.AG                  126 ( 42%) ~     0 (  0)
 6.2i   16006294: INS.a                   298 ( 49%) ~     0 (  0)
 6.2e   16006322: SNP.GA                  288 ( 49%) ~     0 (  0)
 6.2e   16006379: SNP.TG                  250 ( 44%) ~     0 (  0)
 6.1i   16006717: INS.atct                 21 ( 62%) ~     0 (  0)
 6.1i   16006762: SNP.TC                    2 (  7%) ~     0 (  0)
 6.1i   16006820: SNP.CA                   13 ( 72%) ~     0 (  0)
 6.1i   16006853: SNP.AC                    6 ( 46%) ~     0 (  0)
 6.1i   16006868: DEL.TCTA                  3 ( 30%) ~     0 (  0)
 6.1i   16006878: SNP.CT                   10 (100%) ~     0 (  0)
 6.1i   16007783: SNP.AG                    6 ( 43%) ~     0 (  0)
 6.1i   16007821: SNP.CT                    6 ( 38%) ~     0 (  0)
 6.1i   16007903: SNP.TC                   20 ( 41%) ~     0 (  0)
 6.1i   16008034: SNP.AT                   88 ( 47%) ~     0 (  0)
 6.1e   16008256: SNP.TC                  310 ( 45%) ~     0 (  0)
 6.1e   16008387: SNP.AC     34:T>G       134 ( 39%) ~     0 (  0)
Removing 3     6.10e 15990430:SNP.CT
Removing 4     6.10e 15990430:SNP.CT
Initial status
  CYP2D6.1
  CYP2D6.2
    6.1e           16008387:SNP.AC  134 ( 39) F 34:T>G
== Copy Number Estimator ==
CNV factor: 1.18496229067 (0.843908711588)
Coverage per region
  region:  2D6  2D7
  0i   :  1.84
  1e   :  1.81
  1i   :  2.09
  2e   :  2.00
  2i   :  1.87
  3e   :  1.89
  3i   :  1.86
  4e   :  2.03
  4i   :  1.99
  5e   :  1.95
  5i   :  1.86
  6e   :  2.04
  6i   :  1.96
  7e   :  1.73
  7i   :  1.77
  8e   :  1.97
  8i   :  2.20
  9e   :  1.90
  9i   :  2.11
  10e  :  2.23
  10i  :  2.09
  11e  :  1.85
  11i  :  1.68
  12e  :  1.69
Max. CN = 2
M  Sentinel contraint for 1: A_1^ <= A_1
M  Contraint for 7e: 1.72591288651 == E_7e + <gurobi.LinExpr: A1 + A1^>
M  Contraint for 6e: 2.03653088831 == E_6e + <gurobi.LinExpr: A1 + A1^>
M  Contraint for 9e: 1.89934978476 == E_9e + <gurobi.LinExpr: A1 + A1^>
M  Contraint for 8e: 1.97364416164 == E_8e + <gurobi.LinExpr: A1 + A1^>
M  Contraint for 2e: 1.99945203223 == E_2e + <gurobi.LinExpr: A1 + A1^>
M  Contraint for 1e: 1.81226291627 == E_1e + <gurobi.LinExpr: A1 + A1^>
M  Contraint for 5e: 1.95081565616 == E_5e + <gurobi.LinExpr: A1 + A1^>
M  Contraint for 4e: 2.0302307166 == E_4e + <gurobi.LinExpr: A1 + A1^>
M  Contraint for 3e: 1.89417862136 == E_3e + <gurobi.LinExpr: A1 + A1^>
M  Objective: <gurobi.LinExpr: C11 + C12 + C13 + C14 + C15 + C16 + C17 + C18 + C19 + 0.5 A1 + 0.5 A1^>
CN Solver status: optimal, opt: 1.81114554598
  Solutions:
    ('1', '1^')
== Initial Solver ==
Solving Counter({'1': 2})
Possible candidates:
  CYP2D6.1
  CYP2D6.2
    6.1e 16008387:SNP.AC  134 ( 39) F 34:T>G
M  Max. CN for 1 = 2
M  Max. CN for 2 = 2
M  Contraint for 16008387:REF 6.1e: 206 == <gurobi.QuadExpr: 170.0 1 + 170.0 2_2 + 170.0 2 + 170.0 1_2 + [ -170.0 REG_2_2_16008387:SNP.AC * 2_2 + -170.0 REG_2_16008387:SNP.AC * 2 ]> + err
M  Contraint for 16008387:SNP.AC 6.1e: 134 == <gurobi.QuadExpr: 0.0 + [ 170.0 REG_2_2_16008387:SNP.AC * 2_2 + 170.0 REG_2_16008387:SNP.AC * 2 ]> + err
M  Contraint for 2_2 16008387:SNP.AC: <gurobi.Var 2_2> >= <gurobi.Var REG_2_2_16008387:SNP.AC>
M  Contraint for 2 16008387:SNP.AC: <gurobi.Var 2> >= <gurobi.Var REG_2_16008387:SNP.AC>
M  CN contraint for 1: 2 == <gurobi.LinExpr: 1 + 2_2 + 2 + 1_2>
M  Sentinel contraint for 1: A_1_2 <= A_1
M  Sentinel contraint for 2: A_2_2 <= A_2
M  Objective: <gurobi.LinExpr: C9 + C10>
M  Contraint for 2_2: A_2_2 * (<gurobi.LinExpr: REG_2_2_16008387:SNP.AC> - 1) == 0
M  Contraint for 2: A_2 * (<gurobi.LinExpr: REG_2_16008387:SNP.AC> - 1) == 0
M  Contraint for 16008387:SNP.AC: 1 <= <gurobi.QuadExpr: 0.0 + [ 2_2 * REG_2_2_16008387:SNP.AC + 2 * REG_2_16008387:SNP.AC ]>
M  Contraint for 16008387:SNP.AC: 1 <= <gurobi.QuadExpr: 0.0 + [ 2_2 * REG_2_2_16008387:SNP.AC + 2 * REG_2_16008387:SNP.AC ]>
CN Solver status: optimal, opt: 72.0
  solution:
    ('1', '2')
[32;01mCopy number best structures:[39;49;00m
[32;01m  (1) 2x*1-like[39;49;00m
== Refiner ==
Refining ('1', '2')
M  CN constraint for 1: 1 == <gurobi.LinExpr: 1>
M  CN constraint for 2: 1 == <gurobi.LinExpr: 2>
M  Contraint for 16008387:REF 6.1e: 206 == <gurobi.QuadExpr: 170.0 1 + 170.0 2 + [ -170.0 EXT_1_16008387:SNP.AC * 1 + -170.0 REG_2_16008387:SNP.AC * 2 ]> + err
M  Contraint for 16008387:SNP.AC 6.1e: 134 == <gurobi.QuadExpr: 0.0 + [ 170.0 EXT_1_16008387:SNP.AC * 1 + 170.0 REG_2_16008387:SNP.AC * 2 ]> + err
M  Contraint for MM[missing] 2 16008387:SNP.AC: <gurobi.Var 2> >= <gurobi.Var REG_2_16008387:SNP.AC>
M  Contraint for MA[extra] 1 16008387:SNP.AC: <gurobi.Var 1> >= <gurobi.Var EXT_1_16008387:SNP.AC>
M  Objective: <gurobi.LinExpr: C6 + C7 + EXT_1_16008387:SNP.AC + W>
M  Contraint for 2: <gurobi.LinExpr: REG_2_16008387:SNP.AC> = 1 * A_<gurobi.Var 2>
M  Contraint for 16008387:SNP.AC: 1 <= <gurobi.QuadExpr: 0.0 + [ REG_2_16008387:SNP.AC * 2 ]> <= 1
M  Contraint for 16008387:SNP.AC: <gurobi.QuadExpr: 0.0 + [ REG_2_16008387:SNP.AC * 2 ]> <= 1
CN Solver status: optimal, opt: 72.0
  1: 1
  2: 1
    6.1e 16008387:SNP.AC  134 ( 39 cp. 1) F
Missing:
  1: 1
  2: 1
Extra:
  1: 1
  2: 1
Time needed: (18.2)
Result is: [('1', '2')]
