SAM file: bams/NA19818.bam
File bams/NA19818.bam has index
Coverage is 888.563188737
== Allele Filter ==
Refining indel 42524213:INS.g: from 6 of 1327.0 to 10 (indel:total = 6:760)
Refining indel 42527886:INS.t: from 53 of 840.0 to 100 (indel:total = 53:444)
 6.rep  42519205: SNP.GT                    3 ( 60%) ~     0 (  0)
 6.rep  42519214: SNP.TC                    3 ( 50%) ~     0 (  0)
 6.rep  42519222: SNP.CT                    6 ( 67%) ~     0 (  0)
 6.rep  42519229: SNP.CT                    6 ( 75%) ~     0 (  0)
 6.rep  42519239: SNP.TC                    6 (100%) ~     0 (  0)
 6.rep  42519240: SNP.GA                    5 (100%) ~     0 (  0)
 6.rep  42519242: SNP.CT                    8 (100%) ~     0 (  0)
 6.rep  42519246: SNP.CT                    8 (100%) ~     0 (  0)
 6.rep  42519247: SNP.AG                    8 (100%) ~     0 (  0)
 6.rep  42519255: SNP.GT                    8 (100%) ~     0 (  0)
 6.rep  42519257: SNP.AG                    8 (100%) ~     0 (  0)
 6.rep  42519303: SNP.AG                   12 (100%) ~     0 (  0)
 6.rep  42519311: SNP.GA                   14 (100%) ~     0 (  0)
 6.rep  42519314: SNP.CT                   14 (100%) ~     0 (  0)
 6.rep  42519315: SNP.AG                   15 (100%) ~     0 (  0)
 6.rep  42519635: SNP.CT                  317 ( 55%) ~   281 ( 89)
 6.rep  42520110: SNP.CT                  179 ( 23%) ~   178 ( 99)
 6.rep  42520348: SNP.GA                  133 ( 25%) ~   133 (100)
 6.rep  42520802: SNP.GA                  232 ( 30%) ~   232 (100)
 6.rep  42521441: SNP.GA                  211 ( 22%) ~   191 ( 91)
 6.rep  42521623: SNP.CG                   58 (  8%) ~    58 (100)
 6.rep  42521628: SNP.TG                   61 (  8%) ~    48 ( 79)
 6.rep  42521638: SNP.TG                   74 ( 10%) ~    53 ( 72)
 6.rep  42521644: SNP.AG                   49 (  6%) ~    48 ( 98)
 6.rep  42521648: SNP.TG                   75 ( 10%) ~    55 ( 73)
 6.rep  42521654: SNP.AG                   42 (  5%) ~    29 ( 69)
 6.rep  42521864: SNP.CT                  530 ( 40%) ~    16 (  3)
 6.rep  42521928: SNP.AG                  542 ( 49%) ~     0 (  0)
 6.ins  42522026: SNP.CT                  576 ( 48%) ~     4 (  1)
 6.ins  42522073: SNP.AC                  595 ( 50%) ~     4 (  1)
 6.ins  42522083: SNP.CT                  605 ( 50%) ~     4 (  1)
 6.ins  42522137: INS.tgt                 717 ( 86%) ~    37 (  5)
 6.ins  42522497: SNP.GA                  529 ( 46%) ~   173 ( 33)
 6.9e   42522612: SNP.CG     4180:G>C     451 ( 49%) ~     0 (  0)
 6.7i   42523002: SNP.GA     3790:C>T     628 ( 73%) ~     0 (  0)
 6.7i   42523208: SNP.CT     3584:G>A     604 ( 52%) ~     0 (  0)
 6.7i   42523314: SNP.TC                  103 (  8%) ~    31 ( 30)
 6.7i   42523408: SNP.TG     3384:A>C    1072 ( 64%) ~    69 (  6)
 6.7e   42523504: SNP.CT     3288:G>A     113 (  9%) ~    16 ( 14)
 6.7e   42523513: SNP.CT                   73 (  6%) ~    17 ( 23)
 6.6e   42523942: SNP.GA     2850:C>T     531 ( 49%) ~     0 (  0)
 6.5i   42524079: SNP.TG                  139 (  9%) ~     3 (  2)
 6.5i   42524142: SNP.AC                   95 (  6%) ~     0 (  0)
 6.5e   42524190: SNP.CA                  638 ( 47%) ~     0 (  0)
 6.4i   42524707: SNP.TC                  355 ( 20%) ~    41 ( 12)
 6.4i   42524712: SNP.CG                  363 ( 21%) ~    36 ( 10)
 6.4i   42524742: SNP.GA                  419 ( 26%) ~    42 ( 10)
 6.4e   42524794: SNP.AG                  426 ( 27%) ~    38 (  9)
 6.4e   42524923: SNP.AG     1869:T>C     103 (  9%) ~    28 ( 27)
 6.3e   42525131: SNP.CG     1661:G>C     484 ( 53%) ~     0 (  0)
 6.2i   42525504: SNP.CG                 1009 (100%) ~     0 (  0)
 6.2i   42525505: SNP.GC                 1013 (100%) ~     0 (  0)
 6.2e   42525771: SNP.GA     1023:C>T     455 ( 50%) ~     0 (  0)
 6.2e   42525792: SNP.TG                   58 (  7%) ~     0 (  0)
 6.2e   42525799: SNP.TG                   59 (  7%) ~     0 (  0)
 6.1i   42525951: SNP.AC     843:T>G      736 ( 69%) ~   593 ( 81)
 6.1i   42526048: SNP.GC     746:C>G      502 ( 42%) ~   501 (100)
 6.1i   42526483: SNP.CA     310:G>T      897 ( 57%) ~     0 (  0)
 6.1i   42526548: SNP.TC     CYP2D7:i1:5491   805 ( 68%) ~    18 (  2)
 6.1i   42526560: SNP.TG     CYP2D7:i1:5503   789 ( 73%) ~    32 (  4)
 6.1i   42526561: SNP.CG     CYP2D7:i1:5504   790 ( 73%) ~    32 (  4)
 6.1i   42526566: SNP.AG     CYP2D7:i1:5509   778 ( 71%) ~    32 (  4)
 6.1i   42526570: SNP.GC     CYP2D7:i1:5513   752 ( 72%) ~    32 (  4)
 6.1i   42526572: SNP.GT     CYP2D7:i1:5515   740 ( 71%) ~    32 (  4)
 6.1i   42526579: SNP.CG     214:G>C      718 ( 69%) ~    31 (  4)
 6.0i   42526836: INS.c                   493 ( 46%) ~     4 (  1)
 6.0i   42527470: SNP.CT     -678:G>A     219 ( 18%) ~   217 ( 99)
 6.0i   42527532: SNP.GA     -740:C>T     616 ( 58%) ~     0 (  0)
 6.0i   42527886: INS.t      -1094:insA   100 ( 12%) ~     0 (  0)
 6.0i   42527955: SNP.AC                   20 (  5%) ~     0 (  0)
 6.0i   42527975: SNP.TG                   49 ( 15%) ~     0 (  0)
 6.0i   42527978: SNP.AC                   28 (  9%) ~     0 (  0)
 6.0i   42527978: SNP.AG                   48 ( 15%) ~     0 (  0)
 6.0i   42527984: SNP.TC                   45 ( 15%) ~     0 (  0)
 6.0i   42527985: SNP.GC                   35 ( 12%) ~     0 (  0)
 6.0i   42527988: SNP.TC                   71 ( 24%) ~     0 (  0)
 6.0i   42527995: SNP.TA                   16 (  6%) ~     0 (  0)
 6.0i   42527995: SNP.TG                   21 (  8%) ~     0 (  0)
 6.0i   42527998: SNP.CG                   16 (  6%) ~     0 (  0)
 6.0i   42527999: SNP.TG                   25 (  9%) ~     0 (  0)
 6.0i   42528003: SNP.AG                   40 ( 16%) ~     0 (  0)
 6.0i   42528006: SNP.AC                   15 (  6%) ~     0 (  0)
 6.0i   42528007: SNP.CA                   14 (  5%) ~     0 (  0)
 6.0i   42528012: SNP.AC                   82 ( 33%) ~     0 (  0)
 6.0i   42528015: SNP.AC                  109 ( 44%) ~     0 (  0)
 6.0i   42528019: SNP.AC                   55 ( 24%) ~     0 (  0)
 6.0i   42528020: SNP.GC                   40 ( 18%) ~     0 (  0)
 6.0i   42528023: SNP.TC                   25 ( 12%) ~     0 (  0)
 6.0i   42528026: SNP.TC                   10 (  6%) ~     0 (  0)
 6.0i   42528026: SNP.TA                   17 ( 10%) ~     0 (  0)
 6.0i   42528027: SNP.TC     -1235:A>G    115 ( 76%) ~     0 (  0)
 6.0i   42528029: DEL.T                    11 (  8%) ~     0 (  0)
 6.0i   42528029: DEL.TTT                   7 (  5%) ~     0 (  0)
 6.0i   42528029: DEL.TT                    7 (  5%) ~     0 (  0)
 6.0i   42528178: SNP.TC                    3 (  6%) ~     0 (  0)
 6.0i   42528198: SNP.TC                    3 (  6%) ~     0 (  0)
 6.0i   42528199: SNP.GC                    3 (  6%) ~     0 (  0)
 6.0i   42528202: SNP.TA                    3 (  6%) ~     0 (  0)
 7.rep  42531699: SNP.CT                  520 (100%) ~   294 ( 57)
 7.rep  42531791: SNP.TC                  322 ( 54%) ~   251 ( 78)
 7.rep  42532266: SNP.TC                  625 ( 74%) ~   625 (100)
 7.rep  42532504: SNP.GA                  133 ( 25%) ~   133 (100)
 7.rep  42532958: SNP.AG                  568 ( 73%) ~   568 (100)
 7.rep  42533597: SNP.GA                  257 ( 26%) ~   257 (100)
 7.rep  42533779: SNP.CG                   64 ( 10%) ~    64 (100)
 7.rep  42533784: SNP.TG                   51 (  8%) ~    47 ( 92)
 7.rep  42533790: SNP.AG                   39 (  6%) ~    39 (100)
 7.rep  42533794: SNP.TG                   65 ( 10%) ~    55 ( 85)
 7.rep  42533800: SNP.AG                   66 ( 10%) ~    66 (100)
 7.rep  42533804: SNP.TG                   77 ( 13%) ~    67 ( 87)
 7.rep  42533810: SNP.AG                   43 (  7%) ~    40 ( 93)
 7.rep  42533904: SNP.AG                  121 ( 17%) ~     0 (  0)
 7.rep  42534050: SNP.AG                  414 ( 46%) ~     3 (  1)
 7.rep  42534074: SNP.GA                  452 ( 49%) ~     3 (  1)
 7.pce  42534125: SNP.GT                  354 ( 47%) ~     0 (  0)
 7.pce  42534147: SNP.CT                  302 ( 48%) ~     0 (  0)
 7.pce  42534275: SNP.CG                  106 ( 46%) ~     0 (  0)
 7.pce  42534396: SNP.TG                   46 ( 24%) ~     0 (  0)
 7.pce  42534398: SNP.CG                   15 (  8%) ~     0 (  0)
 7.pce  42534400: SNP.TC                   18 (  9%) ~     0 (  0)
 7.pce  42534409: SNP.AC                   24 ( 13%) ~     0 (  0)
 7.pce  42534415: SNP.TG                   17 (  9%) ~     0 (  0)
 7.pce  42534470: SNP.AC                   14 (  5%) ~     0 (  0)
 7.pce  42534599: SNP.TC                  137 ( 49%) ~     0 (  0)
 7.pce  42534681: SNP.TC                   82 ( 44%) ~     0 (  0)
 7.pce  42534864: DEL.TG                   15 ( 41%) ~     0 (  0)
 7.ins  42535807: SNP.TC                  557 ( 44%) ~     0 (  0)
 7.ins  42535817: SNP.AG                  213 ( 15%) ~    16 (  8)
 7.ins  42536210: SNP.GA                  806 ( 53%) ~   245 ( 30)
 7.9e   42536410: SNP.TG                  115 ( 13%) ~     0 (  0)
 7.8e   42536652: SNP.TC                  132 (  9%) ~    93 ( 70)
 7.7i   42536985: DEL.TGGACAGGCCAGCCCTGCCTATACTC              117 ( 14%) ~     0 (  0)
 7.7i   42537022: SNP.TC                  318 ( 36%) ~     6 (  2)
 7.7i   42537114: SNP.CT                  190 ( 25%) ~    94 ( 49)
 7.7i   42537119: INS.a                   147 ( 19%) ~    92 ( 63)
 7.7i   42537126: SNP.AG                  178 ( 23%) ~    89 ( 50)
 7.7e   42537195: SNP.TC                 1048 (100%) ~    18 (  2)
 7.6i   42537403: SNP.GC                 1042 (100%) ~     2 (  0)
 7.6e   42537596: SNP.AG                  938 (100%) ~     0 (  0)
 7.6e   42537642: SNP.GA                  522 ( 48%) ~     0 (  0)
 7.6e   42537645: SNP.GC                  541 ( 49%) ~     0 (  0)
 7.5i   42537781: SNP.TG                  128 (  8%) ~     0 (  0)
 7.4i   42538102: SNP.TC                  647 ( 50%) ~    14 (  2)
 7.4i   42538228: SNP.GA                  695 ( 51%) ~     9 (  1)
 7.4i   42538246: SNP.CA                  664 ( 50%) ~     0 (  0)
 7.4i   42538398: SNP.CT                  971 (100%) ~    48 (  5)
 7.4i   42538461: SNP.AG                   80 ( 14%) ~    41 ( 51)
 7.4i   42538466: INS.t                    42 (  7%) ~    29 ( 69)
 7.4i   42538469: SNP.TC                   32 (  6%) ~    11 ( 34)
 7.4i   42538469: INS.cgg                  42 (  7%) ~    29 ( 69)
 7.4i   42538470: INS.ctctc                42 (  7%) ~    29 ( 69)
 7.4e   42538507: SNP.AG                  414 ( 65%) ~     3 (  1)
 7.4e   42538508: SNP.GA                  405 ( 64%) ~     3 (  1)
 7.4e   42538514: INS.c                   377 ( 56%) ~     3 (  1)
 7.4e   42538617: SNP.AG                  355 ( 37%) ~    27 (  8)
 7.3e   42538875: SNP.AT                  622 (100%) ~     0 (  0)
 7.2i   42538896: SNP.AG                  298 ( 50%) ~     0 (  0)
 7.2e   42539463: SNP.TG                   63 ( 12%) ~     0 (  0)
 7.2e   42539485: SNP.TG                   51 (  9%) ~     0 (  0)
 7.1i   42539622: SNP.CA                  211 ( 18%) ~   211 (100)
 7.1i   42539719: SNP.CG                  459 ( 40%) ~   459 (100)
 7.1e   42540367: SNP.TG                   79 (  8%) ~     0 (  0)
 7.1e   42540434: SNP.TC                  475 ( 47%) ~     4 (  1)
 7.0i   42541142: SNP.TC                  269 ( 19%) ~   269 (100)
 7.0i   42541201: SNP.CT                   97 (  8%) ~    97 (100)
 7.0i   42541736: INS.t                     6 (  5%) ~     0 (  0)
 7.0i   42542291: INS.a                     5 (  6%) ~     0 (  0)
 7.0i   42542291: DEL.A                     6 (  7%) ~     0 (  0)
 7.0i   42543016: SNP.AC                   96 ( 42%) ~     0 (  0)
 7.0i   42543036: SNP.TA                   11 (  6%) ~     0 (  0)
 7.0i   42543043: SNP.AC                   15 (  8%) ~     0 (  0)
 7.0i   42543047: SNP.GA                    9 (  5%) ~     0 (  0)
 7.0i   42543049: SNP.GA                   14 (  8%) ~     0 (  0)
 7.0i   42543054: SNP.TA                   12 (  7%) ~     0 (  0)
 7.0i   42543056: SNP.AC                   18 ( 11%) ~     0 (  0)
 7.0i   42543069: SNP.GA                    9 (  5%) ~     0 (  0)
 7.0i   42543073: SNP.GA                   22 ( 14%) ~     0 (  0)
 7.0i   42543075: SNP.CA                   23 ( 15%) ~     0 (  0)
 7.0i   42543078: SNP.GA                   12 (  8%) ~     0 (  0)
 7.0i   42543079: SNP.GA                   12 (  9%) ~     0 (  0)
 7.0i   42543080: INS.a                    23 ( 15%) ~     0 (  0)
 7.0i   42543080: INS.aa                   16 ( 10%) ~     0 (  0)
 7.0i   42543094: SNP.GA                   31 ( 25%) ~     0 (  0)
 7.0i   42543096: SNP.GA                   28 ( 22%) ~     0 (  0)
 7.0i   42543099: SNP.GA                   24 ( 19%) ~     0 (  0)
 7.0i   42543104: SNP.CA                   19 ( 15%) ~     0 (  0)
 7.0i   42543109: SNP.CA                   18 ( 13%) ~     0 (  0)
 7.0i   42543112: SNP.TG                   36 ( 25%) ~     0 (  0)
 7.0i   42543115: SNP.GA                   18 ( 12%) ~     0 (  0)
 7.0i   42543120: SNP.GA                   27 ( 18%) ~     0 (  0)
 7.0i   42543124: SNP.TA                   30 ( 19%) ~     0 (  0)
 7.0i   42543127: SNP.CA                   30 ( 19%) ~     0 (  0)
 7.0i   42543132: SNP.TA                   19 ( 12%) ~     0 (  0)
 7.0i   42543134: SNP.GA                    9 (  6%) ~     0 (  0)
 7.0i   42543135: SNP.CA                   11 (  7%) ~     0 (  0)
 7.0i   42543141: SNP.TA                   17 ( 10%) ~     0 (  0)
 7.0i   42543145: SNP.TC                   11 (  6%) ~     0 (  0)
 7.0i   42543446: SNP.TC                  127 (100%) ~     0 (  0)
 7.0i   42543447: SNP.GA                  125 (100%) ~     0 (  0)
 7.0i   42543450: SNP.GA                  122 (100%) ~     0 (  0)
 7.0i   42544016: SNP.AG                  286 ( 50%) ~     0 (  0)
 7.0i   42544049: SNP.GA                  540 (100%) ~     0 (  0)
 7.0i   42544310: SNP.AC                  148 ( 53%) ~     0 (  0)
 7.0i   42544515: INS.ac                   69 ( 17%) ~     1 (  1)
 7.0i   42544515: DEL.ACAC                 38 (  9%) ~     0 (  0)
 7.0i   42544515: DEL.AC                  104 ( 26%) ~     0 (  0)
 7.0i   42544554: SNP.TC                   35 (  5%) ~     0 (  0)
Removing 10B   6.1e 42526693:SNP.GA
Removing 10A   6.1e 42526693:SNP.GA
Removing 10D   6.1e 42526693:SNP.GA
Removing 10DW  6.1e 42526693:SNP.GA
Removing 10BW  6.1e 42526693:SNP.GA
Removing 10AW  6.1e 42526693:SNP.GA
Removing 100   6.1e 42526693:SNP.GA,  6.6e 42523964:DEL.G
Removing 101   6.1e 42526693:SNP.GA,  6.6e 42523847:DEL.CACATCCGGATGTAGGATC
Removing 102   6.2e 42525822:SNP.GA
Removing 103   6.2e 42525822:SNP.GA,  6.3e 42525043:SNP.TC
Removing 104   6.3e 42525072:SNP.TA
Removing 105   6.7e 42523524:SNP.AG
Removing 107   6.3e 42525133:SNP.CT
Removing 108   6.7e 42523566:SNP.TC,  6.7e 42523557:SNP.TC
Removing 109   6.5e 42524175:DEL.CTT,  6.7e 42523609:SNP.CT
Removing 11W   6.1i 42525911:SNP.CG,  6.0i 42528381:SNP.GC
Removing 11    6.1i 42525911:SNP.CG
Removing 12    6.1e 42526669:SNP.CT
Removing 14BW  6.3e 42525034:SNP.CT,  6.0i 42528381:SNP.GC
Removing 14AW  6.1e 42526693:SNP.GA,  6.3e 42525034:SNP.CT,  6.0i 42528381:SNP.GC
Removing 14B   6.3e 42525034:SNP.CT
Removing 14A   6.1e 42526693:SNP.GA,  6.3e 42525034:SNP.CT
Removing 15    6.1e 42526656:INS.a
Removing 18    6.9e 42522667:INS.agtgggcac
Removing 19    6.5e 42524250:DEL.AGTT
Removing 2KW   6.0i 42528381:SNP.GC
Removing 2A    6.0i 42528381:SNP.GC
Removing 2CW   6.0i 42528381:SNP.GC
Removing 2AW   6.0i 42528381:SNP.GC
Removing 2FW   6.0i 42528381:SNP.GC
Removing 2HW   6.0i 42528381:SNP.GC
Removing 2DW   6.0i 42528381:SNP.GC
Removing 2GW   6.0i 42528381:SNP.GC
Removing 2MW   6.0i 42528381:SNP.GC
Removing 2BW   6.0i 42528381:SNP.GC
Removing 2LW   6.0i 42528381:SNP.GC
Removing 2EW   6.0i 42528381:SNP.GC
Removing 20    6.4e 42524819:INS.c,  6.4e 42524814:SNP.GA,  6.4e 42524813:SNP.AG
Removing 21B   6.0i 42528381:SNP.GC,  6.5e 42524213:INS.g
Removing 21A   6.0i 42528381:SNP.GC,  6.5e 42524213:INS.g
Removing 22    6.1e 42526711:SNP.GA
Removing 23    6.2e 42525837:SNP.GA
Removing 24    6.6e 42523939:SNP.TG
Removing 25    6.7e 42523594:SNP.GC
Removing 26    6.7e 42523515:SNP.AG
Removing 27    6.8e 42522939:SNP.CT
Removing 28    6.1e 42526774:SNP.CT,  6.3e 42525088:SNP.GC
Removing 28W   6.1e 42526774:SNP.CT,  6.3e 42525088:SNP.GC,  6.0i 42528381:SNP.GC
Removing 29    6.3e 42525133:SNP.CT,  6.7e 42523609:SNP.CT
Removing 3B    6.3e 42525043:SNP.TC,  6.5e 42524243:DEL.T
Removing 3A    6.5e 42524243:DEL.T
Removing 30    6.4e 42524929:INS.ggggcgaaa
Removing 31    6.0i 42528381:SNP.GC,  6.9e 42522750:SNP.CT
Removing 32    6.8e 42522939:SNP.CT
Removing 33    6.5e 42524309:SNP.CA
Removing 35B   6.0i 42528381:SNP.GC,  6.1e 42526762:SNP.CT
Removing 35A   6.0i 42528381:SNP.GC,  6.1e 42526762:SNP.CT
Removing 36    6.1e 42526693:SNP.GA
Removing 37    6.1e 42526693:SNP.GA,  6.4e 42524849:SNP.CT
Removing 38    6.5e 42524202:DEL.AGTC
Removing 4GW   6.1e 42526693:SNP.GA,  6.2e 42525820:SNP.GT,  6.2e 42525810:SNP.TC,  6.3i 42524946:SNP.CT,  6.6e 42523854:SNP.GA
Removing 4HW   6.1e 42526693:SNP.GA,  6.2e 42525820:SNP.GT,  6.2e 42525810:SNP.TC,  6.3i 42524946:SNP.CT,  6.8e 42522915:SNP.CG
Removing 4FW   6.1e 42526693:SNP.GA,  6.2e 42525820:SNP.GT,  6.2e 42525810:SNP.TC,  6.3i 42524946:SNP.CT,  6.4e 42524934:SNP.GA
Removing 4KW   6.1e 42526693:SNP.GA,  6.3i 42524946:SNP.CT
Removing 4AW   6.1e 42526693:SNP.GA,  6.2e 42525820:SNP.GT,  6.2e 42525810:SNP.TC,  6.3i 42524946:SNP.CT
Removing 4N    6.1e 42526693:SNP.GA,  6.2e 42525820:SNP.GT,  6.2e 42525810:SNP.TC,  6.3i 42524946:SNP.CT
Removing 4M    6.2e 42525820:SNP.GT,  6.2e 42525810:SNP.TC,  6.3i 42524946:SNP.CT
Removing 4J    6.1e 42526693:SNP.GA,  6.2e 42525820:SNP.GT,  6.2e 42525810:SNP.TC,  6.3i 42524946:SNP.CT
Removing 4K    6.1e 42526693:SNP.GA,  6.3i 42524946:SNP.CT
Removing 4H    6.1e 42526693:SNP.GA,  6.2e 42525820:SNP.GT,  6.2e 42525810:SNP.TC,  6.3i 42524946:SNP.CT,  6.8e 42522915:SNP.CG
Removing 4CW   6.1e 42526693:SNP.GA,  6.3i 42524946:SNP.CT,  6.8e 42522905:SNP.AG
Removing 4D    6.1e 42526693:SNP.GA,  6.3i 42524946:SNP.CT
Removing 4LW   6.1e 42526693:SNP.GA,  6.3i 42524946:SNP.CT
Removing 4B    6.1e 42526693:SNP.GA,  6.2e 42525820:SNP.GT,  6.2e 42525810:SNP.TC,  6.3i 42524946:SNP.CT
Removing 4A    6.1e 42526693:SNP.GA,  6.2e 42525820:SNP.GT,  6.2e 42525810:SNP.TC,  6.3i 42524946:SNP.CT
Removing 4BW   6.1e 42526693:SNP.GA,  6.2e 42525820:SNP.GT,  6.2e 42525810:SNP.TC,  6.3i 42524946:SNP.CT
Removing 4JW   6.1e 42526693:SNP.GA,  6.2e 42525820:SNP.GT,  6.2e 42525810:SNP.TC,  6.3i 42524946:SNP.CT
Removing 4L    6.1e 42526693:SNP.GA,  6.3i 42524946:SNP.CT
Removing 4EW   6.1e 42526693:SNP.GA,  6.3i 42524946:SNP.CT
Removing 4P    6.1e 42526693:SNP.GA,  6.2e 42525820:SNP.GT,  6.2e 42525810:SNP.TC,  6.3i 42524946:SNP.CT,  6.5e 42524216:SNP.GA
Removing 4F    6.1e 42526693:SNP.GA,  6.2e 42525820:SNP.GT,  6.2e 42525810:SNP.TC,  6.3i 42524946:SNP.CT,  6.4e 42524934:SNP.GA
Removing 4G    6.1e 42526693:SNP.GA,  6.2e 42525820:SNP.GT,  6.2e 42525810:SNP.TC,  6.3i 42524946:SNP.CT,  6.6e 42523854:SNP.GA
Removing 4E    6.1e 42526693:SNP.GA,  6.3i 42524946:SNP.CT
Removing 4DW   6.1e 42526693:SNP.GA,  6.3i 42524946:SNP.CT
Removing 4C    6.1e 42526693:SNP.GA,  6.3i 42524946:SNP.CT,  6.8e 42522905:SNP.AG
Removing 40    6.4e 42524929:INS.ggggcgaaaggggcgaaa
Removing 41    6.6i 42523804:SNP.CT
Removing 42    6.7e 42523533:INS.ac
Removing 43    6.1e 42526716:SNP.CT
Removing 44    6.1e 42526711:SNP.GA,  6.6i 42523842:SNP.CG
Removing 45A   6.3e 42525076:SNP.CT
Removing 45B   6.3e 42525076:SNP.CT
Removing 46    6.1e 42526716:SNP.CT,  6.3e 42525076:SNP.CT
Removing 47    6.1e 42526720:SNP.GA,  6.1e 42526693:SNP.GA
Removing 48    6.2e 42525822:SNP.GA
Removing 49    6.1e 42526693:SNP.GA,  6.3e 42525181:SNP.AT
Removing 50    6.3e 42525072:SNP.TG
Removing 51    6.0i 42528381:SNP.GC,  6.7e 42523620:SNP.TG
Removing 52    6.1e 42526693:SNP.GA,  6.8e 42522915:SNP.CT
Removing 53    6.3e 42525181:SNP.AT,  6.3e 42525175:SNP.CA
Removing 54    6.1e 42526693:SNP.GA,  6.5e 42524236:SNP.GA
Removing 55    6.8e 42522957:SNP.TG
Removing 56A   6.0i 42528381:SNP.GC,  6.7e 42523591:SNP.GA
Removing 56B   6.1e 42526693:SNP.GA,  6.7e 42523591:SNP.GA
Removing 57    6.1e 42526693:SNP.GA,  6.2e 42525907:SNP.GA
Removing 58    6.4e 42524929:INS.ggggcgaaa
Removing 59    6.6e 42523853:SNP.CT
Removing 6A    6.3e 42525085:DEL.A
Removing 6B    6.3e 42525085:DEL.A,  6.4e 42524816:SNP.CT
Removing 6C    6.3e 42525085:DEL.A,  6.4e 42524816:SNP.CT
Removing 6D    6.3e 42525085:DEL.A
Removing 60    6.4e 42524905:INS.ta
Removing 62    6.9e 42522748:SNP.GA
Removing 63    6.0i 42528381:SNP.GC
Removing 64    6.1e 42526693:SNP.GA
Removing 65    6.1e 42526693:SNP.GA
Removing 68    6.1e 42526693:SNP.GA
Removing 69    6.1e 42526693:SNP.GA,  6.6i 42523804:SNP.CT
Removing 7     6.6e 42523857:SNP.TG
Removing 70    6.3e 42525184:SNP.CT,  6.3e 42525133:SNP.CT,  6.7e 42523609:SNP.CT
Removing 71    6.0i 42528381:SNP.GC,  6.1e 42526668:SNP.CT
Removing 72    6.1e 42526693:SNP.GA,  6.7e 42523474:SNP.CT
Removing 73    6.2e 42525781:SNP.CT
Removing 74    6.2e 42525820:SNP.GT
Removing 75    6.9e 42522747:SNP.CT
Removing 8     6.3e 42525034:SNP.CA
Removing 81    6.5e 42524213:SNP.GA,  6.5e 42524186:SNP.CT,  6.5e 42524182:SNP.AT
Removing 82    6.2e 42525820:SNP.GT,  6.2e 42525810:SNP.TC,  6.2e 42525780:SNP.AG,  6.2e 42525772:SNP.TA,  6.2e 42525771:SNP.GT,  6.2e 42525766:SNP.TC
Removing 84    6.5e 42524218:SNP.GT
Removing 85    6.9e 42522635:SNP.AC
Removing 86    6.5e 42524186:SNP.CT,  6.5e 42524182:SNP.AT
Removing 87    6.1e 42526779:SNP.GA,  6.1e 42526693:SNP.GA
Removing 88    6.2e 42525780:SNP.AG
Removing 89    6.3e 42525114:SNP.AG
Removing 9     6.5e 42524175:DEL.CTT
Removing 90    6.3e 42525099:SNP.TC
Removing 91    6.3e 42525057:SNP.CG,  6.6i 42523804:SNP.CT
Removing 92    6.4e 42524797:DEL.G
Removing 93    6.5e 42524273:SNP.TG
Removing 94B   6.1e 42526693:SNP.GA,  6.7e 42523611:SNP.TC
Removing 94A   6.1e 42526693:SNP.GA,  6.7e 42523611:SNP.TC
Removing 95    6.1e 42526693:SNP.GA,  6.7e 42523458:SNP.CT
Removing 96    6.8e 42522897:SNP.GA
Removing 97    6.9e 42522698:SNP.GT
Removing 98    6.9e 42522682:SNP.GC
Initial status
  CYP2D6.1B
    6.8e           42522964:SNP.CT    0 (  0)   3828:G>A
  CYP2D6.1E
    6.4e           42524923:SNP.AG  103 (  9)   1869:T>C
  CYP2D6.1C
    6.4e           42524814:SNP.GA    0 (  0)   1978:C>T
  CYP2D6.1D
    6.5e           42524217:SNP.GT    0 (  0)   2575:C>A
  CYP2D6.1
  CYP2D6.13$1
  CYP2D6.16$1
  CYP2D6.17
    6.9e           42522612:SNP.CG  451 ( 49) F 4180:G>C
    6.6e           42523942:SNP.GA  531 ( 49) F 2850:C>T
    6.3e           42525131:SNP.CG  484 ( 53)   1661:G>C
    6.2e           42525771:SNP.GA  455 ( 50) F 1023:C>T
  CYP2D6.17W
    6.9e           42522612:SNP.CG  451 ( 49) F 4180:G>C
    6.7i           42523408:SNP.TG 1072 ( 64)   3384:A>C
    6.6e           42523942:SNP.GA  531 ( 49) F 2850:C>T
    6.3e           42525131:SNP.CG  484 ( 53)   1661:G>C
    6.2e           42525771:SNP.GA  455 ( 50) F 1023:C>T
    6.1i           42525951:SNP.AC  736 ( 69)   843:T>G
    6.1i           42526483:SNP.CA  897 ( 57)   310:G>T
    6.0i           42528027:SNP.TC  115 ( 76)   -1235:A>G
  CYP2D6.2D
    6.9e           42522612:SNP.CG  451 ( 49) F 4180:G>C
    6.6e           42523942:SNP.GA  531 ( 49) F 2850:C>T
  CYP2D6.2E
    6.9e           42522612:SNP.CG  451 ( 49) F 4180:G>C
    6.6e           42523942:SNP.GA  531 ( 49) F 2850:C>T
    6.3e           42525131:SNP.CG  484 ( 53)   1661:G>C
    6.2e           42525797:SNP.GC    0 (  0)   997:C>G
  CYP2D6.2F
    6.9e           42522612:SNP.CG  451 ( 49) F 4180:G>C
    6.6e           42523942:SNP.GA  531 ( 49) F 2850:C>T
    6.3e           42525068:SNP.GA    0 (  0)   1724:C>T
    6.3e           42525131:SNP.CG  484 ( 53)   1661:G>C
  CYP2D6.2G
    6.9e           42522612:SNP.CG  451 ( 49) F 4180:G>C
    6.6e           42523942:SNP.GA  531 ( 49) F 2850:C>T
    6.5e           42524217:SNP.GT    0 (  0)   2575:C>A
    6.5e           42524322:SNP.AG    0 (  0)   2470:T>C
    6.3e           42525131:SNP.CG  484 ( 53)   1661:G>C
  CYP2D6.2B
    6.9e           42522612:SNP.CG  451 ( 49) F 4180:G>C
    6.6e           42523942:SNP.GA  531 ( 49) F 2850:C>T
    6.3e           42525131:SNP.CG  484 ( 53)   1661:G>C
    6.2e           42525755:SNP.GA    0 (  0)   1039:C>T
  CYP2D6.2C
    6.9e           42522612:SNP.CG  451 ( 49) F 4180:G>C
    6.6e           42523942:SNP.GA  531 ( 49) F 2850:C>T
    6.5e           42524322:SNP.AG    0 (  0)   2470:T>C
    6.3e           42525131:SNP.CG  484 ( 53)   1661:G>C
  CYP2D6.2L
    6.9e           42522612:SNP.CG  451 ( 49) F 4180:G>C
    6.7i           42523002:SNP.GA  628 ( 73)   3790:C>T
    6.7i           42523208:SNP.CT  604 ( 52)   3584:G>A
    6.7i           42523408:SNP.TG 1072 ( 64)   3384:A>C
    6.6e           42523942:SNP.GA  531 ( 49) F 2850:C>T
    6.3e           42525035:SNP.GA    0 (  0)   1757:C>T
    6.3e           42525131:SNP.CG  484 ( 53)   1661:G>C
    6.2i           42525279:SNP.GA    0 (  0)   1513:C>T
    6.1i           42525951:SNP.AC  736 ( 69)   843:T>G
    6.1i           42526048:SNP.GC  502 ( 42)   746:C>G
    6.1i           42526483:SNP.CA  897 ( 57)   310:G>T
    6.0i           42527532:SNP.GA  616 ( 58)   -740:C>T
    6.0i           42528027:SNP.TC  115 ( 76)   -1235:A>G
    6.0i           42528095:SNP.CT    0 (  0)   -1298:G>A
  CYP2D6.2M
    6.ins          42522311:SNP.CT    0 (  0)   4481:G>A
    6.9e           42522612:SNP.CG  451 ( 49) F 4180:G>C
    6.7i           42523002:SNP.GA  628 ( 73)   3790:C>T
    6.7i           42523208:SNP.CT  604 ( 52)   3584:G>A
    6.7i           42523408:SNP.TG 1072 ( 64)   3384:A>C
    6.6e           42523942:SNP.GA  531 ( 49) F 2850:C>T
    6.3e           42525131:SNP.CG  484 ( 53)   1661:G>C
    6.1i           42525951:SNP.AC  736 ( 69)   843:T>G
    6.1i           42526048:SNP.GC  502 ( 42)   746:C>G
    6.1i           42526483:SNP.CA  897 ( 57)   310:G>T
    6.1i           42526548:SNP.TC  805 ( 68)   CYP2D7:i1:5491
    6.1i           42526560:SNP.TG  789 ( 73)   CYP2D7:i1:5503
    6.1i           42526561:SNP.CG  790 ( 73)   CYP2D7:i1:5504
    6.1i           42526566:SNP.AG  778 ( 71)   CYP2D7:i1:5509
    6.1i           42526570:SNP.GC  752 ( 72)   CYP2D7:i1:5513
    6.1i           42526572:SNP.GT  740 ( 71)   CYP2D7:i1:5515
    6.0i           42527470:SNP.CT  219 ( 18)   -678:G>A
    6.0i           42527532:SNP.GA  616 ( 58)   -740:C>T
    6.0i           42527541:DEL.TC    0 (  0)   -750:delGA
    6.0i           42528027:SNP.TC  115 ( 76)   -1235:A>G
  CYP2D6.2H
    6.9e           42522612:SNP.CG  451 ( 49) F 4180:G>C
    6.6e           42523942:SNP.GA  531 ( 49) F 2850:C>T
    6.5e           42524312:SNP.GA    0 (  0)   2480:C>T
    6.3e           42525131:SNP.CG  484 ( 53)   1661:G>C
  CYP2D6.2K
    6.9e           42522612:SNP.CG  451 ( 49) F 4180:G>C
    6.9e           42522677:SNP.GA    0 (  0)   4115:C>T
    6.6e           42523942:SNP.GA  531 ( 49) F 2850:C>T
    6.3e           42525131:SNP.CG  484 ( 53)   1661:G>C
  CYP2D6.34
    6.6e           42523942:SNP.GA  531 ( 49) F 2850:C>T
  CYP2D6.39
    6.9e           42522612:SNP.CG  451 ( 49) F 4180:G>C
    6.3e           42525131:SNP.CG  484 ( 53)   1661:G>C
  CYP2D6.5
  CYP2D6.61
  CYP2D6.67$1
  CYP2D6.76$1
  CYP2D6.77$1
  CYP2D6.78$1
  CYP2D6.79$1
  CYP2D6.80$1
  CYP2D6.83
    6.1i           42525951:SNP.AC  736 ( 69)   843:T>G
== Copy Number Estimator ==
CNV factor: 1.18496229067 (0.843908711588)
Coverage per region
  region:  2D6  2D7
  0i   :  1.97  1.97 
  1e   :  1.85  1.98 = -0.13
  1i   :  2.00  1.93 =  0.07
  2e   :  1.98  2.06 = -0.08
  2i   :  1.94  2.02 = -0.09
  3e   :  2.25  1.93 =  0.32
  3i   :  2.05  2.24 
  4e   :  1.64  2.54 
  4i   :  1.86  2.17 
  5e   :  2.01  2.20 = -0.19
  5i   :  2.11  2.09 =  0.01
  6e   :  1.89  1.95 = -0.06
  6i   :  1.94  1.99 = -0.05
  7e   :  1.73  2.69 
  7i   :  2.00  1.79 
  8e   :  2.54  1.75 
  8i   :  2.35  2.00 
  9e   :  2.16  2.12 =  0.04
  ins  :  2.10  2.08 
  pce  :  0.00  2.11 = -2.11
  rep  :  1.92  2.13 
Max. CN = 3
M  Sentinel contraint for 61: A_61^ <= A_61
M  Sentinel contraint for 67: A_67^ <= A_67
M  Sentinel contraint for 80: A_80^ <= A_80
M  Sentinel contraint for 1: A_1^ <= A_1
M  Sentinel contraint for 5: A_5^ <= A_5
M  Sentinel contraint for 77: A_77^ <= A_77
M  Sentinel contraint for 76: A_76^ <= A_76
M  Sentinel contraint for 79: A_79^ <= A_79
M  Sentinel contraint for 78: A_78^ <= A_78
M  Sentinel contraint for 13: A_13^ <= A_13
M  Sentinel contraint for 16: A_16^ <= A_16
M  Sentinel contraint for 36: A_36^ <= A_36
M  Sentinel contraint for 36: A_36_2 <= A_36
M  Sentinel contraint for 36: A_36_3 <= A_36_2
M  Sentinel contraint for 1: A_1_3 <= A_1_2
M  Contraint for 6e: -0.0584834126723 == E_6e + <gurobi.LinExpr: 0.0 A5^ + -1.0 A5^ + A78^ + -0.0 A78^ + A1^ + -1.0 A1^ + A61 + -1.0 A61 + A1_3 + -0.0 A1_3 + A80^ + -0.0 A80^ + A67 + -0.0 A67 + A80 + -0.0 A80 + A67^ + -0.0 A67^ + A61^ + -1.0 A61^ + 0.0 A77^ + -1.0 A77^ + A1 + -1.0 A1 + 0.0 A16^ + -1.0 A16^ + 0.0 A5 + -1.0 A5 + A36_2 + -0.0 A36_2 + A36_3 + -0.0 A36_3 + A79^ + -0.0 A79^ + 0.0 A77 + -1.0 A77 + 0.0 A76 + -1.0 A76 + A79 + -0.0 A79 + A78 + -0.0 A78 + A36^ + -1.0 A36^ + A13 + -0.0 A13 + 0.0 A76^ + -1.0 A76^ + 0.0 A16 + -1.0 A16 + A36 + -1.0 A36 + A13^ + -0.0 A13^ + A1_2 + -0.0 A1_2>
M  Contraint for 5e: -0.185907919168 == E_5e + <gurobi.LinExpr: 0.0 A5^ + -1.0 A5^ + A78^ + -0.0 A78^ + A1^ + -1.0 A1^ + A61 + -1.0 A61 + A1_3 + -0.0 A1_3 + A80^ + -0.0 A80^ + 0.5 A67 + -0.5 A67 + A80 + -0.0 A80 + 0.5 A67^ + -0.5 A67^ + A61^ + -1.0 A61^ + 0.0 A77^ + -1.0 A77^ + A1 + -1.0 A1 + 0.0 A16^ + -1.0 A16^ + 0.0 A5 + -1.0 A5 + A36_2 + -0.0 A36_2 + A36_3 + -0.0 A36_3 + A79^ + -0.0 A79^ + 0.0 A77 + -1.0 A77 + 0.0 A76 + -1.0 A76 + A79 + -0.0 A79 + A78 + -0.0 A78 + A36^ + -1.0 A36^ + A13 + -0.0 A13 + 0.0 A76^ + -1.0 A76^ + 0.0 A16 + -1.0 A16 + A36 + -1.0 A36 + A13^ + -0.0 A13^ + A1_2 + -0.0 A1_2>
M  Contraint for 6i: -0.0457925923049 == E_6i + <gurobi.LinExpr: 0.0 A5^ + -1.0 A5^ + A78^ + -0.0 A78^ + A1^ + -1.0 A1^ + A61 + -1.0 A61 + A1_3 + -0.0 A1_3 + A80^ + -0.0 A80^ + A67 + -0.0 A67 + A80 + -0.0 A80 + A67^ + -0.0 A67^ + A61^ + -1.0 A61^ + 0.0 A77^ + -1.0 A77^ + A1 + -1.0 A1 + 0.0 A16^ + -1.0 A16^ + 0.0 A5 + -1.0 A5 + A36_2 + -0.0 A36_2 + A36_3 + -0.0 A36_3 + A79^ + -0.0 A79^ + 0.0 A77 + -1.0 A77 + 0.0 A76 + -1.0 A76 + A79 + -0.0 A79 + A78 + -0.0 A78 + A36^ + -1.0 A36^ + A13 + -0.0 A13 + 0.0 A76^ + -1.0 A76^ + 0.0 A16 + -1.0 A16 + A36 + -1.0 A36 + A13^ + -0.0 A13^ + A1_2 + -0.0 A1_2>
M  Contraint for 9e: 0.0385566292796 == E_9e + <gurobi.LinExpr: 0.0 A5^ + -1.0 A5^ + A78^ + -0.0 A78^ + A1^ + -1.0 A1^ + 0.0 A61 + -2.0 A61 + A1_3 + -0.0 A1_3 + A80^ + -0.0 A80^ + A67 + -0.0 A67 + A80 + -0.0 A80 + A67^ + -0.0 A67^ + 0.0 A61^ + -2.0 A61^ + A77^ + -0.0 A77^ + A1 + -1.0 A1 + A16^ + -0.0 A16^ + 0.0 A5 + -1.0 A5 + 0.0 A36_2 + -1.0 A36_2 + 0.0 A36_3 + -1.0 A36_3 + A79^ + -0.0 A79^ + A77 + -0.0 A77 + 0.5 A76 + -0.5 A76 + A79 + -0.0 A79 + A78 + -0.0 A78 + 0.0 A36^ + -2.0 A36^ + A13 + -0.0 A13 + 0.5 A76^ + -0.5 A76^ + A16 + -0.0 A16 + 0.0 A36 + -2.0 A36 + A13^ + -0.0 A13^ + A1_2 + -0.0 A1_2>
M  Contraint for 2e: -0.0771890079109 == E_2e + <gurobi.LinExpr: 0.0 A5^ + -1.0 A5^ + 0.0 A78^ + -1.0 A78^ + A1^ + -1.0 A1^ + A61 + -1.0 A61 + A1_3 + -0.0 A1_3 + 0.0 A80^ + -1.0 A80^ + 0.0 A67 + -1.0 A67 + 0.0 A80 + -1.0 A80 + 0.0 A67^ + -1.0 A67^ + A61^ + -1.0 A61^ + 0.0 A77^ + -1.0 A77^ + A1 + -1.0 A1 + 0.0 A16^ + -1.0 A16^ + 0.0 A5 + -1.0 A5 + A36_2 + -0.0 A36_2 + A36_3 + -0.0 A36_3 + 0.5 A79^ + -0.5 A79^ + 0.0 A77 + -1.0 A77 + 0.0 A76 + -1.0 A76 + 0.5 A79 + -0.5 A79 + 0.0 A78 + -1.0 A78 + A36^ + -1.0 A36^ + A13 + -0.0 A13 + 0.0 A76^ + -1.0 A76^ + 0.0 A16 + -1.0 A16 + A36 + -1.0 A36 + A13^ + -0.0 A13^ + A1_2 + -0.0 A1_2>
M  Contraint for 1e: -0.133962104304 == E_1e + <gurobi.LinExpr: 0.0 A5^ + -1.0 A5^ + 0.0 A78^ + -1.0 A78^ + A1^ + -1.0 A1^ + A61 + -1.0 A61 + A1_3 + -0.0 A1_3 + 0.0 A80^ + -1.0 A80^ + 0.0 A67 + -1.0 A67 + 0.0 A80 + -1.0 A80 + 0.0 A67^ + -1.0 A67^ + A61^ + -1.0 A61^ + 0.0 A77^ + -1.0 A77^ + A1 + -1.0 A1 + 0.0 A16^ + -1.0 A16^ + 0.0 A5 + -1.0 A5 + A36_2 + -0.0 A36_2 + A36_3 + -0.0 A36_3 + 0.0 A79^ + -1.0 A79^ + 0.0 A77 + -1.0 A77 + 0.0 A76 + -1.0 A76 + 0.0 A79 + -1.0 A79 + 0.0 A78 + -1.0 A78 + A36^ + -1.0 A36^ + 0.0 A13 + -1.0 A13 + 0.0 A76^ + -1.0 A76^ + 0.0 A16 + -1.0 A16 + A36 + -1.0 A36 + 0.0 A13^ + -1.0 A13^ + A1_2 + -0.0 A1_2>
M  Contraint for 1i: 0.0667986288581 == E_1i + <gurobi.LinExpr: 0.0 A5^ + -1.0 A5^ + 0.0 A78^ + -1.0 A78^ + A1^ + -1.0 A1^ + A61 + -1.0 A61 + A1_3 + -0.0 A1_3 + 0.0 A80^ + -1.0 A80^ + 0.0 A67 + -1.0 A67 + 0.0 A80 + -1.0 A80 + 0.0 A67^ + -1.0 A67^ + A61^ + -1.0 A61^ + 0.0 A77^ + -1.0 A77^ + A1 + -1.0 A1 + 0.0 A16^ + -1.0 A16^ + 0.0 A5 + -1.0 A5 + A36_2 + -0.0 A36_2 + A36_3 + -0.0 A36_3 + 0.0 A79^ + -1.0 A79^ + 0.0 A77 + -1.0 A77 + 0.0 A76 + -1.0 A76 + 0.0 A79 + -1.0 A79 + 0.0 A78 + -1.0 A78 + A36^ + -1.0 A36^ + 0.5 A13 + -0.5 A13 + 0.0 A76^ + -1.0 A76^ + 0.0 A16 + -1.0 A16 + A36 + -1.0 A36 + 0.5 A13^ + -0.5 A13^ + A1_2 + -0.0 A1_2>
M  Contraint for 5i: 0.0141464755821 == E_5i + <gurobi.LinExpr: 0.0 A5^ + -1.0 A5^ + A78^ + -0.0 A78^ + A1^ + -1.0 A1^ + A61 + -1.0 A61 + A1_3 + -0.0 A1_3 + A80^ + -0.0 A80^ + A67 + -0.0 A67 + A80 + -0.0 A80 + A67^ + -0.0 A67^ + A61^ + -1.0 A61^ + 0.0 A77^ + -1.0 A77^ + A1 + -1.0 A1 + 0.0 A16^ + -1.0 A16^ + 0.0 A5 + -1.0 A5 + A36_2 + -0.0 A36_2 + A36_3 + -0.0 A36_3 + A79^ + -0.0 A79^ + 0.0 A77 + -1.0 A77 + 0.0 A76 + -1.0 A76 + A79 + -0.0 A79 + A78 + -0.0 A78 + A36^ + -1.0 A36^ + A13 + -0.0 A13 + 0.0 A76^ + -1.0 A76^ + 0.0 A16 + -1.0 A16 + A36 + -1.0 A36 + A13^ + -0.0 A13^ + A1_2 + -0.0 A1_2>
M  Contraint for 2i: -0.086957321112 == E_2i + <gurobi.LinExpr: 0.0 A5^ + -1.0 A5^ + 0.0 A78^ + -1.0 A78^ + A1^ + -1.0 A1^ + A61 + -1.0 A61 + A1_3 + -0.0 A1_3 + 0.5 A80^ + -0.5 A80^ + 0.0 A67 + -1.0 A67 + 0.5 A80 + -0.5 A80 + 0.0 A67^ + -1.0 A67^ + A61^ + -1.0 A61^ + 0.0 A77^ + -1.0 A77^ + A1 + -1.0 A1 + 0.0 A16^ + -1.0 A16^ + 0.0 A5 + -1.0 A5 + A36_2 + -0.0 A36_2 + A36_3 + -0.0 A36_3 + A79^ + -0.0 A79^ + 0.0 A77 + -1.0 A77 + 0.0 A76 + -1.0 A76 + A79 + -0.0 A79 + 0.0 A78 + -1.0 A78 + A36^ + -1.0 A36^ + A13 + -0.0 A13 + 0.0 A76^ + -1.0 A76^ + 0.0 A16 + -1.0 A16 + A36 + -1.0 A36 + A13^ + -0.0 A13^ + A1_2 + -0.0 A1_2>
M  Contraint for 3e: 0.319425540392 == E_3e + <gurobi.LinExpr: 0.0 A5^ + -1.0 A5^ + 0.0 A78^ + -1.0 A78^ + A1^ + -1.0 A1^ + A61 + -1.0 A61 + A1_3 + -0.0 A1_3 + A80^ + -0.0 A80^ + 0.0 A67 + -1.0 A67 + A80 + -0.0 A80 + 0.0 A67^ + -1.0 A67^ + A61^ + -1.0 A61^ + 0.0 A77^ + -1.0 A77^ + A1 + -1.0 A1 + 0.0 A16^ + -1.0 A16^ + 0.0 A5 + -1.0 A5 + A36_2 + -0.0 A36_2 + A36_3 + -0.0 A36_3 + A79^ + -0.0 A79^ + 0.0 A77 + -1.0 A77 + 0.0 A76 + -1.0 A76 + A79 + -0.0 A79 + 0.0 A78 + -1.0 A78 + A36^ + -1.0 A36^ + A13 + -0.0 A13 + 0.0 A76^ + -1.0 A76^ + 0.0 A16 + -1.0 A16 + A36 + -1.0 A36 + A13^ + -0.0 A13^ + A1_2 + -0.0 A1_2>
M  Contraint for pce: -2.10911167517 == E_pce + <gurobi.LinExpr: 0.0 A5^ + -1.0 A5^ + A78^ + -0.0 A78^ + 0.0 A1^ + -1.0 A1^ + 0.0 A61 + -2.0 A61 + 0.0 A1_3 + -0.0 A1_3 + A80^ + -0.0 A80^ + A67 + -0.0 A67 + A80 + -0.0 A80 + A67^ + -0.0 A67^ + 0.0 A61^ + -2.0 A61^ + A77^ + -0.0 A77^ + 0.0 A1 + -1.0 A1 + A16^ + -0.0 A16^ + 0.0 A5 + -1.0 A5 + 0.0 A36_2 + -1.0 A36_2 + 0.0 A36_3 + -1.0 A36_3 + A79^ + -0.0 A79^ + A77 + -0.0 A77 + A76 + -0.0 A76 + A79 + -0.0 A79 + A78 + -0.0 A78 + 0.0 A36^ + -2.0 A36^ + A13 + -0.0 A13 + A76^ + -0.0 A76^ + A16 + -0.0 A16 + 0.0 A36 + -2.0 A36 + A13^ + -0.0 A13^ + 0.0 A1_2 + -0.0 A1_2>
M  Objective: <gurobi.LinExpr: C39 + C40 + C41 + C42 + C43 + C44 + C45 + C46 + C47 + C48 + 1.5 C49 + 0.5 A5^ + 0.5 A78^ + 0.5 A1^ + 0.5 A61 + 0.5 A1_3 + 0.5 A80^ + 0.5 A67 + 0.5 A80 + 0.5 A67^ + 0.5 A61^ + 0.5 A77^ + 0.5 A1 + 0.5 A16^ + 0.5 A5 + 0.5 A36_2 + 0.5 A36_3 + 0.5 A79^ + 0.5 A36^ + 0.5 A76 + 0.5 A79 + 0.5 A78 + 0.5 A77 + 0.5 A13 + 0.5 A76^ + 0.5 A16 + 0.5 A36 + 0.5 A13^ + 0.5 A1_2 + 0.1 A78^ + 0.1 A80^ + 0.1 A67 + 0.1 A80 + 0.1 A67^ + 0.1 A77^ + 0.1 A16^ + 0.1 A79^ + 0.1 A76 + 0.1 A79 + 0.1 A78 + 0.1 A77 + 0.1 A13 + 0.1 A76^ + 0.1 A16 + 0.1 A13^>
CN Solver status: optimal, opt: 2.19088714434
  Solutions:
    ('1', '1^')
== Initial Solver ==
Solving Counter({'1': 2})
Possible candidates:
  CYP2D6.1
  CYP2D6.17
    6.9e 42522612:SNP.CG  451 ( 49) F 4180:G>C
    6.6e 42523942:SNP.GA  531 ( 49) F 2850:C>T
    6.2e 42525771:SNP.GA  455 ( 50) F 1023:C>T
  CYP2D6.2B
    6.9e 42522612:SNP.CG  451 ( 49) F 4180:G>C
    6.6e 42523942:SNP.GA  531 ( 49) F 2850:C>T
  CYP2D6.34
    6.6e 42523942:SNP.GA  531 ( 49) F 2850:C>T
  CYP2D6.39
    6.9e 42522612:SNP.CG  451 ( 49) F 4180:G>C
M  Max. CN for 1 = 2
M  Max. CN for 39 = 2
M  Max. CN for 17 = 2
M  Max. CN for 2B = 2
M  Max. CN for 34 = 2
M  Contraint for 42523942:REF 6.6e: 554 == <gurobi.QuadExpr: 542.5 39 + 542.5 17 + 542.5 39_2 + 542.5 34 + 542.5 1 + 542.5 1_2 + 542.5 2B + 542.5 17_2 + 542.5 34_2 + 542.5 2B_2 + [ -542.5 REG_17_42523942:SNP.GA * 17 + -542.5 REG_34_42523942:SNP.GA * 34 + -542.5 REG_2B_42523942:SNP.GA * 2B + -542.5 REG_17_2_42523942:SNP.GA * 17_2 + -542.5 REG_34_2_42523942:SNP.GA * 34_2 + -542.5 REG_2B_2_42523942:SNP.GA * 2B_2 ]> + err
M  Contraint for 42525771:REF 6.2e: 446 == <gurobi.QuadExpr: 450.5 39 + 450.5 17 + 450.5 39_2 + 450.5 34 + 450.5 1 + 450.5 1_2 + 450.5 2B + 450.5 17_2 + 450.5 34_2 + 450.5 2B_2 + [ -450.5 REG_17_42525771:SNP.GA * 17 + -450.5 REG_17_2_42525771:SNP.GA * 17_2 ]> + err
M  Contraint for 42522612:REF 6.9e: 478 == <gurobi.QuadExpr: 464.5 39 + 464.5 17 + 464.5 39_2 + 464.5 34 + 464.5 1 + 464.5 1_2 + 464.5 2B + 464.5 17_2 + 464.5 34_2 + 464.5 2B_2 + [ -464.5 REG_39_42522612:SNP.CG * 39 + -464.5 REG_17_42522612:SNP.CG * 17 + -464.5 REG_39_2_42522612:SNP.CG * 39_2 + -464.5 REG_2B_42522612:SNP.CG * 2B + -464.5 REG_17_2_42522612:SNP.CG * 17_2 + -464.5 REG_2B_2_42522612:SNP.CG * 2B_2 ]> + err
M  Contraint for 42525771:SNP.GA 6.2e: 455 == <gurobi.QuadExpr: 0.0 + [ 450.5 REG_17_42525771:SNP.GA * 17 + 450.5 REG_17_2_42525771:SNP.GA * 17_2 ]> + err
M  Contraint for 42523942:SNP.GA 6.6e: 531 == <gurobi.QuadExpr: 0.0 + [ 542.5 REG_17_42523942:SNP.GA * 17 + 542.5 REG_34_42523942:SNP.GA * 34 + 542.5 REG_2B_42523942:SNP.GA * 2B + 542.5 REG_17_2_42523942:SNP.GA * 17_2 + 542.5 REG_34_2_42523942:SNP.GA * 34_2 + 542.5 REG_2B_2_42523942:SNP.GA * 2B_2 ]> + err
M  Contraint for 42522612:SNP.CG 6.9e: 451 == <gurobi.QuadExpr: 0.0 + [ 464.5 REG_39_42522612:SNP.CG * 39 + 464.5 REG_17_42522612:SNP.CG * 17 + 464.5 REG_39_2_42522612:SNP.CG * 39_2 + 464.5 REG_2B_42522612:SNP.CG * 2B + 464.5 REG_17_2_42522612:SNP.CG * 17_2 + 464.5 REG_2B_2_42522612:SNP.CG * 2B_2 ]> + err
M  Contraint for 39 42522612:SNP.CG: <gurobi.Var 39> >= <gurobi.Var REG_39_42522612:SNP.CG>
M  Contraint for 17 42523942:SNP.GA: <gurobi.Var 17> >= <gurobi.Var REG_17_42523942:SNP.GA>
M  Contraint for 17 42522612:SNP.CG: <gurobi.Var 17> >= <gurobi.Var REG_17_42522612:SNP.CG>
M  Contraint for 17 42525771:SNP.GA: <gurobi.Var 17> >= <gurobi.Var REG_17_42525771:SNP.GA>
M  Contraint for 39_2 42522612:SNP.CG: <gurobi.Var 39_2> >= <gurobi.Var REG_39_2_42522612:SNP.CG>
M  Contraint for 34 42523942:SNP.GA: <gurobi.Var 34> >= <gurobi.Var REG_34_42523942:SNP.GA>
M  Contraint for 2B 42523942:SNP.GA: <gurobi.Var 2B> >= <gurobi.Var REG_2B_42523942:SNP.GA>
M  Contraint for 2B 42522612:SNP.CG: <gurobi.Var 2B> >= <gurobi.Var REG_2B_42522612:SNP.CG>
M  Contraint for 17_2 42523942:SNP.GA: <gurobi.Var 17_2> >= <gurobi.Var REG_17_2_42523942:SNP.GA>
M  Contraint for 17_2 42522612:SNP.CG: <gurobi.Var 17_2> >= <gurobi.Var REG_17_2_42522612:SNP.CG>
M  Contraint for 17_2 42525771:SNP.GA: <gurobi.Var 17_2> >= <gurobi.Var REG_17_2_42525771:SNP.GA>
M  Contraint for 34_2 42523942:SNP.GA: <gurobi.Var 34_2> >= <gurobi.Var REG_34_2_42523942:SNP.GA>
M  Contraint for 2B_2 42523942:SNP.GA: <gurobi.Var 2B_2> >= <gurobi.Var REG_2B_2_42523942:SNP.GA>
M  Contraint for 2B_2 42522612:SNP.CG: <gurobi.Var 2B_2> >= <gurobi.Var REG_2B_2_42522612:SNP.CG>
M  CN contraint for 1: 2 == <gurobi.LinExpr: 39 + 17 + 39_2 + 34 + 1 + 1_2 + 2B + 17_2 + 34_2 + 2B_2>
M  Sentinel contraint for 39: A_39_2 <= A_39
M  Sentinel contraint for 17: A_17_2 <= A_17
M  Sentinel contraint for 34: A_34_2 <= A_34
M  Sentinel contraint for 1: A_1_2 <= A_1
M  Sentinel contraint for 2B: A_2B_2 <= A_2B
M  Objective: <gurobi.LinExpr: C41 + C42 + C43 + C44 + C45 + C46>
M  Contraint for 39: A_39 * (<gurobi.LinExpr: REG_39_42522612:SNP.CG> - 1) == 0
M  Contraint for 17: A_17 * (<gurobi.LinExpr: REG_17_42522612:SNP.CG + REG_17_42523942:SNP.GA + REG_17_42525771:SNP.GA> - 3) == 0
M  Contraint for 39_2: A_39_2 * (<gurobi.LinExpr: REG_39_2_42522612:SNP.CG> - 1) == 0
M  Contraint for 34: A_34 * (<gurobi.LinExpr: REG_34_42523942:SNP.GA> - 1) == 0
M  Contraint for 2B: A_2B * (<gurobi.LinExpr: REG_2B_42522612:SNP.CG + REG_2B_42523942:SNP.GA> - 2) == 0
M  Contraint for 17_2: A_17_2 * (<gurobi.LinExpr: REG_17_2_42522612:SNP.CG + REG_17_2_42523942:SNP.GA + REG_17_2_42525771:SNP.GA> - 3) == 0
M  Contraint for 34_2: A_34_2 * (<gurobi.LinExpr: REG_34_2_42523942:SNP.GA> - 1) == 0
M  Contraint for 2B_2: A_2B_2 * (<gurobi.LinExpr: REG_2B_2_42522612:SNP.CG + REG_2B_2_42523942:SNP.GA> - 2) == 0
M  Contraint for 42522612:SNP.CG: 1 <= <gurobi.QuadExpr: 0.0 + [ 39 * REG_39_42522612:SNP.CG + 17 * REG_17_42522612:SNP.CG + 39_2 * REG_39_2_42522612:SNP.CG + 2B * REG_2B_42522612:SNP.CG + 17_2 * REG_17_2_42522612:SNP.CG + 2B_2 * REG_2B_2_42522612:SNP.CG ]>
M  Contraint for 42522612:SNP.CG: 1 <= <gurobi.QuadExpr: 0.0 + [ 39 * REG_39_42522612:SNP.CG + 17 * REG_17_42522612:SNP.CG + 39_2 * REG_39_2_42522612:SNP.CG + 2B * REG_2B_42522612:SNP.CG + 17_2 * REG_17_2_42522612:SNP.CG + 2B_2 * REG_2B_2_42522612:SNP.CG ]>
M  Contraint for 42523942:SNP.GA: 1 <= <gurobi.QuadExpr: 0.0 + [ 17 * REG_17_42523942:SNP.GA + 34 * REG_34_42523942:SNP.GA + 2B * REG_2B_42523942:SNP.GA + 17_2 * REG_17_2_42523942:SNP.GA + 34_2 * REG_34_2_42523942:SNP.GA + 2B_2 * REG_2B_2_42523942:SNP.GA ]>
M  Contraint for 42525771:SNP.GA: 1 <= <gurobi.QuadExpr: 0.0 + [ 17 * REG_17_42525771:SNP.GA + 17_2 * REG_17_2_42525771:SNP.GA ]>
M  Contraint for 42522612:SNP.CG: 1 <= <gurobi.QuadExpr: 0.0 + [ 39 * REG_39_42522612:SNP.CG + 17 * REG_17_42522612:SNP.CG + 39_2 * REG_39_2_42522612:SNP.CG + 2B * REG_2B_42522612:SNP.CG + 17_2 * REG_17_2_42522612:SNP.CG + 2B_2 * REG_2B_2_42522612:SNP.CG ]>
M  Contraint for 42523942:SNP.GA: 1 <= <gurobi.QuadExpr: 0.0 + [ 17 * REG_17_42523942:SNP.GA + 34 * REG_34_42523942:SNP.GA + 2B * REG_2B_42523942:SNP.GA + 17_2 * REG_17_2_42523942:SNP.GA + 34_2 * REG_34_2_42523942:SNP.GA + 2B_2 * REG_2B_2_42523942:SNP.GA ]>
M  Contraint for 42522612:SNP.CG: 1 <= <gurobi.QuadExpr: 0.0 + [ 39 * REG_39_42522612:SNP.CG + 17 * REG_17_42522612:SNP.CG + 39_2 * REG_39_2_42522612:SNP.CG + 2B * REG_2B_42522612:SNP.CG + 17_2 * REG_17_2_42522612:SNP.CG + 2B_2 * REG_2B_2_42522612:SNP.CG ]>
M  Contraint for 42523942:SNP.GA: 1 <= <gurobi.QuadExpr: 0.0 + [ 17 * REG_17_42523942:SNP.GA + 34 * REG_34_42523942:SNP.GA + 2B * REG_2B_42523942:SNP.GA + 17_2 * REG_17_2_42523942:SNP.GA + 34_2 * REG_34_2_42523942:SNP.GA + 2B_2 * REG_2B_2_42523942:SNP.GA ]>
M  Contraint for 42522612:SNP.CG: 1 <= <gurobi.QuadExpr: 0.0 + [ 39 * REG_39_42522612:SNP.CG + 17 * REG_17_42522612:SNP.CG + 39_2 * REG_39_2_42522612:SNP.CG + 2B * REG_2B_42522612:SNP.CG + 17_2 * REG_17_2_42522612:SNP.CG + 2B_2 * REG_2B_2_42522612:SNP.CG ]>
M  Contraint for 42523942:SNP.GA: 1 <= <gurobi.QuadExpr: 0.0 + [ 17 * REG_17_42523942:SNP.GA + 34 * REG_34_42523942:SNP.GA + 2B * REG_2B_42523942:SNP.GA + 17_2 * REG_17_2_42523942:SNP.GA + 34_2 * REG_34_2_42523942:SNP.GA + 2B_2 * REG_2B_2_42523942:SNP.GA ]>
M  Contraint for 42525771:SNP.GA: 1 <= <gurobi.QuadExpr: 0.0 + [ 17 * REG_17_42525771:SNP.GA + 17_2 * REG_17_2_42525771:SNP.GA ]>
M  Contraint for 42523942:SNP.GA: 1 <= <gurobi.QuadExpr: 0.0 + [ 17 * REG_17_42523942:SNP.GA + 34 * REG_34_42523942:SNP.GA + 2B * REG_2B_42523942:SNP.GA + 17_2 * REG_17_2_42523942:SNP.GA + 34_2 * REG_34_2_42523942:SNP.GA + 2B_2 * REG_2B_2_42523942:SNP.GA ]>
M  Contraint for 42522612:SNP.CG: 1 <= <gurobi.QuadExpr: 0.0 + [ 39 * REG_39_42522612:SNP.CG + 17 * REG_17_42522612:SNP.CG + 39_2 * REG_39_2_42522612:SNP.CG + 2B * REG_2B_42522612:SNP.CG + 17_2 * REG_17_2_42522612:SNP.CG + 2B_2 * REG_2B_2_42522612:SNP.CG ]>
M  Contraint for 42523942:SNP.GA: 1 <= <gurobi.QuadExpr: 0.0 + [ 17 * REG_17_42523942:SNP.GA + 34 * REG_34_42523942:SNP.GA + 2B * REG_2B_42523942:SNP.GA + 17_2 * REG_17_2_42523942:SNP.GA + 34_2 * REG_34_2_42523942:SNP.GA + 2B_2 * REG_2B_2_42523942:SNP.GA ]>
CN Solver status: optimal, opt: 59.0
  solution:
    ('1', '17')
[32;01mCopy number best structures:[39;49;00m
[32;01m  (1) 2x*1-like[39;49;00m
== Refiner ==
Refining ('1', '17')
M  CN constraint for 1: 1 == <gurobi.LinExpr: 1 + 1C + 1B + 1E + 1D>
M  CN constraint for 17: 1 == <gurobi.LinExpr: 17 + 17W>
M  Contraint for 42524923:SNP.AG 6.4e: 0 == <gurobi.QuadExpr: 0.0 + [ 537.0 EXT_17_42524923:SNP.AG * 17 + 537.0 EXT_1_42524923:SNP.AG * 1 + 537.0 EXT_1C_42524923:SNP.AG * 1C + 537.0 EXT_1B_42524923:SNP.AG * 1B + 537.0 REG_1E_42524923:SNP.AG * 1E + 537.0 EXT_1D_42524923:SNP.AG * 1D + 537.0 EXT_17W_42524923:SNP.AG * 17W ]> + err
M  Contraint for 42525131:SNP.CG 6.3e: 484 == <gurobi.QuadExpr: 0.0 + [ 456.0 REG_17_42525131:SNP.CG * 17 + 456.0 EXT_1_42525131:SNP.CG * 1 + 456.0 EXT_1C_42525131:SNP.CG * 1C + 456.0 EXT_1B_42525131:SNP.CG * 1B + 456.0 EXT_1E_42525131:SNP.CG * 1E + 456.0 EXT_1D_42525131:SNP.CG * 1D + 456.0 REG_17W_42525131:SNP.CG * 17W ]> + err
M  Contraint for 42525771:REF 6.2e: 446 == <gurobi.QuadExpr: 450.5 17 + 450.5 1 + 450.5 1C + 450.5 1B + 450.5 1E + 450.5 1D + 450.5 17W + [ -450.5 REG_17_42525771:SNP.GA * 17 + -450.5 EXT_1_42525771:SNP.GA * 1 + -450.5 EXT_1C_42525771:SNP.GA * 1C + -450.5 EXT_1B_42525771:SNP.GA * 1B + -450.5 EXT_1E_42525771:SNP.GA * 1E + -450.5 EXT_1D_42525771:SNP.GA * 1D + -450.5 REG_17W_42525771:SNP.GA * 17W ]> + err
M  Contraint for 42522964:SNP.CT 6.8e: 0 == <gurobi.QuadExpr: 0.0 + [ 552.5 EXT_17_42522964:SNP.CT * 17 + 552.5 EXT_1_42522964:SNP.CT * 1 + 552.5 EXT_1C_42522964:SNP.CT * 1C + 552.5 REG_1B_42522964:SNP.CT * 1B + 552.5 EXT_1E_42522964:SNP.CT * 1E + 552.5 EXT_1D_42522964:SNP.CT * 1D + 552.5 EXT_17W_42522964:SNP.CT * 17W ]> + err
M  Contraint for 42523408:REF 6.7i: 615 == <gurobi.QuadExpr: 843.5 17 + 843.5 1 + 843.5 1C + 843.5 1B + 843.5 1E + 843.5 1D + 843.5 17W + [ -843.5 EXT_17_42523408:SNP.TG * 17 + -843.5 EXT_1_42523408:SNP.TG * 1 + -843.5 EXT_1C_42523408:SNP.TG * 1C + -843.5 EXT_1B_42523408:SNP.TG * 1B + -843.5 EXT_1E_42523408:SNP.TG * 1E + -843.5 EXT_1D_42523408:SNP.TG * 1D + -843.5 REG_17W_42523408:SNP.TG * 17W ]> + err
M  Contraint for 42524923:REF 6.4e: 1074 == <gurobi.QuadExpr: 537.0 17 + 537.0 1 + 537.0 1C + 537.0 1B + 537.0 1E + 537.0 1D + 537.0 17W + [ -537.0 EXT_17_42524923:SNP.AG * 17 + -537.0 EXT_1_42524923:SNP.AG * 1 + -537.0 EXT_1C_42524923:SNP.AG * 1C + -537.0 EXT_1B_42524923:SNP.AG * 1B + -537.0 REG_1E_42524923:SNP.AG * 1E + -537.0 EXT_1D_42524923:SNP.AG * 1D + -537.0 EXT_17W_42524923:SNP.AG * 17W ]> + err
M  Contraint for 42522612:SNP.CG 6.9e: 451 == <gurobi.QuadExpr: 0.0 + [ 464.5 REG_17_42522612:SNP.CG * 17 + 464.5 EXT_1_42522612:SNP.CG * 1 + 464.5 EXT_1C_42522612:SNP.CG * 1C + 464.5 EXT_1B_42522612:SNP.CG * 1B + 464.5 EXT_1E_42522612:SNP.CG * 1E + 464.5 EXT_1D_42522612:SNP.CG * 1D + 464.5 REG_17W_42522612:SNP.CG * 17W ]> + err
M  Contraint for 42523942:REF 6.6e: 554 == <gurobi.QuadExpr: 542.5 17 + 542.5 1 + 542.5 1C + 542.5 1B + 542.5 1E + 542.5 1D + 542.5 17W + [ -542.5 REG_17_42523942:SNP.GA * 17 + -542.5 EXT_1_42523942:SNP.GA * 1 + -542.5 EXT_1C_42523942:SNP.GA * 1C + -542.5 EXT_1B_42523942:SNP.GA * 1B + -542.5 EXT_1E_42523942:SNP.GA * 1E + -542.5 EXT_1D_42523942:SNP.GA * 1D + -542.5 REG_17W_42523942:SNP.GA * 17W ]> + err
M  Contraint for 42528027:SNP.TC 6.0i: 115 == <gurobi.QuadExpr: 0.0 + [ 74.0 EXT_17_42528027:SNP.TC * 17 + 74.0 EXT_1_42528027:SNP.TC * 1 + 74.0 EXT_1C_42528027:SNP.TC * 1C + 74.0 EXT_1B_42528027:SNP.TC * 1B + 74.0 EXT_1E_42528027:SNP.TC * 1E + 74.0 EXT_1D_42528027:SNP.TC * 1D + 74.0 REG_17W_42528027:SNP.TC * 17W ]> + err
M  Contraint for 42522964:REF 6.8e: 1105 == <gurobi.QuadExpr: 552.5 17 + 552.5 1 + 552.5 1C + 552.5 1B + 552.5 1E + 552.5 1D + 552.5 17W + [ -552.5 EXT_17_42522964:SNP.CT * 17 + -552.5 EXT_1_42522964:SNP.CT * 1 + -552.5 EXT_1C_42522964:SNP.CT * 1C + -552.5 REG_1B_42522964:SNP.CT * 1B + -552.5 EXT_1E_42522964:SNP.CT * 1E + -552.5 EXT_1D_42522964:SNP.CT * 1D + -552.5 EXT_17W_42522964:SNP.CT * 17W ]> + err
M  Contraint for 42528027:REF 6.0i: 33 == <gurobi.QuadExpr: 74.0 17 + 74.0 1 + 74.0 1C + 74.0 1B + 74.0 1E + 74.0 1D + 74.0 17W + [ -74.0 EXT_17_42528027:SNP.TC * 17 + -74.0 EXT_1_42528027:SNP.TC * 1 + -74.0 EXT_1C_42528027:SNP.TC * 1C + -74.0 EXT_1B_42528027:SNP.TC * 1B + -74.0 EXT_1E_42528027:SNP.TC * 1E + -74.0 EXT_1D_42528027:SNP.TC * 1D + -74.0 REG_17W_42528027:SNP.TC * 17W ]> + err
M  Contraint for 42525951:REF 6.1i: 338 == <gurobi.QuadExpr: 537.0 17 + 537.0 1 + 537.0 1C + 537.0 1B + 537.0 1E + 537.0 1D + 537.0 17W + [ -537.0 EXT_17_42525951:SNP.AC * 17 + -537.0 EXT_1_42525951:SNP.AC * 1 + -537.0 EXT_1C_42525951:SNP.AC * 1C + -537.0 EXT_1B_42525951:SNP.AC * 1B + -537.0 EXT_1E_42525951:SNP.AC * 1E + -537.0 EXT_1D_42525951:SNP.AC * 1D + -537.0 REG_17W_42525951:SNP.AC * 17W ]> + err
M  Contraint for 42524814:REF 6.4e: 1400 == <gurobi.QuadExpr: 700.0 17 + 700.0 1 + 700.0 1C + 700.0 1B + 700.0 1E + 700.0 1D + 700.0 17W + [ -700.0 EXT_17_42524814:SNP.GA * 17 + -700.0 EXT_1_42524814:SNP.GA * 1 + -700.0 REG_1C_42524814:SNP.GA * 1C + -700.0 EXT_1B_42524814:SNP.GA * 1B + -700.0 EXT_1E_42524814:SNP.GA * 1E + -700.0 EXT_1D_42524814:SNP.GA * 1D + -700.0 EXT_17W_42524814:SNP.GA * 17W ]> + err
M  Contraint for 42526483:REF 6.1i: 680 == <gurobi.QuadExpr: 788.5 17 + 788.5 1 + 788.5 1C + 788.5 1B + 788.5 1E + 788.5 1D + 788.5 17W + [ -788.5 EXT_17_42526483:SNP.CA * 17 + -788.5 EXT_1_42526483:SNP.CA * 1 + -788.5 EXT_1C_42526483:SNP.CA * 1C + -788.5 EXT_1B_42526483:SNP.CA * 1B + -788.5 EXT_1E_42526483:SNP.CA * 1E + -788.5 EXT_1D_42526483:SNP.CA * 1D + -788.5 REG_17W_42526483:SNP.CA * 17W ]> + err
M  Contraint for 42525951:SNP.AC 6.1i: 736 == <gurobi.QuadExpr: 0.0 + [ 537.0 EXT_17_42525951:SNP.AC * 17 + 537.0 EXT_1_42525951:SNP.AC * 1 + 537.0 EXT_1C_42525951:SNP.AC * 1C + 537.0 EXT_1B_42525951:SNP.AC * 1B + 537.0 EXT_1E_42525951:SNP.AC * 1E + 537.0 EXT_1D_42525951:SNP.AC * 1D + 537.0 REG_17W_42525951:SNP.AC * 17W ]> + err
M  Contraint for 42525131:REF 6.3e: 428 == <gurobi.QuadExpr: 456.0 17 + 456.0 1 + 456.0 1C + 456.0 1B + 456.0 1E + 456.0 1D + 456.0 17W + [ -456.0 REG_17_42525131:SNP.CG * 17 + -456.0 EXT_1_42525131:SNP.CG * 1 + -456.0 EXT_1C_42525131:SNP.CG * 1C + -456.0 EXT_1B_42525131:SNP.CG * 1B + -456.0 EXT_1E_42525131:SNP.CG * 1E + -456.0 EXT_1D_42525131:SNP.CG * 1D + -456.0 REG_17W_42525131:SNP.CG * 17W ]> + err
M  Contraint for 42524814:SNP.GA 6.4e: 0 == <gurobi.QuadExpr: 0.0 + [ 700.0 EXT_17_42524814:SNP.GA * 17 + 700.0 EXT_1_42524814:SNP.GA * 1 + 700.0 REG_1C_42524814:SNP.GA * 1C + 700.0 EXT_1B_42524814:SNP.GA * 1B + 700.0 EXT_1E_42524814:SNP.GA * 1E + 700.0 EXT_1D_42524814:SNP.GA * 1D + 700.0 EXT_17W_42524814:SNP.GA * 17W ]> + err
M  Contraint for 42522612:REF 6.9e: 478 == <gurobi.QuadExpr: 464.5 17 + 464.5 1 + 464.5 1C + 464.5 1B + 464.5 1E + 464.5 1D + 464.5 17W + [ -464.5 REG_17_42522612:SNP.CG * 17 + -464.5 EXT_1_42522612:SNP.CG * 1 + -464.5 EXT_1C_42522612:SNP.CG * 1C + -464.5 EXT_1B_42522612:SNP.CG * 1B + -464.5 EXT_1E_42522612:SNP.CG * 1E + -464.5 EXT_1D_42522612:SNP.CG * 1D + -464.5 REG_17W_42522612:SNP.CG * 17W ]> + err
M  Contraint for 42524217:SNP.GT 6.5e: 0 == <gurobi.QuadExpr: 0.0 + [ 647.5 EXT_17_42524217:SNP.GT * 17 + 647.5 EXT_1_42524217:SNP.GT * 1 + 647.5 EXT_1C_42524217:SNP.GT * 1C + 647.5 EXT_1B_42524217:SNP.GT * 1B + 647.5 EXT_1E_42524217:SNP.GT * 1E + 647.5 REG_1D_42524217:SNP.GT * 1D + 647.5 EXT_17W_42524217:SNP.GT * 17W ]> + err
M  Contraint for 42525771:SNP.GA 6.2e: 455 == <gurobi.QuadExpr: 0.0 + [ 450.5 REG_17_42525771:SNP.GA * 17 + 450.5 EXT_1_42525771:SNP.GA * 1 + 450.5 EXT_1C_42525771:SNP.GA * 1C + 450.5 EXT_1B_42525771:SNP.GA * 1B + 450.5 EXT_1E_42525771:SNP.GA * 1E + 450.5 EXT_1D_42525771:SNP.GA * 1D + 450.5 REG_17W_42525771:SNP.GA * 17W ]> + err
M  Contraint for 42526483:SNP.CA 6.1i: 897 == <gurobi.QuadExpr: 0.0 + [ 788.5 EXT_17_42526483:SNP.CA * 17 + 788.5 EXT_1_42526483:SNP.CA * 1 + 788.5 EXT_1C_42526483:SNP.CA * 1C + 788.5 EXT_1B_42526483:SNP.CA * 1B + 788.5 EXT_1E_42526483:SNP.CA * 1E + 788.5 EXT_1D_42526483:SNP.CA * 1D + 788.5 REG_17W_42526483:SNP.CA * 17W ]> + err
M  Contraint for 42523408:SNP.TG 6.7i: 1072 == <gurobi.QuadExpr: 0.0 + [ 843.5 EXT_17_42523408:SNP.TG * 17 + 843.5 EXT_1_42523408:SNP.TG * 1 + 843.5 EXT_1C_42523408:SNP.TG * 1C + 843.5 EXT_1B_42523408:SNP.TG * 1B + 843.5 EXT_1E_42523408:SNP.TG * 1E + 843.5 EXT_1D_42523408:SNP.TG * 1D + 843.5 REG_17W_42523408:SNP.TG * 17W ]> + err
M  Contraint for 42523942:SNP.GA 6.6e: 531 == <gurobi.QuadExpr: 0.0 + [ 542.5 REG_17_42523942:SNP.GA * 17 + 542.5 EXT_1_42523942:SNP.GA * 1 + 542.5 EXT_1C_42523942:SNP.GA * 1C + 542.5 EXT_1B_42523942:SNP.GA * 1B + 542.5 EXT_1E_42523942:SNP.GA * 1E + 542.5 EXT_1D_42523942:SNP.GA * 1D + 542.5 REG_17W_42523942:SNP.GA * 17W ]> + err
M  Contraint for 42524217:REF 6.5e: 1295 == <gurobi.QuadExpr: 647.5 17 + 647.5 1 + 647.5 1C + 647.5 1B + 647.5 1E + 647.5 1D + 647.5 17W + [ -647.5 EXT_17_42524217:SNP.GT * 17 + -647.5 EXT_1_42524217:SNP.GT * 1 + -647.5 EXT_1C_42524217:SNP.GT * 1C + -647.5 EXT_1B_42524217:SNP.GT * 1B + -647.5 EXT_1E_42524217:SNP.GT * 1E + -647.5 REG_1D_42524217:SNP.GT * 1D + -647.5 EXT_17W_42524217:SNP.GT * 17W ]> + err
M  Contraint for MM[missing] 17 42523942:SNP.GA: <gurobi.Var 17> >= <gurobi.Var REG_17_42523942:SNP.GA>
M  Contraint for MM[missing] 17 42525131:SNP.CG: <gurobi.Var 17> >= <gurobi.Var REG_17_42525131:SNP.CG>
M  Contraint for MM[missing] 17 42522612:SNP.CG: <gurobi.Var 17> >= <gurobi.Var REG_17_42522612:SNP.CG>
M  Contraint for MM[missing] 17 42525771:SNP.GA: <gurobi.Var 17> >= <gurobi.Var REG_17_42525771:SNP.GA>
M  Contraint for MM[missing] 1C 42524814:SNP.GA: <gurobi.Var 1C> >= <gurobi.Var REG_1C_42524814:SNP.GA>
M  Contraint for MM[missing] 1B 42522964:SNP.CT: <gurobi.Var 1B> >= <gurobi.Var REG_1B_42522964:SNP.CT>
M  Contraint for MM[missing] 1E 42524923:SNP.AG: <gurobi.Var 1E> >= <gurobi.Var REG_1E_42524923:SNP.AG>
M  Contraint for MM[missing] 1D 42524217:SNP.GT: <gurobi.Var 1D> >= <gurobi.Var REG_1D_42524217:SNP.GT>
M  Contraint for MM[missing] 17W 42525131:SNP.CG: <gurobi.Var 17W> >= <gurobi.Var REG_17W_42525131:SNP.CG>
M  Contraint for MM[missing] 17W 42525951:SNP.AC: <gurobi.Var 17W> >= <gurobi.Var REG_17W_42525951:SNP.AC>
M  Contraint for MM[missing] 17W 42528027:SNP.TC: <gurobi.Var 17W> >= <gurobi.Var REG_17W_42528027:SNP.TC>
M  Contraint for MM[missing] 17W 42525771:SNP.GA: <gurobi.Var 17W> >= <gurobi.Var REG_17W_42525771:SNP.GA>
M  Contraint for MM[missing] 17W 42523408:SNP.TG: <gurobi.Var 17W> >= <gurobi.Var REG_17W_42523408:SNP.TG>
M  Contraint for MM[missing] 17W 42523942:SNP.GA: <gurobi.Var 17W> >= <gurobi.Var REG_17W_42523942:SNP.GA>
M  Contraint for MM[missing] 17W 42526483:SNP.CA: <gurobi.Var 17W> >= <gurobi.Var REG_17W_42526483:SNP.CA>
M  Contraint for MM[missing] 17W 42522612:SNP.CG: <gurobi.Var 17W> >= <gurobi.Var REG_17W_42522612:SNP.CG>
M  Contraint for MA[extra] 17 42524814:SNP.GA: <gurobi.Var 17> >= <gurobi.Var EXT_17_42524814:SNP.GA>
M  Contraint for MA[extra] 17 42524923:SNP.AG: <gurobi.Var 17> >= <gurobi.Var EXT_17_42524923:SNP.AG>
M  Contraint for MA[extra] 17 42525951:SNP.AC: <gurobi.Var 17> >= <gurobi.Var EXT_17_42525951:SNP.AC>
M  Contraint for MA[extra] 17 42522964:SNP.CT: <gurobi.Var 17> >= <gurobi.Var EXT_17_42522964:SNP.CT>
M  Contraint for MA[extra] 17 42528027:SNP.TC: <gurobi.Var 17> >= <gurobi.Var EXT_17_42528027:SNP.TC>
M  Contraint for MA[extra] 17 42524217:SNP.GT: <gurobi.Var 17> >= <gurobi.Var EXT_17_42524217:SNP.GT>
M  Contraint for MA[extra] 17 42523408:SNP.TG: <gurobi.Var 17> >= <gurobi.Var EXT_17_42523408:SNP.TG>
M  Contraint for MA[extra] 17 42526483:SNP.CA: <gurobi.Var 17> >= <gurobi.Var EXT_17_42526483:SNP.CA>
M  Contraint for MA[extra] 1 42524814:SNP.GA: <gurobi.Var 1> >= <gurobi.Var EXT_1_42524814:SNP.GA>
M  Contraint for MA[extra] 1 42524923:SNP.AG: <gurobi.Var 1> >= <gurobi.Var EXT_1_42524923:SNP.AG>
M  Contraint for MA[extra] 1 42525951:SNP.AC: <gurobi.Var 1> >= <gurobi.Var EXT_1_42525951:SNP.AC>
M  Contraint for MA[extra] 1 42525131:SNP.CG: <gurobi.Var 1> >= <gurobi.Var EXT_1_42525131:SNP.CG>
M  Contraint for MA[extra] 1 42522964:SNP.CT: <gurobi.Var 1> >= <gurobi.Var EXT_1_42522964:SNP.CT>
M  Contraint for MA[extra] 1 42528027:SNP.TC: <gurobi.Var 1> >= <gurobi.Var EXT_1_42528027:SNP.TC>
M  Contraint for MA[extra] 1 42524217:SNP.GT: <gurobi.Var 1> >= <gurobi.Var EXT_1_42524217:SNP.GT>
M  Contraint for MA[extra] 1 42525771:SNP.GA: <gurobi.Var 1> >= <gurobi.Var EXT_1_42525771:SNP.GA>
M  Contraint for MA[extra] 1 42523408:SNP.TG: <gurobi.Var 1> >= <gurobi.Var EXT_1_42523408:SNP.TG>
M  Contraint for MA[extra] 1 42523942:SNP.GA: <gurobi.Var 1> >= <gurobi.Var EXT_1_42523942:SNP.GA>
M  Contraint for MA[extra] 1 42526483:SNP.CA: <gurobi.Var 1> >= <gurobi.Var EXT_1_42526483:SNP.CA>
M  Contraint for MA[extra] 1 42522612:SNP.CG: <gurobi.Var 1> >= <gurobi.Var EXT_1_42522612:SNP.CG>
M  Contraint for MA[extra] 1C 42524923:SNP.AG: <gurobi.Var 1C> >= <gurobi.Var EXT_1C_42524923:SNP.AG>
M  Contraint for MA[extra] 1C 42525951:SNP.AC: <gurobi.Var 1C> >= <gurobi.Var EXT_1C_42525951:SNP.AC>
M  Contraint for MA[extra] 1C 42525131:SNP.CG: <gurobi.Var 1C> >= <gurobi.Var EXT_1C_42525131:SNP.CG>
M  Contraint for MA[extra] 1C 42522964:SNP.CT: <gurobi.Var 1C> >= <gurobi.Var EXT_1C_42522964:SNP.CT>
M  Contraint for MA[extra] 1C 42528027:SNP.TC: <gurobi.Var 1C> >= <gurobi.Var EXT_1C_42528027:SNP.TC>
M  Contraint for MA[extra] 1C 42524217:SNP.GT: <gurobi.Var 1C> >= <gurobi.Var EXT_1C_42524217:SNP.GT>
M  Contraint for MA[extra] 1C 42525771:SNP.GA: <gurobi.Var 1C> >= <gurobi.Var EXT_1C_42525771:SNP.GA>
M  Contraint for MA[extra] 1C 42523408:SNP.TG: <gurobi.Var 1C> >= <gurobi.Var EXT_1C_42523408:SNP.TG>
M  Contraint for MA[extra] 1C 42523942:SNP.GA: <gurobi.Var 1C> >= <gurobi.Var EXT_1C_42523942:SNP.GA>
M  Contraint for MA[extra] 1C 42526483:SNP.CA: <gurobi.Var 1C> >= <gurobi.Var EXT_1C_42526483:SNP.CA>
M  Contraint for MA[extra] 1C 42522612:SNP.CG: <gurobi.Var 1C> >= <gurobi.Var EXT_1C_42522612:SNP.CG>
M  Contraint for MA[extra] 1B 42524814:SNP.GA: <gurobi.Var 1B> >= <gurobi.Var EXT_1B_42524814:SNP.GA>
M  Contraint for MA[extra] 1B 42524923:SNP.AG: <gurobi.Var 1B> >= <gurobi.Var EXT_1B_42524923:SNP.AG>
M  Contraint for MA[extra] 1B 42525131:SNP.CG: <gurobi.Var 1B> >= <gurobi.Var EXT_1B_42525131:SNP.CG>
M  Contraint for MA[extra] 1B 42525951:SNP.AC: <gurobi.Var 1B> >= <gurobi.Var EXT_1B_42525951:SNP.AC>
M  Contraint for MA[extra] 1B 42528027:SNP.TC: <gurobi.Var 1B> >= <gurobi.Var EXT_1B_42528027:SNP.TC>
M  Contraint for MA[extra] 1B 42524217:SNP.GT: <gurobi.Var 1B> >= <gurobi.Var EXT_1B_42524217:SNP.GT>
M  Contraint for MA[extra] 1B 42525771:SNP.GA: <gurobi.Var 1B> >= <gurobi.Var EXT_1B_42525771:SNP.GA>
M  Contraint for MA[extra] 1B 42523408:SNP.TG: <gurobi.Var 1B> >= <gurobi.Var EXT_1B_42523408:SNP.TG>
M  Contraint for MA[extra] 1B 42523942:SNP.GA: <gurobi.Var 1B> >= <gurobi.Var EXT_1B_42523942:SNP.GA>
M  Contraint for MA[extra] 1B 42526483:SNP.CA: <gurobi.Var 1B> >= <gurobi.Var EXT_1B_42526483:SNP.CA>
M  Contraint for MA[extra] 1B 42522612:SNP.CG: <gurobi.Var 1B> >= <gurobi.Var EXT_1B_42522612:SNP.CG>
M  Contraint for MA[extra] 1E 42524814:SNP.GA: <gurobi.Var 1E> >= <gurobi.Var EXT_1E_42524814:SNP.GA>
M  Contraint for MA[extra] 1E 42525951:SNP.AC: <gurobi.Var 1E> >= <gurobi.Var EXT_1E_42525951:SNP.AC>
M  Contraint for MA[extra] 1E 42525131:SNP.CG: <gurobi.Var 1E> >= <gurobi.Var EXT_1E_42525131:SNP.CG>
M  Contraint for MA[extra] 1E 42522964:SNP.CT: <gurobi.Var 1E> >= <gurobi.Var EXT_1E_42522964:SNP.CT>
M  Contraint for MA[extra] 1E 42528027:SNP.TC: <gurobi.Var 1E> >= <gurobi.Var EXT_1E_42528027:SNP.TC>
M  Contraint for MA[extra] 1E 42524217:SNP.GT: <gurobi.Var 1E> >= <gurobi.Var EXT_1E_42524217:SNP.GT>
M  Contraint for MA[extra] 1E 42525771:SNP.GA: <gurobi.Var 1E> >= <gurobi.Var EXT_1E_42525771:SNP.GA>
M  Contraint for MA[extra] 1E 42523408:SNP.TG: <gurobi.Var 1E> >= <gurobi.Var EXT_1E_42523408:SNP.TG>
M  Contraint for MA[extra] 1E 42523942:SNP.GA: <gurobi.Var 1E> >= <gurobi.Var EXT_1E_42523942:SNP.GA>
M  Contraint for MA[extra] 1E 42526483:SNP.CA: <gurobi.Var 1E> >= <gurobi.Var EXT_1E_42526483:SNP.CA>
M  Contraint for MA[extra] 1E 42522612:SNP.CG: <gurobi.Var 1E> >= <gurobi.Var EXT_1E_42522612:SNP.CG>
M  Contraint for MA[extra] 1D 42524814:SNP.GA: <gurobi.Var 1D> >= <gurobi.Var EXT_1D_42524814:SNP.GA>
M  Contraint for MA[extra] 1D 42524923:SNP.AG: <gurobi.Var 1D> >= <gurobi.Var EXT_1D_42524923:SNP.AG>
M  Contraint for MA[extra] 1D 42525951:SNP.AC: <gurobi.Var 1D> >= <gurobi.Var EXT_1D_42525951:SNP.AC>
M  Contraint for MA[extra] 1D 42525131:SNP.CG: <gurobi.Var 1D> >= <gurobi.Var EXT_1D_42525131:SNP.CG>
M  Contraint for MA[extra] 1D 42522964:SNP.CT: <gurobi.Var 1D> >= <gurobi.Var EXT_1D_42522964:SNP.CT>
M  Contraint for MA[extra] 1D 42528027:SNP.TC: <gurobi.Var 1D> >= <gurobi.Var EXT_1D_42528027:SNP.TC>
M  Contraint for MA[extra] 1D 42525771:SNP.GA: <gurobi.Var 1D> >= <gurobi.Var EXT_1D_42525771:SNP.GA>
M  Contraint for MA[extra] 1D 42523408:SNP.TG: <gurobi.Var 1D> >= <gurobi.Var EXT_1D_42523408:SNP.TG>
M  Contraint for MA[extra] 1D 42523942:SNP.GA: <gurobi.Var 1D> >= <gurobi.Var EXT_1D_42523942:SNP.GA>
M  Contraint for MA[extra] 1D 42526483:SNP.CA: <gurobi.Var 1D> >= <gurobi.Var EXT_1D_42526483:SNP.CA>
M  Contraint for MA[extra] 1D 42522612:SNP.CG: <gurobi.Var 1D> >= <gurobi.Var EXT_1D_42522612:SNP.CG>
M  Contraint for MA[extra] 17W 42524814:SNP.GA: <gurobi.Var 17W> >= <gurobi.Var EXT_17W_42524814:SNP.GA>
M  Contraint for MA[extra] 17W 42524923:SNP.AG: <gurobi.Var 17W> >= <gurobi.Var EXT_17W_42524923:SNP.AG>
M  Contraint for MA[extra] 17W 42524217:SNP.GT: <gurobi.Var 17W> >= <gurobi.Var EXT_17W_42524217:SNP.GT>
M  Contraint for MA[extra] 17W 42522964:SNP.CT: <gurobi.Var 17W> >= <gurobi.Var EXT_17W_42522964:SNP.CT>
M  Objective: <gurobi.LinExpr: C115 + C116 + C117 + C118 + C119 + C120 + C121 + C122 + C123 + C124 + C125 + C126 + C127 + C128 + C129 + C130 + C131 + C132 + C133 + C134 + C135 + C136 + C137 + C138 + EXT_17_42524814:SNP.GA + EXT_17_42524923:SNP.AG + EXT_17_42525951:SNP.AC + EXT_17_42522964:SNP.CT + EXT_17_42528027:SNP.TC + EXT_17_42524217:SNP.GT + EXT_17_42523408:SNP.TG + EXT_17_42526483:SNP.CA + EXT_1_42524814:SNP.GA + EXT_1_42524923:SNP.AG + EXT_1_42525951:SNP.AC + EXT_1_42525131:SNP.CG + EXT_1_42522964:SNP.CT + EXT_1_42528027:SNP.TC + EXT_1_42524217:SNP.GT + EXT_1_42525771:SNP.GA + EXT_1_42523408:SNP.TG + EXT_1_42523942:SNP.GA + EXT_1_42526483:SNP.CA + EXT_1_42522612:SNP.CG + EXT_1C_42524923:SNP.AG + EXT_1C_42525951:SNP.AC + EXT_1C_42525131:SNP.CG + EXT_1C_42522964:SNP.CT + EXT_1C_42528027:SNP.TC + EXT_1C_42524217:SNP.GT + EXT_1C_42525771:SNP.GA + EXT_1C_42523408:SNP.TG + EXT_1C_42523942:SNP.GA + EXT_1C_42526483:SNP.CA + EXT_1C_42522612:SNP.CG + EXT_1B_42524814:SNP.GA + EXT_1B_42524923:SNP.AG + EXT_1B_42525131:SNP.CG + EXT_1B_42525951:SNP.AC + EXT_1B_42528027:SNP.TC + EXT_1B_42524217:SNP.GT + EXT_1B_42525771:SNP.GA + EXT_1B_42523408:SNP.TG + EXT_1B_42523942:SNP.GA + EXT_1B_42526483:SNP.CA + EXT_1B_42522612:SNP.CG + EXT_1E_42524814:SNP.GA + EXT_1E_42525951:SNP.AC + EXT_1E_42525131:SNP.CG + EXT_1E_42522964:SNP.CT + EXT_1E_42528027:SNP.TC + EXT_1E_42524217:SNP.GT + EXT_1E_42525771:SNP.GA + EXT_1E_42523408:SNP.TG + EXT_1E_42523942:SNP.GA + EXT_1E_42526483:SNP.CA + EXT_1E_42522612:SNP.CG + EXT_1D_42524814:SNP.GA + EXT_1D_42524923:SNP.AG + EXT_1D_42525951:SNP.AC + EXT_1D_42525131:SNP.CG + EXT_1D_42522964:SNP.CT + EXT_1D_42528027:SNP.TC + EXT_1D_42525771:SNP.GA + EXT_1D_42523408:SNP.TG + EXT_1D_42523942:SNP.GA + EXT_1D_42526483:SNP.CA + EXT_1D_42522612:SNP.CG + EXT_17W_42524814:SNP.GA + EXT_17W_42524923:SNP.AG + EXT_17W_42524217:SNP.GT + EXT_17W_42522964:SNP.CT + W>
M  Contraint for 17: <gurobi.LinExpr: REG_17_42525771:SNP.GA + REG_17_42523942:SNP.GA + REG_17_42522612:SNP.CG> = 3 * A_<gurobi.Var 17>
M  Contraint for 17W: <gurobi.LinExpr: REG_17W_42525771:SNP.GA + REG_17W_42523942:SNP.GA + REG_17W_42522612:SNP.CG> = 3 * A_<gurobi.Var 17W>
M  Contraint for 42524814:SNP.GA: 0 >= <gurobi.LinExpr: REG_1C_42524814:SNP.GA>
M  Contraint for 42522964:SNP.CT: 0 >= <gurobi.LinExpr: REG_1B_42522964:SNP.CT>
M  Contraint for 42524923:SNP.AG: 0 >= <gurobi.LinExpr: REG_1E_42524923:SNP.AG>
M  Contraint for 42524217:SNP.GT: 0 >= <gurobi.LinExpr: REG_1D_42524217:SNP.GT>
M  Contraint for 42524923:SNP.AG: 0 <= <gurobi.QuadExpr: 0.0 + [ REG_1E_42524923:SNP.AG * 1E + EXT_17_42524923:SNP.AG * 17 + EXT_1_42524923:SNP.AG * 1 + EXT_1C_42524923:SNP.AG * 1C + EXT_1B_42524923:SNP.AG * 1B + EXT_1D_42524923:SNP.AG * 1D + EXT_17W_42524923:SNP.AG * 17W ]> <= 1
M  Contraint for 42525131:SNP.CG: 1 <= <gurobi.QuadExpr: 0.0 + [ REG_17_42525131:SNP.CG * 17 + REG_17W_42525131:SNP.CG * 17W + EXT_1_42525131:SNP.CG * 1 + EXT_1C_42525131:SNP.CG * 1C + EXT_1B_42525131:SNP.CG * 1B + EXT_1E_42525131:SNP.CG * 1E + EXT_1D_42525131:SNP.CG * 1D ]> <= 2
M  Contraint for 42522964:SNP.CT: 0 <= <gurobi.QuadExpr: 0.0 + [ REG_1B_42522964:SNP.CT * 1B + EXT_17_42522964:SNP.CT * 17 + EXT_1_42522964:SNP.CT * 1 + EXT_1C_42522964:SNP.CT * 1C + EXT_1E_42522964:SNP.CT * 1E + EXT_1D_42522964:SNP.CT * 1D + EXT_17W_42522964:SNP.CT * 17W ]> <= 1
M  Contraint for 42523408:SNP.TG: 1 <= <gurobi.QuadExpr: 0.0 + [ REG_17W_42523408:SNP.TG * 17W + EXT_17_42523408:SNP.TG * 17 + EXT_1_42523408:SNP.TG * 1 + EXT_1C_42523408:SNP.TG * 1C + EXT_1B_42523408:SNP.TG * 1B + EXT_1E_42523408:SNP.TG * 1E + EXT_1D_42523408:SNP.TG * 1D ]> <= 2
M  Contraint for 42528027:SNP.TC: 1 <= <gurobi.QuadExpr: 0.0 + [ REG_17W_42528027:SNP.TC * 17W + EXT_17_42528027:SNP.TC * 17 + EXT_1_42528027:SNP.TC * 1 + EXT_1C_42528027:SNP.TC * 1C + EXT_1B_42528027:SNP.TC * 1B + EXT_1E_42528027:SNP.TC * 1E + EXT_1D_42528027:SNP.TC * 1D ]> <= 2
M  Contraint for 42524814:SNP.GA: 0 <= <gurobi.QuadExpr: 0.0 + [ REG_1C_42524814:SNP.GA * 1C + EXT_17_42524814:SNP.GA * 17 + EXT_1_42524814:SNP.GA * 1 + EXT_1B_42524814:SNP.GA * 1B + EXT_1E_42524814:SNP.GA * 1E + EXT_1D_42524814:SNP.GA * 1D + EXT_17W_42524814:SNP.GA * 17W ]> <= 1
M  Contraint for 42524217:SNP.GT: 0 <= <gurobi.QuadExpr: 0.0 + [ REG_1D_42524217:SNP.GT * 1D + EXT_17_42524217:SNP.GT * 17 + EXT_1_42524217:SNP.GT * 1 + EXT_1C_42524217:SNP.GT * 1C + EXT_1B_42524217:SNP.GT * 1B + EXT_1E_42524217:SNP.GT * 1E + EXT_17W_42524217:SNP.GT * 17W ]> <= 1
M  Contraint for 42525771:SNP.GA: 1 <= <gurobi.QuadExpr: 0.0 + [ REG_17_42525771:SNP.GA * 17 + REG_17W_42525771:SNP.GA * 17W ]> <= 2
M  Contraint for 42525771:SNP.GA: <gurobi.QuadExpr: 0.0 + [ REG_17_42525771:SNP.GA * 17 + REG_17W_42525771:SNP.GA * 17W ]> <= 2
M  Contraint for 42525951:SNP.AC: 1 <= <gurobi.QuadExpr: 0.0 + [ REG_17W_42525951:SNP.AC * 17W + EXT_17_42525951:SNP.AC * 17 + EXT_1_42525951:SNP.AC * 1 + EXT_1C_42525951:SNP.AC * 1C + EXT_1B_42525951:SNP.AC * 1B + EXT_1E_42525951:SNP.AC * 1E + EXT_1D_42525951:SNP.AC * 1D ]> <= 2
M  Contraint for 42523942:SNP.GA: 1 <= <gurobi.QuadExpr: 0.0 + [ REG_17_42523942:SNP.GA * 17 + REG_17W_42523942:SNP.GA * 17W ]> <= 1
M  Contraint for 42523942:SNP.GA: <gurobi.QuadExpr: 0.0 + [ REG_17_42523942:SNP.GA * 17 + REG_17W_42523942:SNP.GA * 17W ]> <= 1
M  Contraint for 42526483:SNP.CA: 1 <= <gurobi.QuadExpr: 0.0 + [ REG_17W_42526483:SNP.CA * 17W + EXT_17_42526483:SNP.CA * 17 + EXT_1_42526483:SNP.CA * 1 + EXT_1C_42526483:SNP.CA * 1C + EXT_1B_42526483:SNP.CA * 1B + EXT_1E_42526483:SNP.CA * 1E + EXT_1D_42526483:SNP.CA * 1D ]> <= 2
M  Contraint for 42522612:SNP.CG: 1 <= <gurobi.QuadExpr: 0.0 + [ REG_17_42522612:SNP.CG * 17 + REG_17W_42522612:SNP.CG * 17W ]> <= 1
M  Contraint for 42522612:SNP.CG: <gurobi.QuadExpr: 0.0 + [ REG_17_42522612:SNP.CG * 17 + REG_17W_42522612:SNP.CG * 17W ]> <= 1
CN Solver status: optimal, opt: 1254.0
  1: 1
  17W: 1
    6.3e 42525131:SNP.CG  484 ( 53 cp. 1) 
    6.1i 42525951:SNP.AC  736 ( 69 cp. 1) 
    6.0i 42528027:SNP.TC  115 ( 78 cp. 2) 
    6.2e 42525771:SNP.GA  455 ( 50 cp. 1) F
    6.7i 42523408:SNP.TG 1072 ( 64 cp. 1) 
    6.6e 42523942:SNP.GA  531 ( 49 cp. 1) F
    6.1i 42526483:SNP.CA  897 ( 57 cp. 1) 
    6.9e 42522612:SNP.CG  451 ( 49 cp. 1) F
Missing:
  1: 1
  17W: 1
Extra:
  1: 1
    6.0i 42528027:SNP.TC  115 ( 78)   rs28735595   -1235:A>G
  17W: 1
Time needed: (41.6)
Result is: [('1', '17W')]
