SAM file: bams/NA19772.bam
File bams/NA19772.bam has index
Coverage is 489.95788511
== Allele Filter ==
 6.0i   99245913: SNP.GA     31611:C>T   1330 (100%) ~     0 (  0)
 6.12i  99246280: SNP.AC                    5 (  5%) ~     0 (  0)
 6.12i  99246280: SNP.AG                    6 (  6%) ~     0 (  0)
 6.12i  99246283: SNP.CT                    5 (  5%) ~     0 (  0)
 6.12i  99246287: DEL.T                     7 (  8%) ~     0 (  0)
 6.12i  99246287: INS.t                    15 ( 17%) ~     0 (  0)
 6.12i  99246300: SNP.AT                    6 (  8%) ~     0 (  0)
 6.10i  99250474: SNP.TC     27050:A>G    340 ( 46%) ~     0 (  0)
 6.10i  99251488: SNP.AT                    2 (100%) ~     0 (  0)
 6.10i  99251589: SNP.GA                    2 (100%) ~     0 (  0)
 6.10i  99257868: SNP.AT                   39 ( 12%) ~     0 (  0)
 6.10i  99257868: DEL.AC                   18 (  6%) ~     0 (  0)
 6.10i  99257869: SNP.CT                   40 ( 13%) ~     0 (  0)
 6.10i  99257875: SNP.AT                   29 (  7%) ~     0 (  0)
 6.10i  99257878: SNP.AT                   64 ( 15%) ~     0 (  0)
 6.10i  99257881: SNP.GT                   50 ( 11%) ~     0 (  0)
 6.10i  99257885: SNP.TA                   53 ( 10%) ~     0 (  0)
 6.10i  99257888: SNP.CA                   58 ( 11%) ~     0 (  0)
 6.10i  99257890: SNP.GA                   56 ( 10%) ~     0 (  0)
 6.10i  99257891: SNP.TA                   59 ( 10%) ~     0 (  0)
 6.10i  99257895: SNP.CA                   61 ( 10%) ~     0 (  0)
 6.10i  99257899: SNP.TG                   59 ( 10%) ~     0 (  0)
 6.9i   99260077: SNP.CA                    2 (  7%) ~     0 (  0)
 6.9i   99260401: SNP.TC                   73 (  9%) ~     0 (  0)
 6.7i   99262571: SNP.GA                   50 (100%) ~     0 (  0)
 6.4i   99264806: SNP.TG                   14 (  6%) ~     0 (  0)
 6.4i   99264809: SNP.CA                   22 (  9%) ~     0 (  0)
 6.4i   99264829: SNP.CA                   13 (  7%) ~     0 (  0)
 6.4i   99264832: SNP.TG                   11 (  6%) ~     0 (  0)
 6.4i   99264846: SNP.GC                   11 (  7%) ~     0 (  0)
 6.4i   99264850: SNP.AG                    9 (  6%) ~     0 (  0)
 6.4i   99264855: SNP.CT                   13 (  9%) ~     0 (  0)
 6.4i   99264858: SNP.CT                   11 (  8%) ~     0 (  0)
 6.4i   99264859: SNP.TG                   17 ( 12%) ~     0 (  0)
 6.4i   99264861: SNP.AG                   27 ( 20%) ~     0 (  0)
 6.4i   99264866: SNP.AG                   19 ( 15%) ~     0 (  0)
 6.4i   99264867: SNP.TG                   21 ( 16%) ~     0 (  0)
 6.4i   99264869: SNP.TG                   47 ( 37%) ~     0 (  0)
 6.4i   99264874: SNP.CG                   51 ( 45%) ~     0 (  0)
 6.4i   99264880: SNP.TG                   25 ( 22%) ~     0 (  0)
 6.4i   99268143: SNP.GT                    3 ( 33%) ~     0 (  0)
 6.4i   99268718: SNP.TA                   31 (  6%) ~     0 (  0)
 6.4i   99268740: DEL.TGTG                 36 (  9%) ~     0 (  0)
 6.4i   99268740: DEL.TG                   50 ( 12%) ~     0 (  0)
 6.4i   99268787: SNP.AT                   27 (  8%) ~     0 (  0)
 6.4i   99268792: SNP.AG                  192 ( 53%) ~     0 (  0)
 6.4i   99268886: SNP.TG                  292 ( 35%) ~     0 (  0)
 6.4i   99268893: SNP.GT                   53 (  6%) ~     0 (  0)
 6.4i   99268924: SNP.AT                   83 (  9%) ~     0 (  0)
 6.3i   99270538: SNP.TC     6986:A>G     868 (100%) ~     2 (  0)
 6.2i   99273232: SNP.TC                  337 (100%) ~     0 (  0)
 6.2i   99273233: SNP.CT                  330 (100%) ~     0 (  0)
 6.2i   99273241: SNP.TC                  278 (100%) ~     0 (  0)
 6.2i   99273243: SNP.TC                  261 ( 97%) ~     0 (  0)
 6.2i   99273246: SNP.CT                  242 ( 95%) ~     0 (  0)
 6.2i   99273248: SNP.CT                  229 ( 95%) ~     0 (  0)
 6.2i   99273266: DEL.CC                   11 (  7%) ~     0 (  0)
 6.2i   99273267: INS.tcct                 41 ( 31%) ~     0 (  0)
 6.2i   99273267: SNP.CT                   57 ( 43%) ~     0 (  0)
 6.2i   99273269: SNP.CT                   12 (  9%) ~     0 (  0)
 6.2i   99273270: SNP.AC                   69 ( 53%) ~     0 (  0)
 6.2i   99273270: SNP.AT                   47 ( 36%) ~     0 (  0)
 6.2i   99273271: INS.a                    39 ( 30%) ~     0 (  0)
 6.2i   99273272: SNP.TC                   35 ( 28%) ~     0 (  0)
 6.2i   99273275: SNP.TC                   28 ( 23%) ~     0 (  0)
 6.2i   99273275: SNP.TA                   31 ( 25%) ~     0 (  0)
 6.2i   99273279: SNP.CT                    6 (  5%) ~     0 (  0)
 6.2i   99273280: SNP.CT                   32 ( 28%) ~     0 (  0)
 6.2i   99273283: INS.c                    65 ( 56%) ~     0 (  0)
 6.2i   99273292: DEL.T                    12 ( 14%) ~     0 (  0)
 6.2i   99273293: INS.c                     5 (  6%) ~     0 (  0)
 6.2i   99273297: DEL.TT                   36 ( 72%) ~     0 (  0)
 6.2i   99273298: INS.c                     2 ( 13%) ~     0 (  0)
 6.2i   99273303: SNP.TC                   35 ( 62%) ~     0 (  0)
 6.2i   99273305: SNP.TC                   37 ( 73%) ~     0 (  0)
 6.2i   99273312: SNP.TC                    2 ( 10%) ~     0 (  0)
 6.2i   99273315: DEL.T                     2 ( 10%) ~     0 (  0)
 6.1i   99277107: SNP.TA                    2 ( 18%) ~     0 (  0)
Removing 2     6.11e 99250235:SNP.GT
Removing 3K    6.12e 99247771:SNP.AG
Removing 3J    6.12e 99247742:SNP.TC
Removing 3L    6.2e 99273744:SNP.TC
Removing 3B    6.2e 99273814:SNP.GA,  6.2e 99273810:INS.c
Removing 3G    6.5i 99264572:SNP.AG
Removing 3F    6.13e 99245973:SNP.AG
Removing 3D    6.4e 99270275:SNP.AC
Removing 4     6.7e 99262859:SNP.TC
Removing 5     6.5i 99264572:SNP.AG
Removing 6     6.7e 99262834:SNP.CT
Removing 7     6.11e 99250393:INS.a
Removing 8     6.2e 99273820:SNP.GA
Removing 9X    6.10e 99258138:SNP.CT
Removing 9     6.10e 99258138:SNP.CT
Initial status
  CYP2D6.1C
                   99277592:SNP.GA    0 (  0)   -74:C>T
  CYP2D6.1E
    6.9i           99260361:SNP.CA    0 (  0)   17163:G>T
  CYP2D6.1D
    6.0i           99245913:SNP.GA 1330 (100)   31611:C>T
  CYP2D6.1
  CYP2D6.1B
                   99277604:SNP.CT    0 (  0)   -86:G>A
  CYP2D6.3H
    6.0i           99245913:SNP.GA 1330 (100)   31611:C>T
    6.5i           99264416:SNP.AG    0 (  0)   13108:T>C
    6.3i           99270538:SNP.TC  868 (100) F 6986:A>G
  CYP2D6.3C
    6.3i           99270538:SNP.TC  868 (100) F 6986:A>G
  CYP2D6.3A
    6.0i           99245913:SNP.GA 1330 (100)   31611:C>T
    6.3i           99270538:SNP.TC  868 (100) F 6986:A>G
  CYP2D6.3E
    6.0i           99245913:SNP.GA 1330 (100)   31611:C>T
    6.10i          99250474:SNP.TC  340 ( 46)   27050:A>G
    6.3i           99270538:SNP.TC  868 (100) F 6986:A>G
  CYP2D6.3I
    6.0i           99245913:SNP.GA 1330 (100)   31611:C>T
    6.8i           99260621:SNP.TC    0 (  0)   16903:A>G
    6.3i           99270538:SNP.TC  868 (100) F 6986:A>G
== Copy Number Estimator ==
CNV factor: 1.59267907347 (0.627872882023)
Coverage per region
  region:  2D6  2D7
  0i   :  1.90
  1e   :  2.10
  1i   :  1.97
  2e   :  1.95
  2i   :  2.00
  3e   :  2.02
  3i   :  2.03
  4e   :  1.90
  4i   :  1.99
  5e   :  2.11
  5i   :  2.02
  6e   :  2.26
  6i   :  2.04
  7e   :  1.88
  7i   :  1.91
  8e   :  2.01
  8i   :  2.11
  9e   :  2.07
  9i   :  2.06
  10e  :  2.09
  10i  :  2.09
  11e  :  2.04
  11i  :  2.07
  12e  :  2.19
  12i  :  2.02
  13e  :  1.96
Max. CN = 2
M  Sentinel contraint for 1: A_1^ <= A_1
M  Contraint for 7e: 1.8820563446 == E_7e + <gurobi.LinExpr: A1 + A1^>
M  Contraint for 6e: 2.26458792967 == E_6e + <gurobi.LinExpr: A1 + A1^>
M  Contraint for 9e: 2.06942298777 == E_9e + <gurobi.LinExpr: A1 + A1^>
M  Contraint for 8e: 2.01428029258 == E_8e + <gurobi.LinExpr: A1 + A1^>
M  Contraint for 2e: 1.94890025863 == E_2e + <gurobi.LinExpr: A1 + A1^>
M  Contraint for 1e: 2.10075165468 == E_1e + <gurobi.LinExpr: A1 + A1^>
M  Contraint for 5e: 2.10761832619 == E_5e + <gurobi.LinExpr: A1 + A1^>
M  Contraint for 4e: 1.90161935546 == E_4e + <gurobi.LinExpr: A1 + A1^>
M  Contraint for 3e: 2.01607792165 == E_3e + <gurobi.LinExpr: A1 + A1^>
M  Objective: <gurobi.LinExpr: C11 + C12 + C13 + C14 + C15 + C16 + C17 + C18 + C19 + 0.5 A1 + 0.5 A1^>
CN Solver status: optimal, opt: 1.84016315384
  Solutions:
    ('1', '1^')
== Initial Solver ==
Solving Counter({'1': 2})
Possible candidates:
  CYP2D6.1
  CYP2D6.3A
    6.3i 99270538:SNP.TC  868 (100) F 6986:A>G
M  Max. CN for 1 = 2
M  Max. CN for 3A = 2
M  Contraint for 99270538:SNP.TC 6.3i: 868 == <gurobi.QuadExpr: 0.0 + [ 434.0 REG_3A_99270538:SNP.TC * 3A + 434.0 REG_3A_2_99270538:SNP.TC * 3A_2 ]> + err
M  Contraint for 99270538:REF 6.3i: 0 == <gurobi.QuadExpr: 434.0 1 + 434.0 3A + 434.0 3A_2 + 434.0 1_2 + [ -434.0 REG_3A_99270538:SNP.TC * 3A + -434.0 REG_3A_2_99270538:SNP.TC * 3A_2 ]> + err
M  Contraint for 3A 99270538:SNP.TC: <gurobi.Var 3A> >= <gurobi.Var REG_3A_99270538:SNP.TC>
M  Contraint for 3A_2 99270538:SNP.TC: <gurobi.Var 3A_2> >= <gurobi.Var REG_3A_2_99270538:SNP.TC>
M  CN contraint for 1: 2 == <gurobi.LinExpr: 1 + 3A + 3A_2 + 1_2>
M  Sentinel contraint for 1: A_1_2 <= A_1
M  Sentinel contraint for 3A: A_3A_2 <= A_3A
M  Objective: <gurobi.LinExpr: C9 + C10>
M  Contraint for 3A: A_3A * (<gurobi.LinExpr: REG_3A_99270538:SNP.TC> - 1) == 0
M  Contraint for 3A_2: A_3A_2 * (<gurobi.LinExpr: REG_3A_2_99270538:SNP.TC> - 1) == 0
M  Contraint for 99270538:SNP.TC: 1 <= <gurobi.QuadExpr: 0.0 + [ 3A * REG_3A_99270538:SNP.TC + 3A_2 * REG_3A_2_99270538:SNP.TC ]>
M  Contraint for 99270538:SNP.TC: 1 <= <gurobi.QuadExpr: 0.0 + [ 3A * REG_3A_99270538:SNP.TC + 3A_2 * REG_3A_2_99270538:SNP.TC ]>
CN Solver status: optimal, opt: 0.0
  solution:
    ('3A', '3A')
[32;01mCopy number best structures:[39;49;00m
[32;01m  (1) 2x*1-like[39;49;00m
== Refiner ==
Refining ('3A', '3A')
M  Sentinel constraint for 3I: A_3I_2 <= A_3I
M  Sentinel constraint for 3H: A_3H_2 <= A_3H
M  Sentinel constraint for 3C: A_3C_2 <= A_3C
M  Sentinel constraint for 3A: A_3A_2 <= A_3A
M  Sentinel constraint for 3E: A_3E_2 <= A_3E
M  CN constraint for 3A: 2 == <gurobi.LinExpr: 3H + 3C_2 + 3I + 3H_2 + 3A_2 + 3E_2 + 3C + 3A + 3I_2 + 3E>
M  Contraint for 99250474:SNP.TC 6.10i: 340 == <gurobi.QuadExpr: 0.0 + [ 369.5 EXT_3C_2_99250474:SNP.TC * 3C_2 + 369.5 EXT_3H_2_99250474:SNP.TC * 3H_2 + 369.5 EXT_3I_99250474:SNP.TC * 3I + 369.5 EXT_3H_99250474:SNP.TC * 3H + 369.5 EXT_3A_2_99250474:SNP.TC * 3A_2 + 369.5 REG_3E_2_99250474:SNP.TC * 3E_2 + 369.5 EXT_3C_99250474:SNP.TC * 3C + 369.5 EXT_3A_99250474:SNP.TC * 3A + 369.5 EXT_3I_2_99250474:SNP.TC * 3I_2 + 369.5 REG_3E_99250474:SNP.TC * 3E ]> + err
M  Contraint for 99260621:SNP.TC 6.8i: 0 == <gurobi.QuadExpr: 0.0 + [ 683.0 EXT_3C_2_99260621:SNP.TC * 3C_2 + 683.0 EXT_3H_2_99260621:SNP.TC * 3H_2 + 683.0 REG_3I_99260621:SNP.TC * 3I + 683.0 EXT_3H_99260621:SNP.TC * 3H + 683.0 EXT_3A_2_99260621:SNP.TC * 3A_2 + 683.0 EXT_3E_2_99260621:SNP.TC * 3E_2 + 683.0 EXT_3C_99260621:SNP.TC * 3C + 683.0 EXT_3A_99260621:SNP.TC * 3A + 683.0 REG_3I_2_99260621:SNP.TC * 3I_2 + 683.0 EXT_3E_99260621:SNP.TC * 3E ]> + err
M  Contraint for 99270538:REF 6.3i: 0 == <gurobi.QuadExpr: 434.0 3C_2 + 434.0 3H_2 + 434.0 3I + 434.0 3H + 434.0 3A_2 + 434.0 3E_2 + 434.0 3C + 434.0 3A + 434.0 3I_2 + 434.0 3E + [ -434.0 REG_3C_2_99270538:SNP.TC * 3C_2 + -434.0 REG_3H_2_99270538:SNP.TC * 3H_2 + -434.0 REG_3I_99270538:SNP.TC * 3I + -434.0 REG_3H_99270538:SNP.TC * 3H + -434.0 REG_3A_2_99270538:SNP.TC * 3A_2 + -434.0 REG_3E_2_99270538:SNP.TC * 3E_2 + -434.0 REG_3C_99270538:SNP.TC * 3C + -434.0 REG_3A_99270538:SNP.TC * 3A + -434.0 REG_3I_2_99270538:SNP.TC * 3I_2 + -434.0 REG_3E_99270538:SNP.TC * 3E ]> + err
M  Contraint for 99260621:REF 6.8i: 1366 == <gurobi.QuadExpr: 683.0 3C_2 + 683.0 3H_2 + 683.0 3I + 683.0 3H + 683.0 3A_2 + 683.0 3E_2 + 683.0 3C + 683.0 3A + 683.0 3I_2 + 683.0 3E + [ -683.0 EXT_3C_2_99260621:SNP.TC * 3C_2 + -683.0 EXT_3H_2_99260621:SNP.TC * 3H_2 + -683.0 REG_3I_99260621:SNP.TC * 3I + -683.0 EXT_3H_99260621:SNP.TC * 3H + -683.0 EXT_3A_2_99260621:SNP.TC * 3A_2 + -683.0 EXT_3E_2_99260621:SNP.TC * 3E_2 + -683.0 EXT_3C_99260621:SNP.TC * 3C + -683.0 EXT_3A_99260621:SNP.TC * 3A + -683.0 REG_3I_2_99260621:SNP.TC * 3I_2 + -683.0 EXT_3E_99260621:SNP.TC * 3E ]> + err
M  Contraint for 99245913:SNP.GA 6.0i: 1330 == <gurobi.QuadExpr: 0.0 + [ 665.5 EXT_3C_2_99245913:SNP.GA * 3C_2 + 665.5 REG_3H_2_99245913:SNP.GA * 3H_2 + 665.5 REG_3I_99245913:SNP.GA * 3I + 665.5 REG_3H_99245913:SNP.GA * 3H + 665.5 REG_3A_2_99245913:SNP.GA * 3A_2 + 665.5 REG_3E_2_99245913:SNP.GA * 3E_2 + 665.5 EXT_3C_99245913:SNP.GA * 3C + 665.5 REG_3A_99245913:SNP.GA * 3A + 665.5 REG_3I_2_99245913:SNP.GA * 3I_2 + 665.5 REG_3E_99245913:SNP.GA * 3E ]> + err
M  Contraint for 99264416:SNP.AG 6.5i: 0 == <gurobi.QuadExpr: 0.0 + [ 492.5 EXT_3C_2_99264416:SNP.AG * 3C_2 + 492.5 REG_3H_2_99264416:SNP.AG * 3H_2 + 492.5 EXT_3I_99264416:SNP.AG * 3I + 492.5 REG_3H_99264416:SNP.AG * 3H + 492.5 EXT_3A_2_99264416:SNP.AG * 3A_2 + 492.5 EXT_3E_2_99264416:SNP.AG * 3E_2 + 492.5 EXT_3C_99264416:SNP.AG * 3C + 492.5 EXT_3A_99264416:SNP.AG * 3A + 492.5 EXT_3I_2_99264416:SNP.AG * 3I_2 + 492.5 EXT_3E_99264416:SNP.AG * 3E ]> + err
M  Contraint for 99270538:SNP.TC 6.3i: 868 == <gurobi.QuadExpr: 0.0 + [ 434.0 REG_3C_2_99270538:SNP.TC * 3C_2 + 434.0 REG_3H_2_99270538:SNP.TC * 3H_2 + 434.0 REG_3I_99270538:SNP.TC * 3I + 434.0 REG_3H_99270538:SNP.TC * 3H + 434.0 REG_3A_2_99270538:SNP.TC * 3A_2 + 434.0 REG_3E_2_99270538:SNP.TC * 3E_2 + 434.0 REG_3C_99270538:SNP.TC * 3C + 434.0 REG_3A_99270538:SNP.TC * 3A + 434.0 REG_3I_2_99270538:SNP.TC * 3I_2 + 434.0 REG_3E_99270538:SNP.TC * 3E ]> + err
M  Contraint for 99250474:REF 6.10i: 399 == <gurobi.QuadExpr: 369.5 3C_2 + 369.5 3H_2 + 369.5 3I + 369.5 3H + 369.5 3A_2 + 369.5 3E_2 + 369.5 3C + 369.5 3A + 369.5 3I_2 + 369.5 3E + [ -369.5 EXT_3C_2_99250474:SNP.TC * 3C_2 + -369.5 EXT_3H_2_99250474:SNP.TC * 3H_2 + -369.5 EXT_3I_99250474:SNP.TC * 3I + -369.5 EXT_3H_99250474:SNP.TC * 3H + -369.5 EXT_3A_2_99250474:SNP.TC * 3A_2 + -369.5 REG_3E_2_99250474:SNP.TC * 3E_2 + -369.5 EXT_3C_99250474:SNP.TC * 3C + -369.5 EXT_3A_99250474:SNP.TC * 3A + -369.5 EXT_3I_2_99250474:SNP.TC * 3I_2 + -369.5 REG_3E_99250474:SNP.TC * 3E ]> + err
M  Contraint for 99245913:REF 6.0i: 1 == <gurobi.QuadExpr: 665.5 3C_2 + 665.5 3H_2 + 665.5 3I + 665.5 3H + 665.5 3A_2 + 665.5 3E_2 + 665.5 3C + 665.5 3A + 665.5 3I_2 + 665.5 3E + [ -665.5 EXT_3C_2_99245913:SNP.GA * 3C_2 + -665.5 REG_3H_2_99245913:SNP.GA * 3H_2 + -665.5 REG_3I_99245913:SNP.GA * 3I + -665.5 REG_3H_99245913:SNP.GA * 3H + -665.5 REG_3A_2_99245913:SNP.GA * 3A_2 + -665.5 REG_3E_2_99245913:SNP.GA * 3E_2 + -665.5 EXT_3C_99245913:SNP.GA * 3C + -665.5 REG_3A_99245913:SNP.GA * 3A + -665.5 REG_3I_2_99245913:SNP.GA * 3I_2 + -665.5 REG_3E_99245913:SNP.GA * 3E ]> + err
M  Contraint for 99264416:REF 6.5i: 985 == <gurobi.QuadExpr: 492.5 3C_2 + 492.5 3H_2 + 492.5 3I + 492.5 3H + 492.5 3A_2 + 492.5 3E_2 + 492.5 3C + 492.5 3A + 492.5 3I_2 + 492.5 3E + [ -492.5 EXT_3C_2_99264416:SNP.AG * 3C_2 + -492.5 REG_3H_2_99264416:SNP.AG * 3H_2 + -492.5 EXT_3I_99264416:SNP.AG * 3I + -492.5 REG_3H_99264416:SNP.AG * 3H + -492.5 EXT_3A_2_99264416:SNP.AG * 3A_2 + -492.5 EXT_3E_2_99264416:SNP.AG * 3E_2 + -492.5 EXT_3C_99264416:SNP.AG * 3C + -492.5 EXT_3A_99264416:SNP.AG * 3A + -492.5 EXT_3I_2_99264416:SNP.AG * 3I_2 + -492.5 EXT_3E_99264416:SNP.AG * 3E ]> + err
M  Contraint for MM[missing] 3H 99270538:SNP.TC: <gurobi.Var 3H> >= <gurobi.Var REG_3H_99270538:SNP.TC>
M  Contraint for MM[missing] 3H 99245913:SNP.GA: <gurobi.Var 3H> >= <gurobi.Var REG_3H_99245913:SNP.GA>
M  Contraint for MM[missing] 3H 99264416:SNP.AG: <gurobi.Var 3H> >= <gurobi.Var REG_3H_99264416:SNP.AG>
M  Contraint for MM[missing] 3C_2 99270538:SNP.TC: <gurobi.Var 3C_2> >= <gurobi.Var REG_3C_2_99270538:SNP.TC>
M  Contraint for MM[missing] 3I 99270538:SNP.TC: <gurobi.Var 3I> >= <gurobi.Var REG_3I_99270538:SNP.TC>
M  Contraint for MM[missing] 3I 99245913:SNP.GA: <gurobi.Var 3I> >= <gurobi.Var REG_3I_99245913:SNP.GA>
M  Contraint for MM[missing] 3I 99260621:SNP.TC: <gurobi.Var 3I> >= <gurobi.Var REG_3I_99260621:SNP.TC>
M  Contraint for MM[missing] 3H_2 99270538:SNP.TC: <gurobi.Var 3H_2> >= <gurobi.Var REG_3H_2_99270538:SNP.TC>
M  Contraint for MM[missing] 3H_2 99245913:SNP.GA: <gurobi.Var 3H_2> >= <gurobi.Var REG_3H_2_99245913:SNP.GA>
M  Contraint for MM[missing] 3H_2 99264416:SNP.AG: <gurobi.Var 3H_2> >= <gurobi.Var REG_3H_2_99264416:SNP.AG>
M  Contraint for MM[missing] 3A_2 99270538:SNP.TC: <gurobi.Var 3A_2> >= <gurobi.Var REG_3A_2_99270538:SNP.TC>
M  Contraint for MM[missing] 3A_2 99245913:SNP.GA: <gurobi.Var 3A_2> >= <gurobi.Var REG_3A_2_99245913:SNP.GA>
M  Contraint for MM[missing] 3E_2 99270538:SNP.TC: <gurobi.Var 3E_2> >= <gurobi.Var REG_3E_2_99270538:SNP.TC>
M  Contraint for MM[missing] 3E_2 99245913:SNP.GA: <gurobi.Var 3E_2> >= <gurobi.Var REG_3E_2_99245913:SNP.GA>
M  Contraint for MM[missing] 3E_2 99250474:SNP.TC: <gurobi.Var 3E_2> >= <gurobi.Var REG_3E_2_99250474:SNP.TC>
M  Contraint for MM[missing] 3C 99270538:SNP.TC: <gurobi.Var 3C> >= <gurobi.Var REG_3C_99270538:SNP.TC>
M  Contraint for MM[missing] 3A 99270538:SNP.TC: <gurobi.Var 3A> >= <gurobi.Var REG_3A_99270538:SNP.TC>
M  Contraint for MM[missing] 3A 99245913:SNP.GA: <gurobi.Var 3A> >= <gurobi.Var REG_3A_99245913:SNP.GA>
M  Contraint for MM[missing] 3I_2 99270538:SNP.TC: <gurobi.Var 3I_2> >= <gurobi.Var REG_3I_2_99270538:SNP.TC>
M  Contraint for MM[missing] 3I_2 99245913:SNP.GA: <gurobi.Var 3I_2> >= <gurobi.Var REG_3I_2_99245913:SNP.GA>
M  Contraint for MM[missing] 3I_2 99260621:SNP.TC: <gurobi.Var 3I_2> >= <gurobi.Var REG_3I_2_99260621:SNP.TC>
M  Contraint for MM[missing] 3E 99270538:SNP.TC: <gurobi.Var 3E> >= <gurobi.Var REG_3E_99270538:SNP.TC>
M  Contraint for MM[missing] 3E 99245913:SNP.GA: <gurobi.Var 3E> >= <gurobi.Var REG_3E_99245913:SNP.GA>
M  Contraint for MM[missing] 3E 99250474:SNP.TC: <gurobi.Var 3E> >= <gurobi.Var REG_3E_99250474:SNP.TC>
M  Contraint for MA[extra] 3H 99250474:SNP.TC: <gurobi.Var 3H> >= <gurobi.Var EXT_3H_99250474:SNP.TC>
M  Contraint for MA[extra] 3H 99260621:SNP.TC: <gurobi.Var 3H> >= <gurobi.Var EXT_3H_99260621:SNP.TC>
M  Contraint for MA[extra] 3C_2 99250474:SNP.TC: <gurobi.Var 3C_2> >= <gurobi.Var EXT_3C_2_99250474:SNP.TC>
M  Contraint for MA[extra] 3C_2 99245913:SNP.GA: <gurobi.Var 3C_2> >= <gurobi.Var EXT_3C_2_99245913:SNP.GA>
M  Contraint for MA[extra] 3C_2 99264416:SNP.AG: <gurobi.Var 3C_2> >= <gurobi.Var EXT_3C_2_99264416:SNP.AG>
M  Contraint for MA[extra] 3C_2 99260621:SNP.TC: <gurobi.Var 3C_2> >= <gurobi.Var EXT_3C_2_99260621:SNP.TC>
M  Contraint for MA[extra] 3I 99250474:SNP.TC: <gurobi.Var 3I> >= <gurobi.Var EXT_3I_99250474:SNP.TC>
M  Contraint for MA[extra] 3I 99264416:SNP.AG: <gurobi.Var 3I> >= <gurobi.Var EXT_3I_99264416:SNP.AG>
M  Contraint for MA[extra] 3H_2 99250474:SNP.TC: <gurobi.Var 3H_2> >= <gurobi.Var EXT_3H_2_99250474:SNP.TC>
M  Contraint for MA[extra] 3H_2 99260621:SNP.TC: <gurobi.Var 3H_2> >= <gurobi.Var EXT_3H_2_99260621:SNP.TC>
M  Contraint for MA[extra] 3A_2 99250474:SNP.TC: <gurobi.Var 3A_2> >= <gurobi.Var EXT_3A_2_99250474:SNP.TC>
M  Contraint for MA[extra] 3A_2 99264416:SNP.AG: <gurobi.Var 3A_2> >= <gurobi.Var EXT_3A_2_99264416:SNP.AG>
M  Contraint for MA[extra] 3A_2 99260621:SNP.TC: <gurobi.Var 3A_2> >= <gurobi.Var EXT_3A_2_99260621:SNP.TC>
M  Contraint for MA[extra] 3E_2 99264416:SNP.AG: <gurobi.Var 3E_2> >= <gurobi.Var EXT_3E_2_99264416:SNP.AG>
M  Contraint for MA[extra] 3E_2 99260621:SNP.TC: <gurobi.Var 3E_2> >= <gurobi.Var EXT_3E_2_99260621:SNP.TC>
M  Contraint for MA[extra] 3C 99250474:SNP.TC: <gurobi.Var 3C> >= <gurobi.Var EXT_3C_99250474:SNP.TC>
M  Contraint for MA[extra] 3C 99245913:SNP.GA: <gurobi.Var 3C> >= <gurobi.Var EXT_3C_99245913:SNP.GA>
M  Contraint for MA[extra] 3C 99264416:SNP.AG: <gurobi.Var 3C> >= <gurobi.Var EXT_3C_99264416:SNP.AG>
M  Contraint for MA[extra] 3C 99260621:SNP.TC: <gurobi.Var 3C> >= <gurobi.Var EXT_3C_99260621:SNP.TC>
M  Contraint for MA[extra] 3A 99250474:SNP.TC: <gurobi.Var 3A> >= <gurobi.Var EXT_3A_99250474:SNP.TC>
M  Contraint for MA[extra] 3A 99264416:SNP.AG: <gurobi.Var 3A> >= <gurobi.Var EXT_3A_99264416:SNP.AG>
M  Contraint for MA[extra] 3A 99260621:SNP.TC: <gurobi.Var 3A> >= <gurobi.Var EXT_3A_99260621:SNP.TC>
M  Contraint for MA[extra] 3I_2 99250474:SNP.TC: <gurobi.Var 3I_2> >= <gurobi.Var EXT_3I_2_99250474:SNP.TC>
M  Contraint for MA[extra] 3I_2 99264416:SNP.AG: <gurobi.Var 3I_2> >= <gurobi.Var EXT_3I_2_99264416:SNP.AG>
M  Contraint for MA[extra] 3E 99264416:SNP.AG: <gurobi.Var 3E> >= <gurobi.Var EXT_3E_99264416:SNP.AG>
M  Contraint for MA[extra] 3E 99260621:SNP.TC: <gurobi.Var 3E> >= <gurobi.Var EXT_3E_99260621:SNP.TC>
M  Objective: <gurobi.LinExpr: C70 + C71 + C72 + C73 + C74 + C75 + C76 + C77 + C78 + C79 + EXT_3C_2_99250474:SNP.TC + EXT_3C_2_99245913:SNP.GA + EXT_3C_2_99264416:SNP.AG + EXT_3C_2_99260621:SNP.TC + EXT_3H_2_99250474:SNP.TC + EXT_3H_2_99260621:SNP.TC + EXT_3I_99250474:SNP.TC + EXT_3I_99264416:SNP.AG + EXT_3H_99250474:SNP.TC + EXT_3H_99260621:SNP.TC + EXT_3A_2_99250474:SNP.TC + EXT_3A_2_99264416:SNP.AG + EXT_3A_2_99260621:SNP.TC + EXT_3E_2_99264416:SNP.AG + EXT_3E_2_99260621:SNP.TC + EXT_3C_99250474:SNP.TC + EXT_3C_99245913:SNP.GA + EXT_3C_99264416:SNP.AG + EXT_3C_99260621:SNP.TC + EXT_3A_99250474:SNP.TC + EXT_3A_99264416:SNP.AG + EXT_3A_99260621:SNP.TC + EXT_3I_2_99250474:SNP.TC + EXT_3I_2_99264416:SNP.AG + EXT_3E_99264416:SNP.AG + EXT_3E_99260621:SNP.TC + W>
M  Contraint for 3C_2: <gurobi.LinExpr: REG_3C_2_99270538:SNP.TC> = 1 * A_<gurobi.Var 3C_2>
M  Contraint for 3H_2: <gurobi.LinExpr: REG_3H_2_99270538:SNP.TC> = 1 * A_<gurobi.Var 3H_2>
M  Contraint for 3I: <gurobi.LinExpr: REG_3I_99270538:SNP.TC> = 1 * A_<gurobi.Var 3I>
M  Contraint for 3H: <gurobi.LinExpr: REG_3H_99270538:SNP.TC> = 1 * A_<gurobi.Var 3H>
M  Contraint for 3A_2: <gurobi.LinExpr: REG_3A_2_99270538:SNP.TC> = 1 * A_<gurobi.Var 3A_2>
M  Contraint for 3E_2: <gurobi.LinExpr: REG_3E_2_99270538:SNP.TC> = 1 * A_<gurobi.Var 3E_2>
M  Contraint for 3C: <gurobi.LinExpr: REG_3C_99270538:SNP.TC> = 1 * A_<gurobi.Var 3C>
M  Contraint for 3A: <gurobi.LinExpr: REG_3A_99270538:SNP.TC> = 1 * A_<gurobi.Var 3A>
M  Contraint for 3I_2: <gurobi.LinExpr: REG_3I_2_99270538:SNP.TC> = 1 * A_<gurobi.Var 3I_2>
M  Contraint for 3E: <gurobi.LinExpr: REG_3E_99270538:SNP.TC> = 1 * A_<gurobi.Var 3E>
M  Contraint for 99264416:SNP.AG: 0 >= <gurobi.LinExpr: REG_3H_2_99264416:SNP.AG + REG_3H_99264416:SNP.AG>
M  Contraint for 99260621:SNP.TC: 0 >= <gurobi.LinExpr: REG_3I_99260621:SNP.TC + REG_3I_2_99260621:SNP.TC>
M  Contraint for 99264416:SNP.AG: 0 >= <gurobi.LinExpr: REG_3H_2_99264416:SNP.AG + REG_3H_99264416:SNP.AG>
M  Contraint for 99260621:SNP.TC: 0 >= <gurobi.LinExpr: REG_3I_99260621:SNP.TC + REG_3I_2_99260621:SNP.TC>
M  Contraint for 99245913:SNP.GA: 1 <= <gurobi.QuadExpr: 0.0 + [ REG_3H_2_99245913:SNP.GA * 3H_2 + REG_3I_99245913:SNP.GA * 3I + REG_3H_99245913:SNP.GA * 3H + REG_3A_2_99245913:SNP.GA * 3A_2 + REG_3E_2_99245913:SNP.GA * 3E_2 + REG_3A_99245913:SNP.GA * 3A + REG_3I_2_99245913:SNP.GA * 3I_2 + REG_3E_99245913:SNP.GA * 3E + EXT_3C_2_99245913:SNP.GA * 3C_2 + EXT_3C_99245913:SNP.GA * 3C ]> <= 2
M  Contraint for 99260621:SNP.TC: 0 <= <gurobi.QuadExpr: 0.0 + [ REG_3I_99260621:SNP.TC * 3I + REG_3I_2_99260621:SNP.TC * 3I_2 + EXT_3C_2_99260621:SNP.TC * 3C_2 + EXT_3H_2_99260621:SNP.TC * 3H_2 + EXT_3H_99260621:SNP.TC * 3H + EXT_3A_2_99260621:SNP.TC * 3A_2 + EXT_3E_2_99260621:SNP.TC * 3E_2 + EXT_3C_99260621:SNP.TC * 3C + EXT_3A_99260621:SNP.TC * 3A + EXT_3E_99260621:SNP.TC * 3E ]> <= 1
M  Contraint for 99250474:SNP.TC: 1 <= <gurobi.QuadExpr: 0.0 + [ REG_3E_2_99250474:SNP.TC * 3E_2 + REG_3E_99250474:SNP.TC * 3E + EXT_3C_2_99250474:SNP.TC * 3C_2 + EXT_3H_2_99250474:SNP.TC * 3H_2 + EXT_3I_99250474:SNP.TC * 3I + EXT_3H_99250474:SNP.TC * 3H + EXT_3A_2_99250474:SNP.TC * 3A_2 + EXT_3C_99250474:SNP.TC * 3C + EXT_3A_99250474:SNP.TC * 3A + EXT_3I_2_99250474:SNP.TC * 3I_2 ]> <= 1
M  Contraint for 99270538:SNP.TC: 2 <= <gurobi.QuadExpr: 0.0 + [ REG_3C_2_99270538:SNP.TC * 3C_2 + REG_3H_2_99270538:SNP.TC * 3H_2 + REG_3I_99270538:SNP.TC * 3I + REG_3H_99270538:SNP.TC * 3H + REG_3A_2_99270538:SNP.TC * 3A_2 + REG_3E_2_99270538:SNP.TC * 3E_2 + REG_3C_99270538:SNP.TC * 3C + REG_3A_99270538:SNP.TC * 3A + REG_3I_2_99270538:SNP.TC * 3I_2 + REG_3E_99270538:SNP.TC * 3E ]> <= 3
M  Contraint for 99270538:SNP.TC: <gurobi.QuadExpr: 0.0 + [ REG_3C_2_99270538:SNP.TC * 3C_2 + REG_3H_2_99270538:SNP.TC * 3H_2 + REG_3I_99270538:SNP.TC * 3I + REG_3H_99270538:SNP.TC * 3H + REG_3A_2_99270538:SNP.TC * 3A_2 + REG_3E_2_99270538:SNP.TC * 3E_2 + REG_3C_99270538:SNP.TC * 3C + REG_3A_99270538:SNP.TC * 3A + REG_3I_2_99270538:SNP.TC * 3I_2 + REG_3E_99270538:SNP.TC * 3E ]> <= 3
M  Contraint for 99264416:SNP.AG: 0 <= <gurobi.QuadExpr: 0.0 + [ REG_3H_2_99264416:SNP.AG * 3H_2 + REG_3H_99264416:SNP.AG * 3H + EXT_3C_2_99264416:SNP.AG * 3C_2 + EXT_3I_99264416:SNP.AG * 3I + EXT_3A_2_99264416:SNP.AG * 3A_2 + EXT_3E_2_99264416:SNP.AG * 3E_2 + EXT_3C_99264416:SNP.AG * 3C + EXT_3A_99264416:SNP.AG * 3A + EXT_3I_2_99264416:SNP.AG * 3I_2 + EXT_3E_99264416:SNP.AG * 3E ]> <= 1
CN Solver status: optimal, opt: 61.0
  3A: 1
    6.3i 99270538:SNP.TC  868 (100 cp. 2) F
    6.0i 99245913:SNP.GA 1330 (100 cp. 2) 
  3E: 1
    6.3i 99270538:SNP.TC  868 (100 cp. 2) F
    6.0i 99245913:SNP.GA 1330 (100 cp. 2) 
    6.10i 99250474:SNP.TC  340 ( 46 cp. 1) 
Missing:
  3A: 1
  3E: 1
Extra:
  3A: 1
  3E: 1
Time needed: (12.2)
Result is: [('3A', '3E')]
