SAM file: bams/NA19902.bam
File bams/NA19902.bam has index
Coverage is 323.078459264
== Allele Filter ==
 6.24e  97543751: SNP.GA                 1496 (100%) ~     0 (  0)
 6.24e  97543763: SNP.CT                 1468 (100%) ~     0 (  0)
 6.23i  97544770: SNP.TC                  449 (100%) ~     0 (  0)
 6.23i  97547830: SNP.GA                  532 (100%) ~     0 (  0)
 6.21i  97608446: SNP.AC                    2 (100%) ~     0 (  0)
 6.21i  97615097: SNP.CT                    2 (100%) ~     0 (  0)
 6.21i  97658394: SNP.CT                   34 ( 39%) ~     0 (  0)
 6.20i  97681341: SNP.TC                    2 (100%) ~     0 (  0)
 6.20i  97700329: DEL.T                    26 (  6%) ~     0 (  0)
 6.19i  97700938: SNP.CT                    4 ( 29%) ~     0 (  0)
 6.19i  97740098: SNP.AT                    2 (100%) ~     0 (  0)
 6.19i  97770404: SNP.AG                    2 ( 50%) ~     0 (  0)
 6.19i  97770410: SNP.TG                    3 ( 43%) ~     0 (  0)
 6.19i  97770415: SNP.GT                    2 ( 29%) ~     0 (  0)
 6.19i  97770423: SNP.TG                    2 ( 29%) ~     0 (  0)
 6.17i  97771946: SNP.CA                  169 ( 55%) ~     0 (  0)
 6.17i  97838334: SNP.AG                    2 (100%) ~     0 (  0)
 6.15i  97915212: SNP.TC                   41 (100%) ~     0 (  0)
 6.15e  97915623: SNP.AG                  755 ( 48%) ~     0 (  0)
 6.14i  97916151: DEL.T                     3 ( 30%) ~     0 (  0)
 6.14i  97929824: DEL.A                     2 (100%) ~     0 (  0)
 6.14i  97929828: SNP.TG                    2 (100%) ~     0 (  0)
 6.14i  97929833: SNP.TG                    2 (100%) ~     0 (  0)
 6.14i  97980871: SNP.CT                    8 (100%) ~     0 (  0)
 6.14i  97981241: SNP.TC                  743 (100%) ~     0 (  0)
 6.13i  97981705: SNP.CT                  147 (100%) ~     0 (  0)
 6.12i  98038925: SNP.TC                    2 ( 20%) ~     0 (  0)
 6.11i  98039540: SNP.AG                  489 ( 53%) ~     0 (  0)
 6.11i  98039817: SNP.AG                    2 (  7%) ~     0 (  0)
 6.11e  98058847: SNP.GC                  398 ( 44%) ~     0 (  0)
 6.10i  98059174: SNP.GT                    2 (  5%) ~     0 (  0)
 6.10i  98059180: SNP.TA                    3 (  8%) ~     0 (  0)
 6.10i  98060469: DEL.T                    28 ( 12%) ~     0 (  0)
 6.10i  98060469: INS.t                    20 (  8%) ~     0 (  0)
 6.10i  98060480: SNP.AC                  138 ( 52%) ~     0 (  0)
 6.10i  98060512: SNP.TG                   21 (  6%) ~     0 (  0)
 6.9i   98060976: SNP.TC                   34 ( 44%) ~     0 (  0)
 6.8i   98144855: SNP.TC                  109 ( 53%) ~     0 (  0)
 6.8i   98156891: SNP.AG                  664 ( 48%) ~     0 (  0)
 6.8e   98157331: SNP.CG                 1367 (100%) ~     0 (  0)
 6.7i   98157590: SNP.CT                  107 (100%) ~     0 (  0)
 6.7i   98164767: SNP.CT                  137 ( 50%) ~     0 (  0)
 6.7e   98165090: SNP.TC                  771 ( 46%) ~     0 (  0)
 6.6e   98185526: SNP.AG                 1456 (100%) ~     0 (  0)
 6.6e   98185720: DEL.CA                   68 (  7%) ~     0 (  0)
 6.6e   98185721: SNP.AT                  477 ( 51%) ~     0 (  0)
 6.6e   98185723: SNP.AT                  443 ( 43%) ~     0 (  0)
 6.6e   98186076: SNP.TC                 1829 (100%) ~     0 (  0)
 6.6e   98186228: SNP.TC                  963 ( 50%) ~     0 (  0)
 6.4i   98187754: SNP.CT                   13 ( 65%) ~     0 (  0)
 6.2i   98320407: SNP.CT                  114 (100%) ~     0 (  0)
 6.2i   98320491: SNP.CA                  146 ( 49%) ~     0 (  0)
 6.2e   98348884: SNP.AG     85:A>G       602 ( 57%) ~     0 (  0)
 6.1i   98381436: SNP.TG                    2 (100%) ~     0 (  0)
 6.1i   98385250: SNP.CA                 1788 (100%) ~     0 (  0)
 6.1i   98385672: SNP.TA                  918 ( 51%) ~     0 (  0)
 6.1i   98385829: SNP.TC                  838 ( 51%) ~     1 (  0)
 6.1i   98386391: SNP.AC                   27 (  6%) ~     0 (  0)
 6.1i   98386398: SNP.AC                   31 (  6%) ~     0 (  0)
 6.1i   98386401: SNP.AC                   79 ( 16%) ~     0 (  0)
Removing 10    6.24e 97544626:SNP.CA
Removing 11    6.11e 98058898:SNP.CA
Removing 12    6.2e 98348907:SNP.CT,  6.12e 98039498:SNP.CA
Removing 13    6.14e 97981342:SNP.AC
Removing 2B    6.15i 97915613:SNP.CT,  6.14e 97981394:SNP.TC
Removing 2A    6.15i 97915613:SNP.CT
Removing 3     6.15e 97915621:DEL.G
Removing 4     6.14e 97981420:SNP.CT
Removing 5     6.14e 97981394:SNP.TC
Removing 6     6.19e 97770919:SNP.CT
Removing 7     6.4e 98205970:DEL.ATGA
Removing 8     6.8e 98157331:SNP.CT
Initial status
  CYP2D6.1
  CYP2D6.9B
    6.22e          97564153:SNP.CT    0 (  0)   2657:C>T
    6.2e           98348884:SNP.AG  602 ( 57) F 85:A>G
  CYP2D6.9
    6.2e           98348884:SNP.AG  602 ( 57) F 85:A>G
== Copy Number Estimator ==
CNV factor: 1.17384616648 (0.851900384013)
Coverage per region
  region:  2D6  2D7
  1e   :  0.00
  1i   :  0.00
  2e   :  0.00
  2i   :  0.00
  3e   :  0.00
  3i   :  0.00
  4e   :  0.00
  4i   :  0.00
  5e   :  0.00
  5i   :  0.00
  6e   :  0.00
  6i   :  0.00
  7e   :  0.00
  7i   :  0.00
  8e   :  0.00
  8i   :  0.00
  9e   :  0.00
  9i   :  0.00
  10e  :  0.00
  10i  :  0.00
  11e  :  0.00
  11i  :  0.00
  12e  :  0.00
  12i  :  0.00
  13e  :  0.00
  13i  :  0.00
  14e  :  0.00
  14i  :  0.00
  15e  :  0.00
  15i  :  0.00
  16e  :  0.00
  16i  :  0.00
  17e  :  0.00
  17i  :  0.00
  18e  :  0.00
  18i  :  0.00
  19e  :  0.00
  19i  :  0.00
  20e  :  0.00
  20i  :  0.00
  21e  :  0.00
  21i  :  0.00
  22e  :  0.00
  22i  :  0.00
  23e  :  0.00
  23i  :  0.00
  24e  :  0.00
Max. CN = 0
M  Sentinel contraint for 1: A_1^ <= A_1
M  Contraint for 24e: 0.0 == E_24e + <gurobi.LinExpr: A1 + A1^>
M  Contraint for 7e: 0.0 == E_7e + <gurobi.LinExpr: A1 + A1^>
M  Contraint for 12e: 0.0 == E_12e + <gurobi.LinExpr: A1 + A1^>
M  Contraint for 16e: 0.0 == E_16e + <gurobi.LinExpr: A1 + A1^>
M  Contraint for 22e: 0.0 == E_22e + <gurobi.LinExpr: A1 + A1^>
M  Contraint for 9e: 0.0 == E_9e + <gurobi.LinExpr: A1 + A1^>
M  Contraint for 10e: 0.0 == E_10e + <gurobi.LinExpr: A1 + A1^>
M  Contraint for 14e: 0.0 == E_14e + <gurobi.LinExpr: A1 + A1^>
M  Contraint for 20e: 0.0 == E_20e + <gurobi.LinExpr: A1 + A1^>
M  Contraint for 1e: 0.0 == E_1e + <gurobi.LinExpr: A1 + A1^>
M  Contraint for 5e: 0.0 == E_5e + <gurobi.LinExpr: A1 + A1^>
M  Contraint for 3e: 0.0 == E_3e + <gurobi.LinExpr: A1 + A1^>
M  Contraint for 11e: 0.0 == E_11e + <gurobi.LinExpr: A1 + A1^>
M  Contraint for 6e: 0.0 == E_6e + <gurobi.LinExpr: A1 + A1^>
M  Contraint for 13e: 0.0 == E_13e + <gurobi.LinExpr: A1 + A1^>
M  Contraint for 23e: 0.0 == E_23e + <gurobi.LinExpr: A1 + A1^>
M  Contraint for 17e: 0.0 == E_17e + <gurobi.LinExpr: A1 + A1^>
M  Contraint for 8e: 0.0 == E_8e + <gurobi.LinExpr: A1 + A1^>
M  Contraint for 21e: 0.0 == E_21e + <gurobi.LinExpr: A1 + A1^>
M  Contraint for 15e: 0.0 == E_15e + <gurobi.LinExpr: A1 + A1^>
M  Contraint for 19e: 0.0 == E_19e + <gurobi.LinExpr: A1 + A1^>
M  Contraint for 18e: 0.0 == E_18e + <gurobi.LinExpr: A1 + A1^>
M  Contraint for 2e: 0.0 == E_2e + <gurobi.LinExpr: A1 + A1^>
M  Contraint for 4e: 0.0 == E_4e + <gurobi.LinExpr: A1 + A1^>
M  Objective: <gurobi.LinExpr: C26 + C27 + C28 + C29 + C30 + C31 + C32 + C33 + C34 + C35 + C36 + C37 + C38 + C39 + C40 + C41 + C42 + C43 + C44 + C45 + C46 + C47 + C48 + C49 + 0.5 A1 + 0.5 A1^>
CN Solver status: optimal, opt: 49.0
  Solutions:
    ('1', '1^')
== Initial Solver ==
Solving Counter({'1': 2})
Possible candidates:
  CYP2D6.1
  CYP2D6.9
    6.2e 98348884:SNP.AG  602 ( 57) F 85:A>G
M  Max. CN for 1 = 2
M  Max. CN for 9 = 2
M  Contraint for 98348884:SNP.AG 6.2e: 602 == <gurobi.QuadExpr: 0.0 + [ 530.5 REG_9_98348884:SNP.AG * 9 + 530.5 REG_9_2_98348884:SNP.AG * 9_2 ]> + err
M  Contraint for 98348884:REF 6.2e: 459 == <gurobi.QuadExpr: 530.5 1 + 530.5 9 + 530.5 1_2 + 530.5 9_2 + [ -530.5 REG_9_98348884:SNP.AG * 9 + -530.5 REG_9_2_98348884:SNP.AG * 9_2 ]> + err
M  Contraint for 9 98348884:SNP.AG: <gurobi.Var 9> >= <gurobi.Var REG_9_98348884:SNP.AG>
M  Contraint for 9_2 98348884:SNP.AG: <gurobi.Var 9_2> >= <gurobi.Var REG_9_2_98348884:SNP.AG>
M  CN contraint for 1: 2 == <gurobi.LinExpr: 1 + 9 + 1_2 + 9_2>
M  Sentinel contraint for 1: A_1_2 <= A_1
M  Sentinel contraint for 9: A_9_2 <= A_9
M  Objective: <gurobi.LinExpr: C9 + C10>
M  Contraint for 9: A_9 * (<gurobi.LinExpr: REG_9_98348884:SNP.AG> - 1) == 0
M  Contraint for 9_2: A_9_2 * (<gurobi.LinExpr: REG_9_2_98348884:SNP.AG> - 1) == 0
M  Contraint for 98348884:SNP.AG: 1 <= <gurobi.QuadExpr: 0.0 + [ 9 * REG_9_98348884:SNP.AG + 9_2 * REG_9_2_98348884:SNP.AG ]>
M  Contraint for 98348884:SNP.AG: 1 <= <gurobi.QuadExpr: 0.0 + [ 9 * REG_9_98348884:SNP.AG + 9_2 * REG_9_2_98348884:SNP.AG ]>
CN Solver status: optimal, opt: 143.0
  solution:
    ('1', '9')
[32;01mCopy number best structures:[39;49;00m
[32;01m  (1) 2x*1-like[39;49;00m
== Refiner ==
Refining ('1', '9')
M  CN constraint for 1: 1 == <gurobi.LinExpr: 1>
M  CN constraint for 9: 1 == <gurobi.LinExpr: 9 + 9B>
M  Contraint for 97564153:SNP.CT 6.22e: 0 == <gurobi.QuadExpr: 0.0 + [ 782.0 EXT_1_97564153:SNP.CT * 1 + 782.0 EXT_9_97564153:SNP.CT * 9 + 782.0 REG_9B_97564153:SNP.CT * 9B ]> + err
M  Contraint for 98348884:SNP.AG 6.2e: 602 == <gurobi.QuadExpr: 0.0 + [ 530.5 EXT_1_98348884:SNP.AG * 1 + 530.5 REG_9_98348884:SNP.AG * 9 + 530.5 REG_9B_98348884:SNP.AG * 9B ]> + err
M  Contraint for 98348884:REF 6.2e: 459 == <gurobi.QuadExpr: 530.5 1 + 530.5 9 + 530.5 9B + [ -530.5 EXT_1_98348884:SNP.AG * 1 + -530.5 REG_9_98348884:SNP.AG * 9 + -530.5 REG_9B_98348884:SNP.AG * 9B ]> + err
M  Contraint for 97564153:REF 6.22e: 1564 == <gurobi.QuadExpr: 782.0 1 + 782.0 9 + 782.0 9B + [ -782.0 EXT_1_97564153:SNP.CT * 1 + -782.0 EXT_9_97564153:SNP.CT * 9 + -782.0 REG_9B_97564153:SNP.CT * 9B ]> + err
M  Contraint for MM[missing] 9 98348884:SNP.AG: <gurobi.Var 9> >= <gurobi.Var REG_9_98348884:SNP.AG>
M  Contraint for MM[missing] 9B 97564153:SNP.CT: <gurobi.Var 9B> >= <gurobi.Var REG_9B_97564153:SNP.CT>
M  Contraint for MM[missing] 9B 98348884:SNP.AG: <gurobi.Var 9B> >= <gurobi.Var REG_9B_98348884:SNP.AG>
M  Contraint for MA[extra] 1 97564153:SNP.CT: <gurobi.Var 1> >= <gurobi.Var EXT_1_97564153:SNP.CT>
M  Contraint for MA[extra] 1 98348884:SNP.AG: <gurobi.Var 1> >= <gurobi.Var EXT_1_98348884:SNP.AG>
M  Contraint for MA[extra] 9 97564153:SNP.CT: <gurobi.Var 9> >= <gurobi.Var EXT_9_97564153:SNP.CT>
M  Objective: <gurobi.LinExpr: C13 + C14 + C15 + C16 + EXT_1_97564153:SNP.CT + EXT_1_98348884:SNP.AG + EXT_9_97564153:SNP.CT + W>
M  Contraint for 9: <gurobi.LinExpr: REG_9_98348884:SNP.AG> = 1 * A_<gurobi.Var 9>
M  Contraint for 9B: <gurobi.LinExpr: REG_9B_98348884:SNP.AG> = 1 * A_<gurobi.Var 9B>
M  Contraint for 97564153:SNP.CT: 0 >= <gurobi.LinExpr: REG_9B_97564153:SNP.CT>
M  Contraint for 97564153:SNP.CT: 0 <= <gurobi.QuadExpr: 0.0 + [ REG_9B_97564153:SNP.CT * 9B + EXT_1_97564153:SNP.CT * 1 + EXT_9_97564153:SNP.CT * 9 ]> <= 1
M  Contraint for 98348884:SNP.AG: 1 <= <gurobi.QuadExpr: 0.0 + [ REG_9_98348884:SNP.AG * 9 + REG_9B_98348884:SNP.AG * 9B ]> <= 2
M  Contraint for 98348884:SNP.AG: <gurobi.QuadExpr: 0.0 + [ REG_9_98348884:SNP.AG * 9 + REG_9B_98348884:SNP.AG * 9B ]> <= 2
CN Solver status: optimal, opt: 143.0
  1: 1
  9: 1
    6.2e 98348884:SNP.AG  602 ( 57 cp. 1) F
Missing:
  1: 1
  9: 1
Extra:
  1: 1
  9: 1
Time needed: (24.9)
Result is: [('1', '9')]
