SAM file: bams/NA19900.bam
File bams/NA19900.bam has index
Coverage is 397.722505741
== Allele Filter ==
 6.8i   96797269: SNP.TC                   44 ( 44%) ~     0 (  0)
 6.8i   96797469: SNP.CT                    2 ( 40%) ~     0 (  0)
 6.8i   96797499: SNP.CT                    2 ( 50%) ~     0 (  0)
 6.8i   96797597: DEL.T                     2 (100%) ~     0 (  0)
 6.7i   96800353: SNP.TC                   13 ( 48%) ~     0 (  0)
 6.6i   96804977: SNP.GA                    4 (100%) ~     0 (  0)
 6.5i   96805985: SNP.TC                   20 ( 61%) ~     0 (  0)
 6.5i   96817775: SNP.TC                   42 (100%) ~     0 (  0)
 6.4i   96818417: SNP.CT                   61 ( 52%) ~     0 (  0)
 6.4i   96818544: SNP.TC                    2 ( 10%) ~     0 (  0)
 6.4i   96824186: SNP.GT                    2 ( 33%) ~     0 (  0)
 6.3i   96824813: DEL.A                    34 ( 46%) ~     0 (  0)
 6.3i   96825870: SNP.CG                   34 (  6%) ~     0 (  0)
 6.3i   96825907: SNP.AT                   37 (  9%) ~     0 (  0)
 6.3i   96825909: SNP.AT                  119 ( 30%) ~     0 (  0)
 6.3i   96825911: SNP.TA                   75 ( 20%) ~     0 (  0)
 6.3i   96825913: SNP.TA                   23 (  6%) ~     0 (  0)
 6.3i   96825946: SNP.TC                   29 (  8%) ~     0 (  0)
 6.3i   96825953: SNP.GA                   24 (  6%) ~     0 (  0)
 6.3i   96825954: SNP.TC                   41 ( 11%) ~     0 (  0)
 6.3i   96825958: SNP.AC                   23 (  6%) ~     0 (  0)
 6.3i   96825972: DEL.T                    47 ( 11%) ~     0 (  0)
 6.3i   96825972: INS.t                    50 ( 12%) ~     0 (  0)
 6.3i   96825985: SNP.AT                   39 (  9%) ~     0 (  0)
 6.3i   96825990: SNP.AT                   53 ( 11%) ~     0 (  0)
 6.3i   96825997: SNP.AG                   31 (  6%) ~     0 (  0)
 6.3i   96826001: SNP.TG                   44 (  8%) ~     0 (  0)
 6.3i   96826842: SNP.AC                  494 ( 49%) ~     0 (  0)
 6.2i   96827177: SNP.TC                  453 ( 48%) ~     0 (  0)
 6.1i   96828159: SNP.TC                  502 ( 48%) ~     0 (  0)
 6.1i   96828819: INS.a                     8 (  7%) ~     0 (  0)
 6.1i   96828819: DEL.A                    38 ( 32%) ~     0 (  0)
 6.1i   96828833: SNP.TA                   12 (  7%) ~     0 (  0)
 6.1i   96828839: SNP.GA                   11 (  5%) ~     0 (  0)
 6.1i   96828841: SNP.CA                   13 (  6%) ~     0 (  0)
 6.1i   96828846: SNP.GA                   19 (  8%) ~     0 (  0)
Removing 10    6.7e 96802646:SNP.CA
Removing 11    6.6e 96805707:SNP.CA
Removing 12    6.9e 96796973:DEL.CAA
Removing 13    6.5e 96818241:SNP.AC
Removing 14    6.5e 96818198:SNP.CG
Removing 2     6.5e 96818105:SNP.TA
Removing 3     6.3e 96827029:SNP.CT,  6.8e 96798748:SNP.TC
Removing 4     6.5e 96818118:SNP.GC
Removing 5     6.3e 96826970:DEL.T
Removing 6     6.4e 96824687:SNP.CT
Removing 7     6.4e 96824642:SNP.GA
Removing 8     6.4e 96824642:SNP.GC
Removing 9     6.5e 96818170:SNP.TC
Initial status
  CYP2D6.1C
                   96829528:SNP.AC    0 (  0)   -370:T>G
  CYP2D6.1
  CYP2D6.1B
                   96829429:SNP.GT  206 ( 53)   -271:C>A
== Copy Number Estimator ==
CNV factor: 1.85184165255 (0.540002974134)
Coverage per region
  region:  2D6  2D7
  0i   :  2.06
  1e   :  2.07
  1i   :  1.99
  2e   :  2.01
  2i   :  1.93
  3e   :  1.89
  3i   :  2.05
  4e   :  2.01
  4i   :  1.91
  5e   :  2.06
  5i   :  1.96
  6e   :  1.99
  6i   :  1.93
  7e   :  1.94
  7i   :  1.90
  8e   :  2.06
  8i   :  2.11
  9e   :  2.02
Max. CN = 2
M  Sentinel contraint for 1: A_1^ <= A_1
M  Contraint for 7e: 1.93513453109 == E_7e + <gurobi.LinExpr: A1 + A1^>
M  Contraint for 6e: 1.99027301029 == E_6e + <gurobi.LinExpr: A1 + A1^>
M  Contraint for 9e: 2.01746802719 == E_9e + <gurobi.LinExpr: A1 + A1^>
M  Contraint for 8e: 2.06211376556 == E_8e + <gurobi.LinExpr: A1 + A1^>
M  Contraint for 2e: 2.00527925121 == E_2e + <gurobi.LinExpr: A1 + A1^>
M  Contraint for 1e: 2.06599350958 == E_1e + <gurobi.LinExpr: A1 + A1^>
M  Contraint for 5e: 2.06433305748 == E_5e + <gurobi.LinExpr: A1 + A1^>
M  Contraint for 4e: 2.01341891989 == E_4e + <gurobi.LinExpr: A1 + A1^>
M  Contraint for 3e: 1.89469045631 == E_3e + <gurobi.LinExpr: A1 + A1^>
M  Objective: <gurobi.LinExpr: C11 + C12 + C13 + C14 + C15 + C16 + C17 + C18 + C19 + 0.5 A1 + 0.5 A1^>
CN Solver status: optimal, opt: 1.40850853322
  Solutions:
    ('1', '1^')
== Initial Solver ==
Solving Counter({'1': 2})
Possible candidates:
  CYP2D6.1
M  Max. CN for 1 = 2
M  CN contraint for 1: 2 == <gurobi.LinExpr: 1 + 1_2>
M  Sentinel contraint for 1: A_1_2 <= A_1
M  Objective: 0
CN Solver status: optimal, opt: 0.0
  solution:
    ('1', '1')
[32;01mCopy number best structures:[39;49;00m
[32;01m  (1) 2x*1-like[39;49;00m
== Refiner ==
Refining ('1', '1')
M  Sentinel constraint for 1: A_1_2 <= A_1
M  Sentinel constraint for 1C: A_1C_2 <= A_1C
M  Sentinel constraint for 1B: A_1B_2 <= A_1B
M  CN constraint for 1: 2 == <gurobi.LinExpr: 1C + 1 + 1B_2 + 1B + 1_2 + 1C_2>
M  Contraint for 96829429:SNP.GT : 206 == <gurobi.QuadExpr: 0.0 + [ 0.0 REG_1B_2_96829429:SNP.GT * 1B_2 + 0.0 EXT_1_96829429:SNP.GT * 1 + 0.0 EXT_1C_96829429:SNP.GT * 1C + 0.0 REG_1B_96829429:SNP.GT * 1B + 0.0 EXT_1_2_96829429:SNP.GT * 1_2 + 0.0 EXT_1C_2_96829429:SNP.GT * 1C_2 ]> + err
M  Contraint for 96829528:SNP.AC : 0 == <gurobi.QuadExpr: 0.0 + [ 0.0 EXT_1B_2_96829528:SNP.AC * 1B_2 + 0.0 EXT_1_96829528:SNP.AC * 1 + 0.0 REG_1C_96829528:SNP.AC * 1C + 0.0 EXT_1B_96829528:SNP.AC * 1B + 0.0 EXT_1_2_96829528:SNP.AC * 1_2 + 0.0 REG_1C_2_96829528:SNP.AC * 1C_2 ]> + err
M  Contraint for 96829429:REF : 181 == <gurobi.QuadExpr: 0.0 + [ -0.0 REG_1B_2_96829429:SNP.GT * 1B_2 + -0.0 EXT_1_96829429:SNP.GT * 1 + -0.0 EXT_1C_96829429:SNP.GT * 1C + -0.0 REG_1B_96829429:SNP.GT * 1B + -0.0 EXT_1_2_96829429:SNP.GT * 1_2 + -0.0 EXT_1C_2_96829429:SNP.GT * 1C_2 ]> + err
M  Contraint for 96829528:REF : 150 == <gurobi.QuadExpr: 0.0 + [ -0.0 EXT_1B_2_96829528:SNP.AC * 1B_2 + -0.0 EXT_1_96829528:SNP.AC * 1 + -0.0 REG_1C_96829528:SNP.AC * 1C + -0.0 EXT_1B_96829528:SNP.AC * 1B + -0.0 EXT_1_2_96829528:SNP.AC * 1_2 + -0.0 REG_1C_2_96829528:SNP.AC * 1C_2 ]> + err
M  Contraint for MM[missing] 1C 96829528:SNP.AC: <gurobi.Var 1C> >= <gurobi.Var REG_1C_96829528:SNP.AC>
M  Contraint for MM[missing] 1B_2 96829429:SNP.GT: <gurobi.Var 1B_2> >= <gurobi.Var REG_1B_2_96829429:SNP.GT>
M  Contraint for MM[missing] 1B 96829429:SNP.GT: <gurobi.Var 1B> >= <gurobi.Var REG_1B_96829429:SNP.GT>
M  Contraint for MM[missing] 1C_2 96829528:SNP.AC: <gurobi.Var 1C_2> >= <gurobi.Var REG_1C_2_96829528:SNP.AC>
M  Contraint for MA[extra] 1C 96829429:SNP.GT: <gurobi.Var 1C> >= <gurobi.Var EXT_1C_96829429:SNP.GT>
M  Contraint for MA[extra] 1 96829429:SNP.GT: <gurobi.Var 1> >= <gurobi.Var EXT_1_96829429:SNP.GT>
M  Contraint for MA[extra] 1 96829528:SNP.AC: <gurobi.Var 1> >= <gurobi.Var EXT_1_96829528:SNP.AC>
M  Contraint for MA[extra] 1B_2 96829528:SNP.AC: <gurobi.Var 1B_2> >= <gurobi.Var EXT_1B_2_96829528:SNP.AC>
M  Contraint for MA[extra] 1B 96829528:SNP.AC: <gurobi.Var 1B> >= <gurobi.Var EXT_1B_96829528:SNP.AC>
M  Contraint for MA[extra] 1_2 96829429:SNP.GT: <gurobi.Var 1_2> >= <gurobi.Var EXT_1_2_96829429:SNP.GT>
M  Contraint for MA[extra] 1_2 96829528:SNP.AC: <gurobi.Var 1_2> >= <gurobi.Var EXT_1_2_96829528:SNP.AC>
M  Contraint for MA[extra] 1C_2 96829429:SNP.GT: <gurobi.Var 1C_2> >= <gurobi.Var EXT_1C_2_96829429:SNP.GT>
M  Objective: <gurobi.LinExpr: C22 + C23 + C24 + C25 + EXT_1B_2_96829528:SNP.AC + EXT_1_96829429:SNP.GT + EXT_1_96829528:SNP.AC + EXT_1C_96829429:SNP.GT + EXT_1B_96829528:SNP.AC + EXT_1_2_96829429:SNP.GT + EXT_1_2_96829528:SNP.AC + EXT_1C_2_96829429:SNP.GT + W>
M  Contraint for 96829528:SNP.AC: 0 >= <gurobi.LinExpr: REG_1C_96829528:SNP.AC + REG_1C_2_96829528:SNP.AC>
M  Contraint for 96829528:SNP.AC: 0 >= <gurobi.LinExpr: REG_1C_96829528:SNP.AC + REG_1C_2_96829528:SNP.AC>
M  Contraint for 96829429:SNP.GT: 0 <= <gurobi.QuadExpr: 0.0 + [ REG_1B_2_96829429:SNP.GT * 1B_2 + REG_1B_96829429:SNP.GT * 1B + EXT_1_96829429:SNP.GT * 1 + EXT_1C_96829429:SNP.GT * 1C + EXT_1_2_96829429:SNP.GT * 1_2 + EXT_1C_2_96829429:SNP.GT * 1C_2 ]> <= 0
M  Contraint for 96829528:SNP.AC: 0 <= <gurobi.QuadExpr: 0.0 + [ REG_1C_96829528:SNP.AC * 1C + REG_1C_2_96829528:SNP.AC * 1C_2 + EXT_1B_2_96829528:SNP.AC * 1B_2 + EXT_1_96829528:SNP.AC * 1 + EXT_1B_96829528:SNP.AC * 1B + EXT_1_2_96829528:SNP.AC * 1_2 ]> <= 0
CN Solver status: optimal, opt: 537.0
  1: 1
  1_2: 1
Missing:
  1: 1
  1_2: 1
Extra:
  1: 1
  1_2: 1
Time needed: (7.2)
Result is: [('1', '1')]
