SAM file: bams/NA19828.bam
File bams/NA19828.bam has index
Coverage is 127.170202935
== Allele Filter ==
 6.0i   15988657: SNP.TC                   56 ( 52%) ~     0 (  0)
 6.0i   15988752: DEL.TT                  123 ( 46%) ~     0 (  0)
 6.0i   15989039: SNP.CG                  606 ( 54%) ~     0 (  0)
 6.12e  15989729: SNP.TC                   24 ( 11%) ~     3 ( 12)
 6.11i  15989810: SNP.TG                   27 ( 21%) ~     8 ( 30)
 6.11i  15989856: SNP.TC                    8 ( 12%) ~     2 ( 25)
 6.11i  15989870: SNP.TA                   31 ( 56%) ~     0 (  0)
 6.11i  15989882: SNP.TC                    3 (  5%) ~     0 (  0)
 6.11i  15990047: SNP.GA                   72 ( 46%) ~     0 (  0)
 6.10e  15990430: SNP.CT     18000:G>A    284 ( 50%) ~     0 (  0)
 6.8i   15990874: SNP.GA                    2 (  8%) ~     0 (  0)
 6.8i   15996348: SNP.TA                    4 ( 57%) ~     0 (  0)
 6.8i   15996482: INS.g                     6 ( 27%) ~     0 (  0)
 6.7i   15996906: SNP.CT                  164 ( 50%) ~     0 (  0)
 6.6i   15997421: SNP.AC                  122 ( 46%) ~     0 (  0)
 6.6i   15997535: SNP.GC                   27 ( 56%) ~     0 (  0)
 6.6i   15999706: SNP.CA                    2 (100%) ~     0 (  0)
 6.6i   16000165: SNP.TC                   73 ( 55%) ~     0 (  0)
 6.5i   16000964: SNP.GT                    2 (  5%) ~     0 (  0)
 6.4i   16001739: SNP.AG                 1141 (100%) ~     0 (  0)
 6.4i   16001789: SNP.AG                  545 ( 47%) ~     0 (  0)
 6.4i   16001851: SNP.TG                 1144 (100%) ~     0 (  0)
 6.4i   16002302: SNP.AC                  115 (  9%) ~     0 (  0)
 6.2i   16003650: SNP.TC                  262 ( 50%) ~     0 (  0)
 6.2i   16004370: SNP.AT                   64 ( 50%) ~     0 (  0)
 6.2i   16004395: SNP.CG                   55 ( 47%) ~     0 (  0)
 6.2i   16004537: SNP.AG                   47 ( 52%) ~     0 (  0)
 6.2i   16004799: SNP.CA                   73 ( 42%) ~     0 (  0)
 6.2i   16005002: SNP.CT                   13 ( 50%) ~     0 (  0)
 6.2i   16005015: SNP.GA                   13 ( 59%) ~     0 (  0)
 6.2i   16005018: SNP.TC                   12 ( 63%) ~     0 (  0)
 6.2i   16005103: SNP.CT                    2 ( 33%) ~     0 (  0)
 6.2i   16006073: SNP.TA                   36 ( 54%) ~     0 (  0)
 6.2i   16006100: SNP.TC                   42 ( 57%) ~     0 (  0)
 6.2i   16006177: SNP.AG                  112 ( 43%) ~     0 (  0)
 6.2e   16006412: SNP.GA                  176 ( 43%) ~     0 (  0)
 6.1i   16006610: SNP.TC                   50 ( 51%) ~     0 (  0)
 6.1i   16006677: DEL.TCTG                 19 ( 32%) ~     0 (  0)
 6.1i   16006717: SNP.GA                    4 ( 11%) ~     0 (  0)
 6.1i   16006717: INS.atct                  8 ( 22%) ~     0 (  0)
 6.1i   16006743: SNP.AT                    2 (  8%) ~     0 (  0)
 6.1i   16006878: SNP.CT                    3 (100%) ~     0 (  0)
 6.1i   16007783: SNP.AG                    9 ( 69%) ~     0 (  0)
 6.1i   16008098: SNP.TC                  166 ( 51%) ~     0 (  0)
 6.1e   16008256: SNP.TC                  275 ( 49%) ~     0 (  0)
 6.1e   16008387: SNP.AC     34:T>G       127 ( 48%) ~     0 (  0)
Initial status
  CYP2D6.1
  CYP2D6.2
    6.1e           16008387:SNP.AC  127 ( 48) F 34:T>G
  CYP2D6.3
    6.10e          15990430:SNP.CT  284 ( 50) F 18000:G>A
  CYP2D6.4
    6.10e          15990430:SNP.CT  284 ( 50) F 18000:G>A
    6.1e           16008387:SNP.AC  127 ( 48) F 34:T>G
== Copy Number Estimator ==
CNV factor: 1.6085635087 (0.62167268783)
Coverage per region
  region:  2D6  2D7
  0i   :  2.19
  1e   :  2.02
  1i   :  2.14
  2e   :  1.92
  2i   :  2.07
  3e   :  2.09
  3i   :  1.95
  4e   :  2.09
  4i   :  2.04
  5e   :  1.96
  5i   :  1.77
  6e   :  2.14
  6i   :  2.12
  7e   :  1.88
  7i   :  1.88
  8e   :  1.95
  8i   :  2.43
  9e   :  1.90
  9i   :  1.99
  10e  :  2.04
  10i  :  1.90
  11e  :  1.80
  11i  :  1.86
  12e  :  2.08
Max. CN = 2
M  Sentinel contraint for 1: A_1^ <= A_1
M  Contraint for 7e: 1.88106203665 == E_7e + <gurobi.LinExpr: A1 + A1^>
M  Contraint for 6e: 2.13715607001 == E_6e + <gurobi.LinExpr: A1 + A1^>
M  Contraint for 9e: 1.90287465811 == E_9e + <gurobi.LinExpr: A1 + A1^>
M  Contraint for 8e: 1.95428293088 == E_8e + <gurobi.LinExpr: A1 + A1^>
M  Contraint for 2e: 1.92016718863 == E_2e + <gurobi.LinExpr: A1 + A1^>
M  Contraint for 1e: 2.02423308412 == E_1e + <gurobi.LinExpr: A1 + A1^>
M  Contraint for 5e: 1.95682126471 == E_5e + <gurobi.LinExpr: A1 + A1^>
M  Contraint for 4e: 2.09075180806 == E_4e + <gurobi.LinExpr: A1 + A1^>
M  Contraint for 3e: 2.08602269024 == E_3e + <gurobi.LinExpr: A1 + A1^>
M  Objective: <gurobi.LinExpr: C11 + C12 + C13 + C14 + C15 + C16 + C17 + C18 + C19 + 0.5 A1 + 0.5 A1^>
CN Solver status: optimal, opt: 1.72295557345
  Solutions:
    ('1', '1^')
== Initial Solver ==
Solving Counter({'1': 2})
Possible candidates:
  CYP2D6.1
  CYP2D6.2
    6.1e 16008387:SNP.AC  127 ( 48) F 34:T>G
  CYP2D6.3
    6.10e 15990430:SNP.CT  284 ( 50) F 18000:G>A
  CYP2D6.4
    6.1e 16008387:SNP.AC  127 ( 48) F 34:T>G
    6.10e 15990430:SNP.CT  284 ( 50) F 18000:G>A
M  Max. CN for 1 = 2
M  Max. CN for 3 = 2
M  Max. CN for 2 = 2
M  Max. CN for 4 = 2
M  Contraint for 15990430:REF 6.10e: 286 == <gurobi.QuadExpr: 285.0 3_2 + 285.0 2_2 + 285.0 1 + 285.0 3 + 285.0 2 + 285.0 4 + 285.0 4_2 + 285.0 1_2 + [ -285.0 REG_3_2_15990430:SNP.CT * 3_2 + -285.0 REG_3_15990430:SNP.CT * 3 + -285.0 REG_4_15990430:SNP.CT * 4 + -285.0 REG_4_2_15990430:SNP.CT * 4_2 ]> + err
M  Contraint for 15990430:SNP.CT 6.10e: 284 == <gurobi.QuadExpr: 0.0 + [ 285.0 REG_3_2_15990430:SNP.CT * 3_2 + 285.0 REG_3_15990430:SNP.CT * 3 + 285.0 REG_4_15990430:SNP.CT * 4 + 285.0 REG_4_2_15990430:SNP.CT * 4_2 ]> + err
M  Contraint for 16008387:REF 6.1e: 138 == <gurobi.QuadExpr: 132.5 3_2 + 132.5 2_2 + 132.5 1 + 132.5 3 + 132.5 2 + 132.5 4 + 132.5 4_2 + 132.5 1_2 + [ -132.5 REG_2_2_16008387:SNP.AC * 2_2 + -132.5 REG_2_16008387:SNP.AC * 2 + -132.5 REG_4_16008387:SNP.AC * 4 + -132.5 REG_4_2_16008387:SNP.AC * 4_2 ]> + err
M  Contraint for 16008387:SNP.AC 6.1e: 127 == <gurobi.QuadExpr: 0.0 + [ 132.5 REG_2_2_16008387:SNP.AC * 2_2 + 132.5 REG_2_16008387:SNP.AC * 2 + 132.5 REG_4_16008387:SNP.AC * 4 + 132.5 REG_4_2_16008387:SNP.AC * 4_2 ]> + err
M  Contraint for 3_2 15990430:SNP.CT: <gurobi.Var 3_2> >= <gurobi.Var REG_3_2_15990430:SNP.CT>
M  Contraint for 2_2 16008387:SNP.AC: <gurobi.Var 2_2> >= <gurobi.Var REG_2_2_16008387:SNP.AC>
M  Contraint for 3 15990430:SNP.CT: <gurobi.Var 3> >= <gurobi.Var REG_3_15990430:SNP.CT>
M  Contraint for 2 16008387:SNP.AC: <gurobi.Var 2> >= <gurobi.Var REG_2_16008387:SNP.AC>
M  Contraint for 4 15990430:SNP.CT: <gurobi.Var 4> >= <gurobi.Var REG_4_15990430:SNP.CT>
M  Contraint for 4 16008387:SNP.AC: <gurobi.Var 4> >= <gurobi.Var REG_4_16008387:SNP.AC>
M  Contraint for 4_2 15990430:SNP.CT: <gurobi.Var 4_2> >= <gurobi.Var REG_4_2_15990430:SNP.CT>
M  Contraint for 4_2 16008387:SNP.AC: <gurobi.Var 4_2> >= <gurobi.Var REG_4_2_16008387:SNP.AC>
M  CN contraint for 1: 2 == <gurobi.LinExpr: 3_2 + 2_2 + 1 + 3 + 2 + 4 + 4_2 + 1_2>
M  Sentinel contraint for 1: A_1_2 <= A_1
M  Sentinel contraint for 3: A_3_2 <= A_3
M  Sentinel contraint for 2: A_2_2 <= A_2
M  Sentinel contraint for 4: A_4_2 <= A_4
M  Objective: <gurobi.LinExpr: C26 + C27 + C28 + C29>
M  Contraint for 3_2: A_3_2 * (<gurobi.LinExpr: REG_3_2_15990430:SNP.CT> - 1) == 0
M  Contraint for 2_2: A_2_2 * (<gurobi.LinExpr: REG_2_2_16008387:SNP.AC> - 1) == 0
M  Contraint for 3: A_3 * (<gurobi.LinExpr: REG_3_15990430:SNP.CT> - 1) == 0
M  Contraint for 2: A_2 * (<gurobi.LinExpr: REG_2_16008387:SNP.AC> - 1) == 0
M  Contraint for 4: A_4 * (<gurobi.LinExpr: REG_4_15990430:SNP.CT + REG_4_16008387:SNP.AC> - 2) == 0
M  Contraint for 4_2: A_4_2 * (<gurobi.LinExpr: REG_4_2_15990430:SNP.CT + REG_4_2_16008387:SNP.AC> - 2) == 0
M  Contraint for 15990430:SNP.CT: 1 <= <gurobi.QuadExpr: 0.0 + [ 3_2 * REG_3_2_15990430:SNP.CT + 3 * REG_3_15990430:SNP.CT + 4 * REG_4_15990430:SNP.CT + 4_2 * REG_4_2_15990430:SNP.CT ]>
M  Contraint for 16008387:SNP.AC: 1 <= <gurobi.QuadExpr: 0.0 + [ 2_2 * REG_2_2_16008387:SNP.AC + 2 * REG_2_16008387:SNP.AC + 4 * REG_4_16008387:SNP.AC + 4_2 * REG_4_2_16008387:SNP.AC ]>
M  Contraint for 15990430:SNP.CT: 1 <= <gurobi.QuadExpr: 0.0 + [ 3_2 * REG_3_2_15990430:SNP.CT + 3 * REG_3_15990430:SNP.CT + 4 * REG_4_15990430:SNP.CT + 4_2 * REG_4_2_15990430:SNP.CT ]>
M  Contraint for 16008387:SNP.AC: 1 <= <gurobi.QuadExpr: 0.0 + [ 2_2 * REG_2_2_16008387:SNP.AC + 2 * REG_2_16008387:SNP.AC + 4 * REG_4_16008387:SNP.AC + 4_2 * REG_4_2_16008387:SNP.AC ]>
M  Contraint for 15990430:SNP.CT: 1 <= <gurobi.QuadExpr: 0.0 + [ 3_2 * REG_3_2_15990430:SNP.CT + 3 * REG_3_15990430:SNP.CT + 4 * REG_4_15990430:SNP.CT + 4_2 * REG_4_2_15990430:SNP.CT ]>
M  Contraint for 16008387:SNP.AC: 1 <= <gurobi.QuadExpr: 0.0 + [ 2_2 * REG_2_2_16008387:SNP.AC + 2 * REG_2_16008387:SNP.AC + 4 * REG_4_16008387:SNP.AC + 4_2 * REG_4_2_16008387:SNP.AC ]>
M  Contraint for 15990430:SNP.CT: 1 <= <gurobi.QuadExpr: 0.0 + [ 3_2 * REG_3_2_15990430:SNP.CT + 3 * REG_3_15990430:SNP.CT + 4 * REG_4_15990430:SNP.CT + 4_2 * REG_4_2_15990430:SNP.CT ]>
M  Contraint for 16008387:SNP.AC: 1 <= <gurobi.QuadExpr: 0.0 + [ 2_2 * REG_2_2_16008387:SNP.AC + 2 * REG_2_16008387:SNP.AC + 4 * REG_4_16008387:SNP.AC + 4_2 * REG_4_2_16008387:SNP.AC ]>
CN Solver status: optimal, opt: 13.0
  solution:
    ('2', '3')
    ('1', '4')
[32;01mCopy number best structures:[39;49;00m
[32;01m  (1) 2x*1-like[39;49;00m
== Refiner ==
Refining ('2', '3')
M  CN constraint for 3: 1 == <gurobi.LinExpr: 3>
M  CN constraint for 2: 1 == <gurobi.LinExpr: 2>
M  Contraint for 15990430:REF 6.10e: 286 == <gurobi.QuadExpr: 285.0 3 + 285.0 2 + [ -285.0 REG_3_15990430:SNP.CT * 3 + -285.0 EXT_2_15990430:SNP.CT * 2 ]> + err
M  Contraint for 15990430:SNP.CT 6.10e: 284 == <gurobi.QuadExpr: 0.0 + [ 285.0 REG_3_15990430:SNP.CT * 3 + 285.0 EXT_2_15990430:SNP.CT * 2 ]> + err
M  Contraint for 16008387:REF 6.1e: 138 == <gurobi.QuadExpr: 132.5 3 + 132.5 2 + [ -132.5 EXT_3_16008387:SNP.AC * 3 + -132.5 REG_2_16008387:SNP.AC * 2 ]> + err
M  Contraint for 16008387:SNP.AC 6.1e: 127 == <gurobi.QuadExpr: 0.0 + [ 132.5 EXT_3_16008387:SNP.AC * 3 + 132.5 REG_2_16008387:SNP.AC * 2 ]> + err
M  Contraint for MM[missing] 3 15990430:SNP.CT: <gurobi.Var 3> >= <gurobi.Var REG_3_15990430:SNP.CT>
M  Contraint for MM[missing] 2 16008387:SNP.AC: <gurobi.Var 2> >= <gurobi.Var REG_2_16008387:SNP.AC>
M  Contraint for MA[extra] 3 16008387:SNP.AC: <gurobi.Var 3> >= <gurobi.Var EXT_3_16008387:SNP.AC>
M  Contraint for MA[extra] 2 15990430:SNP.CT: <gurobi.Var 2> >= <gurobi.Var EXT_2_15990430:SNP.CT>
M  Objective: <gurobi.LinExpr: C10 + C11 + C12 + C13 + EXT_3_16008387:SNP.AC + EXT_2_15990430:SNP.CT + W>
M  Contraint for 3: <gurobi.LinExpr: REG_3_15990430:SNP.CT> = 1 * A_<gurobi.Var 3>
M  Contraint for 2: <gurobi.LinExpr: REG_2_16008387:SNP.AC> = 1 * A_<gurobi.Var 2>
M  Contraint for 15990430:SNP.CT: 1 <= <gurobi.QuadExpr: 0.0 + [ REG_3_15990430:SNP.CT * 3 ]> <= 1
M  Contraint for 15990430:SNP.CT: <gurobi.QuadExpr: 0.0 + [ REG_3_15990430:SNP.CT * 3 ]> <= 1
M  Contraint for 16008387:SNP.AC: 1 <= <gurobi.QuadExpr: 0.0 + [ REG_2_16008387:SNP.AC * 2 ]> <= 1
M  Contraint for 16008387:SNP.AC: <gurobi.QuadExpr: 0.0 + [ REG_2_16008387:SNP.AC * 2 ]> <= 1
CN Solver status: optimal, opt: 13.0
  3: 1
    6.10e 15990430:SNP.CT  284 ( 50 cp. 1) F
  2: 1
    6.1e 16008387:SNP.AC  127 ( 48 cp. 1) F
Missing:
  3: 1
  2: 1
Extra:
  3: 1
  2: 1
== Refiner ==
Refining ('1', '4')
M  CN constraint for 1: 1 == <gurobi.LinExpr: 1>
M  CN constraint for 4: 1 == <gurobi.LinExpr: 4>
M  Contraint for 15990430:REF 6.10e: 286 == <gurobi.QuadExpr: 285.0 1 + 285.0 4 + [ -285.0 EXT_1_15990430:SNP.CT * 1 + -285.0 REG_4_15990430:SNP.CT * 4 ]> + err
M  Contraint for 15990430:SNP.CT 6.10e: 284 == <gurobi.QuadExpr: 0.0 + [ 285.0 EXT_1_15990430:SNP.CT * 1 + 285.0 REG_4_15990430:SNP.CT * 4 ]> + err
M  Contraint for 16008387:REF 6.1e: 138 == <gurobi.QuadExpr: 132.5 1 + 132.5 4 + [ -132.5 EXT_1_16008387:SNP.AC * 1 + -132.5 REG_4_16008387:SNP.AC * 4 ]> + err
M  Contraint for 16008387:SNP.AC 6.1e: 127 == <gurobi.QuadExpr: 0.0 + [ 132.5 EXT_1_16008387:SNP.AC * 1 + 132.5 REG_4_16008387:SNP.AC * 4 ]> + err
M  Contraint for MM[missing] 4 15990430:SNP.CT: <gurobi.Var 4> >= <gurobi.Var REG_4_15990430:SNP.CT>
M  Contraint for MM[missing] 4 16008387:SNP.AC: <gurobi.Var 4> >= <gurobi.Var REG_4_16008387:SNP.AC>
M  Contraint for MA[extra] 1 15990430:SNP.CT: <gurobi.Var 1> >= <gurobi.Var EXT_1_15990430:SNP.CT>
M  Contraint for MA[extra] 1 16008387:SNP.AC: <gurobi.Var 1> >= <gurobi.Var EXT_1_16008387:SNP.AC>
M  Objective: <gurobi.LinExpr: C10 + C11 + C12 + C13 + EXT_1_15990430:SNP.CT + EXT_1_16008387:SNP.AC + W>
M  Contraint for 4: <gurobi.LinExpr: REG_4_16008387:SNP.AC + REG_4_15990430:SNP.CT> = 2 * A_<gurobi.Var 4>
M  Contraint for 15990430:SNP.CT: 1 <= <gurobi.QuadExpr: 0.0 + [ REG_4_15990430:SNP.CT * 4 ]> <= 1
M  Contraint for 15990430:SNP.CT: <gurobi.QuadExpr: 0.0 + [ REG_4_15990430:SNP.CT * 4 ]> <= 1
M  Contraint for 16008387:SNP.AC: 1 <= <gurobi.QuadExpr: 0.0 + [ REG_4_16008387:SNP.AC * 4 ]> <= 1
M  Contraint for 16008387:SNP.AC: <gurobi.QuadExpr: 0.0 + [ REG_4_16008387:SNP.AC * 4 ]> <= 1
CN Solver status: optimal, opt: 13.0
  1: 1
  4: 1
    6.10e 15990430:SNP.CT  284 ( 50 cp. 1) F
    6.1e 16008387:SNP.AC  127 ( 48 cp. 1) F
Missing:
  1: 1
  4: 1
Extra:
  1: 1
  4: 1
Time needed: (15.1)
Result is: [('2', '3'), ('1', '4')]
