SAM file: bams/NA19901.bam
File bams/NA19901.bam has index
Coverage is 228.441922677
== Allele Filter ==
 6.24e  97543751: SNP.GA                  395 ( 45%) ~     0 (  0)
 6.24e  97543763: SNP.CT                  372 ( 44%) ~     0 (  0)
 6.23i  97544770: SNP.TC                  133 ( 51%) ~     0 (  0)
 6.23i  97547830: SNP.GA                  346 (100%) ~     0 (  0)
 6.22i  97548438: SNP.AT                    5 (100%) ~     0 (  0)
 6.21i  97658374: SNP.GT                    2 (  6%) ~     0 (  0)
 6.21i  97658394: SNP.CT                   43 (100%) ~     0 (  0)
 6.20i  97681341: SNP.TC                    2 (100%) ~     0 (  0)
 6.20i  97700329: DEL.T                    16 (  6%) ~     0 (  0)
 6.20i  97700329: INS.t                    13 (  5%) ~     0 (  0)
 6.19i  97700938: SNP.CT                    2 ( 50%) ~     0 (  0)
 6.17i  97772287: SNP.CG                    2 (100%) ~     0 (  0)
 6.15i  97848242: SNP.GT                    2 ( 17%) ~     0 (  0)
 6.15i  97915212: SNP.TC                   19 ( 70%) ~     0 (  0)
 6.14i  97937393: SNP.TC                    2 (100%) ~     0 (  0)
 6.14i  97980871: SNP.CT                    6 ( 75%) ~     0 (  0)
 6.14i  97981241: SNP.TC                  202 ( 46%) ~     0 (  0)
 6.13i  97981705: SNP.CT                   39 ( 46%) ~     0 (  0)
 6.12i  98038925: SNP.TC                    4 ( 67%) ~     0 (  0)
 6.11i  98039540: SNP.AG                  356 ( 57%) ~     0 (  0)
 6.10i  98060159: SNP.TG                    2 ( 50%) ~     0 (  0)
 6.10i  98060469: DEL.T                    10 (  8%) ~     0 (  0)
 6.10i  98060469: INS.t                    10 (  8%) ~     0 (  0)
 6.10i  98060480: SNP.AC                   89 ( 61%) ~     0 (  0)
 6.9i   98060976: SNP.TC                   15 ( 45%) ~     0 (  0)
 6.8i   98144855: SNP.TC                   56 ( 56%) ~     0 (  0)
 6.8i   98156891: SNP.AG                  399 ( 47%) ~     0 (  0)
 6.8e   98157331: SNP.CG                  759 (100%) ~     0 (  0)
 6.7i   98157590: SNP.CT                   53 (100%) ~     0 (  0)
 6.7i   98164767: SNP.CT                   64 ( 40%) ~     0 (  0)
 6.7e   98165090: SNP.TC                  448 ( 47%) ~     0 (  0)
 6.6e   98185526: SNP.AG                  825 (100%) ~     0 (  0)
 6.6e   98185719: SNP.TA                   29 (  5%) ~     0 (  0)
 6.6e   98185720: DEL.CA                   35 (  6%) ~     0 (  0)
 6.6e   98185721: SNP.AT                  286 ( 54%) ~     0 (  0)
 6.6e   98185723: SNP.AT                  257 ( 45%) ~     0 (  0)
 6.6e   98186076: SNP.TC                 1077 (100%) ~     0 (  0)
 6.6e   98186228: SNP.TC                  530 ( 46%) ~     0 (  0)
 6.4i   98187754: SNP.CT                   11 ( 61%) ~     0 (  0)
 6.3i   98214227: SNP.GT                    3 (100%) ~     0 (  0)
 6.2i   98320407: SNP.CT                   77 (100%) ~     0 (  0)
 6.2i   98320491: SNP.CA                   85 ( 51%) ~     0 (  0)
 6.2e   98348884: SNP.AG     85:A>G       339 ( 55%) ~     0 (  0)
 6.1i   98385250: SNP.CA                 1030 (100%) ~     0 (  0)
 6.1i   98385672: SNP.TA                  471 ( 45%) ~     0 (  0)
 6.1i   98385829: SNP.TC                  455 ( 49%) ~     0 (  0)
 6.1i   98386401: SNP.AC                   39 ( 13%) ~     0 (  0)
 6.1e   98386612: SNP.AG                    5 (  6%) ~     0 (  0)
Removing 10    6.24e 97544626:SNP.CA
Removing 11    6.11e 98058898:SNP.CA
Removing 12    6.2e 98348907:SNP.CT,  6.12e 98039498:SNP.CA
Removing 13    6.14e 97981342:SNP.AC
Removing 2B    6.15i 97915613:SNP.CT,  6.14e 97981394:SNP.TC
Removing 2A    6.15i 97915613:SNP.CT
Removing 3     6.15e 97915621:DEL.G
Removing 4     6.14e 97981420:SNP.CT
Removing 5     6.14e 97981394:SNP.TC
Removing 6     6.19e 97770919:SNP.CT
Removing 7     6.4e 98205970:DEL.ATGA
Removing 8     6.8e 98157331:SNP.CT
Initial status
  CYP2D6.1
  CYP2D6.9B
    6.22e          97564153:SNP.CT    0 (  0)   2657:C>T
    6.2e           98348884:SNP.AG  339 ( 55) F 85:A>G
  CYP2D6.9
    6.2e           98348884:SNP.AG  339 ( 55) F 85:A>G
== Copy Number Estimator ==
CNV factor: 1.91486546244 (0.522229900541)
Coverage per region
  region:  2D6  2D7
  1e   :  0.00
  1i   :  0.00
  2e   :  0.00
  2i   :  0.00
  3e   :  0.00
  3i   :  0.00
  4e   :  0.00
  4i   :  0.00
  5e   :  0.00
  5i   :  0.00
  6e   :  0.00
  6i   :  0.00
  7e   :  0.00
  7i   :  0.00
  8e   :  0.00
  8i   :  0.00
  9e   :  0.00
  9i   :  0.00
  10e  :  0.00
  10i  :  0.00
  11e  :  0.00
  11i  :  0.00
  12e  :  0.00
  12i  :  0.00
  13e  :  0.00
  13i  :  0.00
  14e  :  0.00
  14i  :  0.00
  15e  :  0.00
  15i  :  0.00
  16e  :  0.00
  16i  :  0.00
  17e  :  0.00
  17i  :  0.00
  18e  :  0.00
  18i  :  0.00
  19e  :  0.00
  19i  :  0.00
  20e  :  0.00
  20i  :  0.00
  21e  :  0.00
  21i  :  0.00
  22e  :  0.00
  22i  :  0.00
  23e  :  0.00
  23i  :  0.00
  24e  :  0.00
Max. CN = 0
M  Sentinel contraint for 1: A_1^ <= A_1
M  Contraint for 24e: 0.0 == E_24e + <gurobi.LinExpr: A1 + A1^>
M  Contraint for 7e: 0.0 == E_7e + <gurobi.LinExpr: A1 + A1^>
M  Contraint for 12e: 0.0 == E_12e + <gurobi.LinExpr: A1 + A1^>
M  Contraint for 16e: 0.0 == E_16e + <gurobi.LinExpr: A1 + A1^>
M  Contraint for 22e: 0.0 == E_22e + <gurobi.LinExpr: A1 + A1^>
M  Contraint for 9e: 0.0 == E_9e + <gurobi.LinExpr: A1 + A1^>
M  Contraint for 10e: 0.0 == E_10e + <gurobi.LinExpr: A1 + A1^>
M  Contraint for 14e: 0.0 == E_14e + <gurobi.LinExpr: A1 + A1^>
M  Contraint for 20e: 0.0 == E_20e + <gurobi.LinExpr: A1 + A1^>
M  Contraint for 1e: 0.0 == E_1e + <gurobi.LinExpr: A1 + A1^>
M  Contraint for 5e: 0.0 == E_5e + <gurobi.LinExpr: A1 + A1^>
M  Contraint for 3e: 0.0 == E_3e + <gurobi.LinExpr: A1 + A1^>
M  Contraint for 11e: 0.0 == E_11e + <gurobi.LinExpr: A1 + A1^>
M  Contraint for 6e: 0.0 == E_6e + <gurobi.LinExpr: A1 + A1^>
M  Contraint for 13e: 0.0 == E_13e + <gurobi.LinExpr: A1 + A1^>
M  Contraint for 23e: 0.0 == E_23e + <gurobi.LinExpr: A1 + A1^>
M  Contraint for 17e: 0.0 == E_17e + <gurobi.LinExpr: A1 + A1^>
M  Contraint for 8e: 0.0 == E_8e + <gurobi.LinExpr: A1 + A1^>
M  Contraint for 21e: 0.0 == E_21e + <gurobi.LinExpr: A1 + A1^>
M  Contraint for 15e: 0.0 == E_15e + <gurobi.LinExpr: A1 + A1^>
M  Contraint for 19e: 0.0 == E_19e + <gurobi.LinExpr: A1 + A1^>
M  Contraint for 18e: 0.0 == E_18e + <gurobi.LinExpr: A1 + A1^>
M  Contraint for 2e: 0.0 == E_2e + <gurobi.LinExpr: A1 + A1^>
M  Contraint for 4e: 0.0 == E_4e + <gurobi.LinExpr: A1 + A1^>
M  Objective: <gurobi.LinExpr: C26 + C27 + C28 + C29 + C30 + C31 + C32 + C33 + C34 + C35 + C36 + C37 + C38 + C39 + C40 + C41 + C42 + C43 + C44 + C45 + C46 + C47 + C48 + C49 + 0.5 A1 + 0.5 A1^>
CN Solver status: optimal, opt: 49.0
  Solutions:
    ('1', '1^')
== Initial Solver ==
Solving Counter({'1': 2})
Possible candidates:
  CYP2D6.1
  CYP2D6.9
    6.2e 98348884:SNP.AG  339 ( 55) F 85:A>G
M  Max. CN for 1 = 2
M  Max. CN for 9 = 2
M  Contraint for 98348884:SNP.AG 6.2e: 339 == <gurobi.QuadExpr: 0.0 + [ 307.5 REG_9_98348884:SNP.AG * 9 + 307.5 REG_9_2_98348884:SNP.AG * 9_2 ]> + err
M  Contraint for 98348884:REF 6.2e: 276 == <gurobi.QuadExpr: 307.5 1 + 307.5 9 + 307.5 1_2 + 307.5 9_2 + [ -307.5 REG_9_98348884:SNP.AG * 9 + -307.5 REG_9_2_98348884:SNP.AG * 9_2 ]> + err
M  Contraint for 9 98348884:SNP.AG: <gurobi.Var 9> >= <gurobi.Var REG_9_98348884:SNP.AG>
M  Contraint for 9_2 98348884:SNP.AG: <gurobi.Var 9_2> >= <gurobi.Var REG_9_2_98348884:SNP.AG>
M  CN contraint for 1: 2 == <gurobi.LinExpr: 1 + 9 + 1_2 + 9_2>
M  Sentinel contraint for 1: A_1_2 <= A_1
M  Sentinel contraint for 9: A_9_2 <= A_9
M  Objective: <gurobi.LinExpr: C9 + C10>
M  Contraint for 9: A_9 * (<gurobi.LinExpr: REG_9_98348884:SNP.AG> - 1) == 0
M  Contraint for 9_2: A_9_2 * (<gurobi.LinExpr: REG_9_2_98348884:SNP.AG> - 1) == 0
M  Contraint for 98348884:SNP.AG: 1 <= <gurobi.QuadExpr: 0.0 + [ 9 * REG_9_98348884:SNP.AG + 9_2 * REG_9_2_98348884:SNP.AG ]>
M  Contraint for 98348884:SNP.AG: 1 <= <gurobi.QuadExpr: 0.0 + [ 9 * REG_9_98348884:SNP.AG + 9_2 * REG_9_2_98348884:SNP.AG ]>
CN Solver status: optimal, opt: 63.0
  solution:
    ('1', '9')
[32;01mCopy number best structures:[39;49;00m
[32;01m  (1) 2x*1-like[39;49;00m
== Refiner ==
Refining ('1', '9')
M  CN constraint for 1: 1 == <gurobi.LinExpr: 1>
M  CN constraint for 9: 1 == <gurobi.LinExpr: 9 + 9B>
M  Contraint for 97564153:SNP.CT 6.22e: 0 == <gurobi.QuadExpr: 0.0 + [ 465.5 EXT_1_97564153:SNP.CT * 1 + 465.5 EXT_9_97564153:SNP.CT * 9 + 465.5 REG_9B_97564153:SNP.CT * 9B ]> + err
M  Contraint for 98348884:SNP.AG 6.2e: 339 == <gurobi.QuadExpr: 0.0 + [ 307.5 EXT_1_98348884:SNP.AG * 1 + 307.5 REG_9_98348884:SNP.AG * 9 + 307.5 REG_9B_98348884:SNP.AG * 9B ]> + err
M  Contraint for 98348884:REF 6.2e: 276 == <gurobi.QuadExpr: 307.5 1 + 307.5 9 + 307.5 9B + [ -307.5 EXT_1_98348884:SNP.AG * 1 + -307.5 REG_9_98348884:SNP.AG * 9 + -307.5 REG_9B_98348884:SNP.AG * 9B ]> + err
M  Contraint for 97564153:REF 6.22e: 931 == <gurobi.QuadExpr: 465.5 1 + 465.5 9 + 465.5 9B + [ -465.5 EXT_1_97564153:SNP.CT * 1 + -465.5 EXT_9_97564153:SNP.CT * 9 + -465.5 REG_9B_97564153:SNP.CT * 9B ]> + err
M  Contraint for MM[missing] 9 98348884:SNP.AG: <gurobi.Var 9> >= <gurobi.Var REG_9_98348884:SNP.AG>
M  Contraint for MM[missing] 9B 97564153:SNP.CT: <gurobi.Var 9B> >= <gurobi.Var REG_9B_97564153:SNP.CT>
M  Contraint for MM[missing] 9B 98348884:SNP.AG: <gurobi.Var 9B> >= <gurobi.Var REG_9B_98348884:SNP.AG>
M  Contraint for MA[extra] 1 97564153:SNP.CT: <gurobi.Var 1> >= <gurobi.Var EXT_1_97564153:SNP.CT>
M  Contraint for MA[extra] 1 98348884:SNP.AG: <gurobi.Var 1> >= <gurobi.Var EXT_1_98348884:SNP.AG>
M  Contraint for MA[extra] 9 97564153:SNP.CT: <gurobi.Var 9> >= <gurobi.Var EXT_9_97564153:SNP.CT>
M  Objective: <gurobi.LinExpr: C13 + C14 + C15 + C16 + EXT_1_97564153:SNP.CT + EXT_1_98348884:SNP.AG + EXT_9_97564153:SNP.CT + W>
M  Contraint for 9: <gurobi.LinExpr: REG_9_98348884:SNP.AG> = 1 * A_<gurobi.Var 9>
M  Contraint for 9B: <gurobi.LinExpr: REG_9B_98348884:SNP.AG> = 1 * A_<gurobi.Var 9B>
M  Contraint for 97564153:SNP.CT: 0 >= <gurobi.LinExpr: REG_9B_97564153:SNP.CT>
M  Contraint for 97564153:SNP.CT: 0 <= <gurobi.QuadExpr: 0.0 + [ REG_9B_97564153:SNP.CT * 9B + EXT_1_97564153:SNP.CT * 1 + EXT_9_97564153:SNP.CT * 9 ]> <= 1
M  Contraint for 98348884:SNP.AG: 1 <= <gurobi.QuadExpr: 0.0 + [ REG_9_98348884:SNP.AG * 9 + REG_9B_98348884:SNP.AG * 9B ]> <= 2
M  Contraint for 98348884:SNP.AG: <gurobi.QuadExpr: 0.0 + [ REG_9_98348884:SNP.AG * 9 + REG_9B_98348884:SNP.AG * 9B ]> <= 2
CN Solver status: optimal, opt: 63.0
  1: 1
  9: 1
    6.2e 98348884:SNP.AG  339 ( 55 cp. 1) F
Missing:
  1: 1
  9: 1
Extra:
  1: 1
  9: 1
Time needed: (17.7)
Result is: [('1', '9')]
