SAM file: bams/NA19770.bam
File bams/NA19770.bam has index
Coverage is 125.60126176
== Allele Filter ==
 6.0i   15989039: SNP.CG                  523 ( 53%) ~     0 (  0)
 6.0i   15989183: SNP.GA                  428 ( 51%) ~     2 (  0)
 6.0i   15989404: SNP.CT                  203 ( 29%) ~    68 ( 33)
 6.12e  15989695: SNP.GC                   40 ( 14%) ~     8 ( 20)
 6.12e  15989729: SNP.TC                   86 ( 30%) ~     9 ( 10)
 6.11i  15989810: SNP.TG                   23 ( 14%) ~     1 (  4)
 6.11i  15989856: SNP.TC                    8 ( 11%) ~     3 ( 38)
 6.11i  15989890: SNP.CT                    6 (  9%) ~     1 ( 17)
 6.11i  15989903: SNP.CA                    5 (  7%) ~     0 (  0)
 6.11i  15989908: SNP.AG                    7 ( 10%) ~     0 (  0)
 6.11i  15989918: SNP.GC                    9 ( 11%) ~     0 (  0)
 6.11i  15989921: SNP.CA                   11 ( 14%) ~     0 (  0)
 6.11i  15989926: SNP.AG                    9 ( 12%) ~     0 (  0)
 6.11i  15989959: SNP.GA                    6 (  8%) ~     0 (  0)
 6.11i  15989973: SNP.CT                    6 (  7%) ~     0 (  0)
 6.11i  15989975: SNP.CG                    6 (  7%) ~     0 (  0)
 6.11i  15989976: SNP.AG                    6 (  7%) ~     0 (  0)
 6.11i  15989979: SNP.CT                    6 (  7%) ~     0 (  0)
 6.11i  15990047: SNP.GA                   83 ( 49%) ~     0 (  0)
 6.8i   15996348: SNP.TA                    4 ( 50%) ~     0 (  0)
 6.8i   15996482: INS.g                    17 ( 53%) ~     0 (  0)
 6.8e   15996819: SNP.GA                  127 ( 52%) ~     0 (  0)
 6.6i   15997136: INS.c                   379 ( 41%) ~     0 (  0)
 6.6i   15997563: SNP.GA                   15 ( 42%) ~     0 (  0)
 6.6i   15997625: DEL.TC                    2 ( 12%) ~     0 (  0)
 6.6i   16000165: SNP.TC                   84 ( 58%) ~     0 (  0)
 6.5i   16000608: SNP.TA                   31 ( 45%) ~     0 (  0)
 6.4i   16001739: SNP.AG                  606 ( 50%) ~     0 (  0)
 6.4i   16001851: SNP.TG                  569 ( 49%) ~     0 (  0)
 6.4i   16002302: SNP.AC                  119 (  9%) ~     0 (  0)
 6.2i   16003435: SNP.AG                  269 ( 51%) ~     0 (  0)
 6.2i   16004537: SNP.AG                   47 ( 44%) ~     0 (  0)
 6.2i   16004821: SNP.AC                    8 (  5%) ~     0 (  0)
 6.1i   16006868: DEL.TCTA                  2 ( 40%) ~     0 (  0)
 6.1i   16006878: SNP.CT                    4 (100%) ~     0 (  0)
Removing 2     6.1e 16008387:SNP.AC
Removing 3     6.10e 15990430:SNP.CT
Removing 4     6.1e 16008387:SNP.AC,  6.10e 15990430:SNP.CT
Initial status
  CYP2D6.1
== Copy Number Estimator ==
CNV factor: 1.5446509642 (0.647395446076)
Coverage per region
  region:  2D6  2D7
  0i   :  1.97
  1e   :  2.05
  1i   :  2.09
  2e   :  2.10
  2i   :  1.92
  3e   :  2.03
  3i   :  1.89
  4e   :  1.95
  4i   :  1.97
  5e   :  1.90
  5i   :  1.85
  6e   :  1.99
  6i   :  2.06
  7e   :  1.76
  7i   :  1.74
  8e   :  1.92
  8i   :  2.32
  9e   :  1.74
  9i   :  1.96
  10e  :  1.87
  10i  :  1.88
  11e  :  1.79
  11i  :  1.94
  12e  :  1.90
Max. CN = 2
M  Sentinel contraint for 1: A_1^ <= A_1
M  Contraint for 7e: 1.76239718547 == E_7e + <gurobi.LinExpr: A1 + A1^>
M  Contraint for 6e: 1.98522387804 == E_6e + <gurobi.LinExpr: A1 + A1^>
M  Contraint for 9e: 1.73789159898 == E_9e + <gurobi.LinExpr: A1 + A1^>
M  Contraint for 8e: 1.92214169438 == E_8e + <gurobi.LinExpr: A1 + A1^>
M  Contraint for 2e: 2.10290158969 == E_2e + <gurobi.LinExpr: A1 + A1^>
M  Contraint for 1e: 2.05428541295 == E_1e + <gurobi.LinExpr: A1 + A1^>
M  Contraint for 5e: 1.90036155676 == E_5e + <gurobi.LinExpr: A1 + A1^>
M  Contraint for 4e: 1.94758103486 == E_4e + <gurobi.LinExpr: A1 + A1^>
M  Contraint for 3e: 2.02546410847 == E_3e + <gurobi.LinExpr: A1 + A1^>
M  Objective: <gurobi.LinExpr: C11 + C12 + C13 + C14 + C15 + C16 + C17 + C18 + C19 + 0.5 A1 + 0.5 A1^>
CN Solver status: optimal, opt: 1.92705416262
  Solutions:
    ('1', '1^')
== Initial Solver ==
Solving Counter({'1': 2})
Possible candidates:
  CYP2D6.1
M  Max. CN for 1 = 2
M  CN contraint for 1: 2 == <gurobi.LinExpr: 1 + 1_2>
M  Sentinel contraint for 1: A_1_2 <= A_1
M  Objective: 0
CN Solver status: optimal, opt: 0.0
  solution:
    ('1', '1')
[32;01mCopy number best structures:[39;49;00m
[32;01m  (1) 2x*1-like[39;49;00m
== Refiner ==
Refining ('1', '1')
M  Sentinel constraint for 1: A_1_2 <= A_1
M  CN constraint for 1: 2 == <gurobi.LinExpr: 1 + 1_2>
M  Objective: <gurobi.LinExpr: W>
CN Solver status: optimal, opt: 0.0
  1: 1
  1_2: 1
Missing:
  1: 1
  1_2: 1
Extra:
  1: 1
  1_2: 1
Time needed: (15.2)
Result is: [('1', '1')]
