SAM file: bams/NA19901.bam
File bams/NA19901.bam has index
Coverage is 383.828027854
== Allele Filter ==
Refining indel 96827119:INS.a: from 808 of 922.0 to 914 (indel:total = 808:815)
 6.0i   96796144: DEL.T                     2 ( 12%) ~     0 (  0)
 6.8i   96797469: SNP.CT                   13 (100%) ~     0 (  0)
 6.8i   96798332: SNP.TA                    2 (  8%) ~     0 (  0)
 6.8i   96798577: SNP.GT                  278 (100%) ~     0 (  0)
 6.7i   96800353: SNP.TC                   31 (100%) ~     0 (  0)
 6.7i   96801804: SNP.TA                    2 (100%) ~     0 (  0)
 6.7i   96802160: DEL.A                     2 (100%) ~     0 (  0)
 6.7i   96802597: SNP.AT     26562:T>A    328 (100%) ~     0 (  0)
 6.6i   96803147: DEL.AG                   20 (100%) ~     0 (  0)
 6.6i   96803305: SNP.AC                    2 (100%) ~     0 (  0)
 6.6i   96805370: SNP.CT                   68 (100%) ~     0 (  0)
 6.5i   96806188: DEL.G                     2 (100%) ~     0 (  0)
 6.5i   96817775: SNP.TC                   65 (100%) ~     0 (  0)
 6.5i   96817964: SNP.GT                  194 ( 45%) ~     0 (  0)
 6.4i   96818401: SNP.TC                  159 (100%) ~     0 (  0)
 6.4i   96818417: SNP.CT                  140 (100%) ~     0 (  0)
 6.4i   96818510: SNP.AG                    2 (  5%) ~     0 (  0)
 6.4i   96819196: INS.tt                    2 (100%) ~     0 (  0)
 6.4i   96824107: SNP.GA                    3 ( 43%) ~     0 (  0)
 6.4i   96824230: SNP.AG                   18 (100%) ~     0 (  0)
 6.3i   96824882: SNP.TC                   42 (100%) ~     0 (  0)
 6.3i   96825331: SNP.AT                  852 (100%) ~     0 (  0)
 6.3i   96825856: SNP.GA                   31 (  5%) ~     0 (  0)
 6.3i   96825870: SNP.CG                   32 (  6%) ~     0 (  0)
 6.3i   96825910: DEL.GT                   24 (  6%) ~     0 (  0)
 6.3i   96825910: DEL.GTGTGT               25 (  6%) ~     0 (  0)
 6.3i   96825911: SNP.TA                  295 ( 88%) ~     0 (  0)
 6.3i   96825913: SNP.TA                  279 ( 79%) ~     0 (  0)
 6.3i   96825915: SNP.TA                  158 ( 45%) ~     0 (  0)
 6.3i   96825917: SNP.TA                   53 ( 14%) ~     0 (  0)
 6.3i   96825946: SNP.TC                   22 (  6%) ~     0 (  0)
 6.3i   96825953: SNP.GA                   34 (  8%) ~     0 (  0)
 6.3i   96825954: SNP.TC                   35 (  9%) ~     0 (  0)
 6.3i   96825958: SNP.AC                   22 (  5%) ~     0 (  0)
 6.3i   96825972: DEL.T                    42 (  9%) ~     0 (  0)
 6.3i   96825972: INS.t                    57 ( 13%) ~     0 (  0)
 6.3i   96825985: SNP.AT                   32 (  7%) ~     0 (  0)
 6.3i   96825990: SNP.AT                   42 (  9%) ~     0 (  0)
 6.3i   96825997: SNP.AG                   28 (  5%) ~     0 (  0)
 6.3i   96825999: SNP.AG                   35 (  7%) ~     0 (  0)
 6.3i   96826001: SNP.TG                   68 ( 13%) ~     0 (  0)
 6.3i   96826015: SNP.TA                   35 (  6%) ~     0 (  0)
 6.3i   96826244: SNP.GA                  802 (100%) ~     0 (  0)
 6.2i   96827119: INS.a      2040:insT    914 ( 99%) ~     0 (  0)
 6.2i   96827177: SNP.TC                  938 (100%) ~     0 (  0)
 6.1i   96828007: INS.taactgc              543 ( 61%) ~     0 (  0)
 6.1i   96828159: SNP.TC                  958 (100%) ~     0 (  0)
 6.1i   96828819: DEL.A                    80 ( 54%) ~     0 (  0)
 6.1i   96828819: DEL.AA                   15 ( 10%) ~     0 (  0)
 6.1i   96828846: SNP.GA                   18 (  7%) ~     0 (  0)
Removing 10    6.7e 96802646:SNP.CA
Removing 11    6.6e 96805707:SNP.CA
Removing 12    6.9e 96796973:DEL.CAA
Removing 13    6.5e 96818241:SNP.AC
Removing 14    6.5e 96818198:SNP.CG
Removing 2     6.5e 96818105:SNP.TA
Removing 3     6.3e 96827029:SNP.CT,  6.8e 96798748:SNP.TC
Removing 4     6.5e 96818118:SNP.GC
Removing 5     6.3e 96826970:DEL.T
Removing 6     6.4e 96824687:SNP.CT
Removing 7     6.4e 96824642:SNP.GA
Removing 8     6.4e 96824642:SNP.GC
Removing 9     6.5e 96818170:SNP.TC
Initial status
  CYP2D6.1C
                   96829528:SNP.AC    0 (  0)   -370:T>G
  CYP2D6.1
  CYP2D6.1B
                   96829429:SNP.GT    0 (  0)   -271:C>A
== Copy Number Estimator ==
CNV factor: 1.91486546244 (0.522229900541)
Coverage per region
  region:  2D6  2D7
  0i   :  2.22
  1e   :  1.99
  1i   :  1.98
  2e   :  2.06
  2i   :  1.94
  3e   :  2.07
  3i   :  2.14
  4e   :  2.05
  4i   :  2.11
  5e   :  1.99
  5i   :  2.02
  6e   :  2.07
  6i   :  2.04
  7e   :  2.05
  7i   :  1.87
  8e   :  2.07
  8i   :  2.20
  9e   :  1.90
Max. CN = 2
M  Sentinel contraint for 1: A_1^ <= A_1
M  Contraint for 7e: 2.0521094251 == E_7e + <gurobi.LinExpr: A1 + A1^>
M  Contraint for 6e: 2.07402327612 == E_6e + <gurobi.LinExpr: A1 + A1^>
M  Contraint for 9e: 1.90061485587 == E_9e + <gurobi.LinExpr: A1 + A1^>
M  Contraint for 8e: 2.0650035115 == E_8e + <gurobi.LinExpr: A1 + A1^>
M  Contraint for 2e: 2.0647222652 == E_2e + <gurobi.LinExpr: A1 + A1^>
M  Contraint for 1e: 1.99150365591 == E_1e + <gurobi.LinExpr: A1 + A1^>
M  Contraint for 5e: 1.98859598685 == E_5e + <gurobi.LinExpr: A1 + A1^>
M  Contraint for 4e: 2.04732820308 == E_4e + <gurobi.LinExpr: A1 + A1^>
M  Contraint for 3e: 2.06789215855 == E_3e + <gurobi.LinExpr: A1 + A1^>
M  Objective: <gurobi.LinExpr: C11 + C12 + C13 + C14 + C15 + C16 + C17 + C18 + C19 + 0.5 A1 + 0.5 A1^>
CN Solver status: optimal, opt: 1.49036434092
  Solutions:
    ('1', '1^')
== Initial Solver ==
Solving Counter({'1': 2})
Possible candidates:
  CYP2D6.1
M  Max. CN for 1 = 2
M  CN contraint for 1: 2 == <gurobi.LinExpr: 1 + 1_2>
M  Sentinel contraint for 1: A_1_2 <= A_1
M  Objective: 0
CN Solver status: optimal, opt: 0.0
  solution:
    ('1', '1')
[32;01mCopy number best structures:[39;49;00m
[32;01m  (1) 2x*1-like[39;49;00m
== Refiner ==
Refining ('1', '1')
M  Sentinel constraint for 1: A_1_2 <= A_1
M  Sentinel constraint for 1C: A_1C_2 <= A_1C
M  Sentinel constraint for 1B: A_1B_2 <= A_1B
M  CN constraint for 1: 2 == <gurobi.LinExpr: 1C + 1 + 1B_2 + 1B + 1_2 + 1C_2>
M  Contraint for 96829429:SNP.GT : 0 == <gurobi.QuadExpr: 0.0 + [ 0.0 REG_1B_2_96829429:SNP.GT * 1B_2 + 0.0 EXT_1_96829429:SNP.GT * 1 + 0.0 EXT_1C_96829429:SNP.GT * 1C + 0.0 REG_1B_96829429:SNP.GT * 1B + 0.0 EXT_1_2_96829429:SNP.GT * 1_2 + 0.0 EXT_1C_2_96829429:SNP.GT * 1C_2 ]> + err
M  Contraint for 96829528:SNP.AC : 0 == <gurobi.QuadExpr: 0.0 + [ 0.0 EXT_1B_2_96829528:SNP.AC * 1B_2 + 0.0 EXT_1_96829528:SNP.AC * 1 + 0.0 REG_1C_96829528:SNP.AC * 1C + 0.0 EXT_1B_96829528:SNP.AC * 1B + 0.0 EXT_1_2_96829528:SNP.AC * 1_2 + 0.0 REG_1C_2_96829528:SNP.AC * 1C_2 ]> + err
M  Contraint for 96829429:REF : 416 == <gurobi.QuadExpr: 0.0 + [ -0.0 REG_1B_2_96829429:SNP.GT * 1B_2 + -0.0 EXT_1_96829429:SNP.GT * 1 + -0.0 EXT_1C_96829429:SNP.GT * 1C + -0.0 REG_1B_96829429:SNP.GT * 1B + -0.0 EXT_1_2_96829429:SNP.GT * 1_2 + -0.0 EXT_1C_2_96829429:SNP.GT * 1C_2 ]> + err
M  Contraint for 96829528:REF : 127 == <gurobi.QuadExpr: 0.0 + [ -0.0 EXT_1B_2_96829528:SNP.AC * 1B_2 + -0.0 EXT_1_96829528:SNP.AC * 1 + -0.0 REG_1C_96829528:SNP.AC * 1C + -0.0 EXT_1B_96829528:SNP.AC * 1B + -0.0 EXT_1_2_96829528:SNP.AC * 1_2 + -0.0 REG_1C_2_96829528:SNP.AC * 1C_2 ]> + err
M  Contraint for MM[missing] 1C 96829528:SNP.AC: <gurobi.Var 1C> >= <gurobi.Var REG_1C_96829528:SNP.AC>
M  Contraint for MM[missing] 1B_2 96829429:SNP.GT: <gurobi.Var 1B_2> >= <gurobi.Var REG_1B_2_96829429:SNP.GT>
M  Contraint for MM[missing] 1B 96829429:SNP.GT: <gurobi.Var 1B> >= <gurobi.Var REG_1B_96829429:SNP.GT>
M  Contraint for MM[missing] 1C_2 96829528:SNP.AC: <gurobi.Var 1C_2> >= <gurobi.Var REG_1C_2_96829528:SNP.AC>
M  Contraint for MA[extra] 1C 96829429:SNP.GT: <gurobi.Var 1C> >= <gurobi.Var EXT_1C_96829429:SNP.GT>
M  Contraint for MA[extra] 1 96829429:SNP.GT: <gurobi.Var 1> >= <gurobi.Var EXT_1_96829429:SNP.GT>
M  Contraint for MA[extra] 1 96829528:SNP.AC: <gurobi.Var 1> >= <gurobi.Var EXT_1_96829528:SNP.AC>
M  Contraint for MA[extra] 1B_2 96829528:SNP.AC: <gurobi.Var 1B_2> >= <gurobi.Var EXT_1B_2_96829528:SNP.AC>
M  Contraint for MA[extra] 1B 96829528:SNP.AC: <gurobi.Var 1B> >= <gurobi.Var EXT_1B_96829528:SNP.AC>
M  Contraint for MA[extra] 1_2 96829429:SNP.GT: <gurobi.Var 1_2> >= <gurobi.Var EXT_1_2_96829429:SNP.GT>
M  Contraint for MA[extra] 1_2 96829528:SNP.AC: <gurobi.Var 1_2> >= <gurobi.Var EXT_1_2_96829528:SNP.AC>
M  Contraint for MA[extra] 1C_2 96829429:SNP.GT: <gurobi.Var 1C_2> >= <gurobi.Var EXT_1C_2_96829429:SNP.GT>
M  Objective: <gurobi.LinExpr: C22 + C23 + C24 + C25 + EXT_1B_2_96829528:SNP.AC + EXT_1_96829429:SNP.GT + EXT_1_96829528:SNP.AC + EXT_1C_96829429:SNP.GT + EXT_1B_96829528:SNP.AC + EXT_1_2_96829429:SNP.GT + EXT_1_2_96829528:SNP.AC + EXT_1C_2_96829429:SNP.GT + W>
M  Contraint for 96829429:SNP.GT: 0 >= <gurobi.LinExpr: REG_1B_2_96829429:SNP.GT + REG_1B_96829429:SNP.GT>
M  Contraint for 96829528:SNP.AC: 0 >= <gurobi.LinExpr: REG_1C_96829528:SNP.AC + REG_1C_2_96829528:SNP.AC>
M  Contraint for 96829429:SNP.GT: 0 >= <gurobi.LinExpr: REG_1B_2_96829429:SNP.GT + REG_1B_96829429:SNP.GT>
M  Contraint for 96829528:SNP.AC: 0 >= <gurobi.LinExpr: REG_1C_96829528:SNP.AC + REG_1C_2_96829528:SNP.AC>
M  Contraint for 96829429:SNP.GT: 0 <= <gurobi.QuadExpr: 0.0 + [ REG_1B_2_96829429:SNP.GT * 1B_2 + REG_1B_96829429:SNP.GT * 1B + EXT_1_96829429:SNP.GT * 1 + EXT_1C_96829429:SNP.GT * 1C + EXT_1_2_96829429:SNP.GT * 1_2 + EXT_1C_2_96829429:SNP.GT * 1C_2 ]> <= 0
M  Contraint for 96829528:SNP.AC: 0 <= <gurobi.QuadExpr: 0.0 + [ REG_1C_96829528:SNP.AC * 1C + REG_1C_2_96829528:SNP.AC * 1C_2 + EXT_1B_2_96829528:SNP.AC * 1B_2 + EXT_1_96829528:SNP.AC * 1 + EXT_1B_96829528:SNP.AC * 1B + EXT_1_2_96829528:SNP.AC * 1_2 ]> <= 0
CN Solver status: optimal, opt: 543.0
  1: 1
  1_2: 1
Missing:
  1: 1
  1_2: 1
Extra:
  1: 1
  1_2: 1
Time needed: (7.1)
Result is: [('1', '1')]
