SAM file: bams/NA19200.bam
File bams/NA19200.bam has index
Coverage is 416.878507107
== Allele Filter ==
Refining indel 42524213:INS.g: from 5 of 395.0 to 8 (indel:total = 5:225)
Refining indel 42527886:INS.t: from 24 of 281.0 to 38 (indel:total = 24:175)
 6.rep  42520426: SNP.CG                   97 ( 31%) ~    97 (100)
 6.rep  42521293: SNP.GA                  205 ( 67%) ~   202 ( 99)
 6.rep  42521623: SNP.CG                   28 (  8%) ~    28 (100)
 6.rep  42521625: DEL.GGGTGGGGAA               36 ( 10%) ~     0 (  0)
 6.rep  42521628: SNP.TG                   27 (  9%) ~    23 ( 85)
 6.rep  42521634: SNP.AG                   28 (  9%) ~    28 (100)
 6.rep  42521638: SNP.TG                   29 (  8%) ~    22 ( 76)
 6.rep  42521648: SNP.TG                   39 ( 10%) ~    30 ( 77)
 6.ins  42522137: INS.tgt                 226 ( 87%) ~     8 (  4)
 6.ins  42522497: SNP.GA                  135 ( 31%) ~   135 (100)
 6.8i   42522757: SNP.TC                   58 ( 22%) ~    58 (100)
 6.7i   42523210: SNP.TC     3582:A>G      28 (  7%) ~    26 ( 93)
 6.7i   42523240: SNP.GA                   30 (  7%) ~    28 ( 93)
 6.7i   42523247: INS.t                    30 (  7%) ~    29 ( 97)
 6.7i   42523308: SNP.CT                   55 ( 12%) ~    27 ( 49)
 6.7i   42523314: SNP.TC                  105 ( 21%) ~    30 ( 29)
 6.7i   42523408: SNP.TG     3384:A>C     554 ( 60%) ~    81 ( 15)
 6.7e   42523482: SNP.CT                   70 ( 11%) ~     9 ( 13)
 6.7e   42523538: SNP.AG     3254:T>C     209 ( 36%) ~    35 ( 17)
 6.7e   42523635: SNP.CA                   54 ( 14%) ~     7 ( 13)
 6.5i   42524079: SNP.TG                   42 (  8%) ~     1 (  2)
 6.5i   42524142: SNP.AC                   29 (  6%) ~     0 (  0)
 6.4e   42524923: SNP.AG     1869:T>C      40 ( 12%) ~    39 ( 98)
 6.2i   42525504: SNP.CG                  290 (100%) ~     0 (  0)
 6.2i   42525505: SNP.GC                  288 (100%) ~     0 (  0)
 6.2i   42525727: SNP.AC                  321 (100%) ~     1 (  0)
 6.2e   42525799: SNP.TG                   20 (  8%) ~     0 (  0)
 6.2e   42525810: SNP.TC     984:A>G       17 (  6%) ~    17 (100)
 6.1i   42525951: SNP.AC     843:T>G      563 (100%) ~   455 ( 81)
 6.1i   42526048: SNP.GC     746:C>G      175 ( 28%) ~   175 (100)
 6.1i   42526483: SNP.CA     310:G>T      412 (100%) ~     0 (  0)
 6.1i   42526523: SNP.GA                   43 ( 13%) ~    33 ( 77)
 6.1i   42526548: SNP.TC     CYP2D7:i1:5491    83 ( 26%) ~    41 ( 49)
 6.1i   42526560: SNP.TG     CYP2D7:i1:5503    90 ( 30%) ~    48 ( 53)
 6.1i   42526561: SNP.CG     CYP2D7:i1:5504    90 ( 31%) ~    48 ( 53)
 6.1i   42526566: SNP.AG     CYP2D7:i1:5509    91 ( 30%) ~    48 ( 53)
 6.1i   42526570: SNP.GC     CYP2D7:i1:5513    90 ( 31%) ~    47 ( 52)
 6.1i   42526572: SNP.GT     CYP2D7:i1:5515    90 ( 29%) ~    48 ( 53)
 6.1i   42526579: SNP.CG     214:G>C       90 ( 29%) ~    48 ( 53)
 6.0i   42527470: SNP.CT     -678:G>A     123 ( 30%) ~   123 (100)
 6.0i   42527886: INS.t      -1094:insA    38 ( 14%) ~     0 (  0)
 6.0i   42527955: SNP.AC                    7 (  7%) ~     0 (  0)
 6.0i   42527966: SNP.GC                    5 (  5%) ~     0 (  0)
 6.0i   42527975: SNP.TG                   13 ( 15%) ~     0 (  0)
 6.0i   42527978: SNP.AC                    8 (  9%) ~     0 (  0)
 6.0i   42527978: SNP.AG                   14 ( 16%) ~     0 (  0)
 6.0i   42527984: SNP.TC                   13 ( 15%) ~     0 (  0)
 6.0i   42527985: SNP.GC                   10 ( 12%) ~     0 (  0)
 6.0i   42527988: SNP.TC                   21 ( 26%) ~     0 (  0)
 6.0i   42527994: SNP.GA                    5 (  6%) ~     0 (  0)
 6.0i   42527995: SNP.TG                    8 ( 10%) ~     0 (  0)
 6.0i   42527998: SNP.CG                    7 (  9%) ~     0 (  0)
 6.0i   42527999: SNP.TG                    8 ( 10%) ~     0 (  0)
 6.0i   42528003: SNP.AG                   11 ( 15%) ~     0 (  0)
 6.0i   42528011: SNP.CG                    4 (  5%) ~     0 (  0)
 6.0i   42528012: SNP.AC                   26 ( 35%) ~     0 (  0)
 6.0i   42528015: SNP.AC                   38 ( 51%) ~     0 (  0)
 6.0i   42528019: SNP.AC                   18 ( 27%) ~     0 (  0)
 6.0i   42528020: SNP.GC                   13 ( 21%) ~     0 (  0)
 6.0i   42528023: SNP.TC                    6 ( 10%) ~     0 (  0)
 6.0i   42528024: SNP.AC                    4 (  6%) ~     0 (  0)
 6.0i   42528026: SNP.TC                    3 (  6%) ~     0 (  0)
 6.0i   42528026: DEL.TTCTTT                3 (  6%) ~     0 (  0)
 6.0i   42528026: DEL.TTCT                  7 ( 13%) ~     0 (  0)
 6.0i   42528027: SNP.TC     -1235:A>G      6 ( 15%) ~     0 (  0)
 6.0i   42528027: DEL.TC                    7 ( 18%) ~     0 (  0)
 6.0i   42528027: SNP.TA                    2 (  5%) ~     0 (  0)
 6.0i   42528028: SNP.CT                    2 (  6%) ~     0 (  0)
 6.0i   42528031: SNP.TA                    3 (  6%) ~     0 (  0)
 7.rep  42531699: SNP.CT                  249 (100%) ~   127 ( 51)
 7.rep  42531791: SNP.TC                  265 (100%) ~   216 ( 82)
 7.rep  42532266: SNP.TC                  355 (100%) ~   355 (100)
 7.rep  42532582: SNP.CG                   91 ( 30%) ~    91 (100)
 7.rep  42532958: SNP.AG                  323 (100%) ~   323 (100)
 7.rep  42533449: SNP.GA                  240 ( 68%) ~   240 (100)
 7.rep  42533779: SNP.CG                   15 (  7%) ~    15 (100)
 7.rep  42533781: DEL.GGGTGGGGAA               15 (  7%) ~     0 (  0)
 7.rep  42533784: SNP.TG                   17 (  9%) ~    16 ( 94)
 7.rep  42533790: SNP.AG                   10 (  6%) ~    10 (100)
 7.rep  42533794: SNP.TG                   15 (  8%) ~    15 (100)
 7.rep  42533800: SNP.AG                   12 (  7%) ~    12 (100)
 7.rep  42533804: SNP.TG                   13 (  7%) ~    12 ( 92)
 7.rep  42533810: SNP.AG                   11 (  7%) ~    11 (100)
 7.rep  42533904: SNP.AG                  153 (100%) ~     1 (  1)
 7.rep  42534050: SNP.AG                  520 (100%) ~     1 (  0)
 7.rep  42534074: SNP.GA                  567 (100%) ~     0 (  0)
 7.pce  42534125: SNP.GT                  443 (100%) ~     0 (  0)
 7.pce  42534275: SNP.CG                  151 (100%) ~     0 (  0)
 7.pce  42534396: SNP.TG                   12 ( 14%) ~     0 (  0)
 7.pce  42534409: SNP.AC                   11 ( 13%) ~     0 (  0)
 7.pce  42534428: SNP.AC                    4 (  5%) ~     0 (  0)
 7.pce  42534455: SNP.AC                    6 (  6%) ~     0 (  0)
 7.pce  42534470: SNP.AC                    6 (  5%) ~     0 (  0)
 7.pce  42534522: SNP.AC                    7 (  6%) ~     0 (  0)
 7.pce  42534599: SNP.TC                   97 (100%) ~     0 (  0)
 7.pce  42534681: SNP.TC                   89 (100%) ~     0 (  0)
 7.pce  42534864: DEL.TG                   14 (100%) ~     0 (  0)
 7.ins  42535775: INS.aggt                306 ( 40%) ~     4 (  1)
 7.ins  42535817: SNP.AG                   76 (  9%) ~     8 ( 11)
 7.ins  42536210: SNP.GA                  684 ( 86%) ~   154 ( 23)
 7.9e   42536410: SNP.TG                   53 ( 10%) ~     0 (  0)
 7.8i   42536470: SNP.TC                  221 ( 43%) ~    52 ( 24)
 7.8e   42536652: SNP.TC                   99 ( 11%) ~    68 ( 69)
 7.7i   42536923: SNP.CT                   40 (  6%) ~    22 ( 55)
 7.7i   42537114: SNP.CT                  216 (100%) ~   105 ( 49)
 7.7i   42537119: INS.a                   194 ( 93%) ~   101 ( 52)
 7.7i   42537126: SNP.AG                  215 (100%) ~    92 ( 43)
 7.7e   42537195: SNP.TC                  137 ( 29%) ~     2 (  1)
 7.7e   42537217: SNP.TC                  122 ( 24%) ~     4 (  3)
 7.7e   42537226: SNP.TC                  122 ( 24%) ~     6 (  5)
 7.6i   42537403: SNP.GC                  651 (100%) ~     0 (  0)
 7.6e   42537596: SNP.AG                  262 ( 42%) ~     0 (  0)
 7.5i   42537720: SNP.CT                  354 ( 48%) ~     1 (  0)
 7.5i   42537781: SNP.TG                   87 ( 10%) ~     0 (  0)
 7.5i   42537791: SNP.GA                  423 ( 47%) ~     2 (  0)
 7.4i   42538102: SNP.TC                  384 ( 48%) ~     2 (  1)
 7.4i   42538228: SNP.GA                  416 ( 48%) ~     1 (  0)
 7.4i   42538398: SNP.CT                  396 ( 49%) ~     4 (  1)
 7.4e   42538507: SNP.AG                  328 ( 50%) ~     3 (  1)
 7.4e   42538508: SNP.GA                  323 ( 50%) ~     3 (  1)
 7.4e   42538514: INS.c                   295 ( 45%) ~     3 (  1)
 7.4e   42538617: SNP.AG                  226 ( 42%) ~    20 (  9)
 7.3i   42538703: SNP.GT                  241 ( 50%) ~     7 (  3)
 7.3e   42538875: SNP.AT                  407 (100%) ~     0 (  0)
 7.2i   42539104: SNP.TC                   29 (  6%) ~     0 (  0)
 7.2i   42539113: SNP.TC                   35 (  8%) ~     0 (  0)
 7.2i   42539117: SNP.GC                   26 (  6%) ~     0 (  0)
 7.2i   42539128: SNP.GC                   21 (  5%) ~     0 (  0)
 7.2i   42539139: SNP.AG                   29 (  7%) ~     0 (  0)
 7.2i   42539147: SNP.TC                   43 ( 12%) ~     0 (  0)
 7.2i   42539157: SNP.CT                  170 ( 47%) ~     0 (  0)
 7.2e   42539463: SNP.TG                   37 ( 11%) ~     0 (  0)
 7.2e   42539470: SNP.TG                   22 (  6%) ~     0 (  0)
 7.2e   42539485: SNP.TG                   31 (  8%) ~     0 (  0)
 7.2e   42539491: SNP.TG                  163 ( 45%) ~    11 (  7)
 7.1i   42539719: SNP.CG                  377 ( 60%) ~   350 ( 93)
 7.1i   42540210: SNP.AC                  403 ( 47%) ~    37 (  9)
 7.1e   42540367: SNP.TG                   58 (  9%) ~     0 (  0)
 7.0i   42541142: SNP.TC                  118 ( 14%) ~   117 ( 99)
 7.0i   42541201: SNP.CT                   65 (  8%) ~    65 (100)
 7.0i   42542291: INS.a                     5 (  7%) ~     0 (  0)
 7.0i   42542869: SNP.GA                  205 ( 45%) ~     0 (  0)
 7.0i   42543027: SNP.GA                    9 (  7%) ~     0 (  0)
 7.0i   42543036: SNP.TA                    7 (  7%) ~     0 (  0)
 7.0i   42543039: SNP.TA                    8 (  8%) ~     0 (  0)
 7.0i   42543043: SNP.AC                   11 ( 11%) ~     0 (  0)
 7.0i   42543049: SNP.GA                    7 (  7%) ~     0 (  0)
 7.0i   42543054: SNP.TA                    9 (  9%) ~     0 (  0)
 7.0i   42543056: SNP.AC                   18 ( 19%) ~     0 (  0)
 7.0i   42543059: SNP.TC                    5 (  5%) ~     0 (  0)
 7.0i   42543064: SNP.TA                    7 (  7%) ~     0 (  0)
 7.0i   42543073: SNP.GA                   14 ( 15%) ~     0 (  0)
 7.0i   42543075: SNP.CA                   11 ( 12%) ~     0 (  0)
 7.0i   42543078: SNP.GA                    8 (  9%) ~     0 (  0)
 7.0i   42543079: SNP.GA                    5 (  6%) ~     0 (  0)
 7.0i   42543080: INS.aa                    5 (  5%) ~     0 (  0)
 7.0i   42543080: INS.a                    30 ( 32%) ~     0 (  0)
 7.0i   42543094: SNP.GA                   19 ( 21%) ~     0 (  0)
 7.0i   42543096: SNP.GA                   21 ( 23%) ~     0 (  0)
 7.0i   42543099: SNP.GA                   18 ( 20%) ~     0 (  0)
 7.0i   42543103: SNP.AC                    8 (  9%) ~     0 (  0)
 7.0i   42543104: SNP.CA                   12 ( 13%) ~     0 (  0)
 7.0i   42543109: SNP.CA                   15 ( 16%) ~     0 (  0)
 7.0i   42543112: SNP.TG                   23 ( 24%) ~     0 (  0)
 7.0i   42543114: SNP.AG                    7 (  7%) ~     0 (  0)
 7.0i   42543115: SNP.GA                   12 ( 12%) ~     0 (  0)
 7.0i   42543120: SNP.GA                   18 ( 18%) ~     0 (  0)
 7.0i   42543124: SNP.TA                   19 ( 18%) ~     0 (  0)
 7.0i   42543127: SNP.CA                   19 ( 18%) ~     0 (  0)
 7.0i   42543132: SNP.TA                   14 ( 13%) ~     0 (  0)
 7.0i   42543134: SNP.GA                    9 (  8%) ~     0 (  0)
 7.0i   42543135: SNP.CA                    7 (  7%) ~     0 (  0)
 7.0i   42543141: SNP.TA                   16 ( 15%) ~     0 (  0)
 7.0i   42543159: SNP.TA                    7 (  6%) ~     0 (  0)
 7.0i   42543446: SNP.TC                   71 (100%) ~     1 (  1)
 7.0i   42543447: SNP.GA                   70 (100%) ~     1 (  1)
 7.0i   42543450: SNP.GA                   74 (100%) ~     1 (  1)
 7.0i   42544049: SNP.GA                  416 (100%) ~     0 (  0)
 7.0i   42544514: SNP.AC                   15 (  6%) ~     0 (  0)
 7.0i   42544515: INS.acacac               27 ( 10%) ~     0 (  0)
 7.0i   42544515: DEL.ACAC                 49 ( 19%) ~     0 (  0)
 7.0i   42544515: DEL.ACACAC               20 (  8%) ~     0 (  0)
 7.0i   42544515: INS.acac                 26 ( 10%) ~     0 (  0)
 7.0i   42544554: SNP.TC                   30 (  6%) ~     0 (  0)
Removing 10B   6.1e 42526693:SNP.GA,  6.9e 42522612:SNP.CG
Removing 10A   6.1e 42526693:SNP.GA,  6.9e 42522612:SNP.CG
Removing 10D   6.1e 42526693:SNP.GA,  6.9e 42522612:SNP.CG
Removing 10DW  6.1e 42526693:SNP.GA,  6.9e 42522612:SNP.CG
Removing 10BW  6.1e 42526693:SNP.GA,  6.9e 42522612:SNP.CG
Removing 10AW  6.1e 42526693:SNP.GA,  6.9e 42522612:SNP.CG
Removing 100   6.1e 42526693:SNP.GA,  6.6e 42523964:DEL.G,  6.9e 42522612:SNP.CG
Removing 101   6.1e 42526693:SNP.GA,  6.6e 42523847:DEL.CACATCCGGATGTAGGATC,  6.9e 42522612:SNP.CG
Removing 102   6.2e 42525822:SNP.GA,  6.6e 42523942:SNP.GA,  6.9e 42522612:SNP.CG
Removing 103   6.2e 42525822:SNP.GA,  6.3e 42525043:SNP.TC,  6.6e 42523942:SNP.GA,  6.9e 42522612:SNP.CG
Removing 104   6.3e 42525072:SNP.TA,  6.6e 42523942:SNP.GA,  6.9e 42522612:SNP.CG
Removing 105   6.6e 42523942:SNP.GA,  6.7e 42523524:SNP.AG,  6.9e 42522612:SNP.CG
Removing 107   6.3e 42525133:SNP.CT
Removing 108   6.7e 42523566:SNP.TC,  6.7e 42523557:SNP.TC
Removing 109   6.5e 42524175:DEL.CTT,  6.7e 42523609:SNP.CT
Removing 11W   6.1i 42525911:SNP.CG,  6.6e 42523942:SNP.GA,  6.9e 42522612:SNP.CG,  6.0i 42528381:SNP.GC
Removing 11    6.1i 42525911:SNP.CG,  6.6e 42523942:SNP.GA,  6.9e 42522612:SNP.CG
Removing 12    6.1e 42526669:SNP.CT,  6.6e 42523942:SNP.GA,  6.9e 42522612:SNP.CG
Removing 14BW  6.3e 42525034:SNP.CT,  6.6e 42523942:SNP.GA,  6.9e 42522612:SNP.CG,  6.0i 42528381:SNP.GC
Removing 14AW  6.1e 42526693:SNP.GA,  6.3e 42525034:SNP.CT,  6.6e 42523942:SNP.GA,  6.9e 42522612:SNP.CG,  6.0i 42528381:SNP.GC
Removing 14B   6.3e 42525034:SNP.CT,  6.6e 42523942:SNP.GA,  6.9e 42522612:SNP.CG
Removing 14A   6.1e 42526693:SNP.GA,  6.3e 42525034:SNP.CT,  6.6e 42523942:SNP.GA,  6.9e 42522612:SNP.CG
Removing 15    6.1e 42526656:INS.a
Removing 17    6.2e 42525771:SNP.GA,  6.6e 42523942:SNP.GA,  6.9e 42522612:SNP.CG
Removing 17W   6.2e 42525771:SNP.GA,  6.6e 42523942:SNP.GA,  6.9e 42522612:SNP.CG
Removing 18    6.9e 42522667:INS.agtgggcac
Removing 19    6.5e 42524250:DEL.AGTT,  6.6e 42523942:SNP.GA,  6.9e 42522612:SNP.CG
Removing 2KW   6.6e 42523942:SNP.GA,  6.9e 42522612:SNP.CG,  6.0i 42528381:SNP.GC
Removing 2D    6.6e 42523942:SNP.GA,  6.9e 42522612:SNP.CG
Removing 2E    6.6e 42523942:SNP.GA,  6.9e 42522612:SNP.CG
Removing 2F    6.6e 42523942:SNP.GA,  6.9e 42522612:SNP.CG
Removing 2G    6.6e 42523942:SNP.GA,  6.9e 42522612:SNP.CG
Removing 2A    6.0i 42528381:SNP.GC,  6.6e 42523942:SNP.GA,  6.9e 42522612:SNP.CG
Removing 2B    6.6e 42523942:SNP.GA,  6.9e 42522612:SNP.CG
Removing 2C    6.6e 42523942:SNP.GA,  6.9e 42522612:SNP.CG
Removing 2L    6.6e 42523942:SNP.GA,  6.9e 42522612:SNP.CG
Removing 2M    6.6e 42523942:SNP.GA,  6.9e 42522612:SNP.CG
Removing 2H    6.6e 42523942:SNP.GA,  6.9e 42522612:SNP.CG
Removing 2K    6.6e 42523942:SNP.GA,  6.9e 42522612:SNP.CG
Removing 2CW   6.6e 42523942:SNP.GA,  6.9e 42522612:SNP.CG,  6.0i 42528381:SNP.GC
Removing 2AW   6.0i 42528381:SNP.GC,  6.6e 42523942:SNP.GA,  6.9e 42522612:SNP.CG
Removing 2FW   6.6e 42523942:SNP.GA,  6.9e 42522612:SNP.CG,  6.0i 42528381:SNP.GC
Removing 2HW   6.6e 42523942:SNP.GA,  6.9e 42522612:SNP.CG,  6.0i 42528381:SNP.GC
Removing 2DW   6.6e 42523942:SNP.GA,  6.9e 42522612:SNP.CG,  6.0i 42528381:SNP.GC
Removing 2GW   6.6e 42523942:SNP.GA,  6.9e 42522612:SNP.CG,  6.0i 42528381:SNP.GC
Removing 2MW   6.6e 42523942:SNP.GA,  6.9e 42522612:SNP.CG,  6.0i 42528381:SNP.GC
Removing 2BW   6.6e 42523942:SNP.GA,  6.9e 42522612:SNP.CG,  6.0i 42528381:SNP.GC
Removing 2LW   6.6e 42523942:SNP.GA,  6.9e 42522612:SNP.CG,  6.0i 42528381:SNP.GC
Removing 2EW   6.6e 42523942:SNP.GA,  6.9e 42522612:SNP.CG,  6.0i 42528381:SNP.GC
Removing 20    6.4e 42524819:INS.c,  6.4e 42524814:SNP.GA,  6.4e 42524813:SNP.AG,  6.6e 42523942:SNP.GA,  6.9e 42522612:SNP.CG
Removing 21B   6.0i 42528381:SNP.GC,  6.5e 42524213:INS.g,  6.6e 42523942:SNP.GA,  6.9e 42522612:SNP.CG
Removing 21A   6.0i 42528381:SNP.GC,  6.5e 42524213:INS.g,  6.6e 42523942:SNP.GA,  6.9e 42522612:SNP.CG
Removing 22    6.1e 42526711:SNP.GA
Removing 23    6.2e 42525837:SNP.GA
Removing 24    6.6e 42523939:SNP.TG
Removing 25    6.7e 42523594:SNP.GC
Removing 26    6.7e 42523515:SNP.AG
Removing 27    6.8e 42522939:SNP.CT
Removing 28    6.1e 42526774:SNP.CT,  6.3e 42525088:SNP.GC,  6.6e 42523942:SNP.GA,  6.9e 42522612:SNP.CG
Removing 28W   6.1e 42526774:SNP.CT,  6.3e 42525088:SNP.GC,  6.6e 42523942:SNP.GA,  6.9e 42522612:SNP.CG,  6.0i 42528381:SNP.GC
Removing 29    6.3e 42525133:SNP.CT,  6.6e 42523942:SNP.GA,  6.7e 42523609:SNP.CT,  6.9e 42522612:SNP.CG
Removing 3B    6.3e 42525043:SNP.TC,  6.5e 42524243:DEL.T
Removing 3A    6.5e 42524243:DEL.T
Removing 30    6.4e 42524929:INS.ggggcgaaa,  6.6e 42523942:SNP.GA,  6.9e 42522612:SNP.CG
Removing 31    6.0i 42528381:SNP.GC,  6.6e 42523942:SNP.GA,  6.9e 42522750:SNP.CT,  6.9e 42522612:SNP.CG
Removing 32    6.6e 42523942:SNP.GA,  6.8e 42522939:SNP.CT,  6.9e 42522612:SNP.CG
Removing 33    6.5e 42524309:SNP.CA
Removing 34    6.6e 42523942:SNP.GA
Removing 35B   6.0i 42528381:SNP.GC,  6.1e 42526762:SNP.CT,  6.6e 42523942:SNP.GA,  6.9e 42522612:SNP.CG
Removing 35A   6.0i 42528381:SNP.GC,  6.1e 42526762:SNP.CT,  6.6e 42523942:SNP.GA,  6.9e 42522612:SNP.CG
Removing 36    6.1e 42526693:SNP.GA
Removing 37    6.1e 42526693:SNP.GA,  6.4e 42524849:SNP.CT,  6.9e 42522612:SNP.CG
Removing 38    6.5e 42524202:DEL.AGTC
Removing 39    6.9e 42522612:SNP.CG
Removing 4GW   6.1e 42526693:SNP.GA,  6.2e 42525820:SNP.GT,  6.3i 42524946:SNP.CT,  6.6e 42523854:SNP.GA,  6.9e 42522612:SNP.CG
Removing 4HW   6.1e 42526693:SNP.GA,  6.2e 42525820:SNP.GT,  6.3i 42524946:SNP.CT,  6.8e 42522915:SNP.CG,  6.9e 42522612:SNP.CG
Removing 4FW   6.1e 42526693:SNP.GA,  6.2e 42525820:SNP.GT,  6.3i 42524946:SNP.CT,  6.4e 42524934:SNP.GA,  6.9e 42522612:SNP.CG
Removing 4KW   6.1e 42526693:SNP.GA,  6.3i 42524946:SNP.CT,  6.6e 42523942:SNP.GA,  6.9e 42522612:SNP.CG
Removing 4AW   6.1e 42526693:SNP.GA,  6.2e 42525820:SNP.GT,  6.3i 42524946:SNP.CT,  6.9e 42522612:SNP.CG
Removing 4N    6.1e 42526693:SNP.GA,  6.2e 42525820:SNP.GT,  6.3i 42524946:SNP.CT
Removing 4M    6.2e 42525820:SNP.GT,  6.3i 42524946:SNP.CT
Removing 4J    6.1e 42526693:SNP.GA,  6.2e 42525820:SNP.GT,  6.3i 42524946:SNP.CT
Removing 4K    6.1e 42526693:SNP.GA,  6.3i 42524946:SNP.CT,  6.6e 42523942:SNP.GA,  6.9e 42522612:SNP.CG
Removing 4H    6.1e 42526693:SNP.GA,  6.2e 42525820:SNP.GT,  6.3i 42524946:SNP.CT,  6.8e 42522915:SNP.CG,  6.9e 42522612:SNP.CG
Removing 4CW   6.1e 42526693:SNP.GA,  6.3i 42524946:SNP.CT,  6.8e 42522905:SNP.AG,  6.9e 42522612:SNP.CG
Removing 4D    6.1e 42526693:SNP.GA,  6.3i 42524946:SNP.CT,  6.9e 42522612:SNP.CG
Removing 4LW   6.1e 42526693:SNP.GA,  6.3i 42524946:SNP.CT,  6.9e 42522612:SNP.CG
Removing 4B    6.1e 42526693:SNP.GA,  6.2e 42525820:SNP.GT,  6.3i 42524946:SNP.CT,  6.9e 42522612:SNP.CG
Removing 4A    6.1e 42526693:SNP.GA,  6.2e 42525820:SNP.GT,  6.3i 42524946:SNP.CT,  6.9e 42522612:SNP.CG
Removing 4BW   6.1e 42526693:SNP.GA,  6.2e 42525820:SNP.GT,  6.3i 42524946:SNP.CT,  6.9e 42522612:SNP.CG
Removing 4JW   6.1e 42526693:SNP.GA,  6.2e 42525820:SNP.GT,  6.3i 42524946:SNP.CT
Removing 4L    6.1e 42526693:SNP.GA,  6.3i 42524946:SNP.CT,  6.9e 42522612:SNP.CG
Removing 4EW   6.1e 42526693:SNP.GA,  6.3i 42524946:SNP.CT,  6.9e 42522612:SNP.CG
Removing 4P    6.1e 42526693:SNP.GA,  6.2e 42525820:SNP.GT,  6.3i 42524946:SNP.CT,  6.5e 42524216:SNP.GA,  6.9e 42522612:SNP.CG
Removing 4F    6.1e 42526693:SNP.GA,  6.2e 42525820:SNP.GT,  6.3i 42524946:SNP.CT,  6.4e 42524934:SNP.GA,  6.9e 42522612:SNP.CG
Removing 4G    6.1e 42526693:SNP.GA,  6.2e 42525820:SNP.GT,  6.3i 42524946:SNP.CT,  6.6e 42523854:SNP.GA,  6.9e 42522612:SNP.CG
Removing 4E    6.1e 42526693:SNP.GA,  6.3i 42524946:SNP.CT,  6.9e 42522612:SNP.CG
Removing 4DW   6.1e 42526693:SNP.GA,  6.3i 42524946:SNP.CT,  6.9e 42522612:SNP.CG
Removing 4C    6.1e 42526693:SNP.GA,  6.3i 42524946:SNP.CT,  6.8e 42522905:SNP.AG,  6.9e 42522612:SNP.CG
Removing 40    6.2e 42525771:SNP.GA,  6.4e 42524929:INS.ggggcgaaaggggcgaaa,  6.6e 42523942:SNP.GA,  6.9e 42522612:SNP.CG
Removing 41    6.6e 42523942:SNP.GA,  6.6i 42523804:SNP.CT,  6.9e 42522612:SNP.CG
Removing 42    6.6e 42523942:SNP.GA,  6.7e 42523533:INS.ac,  6.9e 42522612:SNP.CG
Removing 43    6.1e 42526716:SNP.CT
Removing 44    6.1e 42526711:SNP.GA,  6.6i 42523842:SNP.CG
Removing 45A   6.3e 42525076:SNP.CT,  6.6e 42523942:SNP.GA,  6.9e 42522612:SNP.CG
Removing 45B   6.3e 42525076:SNP.CT,  6.6e 42523942:SNP.GA,  6.9e 42522612:SNP.CG
Removing 46    6.1e 42526716:SNP.CT,  6.3e 42525076:SNP.CT,  6.6e 42523942:SNP.GA,  6.9e 42522612:SNP.CG
Removing 47    6.1e 42526720:SNP.GA,  6.1e 42526693:SNP.GA,  6.9e 42522612:SNP.CG
Removing 48    6.2e 42525822:SNP.GA
Removing 49    6.1e 42526693:SNP.GA,  6.3e 42525181:SNP.AT,  6.9e 42522612:SNP.CG
Removing 50    6.3e 42525072:SNP.TG
Removing 51    6.0i 42528381:SNP.GC,  6.6e 42523942:SNP.GA,  6.7e 42523620:SNP.TG,  6.9e 42522612:SNP.CG
Removing 52    6.1e 42526693:SNP.GA,  6.8e 42522915:SNP.CT,  6.9e 42522612:SNP.CG
Removing 53    6.3e 42525181:SNP.AT,  6.3e 42525175:SNP.CA
Removing 54    6.1e 42526693:SNP.GA,  6.5e 42524236:SNP.GA,  6.9e 42522612:SNP.CG
Removing 55    6.6e 42523942:SNP.GA,  6.8e 42522957:SNP.TG,  6.9e 42522612:SNP.CG
Removing 56A   6.0i 42528381:SNP.GC,  6.6e 42523942:SNP.GA,  6.7e 42523591:SNP.GA,  6.9e 42522612:SNP.CG
Removing 56B   6.1e 42526693:SNP.GA,  6.7e 42523591:SNP.GA,  6.9e 42522612:SNP.CG
Removing 57    6.1e 42526693:SNP.GA,  6.2e 42525907:SNP.GA
Removing 58    6.2e 42525771:SNP.GA,  6.4e 42524929:INS.ggggcgaaa,  6.6e 42523942:SNP.GA,  6.9e 42522612:SNP.CG
Removing 59    6.6e 42523942:SNP.GA,  6.6e 42523853:SNP.CT,  6.9e 42522612:SNP.CG
Removing 6A    6.3e 42525085:DEL.A
Removing 6B    6.3e 42525085:DEL.A,  6.4e 42524816:SNP.CT
Removing 6C    6.3e 42525085:DEL.A,  6.4e 42524816:SNP.CT,  6.9e 42522612:SNP.CG
Removing 6D    6.3e 42525085:DEL.A
Removing 60    6.4e 42524905:INS.ta
Removing 62    6.9e 42522748:SNP.GA
Removing 63    6.0i 42528381:SNP.GC,  6.6e 42523942:SNP.GA
Removing 64    6.1e 42526693:SNP.GA,  6.2e 42525771:SNP.GA,  6.9e 42522612:SNP.CG
Removing 65    6.1e 42526693:SNP.GA,  6.6e 42523942:SNP.GA,  6.9e 42522612:SNP.CG
Removing 68    6.1e 42526693:SNP.GA
Removing 69    6.1e 42526693:SNP.GA,  6.6e 42523942:SNP.GA,  6.6i 42523804:SNP.CT,  6.9e 42522612:SNP.CG
Removing 7     6.6e 42523857:SNP.TG
Removing 70    6.3e 42525184:SNP.CT,  6.3e 42525133:SNP.CT,  6.7e 42523609:SNP.CT,  6.9e 42522612:SNP.CG
Removing 71    6.0i 42528381:SNP.GC,  6.1e 42526668:SNP.CT
Removing 72    6.1e 42526693:SNP.GA,  6.7e 42523474:SNP.CT,  6.9e 42522612:SNP.CG
Removing 73    6.2e 42525781:SNP.CT,  6.6e 42523942:SNP.GA,  6.9e 42522612:SNP.CG
Removing 74    6.2e 42525820:SNP.GT
Removing 75    6.9e 42522747:SNP.CT
Removing 8     6.3e 42525034:SNP.CA,  6.6e 42523942:SNP.GA,  6.9e 42522612:SNP.CG
Removing 81    6.5e 42524213:SNP.GA,  6.5e 42524186:SNP.CT,  6.5e 42524182:SNP.AT
Removing 82    6.2e 42525820:SNP.GT,  6.2e 42525780:SNP.AG,  6.2e 42525772:SNP.TA,  6.2e 42525771:SNP.GT,  6.2e 42525766:SNP.TC
Removing 84    6.5e 42524218:SNP.GT,  6.6e 42523942:SNP.GA,  6.9e 42522612:SNP.CG
Removing 85    6.6e 42523942:SNP.GA,  6.9e 42522635:SNP.AC,  6.9e 42522612:SNP.CG
Removing 86    6.5e 42524186:SNP.CT,  6.5e 42524182:SNP.AT
Removing 87    6.1e 42526779:SNP.GA,  6.1e 42526693:SNP.GA,  6.9e 42522612:SNP.CG
Removing 88    6.2e 42525780:SNP.AG,  6.9e 42522612:SNP.CG
Removing 89    6.3e 42525114:SNP.AG
Removing 9     6.5e 42524175:DEL.CTT
Removing 90    6.3e 42525099:SNP.TC
Removing 91    6.3e 42525057:SNP.CG,  6.6e 42523942:SNP.GA,  6.6i 42523804:SNP.CT
Removing 92    6.4e 42524797:DEL.G
Removing 93    6.5e 42524273:SNP.TG
Removing 94B   6.1e 42526693:SNP.GA,  6.7e 42523611:SNP.TC,  6.9e 42522612:SNP.CG
Removing 94A   6.1e 42526693:SNP.GA,  6.7e 42523611:SNP.TC,  6.9e 42522612:SNP.CG
Removing 95    6.1e 42526693:SNP.GA,  6.7e 42523458:SNP.CT,  6.9e 42522612:SNP.CG
Removing 96    6.8e 42522897:SNP.GA
Removing 97    6.9e 42522698:SNP.GT
Removing 98    6.6e 42523942:SNP.GA,  6.9e 42522682:SNP.GC,  6.9e 42522612:SNP.CG
Initial status
  CYP2D6.1B
    6.8e           42522964:SNP.CT    0 (  0)   3828:G>A
  CYP2D6.1E
    6.4e           42524923:SNP.AG   40 ( 12)   1869:T>C
  CYP2D6.1C
    6.4e           42524814:SNP.GA    0 (  0)   1978:C>T
  CYP2D6.1D
    6.5e           42524217:SNP.GT    0 (  0)   2575:C>A
  CYP2D6.1
  CYP2D6.13$1
  CYP2D6.16$1
  CYP2D6.5
  CYP2D6.61
  CYP2D6.67$1
  CYP2D6.76$1
  CYP2D6.77$1
  CYP2D6.78$1
  CYP2D6.79$1
  CYP2D6.80$1
  CYP2D6.83
    6.1i           42525951:SNP.AC  563 (100)   843:T>G
== Copy Number Estimator ==
CNV factor: 1.87791167561 (0.532506407509)
Coverage per region
  region:  2D6  2D7
  0i   :  1.05  1.98 
  1e   :  0.99  1.99 = -1.01
  1i   :  1.38  1.62 = -0.24
  2e   :  1.16  1.87 = -0.71
  2i   :  1.00  1.88 = -0.88
  3e   :  1.00  1.83 = -0.83
  3i   :  0.96  2.04 
  4e   :  0.76  2.95 
  4i   :  0.82  2.42 
  5e   :  0.94  2.09 = -1.15
  5i   :  1.03  1.89 = -0.86
  6e   :  0.92  1.95 = -1.03
  6i   :  0.87  1.95 = -1.08
  7e   :  1.21  1.94 
  7i   :  1.16  1.74 
  8e   :  1.17  1.69 
  8i   :  1.18  1.75 
  9e   :  1.00  1.92 = -0.92
  ins  :  1.07  1.77 
  pce  :  0.00  1.97 = -1.97
  rep  :  1.41  1.49 
Max. CN = 3
M  Sentinel contraint for 61: A_61^ <= A_61
M  Sentinel contraint for 67: A_67^ <= A_67
M  Sentinel contraint for 80: A_80^ <= A_80
M  Sentinel contraint for 1: A_1^ <= A_1
M  Sentinel contraint for 5: A_5^ <= A_5
M  Sentinel contraint for 77: A_77^ <= A_77
M  Sentinel contraint for 76: A_76^ <= A_76
M  Sentinel contraint for 79: A_79^ <= A_79
M  Sentinel contraint for 78: A_78^ <= A_78
M  Sentinel contraint for 13: A_13^ <= A_13
M  Sentinel contraint for 16: A_16^ <= A_16
M  Sentinel contraint for 36: A_36^ <= A_36
M  Sentinel contraint for 36: A_36_2 <= A_36
M  Sentinel contraint for 36: A_36_3 <= A_36_2
M  Sentinel contraint for 1: A_1_3 <= A_1_2
M  Contraint for 6e: -1.03299450273 == E_6e + <gurobi.LinExpr: 0.0 A5^ + -1.0 A5^ + A78^ + -0.0 A78^ + A1^ + -1.0 A1^ + A61 + -1.0 A61 + A1_3 + -0.0 A1_3 + A80^ + -0.0 A80^ + A67 + -0.0 A67 + A80 + -0.0 A80 + A67^ + -0.0 A67^ + A61^ + -1.0 A61^ + 0.0 A77^ + -1.0 A77^ + A1 + -1.0 A1 + 0.0 A16^ + -1.0 A16^ + 0.0 A5 + -1.0 A5 + A36_2 + -0.0 A36_2 + A36_3 + -0.0 A36_3 + A79^ + -0.0 A79^ + 0.0 A77 + -1.0 A77 + 0.0 A76 + -1.0 A76 + A79 + -0.0 A79 + A78 + -0.0 A78 + A36^ + -1.0 A36^ + A13 + -0.0 A13 + 0.0 A76^ + -1.0 A76^ + 0.0 A16 + -1.0 A16 + A36 + -1.0 A36 + A13^ + -0.0 A13^ + A1_2 + -0.0 A1_2>
M  Contraint for 5e: -1.15290750231 == E_5e + <gurobi.LinExpr: 0.0 A5^ + -1.0 A5^ + A78^ + -0.0 A78^ + A1^ + -1.0 A1^ + A61 + -1.0 A61 + A1_3 + -0.0 A1_3 + A80^ + -0.0 A80^ + 0.5 A67 + -0.5 A67 + A80 + -0.0 A80 + 0.5 A67^ + -0.5 A67^ + A61^ + -1.0 A61^ + 0.0 A77^ + -1.0 A77^ + A1 + -1.0 A1 + 0.0 A16^ + -1.0 A16^ + 0.0 A5 + -1.0 A5 + A36_2 + -0.0 A36_2 + A36_3 + -0.0 A36_3 + A79^ + -0.0 A79^ + 0.0 A77 + -1.0 A77 + 0.0 A76 + -1.0 A76 + A79 + -0.0 A79 + A78 + -0.0 A78 + A36^ + -1.0 A36^ + A13 + -0.0 A13 + 0.0 A76^ + -1.0 A76^ + 0.0 A16 + -1.0 A16 + A36 + -1.0 A36 + A13^ + -0.0 A13^ + A1_2 + -0.0 A1_2>
M  Contraint for 6i: -1.07913991255 == E_6i + <gurobi.LinExpr: 0.0 A5^ + -1.0 A5^ + A78^ + -0.0 A78^ + A1^ + -1.0 A1^ + A61 + -1.0 A61 + A1_3 + -0.0 A1_3 + A80^ + -0.0 A80^ + A67 + -0.0 A67 + A80 + -0.0 A80 + A67^ + -0.0 A67^ + A61^ + -1.0 A61^ + 0.0 A77^ + -1.0 A77^ + A1 + -1.0 A1 + 0.0 A16^ + -1.0 A16^ + 0.0 A5 + -1.0 A5 + A36_2 + -0.0 A36_2 + A36_3 + -0.0 A36_3 + A79^ + -0.0 A79^ + 0.0 A77 + -1.0 A77 + 0.0 A76 + -1.0 A76 + A79 + -0.0 A79 + A78 + -0.0 A78 + A36^ + -1.0 A36^ + A13 + -0.0 A13 + 0.0 A76^ + -1.0 A76^ + 0.0 A16 + -1.0 A16 + A36 + -1.0 A36 + A13^ + -0.0 A13^ + A1_2 + -0.0 A1_2>
M  Contraint for 9e: -0.918645127631 == E_9e + <gurobi.LinExpr: 0.0 A5^ + -1.0 A5^ + A78^ + -0.0 A78^ + A1^ + -1.0 A1^ + 0.0 A61 + -2.0 A61 + A1_3 + -0.0 A1_3 + A80^ + -0.0 A80^ + A67 + -0.0 A67 + A80 + -0.0 A80 + A67^ + -0.0 A67^ + 0.0 A61^ + -2.0 A61^ + A77^ + -0.0 A77^ + A1 + -1.0 A1 + A16^ + -0.0 A16^ + 0.0 A5 + -1.0 A5 + 0.0 A36_2 + -1.0 A36_2 + 0.0 A36_3 + -1.0 A36_3 + A79^ + -0.0 A79^ + A77 + -0.0 A77 + 0.5 A76 + -0.5 A76 + A79 + -0.0 A79 + A78 + -0.0 A78 + 0.0 A36^ + -2.0 A36^ + A13 + -0.0 A13 + 0.5 A76^ + -0.5 A76^ + A16 + -0.0 A16 + 0.0 A36 + -2.0 A36 + A13^ + -0.0 A13^ + A1_2 + -0.0 A1_2>
M  Contraint for 2e: -0.708057640998 == E_2e + <gurobi.LinExpr: 0.0 A5^ + -1.0 A5^ + 0.0 A78^ + -1.0 A78^ + A1^ + -1.0 A1^ + A61 + -1.0 A61 + A1_3 + -0.0 A1_3 + 0.0 A80^ + -1.0 A80^ + 0.0 A67 + -1.0 A67 + 0.0 A80 + -1.0 A80 + 0.0 A67^ + -1.0 A67^ + A61^ + -1.0 A61^ + 0.0 A77^ + -1.0 A77^ + A1 + -1.0 A1 + 0.0 A16^ + -1.0 A16^ + 0.0 A5 + -1.0 A5 + A36_2 + -0.0 A36_2 + A36_3 + -0.0 A36_3 + 0.5 A79^ + -0.5 A79^ + 0.0 A77 + -1.0 A77 + 0.0 A76 + -1.0 A76 + 0.5 A79 + -0.5 A79 + 0.0 A78 + -1.0 A78 + A36^ + -1.0 A36^ + A13 + -0.0 A13 + 0.0 A76^ + -1.0 A76^ + 0.0 A16 + -1.0 A16 + A36 + -1.0 A36 + A13^ + -0.0 A13^ + A1_2 + -0.0 A1_2>
M  Contraint for 1e: -1.00573795358 == E_1e + <gurobi.LinExpr: 0.0 A5^ + -1.0 A5^ + 0.0 A78^ + -1.0 A78^ + A1^ + -1.0 A1^ + A61 + -1.0 A61 + A1_3 + -0.0 A1_3 + 0.0 A80^ + -1.0 A80^ + 0.0 A67 + -1.0 A67 + 0.0 A80 + -1.0 A80 + 0.0 A67^ + -1.0 A67^ + A61^ + -1.0 A61^ + 0.0 A77^ + -1.0 A77^ + A1 + -1.0 A1 + 0.0 A16^ + -1.0 A16^ + 0.0 A5 + -1.0 A5 + A36_2 + -0.0 A36_2 + A36_3 + -0.0 A36_3 + 0.0 A79^ + -1.0 A79^ + 0.0 A77 + -1.0 A77 + 0.0 A76 + -1.0 A76 + 0.0 A79 + -1.0 A79 + 0.0 A78 + -1.0 A78 + A36^ + -1.0 A36^ + 0.0 A13 + -1.0 A13 + 0.0 A76^ + -1.0 A76^ + 0.0 A16 + -1.0 A16 + A36 + -1.0 A36 + 0.0 A13^ + -1.0 A13^ + A1_2 + -0.0 A1_2>
M  Contraint for 1i: -0.238796217282 == E_1i + <gurobi.LinExpr: 0.0 A5^ + -1.0 A5^ + 0.0 A78^ + -1.0 A78^ + A1^ + -1.0 A1^ + A61 + -1.0 A61 + A1_3 + -0.0 A1_3 + 0.0 A80^ + -1.0 A80^ + 0.0 A67 + -1.0 A67 + 0.0 A80 + -1.0 A80 + 0.0 A67^ + -1.0 A67^ + A61^ + -1.0 A61^ + 0.0 A77^ + -1.0 A77^ + A1 + -1.0 A1 + 0.0 A16^ + -1.0 A16^ + 0.0 A5 + -1.0 A5 + A36_2 + -0.0 A36_2 + A36_3 + -0.0 A36_3 + 0.0 A79^ + -1.0 A79^ + 0.0 A77 + -1.0 A77 + 0.0 A76 + -1.0 A76 + 0.0 A79 + -1.0 A79 + 0.0 A78 + -1.0 A78 + A36^ + -1.0 A36^ + 0.5 A13 + -0.5 A13 + 0.0 A76^ + -1.0 A76^ + 0.0 A16 + -1.0 A16 + A36 + -1.0 A36 + 0.5 A13^ + -0.5 A13^ + A1_2 + -0.0 A1_2>
M  Contraint for 5i: -0.863121309624 == E_5i + <gurobi.LinExpr: 0.0 A5^ + -1.0 A5^ + A78^ + -0.0 A78^ + A1^ + -1.0 A1^ + A61 + -1.0 A61 + A1_3 + -0.0 A1_3 + A80^ + -0.0 A80^ + A67 + -0.0 A67 + A80 + -0.0 A80 + A67^ + -0.0 A67^ + A61^ + -1.0 A61^ + 0.0 A77^ + -1.0 A77^ + A1 + -1.0 A1 + 0.0 A16^ + -1.0 A16^ + 0.0 A5 + -1.0 A5 + A36_2 + -0.0 A36_2 + A36_3 + -0.0 A36_3 + A79^ + -0.0 A79^ + 0.0 A77 + -1.0 A77 + 0.0 A76 + -1.0 A76 + A79 + -0.0 A79 + A78 + -0.0 A78 + A36^ + -1.0 A36^ + A13 + -0.0 A13 + 0.0 A76^ + -1.0 A76^ + 0.0 A16 + -1.0 A16 + A36 + -1.0 A36 + A13^ + -0.0 A13^ + A1_2 + -0.0 A1_2>
M  Contraint for 2i: -0.880492846725 == E_2i + <gurobi.LinExpr: 0.0 A5^ + -1.0 A5^ + 0.0 A78^ + -1.0 A78^ + A1^ + -1.0 A1^ + A61 + -1.0 A61 + A1_3 + -0.0 A1_3 + 0.5 A80^ + -0.5 A80^ + 0.0 A67 + -1.0 A67 + 0.5 A80 + -0.5 A80 + 0.0 A67^ + -1.0 A67^ + A61^ + -1.0 A61^ + 0.0 A77^ + -1.0 A77^ + A1 + -1.0 A1 + 0.0 A16^ + -1.0 A16^ + 0.0 A5 + -1.0 A5 + A36_2 + -0.0 A36_2 + A36_3 + -0.0 A36_3 + A79^ + -0.0 A79^ + 0.0 A77 + -1.0 A77 + 0.0 A76 + -1.0 A76 + A79 + -0.0 A79 + 0.0 A78 + -1.0 A78 + A36^ + -1.0 A36^ + A13 + -0.0 A13 + 0.0 A76^ + -1.0 A76^ + 0.0 A16 + -1.0 A16 + A36 + -1.0 A36 + A13^ + -0.0 A13^ + A1_2 + -0.0 A1_2>
M  Contraint for 3e: -0.832507891586 == E_3e + <gurobi.LinExpr: 0.0 A5^ + -1.0 A5^ + 0.0 A78^ + -1.0 A78^ + A1^ + -1.0 A1^ + A61 + -1.0 A61 + A1_3 + -0.0 A1_3 + A80^ + -0.0 A80^ + 0.0 A67 + -1.0 A67 + A80 + -0.0 A80 + 0.0 A67^ + -1.0 A67^ + A61^ + -1.0 A61^ + 0.0 A77^ + -1.0 A77^ + A1 + -1.0 A1 + 0.0 A16^ + -1.0 A16^ + 0.0 A5 + -1.0 A5 + A36_2 + -0.0 A36_2 + A36_3 + -0.0 A36_3 + A79^ + -0.0 A79^ + 0.0 A77 + -1.0 A77 + 0.0 A76 + -1.0 A76 + A79 + -0.0 A79 + 0.0 A78 + -1.0 A78 + A36^ + -1.0 A36^ + A13 + -0.0 A13 + 0.0 A76^ + -1.0 A76^ + 0.0 A16 + -1.0 A16 + A36 + -1.0 A36 + A13^ + -0.0 A13^ + A1_2 + -0.0 A1_2>
M  Contraint for pce: -1.96761988735 == E_pce + <gurobi.LinExpr: 0.0 A5^ + -1.0 A5^ + A78^ + -0.0 A78^ + 0.0 A1^ + -1.0 A1^ + 0.0 A61 + -2.0 A61 + 0.0 A1_3 + -0.0 A1_3 + A80^ + -0.0 A80^ + A67 + -0.0 A67 + A80 + -0.0 A80 + A67^ + -0.0 A67^ + 0.0 A61^ + -2.0 A61^ + A77^ + -0.0 A77^ + 0.0 A1 + -1.0 A1 + A16^ + -0.0 A16^ + 0.0 A5 + -1.0 A5 + 0.0 A36_2 + -1.0 A36_2 + 0.0 A36_3 + -1.0 A36_3 + A79^ + -0.0 A79^ + A77 + -0.0 A77 + A76 + -0.0 A76 + A79 + -0.0 A79 + A78 + -0.0 A78 + 0.0 A36^ + -2.0 A36^ + A13 + -0.0 A13 + A76^ + -0.0 A76^ + A16 + -0.0 A16 + 0.0 A36 + -2.0 A36 + A13^ + -0.0 A13^ + 0.0 A1_2 + -0.0 A1_2>
M  Objective: <gurobi.LinExpr: C39 + C40 + C41 + C42 + C43 + C44 + C45 + C46 + C47 + C48 + 1.5 C49 + 0.5 A5^ + 0.5 A78^ + 0.5 A1^ + 0.5 A61 + 0.5 A1_3 + 0.5 A80^ + 0.5 A67 + 0.5 A80 + 0.5 A67^ + 0.5 A61^ + 0.5 A77^ + 0.5 A1 + 0.5 A16^ + 0.5 A5 + 0.5 A36_2 + 0.5 A36_3 + 0.5 A79^ + 0.5 A36^ + 0.5 A76 + 0.5 A79 + 0.5 A78 + 0.5 A77 + 0.5 A13 + 0.5 A76^ + 0.5 A16 + 0.5 A36 + 0.5 A13^ + 0.5 A1_2 + 0.1 A78^ + 0.1 A80^ + 0.1 A67 + 0.1 A80 + 0.1 A67^ + 0.1 A77^ + 0.1 A16^ + 0.1 A79^ + 0.1 A76 + 0.1 A79 + 0.1 A78 + 0.1 A77 + 0.1 A13 + 0.1 A76^ + 0.1 A16 + 0.1 A13^>
CN Solver status: optimal, opt: 2.8777290063
  Solutions:
    ('1', '5')
== Initial Solver ==
Solving Counter({'1': 1})
Possible candidates:
  CYP2D6.1
M  Max. CN for 1 = 1
M  CN contraint for 1: 1 == <gurobi.LinExpr: 1>
M  Objective: 0
CN Solver status: optimal, opt: 0.0
  solution:
    ('1',)
[32;01mCopy number best structures:[39;49;00m
[32;01m  (1) 1x*1-like[39;49;00m
== Refiner ==
Refining ('1',)
M  CN constraint for 1: 1 == <gurobi.LinExpr: 1 + 1C + 1B + 1E + 1D>
M  Contraint for 42524814:REF 6.4e: 408 == <gurobi.QuadExpr: 408.0 1 + 408.0 1C + 408.0 1B + 408.0 1E + 408.0 1D + [ -408.0 EXT_1_42524814:SNP.GA * 1 + -408.0 REG_1C_42524814:SNP.GA * 1C + -408.0 EXT_1B_42524814:SNP.GA * 1B + -408.0 EXT_1E_42524814:SNP.GA * 1E + -408.0 EXT_1D_42524814:SNP.GA * 1D ]> + err
M  Contraint for 42524923:SNP.AG 6.4e: 0 == <gurobi.QuadExpr: 0.0 + [ 296.0 EXT_1_42524923:SNP.AG * 1 + 296.0 EXT_1C_42524923:SNP.AG * 1C + 296.0 EXT_1B_42524923:SNP.AG * 1B + 296.0 REG_1E_42524923:SNP.AG * 1E + 296.0 EXT_1D_42524923:SNP.AG * 1D ]> + err
M  Contraint for 42522964:SNP.CT 6.8e: 0 == <gurobi.QuadExpr: 0.0 + [ 272.0 EXT_1_42522964:SNP.CT * 1 + 272.0 EXT_1C_42522964:SNP.CT * 1C + 272.0 REG_1B_42522964:SNP.CT * 1B + 272.0 EXT_1E_42522964:SNP.CT * 1E + 272.0 EXT_1D_42522964:SNP.CT * 1D ]> + err
M  Contraint for 42524814:SNP.GA 6.4e: 0 == <gurobi.QuadExpr: 0.0 + [ 408.0 EXT_1_42524814:SNP.GA * 1 + 408.0 REG_1C_42524814:SNP.GA * 1C + 408.0 EXT_1B_42524814:SNP.GA * 1B + 408.0 EXT_1E_42524814:SNP.GA * 1E + 408.0 EXT_1D_42524814:SNP.GA * 1D ]> + err
M  Contraint for 42522964:REF 6.8e: 272 == <gurobi.QuadExpr: 272.0 1 + 272.0 1C + 272.0 1B + 272.0 1E + 272.0 1D + [ -272.0 EXT_1_42522964:SNP.CT * 1 + -272.0 EXT_1C_42522964:SNP.CT * 1C + -272.0 REG_1B_42522964:SNP.CT * 1B + -272.0 EXT_1E_42522964:SNP.CT * 1E + -272.0 EXT_1D_42522964:SNP.CT * 1D ]> + err
M  Contraint for 42524217:SNP.GT 6.5e: 0 == <gurobi.QuadExpr: 0.0 + [ 390.0 EXT_1_42524217:SNP.GT * 1 + 390.0 EXT_1C_42524217:SNP.GT * 1C + 390.0 EXT_1B_42524217:SNP.GT * 1B + 390.0 EXT_1E_42524217:SNP.GT * 1E + 390.0 REG_1D_42524217:SNP.GT * 1D ]> + err
M  Contraint for 42524923:REF 6.4e: 296 == <gurobi.QuadExpr: 296.0 1 + 296.0 1C + 296.0 1B + 296.0 1E + 296.0 1D + [ -296.0 EXT_1_42524923:SNP.AG * 1 + -296.0 EXT_1C_42524923:SNP.AG * 1C + -296.0 EXT_1B_42524923:SNP.AG * 1B + -296.0 REG_1E_42524923:SNP.AG * 1E + -296.0 EXT_1D_42524923:SNP.AG * 1D ]> + err
M  Contraint for 42524217:REF 6.5e: 390 == <gurobi.QuadExpr: 390.0 1 + 390.0 1C + 390.0 1B + 390.0 1E + 390.0 1D + [ -390.0 EXT_1_42524217:SNP.GT * 1 + -390.0 EXT_1C_42524217:SNP.GT * 1C + -390.0 EXT_1B_42524217:SNP.GT * 1B + -390.0 EXT_1E_42524217:SNP.GT * 1E + -390.0 REG_1D_42524217:SNP.GT * 1D ]> + err
M  Contraint for MM[missing] 1C 42524814:SNP.GA: <gurobi.Var 1C> >= <gurobi.Var REG_1C_42524814:SNP.GA>
M  Contraint for MM[missing] 1B 42522964:SNP.CT: <gurobi.Var 1B> >= <gurobi.Var REG_1B_42522964:SNP.CT>
M  Contraint for MM[missing] 1E 42524923:SNP.AG: <gurobi.Var 1E> >= <gurobi.Var REG_1E_42524923:SNP.AG>
M  Contraint for MM[missing] 1D 42524217:SNP.GT: <gurobi.Var 1D> >= <gurobi.Var REG_1D_42524217:SNP.GT>
M  Contraint for MA[extra] 1 42524814:SNP.GA: <gurobi.Var 1> >= <gurobi.Var EXT_1_42524814:SNP.GA>
M  Contraint for MA[extra] 1 42522964:SNP.CT: <gurobi.Var 1> >= <gurobi.Var EXT_1_42522964:SNP.CT>
M  Contraint for MA[extra] 1 42524217:SNP.GT: <gurobi.Var 1> >= <gurobi.Var EXT_1_42524217:SNP.GT>
M  Contraint for MA[extra] 1 42524923:SNP.AG: <gurobi.Var 1> >= <gurobi.Var EXT_1_42524923:SNP.AG>
M  Contraint for MA[extra] 1C 42522964:SNP.CT: <gurobi.Var 1C> >= <gurobi.Var EXT_1C_42522964:SNP.CT>
M  Contraint for MA[extra] 1C 42524217:SNP.GT: <gurobi.Var 1C> >= <gurobi.Var EXT_1C_42524217:SNP.GT>
M  Contraint for MA[extra] 1C 42524923:SNP.AG: <gurobi.Var 1C> >= <gurobi.Var EXT_1C_42524923:SNP.AG>
M  Contraint for MA[extra] 1B 42524814:SNP.GA: <gurobi.Var 1B> >= <gurobi.Var EXT_1B_42524814:SNP.GA>
M  Contraint for MA[extra] 1B 42524923:SNP.AG: <gurobi.Var 1B> >= <gurobi.Var EXT_1B_42524923:SNP.AG>
M  Contraint for MA[extra] 1B 42524217:SNP.GT: <gurobi.Var 1B> >= <gurobi.Var EXT_1B_42524217:SNP.GT>
M  Contraint for MA[extra] 1E 42524814:SNP.GA: <gurobi.Var 1E> >= <gurobi.Var EXT_1E_42524814:SNP.GA>
M  Contraint for MA[extra] 1E 42522964:SNP.CT: <gurobi.Var 1E> >= <gurobi.Var EXT_1E_42522964:SNP.CT>
M  Contraint for MA[extra] 1E 42524217:SNP.GT: <gurobi.Var 1E> >= <gurobi.Var EXT_1E_42524217:SNP.GT>
M  Contraint for MA[extra] 1D 42524814:SNP.GA: <gurobi.Var 1D> >= <gurobi.Var EXT_1D_42524814:SNP.GA>
M  Contraint for MA[extra] 1D 42522964:SNP.CT: <gurobi.Var 1D> >= <gurobi.Var EXT_1D_42522964:SNP.CT>
M  Contraint for MA[extra] 1D 42524923:SNP.AG: <gurobi.Var 1D> >= <gurobi.Var EXT_1D_42524923:SNP.AG>
M  Objective: <gurobi.LinExpr: C33 + C34 + C35 + C36 + C37 + C38 + C39 + C40 + EXT_1_42524814:SNP.GA + EXT_1_42522964:SNP.CT + EXT_1_42524217:SNP.GT + EXT_1_42524923:SNP.AG + EXT_1C_42522964:SNP.CT + EXT_1C_42524217:SNP.GT + EXT_1C_42524923:SNP.AG + EXT_1B_42524814:SNP.GA + EXT_1B_42524923:SNP.AG + EXT_1B_42524217:SNP.GT + EXT_1E_42524814:SNP.GA + EXT_1E_42522964:SNP.CT + EXT_1E_42524217:SNP.GT + EXT_1D_42524814:SNP.GA + EXT_1D_42522964:SNP.CT + EXT_1D_42524923:SNP.AG + W>
M  Contraint for 42524814:SNP.GA: 0 >= <gurobi.LinExpr: REG_1C_42524814:SNP.GA>
M  Contraint for 42522964:SNP.CT: 0 >= <gurobi.LinExpr: REG_1B_42522964:SNP.CT>
M  Contraint for 42524923:SNP.AG: 0 >= <gurobi.LinExpr: REG_1E_42524923:SNP.AG>
M  Contraint for 42524217:SNP.GT: 0 >= <gurobi.LinExpr: REG_1D_42524217:SNP.GT>
M  Contraint for 42524814:SNP.GA: 0 <= <gurobi.QuadExpr: 0.0 + [ REG_1C_42524814:SNP.GA * 1C + EXT_1_42524814:SNP.GA * 1 + EXT_1B_42524814:SNP.GA * 1B + EXT_1E_42524814:SNP.GA * 1E + EXT_1D_42524814:SNP.GA * 1D ]> <= 1
M  Contraint for 42522964:SNP.CT: 0 <= <gurobi.QuadExpr: 0.0 + [ REG_1B_42522964:SNP.CT * 1B + EXT_1_42522964:SNP.CT * 1 + EXT_1C_42522964:SNP.CT * 1C + EXT_1E_42522964:SNP.CT * 1E + EXT_1D_42522964:SNP.CT * 1D ]> <= 1
M  Contraint for 42524217:SNP.GT: 0 <= <gurobi.QuadExpr: 0.0 + [ REG_1D_42524217:SNP.GT * 1D + EXT_1_42524217:SNP.GT * 1 + EXT_1C_42524217:SNP.GT * 1C + EXT_1B_42524217:SNP.GT * 1B + EXT_1E_42524217:SNP.GT * 1E ]> <= 1
M  Contraint for 42524923:SNP.AG: 0 <= <gurobi.QuadExpr: 0.0 + [ REG_1E_42524923:SNP.AG * 1E + EXT_1_42524923:SNP.AG * 1 + EXT_1C_42524923:SNP.AG * 1C + EXT_1B_42524923:SNP.AG * 1B + EXT_1D_42524923:SNP.AG * 1D ]> <= 1
CN Solver status: optimal, opt: 0.0
  1: 1
Missing:
  1: 1
Extra:
  1: 1
Time needed: (31.1)
Result is: [('1', '5')]
