SAM file: bams/NA19201.bam
File bams/NA19201.bam has index
Coverage is 577.918124563
== Allele Filter ==
Refining indel 42524213:INS.g: from 9 of 825.0 to 16 (indel:total = 9:454)
Refining indel 42527886:INS.t: from 49 of 570.0 to 82 (indel:total = 49:338)
 6.rep  42519214: SNP.TC                    7 (100%) ~     0 (  0)
 6.rep  42519222: SNP.CT                    9 (100%) ~     0 (  0)
 6.rep  42519229: SNP.CT                    8 (100%) ~     0 (  0)
 6.rep  42519239: SNP.TC                    8 (100%) ~     0 (  0)
 6.rep  42519240: SNP.GA                    8 (100%) ~     0 (  0)
 6.rep  42519242: SNP.CT                    9 (100%) ~     0 (  0)
 6.rep  42519246: SNP.CT                    9 (100%) ~     0 (  0)
 6.rep  42519247: SNP.AG                    9 (100%) ~     0 (  0)
 6.rep  42519255: SNP.GT                    9 (100%) ~     0 (  0)
 6.rep  42519257: SNP.AG                    8 (100%) ~     0 (  0)
 6.rep  42519297: SNP.GA                    2 ( 14%) ~     0 (  0)
 6.rep  42519303: SNP.AG                   13 (100%) ~     0 (  0)
 6.rep  42519311: SNP.GA                   12 (100%) ~     0 (  0)
 6.rep  42519314: SNP.CT                   13 (100%) ~     0 (  0)
 6.rep  42519315: SNP.AG                   15 (100%) ~     0 (  0)
 6.rep  42519635: SNP.CT                  212 ( 58%) ~   186 ( 88)
 6.rep  42520110: SNP.CT                  152 ( 30%) ~   152 (100)
 6.rep  42520802: SNP.GA                  129 ( 27%) ~   129 (100)
 6.rep  42521441: SNP.GA                  138 ( 21%) ~   132 ( 96)
 6.rep  42521623: SNP.CG                   36 (  7%) ~    36 (100)
 6.rep  42521628: SNP.TG                   33 (  6%) ~    27 ( 82)
 6.rep  42521638: SNP.TG                   37 (  7%) ~    26 ( 70)
 6.rep  42521648: SNP.TG                   46 (  9%) ~    28 ( 61)
 6.rep  42521654: SNP.AG                   33 (  6%) ~    20 ( 61)
 6.rep  42521864: SNP.CT                  395 ( 43%) ~    17 (  4)
 6.rep  42521928: SNP.AG                  373 ( 52%) ~     0 (  0)
 6.ins  42522026: SNP.CT                  382 ( 51%) ~     2 (  1)
 6.ins  42522073: SNP.AC                  381 ( 51%) ~     2 (  1)
 6.ins  42522083: SNP.CT                  399 ( 52%) ~     2 (  1)
 6.ins  42522137: INS.tgt                 439 ( 86%) ~    18 (  4)
 6.ins  42522497: SNP.GA                   66 (  9%) ~    66 (100)
 6.9e   42522612: SNP.CG     4180:G>C     253 ( 47%) ~     0 (  0)
 6.7i   42523002: SNP.GA     3790:C>T     413 ( 72%) ~     0 (  0)
 6.7i   42523208: SNP.CT     3584:G>A     403 ( 50%) ~     0 (  0)
 6.7i   42523240: SNP.GA                   49 (  6%) ~    27 ( 55)
 6.7i   42523247: INS.t                    46 (  5%) ~    25 ( 54)
 6.7i   42523314: SNP.TC                  101 ( 10%) ~    22 ( 22)
 6.7i   42523408: SNP.TG     3384:A>C     781 ( 65%) ~    89 ( 11)
 6.7e   42523504: SNP.CT     3288:G>A      67 (  6%) ~    19 ( 28)
 6.7e   42523635: SNP.CA                   68 (  9%) ~    15 ( 22)
 6.6e   42523942: SNP.GA     2850:C>T     379 ( 50%) ~     2 (  1)
 6.5i   42524079: SNP.TG                   70 (  7%) ~     2 (  3)
 6.4i   42524707: SNP.TC                  211 ( 18%) ~    30 ( 14)
 6.4i   42524712: SNP.CG                  202 ( 18%) ~    25 ( 12)
 6.4i   42524742: SNP.GA                  251 ( 24%) ~    29 ( 12)
 6.4e   42524794: SNP.AG                  259 ( 26%) ~    25 ( 10)
 6.4e   42524923: SNP.AG     1869:T>C      92 ( 12%) ~    24 ( 26)
 6.3i   42524981: SNP.CT                   35 (  5%) ~     9 ( 26)
 6.3e   42525131: SNP.CG     1661:G>C     307 ( 55%) ~     0 (  0)
 6.2i   42525504: SNP.CG                  622 (100%) ~     0 (  0)
 6.2i   42525505: SNP.GC                  626 (100%) ~     0 (  0)
 6.2e   42525771: SNP.GA     1023:C>T     303 ( 49%) ~     0 (  0)
 6.2e   42525792: SNP.TG                   30 (  6%) ~     0 (  0)
 6.2e   42525799: SNP.TG                   32 (  6%) ~     0 (  0)
 6.1i   42525951: SNP.AC     843:T>G      343 ( 48%) ~   246 ( 72)
 6.1i   42526048: SNP.GC     746:C>G      342 ( 44%) ~   342 (100)
 6.1i   42526483: SNP.CA     310:G>T      550 ( 56%) ~     0 (  0)
 6.1i   42526548: SNP.TC     CYP2D7:i1:5491   471 ( 65%) ~    10 (  2)
 6.1i   42526560: SNP.TG     CYP2D7:i1:5503   461 ( 66%) ~    20 (  4)
 6.1i   42526561: SNP.CG     CYP2D7:i1:5504   463 ( 66%) ~    20 (  4)
 6.1i   42526566: SNP.AG     CYP2D7:i1:5509   453 ( 65%) ~    20 (  4)
 6.1i   42526570: SNP.GC     CYP2D7:i1:5513   461 ( 66%) ~    20 (  4)
 6.1i   42526572: SNP.GT     CYP2D7:i1:5515   465 ( 65%) ~    20 (  4)
 6.1i   42526579: SNP.CG     214:G>C      436 ( 64%) ~    20 (  5)
 6.0i   42526836: INS.c                   346 ( 45%) ~     0 (  0)
 6.0i   42527470: SNP.CT     -678:G>A     166 ( 20%) ~   166 (100)
 6.0i   42527532: SNP.GA     -740:C>T     390 ( 57%) ~     0 (  0)
 6.0i   42527886: INS.t      -1094:insA    82 ( 15%) ~     0 (  0)
 6.0i   42527955: SNP.AC                   13 (  5%) ~     0 (  0)
 6.0i   42527975: SNP.TG                   41 ( 17%) ~     0 (  0)
 6.0i   42527978: SNP.AC                   30 ( 12%) ~     0 (  0)
 6.0i   42527978: SNP.AG                   31 ( 12%) ~     0 (  0)
 6.0i   42527984: SNP.TC                   46 ( 18%) ~     0 (  0)
 6.0i   42527985: SNP.GC                   32 ( 13%) ~     0 (  0)
 6.0i   42527988: SNP.TC                   66 ( 28%) ~     0 (  0)
 6.0i   42527994: SNP.GA                   16 (  7%) ~     0 (  0)
 6.0i   42527995: SNP.TA                   17 (  7%) ~     0 (  0)
 6.0i   42527995: SNP.TG                   13 (  6%) ~     0 (  0)
 6.0i   42527996: SNP.AG                   12 (  5%) ~     0 (  0)
 6.0i   42527998: SNP.CG                   22 ( 10%) ~     0 (  0)
 6.0i   42527999: SNP.TG                   23 ( 10%) ~     0 (  0)
 6.0i   42528003: SNP.AG                   38 ( 17%) ~     0 (  0)
 6.0i   42528007: SNP.CA                   15 (  7%) ~     0 (  0)
 6.0i   42528011: SNP.CG                   13 (  6%) ~     0 (  0)
 6.0i   42528012: SNP.AC                   66 ( 33%) ~     0 (  0)
 6.0i   42528015: SNP.AC                   79 ( 39%) ~     0 (  0)
 6.0i   42528019: SNP.AC                   42 ( 22%) ~     0 (  0)
 6.0i   42528020: SNP.GC                   38 ( 20%) ~     0 (  0)
 6.0i   42528023: SNP.TC                   17 ( 10%) ~     0 (  0)
 6.0i   42528026: SNP.TA                    9 (  6%) ~     0 (  0)
 6.0i   42528027: SNP.TC     -1235:A>G     71 ( 58%) ~     0 (  0)
 6.0i   42528028: SNP.CT                    7 (  6%) ~     0 (  0)
 7.rep  42531699: SNP.CT                  330 (100%) ~   201 ( 61)
 7.rep  42531791: SNP.TC                  190 ( 51%) ~   150 ( 79)
 7.rep  42532266: SNP.TC                  363 ( 73%) ~   363 (100)
 7.rep  42532958: SNP.AG                  390 ( 75%) ~   390 (100)
 7.rep  42533597: SNP.GA                  164 ( 25%) ~   162 ( 99)
 7.rep  42533779: SNP.CG                   43 ( 10%) ~    43 (100)
 7.rep  42533784: SNP.TG                   30 (  8%) ~    28 ( 93)
 7.rep  42533794: SNP.TG                   26 (  7%) ~    25 ( 96)
 7.rep  42533800: SNP.AG                   29 (  8%) ~    29 (100)
 7.rep  42533804: SNP.TG                   40 ( 11%) ~    34 ( 85)
 7.rep  42533810: SNP.AG                   21 (  6%) ~    19 ( 90)
 7.rep  42533904: SNP.AG                   94 ( 23%) ~     0 (  0)
 7.rep  42534050: SNP.AG                  300 ( 46%) ~     1 (  0)
 7.rep  42534074: SNP.GA                  322 ( 51%) ~     1 (  0)
 7.pce  42534125: SNP.GT                  245 ( 48%) ~     0 (  0)
 7.pce  42534147: SNP.CT                  192 ( 50%) ~     0 (  0)
 7.pce  42534275: SNP.CG                   80 ( 50%) ~     0 (  0)
 7.pce  42534392: SNP.CG                    6 (  6%) ~     0 (  0)
 7.pce  42534393: SNP.TG                    6 (  6%) ~     0 (  0)
 7.pce  42534396: SNP.TG                   21 ( 21%) ~     0 (  0)
 7.pce  42534398: SNP.CG                    5 (  5%) ~     0 (  0)
 7.pce  42534400: SNP.TC                    8 (  8%) ~     0 (  0)
 7.pce  42534409: SNP.AC                    8 (  9%) ~     0 (  0)
 7.pce  42534428: SNP.AC                    7 (  7%) ~     0 (  0)
 7.pce  42534455: SNP.AC                   11 (  7%) ~     0 (  0)
 7.pce  42534599: SNP.TC                   67 ( 43%) ~     0 (  0)
 7.pce  42534681: SNP.TC                   53 ( 46%) ~     0 (  0)
 7.pce  42534864: DEL.TG                   15 ( 71%) ~     0 (  0)
 7.ins  42535807: SNP.TC                  382 ( 42%) ~     0 (  0)
 7.ins  42535817: SNP.AG                  126 ( 13%) ~     5 (  4)
 7.ins  42536210: SNP.GA                  324 ( 37%) ~    50 ( 15)
 7.9e   42536410: SNP.TG                   59 ( 11%) ~     1 (  2)
 7.8e   42536652: SNP.TC                  108 ( 11%) ~    77 ( 71)
 7.7i   42536985: DEL.TGGACAGGCCAGCCCTGCCTATACTC               55 ( 10%) ~     0 (  0)
 7.7i   42537022: SNP.TC                  163 ( 30%) ~     5 (  3)
 7.7i   42537114: SNP.CT                  116 ( 24%) ~    56 ( 48)
 7.7i   42537119: INS.a                   114 ( 24%) ~    55 ( 48)
 7.7i   42537126: SNP.AG                  119 ( 25%) ~    55 ( 46)
 7.7e   42537195: SNP.TC                  456 (100%) ~    24 (  5)
 7.7e   42537217: SNP.TC                  129 ( 29%) ~    20 ( 16)
 7.7e   42537226: SNP.TC                  111 ( 25%) ~    18 ( 16)
 7.7e   42537251: SNP.GA                  148 ( 31%) ~    26 ( 18)
 7.6i   42537403: SNP.GC                  605 (100%) ~     0 (  0)
 7.6e   42537596: SNP.AG                  639 (100%) ~     1 (  0)
 7.6e   42537642: SNP.GA                  357 ( 48%) ~     1 (  0)
 7.6e   42537645: SNP.GC                  356 ( 47%) ~     1 (  0)
 7.5i   42537781: SNP.TG                   67 (  7%) ~     0 (  0)
 7.4i   42538102: SNP.TC                  427 ( 49%) ~     4 (  1)
 7.4i   42538228: SNP.GA                  493 ( 50%) ~    16 (  3)
 7.4i   42538246: SNP.CA                  481 ( 50%) ~     0 (  0)
 7.4i   42538398: SNP.CT                  703 (100%) ~    35 (  5)
 7.4i   42538461: SNP.AG                   85 ( 19%) ~    50 ( 59)
 7.4i   42538466: INS.t                    45 ( 11%) ~    36 ( 80)
 7.4i   42538469: INS.cgg                  44 ( 10%) ~    35 ( 80)
 7.4i   42538470: INS.ctctc                44 ( 10%) ~    35 ( 80)
 7.4e   42538507: SNP.AG                  333 ( 71%) ~     3 (  1)
 7.4e   42538508: SNP.GA                  329 ( 71%) ~     3 (  1)
 7.4e   42538514: INS.c                   331 ( 68%) ~     3 (  1)
 7.4e   42538617: SNP.AG                  230 ( 40%) ~    23 ( 10)
 7.3e   42538875: SNP.AT                  462 (100%) ~     0 (  0)
 7.2i   42538896: SNP.AG                  239 ( 50%) ~     0 (  0)
 7.2e   42539463: SNP.TG                   32 ( 10%) ~     0 (  0)
 7.2e   42539470: SNP.TG                   22 (  6%) ~     0 (  0)
 7.2e   42539485: SNP.TG                   43 ( 12%) ~     0 (  0)
 7.1i   42539622: SNP.CA                  325 ( 47%) ~   251 ( 77)
 7.1i   42539719: SNP.CG                  337 ( 45%) ~   337 (100)
 7.0i   42540667: SNP.AG                  371 ( 50%) ~     6 (  2)
 7.0i   42541142: SNP.TC                  237 ( 25%) ~   237 (100)
 7.0i   42541201: SNP.CT                   99 ( 12%) ~    99 (100)
 7.0i   42541655: SNP.TC                   96 ( 59%) ~     0 (  0)
 7.0i   42543023: SNP.GA                   10 (  7%) ~     0 (  0)
 7.0i   42543024: SNP.CA                   10 (  7%) ~     0 (  0)
 7.0i   42543027: SNP.GA                   13 (  9%) ~     0 (  0)
 7.0i   42543031: SNP.TA                    7 (  5%) ~     0 (  0)
 7.0i   42543032: SNP.TA                    9 (  7%) ~     0 (  0)
 7.0i   42543036: SNP.TA                   12 (  9%) ~     0 (  0)
 7.0i   42543039: SNP.TA                   11 (  8%) ~     0 (  0)
 7.0i   42543043: SNP.AC                   16 ( 13%) ~     0 (  0)
 7.0i   42543049: SNP.GA                   11 (  9%) ~     0 (  0)
 7.0i   42543054: SNP.TA                   12 ( 10%) ~     0 (  0)
 7.0i   42543056: SNP.AC                   18 ( 15%) ~     0 (  0)
 7.0i   42543069: SNP.GA                    6 (  5%) ~     0 (  0)
 7.0i   42543073: SNP.GA                   12 ( 11%) ~     0 (  0)
 7.0i   42543075: SNP.CA                   15 ( 13%) ~     0 (  0)
 7.0i   42543078: SNP.GA                   10 (  9%) ~     0 (  0)
 7.0i   42543079: SNP.GA                    8 (  8%) ~     0 (  0)
 7.0i   42543080: INS.a                    35 ( 28%) ~     0 (  0)
 7.0i   42543094: SNP.GA                   15 ( 15%) ~     0 (  0)
 7.0i   42543096: SNP.GA                   20 ( 18%) ~     0 (  0)
 7.0i   42543099: SNP.GA                   14 ( 12%) ~     0 (  0)
 7.0i   42543104: SNP.CA                   14 ( 12%) ~     0 (  0)
 7.0i   42543109: SNP.CA                   14 ( 11%) ~     0 (  0)
 7.0i   42543112: SNP.TG                   27 ( 21%) ~     0 (  0)
 7.0i   42543115: SNP.GA                   17 ( 13%) ~     0 (  0)
 7.0i   42543120: SNP.GA                   21 ( 14%) ~     0 (  0)
 7.0i   42543124: SNP.TA                   24 ( 16%) ~     0 (  0)
 7.0i   42543127: SNP.CA                   27 ( 18%) ~     0 (  0)
 7.0i   42543132: SNP.TA                   15 ( 10%) ~     0 (  0)
 7.0i   42543141: SNP.TA                   16 ( 10%) ~     0 (  0)
 7.0i   42543388: SNP.CT                   78 ( 50%) ~     0 (  0)
 7.0i   42543446: SNP.TC                   34 ( 40%) ~     0 (  0)
 7.0i   42543447: SNP.GA                   35 ( 42%) ~     0 (  0)
 7.0i   42543450: SNP.GA                   35 ( 47%) ~     0 (  0)
 7.0i   42543959: SNP.CT                  277 ( 49%) ~     0 (  0)
 7.0i   42544049: SNP.GA                  200 ( 52%) ~     0 (  0)
 7.0i   42544292: SNP.TC                  109 ( 54%) ~     0 (  0)
 7.0i   42544391: SNP.CT                   70 ( 54%) ~     0 (  0)
 7.0i   42544515: DEL.AC                   24 (  8%) ~     0 (  0)
 7.0i   42544515: INS.acacacac               17 (  6%) ~     0 (  0)
 7.0i   42544554: SNP.TC                   52 ( 10%) ~     0 (  0)
 7.0i   42545220: SNP.GA                  446 ( 49%) ~     0 (  0)
Removing 10B   6.1e 42526693:SNP.GA
Removing 10A   6.1e 42526693:SNP.GA
Removing 10D   6.1e 42526693:SNP.GA
Removing 10DW  6.1e 42526693:SNP.GA
Removing 10BW  6.1e 42526693:SNP.GA
Removing 10AW  6.1e 42526693:SNP.GA
Removing 100   6.1e 42526693:SNP.GA,  6.6e 42523964:DEL.G
Removing 101   6.1e 42526693:SNP.GA,  6.6e 42523847:DEL.CACATCCGGATGTAGGATC
Removing 102   6.2e 42525822:SNP.GA
Removing 103   6.2e 42525822:SNP.GA,  6.3e 42525043:SNP.TC
Removing 104   6.3e 42525072:SNP.TA
Removing 105   6.7e 42523524:SNP.AG
Removing 107   6.3e 42525133:SNP.CT
Removing 108   6.7e 42523566:SNP.TC,  6.7e 42523557:SNP.TC
Removing 109   6.5e 42524175:DEL.CTT,  6.7e 42523609:SNP.CT
Removing 11W   6.1i 42525911:SNP.CG,  6.0i 42528381:SNP.GC
Removing 11    6.1i 42525911:SNP.CG
Removing 12    6.1e 42526669:SNP.CT
Removing 14BW  6.3e 42525034:SNP.CT,  6.0i 42528381:SNP.GC
Removing 14AW  6.1e 42526693:SNP.GA,  6.3e 42525034:SNP.CT,  6.0i 42528381:SNP.GC
Removing 14B   6.3e 42525034:SNP.CT
Removing 14A   6.1e 42526693:SNP.GA,  6.3e 42525034:SNP.CT
Removing 15    6.1e 42526656:INS.a
Removing 18    6.9e 42522667:INS.agtgggcac
Removing 19    6.5e 42524250:DEL.AGTT
Removing 2KW   6.0i 42528381:SNP.GC
Removing 2A    6.0i 42528381:SNP.GC
Removing 2CW   6.0i 42528381:SNP.GC
Removing 2AW   6.0i 42528381:SNP.GC
Removing 2FW   6.0i 42528381:SNP.GC
Removing 2HW   6.0i 42528381:SNP.GC
Removing 2DW   6.0i 42528381:SNP.GC
Removing 2GW   6.0i 42528381:SNP.GC
Removing 2MW   6.0i 42528381:SNP.GC
Removing 2BW   6.0i 42528381:SNP.GC
Removing 2LW   6.0i 42528381:SNP.GC
Removing 2EW   6.0i 42528381:SNP.GC
Removing 20    6.4e 42524819:INS.c,  6.4e 42524814:SNP.GA,  6.4e 42524813:SNP.AG
Removing 21B   6.0i 42528381:SNP.GC,  6.5e 42524213:INS.g
Removing 21A   6.0i 42528381:SNP.GC,  6.5e 42524213:INS.g
Removing 22    6.1e 42526711:SNP.GA
Removing 23    6.2e 42525837:SNP.GA
Removing 24    6.6e 42523939:SNP.TG
Removing 25    6.7e 42523594:SNP.GC
Removing 26    6.7e 42523515:SNP.AG
Removing 27    6.8e 42522939:SNP.CT
Removing 28    6.1e 42526774:SNP.CT,  6.3e 42525088:SNP.GC
Removing 28W   6.1e 42526774:SNP.CT,  6.3e 42525088:SNP.GC,  6.0i 42528381:SNP.GC
Removing 29    6.3e 42525133:SNP.CT,  6.7e 42523609:SNP.CT
Removing 3B    6.3e 42525043:SNP.TC,  6.5e 42524243:DEL.T
Removing 3A    6.5e 42524243:DEL.T
Removing 30    6.4e 42524929:INS.ggggcgaaa
Removing 31    6.0i 42528381:SNP.GC,  6.9e 42522750:SNP.CT
Removing 32    6.8e 42522939:SNP.CT
Removing 33    6.5e 42524309:SNP.CA
Removing 35B   6.0i 42528381:SNP.GC,  6.1e 42526762:SNP.CT
Removing 35A   6.0i 42528381:SNP.GC,  6.1e 42526762:SNP.CT
Removing 36    6.1e 42526693:SNP.GA
Removing 37    6.1e 42526693:SNP.GA,  6.4e 42524849:SNP.CT
Removing 38    6.5e 42524202:DEL.AGTC
Removing 4GW   6.1e 42526693:SNP.GA,  6.2e 42525820:SNP.GT,  6.2e 42525810:SNP.TC,  6.3i 42524946:SNP.CT,  6.6e 42523854:SNP.GA
Removing 4HW   6.1e 42526693:SNP.GA,  6.2e 42525820:SNP.GT,  6.2e 42525810:SNP.TC,  6.3i 42524946:SNP.CT,  6.8e 42522915:SNP.CG
Removing 4FW   6.1e 42526693:SNP.GA,  6.2e 42525820:SNP.GT,  6.2e 42525810:SNP.TC,  6.3i 42524946:SNP.CT,  6.4e 42524934:SNP.GA
Removing 4KW   6.1e 42526693:SNP.GA,  6.3i 42524946:SNP.CT
Removing 4AW   6.1e 42526693:SNP.GA,  6.2e 42525820:SNP.GT,  6.2e 42525810:SNP.TC,  6.3i 42524946:SNP.CT
Removing 4N    6.1e 42526693:SNP.GA,  6.2e 42525820:SNP.GT,  6.2e 42525810:SNP.TC,  6.3i 42524946:SNP.CT
Removing 4M    6.2e 42525820:SNP.GT,  6.2e 42525810:SNP.TC,  6.3i 42524946:SNP.CT
Removing 4J    6.1e 42526693:SNP.GA,  6.2e 42525820:SNP.GT,  6.2e 42525810:SNP.TC,  6.3i 42524946:SNP.CT
Removing 4K    6.1e 42526693:SNP.GA,  6.3i 42524946:SNP.CT
Removing 4H    6.1e 42526693:SNP.GA,  6.2e 42525820:SNP.GT,  6.2e 42525810:SNP.TC,  6.3i 42524946:SNP.CT,  6.8e 42522915:SNP.CG
Removing 4CW   6.1e 42526693:SNP.GA,  6.3i 42524946:SNP.CT,  6.8e 42522905:SNP.AG
Removing 4D    6.1e 42526693:SNP.GA,  6.3i 42524946:SNP.CT
Removing 4LW   6.1e 42526693:SNP.GA,  6.3i 42524946:SNP.CT
Removing 4B    6.1e 42526693:SNP.GA,  6.2e 42525820:SNP.GT,  6.2e 42525810:SNP.TC,  6.3i 42524946:SNP.CT
Removing 4A    6.1e 42526693:SNP.GA,  6.2e 42525820:SNP.GT,  6.2e 42525810:SNP.TC,  6.3i 42524946:SNP.CT
Removing 4BW   6.1e 42526693:SNP.GA,  6.2e 42525820:SNP.GT,  6.2e 42525810:SNP.TC,  6.3i 42524946:SNP.CT
Removing 4JW   6.1e 42526693:SNP.GA,  6.2e 42525820:SNP.GT,  6.2e 42525810:SNP.TC,  6.3i 42524946:SNP.CT
Removing 4L    6.1e 42526693:SNP.GA,  6.3i 42524946:SNP.CT
Removing 4EW   6.1e 42526693:SNP.GA,  6.3i 42524946:SNP.CT
Removing 4P    6.1e 42526693:SNP.GA,  6.2e 42525820:SNP.GT,  6.2e 42525810:SNP.TC,  6.3i 42524946:SNP.CT,  6.5e 42524216:SNP.GA
Removing 4F    6.1e 42526693:SNP.GA,  6.2e 42525820:SNP.GT,  6.2e 42525810:SNP.TC,  6.3i 42524946:SNP.CT,  6.4e 42524934:SNP.GA
Removing 4G    6.1e 42526693:SNP.GA,  6.2e 42525820:SNP.GT,  6.2e 42525810:SNP.TC,  6.3i 42524946:SNP.CT,  6.6e 42523854:SNP.GA
Removing 4E    6.1e 42526693:SNP.GA,  6.3i 42524946:SNP.CT
Removing 4DW   6.1e 42526693:SNP.GA,  6.3i 42524946:SNP.CT
Removing 4C    6.1e 42526693:SNP.GA,  6.3i 42524946:SNP.CT,  6.8e 42522905:SNP.AG
Removing 40    6.4e 42524929:INS.ggggcgaaaggggcgaaa
Removing 41    6.6i 42523804:SNP.CT
Removing 42    6.7e 42523533:INS.ac
Removing 43    6.1e 42526716:SNP.CT
Removing 44    6.1e 42526711:SNP.GA,  6.6i 42523842:SNP.CG
Removing 45A   6.3e 42525076:SNP.CT
Removing 45B   6.3e 42525076:SNP.CT
Removing 46    6.1e 42526716:SNP.CT,  6.3e 42525076:SNP.CT
Removing 47    6.1e 42526720:SNP.GA,  6.1e 42526693:SNP.GA
Removing 48    6.2e 42525822:SNP.GA
Removing 49    6.1e 42526693:SNP.GA,  6.3e 42525181:SNP.AT
Removing 50    6.3e 42525072:SNP.TG
Removing 51    6.0i 42528381:SNP.GC,  6.7e 42523620:SNP.TG
Removing 52    6.1e 42526693:SNP.GA,  6.8e 42522915:SNP.CT
Removing 53    6.3e 42525181:SNP.AT,  6.3e 42525175:SNP.CA
Removing 54    6.1e 42526693:SNP.GA,  6.5e 42524236:SNP.GA
Removing 55    6.8e 42522957:SNP.TG
Removing 56A   6.0i 42528381:SNP.GC,  6.7e 42523591:SNP.GA
Removing 56B   6.1e 42526693:SNP.GA,  6.7e 42523591:SNP.GA
Removing 57    6.1e 42526693:SNP.GA,  6.2e 42525907:SNP.GA
Removing 58    6.4e 42524929:INS.ggggcgaaa
Removing 59    6.6e 42523853:SNP.CT
Removing 6A    6.3e 42525085:DEL.A
Removing 6B    6.3e 42525085:DEL.A,  6.4e 42524816:SNP.CT
Removing 6C    6.3e 42525085:DEL.A,  6.4e 42524816:SNP.CT
Removing 6D    6.3e 42525085:DEL.A
Removing 60    6.4e 42524905:INS.ta
Removing 62    6.9e 42522748:SNP.GA
Removing 63    6.0i 42528381:SNP.GC
Removing 64    6.1e 42526693:SNP.GA
Removing 65    6.1e 42526693:SNP.GA
Removing 68    6.1e 42526693:SNP.GA
Removing 69    6.1e 42526693:SNP.GA,  6.6i 42523804:SNP.CT
Removing 7     6.6e 42523857:SNP.TG
Removing 70    6.3e 42525184:SNP.CT,  6.3e 42525133:SNP.CT,  6.7e 42523609:SNP.CT
Removing 71    6.0i 42528381:SNP.GC,  6.1e 42526668:SNP.CT
Removing 72    6.1e 42526693:SNP.GA,  6.7e 42523474:SNP.CT
Removing 73    6.2e 42525781:SNP.CT
Removing 74    6.2e 42525820:SNP.GT
Removing 75    6.9e 42522747:SNP.CT
Removing 8     6.3e 42525034:SNP.CA
Removing 81    6.5e 42524213:SNP.GA,  6.5e 42524186:SNP.CT,  6.5e 42524182:SNP.AT
Removing 82    6.2e 42525820:SNP.GT,  6.2e 42525810:SNP.TC,  6.2e 42525780:SNP.AG,  6.2e 42525772:SNP.TA,  6.2e 42525771:SNP.GT,  6.2e 42525766:SNP.TC
Removing 84    6.5e 42524218:SNP.GT
Removing 85    6.9e 42522635:SNP.AC
Removing 86    6.5e 42524186:SNP.CT,  6.5e 42524182:SNP.AT
Removing 87    6.1e 42526779:SNP.GA,  6.1e 42526693:SNP.GA
Removing 88    6.2e 42525780:SNP.AG
Removing 89    6.3e 42525114:SNP.AG
Removing 9     6.5e 42524175:DEL.CTT
Removing 90    6.3e 42525099:SNP.TC
Removing 91    6.3e 42525057:SNP.CG,  6.6i 42523804:SNP.CT
Removing 92    6.4e 42524797:DEL.G
Removing 93    6.5e 42524273:SNP.TG
Removing 94B   6.1e 42526693:SNP.GA,  6.7e 42523611:SNP.TC
Removing 94A   6.1e 42526693:SNP.GA,  6.7e 42523611:SNP.TC
Removing 95    6.1e 42526693:SNP.GA,  6.7e 42523458:SNP.CT
Removing 96    6.8e 42522897:SNP.GA
Removing 97    6.9e 42522698:SNP.GT
Removing 98    6.9e 42522682:SNP.GC
Initial status
  CYP2D6.1B
    6.8e           42522964:SNP.CT    0 (  0)   3828:G>A
  CYP2D6.1E
    6.4e           42524923:SNP.AG   92 ( 12)   1869:T>C
  CYP2D6.1C
    6.4e           42524814:SNP.GA    0 (  0)   1978:C>T
  CYP2D6.1D
    6.5e           42524217:SNP.GT    0 (  0)   2575:C>A
  CYP2D6.1
  CYP2D6.13$1
  CYP2D6.16$1
  CYP2D6.17
    6.9e           42522612:SNP.CG  253 ( 47) F 4180:G>C
    6.6e           42523942:SNP.GA  379 ( 50) F 2850:C>T
    6.3e           42525131:SNP.CG  307 ( 55)   1661:G>C
    6.2e           42525771:SNP.GA  303 ( 49) F 1023:C>T
  CYP2D6.17W
    6.9e           42522612:SNP.CG  253 ( 47) F 4180:G>C
    6.7i           42523408:SNP.TG  781 ( 65)   3384:A>C
    6.6e           42523942:SNP.GA  379 ( 50) F 2850:C>T
    6.3e           42525131:SNP.CG  307 ( 55)   1661:G>C
    6.2e           42525771:SNP.GA  303 ( 49) F 1023:C>T
    6.1i           42525951:SNP.AC  343 ( 48)   843:T>G
    6.1i           42526483:SNP.CA  550 ( 56)   310:G>T
    6.0i           42528027:SNP.TC   71 ( 58)   -1235:A>G
  CYP2D6.2D
    6.9e           42522612:SNP.CG  253 ( 47) F 4180:G>C
    6.6e           42523942:SNP.GA  379 ( 50) F 2850:C>T
  CYP2D6.2E
    6.9e           42522612:SNP.CG  253 ( 47) F 4180:G>C
    6.6e           42523942:SNP.GA  379 ( 50) F 2850:C>T
    6.3e           42525131:SNP.CG  307 ( 55)   1661:G>C
    6.2e           42525797:SNP.GC    0 (  0)   997:C>G
  CYP2D6.2F
    6.9e           42522612:SNP.CG  253 ( 47) F 4180:G>C
    6.6e           42523942:SNP.GA  379 ( 50) F 2850:C>T
    6.3e           42525068:SNP.GA    0 (  0)   1724:C>T
    6.3e           42525131:SNP.CG  307 ( 55)   1661:G>C
  CYP2D6.2G
    6.9e           42522612:SNP.CG  253 ( 47) F 4180:G>C
    6.6e           42523942:SNP.GA  379 ( 50) F 2850:C>T
    6.5e           42524217:SNP.GT    0 (  0)   2575:C>A
    6.5e           42524322:SNP.AG    0 (  0)   2470:T>C
    6.3e           42525131:SNP.CG  307 ( 55)   1661:G>C
  CYP2D6.2B
    6.9e           42522612:SNP.CG  253 ( 47) F 4180:G>C
    6.6e           42523942:SNP.GA  379 ( 50) F 2850:C>T
    6.3e           42525131:SNP.CG  307 ( 55)   1661:G>C
    6.2e           42525755:SNP.GA    0 (  0)   1039:C>T
  CYP2D6.2C
    6.9e           42522612:SNP.CG  253 ( 47) F 4180:G>C
    6.6e           42523942:SNP.GA  379 ( 50) F 2850:C>T
    6.5e           42524322:SNP.AG    0 (  0)   2470:T>C
    6.3e           42525131:SNP.CG  307 ( 55)   1661:G>C
  CYP2D6.2L
    6.9e           42522612:SNP.CG  253 ( 47) F 4180:G>C
    6.7i           42523002:SNP.GA  413 ( 72)   3790:C>T
    6.7i           42523208:SNP.CT  403 ( 50)   3584:G>A
    6.7i           42523408:SNP.TG  781 ( 65)   3384:A>C
    6.6e           42523942:SNP.GA  379 ( 50) F 2850:C>T
    6.3e           42525035:SNP.GA    0 (  0)   1757:C>T
    6.3e           42525131:SNP.CG  307 ( 55)   1661:G>C
    6.2i           42525279:SNP.GA    0 (  0)   1513:C>T
    6.1i           42525951:SNP.AC  343 ( 48)   843:T>G
    6.1i           42526048:SNP.GC  342 ( 44)   746:C>G
    6.1i           42526483:SNP.CA  550 ( 56)   310:G>T
    6.0i           42527532:SNP.GA  390 ( 57)   -740:C>T
    6.0i           42528027:SNP.TC   71 ( 58)   -1235:A>G
    6.0i           42528095:SNP.CT    0 (  0)   -1298:G>A
  CYP2D6.2M
    6.ins          42522311:SNP.CT    0 (  0)   4481:G>A
    6.9e           42522612:SNP.CG  253 ( 47) F 4180:G>C
    6.7i           42523002:SNP.GA  413 ( 72)   3790:C>T
    6.7i           42523208:SNP.CT  403 ( 50)   3584:G>A
    6.7i           42523408:SNP.TG  781 ( 65)   3384:A>C
    6.6e           42523942:SNP.GA  379 ( 50) F 2850:C>T
    6.3e           42525131:SNP.CG  307 ( 55)   1661:G>C
    6.1i           42525951:SNP.AC  343 ( 48)   843:T>G
    6.1i           42526048:SNP.GC  342 ( 44)   746:C>G
    6.1i           42526483:SNP.CA  550 ( 56)   310:G>T
    6.1i           42526548:SNP.TC  471 ( 65)   CYP2D7:i1:5491
    6.1i           42526560:SNP.TG  461 ( 66)   CYP2D7:i1:5503
    6.1i           42526561:SNP.CG  463 ( 66)   CYP2D7:i1:5504
    6.1i           42526566:SNP.AG  453 ( 65)   CYP2D7:i1:5509
    6.1i           42526570:SNP.GC  461 ( 66)   CYP2D7:i1:5513
    6.1i           42526572:SNP.GT  465 ( 65)   CYP2D7:i1:5515
    6.0i           42527470:SNP.CT  166 ( 20)   -678:G>A
    6.0i           42527532:SNP.GA  390 ( 57)   -740:C>T
    6.0i           42527541:DEL.TC    0 (  0)   -750:delGA
    6.0i           42528027:SNP.TC   71 ( 58)   -1235:A>G
  CYP2D6.2H
    6.9e           42522612:SNP.CG  253 ( 47) F 4180:G>C
    6.6e           42523942:SNP.GA  379 ( 50) F 2850:C>T
    6.5e           42524312:SNP.GA    0 (  0)   2480:C>T
    6.3e           42525131:SNP.CG  307 ( 55)   1661:G>C
  CYP2D6.2K
    6.9e           42522612:SNP.CG  253 ( 47) F 4180:G>C
    6.9e           42522677:SNP.GA    0 (  0)   4115:C>T
    6.6e           42523942:SNP.GA  379 ( 50) F 2850:C>T
    6.3e           42525131:SNP.CG  307 ( 55)   1661:G>C
  CYP2D6.34
    6.6e           42523942:SNP.GA  379 ( 50) F 2850:C>T
  CYP2D6.39
    6.9e           42522612:SNP.CG  253 ( 47) F 4180:G>C
    6.3e           42525131:SNP.CG  307 ( 55)   1661:G>C
  CYP2D6.5
  CYP2D6.61
  CYP2D6.67$1
  CYP2D6.76$1
  CYP2D6.77$1
  CYP2D6.78$1
  CYP2D6.79$1
  CYP2D6.80$1
  CYP2D6.83
    6.1i           42525951:SNP.AC  343 ( 48)   843:T>G
== Copy Number Estimator ==
CNV factor: 1.84814730988 (0.541082409748)
Coverage per region
  region:  2D6  2D7
  0i   :  2.07  2.04 
  1e   :  2.05  2.09 = -0.05
  1i   :  2.01  2.00 =  0.01
  2e   :  1.97  1.95 =  0.02
  2i   :  1.97  1.93 =  0.04
  3e   :  2.19  1.80 =  0.39
  3i   :  2.05  2.17 
  4e   :  1.66  2.55 
  4i   :  1.90  2.38 
  5e   :  2.03  2.28 = -0.25
  5i   :  2.13  2.15 = -0.02
  6e   :  2.00  2.10 = -0.10
  6i   :  1.89  1.85 =  0.04
  7e   :  2.11  1.88 
  7i   :  2.13  1.73 
  8e   :  2.54  1.73 
  8i   :  2.25  1.91 
  9e   :  2.14  1.94 =  0.20
  ins  :  2.04  2.00 
  pce  :  0.00  2.14 = -2.14
  rep  :  1.94  2.09 
Max. CN = 3
M  Sentinel contraint for 61: A_61^ <= A_61
M  Sentinel contraint for 67: A_67^ <= A_67
M  Sentinel contraint for 80: A_80^ <= A_80
M  Sentinel contraint for 1: A_1^ <= A_1
M  Sentinel contraint for 5: A_5^ <= A_5
M  Sentinel contraint for 77: A_77^ <= A_77
M  Sentinel contraint for 76: A_76^ <= A_76
M  Sentinel contraint for 79: A_79^ <= A_79
M  Sentinel contraint for 78: A_78^ <= A_78
M  Sentinel contraint for 13: A_13^ <= A_13
M  Sentinel contraint for 16: A_16^ <= A_16
M  Sentinel contraint for 36: A_36^ <= A_36
M  Sentinel contraint for 36: A_36_2 <= A_36
M  Sentinel contraint for 36: A_36_3 <= A_36_2
M  Sentinel contraint for 1: A_1_3 <= A_1_2
M  Contraint for 6e: -0.099811039547 == E_6e + <gurobi.LinExpr: 0.0 A5^ + -1.0 A5^ + A78^ + -0.0 A78^ + A1^ + -1.0 A1^ + A61 + -1.0 A61 + A1_3 + -0.0 A1_3 + A80^ + -0.0 A80^ + A67 + -0.0 A67 + A80 + -0.0 A80 + A67^ + -0.0 A67^ + A61^ + -1.0 A61^ + 0.0 A77^ + -1.0 A77^ + A1 + -1.0 A1 + 0.0 A16^ + -1.0 A16^ + 0.0 A5 + -1.0 A5 + A36_2 + -0.0 A36_2 + A36_3 + -0.0 A36_3 + A79^ + -0.0 A79^ + 0.0 A77 + -1.0 A77 + 0.0 A76 + -1.0 A76 + A79 + -0.0 A79 + A78 + -0.0 A78 + A36^ + -1.0 A36^ + A13 + -0.0 A13 + 0.0 A76^ + -1.0 A76^ + 0.0 A16 + -1.0 A16 + A36 + -1.0 A36 + A13^ + -0.0 A13^ + A1_2 + -0.0 A1_2>
M  Contraint for 5e: -0.252783536606 == E_5e + <gurobi.LinExpr: 0.0 A5^ + -1.0 A5^ + A78^ + -0.0 A78^ + A1^ + -1.0 A1^ + A61 + -1.0 A61 + A1_3 + -0.0 A1_3 + A80^ + -0.0 A80^ + 0.5 A67 + -0.5 A67 + A80 + -0.0 A80 + 0.5 A67^ + -0.5 A67^ + A61^ + -1.0 A61^ + 0.0 A77^ + -1.0 A77^ + A1 + -1.0 A1 + 0.0 A16^ + -1.0 A16^ + 0.0 A5 + -1.0 A5 + A36_2 + -0.0 A36_2 + A36_3 + -0.0 A36_3 + A79^ + -0.0 A79^ + 0.0 A77 + -1.0 A77 + 0.0 A76 + -1.0 A76 + A79 + -0.0 A79 + A78 + -0.0 A78 + A36^ + -1.0 A36^ + A13 + -0.0 A13 + 0.0 A76^ + -1.0 A76^ + 0.0 A16 + -1.0 A16 + A36 + -1.0 A36 + A13^ + -0.0 A13^ + A1_2 + -0.0 A1_2>
M  Contraint for 6i: 0.0428495238358 == E_6i + <gurobi.LinExpr: 0.0 A5^ + -1.0 A5^ + A78^ + -0.0 A78^ + A1^ + -1.0 A1^ + A61 + -1.0 A61 + A1_3 + -0.0 A1_3 + A80^ + -0.0 A80^ + A67 + -0.0 A67 + A80 + -0.0 A80 + A67^ + -0.0 A67^ + A61^ + -1.0 A61^ + 0.0 A77^ + -1.0 A77^ + A1 + -1.0 A1 + 0.0 A16^ + -1.0 A16^ + 0.0 A5 + -1.0 A5 + A36_2 + -0.0 A36_2 + A36_3 + -0.0 A36_3 + A79^ + -0.0 A79^ + 0.0 A77 + -1.0 A77 + 0.0 A76 + -1.0 A76 + A79 + -0.0 A79 + A78 + -0.0 A78 + A36^ + -1.0 A36^ + A13 + -0.0 A13 + 0.0 A76^ + -1.0 A76^ + 0.0 A16 + -1.0 A16 + A36 + -1.0 A36 + A13^ + -0.0 A13^ + A1_2 + -0.0 A1_2>
M  Contraint for 9e: 0.200514489961 == E_9e + <gurobi.LinExpr: 0.0 A5^ + -1.0 A5^ + A78^ + -0.0 A78^ + A1^ + -1.0 A1^ + 0.0 A61 + -2.0 A61 + A1_3 + -0.0 A1_3 + A80^ + -0.0 A80^ + A67 + -0.0 A67 + A80 + -0.0 A80 + A67^ + -0.0 A67^ + 0.0 A61^ + -2.0 A61^ + A77^ + -0.0 A77^ + A1 + -1.0 A1 + A16^ + -0.0 A16^ + 0.0 A5 + -1.0 A5 + 0.0 A36_2 + -1.0 A36_2 + 0.0 A36_3 + -1.0 A36_3 + A79^ + -0.0 A79^ + A77 + -0.0 A77 + 0.5 A76 + -0.5 A76 + A79 + -0.0 A79 + A78 + -0.0 A78 + 0.0 A36^ + -2.0 A36^ + A13 + -0.0 A13 + 0.5 A76^ + -0.5 A76^ + A16 + -0.0 A16 + 0.0 A36 + -2.0 A36 + A13^ + -0.0 A13^ + A1_2 + -0.0 A1_2>
M  Contraint for 2e: 0.0214179006101 == E_2e + <gurobi.LinExpr: 0.0 A5^ + -1.0 A5^ + 0.0 A78^ + -1.0 A78^ + A1^ + -1.0 A1^ + A61 + -1.0 A61 + A1_3 + -0.0 A1_3 + 0.0 A80^ + -1.0 A80^ + 0.0 A67 + -1.0 A67 + 0.0 A80 + -1.0 A80 + 0.0 A67^ + -1.0 A67^ + A61^ + -1.0 A61^ + 0.0 A77^ + -1.0 A77^ + A1 + -1.0 A1 + 0.0 A16^ + -1.0 A16^ + 0.0 A5 + -1.0 A5 + A36_2 + -0.0 A36_2 + A36_3 + -0.0 A36_3 + 0.5 A79^ + -0.5 A79^ + 0.0 A77 + -1.0 A77 + 0.0 A76 + -1.0 A76 + 0.5 A79 + -0.5 A79 + 0.0 A78 + -1.0 A78 + A36^ + -1.0 A36^ + A13 + -0.0 A13 + 0.0 A76^ + -1.0 A76^ + 0.0 A16 + -1.0 A16 + A36 + -1.0 A36 + A13^ + -0.0 A13^ + A1_2 + -0.0 A1_2>
M  Contraint for 1e: -0.0463206363747 == E_1e + <gurobi.LinExpr: 0.0 A5^ + -1.0 A5^ + 0.0 A78^ + -1.0 A78^ + A1^ + -1.0 A1^ + A61 + -1.0 A61 + A1_3 + -0.0 A1_3 + 0.0 A80^ + -1.0 A80^ + 0.0 A67 + -1.0 A67 + 0.0 A80 + -1.0 A80 + 0.0 A67^ + -1.0 A67^ + A61^ + -1.0 A61^ + 0.0 A77^ + -1.0 A77^ + A1 + -1.0 A1 + 0.0 A16^ + -1.0 A16^ + 0.0 A5 + -1.0 A5 + A36_2 + -0.0 A36_2 + A36_3 + -0.0 A36_3 + 0.0 A79^ + -1.0 A79^ + 0.0 A77 + -1.0 A77 + 0.0 A76 + -1.0 A76 + 0.0 A79 + -1.0 A79 + 0.0 A78 + -1.0 A78 + A36^ + -1.0 A36^ + 0.0 A13 + -1.0 A13 + 0.0 A76^ + -1.0 A76^ + 0.0 A16 + -1.0 A16 + A36 + -1.0 A36 + 0.0 A13^ + -1.0 A13^ + A1_2 + -0.0 A1_2>
M  Contraint for 1i: 0.00774949842167 == E_1i + <gurobi.LinExpr: 0.0 A5^ + -1.0 A5^ + 0.0 A78^ + -1.0 A78^ + A1^ + -1.0 A1^ + A61 + -1.0 A61 + A1_3 + -0.0 A1_3 + 0.0 A80^ + -1.0 A80^ + 0.0 A67 + -1.0 A67 + 0.0 A80 + -1.0 A80 + 0.0 A67^ + -1.0 A67^ + A61^ + -1.0 A61^ + 0.0 A77^ + -1.0 A77^ + A1 + -1.0 A1 + 0.0 A16^ + -1.0 A16^ + 0.0 A5 + -1.0 A5 + A36_2 + -0.0 A36_2 + A36_3 + -0.0 A36_3 + 0.0 A79^ + -1.0 A79^ + 0.0 A77 + -1.0 A77 + 0.0 A76 + -1.0 A76 + 0.0 A79 + -1.0 A79 + 0.0 A78 + -1.0 A78 + A36^ + -1.0 A36^ + 0.5 A13 + -0.5 A13 + 0.0 A76^ + -1.0 A76^ + 0.0 A16 + -1.0 A16 + A36 + -1.0 A36 + 0.5 A13^ + -0.5 A13^ + A1_2 + -0.0 A1_2>
M  Contraint for 5i: -0.0209317571786 == E_5i + <gurobi.LinExpr: 0.0 A5^ + -1.0 A5^ + A78^ + -0.0 A78^ + A1^ + -1.0 A1^ + A61 + -1.0 A61 + A1_3 + -0.0 A1_3 + A80^ + -0.0 A80^ + A67 + -0.0 A67 + A80 + -0.0 A80 + A67^ + -0.0 A67^ + A61^ + -1.0 A61^ + 0.0 A77^ + -1.0 A77^ + A1 + -1.0 A1 + 0.0 A16^ + -1.0 A16^ + 0.0 A5 + -1.0 A5 + A36_2 + -0.0 A36_2 + A36_3 + -0.0 A36_3 + A79^ + -0.0 A79^ + 0.0 A77 + -1.0 A77 + 0.0 A76 + -1.0 A76 + A79 + -0.0 A79 + A78 + -0.0 A78 + A36^ + -1.0 A36^ + A13 + -0.0 A13 + 0.0 A76^ + -1.0 A76^ + 0.0 A16 + -1.0 A16 + A36 + -1.0 A36 + A13^ + -0.0 A13^ + A1_2 + -0.0 A1_2>
M  Contraint for 2i: 0.041106316414 == E_2i + <gurobi.LinExpr: 0.0 A5^ + -1.0 A5^ + 0.0 A78^ + -1.0 A78^ + A1^ + -1.0 A1^ + A61 + -1.0 A61 + A1_3 + -0.0 A1_3 + 0.5 A80^ + -0.5 A80^ + 0.0 A67 + -1.0 A67 + 0.5 A80 + -0.5 A80 + 0.0 A67^ + -1.0 A67^ + A61^ + -1.0 A61^ + 0.0 A77^ + -1.0 A77^ + A1 + -1.0 A1 + 0.0 A16^ + -1.0 A16^ + 0.0 A5 + -1.0 A5 + A36_2 + -0.0 A36_2 + A36_3 + -0.0 A36_3 + A79^ + -0.0 A79^ + 0.0 A77 + -1.0 A77 + 0.0 A76 + -1.0 A76 + A79 + -0.0 A79 + 0.0 A78 + -1.0 A78 + A36^ + -1.0 A36^ + A13 + -0.0 A13 + 0.0 A76^ + -1.0 A76^ + 0.0 A16 + -1.0 A16 + A36 + -1.0 A36 + A13^ + -0.0 A13^ + A1_2 + -0.0 A1_2>
M  Contraint for 3e: 0.386651080745 == E_3e + <gurobi.LinExpr: 0.0 A5^ + -1.0 A5^ + 0.0 A78^ + -1.0 A78^ + A1^ + -1.0 A1^ + A61 + -1.0 A61 + A1_3 + -0.0 A1_3 + A80^ + -0.0 A80^ + 0.0 A67 + -1.0 A67 + A80 + -0.0 A80 + 0.0 A67^ + -1.0 A67^ + A61^ + -1.0 A61^ + 0.0 A77^ + -1.0 A77^ + A1 + -1.0 A1 + 0.0 A16^ + -1.0 A16^ + 0.0 A5 + -1.0 A5 + A36_2 + -0.0 A36_2 + A36_3 + -0.0 A36_3 + A79^ + -0.0 A79^ + 0.0 A77 + -1.0 A77 + 0.0 A76 + -1.0 A76 + A79 + -0.0 A79 + 0.0 A78 + -1.0 A78 + A36^ + -1.0 A36^ + A13 + -0.0 A13 + 0.0 A76^ + -1.0 A76^ + 0.0 A16 + -1.0 A16 + A36 + -1.0 A36 + A13^ + -0.0 A13^ + A1_2 + -0.0 A1_2>
M  Contraint for pce: -2.13943665259 == E_pce + <gurobi.LinExpr: 0.0 A5^ + -1.0 A5^ + A78^ + -0.0 A78^ + 0.0 A1^ + -1.0 A1^ + 0.0 A61 + -2.0 A61 + 0.0 A1_3 + -0.0 A1_3 + A80^ + -0.0 A80^ + A67 + -0.0 A67 + A80 + -0.0 A80 + A67^ + -0.0 A67^ + 0.0 A61^ + -2.0 A61^ + A77^ + -0.0 A77^ + 0.0 A1 + -1.0 A1 + A16^ + -0.0 A16^ + 0.0 A5 + -1.0 A5 + 0.0 A36_2 + -1.0 A36_2 + 0.0 A36_3 + -1.0 A36_3 + A79^ + -0.0 A79^ + A77 + -0.0 A77 + A76 + -0.0 A76 + A79 + -0.0 A79 + A78 + -0.0 A78 + 0.0 A36^ + -2.0 A36^ + A13 + -0.0 A13 + A76^ + -0.0 A76^ + A16 + -0.0 A16 + 0.0 A36 + -2.0 A36 + A13^ + -0.0 A13^ + 0.0 A1_2 + -0.0 A1_2>
M  Objective: <gurobi.LinExpr: C39 + C40 + C41 + C42 + C43 + C44 + C45 + C46 + C47 + C48 + 1.5 C49 + 0.5 A5^ + 0.5 A78^ + 0.5 A1^ + 0.5 A61 + 0.5 A1_3 + 0.5 A80^ + 0.5 A67 + 0.5 A80 + 0.5 A67^ + 0.5 A61^ + 0.5 A77^ + 0.5 A1 + 0.5 A16^ + 0.5 A5 + 0.5 A36_2 + 0.5 A36_3 + 0.5 A79^ + 0.5 A36^ + 0.5 A76 + 0.5 A79 + 0.5 A78 + 0.5 A77 + 0.5 A13 + 0.5 A76^ + 0.5 A16 + 0.5 A36 + 0.5 A13^ + 0.5 A1_2 + 0.1 A78^ + 0.1 A80^ + 0.1 A67 + 0.1 A80 + 0.1 A67^ + 0.1 A77^ + 0.1 A16^ + 0.1 A79^ + 0.1 A76 + 0.1 A79 + 0.1 A78 + 0.1 A77 + 0.1 A13 + 0.1 A76^ + 0.1 A16 + 0.1 A13^>
CN Solver status: optimal, opt: 2.32929075858
  Solutions:
    ('1', '1^')
== Initial Solver ==
Solving Counter({'1': 2})
Possible candidates:
  CYP2D6.1
  CYP2D6.17
    6.9e 42522612:SNP.CG  253 ( 47) F 4180:G>C
    6.2e 42525771:SNP.GA  303 ( 49) F 1023:C>T
    6.6e 42523942:SNP.GA  379 ( 50) F 2850:C>T
  CYP2D6.2B
    6.9e 42522612:SNP.CG  253 ( 47) F 4180:G>C
    6.6e 42523942:SNP.GA  379 ( 50) F 2850:C>T
  CYP2D6.34
    6.6e 42523942:SNP.GA  379 ( 50) F 2850:C>T
  CYP2D6.39
    6.9e 42522612:SNP.CG  253 ( 47) F 4180:G>C
M  Max. CN for 1 = 2
M  Max. CN for 39 = 2
M  Max. CN for 17 = 2
M  Max. CN for 2B = 2
M  Max. CN for 34 = 2
M  Contraint for 42523942:REF 6.6e: 380 == <gurobi.QuadExpr: 379.5 39 + 379.5 17 + 379.5 39_2 + 379.5 34 + 379.5 1 + 379.5 1_2 + 379.5 2B + 379.5 17_2 + 379.5 34_2 + 379.5 2B_2 + [ -379.5 REG_17_42523942:SNP.GA * 17 + -379.5 REG_34_42523942:SNP.GA * 34 + -379.5 REG_2B_42523942:SNP.GA * 2B + -379.5 REG_17_2_42523942:SNP.GA * 17_2 + -379.5 REG_34_2_42523942:SNP.GA * 34_2 + -379.5 REG_2B_2_42523942:SNP.GA * 2B_2 ]> + err
M  Contraint for 42525771:REF 6.2e: 312 == <gurobi.QuadExpr: 307.5 39 + 307.5 17 + 307.5 39_2 + 307.5 34 + 307.5 1 + 307.5 1_2 + 307.5 2B + 307.5 17_2 + 307.5 34_2 + 307.5 2B_2 + [ -307.5 REG_17_42525771:SNP.GA * 17 + -307.5 REG_17_2_42525771:SNP.GA * 17_2 ]> + err
M  Contraint for 42522612:REF 6.9e: 282 == <gurobi.QuadExpr: 267.5 39 + 267.5 17 + 267.5 39_2 + 267.5 34 + 267.5 1 + 267.5 1_2 + 267.5 2B + 267.5 17_2 + 267.5 34_2 + 267.5 2B_2 + [ -267.5 REG_39_42522612:SNP.CG * 39 + -267.5 REG_17_42522612:SNP.CG * 17 + -267.5 REG_39_2_42522612:SNP.CG * 39_2 + -267.5 REG_2B_42522612:SNP.CG * 2B + -267.5 REG_17_2_42522612:SNP.CG * 17_2 + -267.5 REG_2B_2_42522612:SNP.CG * 2B_2 ]> + err
M  Contraint for 42525771:SNP.GA 6.2e: 303 == <gurobi.QuadExpr: 0.0 + [ 307.5 REG_17_42525771:SNP.GA * 17 + 307.5 REG_17_2_42525771:SNP.GA * 17_2 ]> + err
M  Contraint for 42523942:SNP.GA 6.6e: 379 == <gurobi.QuadExpr: 0.0 + [ 379.5 REG_17_42523942:SNP.GA * 17 + 379.5 REG_34_42523942:SNP.GA * 34 + 379.5 REG_2B_42523942:SNP.GA * 2B + 379.5 REG_17_2_42523942:SNP.GA * 17_2 + 379.5 REG_34_2_42523942:SNP.GA * 34_2 + 379.5 REG_2B_2_42523942:SNP.GA * 2B_2 ]> + err
M  Contraint for 42522612:SNP.CG 6.9e: 253 == <gurobi.QuadExpr: 0.0 + [ 267.5 REG_39_42522612:SNP.CG * 39 + 267.5 REG_17_42522612:SNP.CG * 17 + 267.5 REG_39_2_42522612:SNP.CG * 39_2 + 267.5 REG_2B_42522612:SNP.CG * 2B + 267.5 REG_17_2_42522612:SNP.CG * 17_2 + 267.5 REG_2B_2_42522612:SNP.CG * 2B_2 ]> + err
M  Contraint for 39 42522612:SNP.CG: <gurobi.Var 39> >= <gurobi.Var REG_39_42522612:SNP.CG>
M  Contraint for 17 42523942:SNP.GA: <gurobi.Var 17> >= <gurobi.Var REG_17_42523942:SNP.GA>
M  Contraint for 17 42522612:SNP.CG: <gurobi.Var 17> >= <gurobi.Var REG_17_42522612:SNP.CG>
M  Contraint for 17 42525771:SNP.GA: <gurobi.Var 17> >= <gurobi.Var REG_17_42525771:SNP.GA>
M  Contraint for 39_2 42522612:SNP.CG: <gurobi.Var 39_2> >= <gurobi.Var REG_39_2_42522612:SNP.CG>
M  Contraint for 34 42523942:SNP.GA: <gurobi.Var 34> >= <gurobi.Var REG_34_42523942:SNP.GA>
M  Contraint for 2B 42523942:SNP.GA: <gurobi.Var 2B> >= <gurobi.Var REG_2B_42523942:SNP.GA>
M  Contraint for 2B 42522612:SNP.CG: <gurobi.Var 2B> >= <gurobi.Var REG_2B_42522612:SNP.CG>
M  Contraint for 17_2 42523942:SNP.GA: <gurobi.Var 17_2> >= <gurobi.Var REG_17_2_42523942:SNP.GA>
M  Contraint for 17_2 42522612:SNP.CG: <gurobi.Var 17_2> >= <gurobi.Var REG_17_2_42522612:SNP.CG>
M  Contraint for 17_2 42525771:SNP.GA: <gurobi.Var 17_2> >= <gurobi.Var REG_17_2_42525771:SNP.GA>
M  Contraint for 34_2 42523942:SNP.GA: <gurobi.Var 34_2> >= <gurobi.Var REG_34_2_42523942:SNP.GA>
M  Contraint for 2B_2 42523942:SNP.GA: <gurobi.Var 2B_2> >= <gurobi.Var REG_2B_2_42523942:SNP.GA>
M  Contraint for 2B_2 42522612:SNP.CG: <gurobi.Var 2B_2> >= <gurobi.Var REG_2B_2_42522612:SNP.CG>
M  CN contraint for 1: 2 == <gurobi.LinExpr: 39 + 17 + 39_2 + 34 + 1 + 1_2 + 2B + 17_2 + 34_2 + 2B_2>
M  Sentinel contraint for 39: A_39_2 <= A_39
M  Sentinel contraint for 17: A_17_2 <= A_17
M  Sentinel contraint for 34: A_34_2 <= A_34
M  Sentinel contraint for 1: A_1_2 <= A_1
M  Sentinel contraint for 2B: A_2B_2 <= A_2B
M  Objective: <gurobi.LinExpr: C41 + C42 + C43 + C44 + C45 + C46>
M  Contraint for 39: A_39 * (<gurobi.LinExpr: REG_39_42522612:SNP.CG> - 1) == 0
M  Contraint for 17: A_17 * (<gurobi.LinExpr: REG_17_42522612:SNP.CG + REG_17_42523942:SNP.GA + REG_17_42525771:SNP.GA> - 3) == 0
M  Contraint for 39_2: A_39_2 * (<gurobi.LinExpr: REG_39_2_42522612:SNP.CG> - 1) == 0
M  Contraint for 34: A_34 * (<gurobi.LinExpr: REG_34_42523942:SNP.GA> - 1) == 0
M  Contraint for 2B: A_2B * (<gurobi.LinExpr: REG_2B_42522612:SNP.CG + REG_2B_42523942:SNP.GA> - 2) == 0
M  Contraint for 17_2: A_17_2 * (<gurobi.LinExpr: REG_17_2_42522612:SNP.CG + REG_17_2_42523942:SNP.GA + REG_17_2_42525771:SNP.GA> - 3) == 0
M  Contraint for 34_2: A_34_2 * (<gurobi.LinExpr: REG_34_2_42523942:SNP.GA> - 1) == 0
M  Contraint for 2B_2: A_2B_2 * (<gurobi.LinExpr: REG_2B_2_42522612:SNP.CG + REG_2B_2_42523942:SNP.GA> - 2) == 0
M  Contraint for 42522612:SNP.CG: 1 <= <gurobi.QuadExpr: 0.0 + [ 39 * REG_39_42522612:SNP.CG + 17 * REG_17_42522612:SNP.CG + 39_2 * REG_39_2_42522612:SNP.CG + 2B * REG_2B_42522612:SNP.CG + 17_2 * REG_17_2_42522612:SNP.CG + 2B_2 * REG_2B_2_42522612:SNP.CG ]>
M  Contraint for 42522612:SNP.CG: 1 <= <gurobi.QuadExpr: 0.0 + [ 39 * REG_39_42522612:SNP.CG + 17 * REG_17_42522612:SNP.CG + 39_2 * REG_39_2_42522612:SNP.CG + 2B * REG_2B_42522612:SNP.CG + 17_2 * REG_17_2_42522612:SNP.CG + 2B_2 * REG_2B_2_42522612:SNP.CG ]>
M  Contraint for 42523942:SNP.GA: 1 <= <gurobi.QuadExpr: 0.0 + [ 17 * REG_17_42523942:SNP.GA + 34 * REG_34_42523942:SNP.GA + 2B * REG_2B_42523942:SNP.GA + 17_2 * REG_17_2_42523942:SNP.GA + 34_2 * REG_34_2_42523942:SNP.GA + 2B_2 * REG_2B_2_42523942:SNP.GA ]>
M  Contraint for 42525771:SNP.GA: 1 <= <gurobi.QuadExpr: 0.0 + [ 17 * REG_17_42525771:SNP.GA + 17_2 * REG_17_2_42525771:SNP.GA ]>
M  Contraint for 42522612:SNP.CG: 1 <= <gurobi.QuadExpr: 0.0 + [ 39 * REG_39_42522612:SNP.CG + 17 * REG_17_42522612:SNP.CG + 39_2 * REG_39_2_42522612:SNP.CG + 2B * REG_2B_42522612:SNP.CG + 17_2 * REG_17_2_42522612:SNP.CG + 2B_2 * REG_2B_2_42522612:SNP.CG ]>
M  Contraint for 42523942:SNP.GA: 1 <= <gurobi.QuadExpr: 0.0 + [ 17 * REG_17_42523942:SNP.GA + 34 * REG_34_42523942:SNP.GA + 2B * REG_2B_42523942:SNP.GA + 17_2 * REG_17_2_42523942:SNP.GA + 34_2 * REG_34_2_42523942:SNP.GA + 2B_2 * REG_2B_2_42523942:SNP.GA ]>
M  Contraint for 42522612:SNP.CG: 1 <= <gurobi.QuadExpr: 0.0 + [ 39 * REG_39_42522612:SNP.CG + 17 * REG_17_42522612:SNP.CG + 39_2 * REG_39_2_42522612:SNP.CG + 2B * REG_2B_42522612:SNP.CG + 17_2 * REG_17_2_42522612:SNP.CG + 2B_2 * REG_2B_2_42522612:SNP.CG ]>
M  Contraint for 42523942:SNP.GA: 1 <= <gurobi.QuadExpr: 0.0 + [ 17 * REG_17_42523942:SNP.GA + 34 * REG_34_42523942:SNP.GA + 2B * REG_2B_42523942:SNP.GA + 17_2 * REG_17_2_42523942:SNP.GA + 34_2 * REG_34_2_42523942:SNP.GA + 2B_2 * REG_2B_2_42523942:SNP.GA ]>
M  Contraint for 42522612:SNP.CG: 1 <= <gurobi.QuadExpr: 0.0 + [ 39 * REG_39_42522612:SNP.CG + 17 * REG_17_42522612:SNP.CG + 39_2 * REG_39_2_42522612:SNP.CG + 2B * REG_2B_42522612:SNP.CG + 17_2 * REG_17_2_42522612:SNP.CG + 2B_2 * REG_2B_2_42522612:SNP.CG ]>
M  Contraint for 42523942:SNP.GA: 1 <= <gurobi.QuadExpr: 0.0 + [ 17 * REG_17_42523942:SNP.GA + 34 * REG_34_42523942:SNP.GA + 2B * REG_2B_42523942:SNP.GA + 17_2 * REG_17_2_42523942:SNP.GA + 34_2 * REG_34_2_42523942:SNP.GA + 2B_2 * REG_2B_2_42523942:SNP.GA ]>
M  Contraint for 42525771:SNP.GA: 1 <= <gurobi.QuadExpr: 0.0 + [ 17 * REG_17_42525771:SNP.GA + 17_2 * REG_17_2_42525771:SNP.GA ]>
M  Contraint for 42523942:SNP.GA: 1 <= <gurobi.QuadExpr: 0.0 + [ 17 * REG_17_42523942:SNP.GA + 34 * REG_34_42523942:SNP.GA + 2B * REG_2B_42523942:SNP.GA + 17_2 * REG_17_2_42523942:SNP.GA + 34_2 * REG_34_2_42523942:SNP.GA + 2B_2 * REG_2B_2_42523942:SNP.GA ]>
M  Contraint for 42522612:SNP.CG: 1 <= <gurobi.QuadExpr: 0.0 + [ 39 * REG_39_42522612:SNP.CG + 17 * REG_17_42522612:SNP.CG + 39_2 * REG_39_2_42522612:SNP.CG + 2B * REG_2B_42522612:SNP.CG + 17_2 * REG_17_2_42522612:SNP.CG + 2B_2 * REG_2B_2_42522612:SNP.CG ]>
M  Contraint for 42523942:SNP.GA: 1 <= <gurobi.QuadExpr: 0.0 + [ 17 * REG_17_42523942:SNP.GA + 34 * REG_34_42523942:SNP.GA + 2B * REG_2B_42523942:SNP.GA + 17_2 * REG_17_2_42523942:SNP.GA + 34_2 * REG_34_2_42523942:SNP.GA + 2B_2 * REG_2B_2_42523942:SNP.GA ]>
CN Solver status: optimal, opt: 39.0
  solution:
    ('1', '17')
[32;01mCopy number best structures:[39;49;00m
[32;01m  (1) 2x*1-like[39;49;00m
== Refiner ==
Refining ('1', '17')
M  CN constraint for 1: 1 == <gurobi.LinExpr: 1 + 1C + 1B + 1E + 1D>
M  CN constraint for 17: 1 == <gurobi.LinExpr: 17 + 17W>
M  Contraint for 42524923:SNP.AG 6.4e: 0 == <gurobi.QuadExpr: 0.0 + [ 324.0 EXT_17_42524923:SNP.AG * 17 + 324.0 EXT_1_42524923:SNP.AG * 1 + 324.0 EXT_1C_42524923:SNP.AG * 1C + 324.0 EXT_1B_42524923:SNP.AG * 1B + 324.0 REG_1E_42524923:SNP.AG * 1E + 324.0 EXT_1D_42524923:SNP.AG * 1D + 324.0 EXT_17W_42524923:SNP.AG * 17W ]> + err
M  Contraint for 42525131:SNP.CG 6.3e: 307 == <gurobi.QuadExpr: 0.0 + [ 277.0 REG_17_42525131:SNP.CG * 17 + 277.0 EXT_1_42525131:SNP.CG * 1 + 277.0 EXT_1C_42525131:SNP.CG * 1C + 277.0 EXT_1B_42525131:SNP.CG * 1B + 277.0 EXT_1E_42525131:SNP.CG * 1E + 277.0 EXT_1D_42525131:SNP.CG * 1D + 277.0 REG_17W_42525131:SNP.CG * 17W ]> + err
M  Contraint for 42525771:REF 6.2e: 312 == <gurobi.QuadExpr: 307.5 17 + 307.5 1 + 307.5 1C + 307.5 1B + 307.5 1E + 307.5 1D + 307.5 17W + [ -307.5 REG_17_42525771:SNP.GA * 17 + -307.5 EXT_1_42525771:SNP.GA * 1 + -307.5 EXT_1C_42525771:SNP.GA * 1C + -307.5 EXT_1B_42525771:SNP.GA * 1B + -307.5 EXT_1E_42525771:SNP.GA * 1E + -307.5 EXT_1D_42525771:SNP.GA * 1D + -307.5 REG_17W_42525771:SNP.GA * 17W ]> + err
M  Contraint for 42522964:SNP.CT 6.8e: 0 == <gurobi.QuadExpr: 0.0 + [ 347.5 EXT_17_42522964:SNP.CT * 17 + 347.5 EXT_1_42522964:SNP.CT * 1 + 347.5 EXT_1C_42522964:SNP.CT * 1C + 347.5 REG_1B_42522964:SNP.CT * 1B + 347.5 EXT_1E_42522964:SNP.CT * 1E + 347.5 EXT_1D_42522964:SNP.CT * 1D + 347.5 EXT_17W_42522964:SNP.CT * 17W ]> + err
M  Contraint for 42523408:REF 6.7i: 422 == <gurobi.QuadExpr: 601.5 17 + 601.5 1 + 601.5 1C + 601.5 1B + 601.5 1E + 601.5 1D + 601.5 17W + [ -601.5 EXT_17_42523408:SNP.TG * 17 + -601.5 EXT_1_42523408:SNP.TG * 1 + -601.5 EXT_1C_42523408:SNP.TG * 1C + -601.5 EXT_1B_42523408:SNP.TG * 1B + -601.5 EXT_1E_42523408:SNP.TG * 1E + -601.5 EXT_1D_42523408:SNP.TG * 1D + -601.5 REG_17W_42523408:SNP.TG * 17W ]> + err
M  Contraint for 42524923:REF 6.4e: 648 == <gurobi.QuadExpr: 324.0 17 + 324.0 1 + 324.0 1C + 324.0 1B + 324.0 1E + 324.0 1D + 324.0 17W + [ -324.0 EXT_17_42524923:SNP.AG * 17 + -324.0 EXT_1_42524923:SNP.AG * 1 + -324.0 EXT_1C_42524923:SNP.AG * 1C + -324.0 EXT_1B_42524923:SNP.AG * 1B + -324.0 REG_1E_42524923:SNP.AG * 1E + -324.0 EXT_1D_42524923:SNP.AG * 1D + -324.0 EXT_17W_42524923:SNP.AG * 17W ]> + err
M  Contraint for 42522612:SNP.CG 6.9e: 253 == <gurobi.QuadExpr: 0.0 + [ 267.5 REG_17_42522612:SNP.CG * 17 + 267.5 EXT_1_42522612:SNP.CG * 1 + 267.5 EXT_1C_42522612:SNP.CG * 1C + 267.5 EXT_1B_42522612:SNP.CG * 1B + 267.5 EXT_1E_42522612:SNP.CG * 1E + 267.5 EXT_1D_42522612:SNP.CG * 1D + 267.5 REG_17W_42522612:SNP.CG * 17W ]> + err
M  Contraint for 42523942:REF 6.6e: 380 == <gurobi.QuadExpr: 379.5 17 + 379.5 1 + 379.5 1C + 379.5 1B + 379.5 1E + 379.5 1D + 379.5 17W + [ -379.5 REG_17_42523942:SNP.GA * 17 + -379.5 EXT_1_42523942:SNP.GA * 1 + -379.5 EXT_1C_42523942:SNP.GA * 1C + -379.5 EXT_1B_42523942:SNP.GA * 1B + -379.5 EXT_1E_42523942:SNP.GA * 1E + -379.5 EXT_1D_42523942:SNP.GA * 1D + -379.5 REG_17W_42523942:SNP.GA * 17W ]> + err
M  Contraint for 42528027:SNP.TC 6.0i: 71 == <gurobi.QuadExpr: 0.0 + [ 58.5 EXT_17_42528027:SNP.TC * 17 + 58.5 EXT_1_42528027:SNP.TC * 1 + 58.5 EXT_1C_42528027:SNP.TC * 1C + 58.5 EXT_1B_42528027:SNP.TC * 1B + 58.5 EXT_1E_42528027:SNP.TC * 1E + 58.5 EXT_1D_42528027:SNP.TC * 1D + 58.5 REG_17W_42528027:SNP.TC * 17W ]> + err
M  Contraint for 42522964:REF 6.8e: 695 == <gurobi.QuadExpr: 347.5 17 + 347.5 1 + 347.5 1C + 347.5 1B + 347.5 1E + 347.5 1D + 347.5 17W + [ -347.5 EXT_17_42522964:SNP.CT * 17 + -347.5 EXT_1_42522964:SNP.CT * 1 + -347.5 EXT_1C_42522964:SNP.CT * 1C + -347.5 REG_1B_42522964:SNP.CT * 1B + -347.5 EXT_1E_42522964:SNP.CT * 1E + -347.5 EXT_1D_42522964:SNP.CT * 1D + -347.5 EXT_17W_42522964:SNP.CT * 17W ]> + err
M  Contraint for 42528027:REF 6.0i: 46 == <gurobi.QuadExpr: 58.5 17 + 58.5 1 + 58.5 1C + 58.5 1B + 58.5 1E + 58.5 1D + 58.5 17W + [ -58.5 EXT_17_42528027:SNP.TC * 17 + -58.5 EXT_1_42528027:SNP.TC * 1 + -58.5 EXT_1C_42528027:SNP.TC * 1C + -58.5 EXT_1B_42528027:SNP.TC * 1B + -58.5 EXT_1E_42528027:SNP.TC * 1E + -58.5 EXT_1D_42528027:SNP.TC * 1D + -58.5 REG_17W_42528027:SNP.TC * 17W ]> + err
M  Contraint for 42525951:REF 6.1i: 372 == <gurobi.QuadExpr: 357.5 17 + 357.5 1 + 357.5 1C + 357.5 1B + 357.5 1E + 357.5 1D + 357.5 17W + [ -357.5 EXT_17_42525951:SNP.AC * 17 + -357.5 EXT_1_42525951:SNP.AC * 1 + -357.5 EXT_1C_42525951:SNP.AC * 1C + -357.5 EXT_1B_42525951:SNP.AC * 1B + -357.5 EXT_1E_42525951:SNP.AC * 1E + -357.5 EXT_1D_42525951:SNP.AC * 1D + -357.5 REG_17W_42525951:SNP.AC * 17W ]> + err
M  Contraint for 42524814:REF 6.4e: 937 == <gurobi.QuadExpr: 468.5 17 + 468.5 1 + 468.5 1C + 468.5 1B + 468.5 1E + 468.5 1D + 468.5 17W + [ -468.5 EXT_17_42524814:SNP.GA * 17 + -468.5 EXT_1_42524814:SNP.GA * 1 + -468.5 REG_1C_42524814:SNP.GA * 1C + -468.5 EXT_1B_42524814:SNP.GA * 1B + -468.5 EXT_1E_42524814:SNP.GA * 1E + -468.5 EXT_1D_42524814:SNP.GA * 1D + -468.5 EXT_17W_42524814:SNP.GA * 17W ]> + err
M  Contraint for 42526483:REF 6.1i: 429 == <gurobi.QuadExpr: 489.5 17 + 489.5 1 + 489.5 1C + 489.5 1B + 489.5 1E + 489.5 1D + 489.5 17W + [ -489.5 EXT_17_42526483:SNP.CA * 17 + -489.5 EXT_1_42526483:SNP.CA * 1 + -489.5 EXT_1C_42526483:SNP.CA * 1C + -489.5 EXT_1B_42526483:SNP.CA * 1B + -489.5 EXT_1E_42526483:SNP.CA * 1E + -489.5 EXT_1D_42526483:SNP.CA * 1D + -489.5 REG_17W_42526483:SNP.CA * 17W ]> + err
M  Contraint for 42525951:SNP.AC 6.1i: 343 == <gurobi.QuadExpr: 0.0 + [ 357.5 EXT_17_42525951:SNP.AC * 17 + 357.5 EXT_1_42525951:SNP.AC * 1 + 357.5 EXT_1C_42525951:SNP.AC * 1C + 357.5 EXT_1B_42525951:SNP.AC * 1B + 357.5 EXT_1E_42525951:SNP.AC * 1E + 357.5 EXT_1D_42525951:SNP.AC * 1D + 357.5 REG_17W_42525951:SNP.AC * 17W ]> + err
M  Contraint for 42525131:REF 6.3e: 247 == <gurobi.QuadExpr: 277.0 17 + 277.0 1 + 277.0 1C + 277.0 1B + 277.0 1E + 277.0 1D + 277.0 17W + [ -277.0 REG_17_42525131:SNP.CG * 17 + -277.0 EXT_1_42525131:SNP.CG * 1 + -277.0 EXT_1C_42525131:SNP.CG * 1C + -277.0 EXT_1B_42525131:SNP.CG * 1B + -277.0 EXT_1E_42525131:SNP.CG * 1E + -277.0 EXT_1D_42525131:SNP.CG * 1D + -277.0 REG_17W_42525131:SNP.CG * 17W ]> + err
M  Contraint for 42524814:SNP.GA 6.4e: 0 == <gurobi.QuadExpr: 0.0 + [ 468.5 EXT_17_42524814:SNP.GA * 17 + 468.5 EXT_1_42524814:SNP.GA * 1 + 468.5 REG_1C_42524814:SNP.GA * 1C + 468.5 EXT_1B_42524814:SNP.GA * 1B + 468.5 EXT_1E_42524814:SNP.GA * 1E + 468.5 EXT_1D_42524814:SNP.GA * 1D + 468.5 EXT_17W_42524814:SNP.GA * 17W ]> + err
M  Contraint for 42522612:REF 6.9e: 282 == <gurobi.QuadExpr: 267.5 17 + 267.5 1 + 267.5 1C + 267.5 1B + 267.5 1E + 267.5 1D + 267.5 17W + [ -267.5 REG_17_42522612:SNP.CG * 17 + -267.5 EXT_1_42522612:SNP.CG * 1 + -267.5 EXT_1C_42522612:SNP.CG * 1C + -267.5 EXT_1B_42522612:SNP.CG * 1B + -267.5 EXT_1E_42522612:SNP.CG * 1E + -267.5 EXT_1D_42522612:SNP.CG * 1D + -267.5 REG_17W_42522612:SNP.CG * 17W ]> + err
M  Contraint for 42524217:SNP.GT 6.5e: 0 == <gurobi.QuadExpr: 0.0 + [ 405.0 EXT_17_42524217:SNP.GT * 17 + 405.0 EXT_1_42524217:SNP.GT * 1 + 405.0 EXT_1C_42524217:SNP.GT * 1C + 405.0 EXT_1B_42524217:SNP.GT * 1B + 405.0 EXT_1E_42524217:SNP.GT * 1E + 405.0 REG_1D_42524217:SNP.GT * 1D + 405.0 EXT_17W_42524217:SNP.GT * 17W ]> + err
M  Contraint for 42525771:SNP.GA 6.2e: 303 == <gurobi.QuadExpr: 0.0 + [ 307.5 REG_17_42525771:SNP.GA * 17 + 307.5 EXT_1_42525771:SNP.GA * 1 + 307.5 EXT_1C_42525771:SNP.GA * 1C + 307.5 EXT_1B_42525771:SNP.GA * 1B + 307.5 EXT_1E_42525771:SNP.GA * 1E + 307.5 EXT_1D_42525771:SNP.GA * 1D + 307.5 REG_17W_42525771:SNP.GA * 17W ]> + err
M  Contraint for 42526483:SNP.CA 6.1i: 550 == <gurobi.QuadExpr: 0.0 + [ 489.5 EXT_17_42526483:SNP.CA * 17 + 489.5 EXT_1_42526483:SNP.CA * 1 + 489.5 EXT_1C_42526483:SNP.CA * 1C + 489.5 EXT_1B_42526483:SNP.CA * 1B + 489.5 EXT_1E_42526483:SNP.CA * 1E + 489.5 EXT_1D_42526483:SNP.CA * 1D + 489.5 REG_17W_42526483:SNP.CA * 17W ]> + err
M  Contraint for 42523408:SNP.TG 6.7i: 781 == <gurobi.QuadExpr: 0.0 + [ 601.5 EXT_17_42523408:SNP.TG * 17 + 601.5 EXT_1_42523408:SNP.TG * 1 + 601.5 EXT_1C_42523408:SNP.TG * 1C + 601.5 EXT_1B_42523408:SNP.TG * 1B + 601.5 EXT_1E_42523408:SNP.TG * 1E + 601.5 EXT_1D_42523408:SNP.TG * 1D + 601.5 REG_17W_42523408:SNP.TG * 17W ]> + err
M  Contraint for 42523942:SNP.GA 6.6e: 379 == <gurobi.QuadExpr: 0.0 + [ 379.5 REG_17_42523942:SNP.GA * 17 + 379.5 EXT_1_42523942:SNP.GA * 1 + 379.5 EXT_1C_42523942:SNP.GA * 1C + 379.5 EXT_1B_42523942:SNP.GA * 1B + 379.5 EXT_1E_42523942:SNP.GA * 1E + 379.5 EXT_1D_42523942:SNP.GA * 1D + 379.5 REG_17W_42523942:SNP.GA * 17W ]> + err
M  Contraint for 42524217:REF 6.5e: 810 == <gurobi.QuadExpr: 405.0 17 + 405.0 1 + 405.0 1C + 405.0 1B + 405.0 1E + 405.0 1D + 405.0 17W + [ -405.0 EXT_17_42524217:SNP.GT * 17 + -405.0 EXT_1_42524217:SNP.GT * 1 + -405.0 EXT_1C_42524217:SNP.GT * 1C + -405.0 EXT_1B_42524217:SNP.GT * 1B + -405.0 EXT_1E_42524217:SNP.GT * 1E + -405.0 REG_1D_42524217:SNP.GT * 1D + -405.0 EXT_17W_42524217:SNP.GT * 17W ]> + err
M  Contraint for MM[missing] 17 42523942:SNP.GA: <gurobi.Var 17> >= <gurobi.Var REG_17_42523942:SNP.GA>
M  Contraint for MM[missing] 17 42525131:SNP.CG: <gurobi.Var 17> >= <gurobi.Var REG_17_42525131:SNP.CG>
M  Contraint for MM[missing] 17 42522612:SNP.CG: <gurobi.Var 17> >= <gurobi.Var REG_17_42522612:SNP.CG>
M  Contraint for MM[missing] 17 42525771:SNP.GA: <gurobi.Var 17> >= <gurobi.Var REG_17_42525771:SNP.GA>
M  Contraint for MM[missing] 1C 42524814:SNP.GA: <gurobi.Var 1C> >= <gurobi.Var REG_1C_42524814:SNP.GA>
M  Contraint for MM[missing] 1B 42522964:SNP.CT: <gurobi.Var 1B> >= <gurobi.Var REG_1B_42522964:SNP.CT>
M  Contraint for MM[missing] 1E 42524923:SNP.AG: <gurobi.Var 1E> >= <gurobi.Var REG_1E_42524923:SNP.AG>
M  Contraint for MM[missing] 1D 42524217:SNP.GT: <gurobi.Var 1D> >= <gurobi.Var REG_1D_42524217:SNP.GT>
M  Contraint for MM[missing] 17W 42525131:SNP.CG: <gurobi.Var 17W> >= <gurobi.Var REG_17W_42525131:SNP.CG>
M  Contraint for MM[missing] 17W 42525951:SNP.AC: <gurobi.Var 17W> >= <gurobi.Var REG_17W_42525951:SNP.AC>
M  Contraint for MM[missing] 17W 42528027:SNP.TC: <gurobi.Var 17W> >= <gurobi.Var REG_17W_42528027:SNP.TC>
M  Contraint for MM[missing] 17W 42525771:SNP.GA: <gurobi.Var 17W> >= <gurobi.Var REG_17W_42525771:SNP.GA>
M  Contraint for MM[missing] 17W 42523408:SNP.TG: <gurobi.Var 17W> >= <gurobi.Var REG_17W_42523408:SNP.TG>
M  Contraint for MM[missing] 17W 42523942:SNP.GA: <gurobi.Var 17W> >= <gurobi.Var REG_17W_42523942:SNP.GA>
M  Contraint for MM[missing] 17W 42526483:SNP.CA: <gurobi.Var 17W> >= <gurobi.Var REG_17W_42526483:SNP.CA>
M  Contraint for MM[missing] 17W 42522612:SNP.CG: <gurobi.Var 17W> >= <gurobi.Var REG_17W_42522612:SNP.CG>
M  Contraint for MA[extra] 17 42524814:SNP.GA: <gurobi.Var 17> >= <gurobi.Var EXT_17_42524814:SNP.GA>
M  Contraint for MA[extra] 17 42524923:SNP.AG: <gurobi.Var 17> >= <gurobi.Var EXT_17_42524923:SNP.AG>
M  Contraint for MA[extra] 17 42525951:SNP.AC: <gurobi.Var 17> >= <gurobi.Var EXT_17_42525951:SNP.AC>
M  Contraint for MA[extra] 17 42522964:SNP.CT: <gurobi.Var 17> >= <gurobi.Var EXT_17_42522964:SNP.CT>
M  Contraint for MA[extra] 17 42528027:SNP.TC: <gurobi.Var 17> >= <gurobi.Var EXT_17_42528027:SNP.TC>
M  Contraint for MA[extra] 17 42524217:SNP.GT: <gurobi.Var 17> >= <gurobi.Var EXT_17_42524217:SNP.GT>
M  Contraint for MA[extra] 17 42523408:SNP.TG: <gurobi.Var 17> >= <gurobi.Var EXT_17_42523408:SNP.TG>
M  Contraint for MA[extra] 17 42526483:SNP.CA: <gurobi.Var 17> >= <gurobi.Var EXT_17_42526483:SNP.CA>
M  Contraint for MA[extra] 1 42524814:SNP.GA: <gurobi.Var 1> >= <gurobi.Var EXT_1_42524814:SNP.GA>
M  Contraint for MA[extra] 1 42524923:SNP.AG: <gurobi.Var 1> >= <gurobi.Var EXT_1_42524923:SNP.AG>
M  Contraint for MA[extra] 1 42525951:SNP.AC: <gurobi.Var 1> >= <gurobi.Var EXT_1_42525951:SNP.AC>
M  Contraint for MA[extra] 1 42525131:SNP.CG: <gurobi.Var 1> >= <gurobi.Var EXT_1_42525131:SNP.CG>
M  Contraint for MA[extra] 1 42522964:SNP.CT: <gurobi.Var 1> >= <gurobi.Var EXT_1_42522964:SNP.CT>
M  Contraint for MA[extra] 1 42528027:SNP.TC: <gurobi.Var 1> >= <gurobi.Var EXT_1_42528027:SNP.TC>
M  Contraint for MA[extra] 1 42524217:SNP.GT: <gurobi.Var 1> >= <gurobi.Var EXT_1_42524217:SNP.GT>
M  Contraint for MA[extra] 1 42525771:SNP.GA: <gurobi.Var 1> >= <gurobi.Var EXT_1_42525771:SNP.GA>
M  Contraint for MA[extra] 1 42523408:SNP.TG: <gurobi.Var 1> >= <gurobi.Var EXT_1_42523408:SNP.TG>
M  Contraint for MA[extra] 1 42523942:SNP.GA: <gurobi.Var 1> >= <gurobi.Var EXT_1_42523942:SNP.GA>
M  Contraint for MA[extra] 1 42526483:SNP.CA: <gurobi.Var 1> >= <gurobi.Var EXT_1_42526483:SNP.CA>
M  Contraint for MA[extra] 1 42522612:SNP.CG: <gurobi.Var 1> >= <gurobi.Var EXT_1_42522612:SNP.CG>
M  Contraint for MA[extra] 1C 42524923:SNP.AG: <gurobi.Var 1C> >= <gurobi.Var EXT_1C_42524923:SNP.AG>
M  Contraint for MA[extra] 1C 42525951:SNP.AC: <gurobi.Var 1C> >= <gurobi.Var EXT_1C_42525951:SNP.AC>
M  Contraint for MA[extra] 1C 42525131:SNP.CG: <gurobi.Var 1C> >= <gurobi.Var EXT_1C_42525131:SNP.CG>
M  Contraint for MA[extra] 1C 42522964:SNP.CT: <gurobi.Var 1C> >= <gurobi.Var EXT_1C_42522964:SNP.CT>
M  Contraint for MA[extra] 1C 42528027:SNP.TC: <gurobi.Var 1C> >= <gurobi.Var EXT_1C_42528027:SNP.TC>
M  Contraint for MA[extra] 1C 42524217:SNP.GT: <gurobi.Var 1C> >= <gurobi.Var EXT_1C_42524217:SNP.GT>
M  Contraint for MA[extra] 1C 42525771:SNP.GA: <gurobi.Var 1C> >= <gurobi.Var EXT_1C_42525771:SNP.GA>
M  Contraint for MA[extra] 1C 42523408:SNP.TG: <gurobi.Var 1C> >= <gurobi.Var EXT_1C_42523408:SNP.TG>
M  Contraint for MA[extra] 1C 42523942:SNP.GA: <gurobi.Var 1C> >= <gurobi.Var EXT_1C_42523942:SNP.GA>
M  Contraint for MA[extra] 1C 42526483:SNP.CA: <gurobi.Var 1C> >= <gurobi.Var EXT_1C_42526483:SNP.CA>
M  Contraint for MA[extra] 1C 42522612:SNP.CG: <gurobi.Var 1C> >= <gurobi.Var EXT_1C_42522612:SNP.CG>
M  Contraint for MA[extra] 1B 42524814:SNP.GA: <gurobi.Var 1B> >= <gurobi.Var EXT_1B_42524814:SNP.GA>
M  Contraint for MA[extra] 1B 42524923:SNP.AG: <gurobi.Var 1B> >= <gurobi.Var EXT_1B_42524923:SNP.AG>
M  Contraint for MA[extra] 1B 42525131:SNP.CG: <gurobi.Var 1B> >= <gurobi.Var EXT_1B_42525131:SNP.CG>
M  Contraint for MA[extra] 1B 42525951:SNP.AC: <gurobi.Var 1B> >= <gurobi.Var EXT_1B_42525951:SNP.AC>
M  Contraint for MA[extra] 1B 42528027:SNP.TC: <gurobi.Var 1B> >= <gurobi.Var EXT_1B_42528027:SNP.TC>
M  Contraint for MA[extra] 1B 42524217:SNP.GT: <gurobi.Var 1B> >= <gurobi.Var EXT_1B_42524217:SNP.GT>
M  Contraint for MA[extra] 1B 42525771:SNP.GA: <gurobi.Var 1B> >= <gurobi.Var EXT_1B_42525771:SNP.GA>
M  Contraint for MA[extra] 1B 42523408:SNP.TG: <gurobi.Var 1B> >= <gurobi.Var EXT_1B_42523408:SNP.TG>
M  Contraint for MA[extra] 1B 42523942:SNP.GA: <gurobi.Var 1B> >= <gurobi.Var EXT_1B_42523942:SNP.GA>
M  Contraint for MA[extra] 1B 42526483:SNP.CA: <gurobi.Var 1B> >= <gurobi.Var EXT_1B_42526483:SNP.CA>
M  Contraint for MA[extra] 1B 42522612:SNP.CG: <gurobi.Var 1B> >= <gurobi.Var EXT_1B_42522612:SNP.CG>
M  Contraint for MA[extra] 1E 42524814:SNP.GA: <gurobi.Var 1E> >= <gurobi.Var EXT_1E_42524814:SNP.GA>
M  Contraint for MA[extra] 1E 42525951:SNP.AC: <gurobi.Var 1E> >= <gurobi.Var EXT_1E_42525951:SNP.AC>
M  Contraint for MA[extra] 1E 42525131:SNP.CG: <gurobi.Var 1E> >= <gurobi.Var EXT_1E_42525131:SNP.CG>
M  Contraint for MA[extra] 1E 42522964:SNP.CT: <gurobi.Var 1E> >= <gurobi.Var EXT_1E_42522964:SNP.CT>
M  Contraint for MA[extra] 1E 42528027:SNP.TC: <gurobi.Var 1E> >= <gurobi.Var EXT_1E_42528027:SNP.TC>
M  Contraint for MA[extra] 1E 42524217:SNP.GT: <gurobi.Var 1E> >= <gurobi.Var EXT_1E_42524217:SNP.GT>
M  Contraint for MA[extra] 1E 42525771:SNP.GA: <gurobi.Var 1E> >= <gurobi.Var EXT_1E_42525771:SNP.GA>
M  Contraint for MA[extra] 1E 42523408:SNP.TG: <gurobi.Var 1E> >= <gurobi.Var EXT_1E_42523408:SNP.TG>
M  Contraint for MA[extra] 1E 42523942:SNP.GA: <gurobi.Var 1E> >= <gurobi.Var EXT_1E_42523942:SNP.GA>
M  Contraint for MA[extra] 1E 42526483:SNP.CA: <gurobi.Var 1E> >= <gurobi.Var EXT_1E_42526483:SNP.CA>
M  Contraint for MA[extra] 1E 42522612:SNP.CG: <gurobi.Var 1E> >= <gurobi.Var EXT_1E_42522612:SNP.CG>
M  Contraint for MA[extra] 1D 42524814:SNP.GA: <gurobi.Var 1D> >= <gurobi.Var EXT_1D_42524814:SNP.GA>
M  Contraint for MA[extra] 1D 42524923:SNP.AG: <gurobi.Var 1D> >= <gurobi.Var EXT_1D_42524923:SNP.AG>
M  Contraint for MA[extra] 1D 42525951:SNP.AC: <gurobi.Var 1D> >= <gurobi.Var EXT_1D_42525951:SNP.AC>
M  Contraint for MA[extra] 1D 42525131:SNP.CG: <gurobi.Var 1D> >= <gurobi.Var EXT_1D_42525131:SNP.CG>
M  Contraint for MA[extra] 1D 42522964:SNP.CT: <gurobi.Var 1D> >= <gurobi.Var EXT_1D_42522964:SNP.CT>
M  Contraint for MA[extra] 1D 42528027:SNP.TC: <gurobi.Var 1D> >= <gurobi.Var EXT_1D_42528027:SNP.TC>
M  Contraint for MA[extra] 1D 42525771:SNP.GA: <gurobi.Var 1D> >= <gurobi.Var EXT_1D_42525771:SNP.GA>
M  Contraint for MA[extra] 1D 42523408:SNP.TG: <gurobi.Var 1D> >= <gurobi.Var EXT_1D_42523408:SNP.TG>
M  Contraint for MA[extra] 1D 42523942:SNP.GA: <gurobi.Var 1D> >= <gurobi.Var EXT_1D_42523942:SNP.GA>
M  Contraint for MA[extra] 1D 42526483:SNP.CA: <gurobi.Var 1D> >= <gurobi.Var EXT_1D_42526483:SNP.CA>
M  Contraint for MA[extra] 1D 42522612:SNP.CG: <gurobi.Var 1D> >= <gurobi.Var EXT_1D_42522612:SNP.CG>
M  Contraint for MA[extra] 17W 42524814:SNP.GA: <gurobi.Var 17W> >= <gurobi.Var EXT_17W_42524814:SNP.GA>
M  Contraint for MA[extra] 17W 42524923:SNP.AG: <gurobi.Var 17W> >= <gurobi.Var EXT_17W_42524923:SNP.AG>
M  Contraint for MA[extra] 17W 42524217:SNP.GT: <gurobi.Var 17W> >= <gurobi.Var EXT_17W_42524217:SNP.GT>
M  Contraint for MA[extra] 17W 42522964:SNP.CT: <gurobi.Var 17W> >= <gurobi.Var EXT_17W_42522964:SNP.CT>
M  Objective: <gurobi.LinExpr: C115 + C116 + C117 + C118 + C119 + C120 + C121 + C122 + C123 + C124 + C125 + C126 + C127 + C128 + C129 + C130 + C131 + C132 + C133 + C134 + C135 + C136 + C137 + C138 + EXT_17_42524814:SNP.GA + EXT_17_42524923:SNP.AG + EXT_17_42525951:SNP.AC + EXT_17_42522964:SNP.CT + EXT_17_42528027:SNP.TC + EXT_17_42524217:SNP.GT + EXT_17_42523408:SNP.TG + EXT_17_42526483:SNP.CA + EXT_1_42524814:SNP.GA + EXT_1_42524923:SNP.AG + EXT_1_42525951:SNP.AC + EXT_1_42525131:SNP.CG + EXT_1_42522964:SNP.CT + EXT_1_42528027:SNP.TC + EXT_1_42524217:SNP.GT + EXT_1_42525771:SNP.GA + EXT_1_42523408:SNP.TG + EXT_1_42523942:SNP.GA + EXT_1_42526483:SNP.CA + EXT_1_42522612:SNP.CG + EXT_1C_42524923:SNP.AG + EXT_1C_42525951:SNP.AC + EXT_1C_42525131:SNP.CG + EXT_1C_42522964:SNP.CT + EXT_1C_42528027:SNP.TC + EXT_1C_42524217:SNP.GT + EXT_1C_42525771:SNP.GA + EXT_1C_42523408:SNP.TG + EXT_1C_42523942:SNP.GA + EXT_1C_42526483:SNP.CA + EXT_1C_42522612:SNP.CG + EXT_1B_42524814:SNP.GA + EXT_1B_42524923:SNP.AG + EXT_1B_42525131:SNP.CG + EXT_1B_42525951:SNP.AC + EXT_1B_42528027:SNP.TC + EXT_1B_42524217:SNP.GT + EXT_1B_42525771:SNP.GA + EXT_1B_42523408:SNP.TG + EXT_1B_42523942:SNP.GA + EXT_1B_42526483:SNP.CA + EXT_1B_42522612:SNP.CG + EXT_1E_42524814:SNP.GA + EXT_1E_42525951:SNP.AC + EXT_1E_42525131:SNP.CG + EXT_1E_42522964:SNP.CT + EXT_1E_42528027:SNP.TC + EXT_1E_42524217:SNP.GT + EXT_1E_42525771:SNP.GA + EXT_1E_42523408:SNP.TG + EXT_1E_42523942:SNP.GA + EXT_1E_42526483:SNP.CA + EXT_1E_42522612:SNP.CG + EXT_1D_42524814:SNP.GA + EXT_1D_42524923:SNP.AG + EXT_1D_42525951:SNP.AC + EXT_1D_42525131:SNP.CG + EXT_1D_42522964:SNP.CT + EXT_1D_42528027:SNP.TC + EXT_1D_42525771:SNP.GA + EXT_1D_42523408:SNP.TG + EXT_1D_42523942:SNP.GA + EXT_1D_42526483:SNP.CA + EXT_1D_42522612:SNP.CG + EXT_17W_42524814:SNP.GA + EXT_17W_42524923:SNP.AG + EXT_17W_42524217:SNP.GT + EXT_17W_42522964:SNP.CT + W>
M  Contraint for 17: <gurobi.LinExpr: REG_17_42525771:SNP.GA + REG_17_42523942:SNP.GA + REG_17_42522612:SNP.CG> = 3 * A_<gurobi.Var 17>
M  Contraint for 17W: <gurobi.LinExpr: REG_17W_42525771:SNP.GA + REG_17W_42523942:SNP.GA + REG_17W_42522612:SNP.CG> = 3 * A_<gurobi.Var 17W>
M  Contraint for 42524814:SNP.GA: 0 >= <gurobi.LinExpr: REG_1C_42524814:SNP.GA>
M  Contraint for 42522964:SNP.CT: 0 >= <gurobi.LinExpr: REG_1B_42522964:SNP.CT>
M  Contraint for 42524923:SNP.AG: 0 >= <gurobi.LinExpr: REG_1E_42524923:SNP.AG>
M  Contraint for 42524217:SNP.GT: 0 >= <gurobi.LinExpr: REG_1D_42524217:SNP.GT>
M  Contraint for 42524923:SNP.AG: 0 <= <gurobi.QuadExpr: 0.0 + [ REG_1E_42524923:SNP.AG * 1E + EXT_17_42524923:SNP.AG * 17 + EXT_1_42524923:SNP.AG * 1 + EXT_1C_42524923:SNP.AG * 1C + EXT_1B_42524923:SNP.AG * 1B + EXT_1D_42524923:SNP.AG * 1D + EXT_17W_42524923:SNP.AG * 17W ]> <= 1
M  Contraint for 42525131:SNP.CG: 1 <= <gurobi.QuadExpr: 0.0 + [ REG_17_42525131:SNP.CG * 17 + REG_17W_42525131:SNP.CG * 17W + EXT_1_42525131:SNP.CG * 1 + EXT_1C_42525131:SNP.CG * 1C + EXT_1B_42525131:SNP.CG * 1B + EXT_1E_42525131:SNP.CG * 1E + EXT_1D_42525131:SNP.CG * 1D ]> <= 2
M  Contraint for 42522964:SNP.CT: 0 <= <gurobi.QuadExpr: 0.0 + [ REG_1B_42522964:SNP.CT * 1B + EXT_17_42522964:SNP.CT * 17 + EXT_1_42522964:SNP.CT * 1 + EXT_1C_42522964:SNP.CT * 1C + EXT_1E_42522964:SNP.CT * 1E + EXT_1D_42522964:SNP.CT * 1D + EXT_17W_42522964:SNP.CT * 17W ]> <= 1
M  Contraint for 42523408:SNP.TG: 1 <= <gurobi.QuadExpr: 0.0 + [ REG_17W_42523408:SNP.TG * 17W + EXT_17_42523408:SNP.TG * 17 + EXT_1_42523408:SNP.TG * 1 + EXT_1C_42523408:SNP.TG * 1C + EXT_1B_42523408:SNP.TG * 1B + EXT_1E_42523408:SNP.TG * 1E + EXT_1D_42523408:SNP.TG * 1D ]> <= 2
M  Contraint for 42528027:SNP.TC: 1 <= <gurobi.QuadExpr: 0.0 + [ REG_17W_42528027:SNP.TC * 17W + EXT_17_42528027:SNP.TC * 17 + EXT_1_42528027:SNP.TC * 1 + EXT_1C_42528027:SNP.TC * 1C + EXT_1B_42528027:SNP.TC * 1B + EXT_1E_42528027:SNP.TC * 1E + EXT_1D_42528027:SNP.TC * 1D ]> <= 2
M  Contraint for 42524814:SNP.GA: 0 <= <gurobi.QuadExpr: 0.0 + [ REG_1C_42524814:SNP.GA * 1C + EXT_17_42524814:SNP.GA * 17 + EXT_1_42524814:SNP.GA * 1 + EXT_1B_42524814:SNP.GA * 1B + EXT_1E_42524814:SNP.GA * 1E + EXT_1D_42524814:SNP.GA * 1D + EXT_17W_42524814:SNP.GA * 17W ]> <= 1
M  Contraint for 42524217:SNP.GT: 0 <= <gurobi.QuadExpr: 0.0 + [ REG_1D_42524217:SNP.GT * 1D + EXT_17_42524217:SNP.GT * 17 + EXT_1_42524217:SNP.GT * 1 + EXT_1C_42524217:SNP.GT * 1C + EXT_1B_42524217:SNP.GT * 1B + EXT_1E_42524217:SNP.GT * 1E + EXT_17W_42524217:SNP.GT * 17W ]> <= 1
M  Contraint for 42525771:SNP.GA: 1 <= <gurobi.QuadExpr: 0.0 + [ REG_17_42525771:SNP.GA * 17 + REG_17W_42525771:SNP.GA * 17W ]> <= 1
M  Contraint for 42525771:SNP.GA: <gurobi.QuadExpr: 0.0 + [ REG_17_42525771:SNP.GA * 17 + REG_17W_42525771:SNP.GA * 17W ]> <= 1
M  Contraint for 42525951:SNP.AC: 1 <= <gurobi.QuadExpr: 0.0 + [ REG_17W_42525951:SNP.AC * 17W + EXT_17_42525951:SNP.AC * 17 + EXT_1_42525951:SNP.AC * 1 + EXT_1C_42525951:SNP.AC * 1C + EXT_1B_42525951:SNP.AC * 1B + EXT_1E_42525951:SNP.AC * 1E + EXT_1D_42525951:SNP.AC * 1D ]> <= 1
M  Contraint for 42523942:SNP.GA: 1 <= <gurobi.QuadExpr: 0.0 + [ REG_17_42523942:SNP.GA * 17 + REG_17W_42523942:SNP.GA * 17W ]> <= 1
M  Contraint for 42523942:SNP.GA: <gurobi.QuadExpr: 0.0 + [ REG_17_42523942:SNP.GA * 17 + REG_17W_42523942:SNP.GA * 17W ]> <= 1
M  Contraint for 42526483:SNP.CA: 1 <= <gurobi.QuadExpr: 0.0 + [ REG_17W_42526483:SNP.CA * 17W + EXT_17_42526483:SNP.CA * 17 + EXT_1_42526483:SNP.CA * 1 + EXT_1C_42526483:SNP.CA * 1C + EXT_1B_42526483:SNP.CA * 1B + EXT_1E_42526483:SNP.CA * 1E + EXT_1D_42526483:SNP.CA * 1D ]> <= 2
M  Contraint for 42522612:SNP.CG: 1 <= <gurobi.QuadExpr: 0.0 + [ REG_17_42522612:SNP.CG * 17 + REG_17W_42522612:SNP.CG * 17W ]> <= 1
M  Contraint for 42522612:SNP.CG: <gurobi.QuadExpr: 0.0 + [ REG_17_42522612:SNP.CG * 17 + REG_17W_42522612:SNP.CG * 17W ]> <= 1
CN Solver status: optimal, opt: 633.0
  1: 1
  17W: 1
    6.3e 42525131:SNP.CG  307 ( 55 cp. 1) 
    6.1i 42525951:SNP.AC  343 ( 48 cp. 1) 
    6.0i 42528027:SNP.TC   71 ( 61 cp. 1) 
    6.2e 42525771:SNP.GA  303 ( 49 cp. 1) F
    6.7i 42523408:SNP.TG  781 ( 65 cp. 1) 
    6.6e 42523942:SNP.GA  379 ( 50 cp. 1) F
    6.1i 42526483:SNP.CA  550 ( 56 cp. 1) 
    6.9e 42522612:SNP.CG  253 ( 47 cp. 1) F
Missing:
  1: 1
  17W: 1
Extra:
  1: 1
  17W: 1
Time needed: (46.8)
Result is: [('1', '17W')]
