SAM file: bams/NA19834.bam
File bams/NA19834.bam has index
Coverage is 146.891984605
== Allele Filter ==
 6.0i   15989039: SNP.CG                  587 ( 50%) ~     0 (  0)
 6.0i   15989183: SNP.GA                  439 ( 44%) ~     3 (  1)
 6.0i   15989404: SNP.CT                  228 ( 32%) ~    77 ( 34)
 6.11i  15990047: SNP.GA                   94 ( 47%) ~     0 (  0)
 6.8i   15996348: SNP.TA                    5 (100%) ~     0 (  0)
 6.8i   15996482: INS.g                    24 ( 51%) ~     0 (  0)
 6.8e   15996819: SNP.GA                  143 ( 42%) ~     0 (  0)
 6.6i   15997136: INS.c                   420 ( 40%) ~     0 (  0)
 6.6i   15997563: SNP.GA                   24 ( 45%) ~     0 (  0)
 6.6i   15997592: SNP.AT                    3 (  7%) ~     0 (  0)
 6.6i   15997619: SNP.AT                    2 (  7%) ~     0 (  0)
 6.6i   15997625: DEL.TC                    2 (  7%) ~     0 (  0)
 6.6i   16000036: SNP.CT                    2 (  6%) ~     0 (  0)
 6.6i   16000165: SNP.TC                   76 ( 55%) ~     0 (  0)
 6.5i   16000608: SNP.TA                   41 ( 54%) ~     0 (  0)
 6.4i   16001739: SNP.AG                  786 ( 54%) ~     0 (  0)
 6.4i   16001851: SNP.TG                  725 ( 53%) ~     0 (  0)
 6.4i   16002302: SNP.AC                  143 ( 10%) ~     0 (  0)
 6.2i   16004537: SNP.AG                   69 ( 49%) ~     0 (  0)
 6.2i   16004979: SNP.CT                   17 ( 47%) ~     0 (  0)
 6.1i   16006756: SNP.AC                    2 (  7%) ~     0 (  0)
 6.1i   16006878: SNP.CT                    2 ( 29%) ~     0 (  0)
Removing 2     6.1e 16008387:SNP.AC
Removing 3     6.10e 15990430:SNP.CT
Removing 4     6.1e 16008387:SNP.AC,  6.10e 15990430:SNP.CT
Initial status
  CYP2D6.1
== Copy Number Estimator ==
CNV factor: 1.2814250037 (0.780381213971)
Coverage per region
  region:  2D6  2D7
  0i   :  1.81
  1e   :  2.22
  1i   :  2.11
  2e   :  2.00
  2i   :  1.98
  3e   :  1.91
  3i   :  1.87
  4e   :  2.06
  4i   :  1.97
  5e   :  1.89
  5i   :  1.86
  6e   :  1.91
  6i   :  1.88
  7e   :  1.68
  7i   :  1.71
  8e   :  1.98
  8i   :  2.12
  9e   :  1.79
  9i   :  2.02
  10e  :  2.09
  10i  :  1.84
  11e  :  1.72
  11i  :  1.67
  12e  :  1.70
Max. CN = 2
M  Sentinel contraint for 1: A_1^ <= A_1
M  Contraint for 7e: 1.67537573148 == E_7e + <gurobi.LinExpr: A1 + A1^>
M  Contraint for 6e: 1.9086388865 == E_6e + <gurobi.LinExpr: A1 + A1^>
M  Contraint for 9e: 1.78615761521 == E_9e + <gurobi.LinExpr: A1 + A1^>
M  Contraint for 8e: 1.97955581001 == E_8e + <gurobi.LinExpr: A1 + A1^>
M  Contraint for 2e: 2.00205356206 == E_2e + <gurobi.LinExpr: A1 + A1^>
M  Contraint for 1e: 2.21535048333 == E_1e + <gurobi.LinExpr: A1 + A1^>
M  Contraint for 5e: 1.89251909887 == E_5e + <gurobi.LinExpr: A1 + A1^>
M  Contraint for 4e: 2.05592930914 == E_4e + <gurobi.LinExpr: A1 + A1^>
M  Contraint for 3e: 1.91106816454 == E_3e + <gurobi.LinExpr: A1 + A1^>
M  Objective: <gurobi.LinExpr: C11 + C12 + C13 + C14 + C15 + C16 + C17 + C18 + C19 + 0.5 A1 + 0.5 A1^>
CN Solver status: optimal, opt: 2.12001804792
  Solutions:
    ('1', '1^')
== Initial Solver ==
Solving Counter({'1': 2})
Possible candidates:
  CYP2D6.1
M  Max. CN for 1 = 2
M  CN contraint for 1: 2 == <gurobi.LinExpr: 1 + 1_2>
M  Sentinel contraint for 1: A_1_2 <= A_1
M  Objective: 0
CN Solver status: optimal, opt: 0.0
  solution:
    ('1', '1')
[32;01mCopy number best structures:[39;49;00m
[32;01m  (1) 2x*1-like[39;49;00m
== Refiner ==
Refining ('1', '1')
M  Sentinel constraint for 1: A_1_2 <= A_1
M  CN constraint for 1: 2 == <gurobi.LinExpr: 1 + 1_2>
M  Objective: <gurobi.LinExpr: W>
CN Solver status: optimal, opt: 0.0
  1: 1
  1_2: 1
Missing:
  1: 1
  1_2: 1
Extra:
  1: 1
  1_2: 1
Time needed: (16.1)
Result is: [('1', '1')]
