SAM file: bams/NA19684.bam
File bams/NA19684.bam has index
Coverage is 112.466068604
== Allele Filter ==
 6.0i   15988657: SNP.TC                   47 ( 57%) ~     0 (  0)
 6.0i   15988752: DEL.TT                  133 ( 54%) ~     0 (  0)
 6.0i   15989039: SNP.CG                  494 ( 53%) ~     0 (  0)
 6.11i  15989870: SNP.TA                   26 ( 43%) ~     0 (  0)
 6.11i  15989902: SNP.TC                    4 (  7%) ~     0 (  0)
 6.11i  15990047: SNP.GA                   75 ( 53%) ~     0 (  0)
 6.8i   15996348: SNP.TA                    3 (100%) ~     0 (  0)
 6.8i   15996482: INS.g                    17 ( 68%) ~     0 (  0)
 6.6i   15997421: SNP.AC                   96 ( 46%) ~     0 (  0)
 6.6i   15997535: SNP.GC                   19 ( 42%) ~     0 (  0)
 6.6i   15999626: SNP.CT                    3 (100%) ~     0 (  0)
 6.6i   16000165: SNP.TC                   59 ( 55%) ~     0 (  0)
 6.5i   16000509: SNP.GT                   80 ( 46%) ~     0 (  0)
 6.4i   16001739: SNP.AG                 1106 (100%) ~     0 (  0)
 6.4i   16001851: SNP.TG                 1040 (100%) ~     0 (  0)
 6.4i   16002302: SNP.AC                  103 (  9%) ~     0 (  0)
 6.4i   16002655: SNP.GC                  453 ( 53%) ~     0 (  0)
 6.2i   16003650: SNP.TC                  223 ( 49%) ~     0 (  0)
 6.2i   16004370: SNP.AT                   69 ( 54%) ~     0 (  0)
 6.2i   16004395: SNP.CG                   51 ( 53%) ~     0 (  0)
 6.2i   16004537: SNP.AG                   45 ( 58%) ~     0 (  0)
 6.2i   16004799: SNP.CA                   87 ( 53%) ~     0 (  0)
 6.2i   16005002: SNP.CT                    6 ( 46%) ~     0 (  0)
 6.2i   16005015: SNP.GA                    9 ( 69%) ~     0 (  0)
 6.2i   16005018: SNP.TC                    8 ( 67%) ~     0 (  0)
 6.2i   16005103: SNP.CT                    5 ( 62%) ~     0 (  0)
 6.2i   16006073: SNP.TA                   39 ( 54%) ~     0 (  0)
 6.2i   16006100: SNP.TC                   45 ( 57%) ~     0 (  0)
 6.2i   16006177: SNP.AG                  100 ( 47%) ~     0 (  0)
 6.2e   16006412: SNP.GA                  197 ( 50%) ~     0 (  0)
 6.1i   16006610: SNP.TC                   59 ( 53%) ~     0 (  0)
 6.1i   16006677: DEL.TCTG                 37 ( 84%) ~     0 (  0)
 6.1i   16006717: SNP.GA                    4 ( 18%) ~     0 (  0)
 6.1i   16006717: INS.atct                  2 (  9%) ~     0 (  0)
 6.1i   16006878: SNP.CT                    3 (100%) ~     0 (  0)
 6.1i   16007783: SNP.AG                    3 ( 50%) ~     0 (  0)
 6.1i   16007974: SNP.TG                    4 (  7%) ~     0 (  0)
 6.1i   16008098: SNP.TC                  132 ( 51%) ~     0 (  0)
 6.1e   16008256: SNP.TC                  224 ( 45%) ~     0 (  0)
 6.1e   16008387: SNP.AC     34:T>G       128 ( 53%) ~     0 (  0)
Removing 3     6.10e 15990430:SNP.CT
Removing 4     6.10e 15990430:SNP.CT
Initial status
  CYP2D6.1
  CYP2D6.2
    6.1e           16008387:SNP.AC  128 ( 53) F 34:T>G
== Copy Number Estimator ==
CNV factor: 1.78025383477 (0.561717649735)
Coverage per region
  region:  2D6  2D7
  0i   :  2.09
  1e   :  1.93
  1i   :  2.01
  2e   :  2.09
  2i   :  2.09
  3e   :  2.05
  3i   :  1.91
  4e   :  2.08
  4i   :  2.00
  5e   :  1.87
  5i   :  1.70
  6e   :  2.09
  6i   :  2.07
  7e   :  1.84
  7i   :  1.80
  8e   :  2.03
  8i   :  2.53
  9e   :  1.85
  9i   :  2.03
  10e  :  2.05
  10i  :  1.94
  11e  :  1.80
  11i  :  1.68
  12e  :  1.87
Max. CN = 3
M  Sentinel contraint for 1: A_1^ <= A_1
M  Contraint for 7e: 1.837197981 == E_7e + <gurobi.LinExpr: A1 + A1^>
M  Contraint for 6e: 2.08829611217 == E_6e + <gurobi.LinExpr: A1 + A1^>
M  Contraint for 9e: 1.84589909731 == E_9e + <gurobi.LinExpr: A1 + A1^>
M  Contraint for 8e: 2.03203348659 == E_8e + <gurobi.LinExpr: A1 + A1^>
M  Contraint for 2e: 2.09477863921 == E_2e + <gurobi.LinExpr: A1 + A1^>
M  Contraint for 1e: 1.92781528624 == E_1e + <gurobi.LinExpr: A1 + A1^>
M  Contraint for 5e: 1.87267552322 == E_5e + <gurobi.LinExpr: A1 + A1^>
M  Contraint for 4e: 2.08464445088 == E_4e + <gurobi.LinExpr: A1 + A1^>
M  Contraint for 3e: 2.05408816046 == E_3e + <gurobi.LinExpr: A1 + A1^>
M  Objective: <gurobi.LinExpr: C11 + C12 + C13 + C14 + C15 + C16 + C17 + C18 + C19 + 0.5 A1 + 0.5 A1^>
CN Solver status: optimal, opt: 1.87025296154
  Solutions:
    ('1', '1^')
== Initial Solver ==
Solving Counter({'1': 2})
Possible candidates:
  CYP2D6.1
  CYP2D6.2
    6.1e 16008387:SNP.AC  128 ( 53) F 34:T>G
M  Max. CN for 1 = 2
M  Max. CN for 2 = 2
M  Contraint for 16008387:REF 6.1e: 114 == <gurobi.QuadExpr: 121.0 1 + 121.0 2_2 + 121.0 2 + 121.0 1_2 + [ -121.0 REG_2_2_16008387:SNP.AC * 2_2 + -121.0 REG_2_16008387:SNP.AC * 2 ]> + err
M  Contraint for 16008387:SNP.AC 6.1e: 128 == <gurobi.QuadExpr: 0.0 + [ 121.0 REG_2_2_16008387:SNP.AC * 2_2 + 121.0 REG_2_16008387:SNP.AC * 2 ]> + err
M  Contraint for 2_2 16008387:SNP.AC: <gurobi.Var 2_2> >= <gurobi.Var REG_2_2_16008387:SNP.AC>
M  Contraint for 2 16008387:SNP.AC: <gurobi.Var 2> >= <gurobi.Var REG_2_16008387:SNP.AC>
M  CN contraint for 1: 2 == <gurobi.LinExpr: 1 + 2_2 + 2 + 1_2>
M  Sentinel contraint for 1: A_1_2 <= A_1
M  Sentinel contraint for 2: A_2_2 <= A_2
M  Objective: <gurobi.LinExpr: C9 + C10>
M  Contraint for 2_2: A_2_2 * (<gurobi.LinExpr: REG_2_2_16008387:SNP.AC> - 1) == 0
M  Contraint for 2: A_2 * (<gurobi.LinExpr: REG_2_16008387:SNP.AC> - 1) == 0
M  Contraint for 16008387:SNP.AC: 1 <= <gurobi.QuadExpr: 0.0 + [ 2_2 * REG_2_2_16008387:SNP.AC + 2 * REG_2_16008387:SNP.AC ]>
M  Contraint for 16008387:SNP.AC: 1 <= <gurobi.QuadExpr: 0.0 + [ 2_2 * REG_2_2_16008387:SNP.AC + 2 * REG_2_16008387:SNP.AC ]>
CN Solver status: optimal, opt: 14.0
  solution:
    ('1', '2')
[32;01mCopy number best structures:[39;49;00m
[32;01m  (1) 2x*1-like[39;49;00m
== Refiner ==
Refining ('1', '2')
M  CN constraint for 1: 1 == <gurobi.LinExpr: 1>
M  CN constraint for 2: 1 == <gurobi.LinExpr: 2>
M  Contraint for 16008387:REF 6.1e: 114 == <gurobi.QuadExpr: 121.0 1 + 121.0 2 + [ -121.0 EXT_1_16008387:SNP.AC * 1 + -121.0 REG_2_16008387:SNP.AC * 2 ]> + err
M  Contraint for 16008387:SNP.AC 6.1e: 128 == <gurobi.QuadExpr: 0.0 + [ 121.0 EXT_1_16008387:SNP.AC * 1 + 121.0 REG_2_16008387:SNP.AC * 2 ]> + err
M  Contraint for MM[missing] 2 16008387:SNP.AC: <gurobi.Var 2> >= <gurobi.Var REG_2_16008387:SNP.AC>
M  Contraint for MA[extra] 1 16008387:SNP.AC: <gurobi.Var 1> >= <gurobi.Var EXT_1_16008387:SNP.AC>
M  Objective: <gurobi.LinExpr: C6 + C7 + EXT_1_16008387:SNP.AC + W>
M  Contraint for 2: <gurobi.LinExpr: REG_2_16008387:SNP.AC> = 1 * A_<gurobi.Var 2>
M  Contraint for 16008387:SNP.AC: 1 <= <gurobi.QuadExpr: 0.0 + [ REG_2_16008387:SNP.AC * 2 ]> <= 2
M  Contraint for 16008387:SNP.AC: <gurobi.QuadExpr: 0.0 + [ REG_2_16008387:SNP.AC * 2 ]> <= 2
CN Solver status: optimal, opt: 14.0
  1: 1
  2: 1
    6.1e 16008387:SNP.AC  128 ( 53 cp. 1) F
Missing:
  1: 1
  2: 1
Extra:
  1: 1
  2: 1
Time needed: (14.6)
Result is: [('1', '2')]
