SAM file: bams/NA19902.bam
File bams/NA19902.bam has index
Coverage is 946.395263041
== Allele Filter ==
Refining indel 42524213:INS.g: from 4 of 1291.0 to 6 (indel:total = 4:738)
Refining indel 42527886:INS.t: from 56 of 893.0 to 99 (indel:total = 56:502)
 6.rep  42519214: SNP.TC                    3 (100%) ~     0 (  0)
 6.rep  42519222: SNP.CT                    4 (100%) ~     0 (  0)
 6.rep  42519229: SNP.CT                    4 (100%) ~     0 (  0)
 6.rep  42519239: SNP.TC                    3 (100%) ~     0 (  0)
 6.rep  42519240: SNP.GA                    3 (100%) ~     0 (  0)
 6.rep  42519242: SNP.CT                    3 (100%) ~     0 (  0)
 6.rep  42519246: SNP.CT                    3 (100%) ~     0 (  0)
 6.rep  42519247: SNP.AG                    3 (100%) ~     0 (  0)
 6.rep  42519255: SNP.GT                    5 (100%) ~     0 (  0)
 6.rep  42519257: SNP.AG                    6 (100%) ~     0 (  0)
 6.rep  42519303: SNP.AG                   10 (100%) ~     0 (  0)
 6.rep  42519311: SNP.GA                   14 (100%) ~     0 (  0)
 6.rep  42519314: SNP.CT                   16 (100%) ~     0 (  0)
 6.rep  42519315: SNP.AG                   17 (100%) ~     0 (  0)
 6.rep  42519543: SNP.TC                  287 ( 64%) ~   165 ( 57)
 6.rep  42519635: SNP.CT                  151 ( 25%) ~   151 (100)
 6.rep  42519647: SNP.CT                  170 ( 28%) ~   140 ( 82)
 6.rep  42519656: SNP.CA                  169 ( 27%) ~   137 ( 81)
 6.rep  42520536: SNP.GC                  231 ( 24%) ~   231 (100)
 6.rep  42521441: SNP.GA                  262 ( 25%) ~   234 ( 89)
 6.rep  42521623: SNP.CG                   51 (  6%) ~    50 ( 98)
 6.rep  42521628: SNP.TG                   64 (  7%) ~    43 ( 67)
 6.rep  42521638: SNP.TG                   77 (  9%) ~    48 ( 62)
 6.rep  42521644: SNP.AG                   50 (  6%) ~    47 ( 94)
 6.rep  42521648: SNP.TG                   79 (  9%) ~    51 ( 65)
 6.rep  42521654: SNP.AG                   49 (  5%) ~    37 ( 76)
 6.rep  42521658: SNP.TG                   58 (  6%) ~    15 ( 26)
 6.rep  42521864: SNP.CT                  615 ( 40%) ~    29 (  5)
 6.rep  42521928: SNP.AG                  635 ( 52%) ~     0 (  0)
 6.ins  42522073: SNP.AC                  658 ( 49%) ~     1 (  0)
 6.ins  42522137: INS.tgt                 744 ( 85%) ~    33 (  4)
 6.ins  42522497: SNP.GA                  102 (  9%) ~   102 (100)
 6.9e   42522612: SNP.CG     4180:G>C     430 ( 47%) ~     0 (  0)
 6.7i   42523052: SNP.CA                   50 (  7%) ~    48 ( 96)
 6.7i   42523210: SNP.TC     3582:A>G      63 (  5%) ~    61 ( 97)
 6.7i   42523240: SNP.GA                   70 (  5%) ~    65 ( 93)
 6.7i   42523247: INS.t                    68 (  5%) ~    56 ( 82)
 6.7i   42523408: SNP.TG     3384:A>C    1132 ( 65%) ~    83 (  7)
 6.7e   42523504: SNP.CT     3288:G>A     141 ( 10%) ~    23 ( 16)
 6.7e   42523513: SNP.CT                  120 (  9%) ~    28 ( 23)
 6.7e   42523538: SNP.AG     3254:T>C      84 (  6%) ~    30 ( 36)
 6.7e   42523609: SNP.CT     3183:G>A     627 ( 50%) ~     0 (  0)
 6.6e   42523942: SNP.GA     2850:C>T     624 ( 53%) ~     0 (  0)
 6.5i   42524079: SNP.TG                  130 (  9%) ~     1 (  1)
 6.5i   42524142: SNP.AC                  111 (  7%) ~     0 (  0)
 6.4i   42524500: SNP.CT                  701 ( 47%) ~     0 (  0)
 6.4i   42524577: SNP.TC                  683 ( 47%) ~     2 (  0)
 6.4i   42524669: SNP.GA                  656 ( 40%) ~     3 (  0)
 6.4i   42524707: SNP.TC                  348 ( 20%) ~    43 ( 12)
 6.4i   42524712: SNP.CG                  368 ( 21%) ~    44 ( 12)
 6.4i   42524742: SNP.GA                  418 ( 26%) ~    54 ( 13)
 6.4e   42524794: SNP.AG                  421 ( 27%) ~    46 ( 11)
 6.4e   42524923: SNP.AG     1869:T>C     152 ( 13%) ~    31 ( 20)
 6.3i   42524962: SNP.CG                  421 ( 41%) ~     8 (  2)
 6.3i   42524981: SNP.CT                   50 (  5%) ~    12 ( 24)
 6.3e   42525131: SNP.CG     1661:G>C     435 ( 49%) ~     0 (  0)
 6.3e   42525133: SNP.CT     1659:G>A     428 ( 49%) ~     0 (  0)
 6.2i   42525504: SNP.CG                 1020 (100%) ~     0 (  0)
 6.2i   42525505: SNP.GC                 1031 (100%) ~     0 (  0)
 6.2e   42525792: SNP.TG                   51 (  7%) ~     0 (  0)
 6.2e   42525799: SNP.TG                   57 (  8%) ~     0 (  0)
 6.1i   42525951: SNP.AC     843:T>G      588 ( 51%) ~   455 ( 77)
 6.1i   42526048: SNP.GC     746:C>G      676 ( 50%) ~   595 ( 88)
 6.1i   42526050: DEL.G                   348 ( 26%) ~   275 ( 79)
 6.1i   42526483: SNP.CA     310:G>T      772 ( 53%) ~     0 (  0)
 6.1i   42526560: SNP.TG     CYP2D7:i1:5503    35 (  5%) ~    31 ( 89)
 6.1i   42526561: SNP.CG     CYP2D7:i1:5504    37 (  6%) ~    31 ( 84)
 6.1i   42526566: SNP.AG     CYP2D7:i1:5509    38 (  5%) ~    31 ( 82)
 6.1i   42526570: SNP.GC     CYP2D7:i1:5513    36 (  5%) ~    31 ( 86)
 6.1i   42526572: SNP.GT     CYP2D7:i1:5515    36 (  5%) ~    31 ( 86)
 6.0i   42526836: INS.c                   549 ( 46%) ~     5 (  1)
 6.0i   42526968: SNP.CT     -176:G>A     650 ( 50%) ~     0 (  0)
 6.0i   42527470: SNP.CT     -678:G>A     218 ( 16%) ~   216 ( 99)
 6.0i   42527532: SNP.GA     -740:C>T     726 ( 62%) ~     0 (  0)
 6.0i   42527886: INS.t      -1094:insA    99 ( 11%) ~     0 (  0)
 6.0i   42527955: SNP.AC                   27 (  7%) ~     0 (  0)
 6.0i   42527975: SNP.TG                   66 ( 20%) ~     0 (  0)
 6.0i   42527978: SNP.AC                   32 ( 10%) ~     0 (  0)
 6.0i   42527978: SNP.AG                   45 ( 14%) ~     0 (  0)
 6.0i   42527984: SNP.TC                   54 ( 17%) ~     0 (  0)
 6.0i   42527985: SNP.GC                   40 ( 13%) ~     0 (  0)
 6.0i   42527988: SNP.TC                   96 ( 31%) ~     0 (  0)
 6.0i   42527994: SNP.GA                   25 (  8%) ~     0 (  0)
 6.0i   42527995: SNP.TA                   18 (  6%) ~     0 (  0)
 6.0i   42527995: SNP.TG                   22 (  7%) ~     0 (  0)
 6.0i   42527996: SNP.AG                   23 (  8%) ~     0 (  0)
 6.0i   42527998: SNP.CG                   31 ( 11%) ~     0 (  0)
 6.0i   42527999: SNP.TG                   37 ( 12%) ~     0 (  0)
 6.0i   42528003: SNP.AG                   47 ( 16%) ~     0 (  0)
 6.0i   42528005: SNP.TC                   17 (  6%) ~     0 (  0)
 6.0i   42528007: SNP.CA                   16 (  5%) ~     0 (  0)
 6.0i   42528012: SNP.AC                  105 ( 36%) ~     0 (  0)
 6.0i   42528015: SNP.AC                  128 ( 45%) ~     0 (  0)
 6.0i   42528019: SNP.AC                   63 ( 23%) ~     0 (  0)
 6.0i   42528020: SNP.GC                   34 ( 13%) ~     0 (  0)
 6.0i   42528023: SNP.TC                   18 (  7%) ~     0 (  0)
 6.0i   42528026: SNP.TA                   11 (  5%) ~     0 (  0)
 6.0i   42528026: DEL.TTCTT                11 (  5%) ~     0 (  0)
 6.0i   42528027: SNP.TC     -1235:A>G    104 ( 56%) ~     0 (  0)
 6.0i   42528027: DEL.TC                   20 ( 11%) ~     0 (  0)
 6.0i   42528029: DEL.TTT                   9 (  6%) ~     0 (  0)
 6.0i   42528029: DEL.TTTT                 10 (  6%) ~     0 (  0)
 6.0i   42528205: SNP.CT                   24 ( 60%) ~     0 (  0)
 6.0i   42528215: SNP.AT                   21 ( 54%) ~     0 (  0)
 6.0i   42528391: SNP.AG                  126 ( 52%) ~     0 (  0)
 7.rep  42531699: SNP.CT                  328 ( 54%) ~   142 ( 43)
 7.rep  42531791: SNP.TC                  474 ( 72%) ~   399 ( 84)
 7.rep  42531803: SNP.CT                  124 ( 18%) ~   124 (100)
 7.rep  42531812: SNP.CA                  123 ( 18%) ~   123 (100)
 7.rep  42532266: SNP.TC                  823 (100%) ~   823 (100)
 7.rep  42532692: SNP.GC                  205 ( 25%) ~   205 (100)
 7.rep  42532958: SNP.AG                  802 (100%) ~   802 (100)
 7.rep  42533597: SNP.GA                  242 ( 23%) ~   240 ( 99)
 7.rep  42533779: SNP.CG                   57 ( 10%) ~    57 (100)
 7.rep  42533784: SNP.TG                   51 ( 10%) ~    47 ( 92)
 7.rep  42533790: SNP.AG                   30 (  6%) ~    29 ( 97)
 7.rep  42533794: SNP.TG                   39 (  8%) ~    37 ( 95)
 7.rep  42533800: SNP.AG                   35 (  7%) ~    35 (100)
 7.rep  42533804: SNP.TG                   50 ( 11%) ~    50 (100)
 7.rep  42533810: SNP.AG                   29 (  6%) ~    29 (100)
 7.rep  42533904: SNP.AG                  273 (100%) ~     7 (  3)
 7.rep  42534050: SNP.AG                  891 (100%) ~     7 (  1)
 7.rep  42534074: SNP.GA                  477 ( 51%) ~     1 (  0)
 7.pce  42534125: SNP.GT                  363 ( 49%) ~     0 (  0)
 7.pce  42534147: SNP.CT                  299 ( 49%) ~     0 (  0)
 7.pce  42534275: SNP.CG                  109 ( 43%) ~     0 (  0)
 7.pce  42534396: SNP.TG                   34 ( 20%) ~     0 (  0)
 7.pce  42534398: SNP.CG                   12 (  7%) ~     0 (  0)
 7.pce  42534400: SNP.TC                   12 (  7%) ~     0 (  0)
 7.pce  42534409: SNP.AC                   23 ( 12%) ~     0 (  0)
 7.pce  42534415: SNP.TG                   12 (  7%) ~     0 (  0)
 7.pce  42534455: SNP.AC                   12 (  6%) ~     0 (  0)
 7.pce  42534461: SNP.TG                   16 (  7%) ~     0 (  0)
 7.pce  42534599: SNP.TC                  120 ( 46%) ~     0 (  0)
 7.pce  42534681: SNP.TC                   89 ( 43%) ~     0 (  0)
 7.pce  42534864: DEL.TG                   13 ( 50%) ~     0 (  0)
 7.ins  42535817: SNP.AG                  253 ( 15%) ~    27 ( 11)
 7.ins  42536210: SNP.GA                  538 ( 36%) ~    89 ( 17)
 7.9e   42536341: SNP.CT                  474 ( 50%) ~     0 (  0)
 7.9e   42536410: SNP.TG                   79 ( 10%) ~     0 (  0)
 7.8e   42536652: SNP.TC                  328 ( 21%) ~   241 ( 73)
 7.7i   42536765: SNP.CA                  573 ( 31%) ~    51 (  9)
 7.7i   42536923: SNP.CT                  123 (  9%) ~    76 ( 62)
 7.7i   42537022: SNP.TC                  892 (100%) ~   107 ( 12)
 7.7i   42537028: SNP.CT                  286 ( 34%) ~    72 ( 25)
 7.7i   42537060: SNP.AG                  541 ( 83%) ~    33 (  6)
 7.7i   42537114: SNP.CT                  138 ( 19%) ~    91 ( 66)
 7.7i   42537119: INS.a                   137 ( 18%) ~    83 ( 61)
 7.7i   42537126: SNP.AG                  174 ( 22%) ~    84 ( 48)
 7.7e   42537191: SNP.GA                  589 ( 58%) ~     0 (  0)
 7.7e   42537195: SNP.TC                  443 ( 43%) ~    13 (  3)
 7.6i   42537403: SNP.GC                 1121 (100%) ~     1 (  0)
 7.6e   42537596: SNP.AG                 1005 (100%) ~     0 (  0)
 7.5i   42537739: SNP.CT                  734 ( 51%) ~     0 (  0)
 7.5i   42537781: SNP.TG                  120 (  8%) ~     0 (  0)
 7.5i   42537844: SNP.AC                  100 (  6%) ~     0 (  0)
 7.4i   42538102: SNP.TC                  637 ( 50%) ~     4 (  1)
 7.4i   42538228: SNP.GA                 1502 (100%) ~    14 (  1)
 7.4i   42538398: SNP.CT                  374 ( 32%) ~    42 ( 11)
 7.4i   42538461: SNP.AG                  107 ( 13%) ~    48 ( 45)
 7.4i   42538466: INS.t                    46 (  6%) ~    25 ( 54)
 7.4i   42538469: INS.cgg                  46 (  6%) ~    25 ( 54)
 7.4i   42538470: INS.ctctc                44 (  5%) ~    25 ( 57)
 7.4e   42538617: SNP.AG                  337 ( 37%) ~    47 ( 14)
 7.3i   42538675: SNP.TC                  404 ( 51%) ~    25 (  6)
 7.3e   42538875: SNP.AT                  629 (100%) ~     1 (  0)
 7.2i   42538896: SNP.AG                  302 ( 47%) ~     0 (  0)
 7.2i   42539393: DEL.C                   260 ( 43%) ~     0 (  0)
 7.2e   42539463: SNP.TG                   62 ( 13%) ~     0 (  0)
 7.2e   42539485: SNP.TG                   46 ( 10%) ~     0 (  0)
 7.1i   42539622: SNP.CA                  504 ( 48%) ~   416 ( 83)
 7.1i   42539719: SNP.CG                  613 ( 49%) ~   550 ( 90)
 7.1i   42539721: DEL.G                   259 ( 21%) ~   259 (100)
 7.1e   42540356: SNP.GC                  540 ( 48%) ~     0 (  0)
 7.1e   42540367: SNP.TG                   88 (  8%) ~     0 (  0)
 7.0i   42540550: SNP.AG                  604 ( 49%) ~     4 (  1)
 7.0i   42541142: SNP.TC                  302 ( 18%) ~   300 ( 99)
 7.0i   42541201: SNP.CT                  129 (  9%) ~   129 (100)
 7.0i   42541327: SNP.GA                  619 ( 49%) ~     0 (  0)
 7.0i   42541655: SNP.TC                  160 ( 55%) ~     0 (  0)
 7.0i   42541736: DEL.T                     8 (  5%) ~     0 (  0)
 7.0i   42541736: INS.t                     9 (  6%) ~     0 (  0)
 7.0i   42542291: INS.a                    12 (  9%) ~     0 (  0)
 7.0i   42542869: SNP.GA                  369 ( 43%) ~     0 (  0)
 7.0i   42543016: SNP.AC                  193 ( 92%) ~     0 (  0)
 7.0i   42543023: SNP.GA                   12 (  6%) ~     0 (  0)
 7.0i   42543024: SNP.CA                   11 (  6%) ~     0 (  0)
 7.0i   42543027: SNP.GA                   18 (  9%) ~     0 (  0)
 7.0i   42543031: SNP.TA                   13 (  7%) ~     0 (  0)
 7.0i   42543036: SNP.TA                   19 ( 10%) ~     0 (  0)
 7.0i   42543039: SNP.TA                   17 (  9%) ~     0 (  0)
 7.0i   42543043: SNP.AC                   28 ( 16%) ~     0 (  0)
 7.0i   42543047: SNP.GA                   13 (  7%) ~     0 (  0)
 7.0i   42543049: SNP.GA                   21 ( 12%) ~     0 (  0)
 7.0i   42543054: SNP.TA                   25 ( 14%) ~     0 (  0)
 7.0i   42543056: SNP.AC                   25 ( 14%) ~     0 (  0)
 7.0i   42543059: SNP.TC                   10 (  6%) ~     0 (  0)
 7.0i   42543069: SNP.GA                   15 (  9%) ~     0 (  0)
 7.0i   42543073: SNP.GA                   30 ( 20%) ~     0 (  0)
 7.0i   42543075: SNP.CA                   36 ( 25%) ~     0 (  0)
 7.0i   42543078: SNP.GA                   15 ( 11%) ~     0 (  0)
 7.0i   42543079: SNP.GA                    9 (  7%) ~     0 (  0)
 7.0i   42543080: INS.aaaaaaaaaa               28 ( 14%) ~     0 (  0)
 7.0i   42543094: SNP.GA                   34 ( 21%) ~     0 (  0)
 7.0i   42543096: SNP.GA                   35 ( 21%) ~     0 (  0)
 7.0i   42543099: SNP.GA                   34 ( 19%) ~     0 (  0)
 7.0i   42543104: SNP.CA                   29 ( 15%) ~     0 (  0)
 7.0i   42543109: SNP.CA                   25 ( 12%) ~     0 (  0)
 7.0i   42543112: SNP.TG                   32 ( 16%) ~     0 (  0)
 7.0i   42543115: SNP.GA                   22 ( 11%) ~     0 (  0)
 7.0i   42543120: SNP.GA                   36 ( 17%) ~     0 (  0)
 7.0i   42543124: SNP.TA                   38 ( 18%) ~     0 (  0)
 7.0i   42543127: SNP.CA                   39 ( 19%) ~     0 (  0)
 7.0i   42543132: SNP.TA                   27 ( 13%) ~     0 (  0)
 7.0i   42543135: SNP.CA                   18 (  9%) ~     0 (  0)
 7.0i   42543141: SNP.TA                   29 ( 13%) ~     0 (  0)
 7.0i   42543145: SNP.TC                   19 (  9%) ~     0 (  0)
 7.0i   42543156: SNP.CA                   13 (  5%) ~     0 (  0)
 7.0i   42543162: SNP.TA                   13 (  5%) ~     0 (  0)
 7.0i   42543286: SNP.TC                  221 ( 53%) ~     0 (  0)
 7.0i   42543446: SNP.TC                  152 (100%) ~     0 (  0)
 7.0i   42543447: SNP.GA                  150 (100%) ~     1 (  1)
 7.0i   42543450: SNP.GA                  142 (100%) ~     1 (  1)
 7.0i   42543959: SNP.CT                  464 ( 48%) ~     0 (  0)
 7.0i   42544049: SNP.GA                  644 (100%) ~     0 (  0)
 7.0i   42544514: SNP.AC                   32 (  8%) ~     0 (  0)
 7.0i   42544515: DEL.AC                   44 ( 10%) ~     1 (  2)
 7.0i   42544554: SNP.TC                   55 (  7%) ~     0 (  0)
Removing 10B   6.1e 42526693:SNP.GA
Removing 10A   6.1e 42526693:SNP.GA
Removing 10D   6.1e 42526693:SNP.GA
Removing 10DW  6.1e 42526693:SNP.GA
Removing 10BW  6.1e 42526693:SNP.GA
Removing 10AW  6.1e 42526693:SNP.GA
Removing 100   6.1e 42526693:SNP.GA,  6.6e 42523964:DEL.G
Removing 101   6.1e 42526693:SNP.GA,  6.6e 42523847:DEL.CACATCCGGATGTAGGATC
Removing 102   6.2e 42525822:SNP.GA
Removing 103   6.2e 42525822:SNP.GA,  6.3e 42525043:SNP.TC
Removing 104   6.3e 42525072:SNP.TA
Removing 105   6.7e 42523524:SNP.AG
Removing 108   6.7e 42523566:SNP.TC,  6.7e 42523557:SNP.TC
Removing 109   6.5e 42524175:DEL.CTT
Removing 11W   6.1i 42525911:SNP.CG,  6.0i 42528381:SNP.GC
Removing 11    6.1i 42525911:SNP.CG
Removing 12    6.1e 42526669:SNP.CT
Removing 14BW  6.3e 42525034:SNP.CT,  6.0i 42528381:SNP.GC
Removing 14AW  6.1e 42526693:SNP.GA,  6.3e 42525034:SNP.CT,  6.0i 42528381:SNP.GC
Removing 14B   6.3e 42525034:SNP.CT
Removing 14A   6.1e 42526693:SNP.GA,  6.3e 42525034:SNP.CT
Removing 15    6.1e 42526656:INS.a
Removing 17    6.2e 42525771:SNP.GA
Removing 17W   6.2e 42525771:SNP.GA
Removing 18    6.9e 42522667:INS.agtgggcac
Removing 19    6.5e 42524250:DEL.AGTT
Removing 2KW   6.0i 42528381:SNP.GC
Removing 2A    6.0i 42528381:SNP.GC
Removing 2CW   6.0i 42528381:SNP.GC
Removing 2AW   6.0i 42528381:SNP.GC
Removing 2FW   6.0i 42528381:SNP.GC
Removing 2HW   6.0i 42528381:SNP.GC
Removing 2DW   6.0i 42528381:SNP.GC
Removing 2GW   6.0i 42528381:SNP.GC
Removing 2MW   6.0i 42528381:SNP.GC
Removing 2BW   6.0i 42528381:SNP.GC
Removing 2LW   6.0i 42528381:SNP.GC
Removing 2EW   6.0i 42528381:SNP.GC
Removing 20    6.4e 42524819:INS.c,  6.4e 42524814:SNP.GA,  6.4e 42524813:SNP.AG
Removing 21B   6.0i 42528381:SNP.GC,  6.5e 42524213:INS.g
Removing 21A   6.0i 42528381:SNP.GC,  6.5e 42524213:INS.g
Removing 22    6.1e 42526711:SNP.GA
Removing 23    6.2e 42525837:SNP.GA
Removing 24    6.6e 42523939:SNP.TG
Removing 25    6.7e 42523594:SNP.GC
Removing 26    6.7e 42523515:SNP.AG
Removing 27    6.8e 42522939:SNP.CT
Removing 28    6.1e 42526774:SNP.CT,  6.3e 42525088:SNP.GC
Removing 28W   6.1e 42526774:SNP.CT,  6.3e 42525088:SNP.GC,  6.0i 42528381:SNP.GC
Removing 3B    6.3e 42525043:SNP.TC,  6.5e 42524243:DEL.T
Removing 3A    6.5e 42524243:DEL.T
Removing 30    6.4e 42524929:INS.ggggcgaaa
Removing 31    6.0i 42528381:SNP.GC,  6.9e 42522750:SNP.CT
Removing 32    6.8e 42522939:SNP.CT
Removing 33    6.5e 42524309:SNP.CA
Removing 35B   6.0i 42528381:SNP.GC,  6.1e 42526762:SNP.CT
Removing 35A   6.0i 42528381:SNP.GC,  6.1e 42526762:SNP.CT
Removing 36    6.1e 42526693:SNP.GA
Removing 37    6.1e 42526693:SNP.GA,  6.4e 42524849:SNP.CT
Removing 38    6.5e 42524202:DEL.AGTC
Removing 4GW   6.1e 42526693:SNP.GA,  6.2e 42525820:SNP.GT,  6.2e 42525810:SNP.TC,  6.3i 42524946:SNP.CT,  6.6e 42523854:SNP.GA
Removing 4HW   6.1e 42526693:SNP.GA,  6.2e 42525820:SNP.GT,  6.2e 42525810:SNP.TC,  6.3i 42524946:SNP.CT,  6.8e 42522915:SNP.CG
Removing 4FW   6.1e 42526693:SNP.GA,  6.2e 42525820:SNP.GT,  6.2e 42525810:SNP.TC,  6.3i 42524946:SNP.CT,  6.4e 42524934:SNP.GA
Removing 4KW   6.1e 42526693:SNP.GA,  6.3i 42524946:SNP.CT
Removing 4AW   6.1e 42526693:SNP.GA,  6.2e 42525820:SNP.GT,  6.2e 42525810:SNP.TC,  6.3i 42524946:SNP.CT
Removing 4N    6.1e 42526693:SNP.GA,  6.2e 42525820:SNP.GT,  6.2e 42525810:SNP.TC,  6.3i 42524946:SNP.CT
Removing 4M    6.2e 42525820:SNP.GT,  6.2e 42525810:SNP.TC,  6.3i 42524946:SNP.CT
Removing 4J    6.1e 42526693:SNP.GA,  6.2e 42525820:SNP.GT,  6.2e 42525810:SNP.TC,  6.3i 42524946:SNP.CT
Removing 4K    6.1e 42526693:SNP.GA,  6.3i 42524946:SNP.CT
Removing 4H    6.1e 42526693:SNP.GA,  6.2e 42525820:SNP.GT,  6.2e 42525810:SNP.TC,  6.3i 42524946:SNP.CT,  6.8e 42522915:SNP.CG
Removing 4CW   6.1e 42526693:SNP.GA,  6.3i 42524946:SNP.CT,  6.8e 42522905:SNP.AG
Removing 4D    6.1e 42526693:SNP.GA,  6.3i 42524946:SNP.CT
Removing 4LW   6.1e 42526693:SNP.GA,  6.3i 42524946:SNP.CT
Removing 4B    6.1e 42526693:SNP.GA,  6.2e 42525820:SNP.GT,  6.2e 42525810:SNP.TC,  6.3i 42524946:SNP.CT
Removing 4A    6.1e 42526693:SNP.GA,  6.2e 42525820:SNP.GT,  6.2e 42525810:SNP.TC,  6.3i 42524946:SNP.CT
Removing 4BW   6.1e 42526693:SNP.GA,  6.2e 42525820:SNP.GT,  6.2e 42525810:SNP.TC,  6.3i 42524946:SNP.CT
Removing 4JW   6.1e 42526693:SNP.GA,  6.2e 42525820:SNP.GT,  6.2e 42525810:SNP.TC,  6.3i 42524946:SNP.CT
Removing 4L    6.1e 42526693:SNP.GA,  6.3i 42524946:SNP.CT
Removing 4EW   6.1e 42526693:SNP.GA,  6.3i 42524946:SNP.CT
Removing 4P    6.1e 42526693:SNP.GA,  6.2e 42525820:SNP.GT,  6.2e 42525810:SNP.TC,  6.3i 42524946:SNP.CT,  6.5e 42524216:SNP.GA
Removing 4F    6.1e 42526693:SNP.GA,  6.2e 42525820:SNP.GT,  6.2e 42525810:SNP.TC,  6.3i 42524946:SNP.CT,  6.4e 42524934:SNP.GA
Removing 4G    6.1e 42526693:SNP.GA,  6.2e 42525820:SNP.GT,  6.2e 42525810:SNP.TC,  6.3i 42524946:SNP.CT,  6.6e 42523854:SNP.GA
Removing 4E    6.1e 42526693:SNP.GA,  6.3i 42524946:SNP.CT
Removing 4DW   6.1e 42526693:SNP.GA,  6.3i 42524946:SNP.CT
Removing 4C    6.1e 42526693:SNP.GA,  6.3i 42524946:SNP.CT,  6.8e 42522905:SNP.AG
Removing 40    6.2e 42525771:SNP.GA,  6.4e 42524929:INS.ggggcgaaaggggcgaaa
Removing 41    6.6i 42523804:SNP.CT
Removing 42    6.7e 42523533:INS.ac
Removing 43    6.1e 42526716:SNP.CT
Removing 44    6.1e 42526711:SNP.GA,  6.6i 42523842:SNP.CG
Removing 45A   6.3e 42525076:SNP.CT
Removing 45B   6.3e 42525076:SNP.CT
Removing 46    6.1e 42526716:SNP.CT,  6.3e 42525076:SNP.CT
Removing 47    6.1e 42526720:SNP.GA,  6.1e 42526693:SNP.GA
Removing 48    6.2e 42525822:SNP.GA
Removing 49    6.1e 42526693:SNP.GA,  6.3e 42525181:SNP.AT
Removing 50    6.3e 42525072:SNP.TG
Removing 51    6.0i 42528381:SNP.GC,  6.7e 42523620:SNP.TG
Removing 52    6.1e 42526693:SNP.GA,  6.8e 42522915:SNP.CT
Removing 53    6.3e 42525181:SNP.AT,  6.3e 42525175:SNP.CA
Removing 54    6.1e 42526693:SNP.GA,  6.5e 42524236:SNP.GA
Removing 55    6.8e 42522957:SNP.TG
Removing 56A   6.0i 42528381:SNP.GC,  6.7e 42523591:SNP.GA
Removing 56B   6.1e 42526693:SNP.GA,  6.7e 42523591:SNP.GA
Removing 57    6.1e 42526693:SNP.GA,  6.2e 42525907:SNP.GA
Removing 58    6.2e 42525771:SNP.GA,  6.4e 42524929:INS.ggggcgaaa
Removing 59    6.6e 42523853:SNP.CT
Removing 6A    6.3e 42525085:DEL.A
Removing 6B    6.3e 42525085:DEL.A,  6.4e 42524816:SNP.CT
Removing 6C    6.3e 42525085:DEL.A,  6.4e 42524816:SNP.CT
Removing 6D    6.3e 42525085:DEL.A
Removing 60    6.4e 42524905:INS.ta
Removing 62    6.9e 42522748:SNP.GA
Removing 63    6.0i 42528381:SNP.GC
Removing 64    6.1e 42526693:SNP.GA,  6.2e 42525771:SNP.GA
Removing 65    6.1e 42526693:SNP.GA
Removing 68    6.1e 42526693:SNP.GA
Removing 69    6.1e 42526693:SNP.GA,  6.6i 42523804:SNP.CT
Removing 7     6.6e 42523857:SNP.TG
Removing 70    6.3e 42525184:SNP.CT
Removing 71    6.0i 42528381:SNP.GC,  6.1e 42526668:SNP.CT
Removing 72    6.1e 42526693:SNP.GA,  6.7e 42523474:SNP.CT
Removing 73    6.2e 42525781:SNP.CT
Removing 74    6.2e 42525820:SNP.GT
Removing 75    6.9e 42522747:SNP.CT
Removing 8     6.3e 42525034:SNP.CA
Removing 81    6.5e 42524213:SNP.GA,  6.5e 42524186:SNP.CT,  6.5e 42524182:SNP.AT
Removing 82    6.2e 42525820:SNP.GT,  6.2e 42525810:SNP.TC,  6.2e 42525780:SNP.AG,  6.2e 42525772:SNP.TA,  6.2e 42525771:SNP.GT,  6.2e 42525766:SNP.TC
Removing 84    6.5e 42524218:SNP.GT
Removing 85    6.9e 42522635:SNP.AC
Removing 86    6.5e 42524186:SNP.CT,  6.5e 42524182:SNP.AT
Removing 87    6.1e 42526779:SNP.GA,  6.1e 42526693:SNP.GA
Removing 88    6.2e 42525780:SNP.AG
Removing 89    6.3e 42525114:SNP.AG
Removing 9     6.5e 42524175:DEL.CTT
Removing 90    6.3e 42525099:SNP.TC
Removing 91    6.3e 42525057:SNP.CG,  6.6i 42523804:SNP.CT
Removing 92    6.4e 42524797:DEL.G
Removing 93    6.5e 42524273:SNP.TG
Removing 94B   6.1e 42526693:SNP.GA,  6.7e 42523611:SNP.TC
Removing 94A   6.1e 42526693:SNP.GA,  6.7e 42523611:SNP.TC
Removing 95    6.1e 42526693:SNP.GA,  6.7e 42523458:SNP.CT
Removing 96    6.8e 42522897:SNP.GA
Removing 97    6.9e 42522698:SNP.GT
Removing 98    6.9e 42522682:SNP.GC
Initial status
  CYP2D6.1B
    6.8e           42522964:SNP.CT    0 (  0)   3828:G>A
  CYP2D6.1E
    6.4e           42524923:SNP.AG  152 ( 13)   1869:T>C
  CYP2D6.1C
    6.4e           42524814:SNP.GA    0 (  0)   1978:C>T
  CYP2D6.1D
    6.5e           42524217:SNP.GT    0 (  0)   2575:C>A
  CYP2D6.1
  CYP2D6.107
    6.3e           42525133:SNP.CT  428 ( 49) F 1659:G>A
  CYP2D6.13$1
  CYP2D6.16$1
  CYP2D6.2D
    6.9e           42522612:SNP.CG  430 ( 47) F 4180:G>C
    6.6e           42523942:SNP.GA  624 ( 53) F 2850:C>T
  CYP2D6.2E
    6.9e           42522612:SNP.CG  430 ( 47) F 4180:G>C
    6.6e           42523942:SNP.GA  624 ( 53) F 2850:C>T
    6.3e           42525131:SNP.CG  435 ( 49)   1661:G>C
    6.2e           42525797:SNP.GC    0 (  0)   997:C>G
  CYP2D6.2F
    6.9e           42522612:SNP.CG  430 ( 47) F 4180:G>C
    6.6e           42523942:SNP.GA  624 ( 53) F 2850:C>T
    6.3e           42525068:SNP.GA    0 (  0)   1724:C>T
    6.3e           42525131:SNP.CG  435 ( 49)   1661:G>C
  CYP2D6.2G
    6.9e           42522612:SNP.CG  430 ( 47) F 4180:G>C
    6.6e           42523942:SNP.GA  624 ( 53) F 2850:C>T
    6.5e           42524217:SNP.GT    0 (  0)   2575:C>A
    6.5e           42524322:SNP.AG    0 (  0)   2470:T>C
    6.3e           42525131:SNP.CG  435 ( 49)   1661:G>C
  CYP2D6.2B
    6.9e           42522612:SNP.CG  430 ( 47) F 4180:G>C
    6.6e           42523942:SNP.GA  624 ( 53) F 2850:C>T
    6.3e           42525131:SNP.CG  435 ( 49)   1661:G>C
    6.2e           42525755:SNP.GA    0 (  0)   1039:C>T
  CYP2D6.2C
    6.9e           42522612:SNP.CG  430 ( 47) F 4180:G>C
    6.6e           42523942:SNP.GA  624 ( 53) F 2850:C>T
    6.5e           42524322:SNP.AG    0 (  0)   2470:T>C
    6.3e           42525131:SNP.CG  435 ( 49)   1661:G>C
  CYP2D6.2L
    6.9e           42522612:SNP.CG  430 ( 47) F 4180:G>C
    6.7i           42523002:SNP.GA    0 (  0)   3790:C>T
    6.7i           42523208:SNP.CT    0 (  0)   3584:G>A
    6.7i           42523408:SNP.TG 1132 ( 65)   3384:A>C
    6.6e           42523942:SNP.GA  624 ( 53) F 2850:C>T
    6.3e           42525035:SNP.GA    0 (  0)   1757:C>T
    6.3e           42525131:SNP.CG  435 ( 49)   1661:G>C
    6.2i           42525279:SNP.GA    0 (  0)   1513:C>T
    6.1i           42525951:SNP.AC  588 ( 51)   843:T>G
    6.1i           42526048:SNP.GC  676 ( 50)   746:C>G
    6.1i           42526483:SNP.CA  772 ( 53)   310:G>T
    6.0i           42527532:SNP.GA  726 ( 62)   -740:C>T
    6.0i           42528027:SNP.TC  104 ( 56)   -1235:A>G
    6.0i           42528095:SNP.CT    0 (  0)   -1298:G>A
  CYP2D6.2M
    6.ins          42522311:SNP.CT    0 (  0)   4481:G>A
    6.9e           42522612:SNP.CG  430 ( 47) F 4180:G>C
    6.7i           42523002:SNP.GA    0 (  0)   3790:C>T
    6.7i           42523208:SNP.CT    0 (  0)   3584:G>A
    6.7i           42523408:SNP.TG 1132 ( 65)   3384:A>C
    6.6e           42523942:SNP.GA  624 ( 53) F 2850:C>T
    6.3e           42525131:SNP.CG  435 ( 49)   1661:G>C
    6.1i           42525951:SNP.AC  588 ( 51)   843:T>G
    6.1i           42526048:SNP.GC  676 ( 50)   746:C>G
    6.1i           42526483:SNP.CA  772 ( 53)   310:G>T
    6.1i           42526548:SNP.TC   26 (  3)   CYP2D7:i1:5491
    6.1i           42526560:SNP.TG   35 (  5)   CYP2D7:i1:5503
    6.1i           42526561:SNP.CG   37 (  6)   CYP2D7:i1:5504
    6.1i           42526566:SNP.AG   38 (  5)   CYP2D7:i1:5509
    6.1i           42526570:SNP.GC   36 (  5)   CYP2D7:i1:5513
    6.1i           42526572:SNP.GT   36 (  5)   CYP2D7:i1:5515
    6.0i           42527470:SNP.CT  218 ( 16)   -678:G>A
    6.0i           42527532:SNP.GA  726 ( 62)   -740:C>T
    6.0i           42527541:DEL.TC    0 (  0)   -750:delGA
    6.0i           42528027:SNP.TC  104 ( 56)   -1235:A>G
  CYP2D6.2H
    6.9e           42522612:SNP.CG  430 ( 47) F 4180:G>C
    6.6e           42523942:SNP.GA  624 ( 53) F 2850:C>T
    6.5e           42524312:SNP.GA    0 (  0)   2480:C>T
    6.3e           42525131:SNP.CG  435 ( 49)   1661:G>C
  CYP2D6.2K
    6.9e           42522612:SNP.CG  430 ( 47) F 4180:G>C
    6.9e           42522677:SNP.GA    0 (  0)   4115:C>T
    6.6e           42523942:SNP.GA  624 ( 53) F 2850:C>T
    6.3e           42525131:SNP.CG  435 ( 49)   1661:G>C
  CYP2D6.29
    6.9e           42522612:SNP.CG  430 ( 47) F 4180:G>C
    6.7e           42523609:SNP.CT  627 ( 50) F 3183:G>A
    6.6e           42523942:SNP.GA  624 ( 53) F 2850:C>T
    6.3e           42525131:SNP.CG  435 ( 49)   1661:G>C
    6.3e           42525133:SNP.CT  428 ( 49) F 1659:G>A
  CYP2D6.34
    6.6e           42523942:SNP.GA  624 ( 53) F 2850:C>T
  CYP2D6.39
    6.9e           42522612:SNP.CG  430 ( 47) F 4180:G>C
    6.3e           42525131:SNP.CG  435 ( 49)   1661:G>C
  CYP2D6.5
  CYP2D6.61
  CYP2D6.67$1
  CYP2D6.76$1
  CYP2D6.77$1
  CYP2D6.78$1
  CYP2D6.79$1
  CYP2D6.80$1
  CYP2D6.83
    6.1i           42525951:SNP.AC  588 ( 51)   843:T>G
== Copy Number Estimator ==
CNV factor: 1.17384616648 (0.851900384013)
Coverage per region
  region:  2D6  2D7
  0i   :  2.11  2.18 
  1e   :  1.96  2.10 = -0.14
  1i   :  2.05  2.06 = -0.01
  2e   :  1.94  1.79 =  0.15
  2i   :  2.01  1.95 =  0.06
  3e   :  2.17  1.90 =  0.27
  3i   :  1.98  2.14 
  4e   :  1.66  2.79 
  4i   :  1.83  2.35 
  5e   :  2.06  2.15 = -0.09
  5i   :  2.08  2.14 = -0.06
  6e   :  2.01  2.07 = -0.07
  6i   :  2.08  2.04 =  0.04
  7e   :  1.79  2.55 
  7i   :  2.06  2.08 
  8e   :  2.27  1.96 
  8i   :  2.10  1.96 
  9e   :  2.13  2.01 =  0.12
  ins  :  2.22  2.16 
  pce  :  0.00  2.24 = -2.24
  rep  :  2.11  2.11 
Max. CN = 3
M  Sentinel contraint for 61: A_61^ <= A_61
M  Sentinel contraint for 67: A_67^ <= A_67
M  Sentinel contraint for 80: A_80^ <= A_80
M  Sentinel contraint for 1: A_1^ <= A_1
M  Sentinel contraint for 5: A_5^ <= A_5
M  Sentinel contraint for 77: A_77^ <= A_77
M  Sentinel contraint for 76: A_76^ <= A_76
M  Sentinel contraint for 79: A_79^ <= A_79
M  Sentinel contraint for 78: A_78^ <= A_78
M  Sentinel contraint for 13: A_13^ <= A_13
M  Sentinel contraint for 16: A_16^ <= A_16
M  Sentinel contraint for 36: A_36^ <= A_36
M  Sentinel contraint for 36: A_36_2 <= A_36
M  Sentinel contraint for 36: A_36_3 <= A_36_2
M  Sentinel contraint for 1: A_1_3 <= A_1_2
M  Contraint for 6e: -0.0654501546838 == E_6e + <gurobi.LinExpr: 0.0 A5^ + -1.0 A5^ + A78^ + -0.0 A78^ + A1^ + -1.0 A1^ + A61 + -1.0 A61 + A1_3 + -0.0 A1_3 + A80^ + -0.0 A80^ + A67 + -0.0 A67 + A80 + -0.0 A80 + A67^ + -0.0 A67^ + A61^ + -1.0 A61^ + 0.0 A77^ + -1.0 A77^ + A1 + -1.0 A1 + 0.0 A16^ + -1.0 A16^ + 0.0 A5 + -1.0 A5 + A36_2 + -0.0 A36_2 + A36_3 + -0.0 A36_3 + A79^ + -0.0 A79^ + 0.0 A77 + -1.0 A77 + 0.0 A76 + -1.0 A76 + A79 + -0.0 A79 + A78 + -0.0 A78 + A36^ + -1.0 A36^ + A13 + -0.0 A13 + 0.0 A76^ + -1.0 A76^ + 0.0 A16 + -1.0 A16 + A36 + -1.0 A36 + A13^ + -0.0 A13^ + A1_2 + -0.0 A1_2>
M  Contraint for 5e: -0.0881142781944 == E_5e + <gurobi.LinExpr: 0.0 A5^ + -1.0 A5^ + A78^ + -0.0 A78^ + A1^ + -1.0 A1^ + A61 + -1.0 A61 + A1_3 + -0.0 A1_3 + A80^ + -0.0 A80^ + 0.5 A67 + -0.5 A67 + A80 + -0.0 A80 + 0.5 A67^ + -0.5 A67^ + A61^ + -1.0 A61^ + 0.0 A77^ + -1.0 A77^ + A1 + -1.0 A1 + 0.0 A16^ + -1.0 A16^ + 0.0 A5 + -1.0 A5 + A36_2 + -0.0 A36_2 + A36_3 + -0.0 A36_3 + A79^ + -0.0 A79^ + 0.0 A77 + -1.0 A77 + 0.0 A76 + -1.0 A76 + A79 + -0.0 A79 + A78 + -0.0 A78 + A36^ + -1.0 A36^ + A13 + -0.0 A13 + 0.0 A76^ + -1.0 A76^ + 0.0 A16 + -1.0 A16 + A36 + -1.0 A36 + A13^ + -0.0 A13^ + A1_2 + -0.0 A1_2>
M  Contraint for 6i: 0.0402427163536 == E_6i + <gurobi.LinExpr: 0.0 A5^ + -1.0 A5^ + A78^ + -0.0 A78^ + A1^ + -1.0 A1^ + A61 + -1.0 A61 + A1_3 + -0.0 A1_3 + A80^ + -0.0 A80^ + A67 + -0.0 A67 + A80 + -0.0 A80 + A67^ + -0.0 A67^ + A61^ + -1.0 A61^ + 0.0 A77^ + -1.0 A77^ + A1 + -1.0 A1 + 0.0 A16^ + -1.0 A16^ + 0.0 A5 + -1.0 A5 + A36_2 + -0.0 A36_2 + A36_3 + -0.0 A36_3 + A79^ + -0.0 A79^ + 0.0 A77 + -1.0 A77 + 0.0 A76 + -1.0 A76 + A79 + -0.0 A79 + A78 + -0.0 A78 + A36^ + -1.0 A36^ + A13 + -0.0 A13 + 0.0 A76^ + -1.0 A76^ + 0.0 A16 + -1.0 A16 + A36 + -1.0 A36 + A13^ + -0.0 A13^ + A1_2 + -0.0 A1_2>
M  Contraint for 9e: 0.118483240005 == E_9e + <gurobi.LinExpr: 0.0 A5^ + -1.0 A5^ + A78^ + -0.0 A78^ + A1^ + -1.0 A1^ + 0.0 A61 + -2.0 A61 + A1_3 + -0.0 A1_3 + A80^ + -0.0 A80^ + A67 + -0.0 A67 + A80 + -0.0 A80 + A67^ + -0.0 A67^ + 0.0 A61^ + -2.0 A61^ + A77^ + -0.0 A77^ + A1 + -1.0 A1 + A16^ + -0.0 A16^ + 0.0 A5 + -1.0 A5 + 0.0 A36_2 + -1.0 A36_2 + 0.0 A36_3 + -1.0 A36_3 + A79^ + -0.0 A79^ + A77 + -0.0 A77 + 0.5 A76 + -0.5 A76 + A79 + -0.0 A79 + A78 + -0.0 A78 + 0.0 A36^ + -2.0 A36^ + A13 + -0.0 A13 + 0.5 A76^ + -0.5 A76^ + A16 + -0.0 A16 + 0.0 A36 + -2.0 A36 + A13^ + -0.0 A13^ + A1_2 + -0.0 A1_2>
M  Contraint for 2e: 0.150000875262 == E_2e + <gurobi.LinExpr: 0.0 A5^ + -1.0 A5^ + 0.0 A78^ + -1.0 A78^ + A1^ + -1.0 A1^ + A61 + -1.0 A61 + A1_3 + -0.0 A1_3 + 0.0 A80^ + -1.0 A80^ + 0.0 A67 + -1.0 A67 + 0.0 A80 + -1.0 A80 + 0.0 A67^ + -1.0 A67^ + A61^ + -1.0 A61^ + 0.0 A77^ + -1.0 A77^ + A1 + -1.0 A1 + 0.0 A16^ + -1.0 A16^ + 0.0 A5 + -1.0 A5 + A36_2 + -0.0 A36_2 + A36_3 + -0.0 A36_3 + 0.5 A79^ + -0.5 A79^ + 0.0 A77 + -1.0 A77 + 0.0 A76 + -1.0 A76 + 0.5 A79 + -0.5 A79 + 0.0 A78 + -1.0 A78 + A36^ + -1.0 A36^ + A13 + -0.0 A13 + 0.0 A76^ + -1.0 A76^ + 0.0 A16 + -1.0 A16 + A36 + -1.0 A36 + A13^ + -0.0 A13^ + A1_2 + -0.0 A1_2>
M  Contraint for 1e: -0.139738083286 == E_1e + <gurobi.LinExpr: 0.0 A5^ + -1.0 A5^ + 0.0 A78^ + -1.0 A78^ + A1^ + -1.0 A1^ + A61 + -1.0 A61 + A1_3 + -0.0 A1_3 + 0.0 A80^ + -1.0 A80^ + 0.0 A67 + -1.0 A67 + 0.0 A80 + -1.0 A80 + 0.0 A67^ + -1.0 A67^ + A61^ + -1.0 A61^ + 0.0 A77^ + -1.0 A77^ + A1 + -1.0 A1 + 0.0 A16^ + -1.0 A16^ + 0.0 A5 + -1.0 A5 + A36_2 + -0.0 A36_2 + A36_3 + -0.0 A36_3 + 0.0 A79^ + -1.0 A79^ + 0.0 A77 + -1.0 A77 + 0.0 A76 + -1.0 A76 + 0.0 A79 + -1.0 A79 + 0.0 A78 + -1.0 A78 + A36^ + -1.0 A36^ + 0.0 A13 + -1.0 A13 + 0.0 A76^ + -1.0 A76^ + 0.0 A16 + -1.0 A16 + A36 + -1.0 A36 + 0.0 A13^ + -1.0 A13^ + A1_2 + -0.0 A1_2>
M  Contraint for 1i: -0.012853648463 == E_1i + <gurobi.LinExpr: 0.0 A5^ + -1.0 A5^ + 0.0 A78^ + -1.0 A78^ + A1^ + -1.0 A1^ + A61 + -1.0 A61 + A1_3 + -0.0 A1_3 + 0.0 A80^ + -1.0 A80^ + 0.0 A67 + -1.0 A67 + 0.0 A80 + -1.0 A80 + 0.0 A67^ + -1.0 A67^ + A61^ + -1.0 A61^ + 0.0 A77^ + -1.0 A77^ + A1 + -1.0 A1 + 0.0 A16^ + -1.0 A16^ + 0.0 A5 + -1.0 A5 + A36_2 + -0.0 A36_2 + A36_3 + -0.0 A36_3 + 0.0 A79^ + -1.0 A79^ + 0.0 A77 + -1.0 A77 + 0.0 A76 + -1.0 A76 + 0.0 A79 + -1.0 A79 + 0.0 A78 + -1.0 A78 + A36^ + -1.0 A36^ + 0.5 A13 + -0.5 A13 + 0.0 A76^ + -1.0 A76^ + 0.0 A16 + -1.0 A16 + A36 + -1.0 A36 + 0.5 A13^ + -0.5 A13^ + A1_2 + -0.0 A1_2>
M  Contraint for 5i: -0.0601593625098 == E_5i + <gurobi.LinExpr: 0.0 A5^ + -1.0 A5^ + A78^ + -0.0 A78^ + A1^ + -1.0 A1^ + A61 + -1.0 A61 + A1_3 + -0.0 A1_3 + A80^ + -0.0 A80^ + A67 + -0.0 A67 + A80 + -0.0 A80 + A67^ + -0.0 A67^ + A61^ + -1.0 A61^ + 0.0 A77^ + -1.0 A77^ + A1 + -1.0 A1 + 0.0 A16^ + -1.0 A16^ + 0.0 A5 + -1.0 A5 + A36_2 + -0.0 A36_2 + A36_3 + -0.0 A36_3 + A79^ + -0.0 A79^ + 0.0 A77 + -1.0 A77 + 0.0 A76 + -1.0 A76 + A79 + -0.0 A79 + A78 + -0.0 A78 + A36^ + -1.0 A36^ + A13 + -0.0 A13 + 0.0 A76^ + -1.0 A76^ + 0.0 A16 + -1.0 A16 + A36 + -1.0 A36 + A13^ + -0.0 A13^ + A1_2 + -0.0 A1_2>
M  Contraint for 2i: 0.062750409842 == E_2i + <gurobi.LinExpr: 0.0 A5^ + -1.0 A5^ + 0.0 A78^ + -1.0 A78^ + A1^ + -1.0 A1^ + A61 + -1.0 A61 + A1_3 + -0.0 A1_3 + 0.5 A80^ + -0.5 A80^ + 0.0 A67 + -1.0 A67 + 0.5 A80 + -0.5 A80 + 0.0 A67^ + -1.0 A67^ + A61^ + -1.0 A61^ + 0.0 A77^ + -1.0 A77^ + A1 + -1.0 A1 + 0.0 A16^ + -1.0 A16^ + 0.0 A5 + -1.0 A5 + A36_2 + -0.0 A36_2 + A36_3 + -0.0 A36_3 + A79^ + -0.0 A79^ + 0.0 A77 + -1.0 A77 + 0.0 A76 + -1.0 A76 + A79 + -0.0 A79 + 0.0 A78 + -1.0 A78 + A36^ + -1.0 A36^ + A13 + -0.0 A13 + 0.0 A76^ + -1.0 A76^ + 0.0 A16 + -1.0 A16 + A36 + -1.0 A36 + A13^ + -0.0 A13^ + A1_2 + -0.0 A1_2>
M  Contraint for 3e: 0.271144126946 == E_3e + <gurobi.LinExpr: 0.0 A5^ + -1.0 A5^ + 0.0 A78^ + -1.0 A78^ + A1^ + -1.0 A1^ + A61 + -1.0 A61 + A1_3 + -0.0 A1_3 + A80^ + -0.0 A80^ + 0.0 A67 + -1.0 A67 + A80 + -0.0 A80 + 0.0 A67^ + -1.0 A67^ + A61^ + -1.0 A61^ + 0.0 A77^ + -1.0 A77^ + A1 + -1.0 A1 + 0.0 A16^ + -1.0 A16^ + 0.0 A5 + -1.0 A5 + A36_2 + -0.0 A36_2 + A36_3 + -0.0 A36_3 + A79^ + -0.0 A79^ + 0.0 A77 + -1.0 A77 + 0.0 A76 + -1.0 A76 + A79 + -0.0 A79 + 0.0 A78 + -1.0 A78 + A36^ + -1.0 A36^ + A13 + -0.0 A13 + 0.0 A76^ + -1.0 A76^ + 0.0 A16 + -1.0 A16 + A36 + -1.0 A36 + A13^ + -0.0 A13^ + A1_2 + -0.0 A1_2>
M  Contraint for pce: -2.24226440464 == E_pce + <gurobi.LinExpr: 0.0 A5^ + -1.0 A5^ + A78^ + -0.0 A78^ + 0.0 A1^ + -1.0 A1^ + 0.0 A61 + -2.0 A61 + 0.0 A1_3 + -0.0 A1_3 + A80^ + -0.0 A80^ + A67 + -0.0 A67 + A80 + -0.0 A80 + A67^ + -0.0 A67^ + 0.0 A61^ + -2.0 A61^ + A77^ + -0.0 A77^ + 0.0 A1 + -1.0 A1 + A16^ + -0.0 A16^ + 0.0 A5 + -1.0 A5 + 0.0 A36_2 + -1.0 A36_2 + 0.0 A36_3 + -1.0 A36_3 + A79^ + -0.0 A79^ + A77 + -0.0 A77 + A76 + -0.0 A76 + A79 + -0.0 A79 + A78 + -0.0 A78 + 0.0 A36^ + -2.0 A36^ + A13 + -0.0 A13 + A76^ + -0.0 A76^ + A16 + -0.0 A16 + 0.0 A36 + -2.0 A36 + A13^ + -0.0 A13^ + 0.0 A1_2 + -0.0 A1_2>
M  Objective: <gurobi.LinExpr: C39 + C40 + C41 + C42 + C43 + C44 + C45 + C46 + C47 + C48 + 1.5 C49 + 0.5 A5^ + 0.5 A78^ + 0.5 A1^ + 0.5 A61 + 0.5 A1_3 + 0.5 A80^ + 0.5 A67 + 0.5 A80 + 0.5 A67^ + 0.5 A61^ + 0.5 A77^ + 0.5 A1 + 0.5 A16^ + 0.5 A5 + 0.5 A36_2 + 0.5 A36_3 + 0.5 A79^ + 0.5 A36^ + 0.5 A76 + 0.5 A79 + 0.5 A78 + 0.5 A77 + 0.5 A13 + 0.5 A76^ + 0.5 A16 + 0.5 A36 + 0.5 A13^ + 0.5 A1_2 + 0.1 A78^ + 0.1 A80^ + 0.1 A67 + 0.1 A80 + 0.1 A67^ + 0.1 A77^ + 0.1 A16^ + 0.1 A79^ + 0.1 A76 + 0.1 A79 + 0.1 A78 + 0.1 A77 + 0.1 A13 + 0.1 A76^ + 0.1 A16 + 0.1 A13^>
CN Solver status: optimal, opt: 2.37233350251
  Solutions:
    ('1', '1^')
== Initial Solver ==
Solving Counter({'1': 2})
Possible candidates:
  CYP2D6.1
  CYP2D6.107
    6.3e 42525133:SNP.CT  428 ( 49) F 1659:G>A
  CYP2D6.2B
    6.9e 42522612:SNP.CG  430 ( 47) F 4180:G>C
    6.6e 42523942:SNP.GA  624 ( 53) F 2850:C>T
  CYP2D6.29
    6.9e 42522612:SNP.CG  430 ( 47) F 4180:G>C
    6.3e 42525133:SNP.CT  428 ( 49) F 1659:G>A
    6.7e 42523609:SNP.CT  627 ( 50) F 3183:G>A
    6.6e 42523942:SNP.GA  624 ( 53) F 2850:C>T
  CYP2D6.34
    6.6e 42523942:SNP.GA  624 ( 53) F 2850:C>T
  CYP2D6.39
    6.9e 42522612:SNP.CG  430 ( 47) F 4180:G>C
M  Max. CN for 39 = 2
M  Max. CN for 29 = 2
M  Max. CN for 34 = 2
M  Max. CN for 1 = 2
M  Max. CN for 2B = 2
M  Max. CN for 107 = 2
M  Contraint for 42525133:SNP.CT 6.3e: 428 == <gurobi.QuadExpr: 0.0 + [ 437.5 REG_29_2_42525133:SNP.CT * 29_2 + 437.5 REG_29_42525133:SNP.CT * 29 + 437.5 REG_107_2_42525133:SNP.CT * 107_2 + 437.5 REG_107_42525133:SNP.CT * 107 ]> + err
M  Contraint for 42523942:REF 6.6e: 560 == <gurobi.QuadExpr: 592.0 29_2 + 592.0 39 + 592.0 39_2 + 592.0 29 + 592.0 34 + 592.0 1 + 592.0 1_2 + 592.0 2B + 592.0 107_2 + 592.0 107 + 592.0 34_2 + 592.0 2B_2 + [ -592.0 REG_29_2_42523942:SNP.GA * 29_2 + -592.0 REG_29_42523942:SNP.GA * 29 + -592.0 REG_34_42523942:SNP.GA * 34 + -592.0 REG_2B_42523942:SNP.GA * 2B + -592.0 REG_34_2_42523942:SNP.GA * 34_2 + -592.0 REG_2B_2_42523942:SNP.GA * 2B_2 ]> + err
M  Contraint for 42523942:SNP.GA 6.6e: 624 == <gurobi.QuadExpr: 0.0 + [ 592.0 REG_29_2_42523942:SNP.GA * 29_2 + 592.0 REG_29_42523942:SNP.GA * 29 + 592.0 REG_34_42523942:SNP.GA * 34 + 592.0 REG_2B_42523942:SNP.GA * 2B + 592.0 REG_34_2_42523942:SNP.GA * 34_2 + 592.0 REG_2B_2_42523942:SNP.GA * 2B_2 ]> + err
M  Contraint for 42525133:REF 6.3e: 447 == <gurobi.QuadExpr: 437.5 29_2 + 437.5 39 + 437.5 39_2 + 437.5 29 + 437.5 34 + 437.5 1 + 437.5 1_2 + 437.5 2B + 437.5 107_2 + 437.5 107 + 437.5 34_2 + 437.5 2B_2 + [ -437.5 REG_29_2_42525133:SNP.CT * 29_2 + -437.5 REG_29_42525133:SNP.CT * 29 + -437.5 REG_107_2_42525133:SNP.CT * 107_2 + -437.5 REG_107_42525133:SNP.CT * 107 ]> + err
M  Contraint for 42522612:REF 6.9e: 484 == <gurobi.QuadExpr: 457.0 29_2 + 457.0 39 + 457.0 39_2 + 457.0 29 + 457.0 34 + 457.0 1 + 457.0 1_2 + 457.0 2B + 457.0 107_2 + 457.0 107 + 457.0 34_2 + 457.0 2B_2 + [ -457.0 REG_29_2_42522612:SNP.CG * 29_2 + -457.0 REG_39_42522612:SNP.CG * 39 + -457.0 REG_39_2_42522612:SNP.CG * 39_2 + -457.0 REG_29_42522612:SNP.CG * 29 + -457.0 REG_2B_42522612:SNP.CG * 2B + -457.0 REG_2B_2_42522612:SNP.CG * 2B_2 ]> + err
M  Contraint for 42523609:SNP.CT 6.7e: 627 == <gurobi.QuadExpr: 0.0 + [ 623.0 REG_29_2_42523609:SNP.CT * 29_2 + 623.0 REG_29_42523609:SNP.CT * 29 ]> + err
M  Contraint for 42522612:SNP.CG 6.9e: 430 == <gurobi.QuadExpr: 0.0 + [ 457.0 REG_29_2_42522612:SNP.CG * 29_2 + 457.0 REG_39_42522612:SNP.CG * 39 + 457.0 REG_39_2_42522612:SNP.CG * 39_2 + 457.0 REG_29_42522612:SNP.CG * 29 + 457.0 REG_2B_42522612:SNP.CG * 2B + 457.0 REG_2B_2_42522612:SNP.CG * 2B_2 ]> + err
M  Contraint for 42523609:REF 6.7e: 619 == <gurobi.QuadExpr: 623.0 29_2 + 623.0 39 + 623.0 39_2 + 623.0 29 + 623.0 34 + 623.0 1 + 623.0 1_2 + 623.0 2B + 623.0 107_2 + 623.0 107 + 623.0 34_2 + 623.0 2B_2 + [ -623.0 REG_29_2_42523609:SNP.CT * 29_2 + -623.0 REG_29_42523609:SNP.CT * 29 ]> + err
M  Contraint for 29_2 42523609:SNP.CT: <gurobi.Var 29_2> >= <gurobi.Var REG_29_2_42523609:SNP.CT>
M  Contraint for 29_2 42523942:SNP.GA: <gurobi.Var 29_2> >= <gurobi.Var REG_29_2_42523942:SNP.GA>
M  Contraint for 29_2 42525133:SNP.CT: <gurobi.Var 29_2> >= <gurobi.Var REG_29_2_42525133:SNP.CT>
M  Contraint for 29_2 42522612:SNP.CG: <gurobi.Var 29_2> >= <gurobi.Var REG_29_2_42522612:SNP.CG>
M  Contraint for 39 42522612:SNP.CG: <gurobi.Var 39> >= <gurobi.Var REG_39_42522612:SNP.CG>
M  Contraint for 39_2 42522612:SNP.CG: <gurobi.Var 39_2> >= <gurobi.Var REG_39_2_42522612:SNP.CG>
M  Contraint for 29 42523609:SNP.CT: <gurobi.Var 29> >= <gurobi.Var REG_29_42523609:SNP.CT>
M  Contraint for 29 42523942:SNP.GA: <gurobi.Var 29> >= <gurobi.Var REG_29_42523942:SNP.GA>
M  Contraint for 29 42525133:SNP.CT: <gurobi.Var 29> >= <gurobi.Var REG_29_42525133:SNP.CT>
M  Contraint for 29 42522612:SNP.CG: <gurobi.Var 29> >= <gurobi.Var REG_29_42522612:SNP.CG>
M  Contraint for 34 42523942:SNP.GA: <gurobi.Var 34> >= <gurobi.Var REG_34_42523942:SNP.GA>
M  Contraint for 2B 42523942:SNP.GA: <gurobi.Var 2B> >= <gurobi.Var REG_2B_42523942:SNP.GA>
M  Contraint for 2B 42522612:SNP.CG: <gurobi.Var 2B> >= <gurobi.Var REG_2B_42522612:SNP.CG>
M  Contraint for 107_2 42525133:SNP.CT: <gurobi.Var 107_2> >= <gurobi.Var REG_107_2_42525133:SNP.CT>
M  Contraint for 107 42525133:SNP.CT: <gurobi.Var 107> >= <gurobi.Var REG_107_42525133:SNP.CT>
M  Contraint for 34_2 42523942:SNP.GA: <gurobi.Var 34_2> >= <gurobi.Var REG_34_2_42523942:SNP.GA>
M  Contraint for 2B_2 42523942:SNP.GA: <gurobi.Var 2B_2> >= <gurobi.Var REG_2B_2_42523942:SNP.GA>
M  Contraint for 2B_2 42522612:SNP.CG: <gurobi.Var 2B_2> >= <gurobi.Var REG_2B_2_42522612:SNP.CG>
M  CN contraint for 1: 2 == <gurobi.LinExpr: 29_2 + 39 + 39_2 + 29 + 34 + 1 + 1_2 + 2B + 107_2 + 107 + 34_2 + 2B_2>
M  Sentinel contraint for 39: A_39_2 <= A_39
M  Sentinel contraint for 29: A_29_2 <= A_29
M  Sentinel contraint for 34: A_34_2 <= A_34
M  Sentinel contraint for 1: A_1_2 <= A_1
M  Sentinel contraint for 2B: A_2B_2 <= A_2B
M  Sentinel contraint for 107: A_107_2 <= A_107
M  Objective: <gurobi.LinExpr: C52 + C53 + C54 + C55 + C56 + C57 + C58 + C59>
M  Contraint for 29_2: A_29_2 * (<gurobi.LinExpr: REG_29_2_42522612:SNP.CG + REG_29_2_42523609:SNP.CT + REG_29_2_42523942:SNP.GA + REG_29_2_42525133:SNP.CT> - 4) == 0
M  Contraint for 39: A_39 * (<gurobi.LinExpr: REG_39_42522612:SNP.CG> - 1) == 0
M  Contraint for 39_2: A_39_2 * (<gurobi.LinExpr: REG_39_2_42522612:SNP.CG> - 1) == 0
M  Contraint for 29: A_29 * (<gurobi.LinExpr: REG_29_42522612:SNP.CG + REG_29_42523609:SNP.CT + REG_29_42523942:SNP.GA + REG_29_42525133:SNP.CT> - 4) == 0
M  Contraint for 34: A_34 * (<gurobi.LinExpr: REG_34_42523942:SNP.GA> - 1) == 0
M  Contraint for 2B: A_2B * (<gurobi.LinExpr: REG_2B_42522612:SNP.CG + REG_2B_42523942:SNP.GA> - 2) == 0
M  Contraint for 107_2: A_107_2 * (<gurobi.LinExpr: REG_107_2_42525133:SNP.CT> - 1) == 0
M  Contraint for 107: A_107 * (<gurobi.LinExpr: REG_107_42525133:SNP.CT> - 1) == 0
M  Contraint for 34_2: A_34_2 * (<gurobi.LinExpr: REG_34_2_42523942:SNP.GA> - 1) == 0
M  Contraint for 2B_2: A_2B_2 * (<gurobi.LinExpr: REG_2B_2_42522612:SNP.CG + REG_2B_2_42523942:SNP.GA> - 2) == 0
M  Contraint for 42522612:SNP.CG: 1 <= <gurobi.QuadExpr: 0.0 + [ 29_2 * REG_29_2_42522612:SNP.CG + 39 * REG_39_42522612:SNP.CG + 39_2 * REG_39_2_42522612:SNP.CG + 29 * REG_29_42522612:SNP.CG + 2B * REG_2B_42522612:SNP.CG + 2B_2 * REG_2B_2_42522612:SNP.CG ]>
M  Contraint for 42523609:SNP.CT: 1 <= <gurobi.QuadExpr: 0.0 + [ 29_2 * REG_29_2_42523609:SNP.CT + 29 * REG_29_42523609:SNP.CT ]>
M  Contraint for 42523942:SNP.GA: 1 <= <gurobi.QuadExpr: 0.0 + [ 29_2 * REG_29_2_42523942:SNP.GA + 29 * REG_29_42523942:SNP.GA + 34 * REG_34_42523942:SNP.GA + 2B * REG_2B_42523942:SNP.GA + 34_2 * REG_34_2_42523942:SNP.GA + 2B_2 * REG_2B_2_42523942:SNP.GA ]>
M  Contraint for 42525133:SNP.CT: 1 <= <gurobi.QuadExpr: 0.0 + [ 29_2 * REG_29_2_42525133:SNP.CT + 29 * REG_29_42525133:SNP.CT + 107_2 * REG_107_2_42525133:SNP.CT + 107 * REG_107_42525133:SNP.CT ]>
M  Contraint for 42522612:SNP.CG: 1 <= <gurobi.QuadExpr: 0.0 + [ 29_2 * REG_29_2_42522612:SNP.CG + 39 * REG_39_42522612:SNP.CG + 39_2 * REG_39_2_42522612:SNP.CG + 29 * REG_29_42522612:SNP.CG + 2B * REG_2B_42522612:SNP.CG + 2B_2 * REG_2B_2_42522612:SNP.CG ]>
M  Contraint for 42522612:SNP.CG: 1 <= <gurobi.QuadExpr: 0.0 + [ 29_2 * REG_29_2_42522612:SNP.CG + 39 * REG_39_42522612:SNP.CG + 39_2 * REG_39_2_42522612:SNP.CG + 29 * REG_29_42522612:SNP.CG + 2B * REG_2B_42522612:SNP.CG + 2B_2 * REG_2B_2_42522612:SNP.CG ]>
M  Contraint for 42522612:SNP.CG: 1 <= <gurobi.QuadExpr: 0.0 + [ 29_2 * REG_29_2_42522612:SNP.CG + 39 * REG_39_42522612:SNP.CG + 39_2 * REG_39_2_42522612:SNP.CG + 29 * REG_29_42522612:SNP.CG + 2B * REG_2B_42522612:SNP.CG + 2B_2 * REG_2B_2_42522612:SNP.CG ]>
M  Contraint for 42523609:SNP.CT: 1 <= <gurobi.QuadExpr: 0.0 + [ 29_2 * REG_29_2_42523609:SNP.CT + 29 * REG_29_42523609:SNP.CT ]>
M  Contraint for 42523942:SNP.GA: 1 <= <gurobi.QuadExpr: 0.0 + [ 29_2 * REG_29_2_42523942:SNP.GA + 29 * REG_29_42523942:SNP.GA + 34 * REG_34_42523942:SNP.GA + 2B * REG_2B_42523942:SNP.GA + 34_2 * REG_34_2_42523942:SNP.GA + 2B_2 * REG_2B_2_42523942:SNP.GA ]>
M  Contraint for 42525133:SNP.CT: 1 <= <gurobi.QuadExpr: 0.0 + [ 29_2 * REG_29_2_42525133:SNP.CT + 29 * REG_29_42525133:SNP.CT + 107_2 * REG_107_2_42525133:SNP.CT + 107 * REG_107_42525133:SNP.CT ]>
M  Contraint for 42523942:SNP.GA: 1 <= <gurobi.QuadExpr: 0.0 + [ 29_2 * REG_29_2_42523942:SNP.GA + 29 * REG_29_42523942:SNP.GA + 34 * REG_34_42523942:SNP.GA + 2B * REG_2B_42523942:SNP.GA + 34_2 * REG_34_2_42523942:SNP.GA + 2B_2 * REG_2B_2_42523942:SNP.GA ]>
M  Contraint for 42522612:SNP.CG: 1 <= <gurobi.QuadExpr: 0.0 + [ 29_2 * REG_29_2_42522612:SNP.CG + 39 * REG_39_42522612:SNP.CG + 39_2 * REG_39_2_42522612:SNP.CG + 29 * REG_29_42522612:SNP.CG + 2B * REG_2B_42522612:SNP.CG + 2B_2 * REG_2B_2_42522612:SNP.CG ]>
M  Contraint for 42523942:SNP.GA: 1 <= <gurobi.QuadExpr: 0.0 + [ 29_2 * REG_29_2_42523942:SNP.GA + 29 * REG_29_42523942:SNP.GA + 34 * REG_34_42523942:SNP.GA + 2B * REG_2B_42523942:SNP.GA + 34_2 * REG_34_2_42523942:SNP.GA + 2B_2 * REG_2B_2_42523942:SNP.GA ]>
M  Contraint for 42525133:SNP.CT: 1 <= <gurobi.QuadExpr: 0.0 + [ 29_2 * REG_29_2_42525133:SNP.CT + 29 * REG_29_42525133:SNP.CT + 107_2 * REG_107_2_42525133:SNP.CT + 107 * REG_107_42525133:SNP.CT ]>
M  Contraint for 42525133:SNP.CT: 1 <= <gurobi.QuadExpr: 0.0 + [ 29_2 * REG_29_2_42525133:SNP.CT + 29 * REG_29_42525133:SNP.CT + 107_2 * REG_107_2_42525133:SNP.CT + 107 * REG_107_42525133:SNP.CT ]>
M  Contraint for 42523942:SNP.GA: 1 <= <gurobi.QuadExpr: 0.0 + [ 29_2 * REG_29_2_42523942:SNP.GA + 29 * REG_29_42523942:SNP.GA + 34 * REG_34_42523942:SNP.GA + 2B * REG_2B_42523942:SNP.GA + 34_2 * REG_34_2_42523942:SNP.GA + 2B_2 * REG_2B_2_42523942:SNP.GA ]>
M  Contraint for 42522612:SNP.CG: 1 <= <gurobi.QuadExpr: 0.0 + [ 29_2 * REG_29_2_42522612:SNP.CG + 39 * REG_39_42522612:SNP.CG + 39_2 * REG_39_2_42522612:SNP.CG + 29 * REG_29_42522612:SNP.CG + 2B * REG_2B_42522612:SNP.CG + 2B_2 * REG_2B_2_42522612:SNP.CG ]>
M  Contraint for 42523942:SNP.GA: 1 <= <gurobi.QuadExpr: 0.0 + [ 29_2 * REG_29_2_42523942:SNP.GA + 29 * REG_29_42523942:SNP.GA + 34 * REG_34_42523942:SNP.GA + 2B * REG_2B_42523942:SNP.GA + 34_2 * REG_34_2_42523942:SNP.GA + 2B_2 * REG_2B_2_42523942:SNP.GA ]>
CN Solver status: optimal, opt: 145.0
  solution:
    ('1', '29')
[32;01mCopy number best structures:[39;49;00m
[32;01m  (1) 2x*1-like[39;49;00m
== Refiner ==
Refining ('1', '29')
M  CN constraint for 1: 1 == <gurobi.LinExpr: 1 + 1C + 1B + 1E + 1D>
M  CN constraint for 29: 1 == <gurobi.LinExpr: 29>
M  Contraint for 42524923:SNP.AG 6.4e: 0 == <gurobi.QuadExpr: 0.0 + [ 502.5 EXT_29_42524923:SNP.AG * 29 + 502.5 EXT_1_42524923:SNP.AG * 1 + 502.5 EXT_1C_42524923:SNP.AG * 1C + 502.5 EXT_1B_42524923:SNP.AG * 1B + 502.5 REG_1E_42524923:SNP.AG * 1E + 502.5 EXT_1D_42524923:SNP.AG * 1D ]> + err
M  Contraint for 42525131:SNP.CG 6.3e: 435 == <gurobi.QuadExpr: 0.0 + [ 441.5 REG_29_42525131:SNP.CG * 29 + 441.5 EXT_1_42525131:SNP.CG * 1 + 441.5 EXT_1C_42525131:SNP.CG * 1C + 441.5 EXT_1B_42525131:SNP.CG * 1B + 441.5 EXT_1E_42525131:SNP.CG * 1E + 441.5 EXT_1D_42525131:SNP.CG * 1D ]> + err
M  Contraint for 42525133:SNP.CT 6.3e: 428 == <gurobi.QuadExpr: 0.0 + [ 437.5 REG_29_42525133:SNP.CT * 29 + 437.5 EXT_1_42525133:SNP.CT * 1 + 437.5 EXT_1C_42525133:SNP.CT * 1C + 437.5 EXT_1B_42525133:SNP.CT * 1B + 437.5 EXT_1E_42525133:SNP.CT * 1E + 437.5 EXT_1D_42525133:SNP.CT * 1D ]> + err
M  Contraint for 42524814:REF 6.4e: 1475 == <gurobi.QuadExpr: 737.5 29 + 737.5 1 + 737.5 1C + 737.5 1B + 737.5 1E + 737.5 1D + [ -737.5 EXT_29_42524814:SNP.GA * 29 + -737.5 EXT_1_42524814:SNP.GA * 1 + -737.5 REG_1C_42524814:SNP.GA * 1C + -737.5 EXT_1B_42524814:SNP.GA * 1B + -737.5 EXT_1E_42524814:SNP.GA * 1E + -737.5 EXT_1D_42524814:SNP.GA * 1D ]> + err
M  Contraint for 42522964:SNP.CT 6.8e: 0 == <gurobi.QuadExpr: 0.0 + [ 433.5 EXT_29_42522964:SNP.CT * 29 + 433.5 EXT_1_42522964:SNP.CT * 1 + 433.5 EXT_1C_42522964:SNP.CT * 1C + 433.5 REG_1B_42522964:SNP.CT * 1B + 433.5 EXT_1E_42522964:SNP.CT * 1E + 433.5 EXT_1D_42522964:SNP.CT * 1D ]> + err
M  Contraint for 42525131:REF 6.3e: 448 == <gurobi.QuadExpr: 441.5 29 + 441.5 1 + 441.5 1C + 441.5 1B + 441.5 1E + 441.5 1D + [ -441.5 REG_29_42525131:SNP.CG * 29 + -441.5 EXT_1_42525131:SNP.CG * 1 + -441.5 EXT_1C_42525131:SNP.CG * 1C + -441.5 EXT_1B_42525131:SNP.CG * 1B + -441.5 EXT_1E_42525131:SNP.CG * 1E + -441.5 EXT_1D_42525131:SNP.CG * 1D ]> + err
M  Contraint for 42524923:REF 6.4e: 1005 == <gurobi.QuadExpr: 502.5 29 + 502.5 1 + 502.5 1C + 502.5 1B + 502.5 1E + 502.5 1D + [ -502.5 EXT_29_42524923:SNP.AG * 29 + -502.5 EXT_1_42524923:SNP.AG * 1 + -502.5 EXT_1C_42524923:SNP.AG * 1C + -502.5 EXT_1B_42524923:SNP.AG * 1B + -502.5 REG_1E_42524923:SNP.AG * 1E + -502.5 EXT_1D_42524923:SNP.AG * 1D ]> + err
M  Contraint for 42524814:SNP.GA 6.4e: 0 == <gurobi.QuadExpr: 0.0 + [ 737.5 EXT_29_42524814:SNP.GA * 29 + 737.5 EXT_1_42524814:SNP.GA * 1 + 737.5 REG_1C_42524814:SNP.GA * 1C + 737.5 EXT_1B_42524814:SNP.GA * 1B + 737.5 EXT_1E_42524814:SNP.GA * 1E + 737.5 EXT_1D_42524814:SNP.GA * 1D ]> + err
M  Contraint for 42523942:SNP.GA 6.6e: 624 == <gurobi.QuadExpr: 0.0 + [ 592.0 REG_29_42523942:SNP.GA * 29 + 592.0 EXT_1_42523942:SNP.GA * 1 + 592.0 EXT_1C_42523942:SNP.GA * 1C + 592.0 EXT_1B_42523942:SNP.GA * 1B + 592.0 EXT_1E_42523942:SNP.GA * 1E + 592.0 EXT_1D_42523942:SNP.GA * 1D ]> + err
M  Contraint for 42525133:REF 6.3e: 447 == <gurobi.QuadExpr: 437.5 29 + 437.5 1 + 437.5 1C + 437.5 1B + 437.5 1E + 437.5 1D + [ -437.5 REG_29_42525133:SNP.CT * 29 + -437.5 EXT_1_42525133:SNP.CT * 1 + -437.5 EXT_1C_42525133:SNP.CT * 1C + -437.5 EXT_1B_42525133:SNP.CT * 1B + -437.5 EXT_1E_42525133:SNP.CT * 1E + -437.5 EXT_1D_42525133:SNP.CT * 1D ]> + err
M  Contraint for 42522964:REF 6.8e: 867 == <gurobi.QuadExpr: 433.5 29 + 433.5 1 + 433.5 1C + 433.5 1B + 433.5 1E + 433.5 1D + [ -433.5 EXT_29_42522964:SNP.CT * 29 + -433.5 EXT_1_42522964:SNP.CT * 1 + -433.5 EXT_1C_42522964:SNP.CT * 1C + -433.5 REG_1B_42522964:SNP.CT * 1B + -433.5 EXT_1E_42522964:SNP.CT * 1E + -433.5 EXT_1D_42522964:SNP.CT * 1D ]> + err
M  Contraint for 42524217:SNP.GT 6.5e: 0 == <gurobi.QuadExpr: 0.0 + [ 638.0 EXT_29_42524217:SNP.GT * 29 + 638.0 EXT_1_42524217:SNP.GT * 1 + 638.0 EXT_1C_42524217:SNP.GT * 1C + 638.0 EXT_1B_42524217:SNP.GT * 1B + 638.0 EXT_1E_42524217:SNP.GT * 1E + 638.0 REG_1D_42524217:SNP.GT * 1D ]> + err
M  Contraint for 42524217:REF 6.5e: 1276 == <gurobi.QuadExpr: 638.0 29 + 638.0 1 + 638.0 1C + 638.0 1B + 638.0 1E + 638.0 1D + [ -638.0 EXT_29_42524217:SNP.GT * 29 + -638.0 EXT_1_42524217:SNP.GT * 1 + -638.0 EXT_1C_42524217:SNP.GT * 1C + -638.0 EXT_1B_42524217:SNP.GT * 1B + -638.0 EXT_1E_42524217:SNP.GT * 1E + -638.0 REG_1D_42524217:SNP.GT * 1D ]> + err
M  Contraint for 42523942:REF 6.6e: 560 == <gurobi.QuadExpr: 592.0 29 + 592.0 1 + 592.0 1C + 592.0 1B + 592.0 1E + 592.0 1D + [ -592.0 REG_29_42523942:SNP.GA * 29 + -592.0 EXT_1_42523942:SNP.GA * 1 + -592.0 EXT_1C_42523942:SNP.GA * 1C + -592.0 EXT_1B_42523942:SNP.GA * 1B + -592.0 EXT_1E_42523942:SNP.GA * 1E + -592.0 EXT_1D_42523942:SNP.GA * 1D ]> + err
M  Contraint for 42523609:SNP.CT 6.7e: 627 == <gurobi.QuadExpr: 0.0 + [ 623.0 REG_29_42523609:SNP.CT * 29 + 623.0 EXT_1_42523609:SNP.CT * 1 + 623.0 EXT_1C_42523609:SNP.CT * 1C + 623.0 EXT_1B_42523609:SNP.CT * 1B + 623.0 EXT_1E_42523609:SNP.CT * 1E + 623.0 EXT_1D_42523609:SNP.CT * 1D ]> + err
M  Contraint for 42522612:SNP.CG 6.9e: 430 == <gurobi.QuadExpr: 0.0 + [ 457.0 REG_29_42522612:SNP.CG * 29 + 457.0 EXT_1_42522612:SNP.CG * 1 + 457.0 EXT_1C_42522612:SNP.CG * 1C + 457.0 EXT_1B_42522612:SNP.CG * 1B + 457.0 EXT_1E_42522612:SNP.CG * 1E + 457.0 EXT_1D_42522612:SNP.CG * 1D ]> + err
M  Contraint for 42523609:REF 6.7e: 619 == <gurobi.QuadExpr: 623.0 29 + 623.0 1 + 623.0 1C + 623.0 1B + 623.0 1E + 623.0 1D + [ -623.0 REG_29_42523609:SNP.CT * 29 + -623.0 EXT_1_42523609:SNP.CT * 1 + -623.0 EXT_1C_42523609:SNP.CT * 1C + -623.0 EXT_1B_42523609:SNP.CT * 1B + -623.0 EXT_1E_42523609:SNP.CT * 1E + -623.0 EXT_1D_42523609:SNP.CT * 1D ]> + err
M  Contraint for 42522612:REF 6.9e: 484 == <gurobi.QuadExpr: 457.0 29 + 457.0 1 + 457.0 1C + 457.0 1B + 457.0 1E + 457.0 1D + [ -457.0 REG_29_42522612:SNP.CG * 29 + -457.0 EXT_1_42522612:SNP.CG * 1 + -457.0 EXT_1C_42522612:SNP.CG * 1C + -457.0 EXT_1B_42522612:SNP.CG * 1B + -457.0 EXT_1E_42522612:SNP.CG * 1E + -457.0 EXT_1D_42522612:SNP.CG * 1D ]> + err
M  Contraint for MM[missing] 29 42523942:SNP.GA: <gurobi.Var 29> >= <gurobi.Var REG_29_42523942:SNP.GA>
M  Contraint for MM[missing] 29 42523609:SNP.CT: <gurobi.Var 29> >= <gurobi.Var REG_29_42523609:SNP.CT>
M  Contraint for MM[missing] 29 42522612:SNP.CG: <gurobi.Var 29> >= <gurobi.Var REG_29_42522612:SNP.CG>
M  Contraint for MM[missing] 29 42525131:SNP.CG: <gurobi.Var 29> >= <gurobi.Var REG_29_42525131:SNP.CG>
M  Contraint for MM[missing] 29 42525133:SNP.CT: <gurobi.Var 29> >= <gurobi.Var REG_29_42525133:SNP.CT>
M  Contraint for MM[missing] 1C 42524814:SNP.GA: <gurobi.Var 1C> >= <gurobi.Var REG_1C_42524814:SNP.GA>
M  Contraint for MM[missing] 1B 42522964:SNP.CT: <gurobi.Var 1B> >= <gurobi.Var REG_1B_42522964:SNP.CT>
M  Contraint for MM[missing] 1E 42524923:SNP.AG: <gurobi.Var 1E> >= <gurobi.Var REG_1E_42524923:SNP.AG>
M  Contraint for MM[missing] 1D 42524217:SNP.GT: <gurobi.Var 1D> >= <gurobi.Var REG_1D_42524217:SNP.GT>
M  Contraint for MA[extra] 29 42524814:SNP.GA: <gurobi.Var 29> >= <gurobi.Var EXT_29_42524814:SNP.GA>
M  Contraint for MA[extra] 29 42524923:SNP.AG: <gurobi.Var 29> >= <gurobi.Var EXT_29_42524923:SNP.AG>
M  Contraint for MA[extra] 29 42524217:SNP.GT: <gurobi.Var 29> >= <gurobi.Var EXT_29_42524217:SNP.GT>
M  Contraint for MA[extra] 29 42522964:SNP.CT: <gurobi.Var 29> >= <gurobi.Var EXT_29_42522964:SNP.CT>
M  Contraint for MA[extra] 1 42524923:SNP.AG: <gurobi.Var 1> >= <gurobi.Var EXT_1_42524923:SNP.AG>
M  Contraint for MA[extra] 1 42525131:SNP.CG: <gurobi.Var 1> >= <gurobi.Var EXT_1_42525131:SNP.CG>
M  Contraint for MA[extra] 1 42525133:SNP.CT: <gurobi.Var 1> >= <gurobi.Var EXT_1_42525133:SNP.CT>
M  Contraint for MA[extra] 1 42522964:SNP.CT: <gurobi.Var 1> >= <gurobi.Var EXT_1_42522964:SNP.CT>
M  Contraint for MA[extra] 1 42524814:SNP.GA: <gurobi.Var 1> >= <gurobi.Var EXT_1_42524814:SNP.GA>
M  Contraint for MA[extra] 1 42523942:SNP.GA: <gurobi.Var 1> >= <gurobi.Var EXT_1_42523942:SNP.GA>
M  Contraint for MA[extra] 1 42524217:SNP.GT: <gurobi.Var 1> >= <gurobi.Var EXT_1_42524217:SNP.GT>
M  Contraint for MA[extra] 1 42523609:SNP.CT: <gurobi.Var 1> >= <gurobi.Var EXT_1_42523609:SNP.CT>
M  Contraint for MA[extra] 1 42522612:SNP.CG: <gurobi.Var 1> >= <gurobi.Var EXT_1_42522612:SNP.CG>
M  Contraint for MA[extra] 1C 42524923:SNP.AG: <gurobi.Var 1C> >= <gurobi.Var EXT_1C_42524923:SNP.AG>
M  Contraint for MA[extra] 1C 42525131:SNP.CG: <gurobi.Var 1C> >= <gurobi.Var EXT_1C_42525131:SNP.CG>
M  Contraint for MA[extra] 1C 42525133:SNP.CT: <gurobi.Var 1C> >= <gurobi.Var EXT_1C_42525133:SNP.CT>
M  Contraint for MA[extra] 1C 42522964:SNP.CT: <gurobi.Var 1C> >= <gurobi.Var EXT_1C_42522964:SNP.CT>
M  Contraint for MA[extra] 1C 42523942:SNP.GA: <gurobi.Var 1C> >= <gurobi.Var EXT_1C_42523942:SNP.GA>
M  Contraint for MA[extra] 1C 42524217:SNP.GT: <gurobi.Var 1C> >= <gurobi.Var EXT_1C_42524217:SNP.GT>
M  Contraint for MA[extra] 1C 42523609:SNP.CT: <gurobi.Var 1C> >= <gurobi.Var EXT_1C_42523609:SNP.CT>
M  Contraint for MA[extra] 1C 42522612:SNP.CG: <gurobi.Var 1C> >= <gurobi.Var EXT_1C_42522612:SNP.CG>
M  Contraint for MA[extra] 1B 42524923:SNP.AG: <gurobi.Var 1B> >= <gurobi.Var EXT_1B_42524923:SNP.AG>
M  Contraint for MA[extra] 1B 42525131:SNP.CG: <gurobi.Var 1B> >= <gurobi.Var EXT_1B_42525131:SNP.CG>
M  Contraint for MA[extra] 1B 42525133:SNP.CT: <gurobi.Var 1B> >= <gurobi.Var EXT_1B_42525133:SNP.CT>
M  Contraint for MA[extra] 1B 42524814:SNP.GA: <gurobi.Var 1B> >= <gurobi.Var EXT_1B_42524814:SNP.GA>
M  Contraint for MA[extra] 1B 42523942:SNP.GA: <gurobi.Var 1B> >= <gurobi.Var EXT_1B_42523942:SNP.GA>
M  Contraint for MA[extra] 1B 42524217:SNP.GT: <gurobi.Var 1B> >= <gurobi.Var EXT_1B_42524217:SNP.GT>
M  Contraint for MA[extra] 1B 42523609:SNP.CT: <gurobi.Var 1B> >= <gurobi.Var EXT_1B_42523609:SNP.CT>
M  Contraint for MA[extra] 1B 42522612:SNP.CG: <gurobi.Var 1B> >= <gurobi.Var EXT_1B_42522612:SNP.CG>
M  Contraint for MA[extra] 1E 42525131:SNP.CG: <gurobi.Var 1E> >= <gurobi.Var EXT_1E_42525131:SNP.CG>
M  Contraint for MA[extra] 1E 42525133:SNP.CT: <gurobi.Var 1E> >= <gurobi.Var EXT_1E_42525133:SNP.CT>
M  Contraint for MA[extra] 1E 42522964:SNP.CT: <gurobi.Var 1E> >= <gurobi.Var EXT_1E_42522964:SNP.CT>
M  Contraint for MA[extra] 1E 42524814:SNP.GA: <gurobi.Var 1E> >= <gurobi.Var EXT_1E_42524814:SNP.GA>
M  Contraint for MA[extra] 1E 42523942:SNP.GA: <gurobi.Var 1E> >= <gurobi.Var EXT_1E_42523942:SNP.GA>
M  Contraint for MA[extra] 1E 42524217:SNP.GT: <gurobi.Var 1E> >= <gurobi.Var EXT_1E_42524217:SNP.GT>
M  Contraint for MA[extra] 1E 42523609:SNP.CT: <gurobi.Var 1E> >= <gurobi.Var EXT_1E_42523609:SNP.CT>
M  Contraint for MA[extra] 1E 42522612:SNP.CG: <gurobi.Var 1E> >= <gurobi.Var EXT_1E_42522612:SNP.CG>
M  Contraint for MA[extra] 1D 42524923:SNP.AG: <gurobi.Var 1D> >= <gurobi.Var EXT_1D_42524923:SNP.AG>
M  Contraint for MA[extra] 1D 42525131:SNP.CG: <gurobi.Var 1D> >= <gurobi.Var EXT_1D_42525131:SNP.CG>
M  Contraint for MA[extra] 1D 42525133:SNP.CT: <gurobi.Var 1D> >= <gurobi.Var EXT_1D_42525133:SNP.CT>
M  Contraint for MA[extra] 1D 42522964:SNP.CT: <gurobi.Var 1D> >= <gurobi.Var EXT_1D_42522964:SNP.CT>
M  Contraint for MA[extra] 1D 42524814:SNP.GA: <gurobi.Var 1D> >= <gurobi.Var EXT_1D_42524814:SNP.GA>
M  Contraint for MA[extra] 1D 42523942:SNP.GA: <gurobi.Var 1D> >= <gurobi.Var EXT_1D_42523942:SNP.GA>
M  Contraint for MA[extra] 1D 42523609:SNP.CT: <gurobi.Var 1D> >= <gurobi.Var EXT_1D_42523609:SNP.CT>
M  Contraint for MA[extra] 1D 42522612:SNP.CG: <gurobi.Var 1D> >= <gurobi.Var EXT_1D_42522612:SNP.CG>
M  Objective: <gurobi.LinExpr: C78 + C79 + C80 + C81 + C82 + C83 + C84 + C85 + C86 + C87 + C88 + C89 + C90 + C91 + C92 + C93 + C94 + C95 + EXT_29_42524814:SNP.GA + EXT_29_42524923:SNP.AG + EXT_29_42524217:SNP.GT + EXT_29_42522964:SNP.CT + EXT_1_42524923:SNP.AG + EXT_1_42525131:SNP.CG + EXT_1_42525133:SNP.CT + EXT_1_42522964:SNP.CT + EXT_1_42524814:SNP.GA + EXT_1_42523942:SNP.GA + EXT_1_42524217:SNP.GT + EXT_1_42523609:SNP.CT + EXT_1_42522612:SNP.CG + EXT_1C_42524923:SNP.AG + EXT_1C_42525131:SNP.CG + EXT_1C_42525133:SNP.CT + EXT_1C_42522964:SNP.CT + EXT_1C_42523942:SNP.GA + EXT_1C_42524217:SNP.GT + EXT_1C_42523609:SNP.CT + EXT_1C_42522612:SNP.CG + EXT_1B_42524923:SNP.AG + EXT_1B_42525131:SNP.CG + EXT_1B_42525133:SNP.CT + EXT_1B_42524814:SNP.GA + EXT_1B_42523942:SNP.GA + EXT_1B_42524217:SNP.GT + EXT_1B_42523609:SNP.CT + EXT_1B_42522612:SNP.CG + EXT_1E_42525131:SNP.CG + EXT_1E_42525133:SNP.CT + EXT_1E_42522964:SNP.CT + EXT_1E_42524814:SNP.GA + EXT_1E_42523942:SNP.GA + EXT_1E_42524217:SNP.GT + EXT_1E_42523609:SNP.CT + EXT_1E_42522612:SNP.CG + EXT_1D_42524923:SNP.AG + EXT_1D_42525131:SNP.CG + EXT_1D_42525133:SNP.CT + EXT_1D_42522964:SNP.CT + EXT_1D_42524814:SNP.GA + EXT_1D_42523942:SNP.GA + EXT_1D_42523609:SNP.CT + EXT_1D_42522612:SNP.CG + W>
M  Contraint for 29: <gurobi.LinExpr: REG_29_42525133:SNP.CT + REG_29_42523942:SNP.GA + REG_29_42523609:SNP.CT + REG_29_42522612:SNP.CG> = 4 * A_<gurobi.Var 29>
M  Contraint for 42524814:SNP.GA: 0 >= <gurobi.LinExpr: REG_1C_42524814:SNP.GA>
M  Contraint for 42522964:SNP.CT: 0 >= <gurobi.LinExpr: REG_1B_42522964:SNP.CT>
M  Contraint for 42524923:SNP.AG: 0 >= <gurobi.LinExpr: REG_1E_42524923:SNP.AG>
M  Contraint for 42524217:SNP.GT: 0 >= <gurobi.LinExpr: REG_1D_42524217:SNP.GT>
M  Contraint for 42524923:SNP.AG: 0 <= <gurobi.QuadExpr: 0.0 + [ REG_1E_42524923:SNP.AG * 1E + EXT_29_42524923:SNP.AG * 29 + EXT_1_42524923:SNP.AG * 1 + EXT_1C_42524923:SNP.AG * 1C + EXT_1B_42524923:SNP.AG * 1B + EXT_1D_42524923:SNP.AG * 1D ]> <= 1
M  Contraint for 42525131:SNP.CG: 1 <= <gurobi.QuadExpr: 0.0 + [ REG_29_42525131:SNP.CG * 29 + EXT_1_42525131:SNP.CG * 1 + EXT_1C_42525131:SNP.CG * 1C + EXT_1B_42525131:SNP.CG * 1B + EXT_1E_42525131:SNP.CG * 1E + EXT_1D_42525131:SNP.CG * 1D ]> <= 1
M  Contraint for 42525133:SNP.CT: 1 <= <gurobi.QuadExpr: 0.0 + [ REG_29_42525133:SNP.CT * 29 ]> <= 1
M  Contraint for 42525133:SNP.CT: <gurobi.QuadExpr: 0.0 + [ REG_29_42525133:SNP.CT * 29 ]> <= 1
M  Contraint for 42522964:SNP.CT: 0 <= <gurobi.QuadExpr: 0.0 + [ REG_1B_42522964:SNP.CT * 1B + EXT_29_42522964:SNP.CT * 29 + EXT_1_42522964:SNP.CT * 1 + EXT_1C_42522964:SNP.CT * 1C + EXT_1E_42522964:SNP.CT * 1E + EXT_1D_42522964:SNP.CT * 1D ]> <= 1
M  Contraint for 42524814:SNP.GA: 0 <= <gurobi.QuadExpr: 0.0 + [ REG_1C_42524814:SNP.GA * 1C + EXT_29_42524814:SNP.GA * 29 + EXT_1_42524814:SNP.GA * 1 + EXT_1B_42524814:SNP.GA * 1B + EXT_1E_42524814:SNP.GA * 1E + EXT_1D_42524814:SNP.GA * 1D ]> <= 1
M  Contraint for 42523609:SNP.CT: 1 <= <gurobi.QuadExpr: 0.0 + [ REG_29_42523609:SNP.CT * 29 ]> <= 2
M  Contraint for 42523609:SNP.CT: <gurobi.QuadExpr: 0.0 + [ REG_29_42523609:SNP.CT * 29 ]> <= 2
M  Contraint for 42524217:SNP.GT: 0 <= <gurobi.QuadExpr: 0.0 + [ REG_1D_42524217:SNP.GT * 1D + EXT_29_42524217:SNP.GT * 29 + EXT_1_42524217:SNP.GT * 1 + EXT_1C_42524217:SNP.GT * 1C + EXT_1B_42524217:SNP.GT * 1B + EXT_1E_42524217:SNP.GT * 1E ]> <= 1
M  Contraint for 42523942:SNP.GA: 1 <= <gurobi.QuadExpr: 0.0 + [ REG_29_42523942:SNP.GA * 29 ]> <= 2
M  Contraint for 42523942:SNP.GA: <gurobi.QuadExpr: 0.0 + [ REG_29_42523942:SNP.GA * 29 ]> <= 2
M  Contraint for 42522612:SNP.CG: 1 <= <gurobi.QuadExpr: 0.0 + [ REG_29_42522612:SNP.CG * 29 ]> <= 1
M  Contraint for 42522612:SNP.CG: <gurobi.QuadExpr: 0.0 + [ REG_29_42522612:SNP.CG * 29 ]> <= 1
CN Solver status: optimal, opt: 158.0
  29: 1
    6.6e 42523942:SNP.GA  624 ( 53 cp. 1) F
    6.7e 42523609:SNP.CT  627 ( 50 cp. 1) F
    6.9e 42522612:SNP.CG  430 ( 47 cp. 1) F
    6.3e 42525131:SNP.CG  435 ( 49 cp. 1) 
    6.3e 42525133:SNP.CT  428 ( 49 cp. 1) F
  1: 1
Missing:
  29: 1
  1: 1
Extra:
  29: 1
  1: 1
Time needed: (38.2)
Result is: [('1', '29')]
