SAM file: bams/PGXT121.bam
File bams/PGXT121.bam has index
Coverage is 67.9821872107
== Allele Filter ==
 6.12e  15989695: SNP.GC                   34 ( 24%) ~     3 (  9)
 6.12e  15989729: SNP.TC                   54 ( 33%) ~     4 (  7)
 6.11i  15989810: SNP.TG                   16 ( 20%) ~     1 (  6)
 6.11i  15989856: SNP.TC                    8 ( 24%) ~     1 ( 12)
 6.11i  15989870: SNP.TA                   13 ( 34%) ~     0 (  0)
 6.11i  15989890: SNP.CT                    2 (  7%) ~     1 ( 50)
 6.11i  15989903: SNP.CA                    2 (  7%) ~     1 ( 50)
 6.11i  15989908: SNP.AG                    2 (  8%) ~     1 ( 50)
 6.11i  15989946: SNP.TC                    2 (  5%) ~     0 (  0)
 6.10e  15990430: SNP.CT     18000:G>A    311 ( 51%) ~     0 (  0)
 6.8i   15990717: SNP.AC                    9 (  6%) ~     0 (  0)
 6.8i   15996348: SNP.TA                    3 (100%) ~     0 (  0)
 6.8i   15996482: INS.g                     7 ( 30%) ~     0 (  0)
 6.7i   15996906: SNP.CT                  227 ( 47%) ~     0 (  0)
 6.6i   15998629: SNP.AG                    2 ( 40%) ~     0 (  0)
 6.6i   16000021: SNP.AG                    2 ( 10%) ~     0 (  0)
 6.6i   16000165: SNP.TC                  107 ( 54%) ~     0 (  0)
 6.5i   16000585: SNP.AC                    2 (  6%) ~     0 (  0)
 6.5i   16000663: SNP.TA                    2 ( 15%) ~     0 (  0)
 6.5i   16000694: SNP.TC                    2 ( 18%) ~     0 (  0)
 6.4i   16001739: SNP.AG                    6 (100%) ~     0 (  0)
 6.2i   16003649: SNP.AC                    3 (  7%) ~     0 (  0)
 6.2i   16003650: SNP.TC                   18 ( 41%) ~     0 (  0)
 6.2i   16004370: SNP.AT                   12 ( 55%) ~     0 (  0)
 6.2i   16004395: SNP.CG                   16 ( 50%) ~     0 (  0)
 6.2i   16004404: SNP.TG                    2 (  6%) ~     0 (  0)
 6.2i   16004413: SNP.TG                    2 (  5%) ~     0 (  0)
 6.2i   16004799: SNP.CA                   89 ( 46%) ~     0 (  0)
 6.2i   16004929: SNP.CA                    2 (  6%) ~     0 (  0)
 6.2i   16005002: SNP.CT                    8 ( 67%) ~     0 (  0)
 6.2i   16005015: SNP.GA                    8 ( 67%) ~     0 (  0)
 6.2i   16005018: SNP.TC                    7 ( 64%) ~     0 (  0)
 6.2i   16005103: SNP.CT                    2 (100%) ~     0 (  0)
 6.2i   16005275: SNP.GC                    2 (100%) ~     0 (  0)
 6.2i   16005276: SNP.GT                    2 (100%) ~     0 (  0)
 6.2i   16005295: SNP.CT                    2 (100%) ~     0 (  0)
 6.2i   16006073: SNP.TA                   27 ( 68%) ~     0 (  0)
 6.2i   16006100: SNP.TC                   39 ( 65%) ~     0 (  0)
 6.2i   16006177: SNP.AG                  130 ( 59%) ~     0 (  0)
 6.2e   16006412: SNP.GA                  262 ( 49%) ~     0 (  0)
 6.1i   16006610: SNP.TC                   25 ( 53%) ~     0 (  0)
 6.1i   16006677: DEL.TCTG                  5 ( 21%) ~     0 (  0)
 6.1i   16006685: SNP.TC                    2 ( 11%) ~     0 (  0)
 6.1i   16006686: SNP.CT                    2 ( 11%) ~     0 (  0)
 6.1i   16006717: SNP.GA                    3 ( 27%) ~     0 (  0)
 6.1i   16006717: INS.atct                  4 ( 36%) ~     0 (  0)
 6.1i   16006878: SNP.CT                    2 (100%) ~     0 (  0)
 6.1i   16007558: SNP.GA                    2 (100%) ~     0 (  0)
 6.1i   16008098: SNP.TC                   70 ( 39%) ~     0 (  0)
 6.1e   16008256: SNP.TC                  677 ( 49%) ~     0 (  0)
 6.1e   16008387: SNP.AC     34:T>G       603 ( 43%) ~     0 (  0)
Initial status
  CYP2D6.1
  CYP2D6.2
    6.1e           16008387:SNP.AC  603 ( 43) F 34:T>G
  CYP2D6.3
    6.10e          15990430:SNP.CT  311 ( 51) F 18000:G>A
  CYP2D6.4
    6.10e          15990430:SNP.CT  311 ( 51) F 18000:G>A
    6.1e           16008387:SNP.AC  603 ( 43) F 34:T>G
== Copy Number Estimator ==
CNV factor: 2.16538693294 (0.461811228648)
Coverage per region
  region:  2D6  2D7
  0i   :  1.13
  1e   :  1.64
  1i   :  1.82
  2e   :  1.80
  2i   :  1.76
  3e   :  1.74
  3i   :  1.91
  4e   :  2.14
  4i   :  1.87
  5e   :  1.55
  5i   :  2.17
  6e   :  1.97
  6i   :  2.44
  7e   :  1.79
  7i   :  2.06
  8e   :  1.90
  8i   :  1.95
  9e   :  2.38
  9i   :  1.87
  10e  :  1.81
  10i  :  2.19
  11e  :  2.01
  11i  :  2.27
  12e  :  1.00
Max. CN = 2
M  Sentinel contraint for 1: A_1^ <= A_1
M  Contraint for 7e: 1.78533943043 == E_7e + <gurobi.LinExpr: A1 + A1^>
M  Contraint for 6e: 1.97165140046 == E_6e + <gurobi.LinExpr: A1 + A1^>
M  Contraint for 9e: 2.37659404205 == E_9e + <gurobi.LinExpr: A1 + A1^>
M  Contraint for 8e: 1.90163945495 == E_8e + <gurobi.LinExpr: A1 + A1^>
M  Contraint for 2e: 1.79538864192 == E_2e + <gurobi.LinExpr: A1 + A1^>
M  Contraint for 1e: 1.63729474413 == E_1e + <gurobi.LinExpr: A1 + A1^>
M  Contraint for 5e: 1.54988776039 == E_5e + <gurobi.LinExpr: A1 + A1^>
M  Contraint for 4e: 2.13846291194 == E_4e + <gurobi.LinExpr: A1 + A1^>
M  Contraint for 3e: 1.74429760432 == E_3e + <gurobi.LinExpr: A1 + A1^>
M  Objective: <gurobi.LinExpr: C11 + C12 + C13 + C14 + C15 + C16 + C17 + C18 + C19 + 0.5 A1 + 0.5 A1^>
CN Solver status: optimal, opt: 3.12955791738
  Solutions:
    ('1', '1^')
== Initial Solver ==
Solving Counter({'1': 2})
Possible candidates:
  CYP2D6.1
  CYP2D6.2
    6.1e 16008387:SNP.AC  603 ( 43) F 34:T>G
  CYP2D6.3
    6.10e 15990430:SNP.CT  311 ( 51) F 18000:G>A
  CYP2D6.4
    6.1e 16008387:SNP.AC  603 ( 43) F 34:T>G
    6.10e 15990430:SNP.CT  311 ( 51) F 18000:G>A
M  Max. CN for 1 = 2
M  Max. CN for 3 = 2
M  Max. CN for 2 = 2
M  Max. CN for 4 = 2
M  Contraint for 15990430:REF 6.10e: 302 == <gurobi.QuadExpr: 306.5 3_2 + 306.5 2_2 + 306.5 1 + 306.5 3 + 306.5 2 + 306.5 4 + 306.5 4_2 + 306.5 1_2 + [ -306.5 REG_3_2_15990430:SNP.CT * 3_2 + -306.5 REG_3_15990430:SNP.CT * 3 + -306.5 REG_4_15990430:SNP.CT * 4 + -306.5 REG_4_2_15990430:SNP.CT * 4_2 ]> + err
M  Contraint for 15990430:SNP.CT 6.10e: 311 == <gurobi.QuadExpr: 0.0 + [ 306.5 REG_3_2_15990430:SNP.CT * 3_2 + 306.5 REG_3_15990430:SNP.CT * 3 + 306.5 REG_4_15990430:SNP.CT * 4 + 306.5 REG_4_2_15990430:SNP.CT * 4_2 ]> + err
M  Contraint for 16008387:REF 6.1e: 785 == <gurobi.QuadExpr: 694.0 3_2 + 694.0 2_2 + 694.0 1 + 694.0 3 + 694.0 2 + 694.0 4 + 694.0 4_2 + 694.0 1_2 + [ -694.0 REG_2_2_16008387:SNP.AC * 2_2 + -694.0 REG_2_16008387:SNP.AC * 2 + -694.0 REG_4_16008387:SNP.AC * 4 + -694.0 REG_4_2_16008387:SNP.AC * 4_2 ]> + err
M  Contraint for 16008387:SNP.AC 6.1e: 603 == <gurobi.QuadExpr: 0.0 + [ 694.0 REG_2_2_16008387:SNP.AC * 2_2 + 694.0 REG_2_16008387:SNP.AC * 2 + 694.0 REG_4_16008387:SNP.AC * 4 + 694.0 REG_4_2_16008387:SNP.AC * 4_2 ]> + err
M  Contraint for 3_2 15990430:SNP.CT: <gurobi.Var 3_2> >= <gurobi.Var REG_3_2_15990430:SNP.CT>
M  Contraint for 2_2 16008387:SNP.AC: <gurobi.Var 2_2> >= <gurobi.Var REG_2_2_16008387:SNP.AC>
M  Contraint for 3 15990430:SNP.CT: <gurobi.Var 3> >= <gurobi.Var REG_3_15990430:SNP.CT>
M  Contraint for 2 16008387:SNP.AC: <gurobi.Var 2> >= <gurobi.Var REG_2_16008387:SNP.AC>
M  Contraint for 4 15990430:SNP.CT: <gurobi.Var 4> >= <gurobi.Var REG_4_15990430:SNP.CT>
M  Contraint for 4 16008387:SNP.AC: <gurobi.Var 4> >= <gurobi.Var REG_4_16008387:SNP.AC>
M  Contraint for 4_2 15990430:SNP.CT: <gurobi.Var 4_2> >= <gurobi.Var REG_4_2_15990430:SNP.CT>
M  Contraint for 4_2 16008387:SNP.AC: <gurobi.Var 4_2> >= <gurobi.Var REG_4_2_16008387:SNP.AC>
M  CN contraint for 1: 2 == <gurobi.LinExpr: 3_2 + 2_2 + 1 + 3 + 2 + 4 + 4_2 + 1_2>
M  Sentinel contraint for 1: A_1_2 <= A_1
M  Sentinel contraint for 3: A_3_2 <= A_3
M  Sentinel contraint for 2: A_2_2 <= A_2
M  Sentinel contraint for 4: A_4_2 <= A_4
M  Objective: <gurobi.LinExpr: C26 + C27 + C28 + C29>
M  Contraint for 3_2: A_3_2 * (<gurobi.LinExpr: REG_3_2_15990430:SNP.CT> - 1) == 0
M  Contraint for 2_2: A_2_2 * (<gurobi.LinExpr: REG_2_2_16008387:SNP.AC> - 1) == 0
M  Contraint for 3: A_3 * (<gurobi.LinExpr: REG_3_15990430:SNP.CT> - 1) == 0
M  Contraint for 2: A_2 * (<gurobi.LinExpr: REG_2_16008387:SNP.AC> - 1) == 0
M  Contraint for 4: A_4 * (<gurobi.LinExpr: REG_4_15990430:SNP.CT + REG_4_16008387:SNP.AC> - 2) == 0
M  Contraint for 4_2: A_4_2 * (<gurobi.LinExpr: REG_4_2_15990430:SNP.CT + REG_4_2_16008387:SNP.AC> - 2) == 0
M  Contraint for 15990430:SNP.CT: 1 <= <gurobi.QuadExpr: 0.0 + [ 3_2 * REG_3_2_15990430:SNP.CT + 3 * REG_3_15990430:SNP.CT + 4 * REG_4_15990430:SNP.CT + 4_2 * REG_4_2_15990430:SNP.CT ]>
M  Contraint for 16008387:SNP.AC: 1 <= <gurobi.QuadExpr: 0.0 + [ 2_2 * REG_2_2_16008387:SNP.AC + 2 * REG_2_16008387:SNP.AC + 4 * REG_4_16008387:SNP.AC + 4_2 * REG_4_2_16008387:SNP.AC ]>
M  Contraint for 15990430:SNP.CT: 1 <= <gurobi.QuadExpr: 0.0 + [ 3_2 * REG_3_2_15990430:SNP.CT + 3 * REG_3_15990430:SNP.CT + 4 * REG_4_15990430:SNP.CT + 4_2 * REG_4_2_15990430:SNP.CT ]>
M  Contraint for 16008387:SNP.AC: 1 <= <gurobi.QuadExpr: 0.0 + [ 2_2 * REG_2_2_16008387:SNP.AC + 2 * REG_2_16008387:SNP.AC + 4 * REG_4_16008387:SNP.AC + 4_2 * REG_4_2_16008387:SNP.AC ]>
M  Contraint for 15990430:SNP.CT: 1 <= <gurobi.QuadExpr: 0.0 + [ 3_2 * REG_3_2_15990430:SNP.CT + 3 * REG_3_15990430:SNP.CT + 4 * REG_4_15990430:SNP.CT + 4_2 * REG_4_2_15990430:SNP.CT ]>
M  Contraint for 16008387:SNP.AC: 1 <= <gurobi.QuadExpr: 0.0 + [ 2_2 * REG_2_2_16008387:SNP.AC + 2 * REG_2_16008387:SNP.AC + 4 * REG_4_16008387:SNP.AC + 4_2 * REG_4_2_16008387:SNP.AC ]>
M  Contraint for 15990430:SNP.CT: 1 <= <gurobi.QuadExpr: 0.0 + [ 3_2 * REG_3_2_15990430:SNP.CT + 3 * REG_3_15990430:SNP.CT + 4 * REG_4_15990430:SNP.CT + 4_2 * REG_4_2_15990430:SNP.CT ]>
M  Contraint for 16008387:SNP.AC: 1 <= <gurobi.QuadExpr: 0.0 + [ 2_2 * REG_2_2_16008387:SNP.AC + 2 * REG_2_16008387:SNP.AC + 4 * REG_4_16008387:SNP.AC + 4_2 * REG_4_2_16008387:SNP.AC ]>
CN Solver status: optimal, opt: 191.0
  solution:
    ('2', '3')
    ('1', '4')
[32;01mCopy number best structures:[39;49;00m
[32;01m  (1) 2x*1-like[39;49;00m
== Refiner ==
Refining ('2', '3')
M  CN constraint for 3: 1 == <gurobi.LinExpr: 3>
M  CN constraint for 2: 1 == <gurobi.LinExpr: 2>
M  Contraint for 15990430:REF 6.10e: 302 == <gurobi.QuadExpr: 306.5 3 + 306.5 2 + [ -306.5 REG_3_15990430:SNP.CT * 3 + -306.5 EXT_2_15990430:SNP.CT * 2 ]> + err
M  Contraint for 15990430:SNP.CT 6.10e: 311 == <gurobi.QuadExpr: 0.0 + [ 306.5 REG_3_15990430:SNP.CT * 3 + 306.5 EXT_2_15990430:SNP.CT * 2 ]> + err
M  Contraint for 16008387:REF 6.1e: 785 == <gurobi.QuadExpr: 694.0 3 + 694.0 2 + [ -694.0 EXT_3_16008387:SNP.AC * 3 + -694.0 REG_2_16008387:SNP.AC * 2 ]> + err
M  Contraint for 16008387:SNP.AC 6.1e: 603 == <gurobi.QuadExpr: 0.0 + [ 694.0 EXT_3_16008387:SNP.AC * 3 + 694.0 REG_2_16008387:SNP.AC * 2 ]> + err
M  Contraint for MM[missing] 3 15990430:SNP.CT: <gurobi.Var 3> >= <gurobi.Var REG_3_15990430:SNP.CT>
M  Contraint for MM[missing] 2 16008387:SNP.AC: <gurobi.Var 2> >= <gurobi.Var REG_2_16008387:SNP.AC>
M  Contraint for MA[extra] 3 16008387:SNP.AC: <gurobi.Var 3> >= <gurobi.Var EXT_3_16008387:SNP.AC>
M  Contraint for MA[extra] 2 15990430:SNP.CT: <gurobi.Var 2> >= <gurobi.Var EXT_2_15990430:SNP.CT>
M  Objective: <gurobi.LinExpr: C10 + C11 + C12 + C13 + EXT_3_16008387:SNP.AC + EXT_2_15990430:SNP.CT + W>
M  Contraint for 3: <gurobi.LinExpr: REG_3_15990430:SNP.CT> = 1 * A_<gurobi.Var 3>
M  Contraint for 2: <gurobi.LinExpr: REG_2_16008387:SNP.AC> = 1 * A_<gurobi.Var 2>
M  Contraint for 15990430:SNP.CT: 1 <= <gurobi.QuadExpr: 0.0 + [ REG_3_15990430:SNP.CT * 3 ]> <= 2
M  Contraint for 15990430:SNP.CT: <gurobi.QuadExpr: 0.0 + [ REG_3_15990430:SNP.CT * 3 ]> <= 2
M  Contraint for 16008387:SNP.AC: 1 <= <gurobi.QuadExpr: 0.0 + [ REG_2_16008387:SNP.AC * 2 ]> <= 1
M  Contraint for 16008387:SNP.AC: <gurobi.QuadExpr: 0.0 + [ REG_2_16008387:SNP.AC * 2 ]> <= 1
CN Solver status: optimal, opt: 191.0
  3: 1
    6.10e 15990430:SNP.CT  311 ( 51 cp. 1) F
  2: 1
    6.1e 16008387:SNP.AC  603 ( 43 cp. 1) F
Missing:
  3: 1
  2: 1
Extra:
  3: 1
  2: 1
== Refiner ==
Refining ('1', '4')
M  CN constraint for 1: 1 == <gurobi.LinExpr: 1>
M  CN constraint for 4: 1 == <gurobi.LinExpr: 4>
M  Contraint for 15990430:REF 6.10e: 302 == <gurobi.QuadExpr: 306.5 1 + 306.5 4 + [ -306.5 EXT_1_15990430:SNP.CT * 1 + -306.5 REG_4_15990430:SNP.CT * 4 ]> + err
M  Contraint for 15990430:SNP.CT 6.10e: 311 == <gurobi.QuadExpr: 0.0 + [ 306.5 EXT_1_15990430:SNP.CT * 1 + 306.5 REG_4_15990430:SNP.CT * 4 ]> + err
M  Contraint for 16008387:REF 6.1e: 785 == <gurobi.QuadExpr: 694.0 1 + 694.0 4 + [ -694.0 EXT_1_16008387:SNP.AC * 1 + -694.0 REG_4_16008387:SNP.AC * 4 ]> + err
M  Contraint for 16008387:SNP.AC 6.1e: 603 == <gurobi.QuadExpr: 0.0 + [ 694.0 EXT_1_16008387:SNP.AC * 1 + 694.0 REG_4_16008387:SNP.AC * 4 ]> + err
M  Contraint for MM[missing] 4 15990430:SNP.CT: <gurobi.Var 4> >= <gurobi.Var REG_4_15990430:SNP.CT>
M  Contraint for MM[missing] 4 16008387:SNP.AC: <gurobi.Var 4> >= <gurobi.Var REG_4_16008387:SNP.AC>
M  Contraint for MA[extra] 1 15990430:SNP.CT: <gurobi.Var 1> >= <gurobi.Var EXT_1_15990430:SNP.CT>
M  Contraint for MA[extra] 1 16008387:SNP.AC: <gurobi.Var 1> >= <gurobi.Var EXT_1_16008387:SNP.AC>
M  Objective: <gurobi.LinExpr: C10 + C11 + C12 + C13 + EXT_1_15990430:SNP.CT + EXT_1_16008387:SNP.AC + W>
M  Contraint for 4: <gurobi.LinExpr: REG_4_16008387:SNP.AC + REG_4_15990430:SNP.CT> = 2 * A_<gurobi.Var 4>
M  Contraint for 15990430:SNP.CT: 1 <= <gurobi.QuadExpr: 0.0 + [ REG_4_15990430:SNP.CT * 4 ]> <= 2
M  Contraint for 15990430:SNP.CT: <gurobi.QuadExpr: 0.0 + [ REG_4_15990430:SNP.CT * 4 ]> <= 2
M  Contraint for 16008387:SNP.AC: 1 <= <gurobi.QuadExpr: 0.0 + [ REG_4_16008387:SNP.AC * 4 ]> <= 1
M  Contraint for 16008387:SNP.AC: <gurobi.QuadExpr: 0.0 + [ REG_4_16008387:SNP.AC * 4 ]> <= 1
CN Solver status: optimal, opt: 191.0
  1: 1
  4: 1
    6.10e 15990430:SNP.CT  311 ( 51 cp. 1) F
    6.1e 16008387:SNP.AC  603 ( 43 cp. 1) F
Missing:
  1: 1
  4: 1
Extra:
  1: 1
  4: 1
Time needed: (24.5)
Result is: [('2', '3'), ('1', '4')]
