SAM file: bams/PGXT166.bam
File bams/PGXT166.bam has index
Coverage is 253.68503937
== Allele Filter ==
 6.rep  42521488: SNP.CT                  106 ( 37%) ~   101 ( 95)
 6.rep  42521625: DEL.GGGTGGGGAAGGGTGGGGAA               13 ( 12%) ~     0 (  0)
 6.rep  42521628: SNP.TG                    6 (  6%) ~     4 ( 67)
 6.rep  42521642: SNP.GC                    4 (  6%) ~     4 (100)
 6.rep  42521643: SNP.AC                    6 ( 10%) ~     5 ( 83)
 6.rep  42521644: SNP.AG                    4 (  7%) ~     4 (100)
 6.rep  42521928: SNP.AG                  298 (100%) ~     0 (  0)
 6.ins  42521984: SNP.TC                  342 ( 97%) ~     0 (  0)
 6.ins  42522073: SNP.AC                  325 (100%) ~     1 (  0)
 6.ins  42522137: INS.tgt                 169 ( 80%) ~     1 (  1)
 6.ins  42522391: SNP.GA     4401:C>T     212 ( 97%) ~     1 (  0)
 6.ins  42522497: SNP.GA                   23 ( 10%) ~    23 (100)
 6.ins  42522549: SNP.GA                   56 ( 20%) ~    27 ( 48)
 6.9e   42522612: SNP.CG     4180:G>C     277 (100%) ~     2 (  1)
 6.8i   42522791: SNP.TC                   24 (  6%) ~    20 ( 83)
 6.7i   42523002: SNP.GA     3790:C>T       8 (  5%) ~     0 (  0)
 6.7i   42523210: SNP.TC     3582:A>G     248 ( 97%) ~    11 (  4)
 6.7i   42523314: SNP.TC                   26 (  6%) ~     5 ( 19)
 6.7i   42523408: SNP.TG     3384:A>C     547 (100%) ~    18 (  3)
 6.7e   42523504: SNP.CT     3288:G>A      32 (  6%) ~     1 (  3)
 6.7e   42523527: SNP.CT                  268 ( 45%) ~     1 (  0)
 6.7e   42523566: SNP.TC     3226:A>G      34 (  5%) ~     6 ( 18)
 6.7e   42523635: SNP.CA                  120 ( 25%) ~    20 ( 17)
 6.6i   42523742: SNP.CA                   13 (  5%) ~     0 (  0)
 6.5i   42524079: SNP.TG                   34 ( 16%) ~     0 (  0)
 6.5i   42524139: SNP.AC                   15 (  8%) ~     0 (  0)
 6.5i   42524142: SNP.AC                   17 (  9%) ~     0 (  0)
 6.4i   42524695: SNP.TC     2097:A>G     306 ( 76%) ~     2 (  1)
 6.4i   42524707: SNP.TC                  100 ( 24%) ~     7 (  7)
 6.4i   42524712: SNP.CG                  100 ( 24%) ~     4 (  4)
 6.4i   42524742: SNP.GA                  122 ( 30%) ~     4 (  3)
 6.4e   42524794: SNP.AG                  173 ( 35%) ~     8 (  5)
 6.4e   42524923: SNP.AG     1869:T>C      89 ( 20%) ~    44 ( 49)
 6.3i   42524946: SNP.CT     1846:G>A     291 ( 77%) ~    19 (  7)
 6.3i   42524974: SNP.CT                   26 (  8%) ~    14 ( 54)
 6.3i   42524981: SNP.CT                   22 (  7%) ~    12 ( 55)
 6.3e   42525131: SNP.CG     1661:G>C     357 (100%) ~     0 (  0)
 6.2i   42525457: SNP.TC                   23 (  6%) ~     0 (  0)
 6.2i   42525504: SNP.CG                  360 (100%) ~     0 (  0)
 6.2i   42525505: SNP.GC                  366 (100%) ~     0 (  0)
 6.2e   42525797: SNP.GC     997:C>G      106 ( 95%) ~     0 (  0)
 6.2e   42525810: SNP.TC     984:A>G       73 ( 96%) ~     0 (  0)
 6.2e   42525820: SNP.GT     974:C>A       57 (100%) ~     1 (  2)
 6.1i   42525951: SNP.AC     843:T>G      271 ( 67%) ~   271 (100)
 6.1i   42526048: SNP.GC     746:C>G      301 ( 67%) ~   300 (100)
 6.1i   42526483: SNP.CA     310:G>T      232 (100%) ~     0 (  0)
 6.1i   42526548: SNP.TC     CYP2D7:i1:5491    11 (  6%) ~     5 ( 45)
 6.1i   42526560: SNP.TG     CYP2D7:i1:5503    12 (  7%) ~     7 ( 58)
 6.1i   42526561: SNP.CG     CYP2D7:i1:5504    11 (  6%) ~     7 ( 64)
 6.1i   42526566: SNP.AG     CYP2D7:i1:5509    11 (  6%) ~     7 ( 64)
 6.1i   42526570: SNP.GC     CYP2D7:i1:5513    12 (  7%) ~     7 ( 58)
 6.1i   42526572: SNP.GT     CYP2D7:i1:5515    12 (  7%) ~     7 ( 58)
 6.1i   42526579: SNP.CG     214:G>C       15 (  8%) ~     7 ( 47)
 6.1e   42526691: SNP.TG                   22 (  7%) ~     0 (  0)
 6.1e   42526693: SNP.GA     100:C>T      311 ( 94%) ~     0 (  0)
 6.0i   42527146: SNP.TC                   21 (  8%) ~    13 ( 62)
 6.0i   42527190: SNP.CG                  105 ( 26%) ~    13 ( 12)
 6.0i   42527470: SNP.CT     -678:G>A     156 ( 46%) ~   138 ( 88)
 6.0i   42527655: SNP.AC                   10 (  5%) ~     0 (  0)
 6.0i   42527660: SNP.AC                   11 (  6%) ~     0 (  0)
 6.0i   42527792: SNP.CT     -1000:G>A    186 ( 97%) ~     0 (  0)
 6.0i   42527984: SNP.TC                    2 (  6%) ~     0 (  0)
 6.0i   42527985: SNP.GC                    2 (  6%) ~     0 (  0)
 6.0i   42527988: SNP.TC                    2 (  7%) ~     0 (  0)
 6.0i   42528012: SNP.AC                    2 (  9%) ~     0 (  0)
 6.0i   42528015: SNP.AC                    2 ( 10%) ~     0 (  0)
 6.0i   42528019: SNP.AC                    2 ( 10%) ~     0 (  0)
 6.0i   42528027: SNP.TC     -1235:A>G      7 (100%) ~     0 (  0)
 7.rep  42532958: SNP.AG                    2 (100%) ~     2 (100)
 7.rep  42533644: SNP.CT                  108 ( 41%) ~   107 ( 99)
 7.rep  42533784: SNP.TG                    5 (  8%) ~     5 (100)
 7.rep  42533797: SNP.GC                    3 (  9%) ~     3 (100)
 7.rep  42533798: SNP.GC                   11 ( 32%) ~    11 (100)
 7.rep  42533799: SNP.AC                   11 ( 31%) ~    11 (100)
 7.rep  42533800: SNP.AC                    7 ( 19%) ~     7 (100)
 7.rep  42533800: SNP.AT                    2 (  6%) ~     1 ( 50)
 7.rep  42533800: SNP.AG                    5 ( 14%) ~     4 ( 80)
 7.rep  42533804: SNP.TG                    6 ( 12%) ~     6 (100)
 7.rep  42533904: SNP.AG                   76 ( 96%) ~     0 (  0)
 7.rep  42534050: SNP.AG                  267 (100%) ~     1 (  0)
 7.rep  42534074: SNP.GA                  269 (100%) ~     0 (  0)
 7.pce  42534125: SNP.GT                  186 (100%) ~     0 (  0)
 7.pce  42534147: SNP.CT                   64 ( 45%) ~     0 (  0)
 7.pce  42534275: SNP.CG                   16 (100%) ~     0 (  0)
 7.pce  42535574: SNP.GA                    2 (  9%) ~     0 (  0)
 7.pce  42535635: SNP.GA                   23 ( 52%) ~     0 (  0)
 7.ins  42535817: SNP.AG                   75 ( 15%) ~     1 (  1)
 7.ins  42536063: SNP.TC                  195 ( 42%) ~     0 (  0)
 7.ins  42536210: SNP.GA                  179 ( 50%) ~    40 ( 22)
 7.ins  42536262: SNP.GA                  115 ( 36%) ~    17 ( 15)
 7.9e   42536312: SNP.GA                  132 ( 44%) ~     5 (  4)
 7.9e   42536366: SNP.CG                   24 (  6%) ~     0 (  0)
 7.9e   42536407: SNP.AG                   39 (  7%) ~     2 (  5)
 7.9e   42536410: SNP.TG                   83 ( 15%) ~     0 (  0)
 7.8e   42536652: SNP.TC                  172 ( 34%) ~   108 ( 63)
 7.7i   42536953: SNP.AG                   31 ( 15%) ~     7 ( 23)
 7.7i   42536960: DEL.T                    10 (  5%) ~     6 ( 60)
 7.7i   42537022: SNP.TC                   16 (  7%) ~    11 ( 69)
 7.7i   42537028: SNP.CT                   14 (  7%) ~    12 ( 86)
 7.7i   42537114: SNP.CT                   64 ( 96%) ~    29 ( 45)
 7.7i   42537119: INS.a                    56 ( 88%) ~    26 ( 46)
 7.7i   42537126: SNP.AG                   66 ( 94%) ~    29 ( 44)
 7.7e   42537195: SNP.TC                  259 (100%) ~    10 (  4)
 7.7e   42537217: SNP.TC                   48 ( 14%) ~     5 ( 10)
 7.7e   42537226: SNP.TC                   57 ( 15%) ~     5 (  9)
 7.7e   42537240: SNP.CT                   71 ( 17%) ~    10 ( 14)
 7.7e   42537251: SNP.GA                   86 ( 20%) ~    10 ( 12)
 7.7e   42537270: SNP.TC                  351 ( 74%) ~     8 (  2)
 7.7e   42537279: SNP.TC                  339 ( 72%) ~     7 (  2)
 7.6i   42537403: SNP.GC                  447 (100%) ~     3 (  1)
 7.6e   42537596: SNP.AG                  126 ( 50%) ~     0 (  0)
 7.5i   42537775: SNP.GC                   25 (  7%) ~     0 (  0)
 7.5i   42537778: SNP.GC                   21 (  6%) ~     0 (  0)
 7.5i   42537781: SNP.TG                   76 ( 22%) ~     0 (  0)
 7.5i   42537837: SNP.AC                   21 (  6%) ~     0 (  0)
 7.5i   42537841: SNP.AC                   25 (  7%) ~     0 (  0)
 7.5i   42537844: SNP.AC                   35 (  9%) ~     0 (  0)
 7.5i   42537857: SNP.AC                   27 (  7%) ~     0 (  0)
 7.5e   42538028: SNP.AG                  387 (100%) ~     1 (  0)
 7.4i   42538070: SNP.GC                  160 ( 44%) ~     0 (  0)
 7.4i   42538083: SNP.CT                  153 ( 44%) ~     0 (  0)
 7.4i   42538102: SNP.TC                  194 ( 57%) ~     3 (  2)
 7.4i   42538228: SNP.GA                  348 (100%) ~     5 (  1)
 7.4i   42538398: SNP.CT                  122 ( 34%) ~    14 ( 11)
 7.4i   42538461: SNP.AG                   22 (  9%) ~    10 ( 45)
 7.4e   42538507: SNP.AG                  245 ( 68%) ~     3 (  1)
 7.4e   42538508: SNP.GA                  243 ( 67%) ~     3 (  1)
 7.4e   42538514: INS.c                   250 ( 62%) ~     4 (  2)
 7.4e   42538617: SNP.AG                  256 ( 43%) ~    69 ( 27)
 7.3i   42538668: SNP.CT                  264 ( 49%) ~    14 (  5)
 7.3i   42538703: SNP.GT                  275 ( 50%) ~    11 (  4)
 7.3e   42538875: SNP.AT                  319 (100%) ~     0 (  0)
 7.2i   42538884: SNP.GT                  159 ( 52%) ~     0 (  0)
 7.2i   42538896: SNP.AG                  116 ( 45%) ~     0 (  0)
 7.2i   42538929: SNP.AC                   17 (  9%) ~     0 (  0)
 7.2i   42539089: SNP.TC                    2 (  5%) ~     0 (  0)
 7.2i   42539104: SNP.TC                    2 (  6%) ~     0 (  0)
 7.2i   42539251: SNP.GC                    2 (  5%) ~     0 (  0)
 7.2i   42539255: SNP.AC                    2 (  5%) ~     0 (  0)
 7.2i   42539261: SNP.TG                    2 (  5%) ~     0 (  0)
 7.2e   42539463: SNP.TG                    3 (  6%) ~     0 (  0)
 7.1i   42539622: SNP.CA                  165 ( 35%) ~   145 ( 88)
 7.1i   42539719: SNP.CG                  148 ( 31%) ~   143 ( 97)
 7.1e   42540367: SNP.TG                   99 ( 15%) ~     0 (  0)
 7.0i   42540550: SNP.AG                  158 ( 45%) ~     5 (  3)
 7.0i   42540666: SNP.CT                  161 ( 48%) ~     4 (  2)
 7.0i   42540667: SNP.AG                  162 ( 48%) ~     4 (  2)
 7.0i   42540862: SNP.CG                  147 ( 40%) ~    11 (  7)
 7.0i   42540895: SNP.AG                   99 ( 27%) ~    12 ( 12)
 7.0i   42541142: SNP.TC                  116 ( 20%) ~   116 (100)
 7.0i   42541201: SNP.CT                   65 ( 12%) ~    65 (100)
 7.0i   42541262: SNP.AC                   28 (  7%) ~     0 (  0)
 7.0i   42541284: SNP.GA                  153 ( 43%) ~     0 (  0)
 7.0i   42541327: SNP.GA                  126 ( 47%) ~     0 (  0)
 7.0i   42541348: SNP.GA                  130 ( 54%) ~     0 (  0)
 7.0i   42541393: SNP.AG                   87 ( 52%) ~     0 (  0)
 7.0i   42541655: SNP.TC                    9 ( 60%) ~     0 (  0)
Removing 100   6.6e 42523964:DEL.G
Removing 101   6.6e 42523847:DEL.CACATCCGGATGTAGGATC
Removing 102   6.2e 42525822:SNP.GA,  6.6e 42523942:SNP.GA
Removing 103   6.2e 42525822:SNP.GA,  6.3e 42525043:SNP.TC,  6.6e 42523942:SNP.GA
Removing 104   6.3e 42525072:SNP.TA,  6.6e 42523942:SNP.GA
Removing 105   6.6e 42523942:SNP.GA,  6.7e 42523524:SNP.AG
Removing 107   6.3e 42525133:SNP.CT
Removing 109   6.5e 42524175:DEL.CTT,  6.7e 42523609:SNP.CT
Removing 11W   6.1i 42525911:SNP.CG,  6.6e 42523942:SNP.GA,  6.0i 42528381:SNP.GC
Removing 11    6.1i 42525911:SNP.CG,  6.6e 42523942:SNP.GA
Removing 12    6.1e 42526669:SNP.CT,  6.6e 42523942:SNP.GA
Removing 14BW  6.3e 42525034:SNP.CT,  6.6e 42523942:SNP.GA,  6.0i 42528381:SNP.GC
Removing 14AW  6.3e 42525034:SNP.CT,  6.6e 42523942:SNP.GA,  6.0i 42528381:SNP.GC
Removing 14B   6.3e 42525034:SNP.CT,  6.6e 42523942:SNP.GA
Removing 14A   6.3e 42525034:SNP.CT,  6.6e 42523942:SNP.GA
Removing 15    6.1e 42526656:INS.a
Removing 17    6.2e 42525771:SNP.GA,  6.6e 42523942:SNP.GA
Removing 17W   6.2e 42525771:SNP.GA,  6.6e 42523942:SNP.GA
Removing 18    6.9e 42522667:INS.agtgggcac
Removing 19    6.5e 42524250:DEL.AGTT,  6.6e 42523942:SNP.GA
Removing 2KW   6.6e 42523942:SNP.GA,  6.0i 42528381:SNP.GC
Removing 2D    6.6e 42523942:SNP.GA
Removing 2E    6.6e 42523942:SNP.GA
Removing 2F    6.6e 42523942:SNP.GA
Removing 2G    6.6e 42523942:SNP.GA
Removing 2A    6.0i 42528381:SNP.GC,  6.6e 42523942:SNP.GA
Removing 2B    6.6e 42523942:SNP.GA
Removing 2C    6.6e 42523942:SNP.GA
Removing 2L    6.6e 42523942:SNP.GA
Removing 2M    6.6e 42523942:SNP.GA
Removing 2H    6.6e 42523942:SNP.GA
Removing 2K    6.6e 42523942:SNP.GA
Removing 2CW   6.6e 42523942:SNP.GA,  6.0i 42528381:SNP.GC
Removing 2AW   6.0i 42528381:SNP.GC,  6.6e 42523942:SNP.GA
Removing 2FW   6.6e 42523942:SNP.GA,  6.0i 42528381:SNP.GC
Removing 2HW   6.6e 42523942:SNP.GA,  6.0i 42528381:SNP.GC
Removing 2DW   6.6e 42523942:SNP.GA,  6.0i 42528381:SNP.GC
Removing 2GW   6.6e 42523942:SNP.GA,  6.0i 42528381:SNP.GC
Removing 2MW   6.6e 42523942:SNP.GA,  6.0i 42528381:SNP.GC
Removing 2BW   6.6e 42523942:SNP.GA,  6.0i 42528381:SNP.GC
Removing 2LW   6.6e 42523942:SNP.GA,  6.0i 42528381:SNP.GC
Removing 2EW   6.6e 42523942:SNP.GA,  6.0i 42528381:SNP.GC
Removing 20    6.4e 42524819:INS.c,  6.4e 42524814:SNP.GA,  6.4e 42524813:SNP.AG,  6.6e 42523942:SNP.GA
Removing 21B   6.0i 42528381:SNP.GC,  6.5e 42524213:INS.g,  6.6e 42523942:SNP.GA
Removing 21A   6.0i 42528381:SNP.GC,  6.5e 42524213:INS.g,  6.6e 42523942:SNP.GA
Removing 22    6.1e 42526711:SNP.GA
Removing 23    6.2e 42525837:SNP.GA
Removing 24    6.6e 42523939:SNP.TG
Removing 25    6.7e 42523594:SNP.GC
Removing 26    6.7e 42523515:SNP.AG
Removing 27    6.8e 42522939:SNP.CT
Removing 28    6.1e 42526774:SNP.CT,  6.3e 42525088:SNP.GC,  6.6e 42523942:SNP.GA
Removing 28W   6.1e 42526774:SNP.CT,  6.3e 42525088:SNP.GC,  6.6e 42523942:SNP.GA,  6.0i 42528381:SNP.GC
Removing 29    6.3e 42525133:SNP.CT,  6.6e 42523942:SNP.GA,  6.7e 42523609:SNP.CT
Removing 3B    6.3e 42525043:SNP.TC,  6.5e 42524243:DEL.T
Removing 3A    6.5e 42524243:DEL.T
Removing 30    6.4e 42524929:INS.ggggcgaaa,  6.6e 42523942:SNP.GA
Removing 31    6.0i 42528381:SNP.GC,  6.6e 42523942:SNP.GA,  6.9e 42522750:SNP.CT
Removing 32    6.6e 42523942:SNP.GA,  6.8e 42522939:SNP.CT
Removing 33    6.5e 42524309:SNP.CA
Removing 34    6.6e 42523942:SNP.GA
Removing 35B   6.0i 42528381:SNP.GC,  6.1e 42526762:SNP.CT,  6.6e 42523942:SNP.GA
Removing 35A   6.0i 42528381:SNP.GC,  6.1e 42526762:SNP.CT,  6.6e 42523942:SNP.GA
Removing 37    6.4e 42524849:SNP.CT
Removing 38    6.5e 42524202:DEL.AGTC
Removing 4GW   6.6e 42523854:SNP.GA
Removing 4HW   6.8e 42522915:SNP.CG
Removing 4FW   6.4e 42524934:SNP.GA
Removing 4KW   6.6e 42523942:SNP.GA
Removing 4K    6.6e 42523942:SNP.GA
Removing 4H    6.8e 42522915:SNP.CG
Removing 4CW   6.8e 42522905:SNP.AG
Removing 4P    6.5e 42524216:SNP.GA
Removing 4F    6.4e 42524934:SNP.GA
Removing 4G    6.6e 42523854:SNP.GA
Removing 4C    6.8e 42522905:SNP.AG
Removing 40    6.2e 42525771:SNP.GA,  6.4e 42524929:INS.ggggcgaaaggggcgaaa,  6.6e 42523942:SNP.GA
Removing 41    6.6e 42523942:SNP.GA,  6.6i 42523804:SNP.CT
Removing 42    6.6e 42523942:SNP.GA,  6.7e 42523533:INS.ac
Removing 43    6.1e 42526716:SNP.CT
Removing 44    6.1e 42526711:SNP.GA,  6.6i 42523842:SNP.CG
Removing 45A   6.3e 42525076:SNP.CT,  6.6e 42523942:SNP.GA
Removing 45B   6.3e 42525076:SNP.CT,  6.6e 42523942:SNP.GA
Removing 46    6.1e 42526716:SNP.CT,  6.3e 42525076:SNP.CT,  6.6e 42523942:SNP.GA
Removing 47    6.1e 42526720:SNP.GA
Removing 48    6.2e 42525822:SNP.GA
Removing 49    6.3e 42525181:SNP.AT
Removing 50    6.3e 42525072:SNP.TG
Removing 51    6.0i 42528381:SNP.GC,  6.6e 42523942:SNP.GA,  6.7e 42523620:SNP.TG
Removing 52    6.8e 42522915:SNP.CT
Removing 53    6.3e 42525181:SNP.AT,  6.3e 42525175:SNP.CA
Removing 54    6.5e 42524236:SNP.GA
Removing 55    6.6e 42523942:SNP.GA,  6.8e 42522957:SNP.TG
Removing 56A   6.0i 42528381:SNP.GC,  6.6e 42523942:SNP.GA,  6.7e 42523591:SNP.GA
Removing 56B   6.7e 42523591:SNP.GA
Removing 57    6.2e 42525907:SNP.GA
Removing 58    6.2e 42525771:SNP.GA,  6.4e 42524929:INS.ggggcgaaa,  6.6e 42523942:SNP.GA
Removing 59    6.6e 42523942:SNP.GA,  6.6e 42523853:SNP.CT
Removing 6A    6.3e 42525085:DEL.A
Removing 6B    6.3e 42525085:DEL.A,  6.4e 42524816:SNP.CT
Removing 6C    6.3e 42525085:DEL.A,  6.4e 42524816:SNP.CT
Removing 6D    6.3e 42525085:DEL.A
Removing 60    6.4e 42524905:INS.ta
Removing 62    6.9e 42522748:SNP.GA
Removing 63    6.0i 42528381:SNP.GC,  6.6e 42523942:SNP.GA
Removing 64    6.2e 42525771:SNP.GA
Removing 65    6.6e 42523942:SNP.GA
Removing 69    6.6e 42523942:SNP.GA,  6.6i 42523804:SNP.CT
Removing 7     6.6e 42523857:SNP.TG
Removing 70    6.3e 42525184:SNP.CT,  6.3e 42525133:SNP.CT,  6.7e 42523609:SNP.CT
Removing 71    6.0i 42528381:SNP.GC,  6.1e 42526668:SNP.CT
Removing 72    6.7e 42523474:SNP.CT
Removing 73    6.2e 42525781:SNP.CT,  6.6e 42523942:SNP.GA
Removing 75    6.9e 42522747:SNP.CT
Removing 8     6.3e 42525034:SNP.CA,  6.6e 42523942:SNP.GA
Removing 81    6.5e 42524213:SNP.GA,  6.5e 42524186:SNP.CT,  6.5e 42524182:SNP.AT
Removing 82    6.2e 42525780:SNP.AG,  6.2e 42525772:SNP.TA,  6.2e 42525771:SNP.GT,  6.2e 42525766:SNP.TC
Removing 84    6.5e 42524218:SNP.GT,  6.6e 42523942:SNP.GA
Removing 85    6.6e 42523942:SNP.GA,  6.9e 42522635:SNP.AC
Removing 86    6.5e 42524186:SNP.CT,  6.5e 42524182:SNP.AT
Removing 87    6.1e 42526779:SNP.GA
Removing 88    6.2e 42525780:SNP.AG
Removing 89    6.3e 42525114:SNP.AG
Removing 9     6.5e 42524175:DEL.CTT
Removing 90    6.3e 42525099:SNP.TC
Removing 91    6.3e 42525057:SNP.CG,  6.6e 42523942:SNP.GA,  6.6i 42523804:SNP.CT
Removing 92    6.4e 42524797:DEL.G
Removing 93    6.5e 42524273:SNP.TG
Removing 94B   6.7e 42523611:SNP.TC
Removing 94A   6.7e 42523611:SNP.TC
Removing 95    6.7e 42523458:SNP.CT
Removing 96    6.8e 42522897:SNP.GA
Removing 97    6.9e 42522698:SNP.GT
Removing 98    6.6e 42523942:SNP.GA,  6.9e 42522682:SNP.GC
Initial status
  CYP2D6.1B
    6.8e           42522964:SNP.CT    0 (  0)   3828:G>A
  CYP2D6.1E
    6.4e           42524923:SNP.AG   89 ( 20)   1869:T>C
  CYP2D6.1C
    6.4e           42524814:SNP.GA    0 (  0)   1978:C>T
  CYP2D6.1D
    6.5e           42524217:SNP.GT    0 (  0)   2575:C>A
  CYP2D6.1
  CYP2D6.10B
    6.9e           42522612:SNP.CG  277 (100) F 4180:G>C
    6.3e           42525131:SNP.CG  357 (100)   1661:G>C
    6.2e           42525755:SNP.GA    0 (  0)   1039:C>T
    6.1e           42526693:SNP.GA  311 ( 94) F 100:C>T
    6.0i           42527792:SNP.CT  186 ( 97)   -1000:G>A
    6.0i           42528027:SNP.TC    7 (100)   -1235:A>G
    6.0i           42528223:SNP.GA    0 (  0)   -1426:C>T
  CYP2D6.10A
    6.9e           42522612:SNP.CG  277 (100) F 4180:G>C
    6.3e           42525131:SNP.CG  357 (100)   1661:G>C
    6.1e           42526693:SNP.GA  311 ( 94) F 100:C>T
  CYP2D6.10D
    6.9e           42522612:SNP.CG  277 (100) F 4180:G>C
    6.3e           42525131:SNP.CG  357 (100)   1661:G>C
    6.2e           42525755:SNP.GA    0 (  0)   1039:C>T
    6.1e           42526693:SNP.GA  311 ( 94) F 100:C>T
  CYP2D6.10DW
    6.9e           42522612:SNP.CG  277 (100) F 4180:G>C
    6.7i           42523210:SNP.TC  248 ( 97)   3582:A>G
    6.7i           42523408:SNP.TG  547 (100)   3384:A>C
    6.3e           42525131:SNP.CG  357 (100)   1661:G>C
    6.2e           42525755:SNP.GA    0 (  0)   1039:C>T
    6.1i           42525951:SNP.AC  271 ( 67)   843:T>G
    6.1i           42526483:SNP.CA  232 (100)   310:G>T
    6.1i           42526548:SNP.TC   11 (  6)   CYP2D7:i1:5491
    6.1i           42526560:SNP.TG   12 (  7)   CYP2D7:i1:5503
    6.1i           42526561:SNP.CG   11 (  6)   CYP2D7:i1:5504
    6.1i           42526566:SNP.AG   11 (  6)   CYP2D7:i1:5509
    6.1i           42526570:SNP.GC   12 (  7)   CYP2D7:i1:5513
    6.1i           42526572:SNP.GT   12 (  7)   CYP2D7:i1:5515
    6.1e           42526693:SNP.GA  311 ( 94) F 100:C>T
    6.0i           42527792:SNP.CT  186 ( 97)   -1000:G>A
    6.0i           42528027:SNP.TC    7 (100)   -1235:A>G
  CYP2D6.10BW
    6.9e           42522612:SNP.CG  277 (100) F 4180:G>C
    6.7i           42523210:SNP.TC  248 ( 97)   3582:A>G
    6.7i           42523408:SNP.TG  547 (100)   3384:A>C
    6.3e           42525131:SNP.CG  357 (100)   1661:G>C
    6.2e           42525755:SNP.GA    0 (  0)   1039:C>T
    6.1i           42525951:SNP.AC  271 ( 67)   843:T>G
    6.1i           42526483:SNP.CA  232 (100)   310:G>T
    6.1i           42526548:SNP.TC   11 (  6)   CYP2D7:i1:5491
    6.1i           42526560:SNP.TG   12 (  7)   CYP2D7:i1:5503
    6.1i           42526561:SNP.CG   11 (  6)   CYP2D7:i1:5504
    6.1i           42526566:SNP.AG   11 (  6)   CYP2D7:i1:5509
    6.1i           42526570:SNP.GC   12 (  7)   CYP2D7:i1:5513
    6.1i           42526572:SNP.GT   12 (  7)   CYP2D7:i1:5515
    6.1e           42526693:SNP.GA  311 ( 94) F 100:C>T
    6.0i           42527792:SNP.CT  186 ( 97)   -1000:G>A
    6.0i           42528027:SNP.TC    7 (100)   -1235:A>G
    6.0i           42528223:SNP.GA    0 (  0)   -1426:C>T
  CYP2D6.10AW
    6.9e           42522612:SNP.CG  277 (100) F 4180:G>C
    6.7i           42523210:SNP.TC  248 ( 97)   3582:A>G
    6.7i           42523408:SNP.TG  547 (100)   3384:A>C
    6.3e           42525131:SNP.CG  357 (100)   1661:G>C
    6.1i           42525951:SNP.AC  271 ( 67)   843:T>G
    6.1i           42526483:SNP.CA  232 (100)   310:G>T
    6.1i           42526548:SNP.TC   11 (  6)   CYP2D7:i1:5491
    6.1i           42526560:SNP.TG   12 (  7)   CYP2D7:i1:5503
    6.1i           42526561:SNP.CG   11 (  6)   CYP2D7:i1:5504
    6.1i           42526566:SNP.AG   11 (  6)   CYP2D7:i1:5509
    6.1i           42526570:SNP.GC   12 (  7)   CYP2D7:i1:5513
    6.1i           42526572:SNP.GT   12 (  7)   CYP2D7:i1:5515
    6.1e           42526693:SNP.GA  311 ( 94) F 100:C>T
    6.0i           42527792:SNP.CT  186 ( 97)   -1000:G>A
    6.0i           42528027:SNP.TC    7 (100)   -1235:A>G
  CYP2D6.108
    6.7e           42523557:SNP.TC   29 (  5) F 3235:A>G
    6.7e           42523566:SNP.TC   34 (  5) F 3226:A>G
  CYP2D6.13$1
  CYP2D6.16$1
  CYP2D6.36
    6.7i           42523210:SNP.TC  248 ( 97)   3582:A>G
    6.7i           42523408:SNP.TG  547 (100)   3384:A>C
    6.4i           42524695:SNP.TC  306 ( 76)   2097:A>G
    6.3e           42525131:SNP.CG  357 (100)   1661:G>C
    6.2e           42525755:SNP.GA    0 (  0)   1039:C>T
    6.1i           42525951:SNP.AC  271 ( 67)   843:T>G
    6.1i           42526483:SNP.CA  232 (100)   310:G>T
    6.1e           42526693:SNP.GA  311 ( 94) F 100:C>T
    6.0i           42527792:SNP.CT  186 ( 97)   -1000:G>A
    6.0i           42528027:SNP.TC    7 (100)   -1235:A>G
    6.0i           42528223:SNP.GA    0 (  0)   -1426:C>T
  CYP2D6.39
    6.9e           42522612:SNP.CG  277 (100) F 4180:G>C
    6.3e           42525131:SNP.CG  357 (100)   1661:G>C
  CYP2D6.4AW
    6.ins          42522391:SNP.GA  212 ( 97)   4401:C>T
    6.9e           42522612:SNP.CG  277 (100) F 4180:G>C
    6.7i           42523210:SNP.TC  248 ( 97)   3582:A>G
    6.7i           42523408:SNP.TG  547 (100)   3384:A>C
    6.4i           42524695:SNP.TC  306 ( 76)   2097:A>G
    6.3i           42524946:SNP.CT  291 ( 77) F 1846:G>A
    6.3e           42525131:SNP.CG  357 (100)   1661:G>C
    6.2e           42525797:SNP.GC  106 ( 95)   997:C>G
    6.2e           42525810:SNP.TC   73 ( 96) F 984:A>G
    6.2e           42525820:SNP.GT   57 (100) F 974:C>A
    6.1i           42525951:SNP.AC  271 ( 67)   843:T>G
    6.1i           42526048:SNP.GC  301 ( 67)   746:C>G
    6.1i           42526483:SNP.CA  232 (100)   310:G>T
    6.1e           42526693:SNP.GA  311 ( 94) F 100:C>T
    6.0i           42527792:SNP.CT  186 ( 97)   -1000:G>A
    6.0i           42528027:SNP.TC    7 (100)   -1235:A>G
  CYP2D6.4N
    6.ins          42522391:SNP.GA  212 ( 97)   4401:C>T
    6.7i           42523210:SNP.TC  248 ( 97)   3582:A>G
    6.7i           42523408:SNP.TG  547 (100)   3384:A>C
    6.4i           42524695:SNP.TC  306 ( 76)   2097:A>G
    6.3i           42524946:SNP.CT  291 ( 77) F 1846:G>A
    6.3e           42525131:SNP.CG  357 (100)   1661:G>C
    6.2e           42525797:SNP.GC  106 ( 95)   997:C>G
    6.2e           42525810:SNP.TC   73 ( 96) F 984:A>G
    6.2e           42525820:SNP.GT   57 (100) F 974:C>A
    6.1i           42525951:SNP.AC  271 ( 67)   843:T>G
    6.1i           42526048:SNP.GC  301 ( 67)   746:C>G
    6.1i           42526483:SNP.CA  232 (100)   310:G>T
    6.1e           42526693:SNP.GA  311 ( 94) F 100:C>T
    6.0i           42527792:SNP.CT  186 ( 97)   -1000:G>A
    6.0i           42528027:SNP.TC    7 (100)   -1235:A>G
    6.0i           42528223:SNP.GA    0 (  0)   -1426:C>T
  CYP2D6.4M
    6.ins          42522391:SNP.GA  212 ( 97)   4401:C>T
    6.7i           42523210:SNP.TC  248 ( 97)   3582:A>G
    6.7i           42523408:SNP.TG  547 (100)   3384:A>C
    6.4i           42524695:SNP.TC  306 ( 76)   2097:A>G
    6.3i           42524946:SNP.CT  291 ( 77) F 1846:G>A
    6.3e           42525131:SNP.CG  357 (100)   1661:G>C
    6.2e           42525797:SNP.GC  106 ( 95)   997:C>G
    6.2e           42525810:SNP.TC   73 ( 96) F 984:A>G
    6.2e           42525820:SNP.GT   57 (100) F 974:C>A
    6.1i           42525951:SNP.AC  271 ( 67)   843:T>G
    6.1i           42526048:SNP.GC  301 ( 67)   746:C>G
    6.0i           42528027:SNP.TC    7 (100)   -1235:A>G
  CYP2D6.4J
    6.3i           42524946:SNP.CT  291 ( 77) F 1846:G>A
    6.3e           42525131:SNP.CG  357 (100)   1661:G>C
    6.2e           42525797:SNP.GC  106 ( 95)   997:C>G
    6.2e           42525810:SNP.TC   73 ( 96) F 984:A>G
    6.2e           42525820:SNP.GT   57 (100) F 974:C>A
    6.1e           42526693:SNP.GA  311 ( 94) F 100:C>T
  CYP2D6.4D
    6.9e           42522612:SNP.CG  277 (100) F 4180:G>C
    6.3i           42524946:SNP.CT  291 ( 77) F 1846:G>A
    6.3e           42525131:SNP.CG  357 (100)   1661:G>C
    6.2e           42525755:SNP.GA    0 (  0)   1039:C>T
    6.1e           42526693:SNP.GA  311 ( 94) F 100:C>T
  CYP2D6.4LW
    6.ins          42522391:SNP.GA  212 ( 97)   4401:C>T
    6.9e           42522612:SNP.CG  277 (100) F 4180:G>C
    6.7i           42523210:SNP.TC  248 ( 97)   3582:A>G
    6.7i           42523408:SNP.TG  547 (100)   3384:A>C
    6.4i           42524695:SNP.TC  306 ( 76)   2097:A>G
    6.3i           42524946:SNP.CT  291 ( 77) F 1846:G>A
    6.3e           42525131:SNP.CG  357 (100)   1661:G>C
    6.2e           42525797:SNP.GC  106 ( 95)   997:C>G
    6.1i           42525951:SNP.AC  271 ( 67)   843:T>G
    6.1i           42526048:SNP.GC  301 ( 67)   746:C>G
    6.1i           42526483:SNP.CA  232 (100)   310:G>T
    6.1e           42526693:SNP.GA  311 ( 94) F 100:C>T
    6.0i           42527792:SNP.CT  186 ( 97)   -1000:G>A
    6.0i           42528027:SNP.TC    7 (100)   -1235:A>G
  CYP2D6.4B
    6.9e           42522612:SNP.CG  277 (100) F 4180:G>C
    6.3i           42524946:SNP.CT  291 ( 77) F 1846:G>A
    6.2e           42525797:SNP.GC  106 ( 95)   997:C>G
    6.2e           42525810:SNP.TC   73 ( 96) F 984:A>G
    6.2e           42525820:SNP.GT   57 (100) F 974:C>A
    6.1e           42526693:SNP.GA  311 ( 94) F 100:C>T
  CYP2D6.4A
    6.9e           42522612:SNP.CG  277 (100) F 4180:G>C
    6.3i           42524946:SNP.CT  291 ( 77) F 1846:G>A
    6.3e           42525131:SNP.CG  357 (100)   1661:G>C
    6.2e           42525797:SNP.GC  106 ( 95)   997:C>G
    6.2e           42525810:SNP.TC   73 ( 96) F 984:A>G
    6.2e           42525820:SNP.GT   57 (100) F 974:C>A
    6.1e           42526693:SNP.GA  311 ( 94) F 100:C>T
  CYP2D6.4BW
    6.ins          42522391:SNP.GA  212 ( 97)   4401:C>T
    6.9e           42522612:SNP.CG  277 (100) F 4180:G>C
    6.7i           42523210:SNP.TC  248 ( 97)   3582:A>G
    6.7i           42523408:SNP.TG  547 (100)   3384:A>C
    6.4i           42524695:SNP.TC  306 ( 76)   2097:A>G
    6.3i           42524946:SNP.CT  291 ( 77) F 1846:G>A
    6.2e           42525797:SNP.GC  106 ( 95)   997:C>G
    6.2e           42525810:SNP.TC   73 ( 96) F 984:A>G
    6.2e           42525820:SNP.GT   57 (100) F 974:C>A
    6.1i           42525951:SNP.AC  271 ( 67)   843:T>G
    6.1i           42526048:SNP.GC  301 ( 67)   746:C>G
    6.1i           42526483:SNP.CA  232 (100)   310:G>T
    6.1e           42526693:SNP.GA  311 ( 94) F 100:C>T
    6.0i           42527792:SNP.CT  186 ( 97)   -1000:G>A
    6.0i           42528027:SNP.TC    7 (100)   -1235:A>G
  CYP2D6.4JW
    6.ins          42522391:SNP.GA  212 ( 97)   4401:C>T
    6.7i           42523210:SNP.TC  248 ( 97)   3582:A>G
    6.7i           42523408:SNP.TG  547 (100)   3384:A>C
    6.4i           42524695:SNP.TC  306 ( 76)   2097:A>G
    6.3i           42524946:SNP.CT  291 ( 77) F 1846:G>A
    6.3e           42525131:SNP.CG  357 (100)   1661:G>C
    6.2e           42525797:SNP.GC  106 ( 95)   997:C>G
    6.2e           42525810:SNP.TC   73 ( 96) F 984:A>G
    6.2e           42525820:SNP.GT   57 (100) F 974:C>A
    6.1i           42525951:SNP.AC  271 ( 67)   843:T>G
    6.1i           42526048:SNP.GC  301 ( 67)   746:C>G
    6.1i           42526483:SNP.CA  232 (100)   310:G>T
    6.1e           42526693:SNP.GA  311 ( 94) F 100:C>T
    6.0i           42527792:SNP.CT  186 ( 97)   -1000:G>A
    6.0i           42528027:SNP.TC    7 (100)   -1235:A>G
  CYP2D6.4L
    6.9e           42522612:SNP.CG  277 (100) F 4180:G>C
    6.3i           42524946:SNP.CT  291 ( 77) F 1846:G>A
    6.3e           42525131:SNP.CG  357 (100)   1661:G>C
    6.2e           42525797:SNP.GC  106 ( 95)   997:C>G
    6.1e           42526693:SNP.GA  311 ( 94) F 100:C>T
  CYP2D6.4EW
    6.ins          42522391:SNP.GA  212 ( 97)   4401:C>T
    6.9e           42522612:SNP.CG  277 (100) F 4180:G>C
    6.7i           42523210:SNP.TC  248 ( 97)   3582:A>G
    6.7i           42523408:SNP.TG  547 (100)   3384:A>C
    6.4i           42524695:SNP.TC  306 ( 76)   2097:A>G
    6.3i           42524946:SNP.CT  291 ( 77) F 1846:G>A
    6.3e           42525131:SNP.CG  357 (100)   1661:G>C
    6.2e           42525797:SNP.GC  106 ( 95)   997:C>G
    6.1i           42525951:SNP.AC  271 ( 67)   843:T>G
    6.1i           42526048:SNP.GC  301 ( 67)   746:C>G
    6.1i           42526483:SNP.CA  232 (100)   310:G>T
    6.1e           42526693:SNP.GA  311 ( 94) F 100:C>T
    6.0i           42527792:SNP.CT  186 ( 97)   -1000:G>A
    6.0i           42528027:SNP.TC    7 (100)   -1235:A>G
  CYP2D6.4E
    6.9e           42522612:SNP.CG  277 (100) F 4180:G>C
    6.3i           42524946:SNP.CT  291 ( 77) F 1846:G>A
    6.3e           42525131:SNP.CG  357 (100)   1661:G>C
    6.1e           42526693:SNP.GA  311 ( 94) F 100:C>T
  CYP2D6.4DW
    6.ins          42522391:SNP.GA  212 ( 97)   4401:C>T
    6.9e           42522612:SNP.CG  277 (100) F 4180:G>C
    6.7i           42523210:SNP.TC  248 ( 97)   3582:A>G
    6.7i           42523408:SNP.TG  547 (100)   3384:A>C
    6.4i           42524695:SNP.TC  306 ( 76)   2097:A>G
    6.3i           42524946:SNP.CT  291 ( 77) F 1846:G>A
    6.3e           42525131:SNP.CG  357 (100)   1661:G>C
    6.2e           42525755:SNP.GA    0 (  0)   1039:C>T
    6.2e           42525797:SNP.GC  106 ( 95)   997:C>G
    6.1i           42525951:SNP.AC  271 ( 67)   843:T>G
    6.1i           42526048:SNP.GC  301 ( 67)   746:C>G
    6.1i           42526483:SNP.CA  232 (100)   310:G>T
    6.1e           42526693:SNP.GA  311 ( 94) F 100:C>T
    6.0i           42527792:SNP.CT  186 ( 97)   -1000:G>A
    6.0i           42528027:SNP.TC    7 (100)   -1235:A>G
  CYP2D6.5
  CYP2D6.61
  CYP2D6.67$1
  CYP2D6.68
    6.1e           42526693:SNP.GA  311 ( 94) F 100:C>T
    6.0i           42527792:SNP.CT  186 ( 97)   -1000:G>A
    6.0i           42528027:SNP.TC    7 (100)   -1235:A>G
    6.0i           42528223:SNP.GA    0 (  0)   -1426:C>T
  CYP2D6.74
    6.7i           42523183:SNP.CA    0 (  0)   3609:G>T
    6.2e           42525820:SNP.GT   57 (100) F 974:C>A
  CYP2D6.76$1
  CYP2D6.77$1
  CYP2D6.78$1
  CYP2D6.79$1
  CYP2D6.80$1
  CYP2D6.83
    6.1i           42525951:SNP.AC  271 ( 67)   843:T>G
== Copy Number Estimator ==
CNV factor: 3.0299559153 (0.330037805154)
Coverage per region
  region:  2D6  2D7
  0i   :  1.26  1.64 
  1e   :  0.87  1.70 = -0.83
  1i   :  1.34  1.65 = -0.31
  2e   :  0.82  1.34 = -0.52
  2i   :  1.04  1.62 = -0.58
  3e   :  1.07  1.49 = -0.42
  3i   :  0.98  1.97 
  4e   :  0.99  1.92 
  4i   :  1.11  2.35 
  5e   :  0.96  1.97 = -1.01
  5i   :  0.93  2.09 = -1.16
  6e   :  1.04  2.20 = -1.16
  6i   :  1.15  1.61 = -0.46
  7e   :  1.20  0.94 
  7i   :  1.45  1.32 
  8e   :  1.24  1.70 
  8i   :  1.72  2.07 
  9e   :  1.33  2.19 = -0.86
  ins  :  1.13  1.67 
  pce  :  0.00  2.33 = -2.33
  rep  :  1.27  2.08 
Max. CN = 2
M  Sentinel contraint for 61: A_61^ <= A_61
M  Sentinel contraint for 67: A_67^ <= A_67
M  Sentinel contraint for 68: A_68^ <= A_68
M  Sentinel contraint for 80: A_80^ <= A_80
M  Sentinel contraint for 1: A_1^ <= A_1
M  Sentinel contraint for 5: A_5^ <= A_5
M  Sentinel contraint for 77: A_77^ <= A_77
M  Sentinel contraint for 76: A_76^ <= A_76
M  Sentinel contraint for 79: A_79^ <= A_79
M  Sentinel contraint for 78: A_78^ <= A_78
M  Sentinel contraint for 13: A_13^ <= A_13
M  Sentinel contraint for 16: A_16^ <= A_16
M  Sentinel contraint for 36: A_36^ <= A_36
M  Sentinel contraint for 36: A_36_2 <= A_36
M  Sentinel contraint for 68: A_68_2 <= A_68
M  Contraint for 6e: -1.15951515788 == E_6e + <gurobi.LinExpr: 0.0 A5^ + -1.0 A5^ + A78^ + -0.0 A78^ + A1^ + -1.0 A1^ + A61 + -1.0 A61 + 0.0 A68^ + -2.0 A68^ + A80^ + -0.0 A80^ + A67 + -0.0 A67 + 0.0 A68 + -2.0 A68 + A80 + -0.0 A80 + A67^ + -0.0 A67^ + A61^ + -1.0 A61^ + 0.0 A77^ + -1.0 A77^ + A1 + -1.0 A1 + 0.0 A16^ + -1.0 A16^ + 0.0 A5 + -1.0 A5 + A36_2 + -0.0 A36_2 + 0.0 A68_2 + -1.0 A68_2 + A79^ + -0.0 A79^ + 0.0 A77 + -1.0 A77 + 0.0 A76 + -1.0 A76 + A79 + -0.0 A79 + A78 + -0.0 A78 + A36^ + -1.0 A36^ + A13 + -0.0 A13 + 0.0 A76^ + -1.0 A76^ + 0.0 A16 + -1.0 A16 + A36 + -1.0 A36 + A13^ + -0.0 A13^ + A1_2 + -0.0 A1_2>
M  Contraint for 5e: -1.00871721255 == E_5e + <gurobi.LinExpr: 0.0 A5^ + -1.0 A5^ + A78^ + -0.0 A78^ + A1^ + -1.0 A1^ + A61 + -1.0 A61 + 0.0 A68^ + -2.0 A68^ + A80^ + -0.0 A80^ + 0.5 A67 + -0.5 A67 + 0.0 A68 + -2.0 A68 + A80 + -0.0 A80 + 0.5 A67^ + -0.5 A67^ + A61^ + -1.0 A61^ + 0.0 A77^ + -1.0 A77^ + A1 + -1.0 A1 + 0.0 A16^ + -1.0 A16^ + 0.0 A5 + -1.0 A5 + A36_2 + -0.0 A36_2 + 0.0 A68_2 + -1.0 A68_2 + A79^ + -0.0 A79^ + 0.0 A77 + -1.0 A77 + 0.0 A76 + -1.0 A76 + A79 + -0.0 A79 + A78 + -0.0 A78 + A36^ + -1.0 A36^ + A13 + -0.0 A13 + 0.0 A76^ + -1.0 A76^ + 0.0 A16 + -1.0 A16 + A36 + -1.0 A36 + A13^ + -0.0 A13^ + A1_2 + -0.0 A1_2>
M  Contraint for 6i: -0.459128439167 == E_6i + <gurobi.LinExpr: 0.0 A5^ + -1.0 A5^ + A78^ + -0.0 A78^ + A1^ + -1.0 A1^ + A61 + -1.0 A61 + 0.0 A68^ + -2.0 A68^ + A80^ + -0.0 A80^ + A67 + -0.0 A67 + 0.0 A68 + -2.0 A68 + A80 + -0.0 A80 + A67^ + -0.0 A67^ + A61^ + -1.0 A61^ + 0.0 A77^ + -1.0 A77^ + A1 + -1.0 A1 + 0.0 A16^ + -1.0 A16^ + 0.0 A5 + -1.0 A5 + A36_2 + -0.0 A36_2 + 0.0 A68_2 + -1.0 A68_2 + A79^ + -0.0 A79^ + 0.0 A77 + -1.0 A77 + 0.0 A76 + -1.0 A76 + A79 + -0.0 A79 + A78 + -0.0 A78 + A36^ + -1.0 A36^ + A13 + -0.0 A13 + 0.0 A76^ + -1.0 A76^ + 0.0 A16 + -1.0 A16 + A36 + -1.0 A36 + A13^ + -0.0 A13^ + A1_2 + -0.0 A1_2>
M  Contraint for 9e: -0.863351465927 == E_9e + <gurobi.LinExpr: 0.0 A5^ + -1.0 A5^ + A78^ + -0.0 A78^ + A1^ + -1.0 A1^ + 0.0 A61 + -2.0 A61 + 0.0 A68^ + -2.0 A68^ + A80^ + -0.0 A80^ + A67 + -0.0 A67 + 0.0 A68 + -2.0 A68 + A80 + -0.0 A80 + A67^ + -0.0 A67^ + 0.0 A61^ + -2.0 A61^ + A77^ + -0.0 A77^ + A1 + -1.0 A1 + A16^ + -0.0 A16^ + 0.0 A5 + -1.0 A5 + 0.0 A36_2 + -1.0 A36_2 + 0.0 A68_2 + -1.0 A68_2 + A79^ + -0.0 A79^ + A77 + -0.0 A77 + 0.5 A76 + -0.5 A76 + A79 + -0.0 A79 + A78 + -0.0 A78 + 0.0 A36^ + -2.0 A36^ + A13 + -0.0 A13 + 0.5 A76^ + -0.5 A76^ + A16 + -0.0 A16 + 0.0 A36 + -2.0 A36 + A13^ + -0.0 A13^ + A1_2 + -0.0 A1_2>
M  Contraint for 2e: -0.515359240168 == E_2e + <gurobi.LinExpr: 0.0 A5^ + -1.0 A5^ + 0.0 A78^ + -1.0 A78^ + A1^ + -1.0 A1^ + A61 + -1.0 A61 + 0.0 A68^ + -2.0 A68^ + 0.0 A80^ + -1.0 A80^ + 0.0 A67 + -1.0 A67 + 0.0 A68 + -2.0 A68 + 0.0 A80 + -1.0 A80 + 0.0 A67^ + -1.0 A67^ + A61^ + -1.0 A61^ + 0.0 A77^ + -1.0 A77^ + A1 + -1.0 A1 + 0.0 A16^ + -1.0 A16^ + 0.0 A5 + -1.0 A5 + A36_2 + -0.0 A36_2 + 0.0 A68_2 + -1.0 A68_2 + 0.5 A79^ + -0.5 A79^ + 0.0 A77 + -1.0 A77 + 0.0 A76 + -1.0 A76 + 0.5 A79 + -0.5 A79 + 0.0 A78 + -1.0 A78 + A36^ + -1.0 A36^ + A13 + -0.0 A13 + 0.0 A76^ + -1.0 A76^ + 0.0 A16 + -1.0 A16 + A36 + -1.0 A36 + A13^ + -0.0 A13^ + A1_2 + -0.0 A1_2>
M  Contraint for 1e: -0.83286467435 == E_1e + <gurobi.LinExpr: 0.0 A5^ + -1.0 A5^ + 0.0 A78^ + -1.0 A78^ + A1^ + -1.0 A1^ + A61 + -1.0 A61 + A68^ + -1.0 A68^ + 0.0 A80^ + -1.0 A80^ + 0.0 A67 + -1.0 A67 + A68 + -1.0 A68 + 0.0 A80 + -1.0 A80 + 0.0 A67^ + -1.0 A67^ + A61^ + -1.0 A61^ + 0.0 A77^ + -1.0 A77^ + A1 + -1.0 A1 + 0.0 A16^ + -1.0 A16^ + 0.0 A5 + -1.0 A5 + A36_2 + -0.0 A36_2 + A68_2 + -0.0 A68_2 + 0.0 A79^ + -1.0 A79^ + 0.0 A77 + -1.0 A77 + 0.0 A76 + -1.0 A76 + 0.0 A79 + -1.0 A79 + 0.0 A78 + -1.0 A78 + A36^ + -1.0 A36^ + 0.0 A13 + -1.0 A13 + 0.0 A76^ + -1.0 A76^ + 0.0 A16 + -1.0 A16 + A36 + -1.0 A36 + 0.0 A13^ + -1.0 A13^ + A1_2 + -0.0 A1_2>
M  Contraint for 1i: -0.311519501276 == E_1i + <gurobi.LinExpr: 0.0 A5^ + -1.0 A5^ + 0.0 A78^ + -1.0 A78^ + A1^ + -1.0 A1^ + A61 + -1.0 A61 + 0.0 A68^ + -2.0 A68^ + 0.0 A80^ + -1.0 A80^ + 0.0 A67 + -1.0 A67 + 0.0 A68 + -2.0 A68 + 0.0 A80 + -1.0 A80 + 0.0 A67^ + -1.0 A67^ + A61^ + -1.0 A61^ + 0.0 A77^ + -1.0 A77^ + A1 + -1.0 A1 + 0.0 A16^ + -1.0 A16^ + 0.0 A5 + -1.0 A5 + A36_2 + -0.0 A36_2 + 0.0 A68_2 + -1.0 A68_2 + 0.0 A79^ + -1.0 A79^ + 0.0 A77 + -1.0 A77 + 0.0 A76 + -1.0 A76 + 0.0 A79 + -1.0 A79 + 0.0 A78 + -1.0 A78 + A36^ + -1.0 A36^ + 0.5 A13 + -0.5 A13 + 0.0 A76^ + -1.0 A76^ + 0.0 A16 + -1.0 A16 + A36 + -1.0 A36 + 0.5 A13^ + -0.5 A13^ + A1_2 + -0.0 A1_2>
M  Contraint for 5i: -1.15814012594 == E_5i + <gurobi.LinExpr: 0.0 A5^ + -1.0 A5^ + A78^ + -0.0 A78^ + A1^ + -1.0 A1^ + A61 + -1.0 A61 + 0.0 A68^ + -2.0 A68^ + A80^ + -0.0 A80^ + A67 + -0.0 A67 + 0.0 A68 + -2.0 A68 + A80 + -0.0 A80 + A67^ + -0.0 A67^ + A61^ + -1.0 A61^ + 0.0 A77^ + -1.0 A77^ + A1 + -1.0 A1 + 0.0 A16^ + -1.0 A16^ + 0.0 A5 + -1.0 A5 + A36_2 + -0.0 A36_2 + 0.0 A68_2 + -1.0 A68_2 + A79^ + -0.0 A79^ + 0.0 A77 + -1.0 A77 + 0.0 A76 + -1.0 A76 + A79 + -0.0 A79 + A78 + -0.0 A78 + A36^ + -1.0 A36^ + A13 + -0.0 A13 + 0.0 A76^ + -1.0 A76^ + 0.0 A16 + -1.0 A16 + A36 + -1.0 A36 + A13^ + -0.0 A13^ + A1_2 + -0.0 A1_2>
M  Contraint for 2i: -0.577278033199 == E_2i + <gurobi.LinExpr: 0.0 A5^ + -1.0 A5^ + 0.0 A78^ + -1.0 A78^ + A1^ + -1.0 A1^ + A61 + -1.0 A61 + 0.0 A68^ + -2.0 A68^ + 0.5 A80^ + -0.5 A80^ + 0.0 A67 + -1.0 A67 + 0.0 A68 + -2.0 A68 + 0.5 A80 + -0.5 A80 + 0.0 A67^ + -1.0 A67^ + A61^ + -1.0 A61^ + 0.0 A77^ + -1.0 A77^ + A1 + -1.0 A1 + 0.0 A16^ + -1.0 A16^ + 0.0 A5 + -1.0 A5 + A36_2 + -0.0 A36_2 + 0.0 A68_2 + -1.0 A68_2 + A79^ + -0.0 A79^ + 0.0 A77 + -1.0 A77 + 0.0 A76 + -1.0 A76 + A79 + -0.0 A79 + 0.0 A78 + -1.0 A78 + A36^ + -1.0 A36^ + A13 + -0.0 A13 + 0.0 A76^ + -1.0 A76^ + 0.0 A16 + -1.0 A16 + A36 + -1.0 A36 + A13^ + -0.0 A13^ + A1_2 + -0.0 A1_2>
M  Contraint for 3e: -0.422525477564 == E_3e + <gurobi.LinExpr: 0.0 A5^ + -1.0 A5^ + 0.0 A78^ + -1.0 A78^ + A1^ + -1.0 A1^ + A61 + -1.0 A61 + 0.0 A68^ + -2.0 A68^ + A80^ + -0.0 A80^ + 0.0 A67 + -1.0 A67 + 0.0 A68 + -2.0 A68 + A80 + -0.0 A80 + 0.0 A67^ + -1.0 A67^ + A61^ + -1.0 A61^ + 0.0 A77^ + -1.0 A77^ + A1 + -1.0 A1 + 0.0 A16^ + -1.0 A16^ + 0.0 A5 + -1.0 A5 + A36_2 + -0.0 A36_2 + 0.0 A68_2 + -1.0 A68_2 + A79^ + -0.0 A79^ + 0.0 A77 + -1.0 A77 + 0.0 A76 + -1.0 A76 + A79 + -0.0 A79 + 0.0 A78 + -1.0 A78 + A36^ + -1.0 A36^ + A13 + -0.0 A13 + 0.0 A76^ + -1.0 A76^ + 0.0 A16 + -1.0 A16 + A36 + -1.0 A36 + A13^ + -0.0 A13^ + A1_2 + -0.0 A1_2>
M  Contraint for pce: -2.32962881525 == E_pce + <gurobi.LinExpr: 0.0 A5^ + -1.0 A5^ + A78^ + -0.0 A78^ + 0.0 A1^ + -1.0 A1^ + 0.0 A61 + -2.0 A61 + 0.0 A68^ + -2.0 A68^ + A80^ + -0.0 A80^ + A67 + -0.0 A67 + 0.0 A68 + -2.0 A68 + A80 + -0.0 A80 + A67^ + -0.0 A67^ + 0.0 A61^ + -2.0 A61^ + A77^ + -0.0 A77^ + 0.0 A1 + -1.0 A1 + A16^ + -0.0 A16^ + 0.0 A5 + -1.0 A5 + 0.0 A36_2 + -1.0 A36_2 + 0.0 A68_2 + -1.0 A68_2 + A79^ + -0.0 A79^ + A77 + -0.0 A77 + A76 + -0.0 A76 + A79 + -0.0 A79 + A78 + -0.0 A78 + 0.0 A36^ + -2.0 A36^ + A13 + -0.0 A13 + A76^ + -0.0 A76^ + A16 + -0.0 A16 + 0.0 A36 + -2.0 A36 + A13^ + -0.0 A13^ + 0.0 A1_2 + -0.0 A1_2>
M  Objective: <gurobi.LinExpr: C40 + C41 + C42 + C43 + C44 + C45 + C46 + C47 + C48 + C49 + 1.5 C50 + 0.5 A5^ + 0.5 A78^ + 0.5 A1^ + 0.5 A61 + 0.5 A68^ + 0.5 A80^ + 0.5 A67 + 0.5 A68 + 0.5 A80 + 0.5 A67^ + 0.5 A61^ + 0.5 A77^ + 0.5 A1 + 0.5 A16^ + 0.5 A5 + 0.5 A36_2 + 0.5 A68_2 + 0.5 A79^ + 0.5 A77 + 0.5 A76 + 0.5 A79 + 0.5 A78 + 0.5 A36^ + 0.5 A13 + 0.5 A76^ + 0.5 A16 + 0.5 A36 + 0.5 A13^ + 0.5 A1_2 + 0.1 A78^ + 0.1 A80^ + 0.1 A67 + 0.1 A80 + 0.1 A67^ + 0.1 A77^ + 0.1 A16^ + 0.1 A79^ + 0.1 A77 + 0.1 A76 + 0.1 A79 + 0.1 A78 + 0.1 A13 + 0.1 A76^ + 0.1 A16 + 0.1 A13^>
CN Solver status: optimal, opt: 4.8387888876
  Solutions:
    ('1', '5')
== Initial Solver ==
Solving Counter({'1': 1})
Extra Removing 108   6.7e 42523566:SNP.TC,  6.7e 42523557:SNP.TC
Extra Removing 13$108  6.7e 42523566:SNP.TC,  6.7e 42523557:SNP.TC
Extra Removing 16$108  6.7e 42523566:SNP.TC,  6.7e 42523557:SNP.TC
Extra Removing 67$108  6.7e 42523566:SNP.TC,  6.7e 42523557:SNP.TC
Extra Removing 78$108  6.7e 42523566:SNP.TC,  6.7e 42523557:SNP.TC
Extra Removing 79$108  6.7e 42523566:SNP.TC,  6.7e 42523557:SNP.TC
Extra Removing 80$108  6.7e 42523566:SNP.TC,  6.7e 42523557:SNP.TC
Possible candidates:
  CYP2D6.1
  CYP2D6.10A
    6.1e 42526693:SNP.GA  311 ( 94) F 100:C>T
    6.9e 42522612:SNP.CG  277 ( 99) F 4180:G>C
  CYP2D6.39
    6.9e 42522612:SNP.CG  277 ( 99) F 4180:G>C
  CYP2D6.4M
    6.3i 42524946:SNP.CT  291 ( 77) F 1846:G>A
    6.2e 42525810:SNP.TC   73 ( 96) F 984:A>G
    6.2e 42525820:SNP.GT   57 (100) F 974:C>A
  CYP2D6.4J
    6.3i 42524946:SNP.CT  291 ( 77) F 1846:G>A
    6.1e 42526693:SNP.GA  311 ( 94) F 100:C>T
    6.2e 42525810:SNP.TC   73 ( 96) F 984:A>G
    6.2e 42525820:SNP.GT   57 (100) F 974:C>A
  CYP2D6.4D
    6.3i 42524946:SNP.CT  291 ( 77) F 1846:G>A
    6.1e 42526693:SNP.GA  311 ( 94) F 100:C>T
    6.9e 42522612:SNP.CG  277 ( 99) F 4180:G>C
  CYP2D6.4A
    6.3i 42524946:SNP.CT  291 ( 77) F 1846:G>A
    6.1e 42526693:SNP.GA  311 ( 94) F 100:C>T
    6.2e 42525810:SNP.TC   73 ( 96) F 984:A>G
    6.9e 42522612:SNP.CG  277 ( 99) F 4180:G>C
    6.2e 42525820:SNP.GT   57 (100) F 974:C>A
  CYP2D6.74
    6.2e 42525820:SNP.GT   57 (100) F 974:C>A
M  Max. CN for 39 = 1
M  Max. CN for 10A = 1
M  Max. CN for 1 = 1
M  Max. CN for 4M = 1
M  Max. CN for 4J = 1
M  Max. CN for 4D = 1
M  Max. CN for 74 = 1
M  Max. CN for 4A = 1
M  Contraint for 42524946:REF 6.3i: 86 == <gurobi.QuadExpr: 377.0 39 + 377.0 10A + 377.0 1 + 377.0 4M + 377.0 4J + 377.0 4D + 377.0 74 + 377.0 4A + [ -377.0 REG_4M_42524946:SNP.CT * 4M + -377.0 REG_4J_42524946:SNP.CT * 4J + -377.0 REG_4D_42524946:SNP.CT * 4D + -377.0 REG_4A_42524946:SNP.CT * 4A ]> + err
M  Contraint for 42524946:SNP.CT 6.3i: 291 == <gurobi.QuadExpr: 0.0 + [ 377.0 REG_4M_42524946:SNP.CT * 4M + 377.0 REG_4J_42524946:SNP.CT * 4J + 377.0 REG_4D_42524946:SNP.CT * 4D + 377.0 REG_4A_42524946:SNP.CT * 4A ]> + err
M  Contraint for 42525820:REF 6.2e: 0 == <gurobi.QuadExpr: 57.0 39 + 57.0 10A + 57.0 1 + 57.0 4M + 57.0 4J + 57.0 4D + 57.0 74 + 57.0 4A + [ -57.0 REG_4M_42525820:SNP.GT * 4M + -57.0 REG_4J_42525820:SNP.GT * 4J + -57.0 REG_74_42525820:SNP.GT * 74 + -57.0 REG_4A_42525820:SNP.GT * 4A ]> + err
M  Contraint for 42525810:SNP.TC 6.2e: 73 == <gurobi.QuadExpr: 0.0 + [ 76.0 REG_4M_42525810:SNP.TC * 4M + 76.0 REG_4J_42525810:SNP.TC * 4J + 76.0 REG_4A_42525810:SNP.TC * 4A ]> + err
M  Contraint for 42522612:REF 6.9e: 4 == <gurobi.QuadExpr: 281.0 39 + 281.0 10A + 281.0 1 + 281.0 4M + 281.0 4J + 281.0 4D + 281.0 74 + 281.0 4A + [ -281.0 REG_39_42522612:SNP.CG * 39 + -281.0 REG_10A_42522612:SNP.CG * 10A + -281.0 REG_4D_42522612:SNP.CG * 4D + -281.0 REG_4A_42522612:SNP.CG * 4A ]> + err
M  Contraint for 42525810:REF 6.2e: 3 == <gurobi.QuadExpr: 76.0 39 + 76.0 10A + 76.0 1 + 76.0 4M + 76.0 4J + 76.0 4D + 76.0 74 + 76.0 4A + [ -76.0 REG_4M_42525810:SNP.TC * 4M + -76.0 REG_4J_42525810:SNP.TC * 4J + -76.0 REG_4A_42525810:SNP.TC * 4A ]> + err
M  Contraint for 42526693:SNP.GA 6.1e: 311 == <gurobi.QuadExpr: 0.0 + [ 330.0 REG_10A_42526693:SNP.GA * 10A + 330.0 REG_4J_42526693:SNP.GA * 4J + 330.0 REG_4D_42526693:SNP.GA * 4D + 330.0 REG_4A_42526693:SNP.GA * 4A ]> + err
M  Contraint for 42526693:REF 6.1e: 19 == <gurobi.QuadExpr: 330.0 39 + 330.0 10A + 330.0 1 + 330.0 4M + 330.0 4J + 330.0 4D + 330.0 74 + 330.0 4A + [ -330.0 REG_10A_42526693:SNP.GA * 10A + -330.0 REG_4J_42526693:SNP.GA * 4J + -330.0 REG_4D_42526693:SNP.GA * 4D + -330.0 REG_4A_42526693:SNP.GA * 4A ]> + err
M  Contraint for 42522612:SNP.CG 6.9e: 277 == <gurobi.QuadExpr: 0.0 + [ 281.0 REG_39_42522612:SNP.CG * 39 + 281.0 REG_10A_42522612:SNP.CG * 10A + 281.0 REG_4D_42522612:SNP.CG * 4D + 281.0 REG_4A_42522612:SNP.CG * 4A ]> + err
M  Contraint for 42525820:SNP.GT 6.2e: 57 == <gurobi.QuadExpr: 0.0 + [ 57.0 REG_4M_42525820:SNP.GT * 4M + 57.0 REG_4J_42525820:SNP.GT * 4J + 57.0 REG_74_42525820:SNP.GT * 74 + 57.0 REG_4A_42525820:SNP.GT * 4A ]> + err
M  Contraint for 39 42522612:SNP.CG: <gurobi.Var 39> >= <gurobi.Var REG_39_42522612:SNP.CG>
M  Contraint for 10A 42522612:SNP.CG: <gurobi.Var 10A> >= <gurobi.Var REG_10A_42522612:SNP.CG>
M  Contraint for 10A 42526693:SNP.GA: <gurobi.Var 10A> >= <gurobi.Var REG_10A_42526693:SNP.GA>
M  Contraint for 4M 42525810:SNP.TC: <gurobi.Var 4M> >= <gurobi.Var REG_4M_42525810:SNP.TC>
M  Contraint for 4M 42525820:SNP.GT: <gurobi.Var 4M> >= <gurobi.Var REG_4M_42525820:SNP.GT>
M  Contraint for 4M 42524946:SNP.CT: <gurobi.Var 4M> >= <gurobi.Var REG_4M_42524946:SNP.CT>
M  Contraint for 4J 42525810:SNP.TC: <gurobi.Var 4J> >= <gurobi.Var REG_4J_42525810:SNP.TC>
M  Contraint for 4J 42526693:SNP.GA: <gurobi.Var 4J> >= <gurobi.Var REG_4J_42526693:SNP.GA>
M  Contraint for 4J 42525820:SNP.GT: <gurobi.Var 4J> >= <gurobi.Var REG_4J_42525820:SNP.GT>
M  Contraint for 4J 42524946:SNP.CT: <gurobi.Var 4J> >= <gurobi.Var REG_4J_42524946:SNP.CT>
M  Contraint for 4D 42526693:SNP.GA: <gurobi.Var 4D> >= <gurobi.Var REG_4D_42526693:SNP.GA>
M  Contraint for 4D 42522612:SNP.CG: <gurobi.Var 4D> >= <gurobi.Var REG_4D_42522612:SNP.CG>
M  Contraint for 4D 42524946:SNP.CT: <gurobi.Var 4D> >= <gurobi.Var REG_4D_42524946:SNP.CT>
M  Contraint for 74 42525820:SNP.GT: <gurobi.Var 74> >= <gurobi.Var REG_74_42525820:SNP.GT>
M  Contraint for 4A 42525810:SNP.TC: <gurobi.Var 4A> >= <gurobi.Var REG_4A_42525810:SNP.TC>
M  Contraint for 4A 42526693:SNP.GA: <gurobi.Var 4A> >= <gurobi.Var REG_4A_42526693:SNP.GA>
M  Contraint for 4A 42522612:SNP.CG: <gurobi.Var 4A> >= <gurobi.Var REG_4A_42522612:SNP.CG>
M  Contraint for 4A 42525820:SNP.GT: <gurobi.Var 4A> >= <gurobi.Var REG_4A_42525820:SNP.GT>
M  Contraint for 4A 42524946:SNP.CT: <gurobi.Var 4A> >= <gurobi.Var REG_4A_42524946:SNP.CT>
M  CN contraint for 1: 1 == <gurobi.LinExpr: 39 + 10A + 1 + 4M + 4J + 4D + 74 + 4A>
M  Objective: <gurobi.LinExpr: C51 + C52 + C53 + C54 + C55 + C56 + C57 + C58 + C59 + C60>
M  Contraint for 39: A_39 * (<gurobi.LinExpr: REG_39_42522612:SNP.CG> - 1) == 0
M  Contraint for 10A: A_10A * (<gurobi.LinExpr: REG_10A_42522612:SNP.CG + REG_10A_42526693:SNP.GA> - 2) == 0
M  Contraint for 4M: A_4M * (<gurobi.LinExpr: REG_4M_42524946:SNP.CT + REG_4M_42525810:SNP.TC + REG_4M_42525820:SNP.GT> - 3) == 0
M  Contraint for 4J: A_4J * (<gurobi.LinExpr: REG_4J_42524946:SNP.CT + REG_4J_42525810:SNP.TC + REG_4J_42525820:SNP.GT + REG_4J_42526693:SNP.GA> - 4) == 0
M  Contraint for 4D: A_4D * (<gurobi.LinExpr: REG_4D_42522612:SNP.CG + REG_4D_42524946:SNP.CT + REG_4D_42526693:SNP.GA> - 3) == 0
M  Contraint for 74: A_74 * (<gurobi.LinExpr: REG_74_42525820:SNP.GT> - 1) == 0
M  Contraint for 4A: A_4A * (<gurobi.LinExpr: REG_4A_42522612:SNP.CG + REG_4A_42524946:SNP.CT + REG_4A_42525810:SNP.TC + REG_4A_42525820:SNP.GT + REG_4A_42526693:SNP.GA> - 5) == 0
M  Contraint for 42522612:SNP.CG: 1 <= <gurobi.QuadExpr: 0.0 + [ 39 * REG_39_42522612:SNP.CG + 10A * REG_10A_42522612:SNP.CG + 4D * REG_4D_42522612:SNP.CG + 4A * REG_4A_42522612:SNP.CG ]>
M  Contraint for 42522612:SNP.CG: 1 <= <gurobi.QuadExpr: 0.0 + [ 39 * REG_39_42522612:SNP.CG + 10A * REG_10A_42522612:SNP.CG + 4D * REG_4D_42522612:SNP.CG + 4A * REG_4A_42522612:SNP.CG ]>
M  Contraint for 42526693:SNP.GA: 1 <= <gurobi.QuadExpr: 0.0 + [ 10A * REG_10A_42526693:SNP.GA + 4J * REG_4J_42526693:SNP.GA + 4D * REG_4D_42526693:SNP.GA + 4A * REG_4A_42526693:SNP.GA ]>
M  Contraint for 42524946:SNP.CT: 1 <= <gurobi.QuadExpr: 0.0 + [ 4M * REG_4M_42524946:SNP.CT + 4J * REG_4J_42524946:SNP.CT + 4D * REG_4D_42524946:SNP.CT + 4A * REG_4A_42524946:SNP.CT ]>
M  Contraint for 42525810:SNP.TC: 1 <= <gurobi.QuadExpr: 0.0 + [ 4M * REG_4M_42525810:SNP.TC + 4J * REG_4J_42525810:SNP.TC + 4A * REG_4A_42525810:SNP.TC ]>
M  Contraint for 42525820:SNP.GT: 1 <= <gurobi.QuadExpr: 0.0 + [ 4M * REG_4M_42525820:SNP.GT + 4J * REG_4J_42525820:SNP.GT + 74 * REG_74_42525820:SNP.GT + 4A * REG_4A_42525820:SNP.GT ]>
M  Contraint for 42524946:SNP.CT: 1 <= <gurobi.QuadExpr: 0.0 + [ 4M * REG_4M_42524946:SNP.CT + 4J * REG_4J_42524946:SNP.CT + 4D * REG_4D_42524946:SNP.CT + 4A * REG_4A_42524946:SNP.CT ]>
M  Contraint for 42525810:SNP.TC: 1 <= <gurobi.QuadExpr: 0.0 + [ 4M * REG_4M_42525810:SNP.TC + 4J * REG_4J_42525810:SNP.TC + 4A * REG_4A_42525810:SNP.TC ]>
M  Contraint for 42525820:SNP.GT: 1 <= <gurobi.QuadExpr: 0.0 + [ 4M * REG_4M_42525820:SNP.GT + 4J * REG_4J_42525820:SNP.GT + 74 * REG_74_42525820:SNP.GT + 4A * REG_4A_42525820:SNP.GT ]>
M  Contraint for 42526693:SNP.GA: 1 <= <gurobi.QuadExpr: 0.0 + [ 10A * REG_10A_42526693:SNP.GA + 4J * REG_4J_42526693:SNP.GA + 4D * REG_4D_42526693:SNP.GA + 4A * REG_4A_42526693:SNP.GA ]>
M  Contraint for 42522612:SNP.CG: 1 <= <gurobi.QuadExpr: 0.0 + [ 39 * REG_39_42522612:SNP.CG + 10A * REG_10A_42522612:SNP.CG + 4D * REG_4D_42522612:SNP.CG + 4A * REG_4A_42522612:SNP.CG ]>
M  Contraint for 42524946:SNP.CT: 1 <= <gurobi.QuadExpr: 0.0 + [ 4M * REG_4M_42524946:SNP.CT + 4J * REG_4J_42524946:SNP.CT + 4D * REG_4D_42524946:SNP.CT + 4A * REG_4A_42524946:SNP.CT ]>
M  Contraint for 42526693:SNP.GA: 1 <= <gurobi.QuadExpr: 0.0 + [ 10A * REG_10A_42526693:SNP.GA + 4J * REG_4J_42526693:SNP.GA + 4D * REG_4D_42526693:SNP.GA + 4A * REG_4A_42526693:SNP.GA ]>
M  Contraint for 42525820:SNP.GT: 1 <= <gurobi.QuadExpr: 0.0 + [ 4M * REG_4M_42525820:SNP.GT + 4J * REG_4J_42525820:SNP.GT + 74 * REG_74_42525820:SNP.GT + 4A * REG_4A_42525820:SNP.GT ]>
M  Contraint for 42522612:SNP.CG: 1 <= <gurobi.QuadExpr: 0.0 + [ 39 * REG_39_42522612:SNP.CG + 10A * REG_10A_42522612:SNP.CG + 4D * REG_4D_42522612:SNP.CG + 4A * REG_4A_42522612:SNP.CG ]>
M  Contraint for 42524946:SNP.CT: 1 <= <gurobi.QuadExpr: 0.0 + [ 4M * REG_4M_42524946:SNP.CT + 4J * REG_4J_42524946:SNP.CT + 4D * REG_4D_42524946:SNP.CT + 4A * REG_4A_42524946:SNP.CT ]>
M  Contraint for 42525810:SNP.TC: 1 <= <gurobi.QuadExpr: 0.0 + [ 4M * REG_4M_42525810:SNP.TC + 4J * REG_4J_42525810:SNP.TC + 4A * REG_4A_42525810:SNP.TC ]>
M  Contraint for 42525820:SNP.GT: 1 <= <gurobi.QuadExpr: 0.0 + [ 4M * REG_4M_42525820:SNP.GT + 4J * REG_4J_42525820:SNP.GT + 74 * REG_74_42525820:SNP.GT + 4A * REG_4A_42525820:SNP.GT ]>
M  Contraint for 42526693:SNP.GA: 1 <= <gurobi.QuadExpr: 0.0 + [ 10A * REG_10A_42526693:SNP.GA + 4J * REG_4J_42526693:SNP.GA + 4D * REG_4D_42526693:SNP.GA + 4A * REG_4A_42526693:SNP.GA ]>
CN Solver status: optimal, opt: 224.0
  solution:
    ('4A',)
[32;01mCopy number best structures:[39;49;00m
[32;01m  (1) 1x*1-like[39;49;00m
== Refiner ==
Refining ('4A',)
M  CN constraint for 4A: 1 == <gurobi.LinExpr: 4AW + 4B + 4BW + 4A>
M  Contraint for 42525131:SNP.CG 6.3e: 357 == <gurobi.QuadExpr: 0.0 + [ 363.0 REG_4AW_42525131:SNP.CG * 4AW + 363.0 EXT_4B_42525131:SNP.CG * 4B + 363.0 EXT_4BW_42525131:SNP.CG * 4BW + 363.0 REG_4A_42525131:SNP.CG * 4A ]> + err
M  Contraint for 42526048:SNP.GC 6.1i: 301 == <gurobi.QuadExpr: 0.0 + [ 452.0 REG_4AW_42526048:SNP.GC * 4AW + 452.0 EXT_4B_42526048:SNP.GC * 4B + 452.0 REG_4BW_42526048:SNP.GC * 4BW + 452.0 EXT_4A_42526048:SNP.GC * 4A ]> + err
M  Contraint for 42527792:SNP.CT 6.0i: 186 == <gurobi.QuadExpr: 0.0 + [ 191.0 REG_4AW_42527792:SNP.CT * 4AW + 191.0 EXT_4B_42527792:SNP.CT * 4B + 191.0 REG_4BW_42527792:SNP.CT * 4BW + 191.0 EXT_4A_42527792:SNP.CT * 4A ]> + err
M  Contraint for 42523408:REF 6.7i: 4 == <gurobi.QuadExpr: 551.0 4AW + 551.0 4B + 551.0 4BW + 551.0 4A + [ -551.0 REG_4AW_42523408:SNP.TG * 4AW + -551.0 EXT_4B_42523408:SNP.TG * 4B + -551.0 REG_4BW_42523408:SNP.TG * 4BW + -551.0 EXT_4A_42523408:SNP.TG * 4A ]> + err
M  Contraint for 42525810:SNP.TC 6.2e: 73 == <gurobi.QuadExpr: 0.0 + [ 76.0 REG_4AW_42525810:SNP.TC * 4AW + 76.0 REG_4B_42525810:SNP.TC * 4B + 76.0 REG_4BW_42525810:SNP.TC * 4BW + 76.0 REG_4A_42525810:SNP.TC * 4A ]> + err
M  Contraint for 42525820:SNP.GT 6.2e: 57 == <gurobi.QuadExpr: 0.0 + [ 57.0 REG_4AW_42525820:SNP.GT * 4AW + 57.0 REG_4B_42525820:SNP.GT * 4B + 57.0 REG_4BW_42525820:SNP.GT * 4BW + 57.0 REG_4A_42525820:SNP.GT * 4A ]> + err
M  Contraint for 42526483:SNP.CA 6.1i: 232 == <gurobi.QuadExpr: 0.0 + [ 234.0 REG_4AW_42526483:SNP.CA * 4AW + 234.0 EXT_4B_42526483:SNP.CA * 4B + 234.0 REG_4BW_42526483:SNP.CA * 4BW + 234.0 EXT_4A_42526483:SNP.CA * 4A ]> + err
M  Contraint for 42526483:REF 6.1i: 2 == <gurobi.QuadExpr: 234.0 4AW + 234.0 4B + 234.0 4BW + 234.0 4A + [ -234.0 REG_4AW_42526483:SNP.CA * 4AW + -234.0 EXT_4B_42526483:SNP.CA * 4B + -234.0 REG_4BW_42526483:SNP.CA * 4BW + -234.0 EXT_4A_42526483:SNP.CA * 4A ]> + err
M  Contraint for 42522612:SNP.CG 6.9e: 277 == <gurobi.QuadExpr: 0.0 + [ 281.0 REG_4AW_42522612:SNP.CG * 4AW + 281.0 REG_4B_42522612:SNP.CG * 4B + 281.0 REG_4BW_42522612:SNP.CG * 4BW + 281.0 REG_4A_42522612:SNP.CG * 4A ]> + err
M  Contraint for 42523210:REF 6.7i: 8 == <gurobi.QuadExpr: 256.0 4AW + 256.0 4B + 256.0 4BW + 256.0 4A + [ -256.0 REG_4AW_42523210:SNP.TC * 4AW + -256.0 EXT_4B_42523210:SNP.TC * 4B + -256.0 REG_4BW_42523210:SNP.TC * 4BW + -256.0 EXT_4A_42523210:SNP.TC * 4A ]> + err
M  Contraint for 42523210:SNP.TC 6.7i: 248 == <gurobi.QuadExpr: 0.0 + [ 256.0 REG_4AW_42523210:SNP.TC * 4AW + 256.0 EXT_4B_42523210:SNP.TC * 4B + 256.0 REG_4BW_42523210:SNP.TC * 4BW + 256.0 EXT_4A_42523210:SNP.TC * 4A ]> + err
M  Contraint for 42527792:REF 6.0i: 5 == <gurobi.QuadExpr: 191.0 4AW + 191.0 4B + 191.0 4BW + 191.0 4A + [ -191.0 REG_4AW_42527792:SNP.CT * 4AW + -191.0 EXT_4B_42527792:SNP.CT * 4B + -191.0 REG_4BW_42527792:SNP.CT * 4BW + -191.0 EXT_4A_42527792:SNP.CT * 4A ]> + err
M  Contraint for 42528027:SNP.TC 6.0i: 7 == <gurobi.QuadExpr: 0.0 + [ 7.0 REG_4AW_42528027:SNP.TC * 4AW + 7.0 EXT_4B_42528027:SNP.TC * 4B + 7.0 REG_4BW_42528027:SNP.TC * 4BW + 7.0 EXT_4A_42528027:SNP.TC * 4A ]> + err
M  Contraint for 42525810:REF 6.2e: 3 == <gurobi.QuadExpr: 76.0 4AW + 76.0 4B + 76.0 4BW + 76.0 4A + [ -76.0 REG_4AW_42525810:SNP.TC * 4AW + -76.0 REG_4B_42525810:SNP.TC * 4B + -76.0 REG_4BW_42525810:SNP.TC * 4BW + -76.0 REG_4A_42525810:SNP.TC * 4A ]> + err
M  Contraint for 42526693:SNP.GA 6.1e: 311 == <gurobi.QuadExpr: 0.0 + [ 330.0 REG_4AW_42526693:SNP.GA * 4AW + 330.0 REG_4B_42526693:SNP.GA * 4B + 330.0 REG_4BW_42526693:SNP.GA * 4BW + 330.0 REG_4A_42526693:SNP.GA * 4A ]> + err
M  Contraint for 42526693:REF 6.1e: 19 == <gurobi.QuadExpr: 330.0 4AW + 330.0 4B + 330.0 4BW + 330.0 4A + [ -330.0 REG_4AW_42526693:SNP.GA * 4AW + -330.0 REG_4B_42526693:SNP.GA * 4B + -330.0 REG_4BW_42526693:SNP.GA * 4BW + -330.0 REG_4A_42526693:SNP.GA * 4A ]> + err
M  Contraint for 42528027:REF 6.0i: 0 == <gurobi.QuadExpr: 7.0 4AW + 7.0 4B + 7.0 4BW + 7.0 4A + [ -7.0 REG_4AW_42528027:SNP.TC * 4AW + -7.0 EXT_4B_42528027:SNP.TC * 4B + -7.0 REG_4BW_42528027:SNP.TC * 4BW + -7.0 EXT_4A_42528027:SNP.TC * 4A ]> + err
M  Contraint for 42525951:REF 6.1i: 132 == <gurobi.QuadExpr: 403.0 4AW + 403.0 4B + 403.0 4BW + 403.0 4A + [ -403.0 REG_4AW_42525951:SNP.AC * 4AW + -403.0 EXT_4B_42525951:SNP.AC * 4B + -403.0 REG_4BW_42525951:SNP.AC * 4BW + -403.0 EXT_4A_42525951:SNP.AC * 4A ]> + err
M  Contraint for 42524695:SNP.TC 6.4i: 306 == <gurobi.QuadExpr: 0.0 + [ 400.0 REG_4AW_42524695:SNP.TC * 4AW + 400.0 EXT_4B_42524695:SNP.TC * 4B + 400.0 REG_4BW_42524695:SNP.TC * 4BW + 400.0 EXT_4A_42524695:SNP.TC * 4A ]> + err
M  Contraint for 42525951:SNP.AC 6.1i: 271 == <gurobi.QuadExpr: 0.0 + [ 403.0 REG_4AW_42525951:SNP.AC * 4AW + 403.0 EXT_4B_42525951:SNP.AC * 4B + 403.0 REG_4BW_42525951:SNP.AC * 4BW + 403.0 EXT_4A_42525951:SNP.AC * 4A ]> + err
M  Contraint for 42525820:REF 6.2e: 0 == <gurobi.QuadExpr: 57.0 4AW + 57.0 4B + 57.0 4BW + 57.0 4A + [ -57.0 REG_4AW_42525820:SNP.GT * 4AW + -57.0 REG_4B_42525820:SNP.GT * 4B + -57.0 REG_4BW_42525820:SNP.GT * 4BW + -57.0 REG_4A_42525820:SNP.GT * 4A ]> + err
M  Contraint for 42525131:REF 6.3e: 6 == <gurobi.QuadExpr: 363.0 4AW + 363.0 4B + 363.0 4BW + 363.0 4A + [ -363.0 REG_4AW_42525131:SNP.CG * 4AW + -363.0 EXT_4B_42525131:SNP.CG * 4B + -363.0 EXT_4BW_42525131:SNP.CG * 4BW + -363.0 REG_4A_42525131:SNP.CG * 4A ]> + err
M  Contraint for 42522612:REF 6.9e: 4 == <gurobi.QuadExpr: 281.0 4AW + 281.0 4B + 281.0 4BW + 281.0 4A + [ -281.0 REG_4AW_42522612:SNP.CG * 4AW + -281.0 REG_4B_42522612:SNP.CG * 4B + -281.0 REG_4BW_42522612:SNP.CG * 4BW + -281.0 REG_4A_42522612:SNP.CG * 4A ]> + err
M  Contraint for 42524946:REF 6.3i: 86 == <gurobi.QuadExpr: 377.0 4AW + 377.0 4B + 377.0 4BW + 377.0 4A + [ -377.0 REG_4AW_42524946:SNP.CT * 4AW + -377.0 REG_4B_42524946:SNP.CT * 4B + -377.0 REG_4BW_42524946:SNP.CT * 4BW + -377.0 REG_4A_42524946:SNP.CT * 4A ]> + err
M  Contraint for 42522391:SNP.GA 6.ins: 212 == <gurobi.QuadExpr: 0.0 + [ 219.0 REG_4AW_42522391:SNP.GA * 4AW + 219.0 EXT_4B_42522391:SNP.GA * 4B + 219.0 REG_4BW_42522391:SNP.GA * 4BW + 219.0 EXT_4A_42522391:SNP.GA * 4A ]> + err
M  Contraint for 42525797:REF 6.2e: 5 == <gurobi.QuadExpr: 111.0 4AW + 111.0 4B + 111.0 4BW + 111.0 4A + [ -111.0 REG_4AW_42525797:SNP.GC * 4AW + -111.0 REG_4B_42525797:SNP.GC * 4B + -111.0 REG_4BW_42525797:SNP.GC * 4BW + -111.0 REG_4A_42525797:SNP.GC * 4A ]> + err
M  Contraint for 42524946:SNP.CT 6.3i: 291 == <gurobi.QuadExpr: 0.0 + [ 377.0 REG_4AW_42524946:SNP.CT * 4AW + 377.0 REG_4B_42524946:SNP.CT * 4B + 377.0 REG_4BW_42524946:SNP.CT * 4BW + 377.0 REG_4A_42524946:SNP.CT * 4A ]> + err
M  Contraint for 42524695:REF 6.4i: 94 == <gurobi.QuadExpr: 400.0 4AW + 400.0 4B + 400.0 4BW + 400.0 4A + [ -400.0 REG_4AW_42524695:SNP.TC * 4AW + -400.0 EXT_4B_42524695:SNP.TC * 4B + -400.0 REG_4BW_42524695:SNP.TC * 4BW + -400.0 EXT_4A_42524695:SNP.TC * 4A ]> + err
M  Contraint for 42525797:SNP.GC 6.2e: 106 == <gurobi.QuadExpr: 0.0 + [ 111.0 REG_4AW_42525797:SNP.GC * 4AW + 111.0 REG_4B_42525797:SNP.GC * 4B + 111.0 REG_4BW_42525797:SNP.GC * 4BW + 111.0 REG_4A_42525797:SNP.GC * 4A ]> + err
M  Contraint for 42523408:SNP.TG 6.7i: 547 == <gurobi.QuadExpr: 0.0 + [ 551.0 REG_4AW_42523408:SNP.TG * 4AW + 551.0 EXT_4B_42523408:SNP.TG * 4B + 551.0 REG_4BW_42523408:SNP.TG * 4BW + 551.0 EXT_4A_42523408:SNP.TG * 4A ]> + err
M  Contraint for 42522391:REF 6.ins: 7 == <gurobi.QuadExpr: 219.0 4AW + 219.0 4B + 219.0 4BW + 219.0 4A + [ -219.0 REG_4AW_42522391:SNP.GA * 4AW + -219.0 EXT_4B_42522391:SNP.GA * 4B + -219.0 REG_4BW_42522391:SNP.GA * 4BW + -219.0 EXT_4A_42522391:SNP.GA * 4A ]> + err
M  Contraint for 42526048:REF 6.1i: 151 == <gurobi.QuadExpr: 452.0 4AW + 452.0 4B + 452.0 4BW + 452.0 4A + [ -452.0 REG_4AW_42526048:SNP.GC * 4AW + -452.0 EXT_4B_42526048:SNP.GC * 4B + -452.0 REG_4BW_42526048:SNP.GC * 4BW + -452.0 EXT_4A_42526048:SNP.GC * 4A ]> + err
M  Contraint for MM[missing] 4AW 42525131:SNP.CG: <gurobi.Var 4AW> >= <gurobi.Var REG_4AW_42525131:SNP.CG>
M  Contraint for MM[missing] 4AW 42524695:SNP.TC: <gurobi.Var 4AW> >= <gurobi.Var REG_4AW_42524695:SNP.TC>
M  Contraint for MM[missing] 4AW 42524946:SNP.CT: <gurobi.Var 4AW> >= <gurobi.Var REG_4AW_42524946:SNP.CT>
M  Contraint for MM[missing] 4AW 42526048:SNP.GC: <gurobi.Var 4AW> >= <gurobi.Var REG_4AW_42526048:SNP.GC>
M  Contraint for MM[missing] 4AW 42525951:SNP.AC: <gurobi.Var 4AW> >= <gurobi.Var REG_4AW_42525951:SNP.AC>
M  Contraint for MM[missing] 4AW 42525797:SNP.GC: <gurobi.Var 4AW> >= <gurobi.Var REG_4AW_42525797:SNP.GC>
M  Contraint for MM[missing] 4AW 42527792:SNP.CT: <gurobi.Var 4AW> >= <gurobi.Var REG_4AW_42527792:SNP.CT>
M  Contraint for MM[missing] 4AW 42528027:SNP.TC: <gurobi.Var 4AW> >= <gurobi.Var REG_4AW_42528027:SNP.TC>
M  Contraint for MM[missing] 4AW 42525810:SNP.TC: <gurobi.Var 4AW> >= <gurobi.Var REG_4AW_42525810:SNP.TC>
M  Contraint for MM[missing] 4AW 42523408:SNP.TG: <gurobi.Var 4AW> >= <gurobi.Var REG_4AW_42523408:SNP.TG>
M  Contraint for MM[missing] 4AW 42525820:SNP.GT: <gurobi.Var 4AW> >= <gurobi.Var REG_4AW_42525820:SNP.GT>
M  Contraint for MM[missing] 4AW 42522391:SNP.GA: <gurobi.Var 4AW> >= <gurobi.Var REG_4AW_42522391:SNP.GA>
M  Contraint for MM[missing] 4AW 42526693:SNP.GA: <gurobi.Var 4AW> >= <gurobi.Var REG_4AW_42526693:SNP.GA>
M  Contraint for MM[missing] 4AW 42526483:SNP.CA: <gurobi.Var 4AW> >= <gurobi.Var REG_4AW_42526483:SNP.CA>
M  Contraint for MM[missing] 4AW 42522612:SNP.CG: <gurobi.Var 4AW> >= <gurobi.Var REG_4AW_42522612:SNP.CG>
M  Contraint for MM[missing] 4AW 42523210:SNP.TC: <gurobi.Var 4AW> >= <gurobi.Var REG_4AW_42523210:SNP.TC>
M  Contraint for MM[missing] 4B 42524946:SNP.CT: <gurobi.Var 4B> >= <gurobi.Var REG_4B_42524946:SNP.CT>
M  Contraint for MM[missing] 4B 42525797:SNP.GC: <gurobi.Var 4B> >= <gurobi.Var REG_4B_42525797:SNP.GC>
M  Contraint for MM[missing] 4B 42525810:SNP.TC: <gurobi.Var 4B> >= <gurobi.Var REG_4B_42525810:SNP.TC>
M  Contraint for MM[missing] 4B 42525820:SNP.GT: <gurobi.Var 4B> >= <gurobi.Var REG_4B_42525820:SNP.GT>
M  Contraint for MM[missing] 4B 42526693:SNP.GA: <gurobi.Var 4B> >= <gurobi.Var REG_4B_42526693:SNP.GA>
M  Contraint for MM[missing] 4B 42522612:SNP.CG: <gurobi.Var 4B> >= <gurobi.Var REG_4B_42522612:SNP.CG>
M  Contraint for MM[missing] 4BW 42524695:SNP.TC: <gurobi.Var 4BW> >= <gurobi.Var REG_4BW_42524695:SNP.TC>
M  Contraint for MM[missing] 4BW 42524946:SNP.CT: <gurobi.Var 4BW> >= <gurobi.Var REG_4BW_42524946:SNP.CT>
M  Contraint for MM[missing] 4BW 42526048:SNP.GC: <gurobi.Var 4BW> >= <gurobi.Var REG_4BW_42526048:SNP.GC>
M  Contraint for MM[missing] 4BW 42525951:SNP.AC: <gurobi.Var 4BW> >= <gurobi.Var REG_4BW_42525951:SNP.AC>
M  Contraint for MM[missing] 4BW 42525797:SNP.GC: <gurobi.Var 4BW> >= <gurobi.Var REG_4BW_42525797:SNP.GC>
M  Contraint for MM[missing] 4BW 42527792:SNP.CT: <gurobi.Var 4BW> >= <gurobi.Var REG_4BW_42527792:SNP.CT>
M  Contraint for MM[missing] 4BW 42528027:SNP.TC: <gurobi.Var 4BW> >= <gurobi.Var REG_4BW_42528027:SNP.TC>
M  Contraint for MM[missing] 4BW 42525810:SNP.TC: <gurobi.Var 4BW> >= <gurobi.Var REG_4BW_42525810:SNP.TC>
M  Contraint for MM[missing] 4BW 42523408:SNP.TG: <gurobi.Var 4BW> >= <gurobi.Var REG_4BW_42523408:SNP.TG>
M  Contraint for MM[missing] 4BW 42525820:SNP.GT: <gurobi.Var 4BW> >= <gurobi.Var REG_4BW_42525820:SNP.GT>
M  Contraint for MM[missing] 4BW 42522391:SNP.GA: <gurobi.Var 4BW> >= <gurobi.Var REG_4BW_42522391:SNP.GA>
M  Contraint for MM[missing] 4BW 42526693:SNP.GA: <gurobi.Var 4BW> >= <gurobi.Var REG_4BW_42526693:SNP.GA>
M  Contraint for MM[missing] 4BW 42526483:SNP.CA: <gurobi.Var 4BW> >= <gurobi.Var REG_4BW_42526483:SNP.CA>
M  Contraint for MM[missing] 4BW 42522612:SNP.CG: <gurobi.Var 4BW> >= <gurobi.Var REG_4BW_42522612:SNP.CG>
M  Contraint for MM[missing] 4BW 42523210:SNP.TC: <gurobi.Var 4BW> >= <gurobi.Var REG_4BW_42523210:SNP.TC>
M  Contraint for MM[missing] 4A 42525131:SNP.CG: <gurobi.Var 4A> >= <gurobi.Var REG_4A_42525131:SNP.CG>
M  Contraint for MM[missing] 4A 42524946:SNP.CT: <gurobi.Var 4A> >= <gurobi.Var REG_4A_42524946:SNP.CT>
M  Contraint for MM[missing] 4A 42525797:SNP.GC: <gurobi.Var 4A> >= <gurobi.Var REG_4A_42525797:SNP.GC>
M  Contraint for MM[missing] 4A 42525810:SNP.TC: <gurobi.Var 4A> >= <gurobi.Var REG_4A_42525810:SNP.TC>
M  Contraint for MM[missing] 4A 42525820:SNP.GT: <gurobi.Var 4A> >= <gurobi.Var REG_4A_42525820:SNP.GT>
M  Contraint for MM[missing] 4A 42526693:SNP.GA: <gurobi.Var 4A> >= <gurobi.Var REG_4A_42526693:SNP.GA>
M  Contraint for MM[missing] 4A 42522612:SNP.CG: <gurobi.Var 4A> >= <gurobi.Var REG_4A_42522612:SNP.CG>
M  Contraint for MA[extra] 4B 42525131:SNP.CG: <gurobi.Var 4B> >= <gurobi.Var EXT_4B_42525131:SNP.CG>
M  Contraint for MA[extra] 4B 42524695:SNP.TC: <gurobi.Var 4B> >= <gurobi.Var EXT_4B_42524695:SNP.TC>
M  Contraint for MA[extra] 4B 42526048:SNP.GC: <gurobi.Var 4B> >= <gurobi.Var EXT_4B_42526048:SNP.GC>
M  Contraint for MA[extra] 4B 42525951:SNP.AC: <gurobi.Var 4B> >= <gurobi.Var EXT_4B_42525951:SNP.AC>
M  Contraint for MA[extra] 4B 42523408:SNP.TG: <gurobi.Var 4B> >= <gurobi.Var EXT_4B_42523408:SNP.TG>
M  Contraint for MA[extra] 4B 42527792:SNP.CT: <gurobi.Var 4B> >= <gurobi.Var EXT_4B_42527792:SNP.CT>
M  Contraint for MA[extra] 4B 42528027:SNP.TC: <gurobi.Var 4B> >= <gurobi.Var EXT_4B_42528027:SNP.TC>
M  Contraint for MA[extra] 4B 42522391:SNP.GA: <gurobi.Var 4B> >= <gurobi.Var EXT_4B_42522391:SNP.GA>
M  Contraint for MA[extra] 4B 42526483:SNP.CA: <gurobi.Var 4B> >= <gurobi.Var EXT_4B_42526483:SNP.CA>
M  Contraint for MA[extra] 4B 42523210:SNP.TC: <gurobi.Var 4B> >= <gurobi.Var EXT_4B_42523210:SNP.TC>
M  Contraint for MA[extra] 4BW 42525131:SNP.CG: <gurobi.Var 4BW> >= <gurobi.Var EXT_4BW_42525131:SNP.CG>
M  Contraint for MA[extra] 4A 42524695:SNP.TC: <gurobi.Var 4A> >= <gurobi.Var EXT_4A_42524695:SNP.TC>
M  Contraint for MA[extra] 4A 42526048:SNP.GC: <gurobi.Var 4A> >= <gurobi.Var EXT_4A_42526048:SNP.GC>
M  Contraint for MA[extra] 4A 42525951:SNP.AC: <gurobi.Var 4A> >= <gurobi.Var EXT_4A_42525951:SNP.AC>
M  Contraint for MA[extra] 4A 42523408:SNP.TG: <gurobi.Var 4A> >= <gurobi.Var EXT_4A_42523408:SNP.TG>
M  Contraint for MA[extra] 4A 42527792:SNP.CT: <gurobi.Var 4A> >= <gurobi.Var EXT_4A_42527792:SNP.CT>
M  Contraint for MA[extra] 4A 42528027:SNP.TC: <gurobi.Var 4A> >= <gurobi.Var EXT_4A_42528027:SNP.TC>
M  Contraint for MA[extra] 4A 42526483:SNP.CA: <gurobi.Var 4A> >= <gurobi.Var EXT_4A_42526483:SNP.CA>
M  Contraint for MA[extra] 4A 42522391:SNP.GA: <gurobi.Var 4A> >= <gurobi.Var EXT_4A_42522391:SNP.GA>
M  Contraint for MA[extra] 4A 42523210:SNP.TC: <gurobi.Var 4A> >= <gurobi.Var EXT_4A_42523210:SNP.TC>
M  Objective: <gurobi.LinExpr: C100 + C101 + C102 + C103 + C104 + C105 + C106 + C107 + C108 + C109 + C110 + C111 + C112 + C113 + C114 + C115 + C116 + C117 + C118 + C119 + C120 + C121 + C122 + C123 + C124 + C125 + C126 + C127 + C128 + C129 + C130 + C131 + EXT_4B_42525131:SNP.CG + EXT_4B_42524695:SNP.TC + EXT_4B_42526048:SNP.GC + EXT_4B_42525951:SNP.AC + EXT_4B_42523408:SNP.TG + EXT_4B_42527792:SNP.CT + EXT_4B_42528027:SNP.TC + EXT_4B_42522391:SNP.GA + EXT_4B_42526483:SNP.CA + EXT_4B_42523210:SNP.TC + EXT_4BW_42525131:SNP.CG + EXT_4A_42524695:SNP.TC + EXT_4A_42526048:SNP.GC + EXT_4A_42525951:SNP.AC + EXT_4A_42523408:SNP.TG + EXT_4A_42527792:SNP.CT + EXT_4A_42528027:SNP.TC + EXT_4A_42526483:SNP.CA + EXT_4A_42522391:SNP.GA + EXT_4A_42523210:SNP.TC + W>
M  Contraint for 4AW: <gurobi.LinExpr: REG_4AW_42526693:SNP.GA + REG_4AW_42525820:SNP.GT + REG_4AW_42525810:SNP.TC + REG_4AW_42524946:SNP.CT + REG_4AW_42522612:SNP.CG> = 5 * A_<gurobi.Var 4AW>
M  Contraint for 4B: <gurobi.LinExpr: REG_4B_42526693:SNP.GA + REG_4B_42525820:SNP.GT + REG_4B_42525810:SNP.TC + REG_4B_42524946:SNP.CT + REG_4B_42522612:SNP.CG> = 5 * A_<gurobi.Var 4B>
M  Contraint for 4BW: <gurobi.LinExpr: REG_4BW_42526693:SNP.GA + REG_4BW_42525820:SNP.GT + REG_4BW_42525810:SNP.TC + REG_4BW_42524946:SNP.CT + REG_4BW_42522612:SNP.CG> = 5 * A_<gurobi.Var 4BW>
M  Contraint for 4A: <gurobi.LinExpr: REG_4A_42526693:SNP.GA + REG_4A_42525820:SNP.GT + REG_4A_42525810:SNP.TC + REG_4A_42524946:SNP.CT + REG_4A_42522612:SNP.CG> = 5 * A_<gurobi.Var 4A>
M  Contraint for 42525131:SNP.CG: 1 <= <gurobi.QuadExpr: 0.0 + [ REG_4AW_42525131:SNP.CG * 4AW + REG_4A_42525131:SNP.CG * 4A + EXT_4B_42525131:SNP.CG * 4B + EXT_4BW_42525131:SNP.CG * 4BW ]> <= 1
M  Contraint for 42524695:SNP.TC: 1 <= <gurobi.QuadExpr: 0.0 + [ REG_4AW_42524695:SNP.TC * 4AW + REG_4BW_42524695:SNP.TC * 4BW + EXT_4B_42524695:SNP.TC * 4B + EXT_4A_42524695:SNP.TC * 4A ]> <= 1
M  Contraint for 42526048:SNP.GC: 1 <= <gurobi.QuadExpr: 0.0 + [ REG_4AW_42526048:SNP.GC * 4AW + REG_4BW_42526048:SNP.GC * 4BW + EXT_4B_42526048:SNP.GC * 4B + EXT_4A_42526048:SNP.GC * 4A ]> <= 1
M  Contraint for 42525951:SNP.AC: 1 <= <gurobi.QuadExpr: 0.0 + [ REG_4AW_42525951:SNP.AC * 4AW + REG_4BW_42525951:SNP.AC * 4BW + EXT_4B_42525951:SNP.AC * 4B + EXT_4A_42525951:SNP.AC * 4A ]> <= 1
M  Contraint for 42526693:SNP.GA: 1 <= <gurobi.QuadExpr: 0.0 + [ REG_4AW_42526693:SNP.GA * 4AW + REG_4B_42526693:SNP.GA * 4B + REG_4BW_42526693:SNP.GA * 4BW + REG_4A_42526693:SNP.GA * 4A ]> <= 1
M  Contraint for 42526693:SNP.GA: <gurobi.QuadExpr: 0.0 + [ REG_4AW_42526693:SNP.GA * 4AW + REG_4B_42526693:SNP.GA * 4B + REG_4BW_42526693:SNP.GA * 4BW + REG_4A_42526693:SNP.GA * 4A ]> <= 1
M  Contraint for 42527792:SNP.CT: 1 <= <gurobi.QuadExpr: 0.0 + [ REG_4AW_42527792:SNP.CT * 4AW + REG_4BW_42527792:SNP.CT * 4BW + EXT_4B_42527792:SNP.CT * 4B + EXT_4A_42527792:SNP.CT * 4A ]> <= 1
M  Contraint for 42525810:SNP.TC: 1 <= <gurobi.QuadExpr: 0.0 + [ REG_4AW_42525810:SNP.TC * 4AW + REG_4B_42525810:SNP.TC * 4B + REG_4BW_42525810:SNP.TC * 4BW + REG_4A_42525810:SNP.TC * 4A ]> <= 1
M  Contraint for 42525810:SNP.TC: <gurobi.QuadExpr: 0.0 + [ REG_4AW_42525810:SNP.TC * 4AW + REG_4B_42525810:SNP.TC * 4B + REG_4BW_42525810:SNP.TC * 4BW + REG_4A_42525810:SNP.TC * 4A ]> <= 1
M  Contraint for 42525820:SNP.GT: 1 <= <gurobi.QuadExpr: 0.0 + [ REG_4AW_42525820:SNP.GT * 4AW + REG_4B_42525820:SNP.GT * 4B + REG_4BW_42525820:SNP.GT * 4BW + REG_4A_42525820:SNP.GT * 4A ]> <= 2
M  Contraint for 42525820:SNP.GT: <gurobi.QuadExpr: 0.0 + [ REG_4AW_42525820:SNP.GT * 4AW + REG_4B_42525820:SNP.GT * 4B + REG_4BW_42525820:SNP.GT * 4BW + REG_4A_42525820:SNP.GT * 4A ]> <= 2
M  Contraint for 42526483:SNP.CA: 1 <= <gurobi.QuadExpr: 0.0 + [ REG_4AW_42526483:SNP.CA * 4AW + REG_4BW_42526483:SNP.CA * 4BW + EXT_4B_42526483:SNP.CA * 4B + EXT_4A_42526483:SNP.CA * 4A ]> <= 1
M  Contraint for 42522391:SNP.GA: 1 <= <gurobi.QuadExpr: 0.0 + [ REG_4AW_42522391:SNP.GA * 4AW + REG_4BW_42522391:SNP.GA * 4BW + EXT_4B_42522391:SNP.GA * 4B + EXT_4A_42522391:SNP.GA * 4A ]> <= 1
M  Contraint for 42522612:SNP.CG: 1 <= <gurobi.QuadExpr: 0.0 + [ REG_4AW_42522612:SNP.CG * 4AW + REG_4B_42522612:SNP.CG * 4B + REG_4BW_42522612:SNP.CG * 4BW + REG_4A_42522612:SNP.CG * 4A ]> <= 1
M  Contraint for 42522612:SNP.CG: <gurobi.QuadExpr: 0.0 + [ REG_4AW_42522612:SNP.CG * 4AW + REG_4B_42522612:SNP.CG * 4B + REG_4BW_42522612:SNP.CG * 4BW + REG_4A_42522612:SNP.CG * 4A ]> <= 1
M  Contraint for 42524946:SNP.CT: 1 <= <gurobi.QuadExpr: 0.0 + [ REG_4AW_42524946:SNP.CT * 4AW + REG_4B_42524946:SNP.CT * 4B + REG_4BW_42524946:SNP.CT * 4BW + REG_4A_42524946:SNP.CT * 4A ]> <= 1
M  Contraint for 42524946:SNP.CT: <gurobi.QuadExpr: 0.0 + [ REG_4AW_42524946:SNP.CT * 4AW + REG_4B_42524946:SNP.CT * 4B + REG_4BW_42524946:SNP.CT * 4BW + REG_4A_42524946:SNP.CT * 4A ]> <= 1
M  Contraint for 42523210:SNP.TC: 1 <= <gurobi.QuadExpr: 0.0 + [ REG_4AW_42523210:SNP.TC * 4AW + REG_4BW_42523210:SNP.TC * 4BW + EXT_4B_42523210:SNP.TC * 4B + EXT_4A_42523210:SNP.TC * 4A ]> <= 1
M  Contraint for 42528027:SNP.TC: 1 <= <gurobi.QuadExpr: 0.0 + [ REG_4AW_42528027:SNP.TC * 4AW + REG_4BW_42528027:SNP.TC * 4BW + EXT_4B_42528027:SNP.TC * 4B + EXT_4A_42528027:SNP.TC * 4A ]> <= 2
M  Contraint for 42525797:SNP.GC: 1 <= <gurobi.QuadExpr: 0.0 + [ REG_4AW_42525797:SNP.GC * 4AW + REG_4B_42525797:SNP.GC * 4B + REG_4BW_42525797:SNP.GC * 4BW + REG_4A_42525797:SNP.GC * 4A ]> <= 1
M  Contraint for 42523408:SNP.TG: 1 <= <gurobi.QuadExpr: 0.0 + [ REG_4AW_42523408:SNP.TG * 4AW + REG_4BW_42523408:SNP.TG * 4BW + EXT_4B_42523408:SNP.TG * 4B + EXT_4A_42523408:SNP.TG * 4A ]> <= 1
CN Solver status: optimal, opt: 1052.0
  4AW: 1
    6.3e 42525131:SNP.CG  357 ( 98 cp. 1) 
    6.4i 42524695:SNP.TC  306 ( 76 cp. 1) 
    6.3i 42524946:SNP.CT  291 ( 77 cp. 1) F
    6.1i 42526048:SNP.GC  301 ( 67 cp. 1) 
    6.1i 42525951:SNP.AC  271 ( 67 cp. 1) 
    6.2e 42525797:SNP.GC  106 ( 95 cp. 1) 
    6.0i 42527792:SNP.CT  186 ( 97 cp. 1) 
    6.0i 42528027:SNP.TC    7 (100 cp. 1) 
    6.2e 42525810:SNP.TC   73 ( 96 cp. 1) F
    6.7i 42523408:SNP.TG  547 ( 99 cp. 1) 
    6.2e 42525820:SNP.GT   57 (100 cp. 1) F
    6.ins 42522391:SNP.GA  212 ( 97 cp. 1) 
    6.1e 42526693:SNP.GA  311 ( 94 cp. 1) F
    6.1i 42526483:SNP.CA  232 ( 99 cp. 1) 
    6.9e 42522612:SNP.CG  277 ( 99 cp. 1) F
    6.7i 42523210:SNP.TC  248 ( 97 cp. 1) 
Missing:
  4AW: 1
Extra:
  4AW: 1
Time needed: (30.6)
Result is: [('4AW', '5')]
