SAM file: bams/PGXT170.bam
File bams/PGXT170.bam has index
Coverage is 218.009720478
== Allele Filter ==
 6.0i   99245372: SNP.CA                  175 ( 44%) ~     0 (  0)
 6.0i   99245913: SNP.GA     31611:C>T    621 (100%) ~     2 (  0)
 6.10i  99257834: SNP.TC                    4 ( 11%) ~     0 (  0)
 6.10i  99257836: SNP.CT                    3 (  7%) ~     0 (  0)
 6.10i  99257837: SNP.TC                    6 ( 13%) ~     0 (  0)
 6.10i  99257838: SNP.TC                    3 (  7%) ~     0 (  0)
 6.10i  99257839: SNP.TC                    4 (  9%) ~     0 (  0)
 6.10i  99257868: SNP.AT                    7 (  9%) ~     0 (  0)
 6.10i  99257869: SNP.CT                    6 (  7%) ~     0 (  0)
 6.9i   99260119: SNP.TA                    2 ( 40%) ~     0 (  0)
 6.9i   99260385: SNP.GC                   34 (  7%) ~     0 (  0)
 6.9i   99260401: SNP.TC                   47 (  8%) ~     0 (  0)
 6.7i   99262571: SNP.GA                   21 (100%) ~     0 (  0)
 6.5i   99264447: SNP.AC                  459 ( 53%) ~     0 (  0)
 6.4i   99264809: SNP.CA                    2 (  6%) ~     0 (  0)
 6.4i   99268740: DEL.TG                   36 ( 10%) ~     0 (  0)
 6.4i   99268740: DEL.TGTGTGTGTGTGTGTGTGTGTGTG               70 ( 20%) ~     0 (  0)
 6.4i   99268785: SNP.GA                   15 (  5%) ~     0 (  0)
 6.4i   99268787: SNP.AT                   15 (  5%) ~     0 (  0)
 6.4i   99268792: SNP.AG                   16 (  5%) ~     0 (  0)
 6.4i   99268886: SNP.TG                  102 ( 26%) ~     1 (  1)
 6.3i   99270538: SNP.TC     6986:A>G     610 (100%) ~     0 (  0)
 6.1i   99274531: SNP.TA                    2 ( 33%) ~     0 (  0)
Removing 2     6.11e 99250235:SNP.GT
Removing 3K    6.12e 99247771:SNP.AG
Removing 3J    6.12e 99247742:SNP.TC
Removing 3L    6.2e 99273744:SNP.TC
Removing 3B    6.2e 99273814:SNP.GA,  6.2e 99273810:INS.c
Removing 3G    6.5i 99264572:SNP.AG
Removing 3F    6.13e 99245973:SNP.AG
Removing 3D    6.4e 99270275:SNP.AC
Removing 4     6.7e 99262859:SNP.TC
Removing 5     6.5i 99264572:SNP.AG
Removing 6     6.7e 99262834:SNP.CT
Removing 7     6.11e 99250393:INS.a
Removing 8     6.2e 99273820:SNP.GA
Removing 9X    6.10e 99258138:SNP.CT
Removing 9     6.10e 99258138:SNP.CT
Initial status
  CYP2D6.1C
                   99277592:SNP.GA    0 (  0)   -74:C>T
  CYP2D6.1E
    6.9i           99260361:SNP.CA    0 (  0)   17163:G>T
  CYP2D6.1D
    6.0i           99245913:SNP.GA  621 (100)   31611:C>T
  CYP2D6.1
  CYP2D6.1B
                   99277604:SNP.CT    0 (  0)   -86:G>A
  CYP2D6.3H
    6.0i           99245913:SNP.GA  621 (100)   31611:C>T
    6.5i           99264416:SNP.AG    0 (  0)   13108:T>C
    6.3i           99270538:SNP.TC  610 (100) F 6986:A>G
  CYP2D6.3C
    6.3i           99270538:SNP.TC  610 (100) F 6986:A>G
  CYP2D6.3A
    6.0i           99245913:SNP.GA  621 (100)   31611:C>T
    6.3i           99270538:SNP.TC  610 (100) F 6986:A>G
  CYP2D6.3E
    6.0i           99245913:SNP.GA  621 (100)   31611:C>T
    6.10i          99250474:SNP.TC    0 (  0)   27050:A>G
    6.3i           99270538:SNP.TC  610 (100) F 6986:A>G
  CYP2D6.3I
    6.0i           99245913:SNP.GA  621 (100)   31611:C>T
    6.8i           99260621:SNP.TC    0 (  0)   16903:A>G
    6.3i           99270538:SNP.TC  610 (100) F 6986:A>G
== Copy Number Estimator ==
CNV factor: 1.61487943918 (0.619241273211)
Coverage per region
  region:  2D6  2D7
  0i   :  1.71
  1e   :  1.67
  1i   :  2.03
  2e   :  2.24
  2i   :  2.36
  3e   :  2.60
  3i   :  1.93
  4e   :  1.60
  4i   :  2.08
  5e   :  2.08
  5i   :  2.01
  6e   :  1.94
  6i   :  1.84
  7e   :  1.91
  7i   :  2.03
  8e   :  2.21
  8i   :  1.88
  9e   :  2.21
  9i   :  2.01
  10e  :  2.00
  10i  :  2.13
  11e  :  1.90
  11i  :  1.97
  12e  :  1.74
  12i  :  2.11
  13e  :  2.23
Max. CN = 3
M  Sentinel contraint for 1: A_1^ <= A_1
M  Contraint for 7e: 1.91243106174 == E_7e + <gurobi.LinExpr: A1 + A1^>
M  Contraint for 6e: 1.9355294936 == E_6e + <gurobi.LinExpr: A1 + A1^>
M  Contraint for 9e: 2.20951728875 == E_9e + <gurobi.LinExpr: A1 + A1^>
M  Contraint for 8e: 2.20764458242 == E_8e + <gurobi.LinExpr: A1 + A1^>
M  Contraint for 2e: 2.23967214543 == E_2e + <gurobi.LinExpr: A1 + A1^>
M  Contraint for 1e: 1.66555576872 == E_1e + <gurobi.LinExpr: A1 + A1^>
M  Contraint for 5e: 2.07538292269 == E_5e + <gurobi.LinExpr: A1 + A1^>
M  Contraint for 4e: 1.59982984192 == E_4e + <gurobi.LinExpr: A1 + A1^>
M  Contraint for 3e: 2.59800384501 == E_3e + <gurobi.LinExpr: A1 + A1^>
M  Objective: <gurobi.LinExpr: C11 + C12 + C13 + C14 + C15 + C16 + C17 + C18 + C19 + 0.5 A1 + 0.5 A1^>
CN Solver status: optimal, opt: 3.21687461831
  Solutions:
    ('1', '1^')
== Initial Solver ==
Solving Counter({'1': 2})
Possible candidates:
  CYP2D6.1
  CYP2D6.3A
    6.3i 99270538:SNP.TC  610 (100) F 6986:A>G
M  Max. CN for 1 = 2
M  Max. CN for 3A = 2
M  Contraint for 99270538:SNP.TC 6.3i: 610 == <gurobi.QuadExpr: 0.0 + [ 305.5 REG_3A_99270538:SNP.TC * 3A + 305.5 REG_3A_2_99270538:SNP.TC * 3A_2 ]> + err
M  Contraint for 99270538:REF 6.3i: 1 == <gurobi.QuadExpr: 305.5 1 + 305.5 3A + 305.5 3A_2 + 305.5 1_2 + [ -305.5 REG_3A_99270538:SNP.TC * 3A + -305.5 REG_3A_2_99270538:SNP.TC * 3A_2 ]> + err
M  Contraint for 3A 99270538:SNP.TC: <gurobi.Var 3A> >= <gurobi.Var REG_3A_99270538:SNP.TC>
M  Contraint for 3A_2 99270538:SNP.TC: <gurobi.Var 3A_2> >= <gurobi.Var REG_3A_2_99270538:SNP.TC>
M  CN contraint for 1: 2 == <gurobi.LinExpr: 1 + 3A + 3A_2 + 1_2>
M  Sentinel contraint for 1: A_1_2 <= A_1
M  Sentinel contraint for 3A: A_3A_2 <= A_3A
M  Objective: <gurobi.LinExpr: C9 + C10>
M  Contraint for 3A: A_3A * (<gurobi.LinExpr: REG_3A_99270538:SNP.TC> - 1) == 0
M  Contraint for 3A_2: A_3A_2 * (<gurobi.LinExpr: REG_3A_2_99270538:SNP.TC> - 1) == 0
M  Contraint for 99270538:SNP.TC: 1 <= <gurobi.QuadExpr: 0.0 + [ 3A * REG_3A_99270538:SNP.TC + 3A_2 * REG_3A_2_99270538:SNP.TC ]>
M  Contraint for 99270538:SNP.TC: 1 <= <gurobi.QuadExpr: 0.0 + [ 3A * REG_3A_99270538:SNP.TC + 3A_2 * REG_3A_2_99270538:SNP.TC ]>
CN Solver status: optimal, opt: 2.0
  solution:
    ('3A', '3A')
[32;01mCopy number best structures:[39;49;00m
[32;01m  (1) 2x*1-like[39;49;00m
== Refiner ==
Refining ('3A', '3A')
M  Sentinel constraint for 3I: A_3I_2 <= A_3I
M  Sentinel constraint for 3H: A_3H_2 <= A_3H
M  Sentinel constraint for 3C: A_3C_2 <= A_3C
M  Sentinel constraint for 3A: A_3A_2 <= A_3A
M  Sentinel constraint for 3E: A_3E_2 <= A_3E
M  CN constraint for 3A: 2 == <gurobi.LinExpr: 3H + 3C_2 + 3I + 3H_2 + 3A_2 + 3E_2 + 3C + 3A + 3I_2 + 3E>
M  Contraint for 99250474:SNP.TC 6.10i: 0 == <gurobi.QuadExpr: 0.0 + [ 218.5 EXT_3C_2_99250474:SNP.TC * 3C_2 + 218.5 EXT_3H_2_99250474:SNP.TC * 3H_2 + 218.5 EXT_3I_99250474:SNP.TC * 3I + 218.5 EXT_3H_99250474:SNP.TC * 3H + 218.5 EXT_3A_2_99250474:SNP.TC * 3A_2 + 218.5 REG_3E_2_99250474:SNP.TC * 3E_2 + 218.5 EXT_3C_99250474:SNP.TC * 3C + 218.5 EXT_3A_99250474:SNP.TC * 3A + 218.5 EXT_3I_2_99250474:SNP.TC * 3I_2 + 218.5 REG_3E_99250474:SNP.TC * 3E ]> + err
M  Contraint for 99260621:SNP.TC 6.8i: 0 == <gurobi.QuadExpr: 0.0 + [ 551.5 EXT_3C_2_99260621:SNP.TC * 3C_2 + 551.5 EXT_3H_2_99260621:SNP.TC * 3H_2 + 551.5 REG_3I_99260621:SNP.TC * 3I + 551.5 EXT_3H_99260621:SNP.TC * 3H + 551.5 EXT_3A_2_99260621:SNP.TC * 3A_2 + 551.5 EXT_3E_2_99260621:SNP.TC * 3E_2 + 551.5 EXT_3C_99260621:SNP.TC * 3C + 551.5 EXT_3A_99260621:SNP.TC * 3A + 551.5 REG_3I_2_99260621:SNP.TC * 3I_2 + 551.5 EXT_3E_99260621:SNP.TC * 3E ]> + err
M  Contraint for 99270538:REF 6.3i: 1 == <gurobi.QuadExpr: 305.5 3C_2 + 305.5 3H_2 + 305.5 3I + 305.5 3H + 305.5 3A_2 + 305.5 3E_2 + 305.5 3C + 305.5 3A + 305.5 3I_2 + 305.5 3E + [ -305.5 REG_3C_2_99270538:SNP.TC * 3C_2 + -305.5 REG_3H_2_99270538:SNP.TC * 3H_2 + -305.5 REG_3I_99270538:SNP.TC * 3I + -305.5 REG_3H_99270538:SNP.TC * 3H + -305.5 REG_3A_2_99270538:SNP.TC * 3A_2 + -305.5 REG_3E_2_99270538:SNP.TC * 3E_2 + -305.5 REG_3C_99270538:SNP.TC * 3C + -305.5 REG_3A_99270538:SNP.TC * 3A + -305.5 REG_3I_2_99270538:SNP.TC * 3I_2 + -305.5 REG_3E_99270538:SNP.TC * 3E ]> + err
M  Contraint for 99260621:REF 6.8i: 1103 == <gurobi.QuadExpr: 551.5 3C_2 + 551.5 3H_2 + 551.5 3I + 551.5 3H + 551.5 3A_2 + 551.5 3E_2 + 551.5 3C + 551.5 3A + 551.5 3I_2 + 551.5 3E + [ -551.5 EXT_3C_2_99260621:SNP.TC * 3C_2 + -551.5 EXT_3H_2_99260621:SNP.TC * 3H_2 + -551.5 REG_3I_99260621:SNP.TC * 3I + -551.5 EXT_3H_99260621:SNP.TC * 3H + -551.5 EXT_3A_2_99260621:SNP.TC * 3A_2 + -551.5 EXT_3E_2_99260621:SNP.TC * 3E_2 + -551.5 EXT_3C_99260621:SNP.TC * 3C + -551.5 EXT_3A_99260621:SNP.TC * 3A + -551.5 REG_3I_2_99260621:SNP.TC * 3I_2 + -551.5 EXT_3E_99260621:SNP.TC * 3E ]> + err
M  Contraint for 99245913:SNP.GA 6.0i: 621 == <gurobi.QuadExpr: 0.0 + [ 311.5 EXT_3C_2_99245913:SNP.GA * 3C_2 + 311.5 REG_3H_2_99245913:SNP.GA * 3H_2 + 311.5 REG_3I_99245913:SNP.GA * 3I + 311.5 REG_3H_99245913:SNP.GA * 3H + 311.5 REG_3A_2_99245913:SNP.GA * 3A_2 + 311.5 REG_3E_2_99245913:SNP.GA * 3E_2 + 311.5 EXT_3C_99245913:SNP.GA * 3C + 311.5 REG_3A_99245913:SNP.GA * 3A + 311.5 REG_3I_2_99245913:SNP.GA * 3I_2 + 311.5 REG_3E_99245913:SNP.GA * 3E ]> + err
M  Contraint for 99264416:SNP.AG 6.5i: 0 == <gurobi.QuadExpr: 0.0 + [ 435.0 EXT_3C_2_99264416:SNP.AG * 3C_2 + 435.0 REG_3H_2_99264416:SNP.AG * 3H_2 + 435.0 EXT_3I_99264416:SNP.AG * 3I + 435.0 REG_3H_99264416:SNP.AG * 3H + 435.0 EXT_3A_2_99264416:SNP.AG * 3A_2 + 435.0 EXT_3E_2_99264416:SNP.AG * 3E_2 + 435.0 EXT_3C_99264416:SNP.AG * 3C + 435.0 EXT_3A_99264416:SNP.AG * 3A + 435.0 EXT_3I_2_99264416:SNP.AG * 3I_2 + 435.0 EXT_3E_99264416:SNP.AG * 3E ]> + err
M  Contraint for 99270538:SNP.TC 6.3i: 610 == <gurobi.QuadExpr: 0.0 + [ 305.5 REG_3C_2_99270538:SNP.TC * 3C_2 + 305.5 REG_3H_2_99270538:SNP.TC * 3H_2 + 305.5 REG_3I_99270538:SNP.TC * 3I + 305.5 REG_3H_99270538:SNP.TC * 3H + 305.5 REG_3A_2_99270538:SNP.TC * 3A_2 + 305.5 REG_3E_2_99270538:SNP.TC * 3E_2 + 305.5 REG_3C_99270538:SNP.TC * 3C + 305.5 REG_3A_99270538:SNP.TC * 3A + 305.5 REG_3I_2_99270538:SNP.TC * 3I_2 + 305.5 REG_3E_99270538:SNP.TC * 3E ]> + err
M  Contraint for 99250474:REF 6.10i: 437 == <gurobi.QuadExpr: 218.5 3C_2 + 218.5 3H_2 + 218.5 3I + 218.5 3H + 218.5 3A_2 + 218.5 3E_2 + 218.5 3C + 218.5 3A + 218.5 3I_2 + 218.5 3E + [ -218.5 EXT_3C_2_99250474:SNP.TC * 3C_2 + -218.5 EXT_3H_2_99250474:SNP.TC * 3H_2 + -218.5 EXT_3I_99250474:SNP.TC * 3I + -218.5 EXT_3H_99250474:SNP.TC * 3H + -218.5 EXT_3A_2_99250474:SNP.TC * 3A_2 + -218.5 REG_3E_2_99250474:SNP.TC * 3E_2 + -218.5 EXT_3C_99250474:SNP.TC * 3C + -218.5 EXT_3A_99250474:SNP.TC * 3A + -218.5 EXT_3I_2_99250474:SNP.TC * 3I_2 + -218.5 REG_3E_99250474:SNP.TC * 3E ]> + err
M  Contraint for 99245913:REF 6.0i: 2 == <gurobi.QuadExpr: 311.5 3C_2 + 311.5 3H_2 + 311.5 3I + 311.5 3H + 311.5 3A_2 + 311.5 3E_2 + 311.5 3C + 311.5 3A + 311.5 3I_2 + 311.5 3E + [ -311.5 EXT_3C_2_99245913:SNP.GA * 3C_2 + -311.5 REG_3H_2_99245913:SNP.GA * 3H_2 + -311.5 REG_3I_99245913:SNP.GA * 3I + -311.5 REG_3H_99245913:SNP.GA * 3H + -311.5 REG_3A_2_99245913:SNP.GA * 3A_2 + -311.5 REG_3E_2_99245913:SNP.GA * 3E_2 + -311.5 EXT_3C_99245913:SNP.GA * 3C + -311.5 REG_3A_99245913:SNP.GA * 3A + -311.5 REG_3I_2_99245913:SNP.GA * 3I_2 + -311.5 REG_3E_99245913:SNP.GA * 3E ]> + err
M  Contraint for 99264416:REF 6.5i: 870 == <gurobi.QuadExpr: 435.0 3C_2 + 435.0 3H_2 + 435.0 3I + 435.0 3H + 435.0 3A_2 + 435.0 3E_2 + 435.0 3C + 435.0 3A + 435.0 3I_2 + 435.0 3E + [ -435.0 EXT_3C_2_99264416:SNP.AG * 3C_2 + -435.0 REG_3H_2_99264416:SNP.AG * 3H_2 + -435.0 EXT_3I_99264416:SNP.AG * 3I + -435.0 REG_3H_99264416:SNP.AG * 3H + -435.0 EXT_3A_2_99264416:SNP.AG * 3A_2 + -435.0 EXT_3E_2_99264416:SNP.AG * 3E_2 + -435.0 EXT_3C_99264416:SNP.AG * 3C + -435.0 EXT_3A_99264416:SNP.AG * 3A + -435.0 EXT_3I_2_99264416:SNP.AG * 3I_2 + -435.0 EXT_3E_99264416:SNP.AG * 3E ]> + err
M  Contraint for MM[missing] 3H 99270538:SNP.TC: <gurobi.Var 3H> >= <gurobi.Var REG_3H_99270538:SNP.TC>
M  Contraint for MM[missing] 3H 99245913:SNP.GA: <gurobi.Var 3H> >= <gurobi.Var REG_3H_99245913:SNP.GA>
M  Contraint for MM[missing] 3H 99264416:SNP.AG: <gurobi.Var 3H> >= <gurobi.Var REG_3H_99264416:SNP.AG>
M  Contraint for MM[missing] 3C_2 99270538:SNP.TC: <gurobi.Var 3C_2> >= <gurobi.Var REG_3C_2_99270538:SNP.TC>
M  Contraint for MM[missing] 3I 99270538:SNP.TC: <gurobi.Var 3I> >= <gurobi.Var REG_3I_99270538:SNP.TC>
M  Contraint for MM[missing] 3I 99245913:SNP.GA: <gurobi.Var 3I> >= <gurobi.Var REG_3I_99245913:SNP.GA>
M  Contraint for MM[missing] 3I 99260621:SNP.TC: <gurobi.Var 3I> >= <gurobi.Var REG_3I_99260621:SNP.TC>
M  Contraint for MM[missing] 3H_2 99270538:SNP.TC: <gurobi.Var 3H_2> >= <gurobi.Var REG_3H_2_99270538:SNP.TC>
M  Contraint for MM[missing] 3H_2 99245913:SNP.GA: <gurobi.Var 3H_2> >= <gurobi.Var REG_3H_2_99245913:SNP.GA>
M  Contraint for MM[missing] 3H_2 99264416:SNP.AG: <gurobi.Var 3H_2> >= <gurobi.Var REG_3H_2_99264416:SNP.AG>
M  Contraint for MM[missing] 3A_2 99270538:SNP.TC: <gurobi.Var 3A_2> >= <gurobi.Var REG_3A_2_99270538:SNP.TC>
M  Contraint for MM[missing] 3A_2 99245913:SNP.GA: <gurobi.Var 3A_2> >= <gurobi.Var REG_3A_2_99245913:SNP.GA>
M  Contraint for MM[missing] 3E_2 99270538:SNP.TC: <gurobi.Var 3E_2> >= <gurobi.Var REG_3E_2_99270538:SNP.TC>
M  Contraint for MM[missing] 3E_2 99245913:SNP.GA: <gurobi.Var 3E_2> >= <gurobi.Var REG_3E_2_99245913:SNP.GA>
M  Contraint for MM[missing] 3E_2 99250474:SNP.TC: <gurobi.Var 3E_2> >= <gurobi.Var REG_3E_2_99250474:SNP.TC>
M  Contraint for MM[missing] 3C 99270538:SNP.TC: <gurobi.Var 3C> >= <gurobi.Var REG_3C_99270538:SNP.TC>
M  Contraint for MM[missing] 3A 99270538:SNP.TC: <gurobi.Var 3A> >= <gurobi.Var REG_3A_99270538:SNP.TC>
M  Contraint for MM[missing] 3A 99245913:SNP.GA: <gurobi.Var 3A> >= <gurobi.Var REG_3A_99245913:SNP.GA>
M  Contraint for MM[missing] 3I_2 99270538:SNP.TC: <gurobi.Var 3I_2> >= <gurobi.Var REG_3I_2_99270538:SNP.TC>
M  Contraint for MM[missing] 3I_2 99245913:SNP.GA: <gurobi.Var 3I_2> >= <gurobi.Var REG_3I_2_99245913:SNP.GA>
M  Contraint for MM[missing] 3I_2 99260621:SNP.TC: <gurobi.Var 3I_2> >= <gurobi.Var REG_3I_2_99260621:SNP.TC>
M  Contraint for MM[missing] 3E 99270538:SNP.TC: <gurobi.Var 3E> >= <gurobi.Var REG_3E_99270538:SNP.TC>
M  Contraint for MM[missing] 3E 99245913:SNP.GA: <gurobi.Var 3E> >= <gurobi.Var REG_3E_99245913:SNP.GA>
M  Contraint for MM[missing] 3E 99250474:SNP.TC: <gurobi.Var 3E> >= <gurobi.Var REG_3E_99250474:SNP.TC>
M  Contraint for MA[extra] 3H 99250474:SNP.TC: <gurobi.Var 3H> >= <gurobi.Var EXT_3H_99250474:SNP.TC>
M  Contraint for MA[extra] 3H 99260621:SNP.TC: <gurobi.Var 3H> >= <gurobi.Var EXT_3H_99260621:SNP.TC>
M  Contraint for MA[extra] 3C_2 99250474:SNP.TC: <gurobi.Var 3C_2> >= <gurobi.Var EXT_3C_2_99250474:SNP.TC>
M  Contraint for MA[extra] 3C_2 99245913:SNP.GA: <gurobi.Var 3C_2> >= <gurobi.Var EXT_3C_2_99245913:SNP.GA>
M  Contraint for MA[extra] 3C_2 99264416:SNP.AG: <gurobi.Var 3C_2> >= <gurobi.Var EXT_3C_2_99264416:SNP.AG>
M  Contraint for MA[extra] 3C_2 99260621:SNP.TC: <gurobi.Var 3C_2> >= <gurobi.Var EXT_3C_2_99260621:SNP.TC>
M  Contraint for MA[extra] 3I 99250474:SNP.TC: <gurobi.Var 3I> >= <gurobi.Var EXT_3I_99250474:SNP.TC>
M  Contraint for MA[extra] 3I 99264416:SNP.AG: <gurobi.Var 3I> >= <gurobi.Var EXT_3I_99264416:SNP.AG>
M  Contraint for MA[extra] 3H_2 99250474:SNP.TC: <gurobi.Var 3H_2> >= <gurobi.Var EXT_3H_2_99250474:SNP.TC>
M  Contraint for MA[extra] 3H_2 99260621:SNP.TC: <gurobi.Var 3H_2> >= <gurobi.Var EXT_3H_2_99260621:SNP.TC>
M  Contraint for MA[extra] 3A_2 99250474:SNP.TC: <gurobi.Var 3A_2> >= <gurobi.Var EXT_3A_2_99250474:SNP.TC>
M  Contraint for MA[extra] 3A_2 99264416:SNP.AG: <gurobi.Var 3A_2> >= <gurobi.Var EXT_3A_2_99264416:SNP.AG>
M  Contraint for MA[extra] 3A_2 99260621:SNP.TC: <gurobi.Var 3A_2> >= <gurobi.Var EXT_3A_2_99260621:SNP.TC>
M  Contraint for MA[extra] 3E_2 99264416:SNP.AG: <gurobi.Var 3E_2> >= <gurobi.Var EXT_3E_2_99264416:SNP.AG>
M  Contraint for MA[extra] 3E_2 99260621:SNP.TC: <gurobi.Var 3E_2> >= <gurobi.Var EXT_3E_2_99260621:SNP.TC>
M  Contraint for MA[extra] 3C 99250474:SNP.TC: <gurobi.Var 3C> >= <gurobi.Var EXT_3C_99250474:SNP.TC>
M  Contraint for MA[extra] 3C 99245913:SNP.GA: <gurobi.Var 3C> >= <gurobi.Var EXT_3C_99245913:SNP.GA>
M  Contraint for MA[extra] 3C 99264416:SNP.AG: <gurobi.Var 3C> >= <gurobi.Var EXT_3C_99264416:SNP.AG>
M  Contraint for MA[extra] 3C 99260621:SNP.TC: <gurobi.Var 3C> >= <gurobi.Var EXT_3C_99260621:SNP.TC>
M  Contraint for MA[extra] 3A 99250474:SNP.TC: <gurobi.Var 3A> >= <gurobi.Var EXT_3A_99250474:SNP.TC>
M  Contraint for MA[extra] 3A 99264416:SNP.AG: <gurobi.Var 3A> >= <gurobi.Var EXT_3A_99264416:SNP.AG>
M  Contraint for MA[extra] 3A 99260621:SNP.TC: <gurobi.Var 3A> >= <gurobi.Var EXT_3A_99260621:SNP.TC>
M  Contraint for MA[extra] 3I_2 99250474:SNP.TC: <gurobi.Var 3I_2> >= <gurobi.Var EXT_3I_2_99250474:SNP.TC>
M  Contraint for MA[extra] 3I_2 99264416:SNP.AG: <gurobi.Var 3I_2> >= <gurobi.Var EXT_3I_2_99264416:SNP.AG>
M  Contraint for MA[extra] 3E 99264416:SNP.AG: <gurobi.Var 3E> >= <gurobi.Var EXT_3E_99264416:SNP.AG>
M  Contraint for MA[extra] 3E 99260621:SNP.TC: <gurobi.Var 3E> >= <gurobi.Var EXT_3E_99260621:SNP.TC>
M  Objective: <gurobi.LinExpr: C70 + C71 + C72 + C73 + C74 + C75 + C76 + C77 + C78 + C79 + EXT_3C_2_99250474:SNP.TC + EXT_3C_2_99245913:SNP.GA + EXT_3C_2_99264416:SNP.AG + EXT_3C_2_99260621:SNP.TC + EXT_3H_2_99250474:SNP.TC + EXT_3H_2_99260621:SNP.TC + EXT_3I_99250474:SNP.TC + EXT_3I_99264416:SNP.AG + EXT_3H_99250474:SNP.TC + EXT_3H_99260621:SNP.TC + EXT_3A_2_99250474:SNP.TC + EXT_3A_2_99264416:SNP.AG + EXT_3A_2_99260621:SNP.TC + EXT_3E_2_99264416:SNP.AG + EXT_3E_2_99260621:SNP.TC + EXT_3C_99250474:SNP.TC + EXT_3C_99245913:SNP.GA + EXT_3C_99264416:SNP.AG + EXT_3C_99260621:SNP.TC + EXT_3A_99250474:SNP.TC + EXT_3A_99264416:SNP.AG + EXT_3A_99260621:SNP.TC + EXT_3I_2_99250474:SNP.TC + EXT_3I_2_99264416:SNP.AG + EXT_3E_99264416:SNP.AG + EXT_3E_99260621:SNP.TC + W>
M  Contraint for 3C_2: <gurobi.LinExpr: REG_3C_2_99270538:SNP.TC> = 1 * A_<gurobi.Var 3C_2>
M  Contraint for 3H_2: <gurobi.LinExpr: REG_3H_2_99270538:SNP.TC> = 1 * A_<gurobi.Var 3H_2>
M  Contraint for 3I: <gurobi.LinExpr: REG_3I_99270538:SNP.TC> = 1 * A_<gurobi.Var 3I>
M  Contraint for 3H: <gurobi.LinExpr: REG_3H_99270538:SNP.TC> = 1 * A_<gurobi.Var 3H>
M  Contraint for 3A_2: <gurobi.LinExpr: REG_3A_2_99270538:SNP.TC> = 1 * A_<gurobi.Var 3A_2>
M  Contraint for 3E_2: <gurobi.LinExpr: REG_3E_2_99270538:SNP.TC> = 1 * A_<gurobi.Var 3E_2>
M  Contraint for 3C: <gurobi.LinExpr: REG_3C_99270538:SNP.TC> = 1 * A_<gurobi.Var 3C>
M  Contraint for 3A: <gurobi.LinExpr: REG_3A_99270538:SNP.TC> = 1 * A_<gurobi.Var 3A>
M  Contraint for 3I_2: <gurobi.LinExpr: REG_3I_2_99270538:SNP.TC> = 1 * A_<gurobi.Var 3I_2>
M  Contraint for 3E: <gurobi.LinExpr: REG_3E_99270538:SNP.TC> = 1 * A_<gurobi.Var 3E>
M  Contraint for 99264416:SNP.AG: 0 >= <gurobi.LinExpr: REG_3H_2_99264416:SNP.AG + REG_3H_99264416:SNP.AG>
M  Contraint for 99260621:SNP.TC: 0 >= <gurobi.LinExpr: REG_3I_99260621:SNP.TC + REG_3I_2_99260621:SNP.TC>
M  Contraint for 99264416:SNP.AG: 0 >= <gurobi.LinExpr: REG_3H_2_99264416:SNP.AG + REG_3H_99264416:SNP.AG>
M  Contraint for 99250474:SNP.TC: 0 >= <gurobi.LinExpr: REG_3E_2_99250474:SNP.TC + REG_3E_99250474:SNP.TC>
M  Contraint for 99260621:SNP.TC: 0 >= <gurobi.LinExpr: REG_3I_99260621:SNP.TC + REG_3I_2_99260621:SNP.TC>
M  Contraint for 99250474:SNP.TC: 0 >= <gurobi.LinExpr: REG_3E_2_99250474:SNP.TC + REG_3E_99250474:SNP.TC>
M  Contraint for 99245913:SNP.GA: 1 <= <gurobi.QuadExpr: 0.0 + [ REG_3H_2_99245913:SNP.GA * 3H_2 + REG_3I_99245913:SNP.GA * 3I + REG_3H_99245913:SNP.GA * 3H + REG_3A_2_99245913:SNP.GA * 3A_2 + REG_3E_2_99245913:SNP.GA * 3E_2 + REG_3A_99245913:SNP.GA * 3A + REG_3I_2_99245913:SNP.GA * 3I_2 + REG_3E_99245913:SNP.GA * 3E + EXT_3C_2_99245913:SNP.GA * 3C_2 + EXT_3C_99245913:SNP.GA * 3C ]> <= 2
M  Contraint for 99260621:SNP.TC: 0 <= <gurobi.QuadExpr: 0.0 + [ REG_3I_99260621:SNP.TC * 3I + REG_3I_2_99260621:SNP.TC * 3I_2 + EXT_3C_2_99260621:SNP.TC * 3C_2 + EXT_3H_2_99260621:SNP.TC * 3H_2 + EXT_3H_99260621:SNP.TC * 3H + EXT_3A_2_99260621:SNP.TC * 3A_2 + EXT_3E_2_99260621:SNP.TC * 3E_2 + EXT_3C_99260621:SNP.TC * 3C + EXT_3A_99260621:SNP.TC * 3A + EXT_3E_99260621:SNP.TC * 3E ]> <= 1
M  Contraint for 99250474:SNP.TC: 0 <= <gurobi.QuadExpr: 0.0 + [ REG_3E_2_99250474:SNP.TC * 3E_2 + REG_3E_99250474:SNP.TC * 3E + EXT_3C_2_99250474:SNP.TC * 3C_2 + EXT_3H_2_99250474:SNP.TC * 3H_2 + EXT_3I_99250474:SNP.TC * 3I + EXT_3H_99250474:SNP.TC * 3H + EXT_3A_2_99250474:SNP.TC * 3A_2 + EXT_3C_99250474:SNP.TC * 3C + EXT_3A_99250474:SNP.TC * 3A + EXT_3I_2_99250474:SNP.TC * 3I_2 ]> <= 1
M  Contraint for 99270538:SNP.TC: 1 <= <gurobi.QuadExpr: 0.0 + [ REG_3C_2_99270538:SNP.TC * 3C_2 + REG_3H_2_99270538:SNP.TC * 3H_2 + REG_3I_99270538:SNP.TC * 3I + REG_3H_99270538:SNP.TC * 3H + REG_3A_2_99270538:SNP.TC * 3A_2 + REG_3E_2_99270538:SNP.TC * 3E_2 + REG_3C_99270538:SNP.TC * 3C + REG_3A_99270538:SNP.TC * 3A + REG_3I_2_99270538:SNP.TC * 3I_2 + REG_3E_99270538:SNP.TC * 3E ]> <= 2
M  Contraint for 99270538:SNP.TC: <gurobi.QuadExpr: 0.0 + [ REG_3C_2_99270538:SNP.TC * 3C_2 + REG_3H_2_99270538:SNP.TC * 3H_2 + REG_3I_99270538:SNP.TC * 3I + REG_3H_99270538:SNP.TC * 3H + REG_3A_2_99270538:SNP.TC * 3A_2 + REG_3E_2_99270538:SNP.TC * 3E_2 + REG_3C_99270538:SNP.TC * 3C + REG_3A_99270538:SNP.TC * 3A + REG_3I_2_99270538:SNP.TC * 3I_2 + REG_3E_99270538:SNP.TC * 3E ]> <= 2
M  Contraint for 99264416:SNP.AG: 0 <= <gurobi.QuadExpr: 0.0 + [ REG_3H_2_99264416:SNP.AG * 3H_2 + REG_3H_99264416:SNP.AG * 3H + EXT_3C_2_99264416:SNP.AG * 3C_2 + EXT_3I_99264416:SNP.AG * 3I + EXT_3A_2_99264416:SNP.AG * 3A_2 + EXT_3E_2_99264416:SNP.AG * 3E_2 + EXT_3C_99264416:SNP.AG * 3C + EXT_3A_99264416:SNP.AG * 3A + EXT_3I_2_99264416:SNP.AG * 3I_2 + EXT_3E_99264416:SNP.AG * 3E ]> <= 1
CN Solver status: optimal, opt: 6.0
  3A_2: 1
    6.3i 99270538:SNP.TC  610 (100 cp. 2) F
    6.0i 99245913:SNP.GA  621 (100 cp. 2) 
  3A: 1
    6.3i 99270538:SNP.TC  610 (100 cp. 2) F
    6.0i 99245913:SNP.GA  621 (100 cp. 2) 
Missing:
  3A_2: 1
  3A: 1
Extra:
  3A_2: 1
  3A: 1
Time needed: (8.5)
Result is: [('3A', '3A')]
