SAM file: bams/PGXT137.bam
File bams/PGXT137.bam has index
Coverage is 117.629030935
== Allele Filter ==
Refining indel 96827119:INS.a: from 216 of 562.0 to 333 (indel:total = 216:364)
 6.0i   96796831: INS.a                   259 ( 45%) ~     0 (  0)
 6.0i   96796860: SNP.GA     32299:C>T    315 ( 49%) ~     0 (  0)
 6.8i   96797269: SNP.TC                    9 ( 60%) ~     0 (  0)
 6.8i   96798547: SNP.CT                   48 ( 44%) ~     0 (  0)
 6.7i   96802597: SNP.AT     26562:T>A     73 (100%) ~     0 (  0)
 6.6i   96805370: SNP.CT                   14 (100%) ~     0 (  0)
 6.5i   96817775: SNP.TC                    4 (100%) ~     0 (  0)
 6.5e   96818118: SNP.GC     11041:C>G    319 ( 46%) ~     0 (  0)
 6.4i   96818361: SNP.AG                    7 ( 54%) ~     0 (  0)
 6.4i   96818417: SNP.CT                    5 (100%) ~     0 (  0)
 6.4i   96824405: SNP.CT                   22 ( 48%) ~     0 (  0)
 6.3i   96824731: SNP.AG                    3 (  6%) ~     0 (  0)
 6.3i   96824732: SNP.TA                    3 (  7%) ~     0 (  0)
 6.3i   96824734: SNP.TC                    3 (  8%) ~     0 (  0)
 6.3i   96824735: SNP.TG                    3 ( 10%) ~     0 (  0)
 6.3i   96824736: SNP.TG                    3 ( 10%) ~     0 (  0)
 6.3i   96824737: SNP.AT                   13 ( 48%) ~     0 (  0)
 6.3i   96824882: SNP.TC                    3 ( 50%) ~     0 (  0)
 6.2i   96827117: SNP.AG                  269 ( 47%) ~     0 (  0)
 6.2i   96827119: INS.a      2040:insT    333 ( 59%) ~     0 (  0)
 6.2i   96827177: SNP.TC                  261 (100%) ~     0 (  0)
Removing 10    6.7e 96802646:SNP.CA
Removing 11    6.6e 96805707:SNP.CA
Removing 12    6.9e 96796973:DEL.CAA
Removing 13    6.5e 96818241:SNP.AC
Removing 14    6.5e 96818198:SNP.CG
Removing 2     6.5e 96818105:SNP.TA
Removing 3     6.3e 96827029:SNP.CT,  6.8e 96798748:SNP.TC
Removing 5     6.3e 96826970:DEL.T
Removing 6     6.4e 96824687:SNP.CT
Removing 7     6.4e 96824642:SNP.GA
Removing 8     6.4e 96824642:SNP.GC
Removing 9     6.5e 96818170:SNP.TC
Initial status
  CYP2D6.1C
                   96829528:SNP.AC    2 ( 33)   -370:T>G
  CYP2D6.1
  CYP2D6.1B
                   96829429:SNP.GT    0 (  0)   -271:C>A
  CYP2D6.4
    6.5e           96818118:SNP.GC  319 ( 46) F 11041:C>G
== Copy Number Estimator ==
CNV factor: 2.20324241947 (0.453876519064)
Coverage per region
  region:  2D6  2D7
  0i   :  2.19
  1e   :  2.20
  1i   :  2.13
  2e   :  2.64
  2i   :  2.65
  3e   :  1.96
  3i   :  1.82
  4e   :  2.35
  4i   :  2.87
  5e   :  2.25
  5i   :  2.42
  6e   :  1.98
  6i   :  2.33
  7e   :  1.68
  7i   :  2.02
  8e   :  2.25
  8i   :  2.25
  9e   :  2.06
Max. CN = 3
M  Sentinel contraint for 1: A_1^ <= A_1
M  Contraint for 7e: 1.68319936643 == E_7e + <gurobi.LinExpr: A1 + A1^>
M  Contraint for 6e: 1.97721128416 == E_6e + <gurobi.LinExpr: A1 + A1^>
M  Contraint for 9e: 2.06183265563 == E_9e + <gurobi.LinExpr: A1 + A1^>
M  Contraint for 8e: 2.25206476389 == E_8e + <gurobi.LinExpr: A1 + A1^>
M  Contraint for 2e: 2.63523770365 == E_2e + <gurobi.LinExpr: A1 + A1^>
M  Contraint for 1e: 2.19728199876 == E_1e + <gurobi.LinExpr: A1 + A1^>
M  Contraint for 5e: 2.24661850557 == E_5e + <gurobi.LinExpr: A1 + A1^>
M  Contraint for 4e: 2.3489568306 == E_4e + <gurobi.LinExpr: A1 + A1^>
M  Contraint for 3e: 1.95611015132 == E_3e + <gurobi.LinExpr: A1 + A1^>
M  Objective: <gurobi.LinExpr: C11 + C12 + C13 + C14 + C15 + C16 + C17 + C18 + C19 + 0.5 A1 + 0.5 A1^>
CN Solver status: optimal, opt: 3.1254716562
  Solutions:
    ('1', '1^')
== Initial Solver ==
Solving Counter({'1': 2})
Possible candidates:
  CYP2D6.1
  CYP2D6.4
    6.5e 96818118:SNP.GC  319 ( 46) F 11041:C>G
M  Max. CN for 1 = 2
M  Max. CN for 4 = 2
M  Contraint for 96818118:REF 6.5e: 368 == <gurobi.QuadExpr: 343.5 1 + 343.5 4_2 + 343.5 4 + 343.5 1_2 + [ -343.5 REG_4_2_96818118:SNP.GC * 4_2 + -343.5 REG_4_96818118:SNP.GC * 4 ]> + err
M  Contraint for 96818118:SNP.GC 6.5e: 319 == <gurobi.QuadExpr: 0.0 + [ 343.5 REG_4_2_96818118:SNP.GC * 4_2 + 343.5 REG_4_96818118:SNP.GC * 4 ]> + err
M  Contraint for 4_2 96818118:SNP.GC: <gurobi.Var 4_2> >= <gurobi.Var REG_4_2_96818118:SNP.GC>
M  Contraint for 4 96818118:SNP.GC: <gurobi.Var 4> >= <gurobi.Var REG_4_96818118:SNP.GC>
M  CN contraint for 1: 2 == <gurobi.LinExpr: 1 + 4_2 + 4 + 1_2>
M  Sentinel contraint for 1: A_1_2 <= A_1
M  Sentinel contraint for 4: A_4_2 <= A_4
M  Objective: <gurobi.LinExpr: C9 + C10>
M  Contraint for 4_2: A_4_2 * (<gurobi.LinExpr: REG_4_2_96818118:SNP.GC> - 1) == 0
M  Contraint for 4: A_4 * (<gurobi.LinExpr: REG_4_96818118:SNP.GC> - 1) == 0
M  Contraint for 96818118:SNP.GC: 1 <= <gurobi.QuadExpr: 0.0 + [ 4_2 * REG_4_2_96818118:SNP.GC + 4 * REG_4_96818118:SNP.GC ]>
M  Contraint for 96818118:SNP.GC: 1 <= <gurobi.QuadExpr: 0.0 + [ 4_2 * REG_4_2_96818118:SNP.GC + 4 * REG_4_96818118:SNP.GC ]>
CN Solver status: optimal, opt: 49.0
  solution:
    ('1', '4')
[32;01mCopy number best structures:[39;49;00m
[32;01m  (1) 2x*1-like[39;49;00m
== Refiner ==
Refining ('1', '4')
M  CN constraint for 1: 1 == <gurobi.LinExpr: 1 + 1C + 1B>
M  CN constraint for 4: 1 == <gurobi.LinExpr: 4>
M  Contraint for 96829429:SNP.GT : 0 == <gurobi.QuadExpr: 0.0 + [ 0.0 EXT_1_96829429:SNP.GT * 1 + 0.0 EXT_1C_96829429:SNP.GT * 1C + 0.0 REG_1B_96829429:SNP.GT * 1B + 0.0 EXT_4_96829429:SNP.GT * 4 ]> + err
M  Contraint for 96829528:SNP.AC : 0 == <gurobi.QuadExpr: 0.0 + [ 0.0 EXT_1_96829528:SNP.AC * 1 + 0.0 REG_1C_96829528:SNP.AC * 1C + 0.0 EXT_1B_96829528:SNP.AC * 1B + 0.0 EXT_4_96829528:SNP.AC * 4 ]> + err
M  Contraint for 96829528:REF : 4 == <gurobi.QuadExpr: 0.0 + [ -0.0 EXT_1_96829528:SNP.AC * 1 + -0.0 REG_1C_96829528:SNP.AC * 1C + -0.0 EXT_1B_96829528:SNP.AC * 1B + -0.0 EXT_4_96829528:SNP.AC * 4 ]> + err
M  Contraint for 96818118:REF 6.5e: 368 == <gurobi.QuadExpr: 343.5 1 + 343.5 1C + 343.5 1B + 343.5 4 + [ -343.5 EXT_1_96818118:SNP.GC * 1 + -343.5 EXT_1C_96818118:SNP.GC * 1C + -343.5 EXT_1B_96818118:SNP.GC * 1B + -343.5 REG_4_96818118:SNP.GC * 4 ]> + err
M  Contraint for 96829429:REF : 60 == <gurobi.QuadExpr: 0.0 + [ -0.0 EXT_1_96829429:SNP.GT * 1 + -0.0 EXT_1C_96829429:SNP.GT * 1C + -0.0 REG_1B_96829429:SNP.GT * 1B + -0.0 EXT_4_96829429:SNP.GT * 4 ]> + err
M  Contraint for 96818118:SNP.GC 6.5e: 319 == <gurobi.QuadExpr: 0.0 + [ 343.5 EXT_1_96818118:SNP.GC * 1 + 343.5 EXT_1C_96818118:SNP.GC * 1C + 343.5 EXT_1B_96818118:SNP.GC * 1B + 343.5 REG_4_96818118:SNP.GC * 4 ]> + err
M  Contraint for MM[missing] 1C 96829528:SNP.AC: <gurobi.Var 1C> >= <gurobi.Var REG_1C_96829528:SNP.AC>
M  Contraint for MM[missing] 1B 96829429:SNP.GT: <gurobi.Var 1B> >= <gurobi.Var REG_1B_96829429:SNP.GT>
M  Contraint for MM[missing] 4 96818118:SNP.GC: <gurobi.Var 4> >= <gurobi.Var REG_4_96818118:SNP.GC>
M  Contraint for MA[extra] 1 96829429:SNP.GT: <gurobi.Var 1> >= <gurobi.Var EXT_1_96829429:SNP.GT>
M  Contraint for MA[extra] 1 96829528:SNP.AC: <gurobi.Var 1> >= <gurobi.Var EXT_1_96829528:SNP.AC>
M  Contraint for MA[extra] 1 96818118:SNP.GC: <gurobi.Var 1> >= <gurobi.Var EXT_1_96818118:SNP.GC>
M  Contraint for MA[extra] 1C 96829429:SNP.GT: <gurobi.Var 1C> >= <gurobi.Var EXT_1C_96829429:SNP.GT>
M  Contraint for MA[extra] 1C 96818118:SNP.GC: <gurobi.Var 1C> >= <gurobi.Var EXT_1C_96818118:SNP.GC>
M  Contraint for MA[extra] 1B 96829528:SNP.AC: <gurobi.Var 1B> >= <gurobi.Var EXT_1B_96829528:SNP.AC>
M  Contraint for MA[extra] 1B 96818118:SNP.GC: <gurobi.Var 1B> >= <gurobi.Var EXT_1B_96818118:SNP.GC>
M  Contraint for MA[extra] 4 96829429:SNP.GT: <gurobi.Var 4> >= <gurobi.Var EXT_4_96829429:SNP.GT>
M  Contraint for MA[extra] 4 96829528:SNP.AC: <gurobi.Var 4> >= <gurobi.Var EXT_4_96829528:SNP.AC>
M  Objective: <gurobi.LinExpr: C22 + C23 + C24 + C25 + C26 + C27 + EXT_1_96829429:SNP.GT + EXT_1_96829528:SNP.AC + EXT_1_96818118:SNP.GC + EXT_1C_96829429:SNP.GT + EXT_1C_96818118:SNP.GC + EXT_1B_96829528:SNP.AC + EXT_1B_96818118:SNP.GC + EXT_4_96829429:SNP.GT + EXT_4_96829528:SNP.AC + W>
M  Contraint for 4: <gurobi.LinExpr: REG_4_96818118:SNP.GC> = 1 * A_<gurobi.Var 4>
M  Contraint for 96829528:SNP.AC: 0 >= <gurobi.LinExpr: REG_1C_96829528:SNP.AC>
M  Contraint for 96829429:SNP.GT: 0 >= <gurobi.LinExpr: REG_1B_96829429:SNP.GT>
M  Contraint for 96829429:SNP.GT: 0 <= <gurobi.QuadExpr: 0.0 + [ REG_1B_96829429:SNP.GT * 1B + EXT_1_96829429:SNP.GT * 1 + EXT_1C_96829429:SNP.GT * 1C + EXT_4_96829429:SNP.GT * 4 ]> <= 0
M  Contraint for 96829528:SNP.AC: 0 <= <gurobi.QuadExpr: 0.0 + [ REG_1C_96829528:SNP.AC * 1C + EXT_1_96829528:SNP.AC * 1 + EXT_1B_96829528:SNP.AC * 1B + EXT_4_96829528:SNP.AC * 4 ]> <= 0
M  Contraint for 96818118:SNP.GC: 1 <= <gurobi.QuadExpr: 0.0 + [ REG_4_96818118:SNP.GC * 4 ]> <= 1
M  Contraint for 96818118:SNP.GC: <gurobi.QuadExpr: 0.0 + [ REG_4_96818118:SNP.GC * 4 ]> <= 1
CN Solver status: optimal, opt: 113.0
  1: 1
  4: 1
    6.5e 96818118:SNP.GC  319 ( 46 cp. 1) F
Missing:
  1: 1
  4: 1
Extra:
  1: 1
  4: 1
Time needed: (4.9)
Result is: [('1', '4')]
