SAM file: bams/PGXT219.bam
File bams/PGXT219.bam has index
Coverage is 312.723903552
== Allele Filter ==
Refining indel 42527886:INS.t: from 7 of 247.0 to 12 (indel:total = 7:144)
 6.rep  42521628: SNP.TG                    6 (  5%) ~     4 ( 67)
 6.rep  42521638: SNP.TG                    6 (  6%) ~     3 ( 50)
 6.rep  42521928: SNP.AG                  304 ( 52%) ~     0 (  0)
 6.ins  42522073: SNP.AC                  320 ( 54%) ~     0 (  0)
 6.ins  42522137: INS.tgt                 140 ( 28%) ~     5 (  4)
 6.ins  42522311: SNP.CT     4481:G>A     204 ( 68%) ~     0 (  0)
 6.ins  42522497: SNP.GA                   39 (  9%) ~    39 (100)
 6.9e   42522612: SNP.CG     4180:G>C     214 ( 47%) ~     0 (  0)
 6.7i   42523002: SNP.GA     3790:C>T     362 ( 78%) ~     0 (  0)
 6.7i   42523208: SNP.CT     3584:G>A     252 ( 51%) ~     0 (  0)
 6.7i   42523314: SNP.TC                   57 ( 10%) ~    27 ( 47)
 6.7i   42523408: SNP.TG     3384:A>C     404 ( 62%) ~    21 (  5)
 6.7e   42523504: SNP.CT     3288:G>A      46 (  8%) ~     2 (  4)
 6.7e   42523513: SNP.CT                   41 (  7%) ~     4 ( 10)
 6.7e   42523538: SNP.AG     3254:T>C      39 (  5%) ~     3 (  8)
 6.6e   42523942: SNP.GA     2850:C>T     229 ( 51%) ~     0 (  0)
 6.5i   42524079: SNP.TG                   56 ( 14%) ~     0 (  0)
 6.5i   42524139: SNP.AC                   21 (  6%) ~     0 (  0)
 6.5i   42524142: SNP.AC                   42 ( 11%) ~     0 (  0)
 6.5i   42524155: SNP.AC                   24 (  6%) ~     0 (  0)
 6.5e   42524175: DEL.CTT    2615:delAAG   171 ( 45%) ~     0 (  0)
 6.4i   42524707: SNP.TC                  110 ( 17%) ~     9 (  8)
 6.4i   42524712: SNP.CG                  116 ( 18%) ~     7 (  6)
 6.4i   42524742: SNP.GA                  135 ( 22%) ~     9 (  7)
 6.4e   42524794: SNP.AG                  157 ( 23%) ~    10 (  6)
 6.4e   42524923: SNP.AG     1869:T>C      89 ( 13%) ~    49 ( 55)
 6.3i   42524974: SNP.CT                   34 (  6%) ~    25 ( 74)
 6.3e   42525131: SNP.CG     1661:G>C     112 ( 54%) ~     0 (  0)
 6.2i   42525504: SNP.CG                  486 (100%) ~     0 (  0)
 6.2i   42525505: SNP.GC                  487 (100%) ~     0 (  0)
 6.2e   42525799: SNP.TG                    5 (  8%) ~     0 (  0)
 6.2e   42525814: SNP.TG                    2 (  6%) ~     0 (  0)
 6.1i   42525951: SNP.AC     843:T>G      293 ( 51%) ~   293 (100)
 6.1i   42526048: SNP.GC     746:C>G      299 ( 48%) ~   299 (100)
 6.1i   42526483: SNP.CA     310:G>T      271 ( 56%) ~     1 (  0)
 6.1i   42526548: SNP.TC     CYP2D7:i1:5491   274 ( 63%) ~     5 (  2)
 6.1i   42526560: SNP.TG     CYP2D7:i1:5503   275 ( 64%) ~     9 (  3)
 6.1i   42526561: SNP.CG     CYP2D7:i1:5504   275 ( 65%) ~     9 (  3)
 6.1i   42526566: SNP.AG     CYP2D7:i1:5509   272 ( 63%) ~     9 (  3)
 6.1i   42526570: SNP.GC     CYP2D7:i1:5513   271 ( 64%) ~     9 (  3)
 6.1i   42526572: SNP.GT     CYP2D7:i1:5515   272 ( 63%) ~     9 (  3)
 6.1i   42526579: SNP.CG     214:G>C      271 ( 61%) ~     9 (  3)
 6.1e   42526762: SNP.CT     31:G>A       254 ( 50%) ~     1 (  0)
 6.0i   42527470: SNP.CT     -678:G>A     336 ( 67%) ~   161 ( 48)
 6.0i   42527532: SNP.GA     -740:C>T     239 ( 62%) ~     0 (  0)
 6.0i   42527886: INS.t      -1094:insA    12 (  5%) ~     0 (  0)
 6.0i   42527978: SNP.AG                    3 (  5%) ~     0 (  0)
 6.0i   42527984: SNP.TC                    5 ( 10%) ~     0 (  0)
 6.0i   42527985: SNP.GC                    4 (  8%) ~     0 (  0)
 6.0i   42527988: SNP.TC                    6 ( 12%) ~     0 (  0)
 6.0i   42527995: SNP.TA                    4 (  9%) ~     0 (  0)
 6.0i   42527998: SNP.CG                    3 (  7%) ~     0 (  0)
 6.0i   42527999: SNP.TG                    3 (  7%) ~     0 (  0)
 6.0i   42528003: SNP.AC                    2 (  5%) ~     0 (  0)
 6.0i   42528003: SNP.AG                    3 (  8%) ~     0 (  0)
 6.0i   42528005: SNP.TC                    2 (  5%) ~     0 (  0)
 6.0i   42528008: SNP.AC                    2 (  6%) ~     0 (  0)
 6.0i   42528012: SNP.AC                    8 ( 24%) ~     0 (  0)
 6.0i   42528015: SNP.AC                    6 ( 19%) ~     0 (  0)
 6.0i   42528019: SNP.AC                    5 ( 18%) ~     0 (  0)
 6.0i   42528020: SNP.GC                    4 ( 15%) ~     0 (  0)
 6.0i   42528023: SNP.TC                    2 (  8%) ~     0 (  0)
 6.0i   42528023: SNP.TA                    3 ( 12%) ~     0 (  0)
 6.0i   42528027: SNP.TC     -1235:A>G     14 (100%) ~     0 (  0)
 6.0i   42528381: SNP.GC     -1584:C>G     11 ( 61%) ~     0 (  0)
 7.rep  42532958: SNP.AG                    2 (100%) ~     2 (100)
 7.rep  42533794: SNP.TG                    8 (  7%) ~     6 ( 75)
 7.rep  42533804: SNP.TG                    8 (  8%) ~     7 ( 88)
 7.rep  42533904: SNP.AG                   28 ( 14%) ~     0 (  0)
 7.rep  42534050: SNP.AG                  124 ( 49%) ~     2 (  2)
 7.rep  42534074: SNP.GA                  122 ( 50%) ~     2 (  2)
 7.pce  42534125: SNP.GT                   73 ( 49%) ~     0 (  0)
 7.pce  42534147: SNP.CT                   59 ( 50%) ~     0 (  0)
 7.pce  42534216: SNP.AC                    2 (  5%) ~     0 (  0)
 7.pce  42534275: SNP.CG                   11 ( 73%) ~     0 (  0)
 7.ins  42535817: SNP.AG                   67 ( 15%) ~     4 (  6)
 7.ins  42536210: SNP.GA                  149 ( 33%) ~    37 ( 25)
 7.9e   42536410: SNP.TG                   42 ( 10%) ~     3 (  7)
 7.8e   42536652: SNP.TC                   65 (  9%) ~    33 ( 51)
 7.7i   42536973: SNP.GT                  194 ( 55%) ~    13 (  7)
 7.7i   42537022: SNP.TC                  157 ( 43%) ~     8 (  5)
 7.7i   42537114: SNP.CT                   56 ( 20%) ~    22 ( 39)
 7.7i   42537119: INS.a                    56 ( 19%) ~    22 ( 39)
 7.7i   42537126: SNP.AG                   55 ( 18%) ~    24 ( 44)
 7.7e   42537195: SNP.TC                  243 ( 42%) ~     2 (  1)
 7.7e   42537270: SNP.TC                  397 ( 48%) ~     8 (  2)
 7.6i   42537403: SNP.GC                  315 ( 45%) ~     0 (  0)
 7.6e   42537596: SNP.AG                  132 ( 50%) ~     0 (  0)
 7.5i   42537781: SNP.TG                   51 ( 14%) ~     0 (  0)
 7.5i   42537844: SNP.AC                   27 (  8%) ~     0 (  0)
 7.5e   42538028: SNP.AG                  248 ( 48%) ~     5 (  2)
 7.4i   42538102: SNP.TC                  212 ( 51%) ~     4 (  2)
 7.4i   42538228: SNP.GA                  405 (100%) ~     3 (  1)
 7.4i   42538398: SNP.CT                  121 ( 34%) ~    11 (  9)
 7.4i   42538461: SNP.AG                   19 ( 11%) ~     8 ( 42)
 7.4e   42538617: SNP.AG                  171 ( 34%) ~    48 ( 28)
 7.3i   42538668: SNP.CT                  193 ( 45%) ~    22 ( 11)
 7.3i   42538703: SNP.GT                  205 ( 51%) ~    16 (  8)
 7.3e   42538869: SNP.AC                    8 ( 11%) ~     4 ( 50)
 7.3e   42538875: SNP.AT                   57 ( 90%) ~     0 (  0)
 7.3e   42538877: SNP.AC                    4 (  7%) ~     0 (  0)
 7.2i   42538884: SNP.GT                    3 (  6%) ~     0 (  0)
 7.2i   42538896: SNP.AG                    8 ( 26%) ~     0 (  0)
 7.2i   42538929: SNP.AC                    2 (  6%) ~     0 (  0)
 7.2i   42539258: SNP.TG                    2 ( 18%) ~     0 (  0)
 7.2e   42539504: SNP.GT                    2 ( 12%) ~     2 (100)
 7.2e   42539505: SNP.GT                    2 ( 11%) ~     1 ( 50)
 7.1i   42539622: SNP.CA                  302 ( 52%) ~   301 (100)
 7.1i   42539719: SNP.CG                  352 ( 52%) ~   352 (100)
 7.1e   42540367: SNP.TG                   73 ( 11%) ~     0 (  0)
 7.0i   42540550: SNP.AG                  167 ( 45%) ~     2 (  1)
 7.0i   42541142: SNP.TC                   90 ( 14%) ~    90 (100)
 7.0i   42541201: SNP.CT                   51 ( 10%) ~    51 (100)
 7.0i   42541348: SNP.GA                  118 ( 51%) ~     0 (  0)
Removing 10B   6.1e 42526693:SNP.GA
Removing 10A   6.1e 42526693:SNP.GA
Removing 10D   6.1e 42526693:SNP.GA
Removing 10DW  6.1e 42526693:SNP.GA
Removing 10BW  6.1e 42526693:SNP.GA
Removing 10AW  6.1e 42526693:SNP.GA
Removing 100   6.1e 42526693:SNP.GA,  6.6e 42523964:DEL.G
Removing 101   6.1e 42526693:SNP.GA,  6.6e 42523847:DEL.CACATCCGGATGTAGGATC
Removing 102   6.2e 42525822:SNP.GA
Removing 103   6.2e 42525822:SNP.GA,  6.3e 42525043:SNP.TC
Removing 104   6.3e 42525072:SNP.TA
Removing 105   6.7e 42523524:SNP.AG
Removing 107   6.3e 42525133:SNP.CT
Removing 108   6.7e 42523566:SNP.TC
Removing 109   6.7e 42523609:SNP.CT
Removing 11W   6.1i 42525911:SNP.CG
Removing 11    6.1i 42525911:SNP.CG
Removing 12    6.1e 42526669:SNP.CT
Removing 14BW  6.3e 42525034:SNP.CT
Removing 14AW  6.1e 42526693:SNP.GA,  6.3e 42525034:SNP.CT
Removing 14B   6.3e 42525034:SNP.CT
Removing 14A   6.1e 42526693:SNP.GA,  6.3e 42525034:SNP.CT
Removing 15    6.1e 42526656:INS.a
Removing 17    6.2e 42525771:SNP.GA
Removing 17W   6.2e 42525771:SNP.GA
Removing 18    6.9e 42522667:INS.agtgggcac
Removing 19    6.5e 42524250:DEL.AGTT
Removing 20    6.4e 42524819:INS.c,  6.4e 42524814:SNP.GA,  6.4e 42524813:SNP.AG
Removing 21B   6.5e 42524213:INS.g
Removing 21A   6.5e 42524213:INS.g
Removing 22    6.1e 42526711:SNP.GA
Removing 23    6.2e 42525837:SNP.GA
Removing 24    6.6e 42523939:SNP.TG
Removing 25    6.7e 42523594:SNP.GC
Removing 26    6.7e 42523515:SNP.AG
Removing 27    6.8e 42522939:SNP.CT
Removing 28    6.1e 42526774:SNP.CT,  6.3e 42525088:SNP.GC
Removing 28W   6.1e 42526774:SNP.CT,  6.3e 42525088:SNP.GC
Removing 29    6.3e 42525133:SNP.CT,  6.7e 42523609:SNP.CT
Removing 3B    6.3e 42525043:SNP.TC,  6.5e 42524243:DEL.T
Removing 3A    6.5e 42524243:DEL.T
Removing 30    6.4e 42524929:INS.ggggcgaaa
Removing 31    6.9e 42522750:SNP.CT
Removing 32    6.8e 42522939:SNP.CT
Removing 33    6.5e 42524309:SNP.CA
Removing 36    6.1e 42526693:SNP.GA
Removing 37    6.1e 42526693:SNP.GA,  6.4e 42524849:SNP.CT
Removing 38    6.5e 42524202:DEL.AGTC
Removing 4GW   6.1e 42526693:SNP.GA,  6.2e 42525820:SNP.GT,  6.2e 42525810:SNP.TC,  6.3i 42524946:SNP.CT,  6.6e 42523854:SNP.GA
Removing 4HW   6.1e 42526693:SNP.GA,  6.2e 42525820:SNP.GT,  6.2e 42525810:SNP.TC,  6.3i 42524946:SNP.CT,  6.8e 42522915:SNP.CG
Removing 4FW   6.1e 42526693:SNP.GA,  6.2e 42525820:SNP.GT,  6.2e 42525810:SNP.TC,  6.3i 42524946:SNP.CT,  6.4e 42524934:SNP.GA
Removing 4KW   6.1e 42526693:SNP.GA,  6.3i 42524946:SNP.CT
Removing 4AW   6.1e 42526693:SNP.GA,  6.2e 42525820:SNP.GT,  6.2e 42525810:SNP.TC,  6.3i 42524946:SNP.CT
Removing 4N    6.1e 42526693:SNP.GA,  6.2e 42525820:SNP.GT,  6.2e 42525810:SNP.TC,  6.3i 42524946:SNP.CT
Removing 4M    6.2e 42525820:SNP.GT,  6.2e 42525810:SNP.TC,  6.3i 42524946:SNP.CT
Removing 4J    6.1e 42526693:SNP.GA,  6.2e 42525820:SNP.GT,  6.2e 42525810:SNP.TC,  6.3i 42524946:SNP.CT
Removing 4K    6.1e 42526693:SNP.GA,  6.3i 42524946:SNP.CT
Removing 4H    6.1e 42526693:SNP.GA,  6.2e 42525820:SNP.GT,  6.2e 42525810:SNP.TC,  6.3i 42524946:SNP.CT,  6.8e 42522915:SNP.CG
Removing 4CW   6.1e 42526693:SNP.GA,  6.3i 42524946:SNP.CT,  6.8e 42522905:SNP.AG
Removing 4D    6.1e 42526693:SNP.GA,  6.3i 42524946:SNP.CT
Removing 4LW   6.1e 42526693:SNP.GA,  6.3i 42524946:SNP.CT
Removing 4B    6.1e 42526693:SNP.GA,  6.2e 42525820:SNP.GT,  6.2e 42525810:SNP.TC,  6.3i 42524946:SNP.CT
Removing 4A    6.1e 42526693:SNP.GA,  6.2e 42525820:SNP.GT,  6.2e 42525810:SNP.TC,  6.3i 42524946:SNP.CT
Removing 4BW   6.1e 42526693:SNP.GA,  6.2e 42525820:SNP.GT,  6.2e 42525810:SNP.TC,  6.3i 42524946:SNP.CT
Removing 4JW   6.1e 42526693:SNP.GA,  6.2e 42525820:SNP.GT,  6.2e 42525810:SNP.TC,  6.3i 42524946:SNP.CT
Removing 4L    6.1e 42526693:SNP.GA,  6.3i 42524946:SNP.CT
Removing 4EW   6.1e 42526693:SNP.GA,  6.3i 42524946:SNP.CT
Removing 4P    6.1e 42526693:SNP.GA,  6.2e 42525820:SNP.GT,  6.2e 42525810:SNP.TC,  6.3i 42524946:SNP.CT,  6.5e 42524216:SNP.GA
Removing 4F    6.1e 42526693:SNP.GA,  6.2e 42525820:SNP.GT,  6.2e 42525810:SNP.TC,  6.3i 42524946:SNP.CT,  6.4e 42524934:SNP.GA
Removing 4G    6.1e 42526693:SNP.GA,  6.2e 42525820:SNP.GT,  6.2e 42525810:SNP.TC,  6.3i 42524946:SNP.CT,  6.6e 42523854:SNP.GA
Removing 4E    6.1e 42526693:SNP.GA,  6.3i 42524946:SNP.CT
Removing 4DW   6.1e 42526693:SNP.GA,  6.3i 42524946:SNP.CT
Removing 4C    6.1e 42526693:SNP.GA,  6.3i 42524946:SNP.CT,  6.8e 42522905:SNP.AG
Removing 40    6.2e 42525771:SNP.GA,  6.4e 42524929:INS.ggggcgaaaggggcgaaa
Removing 41    6.6i 42523804:SNP.CT
Removing 42    6.7e 42523533:INS.ac
Removing 43    6.1e 42526716:SNP.CT
Removing 44    6.1e 42526711:SNP.GA,  6.6i 42523842:SNP.CG
Removing 45A   6.3e 42525076:SNP.CT
Removing 45B   6.3e 42525076:SNP.CT
Removing 46    6.1e 42526716:SNP.CT,  6.3e 42525076:SNP.CT
Removing 47    6.1e 42526720:SNP.GA,  6.1e 42526693:SNP.GA
Removing 48    6.2e 42525822:SNP.GA
Removing 49    6.1e 42526693:SNP.GA,  6.3e 42525181:SNP.AT
Removing 50    6.3e 42525072:SNP.TG
Removing 51    6.7e 42523620:SNP.TG
Removing 52    6.1e 42526693:SNP.GA,  6.8e 42522915:SNP.CT
Removing 53    6.3e 42525181:SNP.AT,  6.3e 42525175:SNP.CA
Removing 54    6.1e 42526693:SNP.GA,  6.5e 42524236:SNP.GA
Removing 55    6.8e 42522957:SNP.TG
Removing 56A   6.7e 42523591:SNP.GA
Removing 56B   6.1e 42526693:SNP.GA,  6.7e 42523591:SNP.GA
Removing 57    6.1e 42526693:SNP.GA,  6.2e 42525907:SNP.GA
Removing 58    6.2e 42525771:SNP.GA,  6.4e 42524929:INS.ggggcgaaa
Removing 59    6.6e 42523853:SNP.CT
Removing 6A    6.3e 42525085:DEL.A
Removing 6B    6.3e 42525085:DEL.A,  6.4e 42524816:SNP.CT
Removing 6C    6.3e 42525085:DEL.A,  6.4e 42524816:SNP.CT
Removing 6D    6.3e 42525085:DEL.A
Removing 60    6.4e 42524905:INS.ta
Removing 62    6.9e 42522748:SNP.GA
Removing 64    6.1e 42526693:SNP.GA,  6.2e 42525771:SNP.GA
Removing 65    6.1e 42526693:SNP.GA
Removing 68    6.1e 42526693:SNP.GA
Removing 69    6.1e 42526693:SNP.GA,  6.6i 42523804:SNP.CT
Removing 7     6.6e 42523857:SNP.TG
Removing 70    6.3e 42525184:SNP.CT,  6.3e 42525133:SNP.CT,  6.7e 42523609:SNP.CT
Removing 71    6.1e 42526668:SNP.CT
Removing 72    6.1e 42526693:SNP.GA,  6.7e 42523474:SNP.CT
Removing 73    6.2e 42525781:SNP.CT
Removing 74    6.2e 42525820:SNP.GT
Removing 75    6.9e 42522747:SNP.CT
Removing 8     6.3e 42525034:SNP.CA
Removing 81    6.5e 42524213:SNP.GA,  6.5e 42524186:SNP.CT,  6.5e 42524182:SNP.AT
Removing 82    6.2e 42525820:SNP.GT,  6.2e 42525810:SNP.TC,  6.2e 42525780:SNP.AG,  6.2e 42525772:SNP.TA,  6.2e 42525771:SNP.GT,  6.2e 42525766:SNP.TC
Removing 84    6.5e 42524218:SNP.GT
Removing 85    6.9e 42522635:SNP.AC
Removing 86    6.5e 42524186:SNP.CT,  6.5e 42524182:SNP.AT
Removing 87    6.1e 42526779:SNP.GA,  6.1e 42526693:SNP.GA
Removing 88    6.2e 42525780:SNP.AG
Removing 89    6.3e 42525114:SNP.AG
Removing 90    6.3e 42525099:SNP.TC
Removing 91    6.3e 42525057:SNP.CG,  6.6i 42523804:SNP.CT
Removing 92    6.4e 42524797:DEL.G
Removing 93    6.5e 42524273:SNP.TG
Removing 94B   6.1e 42526693:SNP.GA,  6.7e 42523611:SNP.TC
Removing 94A   6.1e 42526693:SNP.GA,  6.7e 42523611:SNP.TC
Removing 95    6.1e 42526693:SNP.GA,  6.7e 42523458:SNP.CT
Removing 96    6.8e 42522897:SNP.GA
Removing 97    6.9e 42522698:SNP.GT
Removing 98    6.9e 42522682:SNP.GC
Initial status
  CYP2D6.1B
    6.8e           42522964:SNP.CT    0 (  0)   3828:G>A
  CYP2D6.1E
    6.4e           42524923:SNP.AG   89 ( 13)   1869:T>C
  CYP2D6.1C
    6.4e           42524814:SNP.GA    0 (  0)   1978:C>T
  CYP2D6.1D
    6.5e           42524217:SNP.GT    0 (  0)   2575:C>A
  CYP2D6.1
  CYP2D6.13$1
  CYP2D6.16$1
  CYP2D6.2KW
    6.9e           42522612:SNP.CG  214 ( 47) F 4180:G>C
    6.9e           42522677:SNP.GA    0 (  0)   4115:C>T
    6.6e           42523942:SNP.GA  229 ( 51) F 2850:C>T
    6.3e           42525131:SNP.CG  112 ( 54)   1661:G>C
    6.1i           42525951:SNP.AC  293 ( 51)   843:T>G
    6.1i           42526048:SNP.GC  299 ( 48)   746:C>G
    6.1i           42526483:SNP.CA  271 ( 56)   310:G>T
    6.0i           42527470:SNP.CT  336 ( 67)   -678:G>A
    6.0i           42527532:SNP.GA  239 ( 62)   -740:C>T
    6.0i           42528027:SNP.TC   14 (100)   -1235:A>G
    6.0i           42528381:SNP.GC   11 ( 61) F -1584:C>G
  CYP2D6.2D
    6.9e           42522612:SNP.CG  214 ( 47) F 4180:G>C
    6.6e           42523942:SNP.GA  229 ( 51) F 2850:C>T
  CYP2D6.2E
    6.9e           42522612:SNP.CG  214 ( 47) F 4180:G>C
    6.6e           42523942:SNP.GA  229 ( 51) F 2850:C>T
    6.3e           42525131:SNP.CG  112 ( 54)   1661:G>C
    6.2e           42525797:SNP.GC    0 (  0)   997:C>G
  CYP2D6.2F
    6.9e           42522612:SNP.CG  214 ( 47) F 4180:G>C
    6.6e           42523942:SNP.GA  229 ( 51) F 2850:C>T
    6.3e           42525068:SNP.GA    0 (  0)   1724:C>T
    6.3e           42525131:SNP.CG  112 ( 54)   1661:G>C
  CYP2D6.2G
    6.9e           42522612:SNP.CG  214 ( 47) F 4180:G>C
    6.6e           42523942:SNP.GA  229 ( 51) F 2850:C>T
    6.5e           42524217:SNP.GT    0 (  0)   2575:C>A
    6.5e           42524322:SNP.AG    0 (  0)   2470:T>C
    6.3e           42525131:SNP.CG  112 ( 54)   1661:G>C
  CYP2D6.2A
    6.9e           42522612:SNP.CG  214 ( 47) F 4180:G>C
    6.6e           42523942:SNP.GA  229 ( 51) F 2850:C>T
    6.3e           42525131:SNP.CG  112 ( 54)   1661:G>C
    6.1i           42526548:SNP.TC  274 ( 63)   CYP2D7:i1:5491
    6.1i           42526560:SNP.TG  275 ( 64)   CYP2D7:i1:5503
    6.1i           42526561:SNP.CG  275 ( 65)   CYP2D7:i1:5504
    6.1i           42526566:SNP.AG  272 ( 63)   CYP2D7:i1:5509
    6.1i           42526570:SNP.GC  271 ( 64)   CYP2D7:i1:5513
    6.1i           42526572:SNP.GT  272 ( 63)   CYP2D7:i1:5515
    6.0i           42527470:SNP.CT  336 ( 67)   -678:G>A
    6.0i           42527532:SNP.GA  239 ( 62)   -740:C>T
    6.0i           42528027:SNP.TC   14 (100)   -1235:A>G
    6.0i           42528381:SNP.GC   11 ( 61) F -1584:C>G
  CYP2D6.2B
    6.9e           42522612:SNP.CG  214 ( 47) F 4180:G>C
    6.6e           42523942:SNP.GA  229 ( 51) F 2850:C>T
    6.3e           42525131:SNP.CG  112 ( 54)   1661:G>C
    6.2e           42525755:SNP.GA    0 (  0)   1039:C>T
  CYP2D6.2C
    6.9e           42522612:SNP.CG  214 ( 47) F 4180:G>C
    6.6e           42523942:SNP.GA  229 ( 51) F 2850:C>T
    6.5e           42524322:SNP.AG    0 (  0)   2470:T>C
    6.3e           42525131:SNP.CG  112 ( 54)   1661:G>C
  CYP2D6.2L
    6.9e           42522612:SNP.CG  214 ( 47) F 4180:G>C
    6.7i           42523002:SNP.GA  362 ( 78)   3790:C>T
    6.7i           42523208:SNP.CT  252 ( 51)   3584:G>A
    6.7i           42523408:SNP.TG  404 ( 62)   3384:A>C
    6.6e           42523942:SNP.GA  229 ( 51) F 2850:C>T
    6.3e           42525035:SNP.GA    0 (  0)   1757:C>T
    6.3e           42525131:SNP.CG  112 ( 54)   1661:G>C
    6.2i           42525279:SNP.GA    0 (  0)   1513:C>T
    6.1i           42525951:SNP.AC  293 ( 51)   843:T>G
    6.1i           42526048:SNP.GC  299 ( 48)   746:C>G
    6.1i           42526483:SNP.CA  271 ( 56)   310:G>T
    6.0i           42527532:SNP.GA  239 ( 62)   -740:C>T
    6.0i           42528027:SNP.TC   14 (100)   -1235:A>G
    6.0i           42528095:SNP.CT    0 (  0)   -1298:G>A
  CYP2D6.2M
    6.ins          42522311:SNP.CT  204 ( 68)   4481:G>A
    6.9e           42522612:SNP.CG  214 ( 47) F 4180:G>C
    6.7i           42523002:SNP.GA  362 ( 78)   3790:C>T
    6.7i           42523208:SNP.CT  252 ( 51)   3584:G>A
    6.7i           42523408:SNP.TG  404 ( 62)   3384:A>C
    6.6e           42523942:SNP.GA  229 ( 51) F 2850:C>T
    6.3e           42525131:SNP.CG  112 ( 54)   1661:G>C
    6.1i           42525951:SNP.AC  293 ( 51)   843:T>G
    6.1i           42526048:SNP.GC  299 ( 48)   746:C>G
    6.1i           42526483:SNP.CA  271 ( 56)   310:G>T
    6.1i           42526548:SNP.TC  274 ( 63)   CYP2D7:i1:5491
    6.1i           42526560:SNP.TG  275 ( 64)   CYP2D7:i1:5503
    6.1i           42526561:SNP.CG  275 ( 65)   CYP2D7:i1:5504
    6.1i           42526566:SNP.AG  272 ( 63)   CYP2D7:i1:5509
    6.1i           42526570:SNP.GC  271 ( 64)   CYP2D7:i1:5513
    6.1i           42526572:SNP.GT  272 ( 63)   CYP2D7:i1:5515
    6.0i           42527470:SNP.CT  336 ( 67)   -678:G>A
    6.0i           42527532:SNP.GA  239 ( 62)   -740:C>T
    6.0i           42527541:DEL.TC    0 (  0)   -750:delGA
    6.0i           42528027:SNP.TC   14 (100)   -1235:A>G
  CYP2D6.2H
    6.9e           42522612:SNP.CG  214 ( 47) F 4180:G>C
    6.6e           42523942:SNP.GA  229 ( 51) F 2850:C>T
    6.5e           42524312:SNP.GA    0 (  0)   2480:C>T
    6.3e           42525131:SNP.CG  112 ( 54)   1661:G>C
  CYP2D6.2K
    6.9e           42522612:SNP.CG  214 ( 47) F 4180:G>C
    6.9e           42522677:SNP.GA    0 (  0)   4115:C>T
    6.6e           42523942:SNP.GA  229 ( 51) F 2850:C>T
    6.3e           42525131:SNP.CG  112 ( 54)   1661:G>C
  CYP2D6.2CW
    6.9e           42522612:SNP.CG  214 ( 47) F 4180:G>C
    6.6e           42523942:SNP.GA  229 ( 51) F 2850:C>T
    6.5e           42524322:SNP.AG    0 (  0)   2470:T>C
    6.3e           42525131:SNP.CG  112 ( 54)   1661:G>C
    6.1i           42525951:SNP.AC  293 ( 51)   843:T>G
    6.1i           42526048:SNP.GC  299 ( 48)   746:C>G
    6.1i           42526483:SNP.CA  271 ( 56)   310:G>T
    6.0i           42527470:SNP.CT  336 ( 67)   -678:G>A
    6.0i           42527532:SNP.GA  239 ( 62)   -740:C>T
    6.0i           42528027:SNP.TC   14 (100)   -1235:A>G
    6.0i           42528381:SNP.GC   11 ( 61) F -1584:C>G
  CYP2D6.2AW
    6.9e           42522612:SNP.CG  214 ( 47) F 4180:G>C
    6.6e           42523942:SNP.GA  229 ( 51) F 2850:C>T
    6.3e           42525131:SNP.CG  112 ( 54)   1661:G>C
    6.1i           42525951:SNP.AC  293 ( 51)   843:T>G
    6.1i           42526048:SNP.GC  299 ( 48)   746:C>G
    6.1i           42526483:SNP.CA  271 ( 56)   310:G>T
    6.1i           42526548:SNP.TC  274 ( 63)   CYP2D7:i1:5491
    6.1i           42526560:SNP.TG  275 ( 64)   CYP2D7:i1:5503
    6.1i           42526561:SNP.CG  275 ( 65)   CYP2D7:i1:5504
    6.1i           42526566:SNP.AG  272 ( 63)   CYP2D7:i1:5509
    6.1i           42526570:SNP.GC  271 ( 64)   CYP2D7:i1:5513
    6.1i           42526572:SNP.GT  272 ( 63)   CYP2D7:i1:5515
    6.0i           42527470:SNP.CT  336 ( 67)   -678:G>A
    6.0i           42527532:SNP.GA  239 ( 62)   -740:C>T
    6.0i           42528027:SNP.TC   14 (100)   -1235:A>G
    6.0i           42528381:SNP.GC   11 ( 61) F -1584:C>G
  CYP2D6.2FW
    6.9e           42522612:SNP.CG  214 ( 47) F 4180:G>C
    6.6e           42523942:SNP.GA  229 ( 51) F 2850:C>T
    6.3e           42525068:SNP.GA    0 (  0)   1724:C>T
    6.3e           42525131:SNP.CG  112 ( 54)   1661:G>C
    6.1i           42525951:SNP.AC  293 ( 51)   843:T>G
    6.1i           42526048:SNP.GC  299 ( 48)   746:C>G
    6.1i           42526483:SNP.CA  271 ( 56)   310:G>T
    6.0i           42527470:SNP.CT  336 ( 67)   -678:G>A
    6.0i           42527532:SNP.GA  239 ( 62)   -740:C>T
    6.0i           42528027:SNP.TC   14 (100)   -1235:A>G
    6.0i           42528381:SNP.GC   11 ( 61) F -1584:C>G
  CYP2D6.2HW
    6.9e           42522612:SNP.CG  214 ( 47) F 4180:G>C
    6.6e           42523942:SNP.GA  229 ( 51) F 2850:C>T
    6.5e           42524312:SNP.GA    0 (  0)   2480:C>T
    6.3e           42525131:SNP.CG  112 ( 54)   1661:G>C
    6.1i           42525951:SNP.AC  293 ( 51)   843:T>G
    6.1i           42526048:SNP.GC  299 ( 48)   746:C>G
    6.1i           42526483:SNP.CA  271 ( 56)   310:G>T
    6.0i           42527470:SNP.CT  336 ( 67)   -678:G>A
    6.0i           42527532:SNP.GA  239 ( 62)   -740:C>T
    6.0i           42528027:SNP.TC   14 (100)   -1235:A>G
    6.0i           42528381:SNP.GC   11 ( 61) F -1584:C>G
  CYP2D6.2DW
    6.9e           42522612:SNP.CG  214 ( 47) F 4180:G>C
    6.6e           42523942:SNP.GA  229 ( 51) F 2850:C>T
    6.1i           42525951:SNP.AC  293 ( 51)   843:T>G
    6.1i           42526048:SNP.GC  299 ( 48)   746:C>G
    6.1i           42526483:SNP.CA  271 ( 56)   310:G>T
    6.0i           42527470:SNP.CT  336 ( 67)   -678:G>A
    6.0i           42527532:SNP.GA  239 ( 62)   -740:C>T
    6.0i           42528027:SNP.TC   14 (100)   -1235:A>G
    6.0i           42528381:SNP.GC   11 ( 61) F -1584:C>G
  CYP2D6.2GW
    6.9e           42522612:SNP.CG  214 ( 47) F 4180:G>C
    6.6e           42523942:SNP.GA  229 ( 51) F 2850:C>T
    6.5e           42524217:SNP.GT    0 (  0)   2575:C>A
    6.5e           42524322:SNP.AG    0 (  0)   2470:T>C
    6.3e           42525131:SNP.CG  112 ( 54)   1661:G>C
    6.1i           42525951:SNP.AC  293 ( 51)   843:T>G
    6.1i           42526048:SNP.GC  299 ( 48)   746:C>G
    6.1i           42526483:SNP.CA  271 ( 56)   310:G>T
    6.0i           42527470:SNP.CT  336 ( 67)   -678:G>A
    6.0i           42527532:SNP.GA  239 ( 62)   -740:C>T
    6.0i           42528027:SNP.TC   14 (100)   -1235:A>G
    6.0i           42528381:SNP.GC   11 ( 61) F -1584:C>G
  CYP2D6.2MW
    6.ins          42522311:SNP.CT  204 ( 68)   4481:G>A
    6.9e           42522612:SNP.CG  214 ( 47) F 4180:G>C
    6.7i           42523002:SNP.GA  362 ( 78)   3790:C>T
    6.7i           42523208:SNP.CT  252 ( 51)   3584:G>A
    6.7i           42523408:SNP.TG  404 ( 62)   3384:A>C
    6.6e           42523942:SNP.GA  229 ( 51) F 2850:C>T
    6.3e           42525131:SNP.CG  112 ( 54)   1661:G>C
    6.1i           42525951:SNP.AC  293 ( 51)   843:T>G
    6.1i           42526048:SNP.GC  299 ( 48)   746:C>G
    6.1i           42526483:SNP.CA  271 ( 56)   310:G>T
    6.1i           42526548:SNP.TC  274 ( 63)   CYP2D7:i1:5491
    6.1i           42526560:SNP.TG  275 ( 64)   CYP2D7:i1:5503
    6.1i           42526561:SNP.CG  275 ( 65)   CYP2D7:i1:5504
    6.1i           42526566:SNP.AG  272 ( 63)   CYP2D7:i1:5509
    6.1i           42526570:SNP.GC  271 ( 64)   CYP2D7:i1:5513
    6.1i           42526572:SNP.GT  272 ( 63)   CYP2D7:i1:5515
    6.0i           42527470:SNP.CT  336 ( 67)   -678:G>A
    6.0i           42527532:SNP.GA  239 ( 62)   -740:C>T
    6.0i           42527541:DEL.TC    0 (  0)   -750:delGA
    6.0i           42528027:SNP.TC   14 (100)   -1235:A>G
    6.0i           42528381:SNP.GC   11 ( 61) F -1584:C>G
  CYP2D6.2BW
    6.9e           42522612:SNP.CG  214 ( 47) F 4180:G>C
    6.6e           42523942:SNP.GA  229 ( 51) F 2850:C>T
    6.3e           42525131:SNP.CG  112 ( 54)   1661:G>C
    6.2e           42525755:SNP.GA    0 (  0)   1039:C>T
    6.1i           42525951:SNP.AC  293 ( 51)   843:T>G
    6.1i           42526048:SNP.GC  299 ( 48)   746:C>G
    6.1i           42526483:SNP.CA  271 ( 56)   310:G>T
    6.0i           42527470:SNP.CT  336 ( 67)   -678:G>A
    6.0i           42527532:SNP.GA  239 ( 62)   -740:C>T
    6.0i           42528027:SNP.TC   14 (100)   -1235:A>G
    6.0i           42528381:SNP.GC   11 ( 61) F -1584:C>G
  CYP2D6.2LW
    6.9e           42522612:SNP.CG  214 ( 47) F 4180:G>C
    6.7i           42523002:SNP.GA  362 ( 78)   3790:C>T
    6.7i           42523208:SNP.CT  252 ( 51)   3584:G>A
    6.7i           42523408:SNP.TG  404 ( 62)   3384:A>C
    6.6e           42523942:SNP.GA  229 ( 51) F 2850:C>T
    6.3e           42525035:SNP.GA    0 (  0)   1757:C>T
    6.3e           42525131:SNP.CG  112 ( 54)   1661:G>C
    6.2i           42525279:SNP.GA    0 (  0)   1513:C>T
    6.1i           42525951:SNP.AC  293 ( 51)   843:T>G
    6.1i           42526048:SNP.GC  299 ( 48)   746:C>G
    6.1i           42526483:SNP.CA  271 ( 56)   310:G>T
    6.0i           42527470:SNP.CT  336 ( 67)   -678:G>A
    6.0i           42527532:SNP.GA  239 ( 62)   -740:C>T
    6.0i           42528027:SNP.TC   14 (100)   -1235:A>G
    6.0i           42528095:SNP.CT    0 (  0)   -1298:G>A
    6.0i           42528381:SNP.GC   11 ( 61) F -1584:C>G
  CYP2D6.2EW
    6.9e           42522612:SNP.CG  214 ( 47) F 4180:G>C
    6.6e           42523942:SNP.GA  229 ( 51) F 2850:C>T
    6.3e           42525131:SNP.CG  112 ( 54)   1661:G>C
    6.2e           42525797:SNP.GC    0 (  0)   997:C>G
    6.1i           42525951:SNP.AC  293 ( 51)   843:T>G
    6.1i           42526048:SNP.GC  299 ( 48)   746:C>G
    6.1i           42526483:SNP.CA  271 ( 56)   310:G>T
    6.0i           42527470:SNP.CT  336 ( 67)   -678:G>A
    6.0i           42527532:SNP.GA  239 ( 62)   -740:C>T
    6.0i           42528027:SNP.TC   14 (100)   -1235:A>G
    6.0i           42528381:SNP.GC   11 ( 61) F -1584:C>G
  CYP2D6.34
    6.6e           42523942:SNP.GA  229 ( 51) F 2850:C>T
  CYP2D6.35B
    6.ins          42522311:SNP.CT  204 ( 68)   4481:G>A
    6.9e           42522612:SNP.CG  214 ( 47) F 4180:G>C
    6.7i           42523002:SNP.GA  362 ( 78)   3790:C>T
    6.7i           42523208:SNP.CT  252 ( 51)   3584:G>A
    6.7i           42523408:SNP.TG  404 ( 62)   3384:A>C
    6.6e           42523942:SNP.GA  229 ( 51) F 2850:C>T
    6.3e           42525131:SNP.CG  112 ( 54)   1661:G>C
    6.1i           42525951:SNP.AC  293 ( 51)   843:T>G
    6.1i           42526048:SNP.GC  299 ( 48)   746:C>G
    6.1i           42526483:SNP.CA  271 ( 56)   310:G>T
    6.1e           42526762:SNP.CT  254 ( 50) F 31:G>A
    6.0i           42526930:SNP.TC    0 (  0)   -138:A>G
    6.0i           42527470:SNP.CT  336 ( 67)   -678:G>A
    6.0i           42527532:SNP.GA  239 ( 62)   -740:C>T
    6.0i           42528027:SNP.TC   14 (100)   -1235:A>G
    6.0i           42528381:SNP.GC   11 ( 61) F -1584:C>G
  CYP2D6.35A
    6.9e           42522612:SNP.CG  214 ( 47) F 4180:G>C
    6.6e           42523942:SNP.GA  229 ( 51) F 2850:C>T
    6.3e           42525131:SNP.CG  112 ( 54)   1661:G>C
    6.1e           42526762:SNP.CT  254 ( 50) F 31:G>A
    6.0i           42528381:SNP.GC   11 ( 61) F -1584:C>G
  CYP2D6.39
    6.9e           42522612:SNP.CG  214 ( 47) F 4180:G>C
    6.3e           42525131:SNP.CG  112 ( 54)   1661:G>C
  CYP2D6.5
  CYP2D6.61
  CYP2D6.63
    6.7i           42523002:SNP.GA  362 ( 78)   3790:C>T
    6.7i           42523208:SNP.CT  252 ( 51)   3584:G>A
    6.7i           42523408:SNP.TG  404 ( 62)   3384:A>C
    6.6e           42523942:SNP.GA  229 ( 51) F 2850:C>T
    6.3e           42525131:SNP.CG  112 ( 54)   1661:G>C
    6.1i           42525951:SNP.AC  293 ( 51)   843:T>G
    6.1i           42526048:SNP.GC  299 ( 48)   746:C>G
    6.1i           42526483:SNP.CA  271 ( 56)   310:G>T
    6.1i           42526548:SNP.TC  274 ( 63)   CYP2D7:i1:5491
    6.1i           42526560:SNP.TG  275 ( 64)   CYP2D7:i1:5503
    6.1i           42526561:SNP.CG  275 ( 65)   CYP2D7:i1:5504
    6.1i           42526566:SNP.AG  272 ( 63)   CYP2D7:i1:5509
    6.1i           42526570:SNP.GC  271 ( 64)   CYP2D7:i1:5513
    6.1i           42526572:SNP.GT  272 ( 63)   CYP2D7:i1:5515
    6.0i           42527470:SNP.CT  336 ( 67)   -678:G>A
    6.0i           42527532:SNP.GA  239 ( 62)   -740:C>T
    6.0i           42528027:SNP.TC   14 (100)   -1235:A>G
    6.0i           42528381:SNP.GC   11 ( 61) F -1584:C>G
  CYP2D6.67$1
  CYP2D6.76$1
  CYP2D6.77$1
  CYP2D6.78$1
  CYP2D6.79$1
  CYP2D6.80$1
  CYP2D6.83
    6.1i           42525951:SNP.AC  293 ( 51)   843:T>G
  CYP2D6.9
    6.5e           42524175:DEL.CTT  171 ( 45) F 2615:delAAG
== Copy Number Estimator ==
CNV factor: 3.16566200622 (0.315889693226)
Coverage per region
  region:  2D6  2D7
  0i   :  2.14  1.89 
  1e   :  1.42  1.82 = -0.40
  1i   :  2.04  2.00 =  0.05
  2e   :  0.97  0.80 =  0.17
  2i   :  1.49  0.43 =  1.06
  3e   :  0.99  0.78 =  0.21
  3i   :  1.68  1.58 
  4e   :  1.48  1.74 
  4i   :  2.07  2.74 
  5e   :  2.17  2.43 = -0.27
  5i   :  1.76  2.30 = -0.54
  6e   :  2.09  2.54 = -0.45
  6i   :  2.30  2.52 = -0.22
  7e   :  1.54  1.74 
  7i   :  2.32  1.96 
  8e   :  1.74  2.33 
  8i   :  2.30  2.34 
  9e   :  2.07  1.96 =  0.10
  ins  :  2.45  1.82 
  pce  :  0.00  2.07 = -2.07
  rep  :  1.77  2.96 
Max. CN = 3
M  Sentinel contraint for 61: A_61^ <= A_61
M  Sentinel contraint for 63: A_63^ <= A_63
M  Sentinel contraint for 67: A_67^ <= A_67
M  Sentinel contraint for 80: A_80^ <= A_80
M  Sentinel contraint for 1: A_1^ <= A_1
M  Sentinel contraint for 5: A_5^ <= A_5
M  Sentinel contraint for 77: A_77^ <= A_77
M  Sentinel contraint for 76: A_76^ <= A_76
M  Sentinel contraint for 79: A_79^ <= A_79
M  Sentinel contraint for 78: A_78^ <= A_78
M  Sentinel contraint for 13: A_13^ <= A_13
M  Sentinel contraint for 16: A_16^ <= A_16
M  Sentinel contraint for 36: A_36^ <= A_36
M  Sentinel contraint for 36: A_36_2 <= A_36
M  Sentinel contraint for 36: A_36_3 <= A_36_2
M  Sentinel contraint for 1: A_1_3 <= A_1_2
M  Contraint for 6e: -0.447802205286 == E_6e + <gurobi.LinExpr: 0.0 A5^ + -1.0 A5^ + A78^ + -0.0 A78^ + A1^ + -1.0 A1^ + A61 + -1.0 A61 + A63 + -1.0 A63 + A1_3 + -0.0 A1_3 + A80^ + -0.0 A80^ + A67 + -0.0 A67 + A80 + -0.0 A80 + A67^ + -0.0 A67^ + A61^ + -1.0 A61^ + 0.0 A77^ + -1.0 A77^ + A63^ + -1.0 A63^ + A1 + -1.0 A1 + 0.0 A16^ + -1.0 A16^ + 0.0 A5 + -1.0 A5 + A36_2 + -0.0 A36_2 + A36_3 + -0.0 A36_3 + A79^ + -0.0 A79^ + 0.0 A77 + -1.0 A77 + 0.0 A76 + -1.0 A76 + A79 + -0.0 A79 + A78 + -0.0 A78 + A36^ + -1.0 A36^ + A13 + -0.0 A13 + 0.0 A76^ + -1.0 A76^ + 0.0 A16 + -1.0 A16 + A36 + -1.0 A36 + A13^ + -0.0 A13^ + A1_2 + -0.0 A1_2>
M  Contraint for 5e: -0.267485775074 == E_5e + <gurobi.LinExpr: 0.0 A5^ + -1.0 A5^ + A78^ + -0.0 A78^ + A1^ + -1.0 A1^ + A61 + -1.0 A61 + A63 + -1.0 A63 + A1_3 + -0.0 A1_3 + A80^ + -0.0 A80^ + 0.5 A67 + -0.5 A67 + A80 + -0.0 A80 + 0.5 A67^ + -0.5 A67^ + A61^ + -1.0 A61^ + 0.0 A77^ + -1.0 A77^ + A63^ + -1.0 A63^ + A1 + -1.0 A1 + 0.0 A16^ + -1.0 A16^ + 0.0 A5 + -1.0 A5 + A36_2 + -0.0 A36_2 + A36_3 + -0.0 A36_3 + A79^ + -0.0 A79^ + 0.0 A77 + -1.0 A77 + 0.0 A76 + -1.0 A76 + A79 + -0.0 A79 + A78 + -0.0 A78 + A36^ + -1.0 A36^ + A13 + -0.0 A13 + 0.0 A76^ + -1.0 A76^ + 0.0 A16 + -1.0 A16 + A36 + -1.0 A36 + A13^ + -0.0 A13^ + A1_2 + -0.0 A1_2>
M  Contraint for 6i: -0.220839527412 == E_6i + <gurobi.LinExpr: 0.0 A5^ + -1.0 A5^ + A78^ + -0.0 A78^ + A1^ + -1.0 A1^ + A61 + -1.0 A61 + A63 + -1.0 A63 + A1_3 + -0.0 A1_3 + A80^ + -0.0 A80^ + A67 + -0.0 A67 + A80 + -0.0 A80 + A67^ + -0.0 A67^ + A61^ + -1.0 A61^ + 0.0 A77^ + -1.0 A77^ + A63^ + -1.0 A63^ + A1 + -1.0 A1 + 0.0 A16^ + -1.0 A16^ + 0.0 A5 + -1.0 A5 + A36_2 + -0.0 A36_2 + A36_3 + -0.0 A36_3 + A79^ + -0.0 A79^ + 0.0 A77 + -1.0 A77 + 0.0 A76 + -1.0 A76 + A79 + -0.0 A79 + A78 + -0.0 A78 + A36^ + -1.0 A36^ + A13 + -0.0 A13 + 0.0 A76^ + -1.0 A76^ + 0.0 A16 + -1.0 A16 + A36 + -1.0 A36 + A13^ + -0.0 A13^ + A1_2 + -0.0 A1_2>
M  Contraint for 9e: 0.103102753607 == E_9e + <gurobi.LinExpr: 0.0 A5^ + -1.0 A5^ + A78^ + -0.0 A78^ + A1^ + -1.0 A1^ + 0.0 A61 + -2.0 A61 + 0.0 A63 + -2.0 A63 + A1_3 + -0.0 A1_3 + A80^ + -0.0 A80^ + A67 + -0.0 A67 + A80 + -0.0 A80 + A67^ + -0.0 A67^ + 0.0 A61^ + -2.0 A61^ + A77^ + -0.0 A77^ + 0.0 A63^ + -2.0 A63^ + A1 + -1.0 A1 + A16^ + -0.0 A16^ + 0.0 A5 + -1.0 A5 + 0.0 A36_2 + -1.0 A36_2 + 0.0 A36_3 + -1.0 A36_3 + A79^ + -0.0 A79^ + A77 + -0.0 A77 + 0.5 A76 + -0.5 A76 + A79 + -0.0 A79 + A78 + -0.0 A78 + 0.0 A36^ + -2.0 A36^ + A13 + -0.0 A13 + 0.5 A76^ + -0.5 A76^ + A16 + -0.0 A16 + 0.0 A36 + -2.0 A36 + A13^ + -0.0 A13^ + A1_2 + -0.0 A1_2>
M  Contraint for 2e: 0.169327731164 == E_2e + <gurobi.LinExpr: 0.0 A5^ + -1.0 A5^ + 0.0 A78^ + -1.0 A78^ + A1^ + -1.0 A1^ + A61 + -1.0 A61 + A63 + -1.0 A63 + A1_3 + -0.0 A1_3 + 0.0 A80^ + -1.0 A80^ + 0.0 A67 + -1.0 A67 + 0.0 A80 + -1.0 A80 + 0.0 A67^ + -1.0 A67^ + A61^ + -1.0 A61^ + 0.0 A77^ + -1.0 A77^ + A63^ + -1.0 A63^ + A1 + -1.0 A1 + 0.0 A16^ + -1.0 A16^ + 0.0 A5 + -1.0 A5 + A36_2 + -0.0 A36_2 + A36_3 + -0.0 A36_3 + 0.5 A79^ + -0.5 A79^ + 0.0 A77 + -1.0 A77 + 0.0 A76 + -1.0 A76 + 0.5 A79 + -0.5 A79 + 0.0 A78 + -1.0 A78 + A36^ + -1.0 A36^ + A13 + -0.0 A13 + 0.0 A76^ + -1.0 A76^ + 0.0 A16 + -1.0 A16 + A36 + -1.0 A36 + A13^ + -0.0 A13^ + A1_2 + -0.0 A1_2>
M  Contraint for 1e: -0.396037028548 == E_1e + <gurobi.LinExpr: 0.0 A5^ + -1.0 A5^ + 0.0 A78^ + -1.0 A78^ + A1^ + -1.0 A1^ + A61 + -1.0 A61 + A63 + -1.0 A63 + A1_3 + -0.0 A1_3 + 0.0 A80^ + -1.0 A80^ + 0.0 A67 + -1.0 A67 + 0.0 A80 + -1.0 A80 + 0.0 A67^ + -1.0 A67^ + A61^ + -1.0 A61^ + 0.0 A77^ + -1.0 A77^ + A63^ + -1.0 A63^ + A1 + -1.0 A1 + 0.0 A16^ + -1.0 A16^ + 0.0 A5 + -1.0 A5 + A36_2 + -0.0 A36_2 + A36_3 + -0.0 A36_3 + 0.0 A79^ + -1.0 A79^ + 0.0 A77 + -1.0 A77 + 0.0 A76 + -1.0 A76 + 0.0 A79 + -1.0 A79 + 0.0 A78 + -1.0 A78 + A36^ + -1.0 A36^ + 0.0 A13 + -1.0 A13 + 0.0 A76^ + -1.0 A76^ + 0.0 A16 + -1.0 A16 + A36 + -1.0 A36 + 0.0 A13^ + -1.0 A13^ + A1_2 + -0.0 A1_2>
M  Contraint for 1i: 0.0480071134957 == E_1i + <gurobi.LinExpr: 0.0 A5^ + -1.0 A5^ + 0.0 A78^ + -1.0 A78^ + A1^ + -1.0 A1^ + A61 + -1.0 A61 + A63 + -1.0 A63 + A1_3 + -0.0 A1_3 + 0.0 A80^ + -1.0 A80^ + 0.0 A67 + -1.0 A67 + 0.0 A80 + -1.0 A80 + 0.0 A67^ + -1.0 A67^ + A61^ + -1.0 A61^ + 0.0 A77^ + -1.0 A77^ + A63^ + -1.0 A63^ + A1 + -1.0 A1 + 0.0 A16^ + -1.0 A16^ + 0.0 A5 + -1.0 A5 + A36_2 + -0.0 A36_2 + A36_3 + -0.0 A36_3 + 0.0 A79^ + -1.0 A79^ + 0.0 A77 + -1.0 A77 + 0.0 A76 + -1.0 A76 + 0.0 A79 + -1.0 A79 + 0.0 A78 + -1.0 A78 + A36^ + -1.0 A36^ + 0.5 A13 + -0.5 A13 + 0.0 A76^ + -1.0 A76^ + 0.0 A16 + -1.0 A16 + A36 + -1.0 A36 + 0.5 A13^ + -0.5 A13^ + A1_2 + -0.0 A1_2>
M  Contraint for 5i: -0.539153390361 == E_5i + <gurobi.LinExpr: 0.0 A5^ + -1.0 A5^ + A78^ + -0.0 A78^ + A1^ + -1.0 A1^ + A61 + -1.0 A61 + A63 + -1.0 A63 + A1_3 + -0.0 A1_3 + A80^ + -0.0 A80^ + A67 + -0.0 A67 + A80 + -0.0 A80 + A67^ + -0.0 A67^ + A61^ + -1.0 A61^ + 0.0 A77^ + -1.0 A77^ + A63^ + -1.0 A63^ + A1 + -1.0 A1 + 0.0 A16^ + -1.0 A16^ + 0.0 A5 + -1.0 A5 + A36_2 + -0.0 A36_2 + A36_3 + -0.0 A36_3 + A79^ + -0.0 A79^ + 0.0 A77 + -1.0 A77 + 0.0 A76 + -1.0 A76 + A79 + -0.0 A79 + A78 + -0.0 A78 + A36^ + -1.0 A36^ + A13 + -0.0 A13 + 0.0 A76^ + -1.0 A76^ + 0.0 A16 + -1.0 A16 + A36 + -1.0 A36 + A13^ + -0.0 A13^ + A1_2 + -0.0 A1_2>
M  Contraint for 2i: 1.06180571187 == E_2i + <gurobi.LinExpr: 0.0 A5^ + -1.0 A5^ + 0.0 A78^ + -1.0 A78^ + A1^ + -1.0 A1^ + A61 + -1.0 A61 + A63 + -1.0 A63 + A1_3 + -0.0 A1_3 + 0.5 A80^ + -0.5 A80^ + 0.0 A67 + -1.0 A67 + 0.5 A80 + -0.5 A80 + 0.0 A67^ + -1.0 A67^ + A61^ + -1.0 A61^ + 0.0 A77^ + -1.0 A77^ + A63^ + -1.0 A63^ + A1 + -1.0 A1 + 0.0 A16^ + -1.0 A16^ + 0.0 A5 + -1.0 A5 + A36_2 + -0.0 A36_2 + A36_3 + -0.0 A36_3 + A79^ + -0.0 A79^ + 0.0 A77 + -1.0 A77 + 0.0 A76 + -1.0 A76 + A79 + -0.0 A79 + 0.0 A78 + -1.0 A78 + A36^ + -1.0 A36^ + A13 + -0.0 A13 + 0.0 A76^ + -1.0 A76^ + 0.0 A16 + -1.0 A16 + A36 + -1.0 A36 + A13^ + -0.0 A13^ + A1_2 + -0.0 A1_2>
M  Contraint for 3e: 0.213441914871 == E_3e + <gurobi.LinExpr: 0.0 A5^ + -1.0 A5^ + 0.0 A78^ + -1.0 A78^ + A1^ + -1.0 A1^ + A61 + -1.0 A61 + A63 + -1.0 A63 + A1_3 + -0.0 A1_3 + A80^ + -0.0 A80^ + 0.0 A67 + -1.0 A67 + A80 + -0.0 A80 + 0.0 A67^ + -1.0 A67^ + A61^ + -1.0 A61^ + 0.0 A77^ + -1.0 A77^ + A63^ + -1.0 A63^ + A1 + -1.0 A1 + 0.0 A16^ + -1.0 A16^ + 0.0 A5 + -1.0 A5 + A36_2 + -0.0 A36_2 + A36_3 + -0.0 A36_3 + A79^ + -0.0 A79^ + 0.0 A77 + -1.0 A77 + 0.0 A76 + -1.0 A76 + A79 + -0.0 A79 + 0.0 A78 + -1.0 A78 + A36^ + -1.0 A36^ + A13 + -0.0 A13 + 0.0 A76^ + -1.0 A76^ + 0.0 A16 + -1.0 A16 + A36 + -1.0 A36 + A13^ + -0.0 A13^ + A1_2 + -0.0 A1_2>
M  Contraint for pce: -2.06716068846 == E_pce + <gurobi.LinExpr: 0.0 A5^ + -1.0 A5^ + A78^ + -0.0 A78^ + 0.0 A1^ + -1.0 A1^ + 0.0 A61 + -2.0 A61 + 0.0 A63 + -2.0 A63 + 0.0 A1_3 + -0.0 A1_3 + A80^ + -0.0 A80^ + A67 + -0.0 A67 + A80 + -0.0 A80 + A67^ + -0.0 A67^ + 0.0 A61^ + -2.0 A61^ + A77^ + -0.0 A77^ + 0.0 A63^ + -2.0 A63^ + 0.0 A1 + -1.0 A1 + A16^ + -0.0 A16^ + 0.0 A5 + -1.0 A5 + 0.0 A36_2 + -1.0 A36_2 + 0.0 A36_3 + -1.0 A36_3 + A79^ + -0.0 A79^ + A77 + -0.0 A77 + A76 + -0.0 A76 + A79 + -0.0 A79 + A78 + -0.0 A78 + 0.0 A36^ + -2.0 A36^ + A13 + -0.0 A13 + A76^ + -0.0 A76^ + A16 + -0.0 A16 + 0.0 A36 + -2.0 A36 + A13^ + -0.0 A13^ + 0.0 A1_2 + -0.0 A1_2>
M  Objective: <gurobi.LinExpr: C41 + C42 + C43 + C44 + C45 + C46 + C47 + C48 + C49 + C50 + 1.5 C51 + 0.5 A5^ + 0.5 A78^ + 0.5 A1^ + 0.5 A61 + 0.5 A63 + 0.5 A1_3 + 0.5 A80^ + 0.5 A67 + 0.5 A80 + 0.5 A67^ + 0.5 A61^ + 0.5 A77^ + 0.5 A63^ + 0.5 A1 + 0.5 A16^ + 0.5 A5 + 0.5 A36_2 + 0.5 A36_3 + 0.5 A79^ + 0.5 A77 + 0.5 A76 + 0.5 A79 + 0.5 A78 + 0.5 A36^ + 0.5 A13 + 0.5 A76^ + 0.5 A16 + 0.5 A36 + 0.5 A13^ + 0.5 A1_2 + 0.1 A78^ + 0.1 A80^ + 0.1 A67 + 0.1 A80 + 0.1 A67^ + 0.1 A77^ + 0.1 A16^ + 0.1 A79^ + 0.1 A77 + 0.1 A76 + 0.1 A79 + 0.1 A78 + 0.1 A13 + 0.1 A76^ + 0.1 A16 + 0.1 A13^>
CN Solver status: optimal, opt: 4.56774418438
  Solutions:
    ('1', '1^')
== Initial Solver ==
Solving Counter({'1': 2})
Possible candidates:
  CYP2D6.1
  CYP2D6.2A
    6.9e 42522612:SNP.CG  214 ( 47) F 4180:G>C
    6.6e 42523942:SNP.GA  229 ( 51) F 2850:C>T
    6.0i 42528381:SNP.GC   11 ( 61) F -1584:C>G
  CYP2D6.2B
    6.9e 42522612:SNP.CG  214 ( 47) F 4180:G>C
    6.6e 42523942:SNP.GA  229 ( 51) F 2850:C>T
  CYP2D6.34
    6.6e 42523942:SNP.GA  229 ( 51) F 2850:C>T
  CYP2D6.35A
    6.9e 42522612:SNP.CG  214 ( 47) F 4180:G>C
    6.1e 42526762:SNP.CT  254 ( 50) F 31:G>A
    6.6e 42523942:SNP.GA  229 ( 51) F 2850:C>T
    6.0i 42528381:SNP.GC   11 ( 61) F -1584:C>G
  CYP2D6.39
    6.9e 42522612:SNP.CG  214 ( 47) F 4180:G>C
  CYP2D6.9
    6.5e 42524175:DEL.CTT  171 ( 45) F 2615:delAAG
M  Max. CN for 39 = 2
M  Max. CN for 35A = 2
M  Max. CN for 34 = 2
M  Max. CN for 1 = 2
M  Max. CN for 2A = 2
M  Max. CN for 2B = 2
M  Max. CN for 9 = 2
M  Contraint for 42528381:REF 6.0i: 7 == <gurobi.QuadExpr: 9.0 39 + 9.0 35A + 9.0 35A_2 + 9.0 39_2 + 9.0 9_2 + 9.0 34 + 9.0 1 + 9.0 2A_2 + 9.0 2A + 9.0 2B + 9.0 9 + 9.0 2B_2 + 9.0 34_2 + 9.0 1_2 + [ -9.0 REG_35A_42528381:SNP.GC * 35A + -9.0 REG_35A_2_42528381:SNP.GC * 35A_2 + -9.0 REG_2A_2_42528381:SNP.GC * 2A_2 + -9.0 REG_2A_42528381:SNP.GC * 2A ]> + err
M  Contraint for 42523942:REF 6.6e: 218 == <gurobi.QuadExpr: 223.5 39 + 223.5 35A + 223.5 35A_2 + 223.5 39_2 + 223.5 9_2 + 223.5 34 + 223.5 1 + 223.5 2A_2 + 223.5 2A + 223.5 2B + 223.5 9 + 223.5 2B_2 + 223.5 34_2 + 223.5 1_2 + [ -223.5 REG_35A_42523942:SNP.GA * 35A + -223.5 REG_35A_2_42523942:SNP.GA * 35A_2 + -223.5 REG_34_42523942:SNP.GA * 34 + -223.5 REG_2A_2_42523942:SNP.GA * 2A_2 + -223.5 REG_2A_42523942:SNP.GA * 2A + -223.5 REG_2B_42523942:SNP.GA * 2B + -223.5 REG_2B_2_42523942:SNP.GA * 2B_2 + -223.5 REG_34_2_42523942:SNP.GA * 34_2 ]> + err
M  Contraint for 42524175:REF 6.5e: 213 == <gurobi.QuadExpr: 192.0 39 + 192.0 35A + 192.0 35A_2 + 192.0 39_2 + 192.0 9_2 + 192.0 34 + 192.0 1 + 192.0 2A_2 + 192.0 2A + 192.0 2B + 192.0 9 + 192.0 2B_2 + 192.0 34_2 + 192.0 1_2 + [ -192.0 REG_9_2_42524175:DEL.CTT * 9_2 + -192.0 REG_9_42524175:DEL.CTT * 9 ]> + err
M  Contraint for 42522612:REF 6.9e: 237 == <gurobi.QuadExpr: 225.5 39 + 225.5 35A + 225.5 35A_2 + 225.5 39_2 + 225.5 9_2 + 225.5 34 + 225.5 1 + 225.5 2A_2 + 225.5 2A + 225.5 2B + 225.5 9 + 225.5 2B_2 + 225.5 34_2 + 225.5 1_2 + [ -225.5 REG_39_42522612:SNP.CG * 39 + -225.5 REG_35A_42522612:SNP.CG * 35A + -225.5 REG_35A_2_42522612:SNP.CG * 35A_2 + -225.5 REG_39_2_42522612:SNP.CG * 39_2 + -225.5 REG_2A_2_42522612:SNP.CG * 2A_2 + -225.5 REG_2A_42522612:SNP.CG * 2A + -225.5 REG_2B_42522612:SNP.CG * 2B + -225.5 REG_2B_2_42522612:SNP.CG * 2B_2 ]> + err
M  Contraint for 42523942:SNP.GA 6.6e: 229 == <gurobi.QuadExpr: 0.0 + [ 223.5 REG_35A_42523942:SNP.GA * 35A + 223.5 REG_35A_2_42523942:SNP.GA * 35A_2 + 223.5 REG_34_42523942:SNP.GA * 34 + 223.5 REG_2A_2_42523942:SNP.GA * 2A_2 + 223.5 REG_2A_42523942:SNP.GA * 2A + 223.5 REG_2B_42523942:SNP.GA * 2B + 223.5 REG_2B_2_42523942:SNP.GA * 2B_2 + 223.5 REG_34_2_42523942:SNP.GA * 34_2 ]> + err
M  Contraint for 42528381:SNP.GC 6.0i: 11 == <gurobi.QuadExpr: 0.0 + [ 9.0 REG_35A_42528381:SNP.GC * 35A + 9.0 REG_35A_2_42528381:SNP.GC * 35A_2 + 9.0 REG_2A_2_42528381:SNP.GC * 2A_2 + 9.0 REG_2A_42528381:SNP.GC * 2A ]> + err
M  Contraint for 42524175:DEL.CTT 6.5e: 171 == <gurobi.QuadExpr: 0.0 + [ 192.0 REG_9_2_42524175:DEL.CTT * 9_2 + 192.0 REG_9_42524175:DEL.CTT * 9 ]> + err
M  Contraint for 42522612:SNP.CG 6.9e: 214 == <gurobi.QuadExpr: 0.0 + [ 225.5 REG_39_42522612:SNP.CG * 39 + 225.5 REG_35A_42522612:SNP.CG * 35A + 225.5 REG_35A_2_42522612:SNP.CG * 35A_2 + 225.5 REG_39_2_42522612:SNP.CG * 39_2 + 225.5 REG_2A_2_42522612:SNP.CG * 2A_2 + 225.5 REG_2A_42522612:SNP.CG * 2A + 225.5 REG_2B_42522612:SNP.CG * 2B + 225.5 REG_2B_2_42522612:SNP.CG * 2B_2 ]> + err
M  Contraint for 42526762:REF 6.1e: 258 == <gurobi.QuadExpr: 256.0 39 + 256.0 35A + 256.0 35A_2 + 256.0 39_2 + 256.0 9_2 + 256.0 34 + 256.0 1 + 256.0 2A_2 + 256.0 2A + 256.0 2B + 256.0 9 + 256.0 2B_2 + 256.0 34_2 + 256.0 1_2 + [ -256.0 REG_35A_42526762:SNP.CT * 35A + -256.0 REG_35A_2_42526762:SNP.CT * 35A_2 ]> + err
M  Contraint for 42526762:SNP.CT 6.1e: 254 == <gurobi.QuadExpr: 0.0 + [ 256.0 REG_35A_42526762:SNP.CT * 35A + 256.0 REG_35A_2_42526762:SNP.CT * 35A_2 ]> + err
M  Contraint for 39 42522612:SNP.CG: <gurobi.Var 39> >= <gurobi.Var REG_39_42522612:SNP.CG>
M  Contraint for 35A 42523942:SNP.GA: <gurobi.Var 35A> >= <gurobi.Var REG_35A_42523942:SNP.GA>
M  Contraint for 35A 42528381:SNP.GC: <gurobi.Var 35A> >= <gurobi.Var REG_35A_42528381:SNP.GC>
M  Contraint for 35A 42522612:SNP.CG: <gurobi.Var 35A> >= <gurobi.Var REG_35A_42522612:SNP.CG>
M  Contraint for 35A 42526762:SNP.CT: <gurobi.Var 35A> >= <gurobi.Var REG_35A_42526762:SNP.CT>
M  Contraint for 35A_2 42523942:SNP.GA: <gurobi.Var 35A_2> >= <gurobi.Var REG_35A_2_42523942:SNP.GA>
M  Contraint for 35A_2 42528381:SNP.GC: <gurobi.Var 35A_2> >= <gurobi.Var REG_35A_2_42528381:SNP.GC>
M  Contraint for 35A_2 42522612:SNP.CG: <gurobi.Var 35A_2> >= <gurobi.Var REG_35A_2_42522612:SNP.CG>
M  Contraint for 35A_2 42526762:SNP.CT: <gurobi.Var 35A_2> >= <gurobi.Var REG_35A_2_42526762:SNP.CT>
M  Contraint for 39_2 42522612:SNP.CG: <gurobi.Var 39_2> >= <gurobi.Var REG_39_2_42522612:SNP.CG>
M  Contraint for 9_2 42524175:DEL.CTT: <gurobi.Var 9_2> >= <gurobi.Var REG_9_2_42524175:DEL.CTT>
M  Contraint for 34 42523942:SNP.GA: <gurobi.Var 34> >= <gurobi.Var REG_34_42523942:SNP.GA>
M  Contraint for 9 42524175:DEL.CTT: <gurobi.Var 9> >= <gurobi.Var REG_9_42524175:DEL.CTT>
M  Contraint for 2A 42523942:SNP.GA: <gurobi.Var 2A> >= <gurobi.Var REG_2A_42523942:SNP.GA>
M  Contraint for 2A 42528381:SNP.GC: <gurobi.Var 2A> >= <gurobi.Var REG_2A_42528381:SNP.GC>
M  Contraint for 2A 42522612:SNP.CG: <gurobi.Var 2A> >= <gurobi.Var REG_2A_42522612:SNP.CG>
M  Contraint for 2B 42523942:SNP.GA: <gurobi.Var 2B> >= <gurobi.Var REG_2B_42523942:SNP.GA>
M  Contraint for 2B 42522612:SNP.CG: <gurobi.Var 2B> >= <gurobi.Var REG_2B_42522612:SNP.CG>
M  Contraint for 2A_2 42523942:SNP.GA: <gurobi.Var 2A_2> >= <gurobi.Var REG_2A_2_42523942:SNP.GA>
M  Contraint for 2A_2 42528381:SNP.GC: <gurobi.Var 2A_2> >= <gurobi.Var REG_2A_2_42528381:SNP.GC>
M  Contraint for 2A_2 42522612:SNP.CG: <gurobi.Var 2A_2> >= <gurobi.Var REG_2A_2_42522612:SNP.CG>
M  Contraint for 34_2 42523942:SNP.GA: <gurobi.Var 34_2> >= <gurobi.Var REG_34_2_42523942:SNP.GA>
M  Contraint for 2B_2 42523942:SNP.GA: <gurobi.Var 2B_2> >= <gurobi.Var REG_2B_2_42523942:SNP.GA>
M  Contraint for 2B_2 42522612:SNP.CG: <gurobi.Var 2B_2> >= <gurobi.Var REG_2B_2_42522612:SNP.CG>
M  CN contraint for 1: 2 == <gurobi.LinExpr: 39 + 35A + 35A_2 + 39_2 + 9_2 + 34 + 1 + 9 + 2A + 2B + 2A_2 + 1_2 + 34_2 + 2B_2>
M  Sentinel contraint for 39: A_39_2 <= A_39
M  Sentinel contraint for 35A: A_35A_2 <= A_35A
M  Sentinel contraint for 34: A_34_2 <= A_34
M  Sentinel contraint for 1: A_1_2 <= A_1
M  Sentinel contraint for 2A: A_2A_2 <= A_2A
M  Sentinel contraint for 2B: A_2B_2 <= A_2B
M  Sentinel contraint for 9: A_9_2 <= A_9
M  Objective: <gurobi.LinExpr: C67 + C68 + C69 + C70 + C71 + C72 + C73 + C74 + C75 + C76>
M  Contraint for 39: A_39 * (<gurobi.LinExpr: REG_39_42522612:SNP.CG> - 1) == 0
M  Contraint for 35A: A_35A * (<gurobi.LinExpr: REG_35A_42522612:SNP.CG + REG_35A_42523942:SNP.GA + REG_35A_42526762:SNP.CT + REG_35A_42528381:SNP.GC> - 4) == 0
M  Contraint for 35A_2: A_35A_2 * (<gurobi.LinExpr: REG_35A_2_42522612:SNP.CG + REG_35A_2_42523942:SNP.GA + REG_35A_2_42526762:SNP.CT + REG_35A_2_42528381:SNP.GC> - 4) == 0
M  Contraint for 39_2: A_39_2 * (<gurobi.LinExpr: REG_39_2_42522612:SNP.CG> - 1) == 0
M  Contraint for 9_2: A_9_2 * (<gurobi.LinExpr: REG_9_2_42524175:DEL.CTT> - 1) == 0
M  Contraint for 34: A_34 * (<gurobi.LinExpr: REG_34_42523942:SNP.GA> - 1) == 0
M  Contraint for 2A_2: A_2A_2 * (<gurobi.LinExpr: REG_2A_2_42522612:SNP.CG + REG_2A_2_42523942:SNP.GA + REG_2A_2_42528381:SNP.GC> - 3) == 0
M  Contraint for 2A: A_2A * (<gurobi.LinExpr: REG_2A_42522612:SNP.CG + REG_2A_42523942:SNP.GA + REG_2A_42528381:SNP.GC> - 3) == 0
M  Contraint for 2B: A_2B * (<gurobi.LinExpr: REG_2B_42522612:SNP.CG + REG_2B_42523942:SNP.GA> - 2) == 0
M  Contraint for 9: A_9 * (<gurobi.LinExpr: REG_9_42524175:DEL.CTT> - 1) == 0
M  Contraint for 2B_2: A_2B_2 * (<gurobi.LinExpr: REG_2B_2_42522612:SNP.CG + REG_2B_2_42523942:SNP.GA> - 2) == 0
M  Contraint for 34_2: A_34_2 * (<gurobi.LinExpr: REG_34_2_42523942:SNP.GA> - 1) == 0
M  Contraint for 42522612:SNP.CG: 1 <= <gurobi.QuadExpr: 0.0 + [ 39 * REG_39_42522612:SNP.CG + 35A * REG_35A_42522612:SNP.CG + 35A_2 * REG_35A_2_42522612:SNP.CG + 39_2 * REG_39_2_42522612:SNP.CG + 2A_2 * REG_2A_2_42522612:SNP.CG + 2A * REG_2A_42522612:SNP.CG + 2B * REG_2B_42522612:SNP.CG + 2B_2 * REG_2B_2_42522612:SNP.CG ]>
M  Contraint for 42522612:SNP.CG: 1 <= <gurobi.QuadExpr: 0.0 + [ 39 * REG_39_42522612:SNP.CG + 35A * REG_35A_42522612:SNP.CG + 35A_2 * REG_35A_2_42522612:SNP.CG + 39_2 * REG_39_2_42522612:SNP.CG + 2A_2 * REG_2A_2_42522612:SNP.CG + 2A * REG_2A_42522612:SNP.CG + 2B * REG_2B_42522612:SNP.CG + 2B_2 * REG_2B_2_42522612:SNP.CG ]>
M  Contraint for 42523942:SNP.GA: 1 <= <gurobi.QuadExpr: 0.0 + [ 35A * REG_35A_42523942:SNP.GA + 35A_2 * REG_35A_2_42523942:SNP.GA + 34 * REG_34_42523942:SNP.GA + 2A_2 * REG_2A_2_42523942:SNP.GA + 2A * REG_2A_42523942:SNP.GA + 2B * REG_2B_42523942:SNP.GA + 2B_2 * REG_2B_2_42523942:SNP.GA + 34_2 * REG_34_2_42523942:SNP.GA ]>
M  Contraint for 42526762:SNP.CT: 1 <= <gurobi.QuadExpr: 0.0 + [ 35A * REG_35A_42526762:SNP.CT + 35A_2 * REG_35A_2_42526762:SNP.CT ]>
M  Contraint for 42528381:SNP.GC: 1 <= <gurobi.QuadExpr: 0.0 + [ 35A * REG_35A_42528381:SNP.GC + 35A_2 * REG_35A_2_42528381:SNP.GC + 2A_2 * REG_2A_2_42528381:SNP.GC + 2A * REG_2A_42528381:SNP.GC ]>
M  Contraint for 42522612:SNP.CG: 1 <= <gurobi.QuadExpr: 0.0 + [ 39 * REG_39_42522612:SNP.CG + 35A * REG_35A_42522612:SNP.CG + 35A_2 * REG_35A_2_42522612:SNP.CG + 39_2 * REG_39_2_42522612:SNP.CG + 2A_2 * REG_2A_2_42522612:SNP.CG + 2A * REG_2A_42522612:SNP.CG + 2B * REG_2B_42522612:SNP.CG + 2B_2 * REG_2B_2_42522612:SNP.CG ]>
M  Contraint for 42523942:SNP.GA: 1 <= <gurobi.QuadExpr: 0.0 + [ 35A * REG_35A_42523942:SNP.GA + 35A_2 * REG_35A_2_42523942:SNP.GA + 34 * REG_34_42523942:SNP.GA + 2A_2 * REG_2A_2_42523942:SNP.GA + 2A * REG_2A_42523942:SNP.GA + 2B * REG_2B_42523942:SNP.GA + 2B_2 * REG_2B_2_42523942:SNP.GA + 34_2 * REG_34_2_42523942:SNP.GA ]>
M  Contraint for 42526762:SNP.CT: 1 <= <gurobi.QuadExpr: 0.0 + [ 35A * REG_35A_42526762:SNP.CT + 35A_2 * REG_35A_2_42526762:SNP.CT ]>
M  Contraint for 42528381:SNP.GC: 1 <= <gurobi.QuadExpr: 0.0 + [ 35A * REG_35A_42528381:SNP.GC + 35A_2 * REG_35A_2_42528381:SNP.GC + 2A_2 * REG_2A_2_42528381:SNP.GC + 2A * REG_2A_42528381:SNP.GC ]>
M  Contraint for 42522612:SNP.CG: 1 <= <gurobi.QuadExpr: 0.0 + [ 39 * REG_39_42522612:SNP.CG + 35A * REG_35A_42522612:SNP.CG + 35A_2 * REG_35A_2_42522612:SNP.CG + 39_2 * REG_39_2_42522612:SNP.CG + 2A_2 * REG_2A_2_42522612:SNP.CG + 2A * REG_2A_42522612:SNP.CG + 2B * REG_2B_42522612:SNP.CG + 2B_2 * REG_2B_2_42522612:SNP.CG ]>
M  Contraint for 42524175:DEL.CTT: 1 <= <gurobi.QuadExpr: 0.0 + [ 9_2 * REG_9_2_42524175:DEL.CTT + 9 * REG_9_42524175:DEL.CTT ]>
M  Contraint for 42523942:SNP.GA: 1 <= <gurobi.QuadExpr: 0.0 + [ 35A * REG_35A_42523942:SNP.GA + 35A_2 * REG_35A_2_42523942:SNP.GA + 34 * REG_34_42523942:SNP.GA + 2A_2 * REG_2A_2_42523942:SNP.GA + 2A * REG_2A_42523942:SNP.GA + 2B * REG_2B_42523942:SNP.GA + 2B_2 * REG_2B_2_42523942:SNP.GA + 34_2 * REG_34_2_42523942:SNP.GA ]>
M  Contraint for 42522612:SNP.CG: 1 <= <gurobi.QuadExpr: 0.0 + [ 39 * REG_39_42522612:SNP.CG + 35A * REG_35A_42522612:SNP.CG + 35A_2 * REG_35A_2_42522612:SNP.CG + 39_2 * REG_39_2_42522612:SNP.CG + 2A_2 * REG_2A_2_42522612:SNP.CG + 2A * REG_2A_42522612:SNP.CG + 2B * REG_2B_42522612:SNP.CG + 2B_2 * REG_2B_2_42522612:SNP.CG ]>
M  Contraint for 42523942:SNP.GA: 1 <= <gurobi.QuadExpr: 0.0 + [ 35A * REG_35A_42523942:SNP.GA + 35A_2 * REG_35A_2_42523942:SNP.GA + 34 * REG_34_42523942:SNP.GA + 2A_2 * REG_2A_2_42523942:SNP.GA + 2A * REG_2A_42523942:SNP.GA + 2B * REG_2B_42523942:SNP.GA + 2B_2 * REG_2B_2_42523942:SNP.GA + 34_2 * REG_34_2_42523942:SNP.GA ]>
M  Contraint for 42528381:SNP.GC: 1 <= <gurobi.QuadExpr: 0.0 + [ 35A * REG_35A_42528381:SNP.GC + 35A_2 * REG_35A_2_42528381:SNP.GC + 2A_2 * REG_2A_2_42528381:SNP.GC + 2A * REG_2A_42528381:SNP.GC ]>
M  Contraint for 42522612:SNP.CG: 1 <= <gurobi.QuadExpr: 0.0 + [ 39 * REG_39_42522612:SNP.CG + 35A * REG_35A_42522612:SNP.CG + 35A_2 * REG_35A_2_42522612:SNP.CG + 39_2 * REG_39_2_42522612:SNP.CG + 2A_2 * REG_2A_2_42522612:SNP.CG + 2A * REG_2A_42522612:SNP.CG + 2B * REG_2B_42522612:SNP.CG + 2B_2 * REG_2B_2_42522612:SNP.CG ]>
M  Contraint for 42523942:SNP.GA: 1 <= <gurobi.QuadExpr: 0.0 + [ 35A * REG_35A_42523942:SNP.GA + 35A_2 * REG_35A_2_42523942:SNP.GA + 34 * REG_34_42523942:SNP.GA + 2A_2 * REG_2A_2_42523942:SNP.GA + 2A * REG_2A_42523942:SNP.GA + 2B * REG_2B_42523942:SNP.GA + 2B_2 * REG_2B_2_42523942:SNP.GA + 34_2 * REG_34_2_42523942:SNP.GA ]>
M  Contraint for 42528381:SNP.GC: 1 <= <gurobi.QuadExpr: 0.0 + [ 35A * REG_35A_42528381:SNP.GC + 35A_2 * REG_35A_2_42528381:SNP.GC + 2A_2 * REG_2A_2_42528381:SNP.GC + 2A * REG_2A_42528381:SNP.GC ]>
M  Contraint for 42522612:SNP.CG: 1 <= <gurobi.QuadExpr: 0.0 + [ 39 * REG_39_42522612:SNP.CG + 35A * REG_35A_42522612:SNP.CG + 35A_2 * REG_35A_2_42522612:SNP.CG + 39_2 * REG_39_2_42522612:SNP.CG + 2A_2 * REG_2A_2_42522612:SNP.CG + 2A * REG_2A_42522612:SNP.CG + 2B * REG_2B_42522612:SNP.CG + 2B_2 * REG_2B_2_42522612:SNP.CG ]>
M  Contraint for 42523942:SNP.GA: 1 <= <gurobi.QuadExpr: 0.0 + [ 35A * REG_35A_42523942:SNP.GA + 35A_2 * REG_35A_2_42523942:SNP.GA + 34 * REG_34_42523942:SNP.GA + 2A_2 * REG_2A_2_42523942:SNP.GA + 2A * REG_2A_42523942:SNP.GA + 2B * REG_2B_42523942:SNP.GA + 2B_2 * REG_2B_2_42523942:SNP.GA + 34_2 * REG_34_2_42523942:SNP.GA ]>
M  Contraint for 42524175:DEL.CTT: 1 <= <gurobi.QuadExpr: 0.0 + [ 9_2 * REG_9_2_42524175:DEL.CTT + 9 * REG_9_42524175:DEL.CTT ]>
M  Contraint for 42522612:SNP.CG: 1 <= <gurobi.QuadExpr: 0.0 + [ 39 * REG_39_42522612:SNP.CG + 35A * REG_35A_42522612:SNP.CG + 35A_2 * REG_35A_2_42522612:SNP.CG + 39_2 * REG_39_2_42522612:SNP.CG + 2A_2 * REG_2A_2_42522612:SNP.CG + 2A * REG_2A_42522612:SNP.CG + 2B * REG_2B_42522612:SNP.CG + 2B_2 * REG_2B_2_42522612:SNP.CG ]>
M  Contraint for 42523942:SNP.GA: 1 <= <gurobi.QuadExpr: 0.0 + [ 35A * REG_35A_42523942:SNP.GA + 35A_2 * REG_35A_2_42523942:SNP.GA + 34 * REG_34_42523942:SNP.GA + 2A_2 * REG_2A_2_42523942:SNP.GA + 2A * REG_2A_42523942:SNP.GA + 2B * REG_2B_42523942:SNP.GA + 2B_2 * REG_2B_2_42523942:SNP.GA + 34_2 * REG_34_2_42523942:SNP.GA ]>
M  Contraint for 42523942:SNP.GA: 1 <= <gurobi.QuadExpr: 0.0 + [ 35A * REG_35A_42523942:SNP.GA + 35A_2 * REG_35A_2_42523942:SNP.GA + 34 * REG_34_42523942:SNP.GA + 2A_2 * REG_2A_2_42523942:SNP.GA + 2A * REG_2A_42523942:SNP.GA + 2B * REG_2B_42523942:SNP.GA + 2B_2 * REG_2B_2_42523942:SNP.GA + 34_2 * REG_34_2_42523942:SNP.GA ]>
CN Solver status: optimal, opt: 84.0
  solution:
    ('35A', '9')
[32;01mCopy number best structures:[39;49;00m
[32;01m  (1) 2x*1-like[39;49;00m
== Refiner ==
Refining ('35A', '9')
M  CN constraint for 9: 1 == <gurobi.LinExpr: 9>
M  CN constraint for 35A: 1 == <gurobi.LinExpr: 35B + 35A>
M  Contraint for 42525131:SNP.CG 6.3e: 112 == <gurobi.QuadExpr: 0.0 + [ 104.5 EXT_9_42525131:SNP.CG * 9 + 104.5 REG_35B_42525131:SNP.CG * 35B + 104.5 REG_35A_42525131:SNP.CG * 35A ]> + err
M  Contraint for 42526048:SNP.GC 6.1i: 299 == <gurobi.QuadExpr: 0.0 + [ 310.0 EXT_9_42526048:SNP.GC * 9 + 310.0 REG_35B_42526048:SNP.GC * 35B + 310.0 EXT_35A_42526048:SNP.GC * 35A ]> + err
M  Contraint for 42523408:REF 6.7i: 249 == <gurobi.QuadExpr: 326.5 9 + 326.5 35B + 326.5 35A + [ -326.5 EXT_9_42523408:SNP.TG * 9 + -326.5 REG_35B_42523408:SNP.TG * 35B + -326.5 EXT_35A_42523408:SNP.TG * 35A ]> + err
M  Contraint for 42526930:REF 6.0i: 381 == <gurobi.QuadExpr: 190.5 9 + 190.5 35B + 190.5 35A + [ -190.5 EXT_9_42526930:SNP.TC * 9 + -190.5 REG_35B_42526930:SNP.TC * 35B + -190.5 EXT_35A_42526930:SNP.TC * 35A ]> + err
M  Contraint for 42528381:SNP.GC 6.0i: 11 == <gurobi.QuadExpr: 0.0 + [ 9.0 EXT_9_42528381:SNP.GC * 9 + 9.0 REG_35B_42528381:SNP.GC * 35B + 9.0 REG_35A_42528381:SNP.GC * 35A ]> + err
M  Contraint for 42527470:SNP.CT 6.0i: 336 == <gurobi.QuadExpr: 0.0 + [ 249.5 EXT_9_42527470:SNP.CT * 9 + 249.5 REG_35B_42527470:SNP.CT * 35B + 249.5 EXT_35A_42527470:SNP.CT * 35A ]> + err
M  Contraint for 42522612:SNP.CG 6.9e: 214 == <gurobi.QuadExpr: 0.0 + [ 225.5 EXT_9_42522612:SNP.CG * 9 + 225.5 REG_35B_42522612:SNP.CG * 35B + 225.5 REG_35A_42522612:SNP.CG * 35A ]> + err
M  Contraint for 42527470:REF 6.0i: 163 == <gurobi.QuadExpr: 249.5 9 + 249.5 35B + 249.5 35A + [ -249.5 EXT_9_42527470:SNP.CT * 9 + -249.5 REG_35B_42527470:SNP.CT * 35B + -249.5 EXT_35A_42527470:SNP.CT * 35A ]> + err
M  Contraint for 42523002:SNP.GA 6.7i: 362 == <gurobi.QuadExpr: 0.0 + [ 232.0 EXT_9_42523002:SNP.GA * 9 + 232.0 REG_35B_42523002:SNP.GA * 35B + 232.0 EXT_35A_42523002:SNP.GA * 35A ]> + err
M  Contraint for 42523942:REF 6.6e: 218 == <gurobi.QuadExpr: 223.5 9 + 223.5 35B + 223.5 35A + [ -223.5 EXT_9_42523942:SNP.GA * 9 + -223.5 REG_35B_42523942:SNP.GA * 35B + -223.5 REG_35A_42523942:SNP.GA * 35A ]> + err
M  Contraint for 42528027:SNP.TC 6.0i: 14 == <gurobi.QuadExpr: 0.0 + [ 7.5 EXT_9_42528027:SNP.TC * 9 + 7.5 REG_35B_42528027:SNP.TC * 35B + 7.5 EXT_35A_42528027:SNP.TC * 35A ]> + err
M  Contraint for 42528027:REF 6.0i: 1 == <gurobi.QuadExpr: 7.5 9 + 7.5 35B + 7.5 35A + [ -7.5 EXT_9_42528027:SNP.TC * 9 + -7.5 REG_35B_42528027:SNP.TC * 35B + -7.5 EXT_35A_42528027:SNP.TC * 35A ]> + err
M  Contraint for 42526762:SNP.CT 6.1e: 254 == <gurobi.QuadExpr: 0.0 + [ 256.0 EXT_9_42526762:SNP.CT * 9 + 256.0 REG_35B_42526762:SNP.CT * 35B + 256.0 REG_35A_42526762:SNP.CT * 35A ]> + err
M  Contraint for 42525951:REF 6.1i: 278 == <gurobi.QuadExpr: 285.5 9 + 285.5 35B + 285.5 35A + [ -285.5 EXT_9_42525951:SNP.AC * 9 + -285.5 REG_35B_42525951:SNP.AC * 35B + -285.5 EXT_35A_42525951:SNP.AC * 35A ]> + err
M  Contraint for 42526483:REF 6.1i: 212 == <gurobi.QuadExpr: 241.5 9 + 241.5 35B + 241.5 35A + [ -241.5 EXT_9_42526483:SNP.CA * 9 + -241.5 REG_35B_42526483:SNP.CA * 35B + -241.5 EXT_35A_42526483:SNP.CA * 35A ]> + err
M  Contraint for 42527532:SNP.GA 6.0i: 239 == <gurobi.QuadExpr: 0.0 + [ 193.5 EXT_9_42527532:SNP.GA * 9 + 193.5 REG_35B_42527532:SNP.GA * 35B + 193.5 EXT_35A_42527532:SNP.GA * 35A ]> + err
M  Contraint for 42525951:SNP.AC 6.1i: 293 == <gurobi.QuadExpr: 0.0 + [ 285.5 EXT_9_42525951:SNP.AC * 9 + 285.5 REG_35B_42525951:SNP.AC * 35B + 285.5 EXT_35A_42525951:SNP.AC * 35A ]> + err
M  Contraint for 42525131:REF 6.3e: 97 == <gurobi.QuadExpr: 104.5 9 + 104.5 35B + 104.5 35A + [ -104.5 EXT_9_42525131:SNP.CG * 9 + -104.5 REG_35B_42525131:SNP.CG * 35B + -104.5 REG_35A_42525131:SNP.CG * 35A ]> + err
M  Contraint for 42522311:REF 6.ins: 96 == <gurobi.QuadExpr: 150.0 9 + 150.0 35B + 150.0 35A + [ -150.0 EXT_9_42522311:SNP.CT * 9 + -150.0 REG_35B_42522311:SNP.CT * 35B + -150.0 EXT_35A_42522311:SNP.CT * 35A ]> + err
M  Contraint for 42522612:REF 6.9e: 237 == <gurobi.QuadExpr: 225.5 9 + 225.5 35B + 225.5 35A + [ -225.5 EXT_9_42522612:SNP.CG * 9 + -225.5 REG_35B_42522612:SNP.CG * 35B + -225.5 REG_35A_42522612:SNP.CG * 35A ]> + err
M  Contraint for 42523208:REF 6.7i: 240 == <gurobi.QuadExpr: 246.0 9 + 246.0 35B + 246.0 35A + [ -246.0 EXT_9_42523208:SNP.CT * 9 + -246.0 REG_35B_42523208:SNP.CT * 35B + -246.0 EXT_35A_42523208:SNP.CT * 35A ]> + err
M  Contraint for 42526483:SNP.CA 6.1i: 271 == <gurobi.QuadExpr: 0.0 + [ 241.5 EXT_9_42526483:SNP.CA * 9 + 241.5 REG_35B_42526483:SNP.CA * 35B + 241.5 EXT_35A_42526483:SNP.CA * 35A ]> + err
M  Contraint for 42527532:REF 6.0i: 148 == <gurobi.QuadExpr: 193.5 9 + 193.5 35B + 193.5 35A + [ -193.5 EXT_9_42527532:SNP.GA * 9 + -193.5 REG_35B_42527532:SNP.GA * 35B + -193.5 EXT_35A_42527532:SNP.GA * 35A ]> + err
M  Contraint for 42528381:REF 6.0i: 7 == <gurobi.QuadExpr: 9.0 9 + 9.0 35B + 9.0 35A + [ -9.0 EXT_9_42528381:SNP.GC * 9 + -9.0 REG_35B_42528381:SNP.GC * 35B + -9.0 REG_35A_42528381:SNP.GC * 35A ]> + err
M  Contraint for 42523208:SNP.CT 6.7i: 252 == <gurobi.QuadExpr: 0.0 + [ 246.0 EXT_9_42523208:SNP.CT * 9 + 246.0 REG_35B_42523208:SNP.CT * 35B + 246.0 EXT_35A_42523208:SNP.CT * 35A ]> + err
M  Contraint for 42523002:REF 6.7i: 102 == <gurobi.QuadExpr: 232.0 9 + 232.0 35B + 232.0 35A + [ -232.0 EXT_9_42523002:SNP.GA * 9 + -232.0 REG_35B_42523002:SNP.GA * 35B + -232.0 EXT_35A_42523002:SNP.GA * 35A ]> + err
M  Contraint for 42524175:REF 6.5e: 213 == <gurobi.QuadExpr: 192.0 9 + 192.0 35B + 192.0 35A + [ -192.0 REG_9_42524175:DEL.CTT * 9 + -192.0 EXT_35B_42524175:DEL.CTT * 35B + -192.0 EXT_35A_42524175:DEL.CTT * 35A ]> + err
M  Contraint for 42526930:SNP.TC 6.0i: 0 == <gurobi.QuadExpr: 0.0 + [ 190.5 EXT_9_42526930:SNP.TC * 9 + 190.5 REG_35B_42526930:SNP.TC * 35B + 190.5 EXT_35A_42526930:SNP.TC * 35A ]> + err
M  Contraint for 42523408:SNP.TG 6.7i: 404 == <gurobi.QuadExpr: 0.0 + [ 326.5 EXT_9_42523408:SNP.TG * 9 + 326.5 REG_35B_42523408:SNP.TG * 35B + 326.5 EXT_35A_42523408:SNP.TG * 35A ]> + err
M  Contraint for 42523942:SNP.GA 6.6e: 229 == <gurobi.QuadExpr: 0.0 + [ 223.5 EXT_9_42523942:SNP.GA * 9 + 223.5 REG_35B_42523942:SNP.GA * 35B + 223.5 REG_35A_42523942:SNP.GA * 35A ]> + err
M  Contraint for 42524175:DEL.CTT 6.5e: 171 == <gurobi.QuadExpr: 0.0 + [ 192.0 REG_9_42524175:DEL.CTT * 9 + 192.0 EXT_35B_42524175:DEL.CTT * 35B + 192.0 EXT_35A_42524175:DEL.CTT * 35A ]> + err
M  Contraint for 42526762:REF 6.1e: 258 == <gurobi.QuadExpr: 256.0 9 + 256.0 35B + 256.0 35A + [ -256.0 EXT_9_42526762:SNP.CT * 9 + -256.0 REG_35B_42526762:SNP.CT * 35B + -256.0 REG_35A_42526762:SNP.CT * 35A ]> + err
M  Contraint for 42522311:SNP.CT 6.ins: 204 == <gurobi.QuadExpr: 0.0 + [ 150.0 EXT_9_42522311:SNP.CT * 9 + 150.0 REG_35B_42522311:SNP.CT * 35B + 150.0 EXT_35A_42522311:SNP.CT * 35A ]> + err
M  Contraint for 42526048:REF 6.1i: 321 == <gurobi.QuadExpr: 310.0 9 + 310.0 35B + 310.0 35A + [ -310.0 EXT_9_42526048:SNP.GC * 9 + -310.0 REG_35B_42526048:SNP.GC * 35B + -310.0 EXT_35A_42526048:SNP.GC * 35A ]> + err
M  Contraint for MM[missing] 9 42524175:DEL.CTT: <gurobi.Var 9> >= <gurobi.Var REG_9_42524175:DEL.CTT>
M  Contraint for MM[missing] 35B 42525131:SNP.CG: <gurobi.Var 35B> >= <gurobi.Var REG_35B_42525131:SNP.CG>
M  Contraint for MM[missing] 35B 42523002:SNP.GA: <gurobi.Var 35B> >= <gurobi.Var REG_35B_42523002:SNP.GA>
M  Contraint for MM[missing] 35B 42523208:SNP.CT: <gurobi.Var 35B> >= <gurobi.Var REG_35B_42523208:SNP.CT>
M  Contraint for MM[missing] 35B 42527532:SNP.GA: <gurobi.Var 35B> >= <gurobi.Var REG_35B_42527532:SNP.GA>
M  Contraint for MM[missing] 35B 42526048:SNP.GC: <gurobi.Var 35B> >= <gurobi.Var REG_35B_42526048:SNP.GC>
M  Contraint for MM[missing] 35B 42525951:SNP.AC: <gurobi.Var 35B> >= <gurobi.Var REG_35B_42525951:SNP.AC>
M  Contraint for MM[missing] 35B 42523408:SNP.TG: <gurobi.Var 35B> >= <gurobi.Var REG_35B_42523408:SNP.TG>
M  Contraint for MM[missing] 35B 42528027:SNP.TC: <gurobi.Var 35B> >= <gurobi.Var REG_35B_42528027:SNP.TC>
M  Contraint for MM[missing] 35B 42526930:SNP.TC: <gurobi.Var 35B> >= <gurobi.Var REG_35B_42526930:SNP.TC>
M  Contraint for MM[missing] 35B 42526483:SNP.CA: <gurobi.Var 35B> >= <gurobi.Var REG_35B_42526483:SNP.CA>
M  Contraint for MM[missing] 35B 42523942:SNP.GA: <gurobi.Var 35B> >= <gurobi.Var REG_35B_42523942:SNP.GA>
M  Contraint for MM[missing] 35B 42528381:SNP.GC: <gurobi.Var 35B> >= <gurobi.Var REG_35B_42528381:SNP.GC>
M  Contraint for MM[missing] 35B 42527470:SNP.CT: <gurobi.Var 35B> >= <gurobi.Var REG_35B_42527470:SNP.CT>
M  Contraint for MM[missing] 35B 42522612:SNP.CG: <gurobi.Var 35B> >= <gurobi.Var REG_35B_42522612:SNP.CG>
M  Contraint for MM[missing] 35B 42522311:SNP.CT: <gurobi.Var 35B> >= <gurobi.Var REG_35B_42522311:SNP.CT>
M  Contraint for MM[missing] 35B 42526762:SNP.CT: <gurobi.Var 35B> >= <gurobi.Var REG_35B_42526762:SNP.CT>
M  Contraint for MM[missing] 35A 42523942:SNP.GA: <gurobi.Var 35A> >= <gurobi.Var REG_35A_42523942:SNP.GA>
M  Contraint for MM[missing] 35A 42528381:SNP.GC: <gurobi.Var 35A> >= <gurobi.Var REG_35A_42528381:SNP.GC>
M  Contraint for MM[missing] 35A 42525131:SNP.CG: <gurobi.Var 35A> >= <gurobi.Var REG_35A_42525131:SNP.CG>
M  Contraint for MM[missing] 35A 42522612:SNP.CG: <gurobi.Var 35A> >= <gurobi.Var REG_35A_42522612:SNP.CG>
M  Contraint for MM[missing] 35A 42526762:SNP.CT: <gurobi.Var 35A> >= <gurobi.Var REG_35A_42526762:SNP.CT>
M  Contraint for MA[extra] 9 42525131:SNP.CG: <gurobi.Var 9> >= <gurobi.Var EXT_9_42525131:SNP.CG>
M  Contraint for MA[extra] 9 42523002:SNP.GA: <gurobi.Var 9> >= <gurobi.Var EXT_9_42523002:SNP.GA>
M  Contraint for MA[extra] 9 42523208:SNP.CT: <gurobi.Var 9> >= <gurobi.Var EXT_9_42523208:SNP.CT>
M  Contraint for MA[extra] 9 42527532:SNP.GA: <gurobi.Var 9> >= <gurobi.Var EXT_9_42527532:SNP.GA>
M  Contraint for MA[extra] 9 42526048:SNP.GC: <gurobi.Var 9> >= <gurobi.Var EXT_9_42526048:SNP.GC>
M  Contraint for MA[extra] 9 42525951:SNP.AC: <gurobi.Var 9> >= <gurobi.Var EXT_9_42525951:SNP.AC>
M  Contraint for MA[extra] 9 42523408:SNP.TG: <gurobi.Var 9> >= <gurobi.Var EXT_9_42523408:SNP.TG>
M  Contraint for MA[extra] 9 42528027:SNP.TC: <gurobi.Var 9> >= <gurobi.Var EXT_9_42528027:SNP.TC>
M  Contraint for MA[extra] 9 42526930:SNP.TC: <gurobi.Var 9> >= <gurobi.Var EXT_9_42526930:SNP.TC>
M  Contraint for MA[extra] 9 42528381:SNP.GC: <gurobi.Var 9> >= <gurobi.Var EXT_9_42528381:SNP.GC>
M  Contraint for MA[extra] 9 42523942:SNP.GA: <gurobi.Var 9> >= <gurobi.Var EXT_9_42523942:SNP.GA>
M  Contraint for MA[extra] 9 42526483:SNP.CA: <gurobi.Var 9> >= <gurobi.Var EXT_9_42526483:SNP.CA>
M  Contraint for MA[extra] 9 42527470:SNP.CT: <gurobi.Var 9> >= <gurobi.Var EXT_9_42527470:SNP.CT>
M  Contraint for MA[extra] 9 42522612:SNP.CG: <gurobi.Var 9> >= <gurobi.Var EXT_9_42522612:SNP.CG>
M  Contraint for MA[extra] 9 42522311:SNP.CT: <gurobi.Var 9> >= <gurobi.Var EXT_9_42522311:SNP.CT>
M  Contraint for MA[extra] 9 42526762:SNP.CT: <gurobi.Var 9> >= <gurobi.Var EXT_9_42526762:SNP.CT>
M  Contraint for MA[extra] 35B 42524175:DEL.CTT: <gurobi.Var 35B> >= <gurobi.Var EXT_35B_42524175:DEL.CTT>
M  Contraint for MA[extra] 35A 42524175:DEL.CTT: <gurobi.Var 35A> >= <gurobi.Var EXT_35A_42524175:DEL.CTT>
M  Contraint for MA[extra] 35A 42523002:SNP.GA: <gurobi.Var 35A> >= <gurobi.Var EXT_35A_42523002:SNP.GA>
M  Contraint for MA[extra] 35A 42523208:SNP.CT: <gurobi.Var 35A> >= <gurobi.Var EXT_35A_42523208:SNP.CT>
M  Contraint for MA[extra] 35A 42527532:SNP.GA: <gurobi.Var 35A> >= <gurobi.Var EXT_35A_42527532:SNP.GA>
M  Contraint for MA[extra] 35A 42526048:SNP.GC: <gurobi.Var 35A> >= <gurobi.Var EXT_35A_42526048:SNP.GC>
M  Contraint for MA[extra] 35A 42525951:SNP.AC: <gurobi.Var 35A> >= <gurobi.Var EXT_35A_42525951:SNP.AC>
M  Contraint for MA[extra] 35A 42528027:SNP.TC: <gurobi.Var 35A> >= <gurobi.Var EXT_35A_42528027:SNP.TC>
M  Contraint for MA[extra] 35A 42526930:SNP.TC: <gurobi.Var 35A> >= <gurobi.Var EXT_35A_42526930:SNP.TC>
M  Contraint for MA[extra] 35A 42523408:SNP.TG: <gurobi.Var 35A> >= <gurobi.Var EXT_35A_42523408:SNP.TG>
M  Contraint for MA[extra] 35A 42526483:SNP.CA: <gurobi.Var 35A> >= <gurobi.Var EXT_35A_42526483:SNP.CA>
M  Contraint for MA[extra] 35A 42527470:SNP.CT: <gurobi.Var 35A> >= <gurobi.Var EXT_35A_42527470:SNP.CT>
M  Contraint for MA[extra] 35A 42522311:SNP.CT: <gurobi.Var 35A> >= <gurobi.Var EXT_35A_42522311:SNP.CT>
M  Objective: <gurobi.LinExpr: C88 + C89 + C90 + C91 + C92 + C93 + C94 + C95 + C96 + C97 + C98 + C99 + C100 + C101 + C102 + C103 + C104 + C105 + C106 + C107 + C108 + C109 + C110 + C111 + C112 + C113 + C114 + C115 + C116 + C117 + C118 + C119 + C120 + C121 + EXT_9_42525131:SNP.CG + EXT_9_42523002:SNP.GA + EXT_9_42523208:SNP.CT + EXT_9_42527532:SNP.GA + EXT_9_42526048:SNP.GC + EXT_9_42525951:SNP.AC + EXT_9_42523408:SNP.TG + EXT_9_42528027:SNP.TC + EXT_9_42526930:SNP.TC + EXT_9_42528381:SNP.GC + EXT_9_42523942:SNP.GA + EXT_9_42526483:SNP.CA + EXT_9_42527470:SNP.CT + EXT_9_42522612:SNP.CG + EXT_9_42522311:SNP.CT + EXT_9_42526762:SNP.CT + EXT_35B_42524175:DEL.CTT + EXT_35A_42524175:DEL.CTT + EXT_35A_42523002:SNP.GA + EXT_35A_42523208:SNP.CT + EXT_35A_42527532:SNP.GA + EXT_35A_42526048:SNP.GC + EXT_35A_42525951:SNP.AC + EXT_35A_42528027:SNP.TC + EXT_35A_42526930:SNP.TC + EXT_35A_42523408:SNP.TG + EXT_35A_42526483:SNP.CA + EXT_35A_42527470:SNP.CT + EXT_35A_42522311:SNP.CT + W>
M  Contraint for 9: <gurobi.LinExpr: REG_9_42524175:DEL.CTT> = 1 * A_<gurobi.Var 9>
M  Contraint for 35B: <gurobi.LinExpr: REG_35B_42528381:SNP.GC + REG_35B_42526762:SNP.CT + REG_35B_42523942:SNP.GA + REG_35B_42522612:SNP.CG> = 4 * A_<gurobi.Var 35B>
M  Contraint for 35A: <gurobi.LinExpr: REG_35A_42528381:SNP.GC + REG_35A_42526762:SNP.CT + REG_35A_42523942:SNP.GA + REG_35A_42522612:SNP.CG> = 4 * A_<gurobi.Var 35A>
M  Contraint for 42526930:SNP.TC: 0 >= <gurobi.LinExpr: REG_35B_42526930:SNP.TC>
M  Contraint for 42525131:SNP.CG: 1 <= <gurobi.QuadExpr: 0.0 + [ REG_35B_42525131:SNP.CG * 35B + REG_35A_42525131:SNP.CG * 35A + EXT_9_42525131:SNP.CG * 9 ]> <= 2
M  Contraint for 42527532:SNP.GA: 1 <= <gurobi.QuadExpr: 0.0 + [ REG_35B_42527532:SNP.GA * 35B + EXT_9_42527532:SNP.GA * 9 + EXT_35A_42527532:SNP.GA * 35A ]> <= 2
M  Contraint for 42526048:SNP.GC: 1 <= <gurobi.QuadExpr: 0.0 + [ REG_35B_42526048:SNP.GC * 35B + EXT_9_42526048:SNP.GC * 9 + EXT_35A_42526048:SNP.GC * 35A ]> <= 1
M  Contraint for 42525951:SNP.AC: 1 <= <gurobi.QuadExpr: 0.0 + [ REG_35B_42525951:SNP.AC * 35B + EXT_9_42525951:SNP.AC * 9 + EXT_35A_42525951:SNP.AC * 35A ]> <= 2
M  Contraint for 42528381:SNP.GC: 1 <= <gurobi.QuadExpr: 0.0 + [ REG_35B_42528381:SNP.GC * 35B + REG_35A_42528381:SNP.GC * 35A ]> <= 2
M  Contraint for 42528381:SNP.GC: <gurobi.QuadExpr: 0.0 + [ REG_35B_42528381:SNP.GC * 35B + REG_35A_42528381:SNP.GC * 35A ]> <= 2
M  Contraint for 42526483:SNP.CA: 1 <= <gurobi.QuadExpr: 0.0 + [ REG_35B_42526483:SNP.CA * 35B + EXT_9_42526483:SNP.CA * 9 + EXT_35A_42526483:SNP.CA * 35A ]> <= 2
M  Contraint for 42527470:SNP.CT: 1 <= <gurobi.QuadExpr: 0.0 + [ REG_35B_42527470:SNP.CT * 35B + EXT_9_42527470:SNP.CT * 9 + EXT_35A_42527470:SNP.CT * 35A ]> <= 2
M  Contraint for 42522612:SNP.CG: 1 <= <gurobi.QuadExpr: 0.0 + [ REG_35B_42522612:SNP.CG * 35B + REG_35A_42522612:SNP.CG * 35A ]> <= 1
M  Contraint for 42522612:SNP.CG: <gurobi.QuadExpr: 0.0 + [ REG_35B_42522612:SNP.CG * 35B + REG_35A_42522612:SNP.CG * 35A ]> <= 1
M  Contraint for 42523002:SNP.GA: 1 <= <gurobi.QuadExpr: 0.0 + [ REG_35B_42523002:SNP.GA * 35B + EXT_9_42523002:SNP.GA * 9 + EXT_35A_42523002:SNP.GA * 35A ]> <= 2
M  Contraint for 42523208:SNP.CT: 1 <= <gurobi.QuadExpr: 0.0 + [ REG_35B_42523208:SNP.CT * 35B + EXT_9_42523208:SNP.CT * 9 + EXT_35A_42523208:SNP.CT * 35A ]> <= 2
M  Contraint for 42528027:SNP.TC: 1 <= <gurobi.QuadExpr: 0.0 + [ REG_35B_42528027:SNP.TC * 35B + EXT_9_42528027:SNP.TC * 9 + EXT_35A_42528027:SNP.TC * 35A ]> <= 2
M  Contraint for 42526930:SNP.TC: 0 <= <gurobi.QuadExpr: 0.0 + [ REG_35B_42526930:SNP.TC * 35B + EXT_9_42526930:SNP.TC * 9 + EXT_35A_42526930:SNP.TC * 35A ]> <= 1
M  Contraint for 42523408:SNP.TG: 1 <= <gurobi.QuadExpr: 0.0 + [ REG_35B_42523408:SNP.TG * 35B + EXT_9_42523408:SNP.TG * 9 + EXT_35A_42523408:SNP.TG * 35A ]> <= 2
M  Contraint for 42523942:SNP.GA: 1 <= <gurobi.QuadExpr: 0.0 + [ REG_35B_42523942:SNP.GA * 35B + REG_35A_42523942:SNP.GA * 35A ]> <= 2
M  Contraint for 42523942:SNP.GA: <gurobi.QuadExpr: 0.0 + [ REG_35B_42523942:SNP.GA * 35B + REG_35A_42523942:SNP.GA * 35A ]> <= 2
M  Contraint for 42524175:DEL.CTT: 1 <= <gurobi.QuadExpr: 0.0 + [ REG_9_42524175:DEL.CTT * 9 ]> <= 1
M  Contraint for 42524175:DEL.CTT: <gurobi.QuadExpr: 0.0 + [ REG_9_42524175:DEL.CTT * 9 ]> <= 1
M  Contraint for 42522311:SNP.CT: 1 <= <gurobi.QuadExpr: 0.0 + [ REG_35B_42522311:SNP.CT * 35B + EXT_9_42522311:SNP.CT * 9 + EXT_35A_42522311:SNP.CT * 35A ]> <= 2
M  Contraint for 42526762:SNP.CT: 1 <= <gurobi.QuadExpr: 0.0 + [ REG_35B_42526762:SNP.CT * 35B + REG_35A_42526762:SNP.CT * 35A ]> <= 1
M  Contraint for 42526762:SNP.CT: <gurobi.QuadExpr: 0.0 + [ REG_35B_42526762:SNP.CT * 35B + REG_35A_42526762:SNP.CT * 35A ]> <= 1
CN Solver status: optimal, opt: 944.0
  9: 1
    6.5e 42524175:DEL.CTT  171 ( 45 cp. 1) F
  35B: 1
    6.3e 42525131:SNP.CG  112 ( 54 cp. 1) 
    6.7i 42523002:SNP.GA  362 ( 78 cp. 2) 
    6.7i 42523208:SNP.CT  252 ( 51 cp. 1) 
    6.0i 42527532:SNP.GA  239 ( 62 cp. 1) 
    6.1i 42526048:SNP.GC  299 ( 48 cp. 1) 
    6.1i 42525951:SNP.AC  293 ( 51 cp. 1) 
    6.7i 42523408:SNP.TG  404 ( 62 cp. 1) 
    6.0i 42528027:SNP.TC   14 ( 93 cp. 2) 
    6.1i 42526483:SNP.CA  271 ( 56 cp. 1) 
    6.6e 42523942:SNP.GA  229 ( 51 cp. 1) F
    6.0i 42528381:SNP.GC   11 ( 61 cp. 1) F
    6.0i 42527470:SNP.CT  336 ( 67 cp. 1) 
    6.9e 42522612:SNP.CG  214 ( 47 cp. 1) F
    6.ins 42522311:SNP.CT  204 ( 68 cp. 1) 
    6.1e 42526762:SNP.CT  254 ( 50 cp. 1) F
Missing:
  9: 1
  35B: 1
    6.0i 42526930:SNP.TC    0 (  0)   rs267608272  -138:A>G
Extra:
  9: 1
    6.7i 42523002:SNP.GA  362 ( 78)   rs4987144    3790:C>T
    6.0i 42528027:SNP.TC   14 ( 93)   rs28735595   -1235:A>G
  35B: 1
Time needed: (31.1)
Result is: [('9', '35B')]
