SAM file: bams/PGXT209.bam
File bams/PGXT209.bam has index
Coverage is 143.691117345
== Allele Filter ==
 6.0i   99245913: SNP.GA     31611:C>T    392 (100%) ~     0 (  0)
 6.10i  99257868: SNP.AT                    6 (  7%) ~     0 (  0)
 6.10i  99257869: SNP.CT                    9 ( 10%) ~     0 (  0)
 6.10i  99257878: SNP.AT                    8 (  5%) ~     0 (  0)
 6.9i   99260360: SNP.AC                   12 (  5%) ~     0 (  0)
 6.9i   99260385: SNP.GC                   20 (  7%) ~     0 (  0)
 6.9i   99260401: SNP.TC                   37 ( 11%) ~     0 (  0)
 6.7i   99262571: SNP.GA                   19 (100%) ~     0 (  0)
 6.7i   99262581: SNP.TG                    2 (  9%) ~     0 (  0)
 6.7i   99262584: SNP.TG                    3 ( 12%) ~     0 (  0)
 6.7i   99262589: SNP.TG                    2 (  9%) ~     0 (  0)
 6.6i   99264086: SNP.TG                    4 (  5%) ~     0 (  0)
 6.4i   99264827: SNP.CT                    2 (  7%) ~     0 (  0)
 6.4i   99264829: SNP.CA                    2 (  7%) ~     0 (  0)
 6.4i   99264832: SNP.TG                    4 ( 15%) ~     0 (  0)
 6.4i   99264851: SNP.GC                    2 ( 12%) ~     0 (  0)
 6.4i   99264855: SNP.CT                    2 ( 12%) ~     0 (  0)
 6.4i   99264867: SNP.TG                    2 ( 22%) ~     0 (  0)
 6.4i   99264869: SNP.TG                    2 ( 22%) ~     0 (  0)
 6.4i   99264874: SNP.CG                    2 ( 22%) ~     0 (  0)
 6.4i   99264893: SNP.AC                    2 ( 22%) ~     0 (  0)
 6.4i   99268724: SNP.CA                   18 (  6%) ~     0 (  0)
 6.4i   99268740: DEL.TG                   25 ( 10%) ~     0 (  0)
 6.4i   99268787: SNP.AT                   19 ( 11%) ~     0 (  0)
 6.4i   99268792: SNP.AG                   14 (  8%) ~     0 (  0)
 6.4i   99268805: SNP.GC                    9 (  5%) ~     0 (  0)
 6.4i   99268812: SNP.CT                   10 (  5%) ~     0 (  0)
 6.4i   99268886: SNP.TG                   89 ( 33%) ~     0 (  0)
 6.4i   99268893: SNP.GT                   25 (  9%) ~     0 (  0)
 6.4i   99268895: SNP.AT                   18 (  6%) ~     0 (  0)
 6.4i   99268924: SNP.AT                   20 (  7%) ~     0 (  0)
 6.3i   99270538: SNP.TC     6986:A>G     397 (100%) ~     0 (  0)
 6.2i   99272449: SNP.AG                    5 (100%) ~     0 (  0)
 6.2i   99273566: SNP.TC                    2 (  7%) ~     0 (  0)
Removing 2     6.11e 99250235:SNP.GT
Removing 3K    6.12e 99247771:SNP.AG
Removing 3J    6.12e 99247742:SNP.TC
Removing 3L    6.2e 99273744:SNP.TC
Removing 3B    6.2e 99273814:SNP.GA,  6.2e 99273810:INS.c
Removing 3G    6.5i 99264572:SNP.AG
Removing 3F    6.13e 99245973:SNP.AG
Removing 3D    6.4e 99270275:SNP.AC
Removing 4     6.7e 99262859:SNP.TC
Removing 5     6.5i 99264572:SNP.AG
Removing 6     6.7e 99262834:SNP.CT
Removing 7     6.11e 99250393:INS.a
Removing 8     6.2e 99273820:SNP.GA
Removing 9X    6.10e 99258138:SNP.CT
Removing 9     6.10e 99258138:SNP.CT
Initial status
  CYP2D6.1C
                   99277592:SNP.GA    0 (  0)   -74:C>T
  CYP2D6.1E
    6.9i           99260361:SNP.CA    0 (  0)   17163:G>T
  CYP2D6.1D
    6.0i           99245913:SNP.GA  392 (100)   31611:C>T
  CYP2D6.1
  CYP2D6.1B
                   99277604:SNP.CT    0 (  0)   -86:G>A
  CYP2D6.3H
    6.0i           99245913:SNP.GA  392 (100)   31611:C>T
    6.5i           99264416:SNP.AG    0 (  0)   13108:T>C
    6.3i           99270538:SNP.TC  397 (100) F 6986:A>G
  CYP2D6.3C
    6.3i           99270538:SNP.TC  397 (100) F 6986:A>G
  CYP2D6.3A
    6.0i           99245913:SNP.GA  392 (100)   31611:C>T
    6.3i           99270538:SNP.TC  397 (100) F 6986:A>G
  CYP2D6.3E
    6.0i           99245913:SNP.GA  392 (100)   31611:C>T
    6.10i          99250474:SNP.TC    0 (  0)   27050:A>G
    6.3i           99270538:SNP.TC  397 (100) F 6986:A>G
  CYP2D6.3I
    6.0i           99245913:SNP.GA  392 (100)   31611:C>T
    6.8i           99260621:SNP.TC    0 (  0)   16903:A>G
    6.3i           99270538:SNP.TC  397 (100) F 6986:A>G
== Copy Number Estimator ==
CNV factor: 2.97178872258 (0.336497676434)
Coverage per region
  region:  2D6  2D7
  0i   :  2.07
  1e   :  2.49
  1i   :  2.82
  2e   :  2.30
  2i   :  3.07
  3e   :  4.27
  3i   :  2.13
  4e   :  1.74
  4i   :  2.50
  5e   :  2.29
  5i   :  2.42
  6e   :  1.80
  6i   :  2.02
  7e   :  2.38
  7i   :  3.11
  8e   :  2.51
  8i   :  2.37
  9e   :  2.38
  9i   :  2.28
  10e  :  2.05
  10i  :  2.75
  11e  :  2.06
  11i  :  2.55
  12e  :  1.97
  12i  :  3.20
  13e  :  2.65
Max. CN = 4
M  Sentinel contraint for 1: A_1^ <= A_1
M  Contraint for 7e: 2.38268546023 == E_7e + <gurobi.LinExpr: A1 + A1^>
M  Contraint for 6e: 1.80233379507 == E_6e + <gurobi.LinExpr: A1 + A1^>
M  Contraint for 9e: 2.38341301144 == E_9e + <gurobi.LinExpr: A1 + A1^>
M  Contraint for 8e: 2.51271792497 == E_8e + <gurobi.LinExpr: A1 + A1^>
M  Contraint for 2e: 2.29910536099 == E_2e + <gurobi.LinExpr: A1 + A1^>
M  Contraint for 1e: 2.49098193268 == E_1e + <gurobi.LinExpr: A1 + A1^>
M  Contraint for 5e: 2.29331608508 == E_5e + <gurobi.LinExpr: A1 + A1^>
M  Contraint for 4e: 1.73908304827 == E_4e + <gurobi.LinExpr: A1 + A1^>
M  Contraint for 3e: 4.27302248592 == E_3e + <gurobi.LinExpr: A1 + A1^>
M  Objective: <gurobi.LinExpr: C11 + C12 + C13 + C14 + C15 + C16 + C17 + C18 + C19 + 0.5 A1 + 0.5 A1^>
CN Solver status: optimal, opt: 6.09382541797
  Solutions:
    ('1', '1^')
== Initial Solver ==
Solving Counter({'1': 2})
Possible candidates:
  CYP2D6.1
  CYP2D6.3A
    6.3i 99270538:SNP.TC  397 (100) F 6986:A>G
M  Max. CN for 1 = 2
M  Max. CN for 3A = 2
M  Contraint for 99270538:SNP.TC 6.3i: 397 == <gurobi.QuadExpr: 0.0 + [ 198.5 REG_3A_99270538:SNP.TC * 3A + 198.5 REG_3A_2_99270538:SNP.TC * 3A_2 ]> + err
M  Contraint for 99270538:REF 6.3i: 0 == <gurobi.QuadExpr: 198.5 1 + 198.5 3A + 198.5 3A_2 + 198.5 1_2 + [ -198.5 REG_3A_99270538:SNP.TC * 3A + -198.5 REG_3A_2_99270538:SNP.TC * 3A_2 ]> + err
M  Contraint for 3A 99270538:SNP.TC: <gurobi.Var 3A> >= <gurobi.Var REG_3A_99270538:SNP.TC>
M  Contraint for 3A_2 99270538:SNP.TC: <gurobi.Var 3A_2> >= <gurobi.Var REG_3A_2_99270538:SNP.TC>
M  CN contraint for 1: 2 == <gurobi.LinExpr: 1 + 3A + 3A_2 + 1_2>
M  Sentinel contraint for 1: A_1_2 <= A_1
M  Sentinel contraint for 3A: A_3A_2 <= A_3A
M  Objective: <gurobi.LinExpr: C9 + C10>
M  Contraint for 3A: A_3A * (<gurobi.LinExpr: REG_3A_99270538:SNP.TC> - 1) == 0
M  Contraint for 3A_2: A_3A_2 * (<gurobi.LinExpr: REG_3A_2_99270538:SNP.TC> - 1) == 0
M  Contraint for 99270538:SNP.TC: 1 <= <gurobi.QuadExpr: 0.0 + [ 3A * REG_3A_99270538:SNP.TC + 3A_2 * REG_3A_2_99270538:SNP.TC ]>
M  Contraint for 99270538:SNP.TC: 1 <= <gurobi.QuadExpr: 0.0 + [ 3A * REG_3A_99270538:SNP.TC + 3A_2 * REG_3A_2_99270538:SNP.TC ]>
CN Solver status: optimal, opt: 0.0
  solution:
    ('3A', '3A')
[32;01mCopy number best structures:[39;49;00m
[32;01m  (1) 2x*1-like[39;49;00m
== Refiner ==
Refining ('3A', '3A')
M  Sentinel constraint for 3I: A_3I_2 <= A_3I
M  Sentinel constraint for 3H: A_3H_2 <= A_3H
M  Sentinel constraint for 3C: A_3C_2 <= A_3C
M  Sentinel constraint for 3A: A_3A_2 <= A_3A
M  Sentinel constraint for 3E: A_3E_2 <= A_3E
M  CN constraint for 3A: 2 == <gurobi.LinExpr: 3H + 3C_2 + 3I + 3H_2 + 3A_2 + 3E_2 + 3C + 3A + 3I_2 + 3E>
M  Contraint for 99250474:SNP.TC 6.10i: 0 == <gurobi.QuadExpr: 0.0 + [ 114.0 EXT_3C_2_99250474:SNP.TC * 3C_2 + 114.0 EXT_3H_2_99250474:SNP.TC * 3H_2 + 114.0 EXT_3I_99250474:SNP.TC * 3I + 114.0 EXT_3H_99250474:SNP.TC * 3H + 114.0 EXT_3A_2_99250474:SNP.TC * 3A_2 + 114.0 REG_3E_2_99250474:SNP.TC * 3E_2 + 114.0 EXT_3C_99250474:SNP.TC * 3C + 114.0 EXT_3A_99250474:SNP.TC * 3A + 114.0 EXT_3I_2_99250474:SNP.TC * 3I_2 + 114.0 REG_3E_99250474:SNP.TC * 3E ]> + err
M  Contraint for 99260621:SNP.TC 6.8i: 0 == <gurobi.QuadExpr: 0.0 + [ 319.5 EXT_3C_2_99260621:SNP.TC * 3C_2 + 319.5 EXT_3H_2_99260621:SNP.TC * 3H_2 + 319.5 REG_3I_99260621:SNP.TC * 3I + 319.5 EXT_3H_99260621:SNP.TC * 3H + 319.5 EXT_3A_2_99260621:SNP.TC * 3A_2 + 319.5 EXT_3E_2_99260621:SNP.TC * 3E_2 + 319.5 EXT_3C_99260621:SNP.TC * 3C + 319.5 EXT_3A_99260621:SNP.TC * 3A + 319.5 REG_3I_2_99260621:SNP.TC * 3I_2 + 319.5 EXT_3E_99260621:SNP.TC * 3E ]> + err
M  Contraint for 99270538:REF 6.3i: 0 == <gurobi.QuadExpr: 198.5 3C_2 + 198.5 3H_2 + 198.5 3I + 198.5 3H + 198.5 3A_2 + 198.5 3E_2 + 198.5 3C + 198.5 3A + 198.5 3I_2 + 198.5 3E + [ -198.5 REG_3C_2_99270538:SNP.TC * 3C_2 + -198.5 REG_3H_2_99270538:SNP.TC * 3H_2 + -198.5 REG_3I_99270538:SNP.TC * 3I + -198.5 REG_3H_99270538:SNP.TC * 3H + -198.5 REG_3A_2_99270538:SNP.TC * 3A_2 + -198.5 REG_3E_2_99270538:SNP.TC * 3E_2 + -198.5 REG_3C_99270538:SNP.TC * 3C + -198.5 REG_3A_99270538:SNP.TC * 3A + -198.5 REG_3I_2_99270538:SNP.TC * 3I_2 + -198.5 REG_3E_99270538:SNP.TC * 3E ]> + err
M  Contraint for 99260621:REF 6.8i: 639 == <gurobi.QuadExpr: 319.5 3C_2 + 319.5 3H_2 + 319.5 3I + 319.5 3H + 319.5 3A_2 + 319.5 3E_2 + 319.5 3C + 319.5 3A + 319.5 3I_2 + 319.5 3E + [ -319.5 EXT_3C_2_99260621:SNP.TC * 3C_2 + -319.5 EXT_3H_2_99260621:SNP.TC * 3H_2 + -319.5 REG_3I_99260621:SNP.TC * 3I + -319.5 EXT_3H_99260621:SNP.TC * 3H + -319.5 EXT_3A_2_99260621:SNP.TC * 3A_2 + -319.5 EXT_3E_2_99260621:SNP.TC * 3E_2 + -319.5 EXT_3C_99260621:SNP.TC * 3C + -319.5 EXT_3A_99260621:SNP.TC * 3A + -319.5 REG_3I_2_99260621:SNP.TC * 3I_2 + -319.5 EXT_3E_99260621:SNP.TC * 3E ]> + err
M  Contraint for 99245913:SNP.GA 6.0i: 392 == <gurobi.QuadExpr: 0.0 + [ 197.0 EXT_3C_2_99245913:SNP.GA * 3C_2 + 197.0 REG_3H_2_99245913:SNP.GA * 3H_2 + 197.0 REG_3I_99245913:SNP.GA * 3I + 197.0 REG_3H_99245913:SNP.GA * 3H + 197.0 REG_3A_2_99245913:SNP.GA * 3A_2 + 197.0 REG_3E_2_99245913:SNP.GA * 3E_2 + 197.0 EXT_3C_99245913:SNP.GA * 3C + 197.0 REG_3A_99245913:SNP.GA * 3A + 197.0 REG_3I_2_99245913:SNP.GA * 3I_2 + 197.0 REG_3E_99245913:SNP.GA * 3E ]> + err
M  Contraint for 99264416:SNP.AG 6.5i: 0 == <gurobi.QuadExpr: 0.0 + [ 278.5 EXT_3C_2_99264416:SNP.AG * 3C_2 + 278.5 REG_3H_2_99264416:SNP.AG * 3H_2 + 278.5 EXT_3I_99264416:SNP.AG * 3I + 278.5 REG_3H_99264416:SNP.AG * 3H + 278.5 EXT_3A_2_99264416:SNP.AG * 3A_2 + 278.5 EXT_3E_2_99264416:SNP.AG * 3E_2 + 278.5 EXT_3C_99264416:SNP.AG * 3C + 278.5 EXT_3A_99264416:SNP.AG * 3A + 278.5 EXT_3I_2_99264416:SNP.AG * 3I_2 + 278.5 EXT_3E_99264416:SNP.AG * 3E ]> + err
M  Contraint for 99270538:SNP.TC 6.3i: 397 == <gurobi.QuadExpr: 0.0 + [ 198.5 REG_3C_2_99270538:SNP.TC * 3C_2 + 198.5 REG_3H_2_99270538:SNP.TC * 3H_2 + 198.5 REG_3I_99270538:SNP.TC * 3I + 198.5 REG_3H_99270538:SNP.TC * 3H + 198.5 REG_3A_2_99270538:SNP.TC * 3A_2 + 198.5 REG_3E_2_99270538:SNP.TC * 3E_2 + 198.5 REG_3C_99270538:SNP.TC * 3C + 198.5 REG_3A_99270538:SNP.TC * 3A + 198.5 REG_3I_2_99270538:SNP.TC * 3I_2 + 198.5 REG_3E_99270538:SNP.TC * 3E ]> + err
M  Contraint for 99250474:REF 6.10i: 228 == <gurobi.QuadExpr: 114.0 3C_2 + 114.0 3H_2 + 114.0 3I + 114.0 3H + 114.0 3A_2 + 114.0 3E_2 + 114.0 3C + 114.0 3A + 114.0 3I_2 + 114.0 3E + [ -114.0 EXT_3C_2_99250474:SNP.TC * 3C_2 + -114.0 EXT_3H_2_99250474:SNP.TC * 3H_2 + -114.0 EXT_3I_99250474:SNP.TC * 3I + -114.0 EXT_3H_99250474:SNP.TC * 3H + -114.0 EXT_3A_2_99250474:SNP.TC * 3A_2 + -114.0 REG_3E_2_99250474:SNP.TC * 3E_2 + -114.0 EXT_3C_99250474:SNP.TC * 3C + -114.0 EXT_3A_99250474:SNP.TC * 3A + -114.0 EXT_3I_2_99250474:SNP.TC * 3I_2 + -114.0 REG_3E_99250474:SNP.TC * 3E ]> + err
M  Contraint for 99245913:REF 6.0i: 2 == <gurobi.QuadExpr: 197.0 3C_2 + 197.0 3H_2 + 197.0 3I + 197.0 3H + 197.0 3A_2 + 197.0 3E_2 + 197.0 3C + 197.0 3A + 197.0 3I_2 + 197.0 3E + [ -197.0 EXT_3C_2_99245913:SNP.GA * 3C_2 + -197.0 REG_3H_2_99245913:SNP.GA * 3H_2 + -197.0 REG_3I_99245913:SNP.GA * 3I + -197.0 REG_3H_99245913:SNP.GA * 3H + -197.0 REG_3A_2_99245913:SNP.GA * 3A_2 + -197.0 REG_3E_2_99245913:SNP.GA * 3E_2 + -197.0 EXT_3C_99245913:SNP.GA * 3C + -197.0 REG_3A_99245913:SNP.GA * 3A + -197.0 REG_3I_2_99245913:SNP.GA * 3I_2 + -197.0 REG_3E_99245913:SNP.GA * 3E ]> + err
M  Contraint for 99264416:REF 6.5i: 557 == <gurobi.QuadExpr: 278.5 3C_2 + 278.5 3H_2 + 278.5 3I + 278.5 3H + 278.5 3A_2 + 278.5 3E_2 + 278.5 3C + 278.5 3A + 278.5 3I_2 + 278.5 3E + [ -278.5 EXT_3C_2_99264416:SNP.AG * 3C_2 + -278.5 REG_3H_2_99264416:SNP.AG * 3H_2 + -278.5 EXT_3I_99264416:SNP.AG * 3I + -278.5 REG_3H_99264416:SNP.AG * 3H + -278.5 EXT_3A_2_99264416:SNP.AG * 3A_2 + -278.5 EXT_3E_2_99264416:SNP.AG * 3E_2 + -278.5 EXT_3C_99264416:SNP.AG * 3C + -278.5 EXT_3A_99264416:SNP.AG * 3A + -278.5 EXT_3I_2_99264416:SNP.AG * 3I_2 + -278.5 EXT_3E_99264416:SNP.AG * 3E ]> + err
M  Contraint for MM[missing] 3H 99270538:SNP.TC: <gurobi.Var 3H> >= <gurobi.Var REG_3H_99270538:SNP.TC>
M  Contraint for MM[missing] 3H 99245913:SNP.GA: <gurobi.Var 3H> >= <gurobi.Var REG_3H_99245913:SNP.GA>
M  Contraint for MM[missing] 3H 99264416:SNP.AG: <gurobi.Var 3H> >= <gurobi.Var REG_3H_99264416:SNP.AG>
M  Contraint for MM[missing] 3C_2 99270538:SNP.TC: <gurobi.Var 3C_2> >= <gurobi.Var REG_3C_2_99270538:SNP.TC>
M  Contraint for MM[missing] 3I 99270538:SNP.TC: <gurobi.Var 3I> >= <gurobi.Var REG_3I_99270538:SNP.TC>
M  Contraint for MM[missing] 3I 99245913:SNP.GA: <gurobi.Var 3I> >= <gurobi.Var REG_3I_99245913:SNP.GA>
M  Contraint for MM[missing] 3I 99260621:SNP.TC: <gurobi.Var 3I> >= <gurobi.Var REG_3I_99260621:SNP.TC>
M  Contraint for MM[missing] 3H_2 99270538:SNP.TC: <gurobi.Var 3H_2> >= <gurobi.Var REG_3H_2_99270538:SNP.TC>
M  Contraint for MM[missing] 3H_2 99245913:SNP.GA: <gurobi.Var 3H_2> >= <gurobi.Var REG_3H_2_99245913:SNP.GA>
M  Contraint for MM[missing] 3H_2 99264416:SNP.AG: <gurobi.Var 3H_2> >= <gurobi.Var REG_3H_2_99264416:SNP.AG>
M  Contraint for MM[missing] 3A_2 99270538:SNP.TC: <gurobi.Var 3A_2> >= <gurobi.Var REG_3A_2_99270538:SNP.TC>
M  Contraint for MM[missing] 3A_2 99245913:SNP.GA: <gurobi.Var 3A_2> >= <gurobi.Var REG_3A_2_99245913:SNP.GA>
M  Contraint for MM[missing] 3E_2 99270538:SNP.TC: <gurobi.Var 3E_2> >= <gurobi.Var REG_3E_2_99270538:SNP.TC>
M  Contraint for MM[missing] 3E_2 99245913:SNP.GA: <gurobi.Var 3E_2> >= <gurobi.Var REG_3E_2_99245913:SNP.GA>
M  Contraint for MM[missing] 3E_2 99250474:SNP.TC: <gurobi.Var 3E_2> >= <gurobi.Var REG_3E_2_99250474:SNP.TC>
M  Contraint for MM[missing] 3C 99270538:SNP.TC: <gurobi.Var 3C> >= <gurobi.Var REG_3C_99270538:SNP.TC>
M  Contraint for MM[missing] 3A 99270538:SNP.TC: <gurobi.Var 3A> >= <gurobi.Var REG_3A_99270538:SNP.TC>
M  Contraint for MM[missing] 3A 99245913:SNP.GA: <gurobi.Var 3A> >= <gurobi.Var REG_3A_99245913:SNP.GA>
M  Contraint for MM[missing] 3I_2 99270538:SNP.TC: <gurobi.Var 3I_2> >= <gurobi.Var REG_3I_2_99270538:SNP.TC>
M  Contraint for MM[missing] 3I_2 99245913:SNP.GA: <gurobi.Var 3I_2> >= <gurobi.Var REG_3I_2_99245913:SNP.GA>
M  Contraint for MM[missing] 3I_2 99260621:SNP.TC: <gurobi.Var 3I_2> >= <gurobi.Var REG_3I_2_99260621:SNP.TC>
M  Contraint for MM[missing] 3E 99270538:SNP.TC: <gurobi.Var 3E> >= <gurobi.Var REG_3E_99270538:SNP.TC>
M  Contraint for MM[missing] 3E 99245913:SNP.GA: <gurobi.Var 3E> >= <gurobi.Var REG_3E_99245913:SNP.GA>
M  Contraint for MM[missing] 3E 99250474:SNP.TC: <gurobi.Var 3E> >= <gurobi.Var REG_3E_99250474:SNP.TC>
M  Contraint for MA[extra] 3H 99250474:SNP.TC: <gurobi.Var 3H> >= <gurobi.Var EXT_3H_99250474:SNP.TC>
M  Contraint for MA[extra] 3H 99260621:SNP.TC: <gurobi.Var 3H> >= <gurobi.Var EXT_3H_99260621:SNP.TC>
M  Contraint for MA[extra] 3C_2 99250474:SNP.TC: <gurobi.Var 3C_2> >= <gurobi.Var EXT_3C_2_99250474:SNP.TC>
M  Contraint for MA[extra] 3C_2 99245913:SNP.GA: <gurobi.Var 3C_2> >= <gurobi.Var EXT_3C_2_99245913:SNP.GA>
M  Contraint for MA[extra] 3C_2 99264416:SNP.AG: <gurobi.Var 3C_2> >= <gurobi.Var EXT_3C_2_99264416:SNP.AG>
M  Contraint for MA[extra] 3C_2 99260621:SNP.TC: <gurobi.Var 3C_2> >= <gurobi.Var EXT_3C_2_99260621:SNP.TC>
M  Contraint for MA[extra] 3I 99250474:SNP.TC: <gurobi.Var 3I> >= <gurobi.Var EXT_3I_99250474:SNP.TC>
M  Contraint for MA[extra] 3I 99264416:SNP.AG: <gurobi.Var 3I> >= <gurobi.Var EXT_3I_99264416:SNP.AG>
M  Contraint for MA[extra] 3H_2 99250474:SNP.TC: <gurobi.Var 3H_2> >= <gurobi.Var EXT_3H_2_99250474:SNP.TC>
M  Contraint for MA[extra] 3H_2 99260621:SNP.TC: <gurobi.Var 3H_2> >= <gurobi.Var EXT_3H_2_99260621:SNP.TC>
M  Contraint for MA[extra] 3A_2 99250474:SNP.TC: <gurobi.Var 3A_2> >= <gurobi.Var EXT_3A_2_99250474:SNP.TC>
M  Contraint for MA[extra] 3A_2 99264416:SNP.AG: <gurobi.Var 3A_2> >= <gurobi.Var EXT_3A_2_99264416:SNP.AG>
M  Contraint for MA[extra] 3A_2 99260621:SNP.TC: <gurobi.Var 3A_2> >= <gurobi.Var EXT_3A_2_99260621:SNP.TC>
M  Contraint for MA[extra] 3E_2 99264416:SNP.AG: <gurobi.Var 3E_2> >= <gurobi.Var EXT_3E_2_99264416:SNP.AG>
M  Contraint for MA[extra] 3E_2 99260621:SNP.TC: <gurobi.Var 3E_2> >= <gurobi.Var EXT_3E_2_99260621:SNP.TC>
M  Contraint for MA[extra] 3C 99250474:SNP.TC: <gurobi.Var 3C> >= <gurobi.Var EXT_3C_99250474:SNP.TC>
M  Contraint for MA[extra] 3C 99245913:SNP.GA: <gurobi.Var 3C> >= <gurobi.Var EXT_3C_99245913:SNP.GA>
M  Contraint for MA[extra] 3C 99264416:SNP.AG: <gurobi.Var 3C> >= <gurobi.Var EXT_3C_99264416:SNP.AG>
M  Contraint for MA[extra] 3C 99260621:SNP.TC: <gurobi.Var 3C> >= <gurobi.Var EXT_3C_99260621:SNP.TC>
M  Contraint for MA[extra] 3A 99250474:SNP.TC: <gurobi.Var 3A> >= <gurobi.Var EXT_3A_99250474:SNP.TC>
M  Contraint for MA[extra] 3A 99264416:SNP.AG: <gurobi.Var 3A> >= <gurobi.Var EXT_3A_99264416:SNP.AG>
M  Contraint for MA[extra] 3A 99260621:SNP.TC: <gurobi.Var 3A> >= <gurobi.Var EXT_3A_99260621:SNP.TC>
M  Contraint for MA[extra] 3I_2 99250474:SNP.TC: <gurobi.Var 3I_2> >= <gurobi.Var EXT_3I_2_99250474:SNP.TC>
M  Contraint for MA[extra] 3I_2 99264416:SNP.AG: <gurobi.Var 3I_2> >= <gurobi.Var EXT_3I_2_99264416:SNP.AG>
M  Contraint for MA[extra] 3E 99264416:SNP.AG: <gurobi.Var 3E> >= <gurobi.Var EXT_3E_99264416:SNP.AG>
M  Contraint for MA[extra] 3E 99260621:SNP.TC: <gurobi.Var 3E> >= <gurobi.Var EXT_3E_99260621:SNP.TC>
M  Objective: <gurobi.LinExpr: C70 + C71 + C72 + C73 + C74 + C75 + C76 + C77 + C78 + C79 + EXT_3C_2_99250474:SNP.TC + EXT_3C_2_99245913:SNP.GA + EXT_3C_2_99264416:SNP.AG + EXT_3C_2_99260621:SNP.TC + EXT_3H_2_99250474:SNP.TC + EXT_3H_2_99260621:SNP.TC + EXT_3I_99250474:SNP.TC + EXT_3I_99264416:SNP.AG + EXT_3H_99250474:SNP.TC + EXT_3H_99260621:SNP.TC + EXT_3A_2_99250474:SNP.TC + EXT_3A_2_99264416:SNP.AG + EXT_3A_2_99260621:SNP.TC + EXT_3E_2_99264416:SNP.AG + EXT_3E_2_99260621:SNP.TC + EXT_3C_99250474:SNP.TC + EXT_3C_99245913:SNP.GA + EXT_3C_99264416:SNP.AG + EXT_3C_99260621:SNP.TC + EXT_3A_99250474:SNP.TC + EXT_3A_99264416:SNP.AG + EXT_3A_99260621:SNP.TC + EXT_3I_2_99250474:SNP.TC + EXT_3I_2_99264416:SNP.AG + EXT_3E_99264416:SNP.AG + EXT_3E_99260621:SNP.TC + W>
M  Contraint for 3C_2: <gurobi.LinExpr: REG_3C_2_99270538:SNP.TC> = 1 * A_<gurobi.Var 3C_2>
M  Contraint for 3H_2: <gurobi.LinExpr: REG_3H_2_99270538:SNP.TC> = 1 * A_<gurobi.Var 3H_2>
M  Contraint for 3I: <gurobi.LinExpr: REG_3I_99270538:SNP.TC> = 1 * A_<gurobi.Var 3I>
M  Contraint for 3H: <gurobi.LinExpr: REG_3H_99270538:SNP.TC> = 1 * A_<gurobi.Var 3H>
M  Contraint for 3A_2: <gurobi.LinExpr: REG_3A_2_99270538:SNP.TC> = 1 * A_<gurobi.Var 3A_2>
M  Contraint for 3E_2: <gurobi.LinExpr: REG_3E_2_99270538:SNP.TC> = 1 * A_<gurobi.Var 3E_2>
M  Contraint for 3C: <gurobi.LinExpr: REG_3C_99270538:SNP.TC> = 1 * A_<gurobi.Var 3C>
M  Contraint for 3A: <gurobi.LinExpr: REG_3A_99270538:SNP.TC> = 1 * A_<gurobi.Var 3A>
M  Contraint for 3I_2: <gurobi.LinExpr: REG_3I_2_99270538:SNP.TC> = 1 * A_<gurobi.Var 3I_2>
M  Contraint for 3E: <gurobi.LinExpr: REG_3E_99270538:SNP.TC> = 1 * A_<gurobi.Var 3E>
M  Contraint for 99264416:SNP.AG: 0 >= <gurobi.LinExpr: REG_3H_2_99264416:SNP.AG + REG_3H_99264416:SNP.AG>
M  Contraint for 99260621:SNP.TC: 0 >= <gurobi.LinExpr: REG_3I_99260621:SNP.TC + REG_3I_2_99260621:SNP.TC>
M  Contraint for 99264416:SNP.AG: 0 >= <gurobi.LinExpr: REG_3H_2_99264416:SNP.AG + REG_3H_99264416:SNP.AG>
M  Contraint for 99250474:SNP.TC: 0 >= <gurobi.LinExpr: REG_3E_2_99250474:SNP.TC + REG_3E_99250474:SNP.TC>
M  Contraint for 99260621:SNP.TC: 0 >= <gurobi.LinExpr: REG_3I_99260621:SNP.TC + REG_3I_2_99260621:SNP.TC>
M  Contraint for 99250474:SNP.TC: 0 >= <gurobi.LinExpr: REG_3E_2_99250474:SNP.TC + REG_3E_99250474:SNP.TC>
M  Contraint for 99245913:SNP.GA: 1 <= <gurobi.QuadExpr: 0.0 + [ REG_3H_2_99245913:SNP.GA * 3H_2 + REG_3I_99245913:SNP.GA * 3I + REG_3H_99245913:SNP.GA * 3H + REG_3A_2_99245913:SNP.GA * 3A_2 + REG_3E_2_99245913:SNP.GA * 3E_2 + REG_3A_99245913:SNP.GA * 3A + REG_3I_2_99245913:SNP.GA * 3I_2 + REG_3E_99245913:SNP.GA * 3E + EXT_3C_2_99245913:SNP.GA * 3C_2 + EXT_3C_99245913:SNP.GA * 3C ]> <= 2
M  Contraint for 99260621:SNP.TC: 0 <= <gurobi.QuadExpr: 0.0 + [ REG_3I_99260621:SNP.TC * 3I + REG_3I_2_99260621:SNP.TC * 3I_2 + EXT_3C_2_99260621:SNP.TC * 3C_2 + EXT_3H_2_99260621:SNP.TC * 3H_2 + EXT_3H_99260621:SNP.TC * 3H + EXT_3A_2_99260621:SNP.TC * 3A_2 + EXT_3E_2_99260621:SNP.TC * 3E_2 + EXT_3C_99260621:SNP.TC * 3C + EXT_3A_99260621:SNP.TC * 3A + EXT_3E_99260621:SNP.TC * 3E ]> <= 1
M  Contraint for 99250474:SNP.TC: 0 <= <gurobi.QuadExpr: 0.0 + [ REG_3E_2_99250474:SNP.TC * 3E_2 + REG_3E_99250474:SNP.TC * 3E + EXT_3C_2_99250474:SNP.TC * 3C_2 + EXT_3H_2_99250474:SNP.TC * 3H_2 + EXT_3I_99250474:SNP.TC * 3I + EXT_3H_99250474:SNP.TC * 3H + EXT_3A_2_99250474:SNP.TC * 3A_2 + EXT_3C_99250474:SNP.TC * 3C + EXT_3A_99250474:SNP.TC * 3A + EXT_3I_2_99250474:SNP.TC * 3I_2 ]> <= 1
M  Contraint for 99270538:SNP.TC: 2 <= <gurobi.QuadExpr: 0.0 + [ REG_3C_2_99270538:SNP.TC * 3C_2 + REG_3H_2_99270538:SNP.TC * 3H_2 + REG_3I_99270538:SNP.TC * 3I + REG_3H_99270538:SNP.TC * 3H + REG_3A_2_99270538:SNP.TC * 3A_2 + REG_3E_2_99270538:SNP.TC * 3E_2 + REG_3C_99270538:SNP.TC * 3C + REG_3A_99270538:SNP.TC * 3A + REG_3I_2_99270538:SNP.TC * 3I_2 + REG_3E_99270538:SNP.TC * 3E ]> <= 3
M  Contraint for 99270538:SNP.TC: <gurobi.QuadExpr: 0.0 + [ REG_3C_2_99270538:SNP.TC * 3C_2 + REG_3H_2_99270538:SNP.TC * 3H_2 + REG_3I_99270538:SNP.TC * 3I + REG_3H_99270538:SNP.TC * 3H + REG_3A_2_99270538:SNP.TC * 3A_2 + REG_3E_2_99270538:SNP.TC * 3E_2 + REG_3C_99270538:SNP.TC * 3C + REG_3A_99270538:SNP.TC * 3A + REG_3I_2_99270538:SNP.TC * 3I_2 + REG_3E_99270538:SNP.TC * 3E ]> <= 3
M  Contraint for 99264416:SNP.AG: 0 <= <gurobi.QuadExpr: 0.0 + [ REG_3H_2_99264416:SNP.AG * 3H_2 + REG_3H_99264416:SNP.AG * 3H + EXT_3C_2_99264416:SNP.AG * 3C_2 + EXT_3I_99264416:SNP.AG * 3I + EXT_3A_2_99264416:SNP.AG * 3A_2 + EXT_3E_2_99264416:SNP.AG * 3E_2 + EXT_3C_99264416:SNP.AG * 3C + EXT_3A_99264416:SNP.AG * 3A + EXT_3I_2_99264416:SNP.AG * 3I_2 + EXT_3E_99264416:SNP.AG * 3E ]> <= 1
CN Solver status: optimal, opt: 4.0
  3A_2: 1
    6.3i 99270538:SNP.TC  397 (100 cp. 2) F
    6.0i 99245913:SNP.GA  392 ( 99 cp. 2) 
  3A: 1
    6.3i 99270538:SNP.TC  397 (100 cp. 2) F
    6.0i 99245913:SNP.GA  392 ( 99 cp. 2) 
Missing:
  3A_2: 1
  3A: 1
Extra:
  3A_2: 1
  3A: 1
Time needed: (6.9)
Result is: [('3A', '3A')]
