SAM file: bams/PGXT175.bam
File bams/PGXT175.bam has index
Coverage is 72.8573984424
== Allele Filter ==
 6.0i   15989404: SNP.CT                    2 (100%) ~     2 (100)
 6.12e  15989695: SNP.GC                   30 ( 13%) ~     5 ( 17)
 6.12e  15989729: SNP.TC                   42 ( 18%) ~     2 (  5)
 6.11i  15989810: SNP.TG                   18 ( 22%) ~     0 (  0)
 6.11i  15989853: SNP.GA                    3 (  8%) ~     0 (  0)
 6.11i  15989856: SNP.TC                    2 (  7%) ~     0 (  0)
 6.8i   15996453: SNP.TA                    2 ( 13%) ~     0 (  0)
 6.8i   15996482: INS.g                    17 ( 94%) ~     0 (  0)
 6.8e   15996819: SNP.GA                  867 (100%) ~     0 (  0)
 6.6i   15997921: SNP.CT                    3 (100%) ~     0 (  0)
 6.5i   16000608: SNP.TA                   18 (100%) ~     0 (  0)
 6.4i   16002875: SNP.GT                    2 (  5%) ~     0 (  0)
 6.2i   16006100: SNP.TC                    4 (  5%) ~     0 (  0)
Removing 2     6.1e 16008387:SNP.AC
Removing 3     6.10e 15990430:SNP.CT
Removing 4     6.1e 16008387:SNP.AC,  6.10e 15990430:SNP.CT
Initial status
  CYP2D6.1
== Copy Number Estimator ==
CNV factor: 2.01529377834 (0.496205570993)
Coverage per region
  region:  2D6  2D7
  0i   :  2.42
  1e   :  1.81
  1i   :  2.04
  2e   :  2.02
  2i   :  1.93
  3e   :  2.04
  3i   :  1.95
  4e   :  2.18
  4i   :  1.97
  5e   :  1.68
  5i   :  2.20
  6e   :  1.87
  6i   :  2.00
  7e   :  1.30
  7i   :  2.06
  8e   :  1.91
  8i   :  2.09
  9e   :  2.17
  9i   :  1.81
  10e  :  1.87
  10i  :  2.24
  11e  :  1.90
  11i  :  2.19
  12e  :  1.93
Max. CN = 2
M  Sentinel contraint for 1: A_1^ <= A_1
M  Contraint for 7e: 1.30377168925 == E_7e + <gurobi.LinExpr: A1 + A1^>
M  Contraint for 6e: 1.86731667103 == E_6e + <gurobi.LinExpr: A1 + A1^>
M  Contraint for 9e: 2.16962238688 == E_9e + <gurobi.LinExpr: A1 + A1^>
M  Contraint for 8e: 1.91283343156 == E_8e + <gurobi.LinExpr: A1 + A1^>
M  Contraint for 2e: 2.02363060737 == E_2e + <gurobi.LinExpr: A1 + A1^>
M  Contraint for 1e: 1.8143799653 == E_1e + <gurobi.LinExpr: A1 + A1^>
M  Contraint for 5e: 1.67545465916 == E_5e + <gurobi.LinExpr: A1 + A1^>
M  Contraint for 4e: 2.17862900891 == E_4e + <gurobi.LinExpr: A1 + A1^>
M  Contraint for 3e: 2.04292936753 == E_3e + <gurobi.LinExpr: A1 + A1^>
M  Objective: <gurobi.LinExpr: C11 + C12 + C13 + C14 + C15 + C16 + C17 + C18 + C19 + 0.5 A1 + 0.5 A1^>
CN Solver status: optimal, opt: 2.84105495439
  Solutions:
    ('1', '1^')
== Initial Solver ==
Solving Counter({'1': 2})
Possible candidates:
  CYP2D6.1
M  Max. CN for 1 = 2
M  CN contraint for 1: 2 == <gurobi.LinExpr: 1 + 1_2>
M  Sentinel contraint for 1: A_1_2 <= A_1
M  Objective: 0
CN Solver status: optimal, opt: 0.0
  solution:
    ('1', '1')
[32;01mCopy number best structures:[39;49;00m
[32;01m  (1) 2x*1-like[39;49;00m
== Refiner ==
Refining ('1', '1')
M  Sentinel constraint for 1: A_1_2 <= A_1
M  CN constraint for 1: 2 == <gurobi.LinExpr: 1 + 1_2>
M  Objective: <gurobi.LinExpr: W>
CN Solver status: optimal, opt: 0.0
  1: 1
  1_2: 1
Missing:
  1: 1
  1_2: 1
Extra:
  1: 1
  1_2: 1
Time needed: (19.5)
Result is: [('1', '1')]
