SAM file: bams/PGXT151.bam
File bams/PGXT151.bam has index
Coverage is 113.863206526
== Allele Filter ==
Refining indel 96827119:INS.a: from 6 of 582.0 to 10 (indel:total = 6:336)
 6.0i   96796575: SNP.AT                    2 (  5%) ~     0 (  0)
 6.8i   96797269: SNP.TC                   14 ( 67%) ~     0 (  0)
 6.8i   96797469: SNP.CT                    3 (100%) ~     0 (  0)
 6.8e   96798748: SNP.TC     30411:A>G    403 ( 48%) ~     0 (  0)
 6.7i   96799050: SNP.GN                    2 (  6%) ~     0 (  0)
 6.7i   96800353: SNP.TC                    2 (100%) ~     0 (  0)
 6.7i   96802597: SNP.AT     26562:T>A     78 (100%) ~     0 (  0)
 6.6i   96805370: SNP.CT                   10 (100%) ~     0 (  0)
 6.6i   96805406: SNP.AT                    2 (  8%) ~     0 (  0)
 6.5i   96811840: SNP.AG                    4 (100%) ~     0 (  0)
 6.5i   96817775: SNP.TC                    3 (100%) ~     0 (  0)
 6.4i   96820766: SNP.AG                    2 (100%) ~     0 (  0)
 6.4i   96823811: SNP.CA                    2 (100%) ~     0 (  0)
 6.4i   96824259: SNP.CA                    2 ( 50%) ~     0 (  0)
 6.4i   96824405: SNP.CT                   19 ( 53%) ~     0 (  0)
 6.3i   96824733: SNP.TC                    3 (  9%) ~     0 (  0)
 6.3i   96824734: SNP.TG                    2 (  7%) ~     0 (  0)
 6.3i   96824735: SNP.TA                    2 (  8%) ~     0 (  0)
 6.3i   96824735: SNP.TG                    2 (  8%) ~     0 (  0)
 6.3i   96824736: SNP.TA                    2 ( 11%) ~     0 (  0)
 6.3i   96824737: SNP.AT                    7 ( 54%) ~     0 (  0)
 6.3i   96824882: SNP.TC                    5 (100%) ~     0 (  0)
 6.3i   96826697: SNP.AN                    2 (  8%) ~     0 (  0)
 6.3i   96826921: SNP.CG                  475 ( 51%) ~     0 (  0)
 6.3e   96827029: SNP.CT     2130:G>A     565 ( 48%) ~     0 (  0)
 6.2i   96827177: SNP.TC                  281 (100%) ~     0 (  0)
 6.1i   96828159: SNP.TC                    2 (100%) ~     0 (  0)
Removing 10    6.7e 96802646:SNP.CA
Removing 11    6.6e 96805707:SNP.CA
Removing 12    6.9e 96796973:DEL.CAA
Removing 13    6.5e 96818241:SNP.AC
Removing 14    6.5e 96818198:SNP.CG
Removing 2     6.5e 96818105:SNP.TA
Removing 4     6.5e 96818118:SNP.GC
Removing 5     6.3e 96826970:DEL.T
Removing 6     6.4e 96824687:SNP.CT
Removing 7     6.4e 96824642:SNP.GA
Removing 8     6.4e 96824642:SNP.GC
Removing 9     6.5e 96818170:SNP.TC
Initial status
  CYP2D6.1C
                   96829528:SNP.AC    0 (  0)   -370:T>G
  CYP2D6.1
  CYP2D6.1B
                   96829429:SNP.GT    0 (  0)   -271:C>A
  CYP2D6.3
    6.0i           96796860:SNP.GA    0 (  0)   32299:C>T
    6.8e           96798748:SNP.TC  403 ( 48) F 30411:A>G
    6.7i           96802597:SNP.AT   78 (100)   26562:T>A
    6.3e           96827029:SNP.CT  565 ( 48) F 2130:G>A
    6.2i           96827149:SNP.CT    0 (  0)   2010:G>A
    6.1i           96827484:SNP.GA    0 (  0)   1675:C>T
== Copy Number Estimator ==
CNV factor: 2.21531104692 (0.451403879103)
Coverage per region
  region:  2D6  2D7
  0i   :  2.34
  1e   :  2.51
  1i   :  2.83
  2e   :  3.20
  2i   :  2.98
  3e   :  2.13
  3i   :  1.98
  4e   :  2.74
  4i   :  3.10
  5e   :  2.27
  5i   :  2.37
  6e   :  2.07
  6i   :  2.41
  7e   :  1.92
  7i   :  2.27
  8e   :  2.66
  8i   :  2.70
  9e   :  2.31
Max. CN = 3
M  Sentinel contraint for 1: A_1^ <= A_1
M  Contraint for 7e: 1.92107268676 == E_7e + <gurobi.LinExpr: A1 + A1^>
M  Contraint for 6e: 2.06906429467 == E_6e + <gurobi.LinExpr: A1 + A1^>
M  Contraint for 9e: 2.30774510844 == E_9e + <gurobi.LinExpr: A1 + A1^>
M  Contraint for 8e: 2.6550511551 == E_8e + <gurobi.LinExpr: A1 + A1^>
M  Contraint for 2e: 3.1955258825 == E_2e + <gurobi.LinExpr: A1 + A1^>
M  Contraint for 1e: 2.50984319123 == E_1e + <gurobi.LinExpr: A1 + A1^>
M  Contraint for 5e: 2.27291402823 == E_5e + <gurobi.LinExpr: A1 + A1^>
M  Contraint for 4e: 2.7387837097 == E_4e + <gurobi.LinExpr: A1 + A1^>
M  Contraint for 3e: 2.13341096055 == E_3e + <gurobi.LinExpr: A1 + A1^>
M  Objective: <gurobi.LinExpr: C11 + C12 + C13 + C14 + C15 + C16 + C17 + C18 + C19 + 0.5 A1 + 0.5 A1^>
CN Solver status: optimal, opt: 4.96126564366
  Solutions:
    ('1', '1^')
== Initial Solver ==
Solving Counter({'1': 2})
Possible candidates:
  CYP2D6.1
  CYP2D6.3
    6.3e 96827029:SNP.CT  565 ( 48) F 2130:G>A
    6.8e 96798748:SNP.TC  403 ( 48) F 30411:A>G
M  Max. CN for 1 = 2
M  Max. CN for 3 = 2
M  Contraint for 96827029:REF 6.3e: 614 == <gurobi.QuadExpr: 589.5 1 + 589.5 3 + 589.5 3_2 + 589.5 1_2 + [ -589.5 REG_3_96827029:SNP.CT * 3 + -589.5 REG_3_2_96827029:SNP.CT * 3_2 ]> + err
M  Contraint for 96798748:REF 6.8e: 436 == <gurobi.QuadExpr: 419.5 1 + 419.5 3 + 419.5 3_2 + 419.5 1_2 + [ -419.5 REG_3_96798748:SNP.TC * 3 + -419.5 REG_3_2_96798748:SNP.TC * 3_2 ]> + err
M  Contraint for 96827029:SNP.CT 6.3e: 565 == <gurobi.QuadExpr: 0.0 + [ 589.5 REG_3_96827029:SNP.CT * 3 + 589.5 REG_3_2_96827029:SNP.CT * 3_2 ]> + err
M  Contraint for 96798748:SNP.TC 6.8e: 403 == <gurobi.QuadExpr: 0.0 + [ 419.5 REG_3_96798748:SNP.TC * 3 + 419.5 REG_3_2_96798748:SNP.TC * 3_2 ]> + err
M  Contraint for 3 96827029:SNP.CT: <gurobi.Var 3> >= <gurobi.Var REG_3_96827029:SNP.CT>
M  Contraint for 3 96798748:SNP.TC: <gurobi.Var 3> >= <gurobi.Var REG_3_96798748:SNP.TC>
M  Contraint for 3_2 96827029:SNP.CT: <gurobi.Var 3_2> >= <gurobi.Var REG_3_2_96827029:SNP.CT>
M  Contraint for 3_2 96798748:SNP.TC: <gurobi.Var 3_2> >= <gurobi.Var REG_3_2_96798748:SNP.TC>
M  CN contraint for 1: 2 == <gurobi.LinExpr: 1 + 3 + 3_2 + 1_2>
M  Sentinel contraint for 1: A_1_2 <= A_1
M  Sentinel contraint for 3: A_3_2 <= A_3
M  Objective: <gurobi.LinExpr: C14 + C15 + C16 + C17>
M  Contraint for 3: A_3 * (<gurobi.LinExpr: REG_3_96798748:SNP.TC + REG_3_96827029:SNP.CT> - 2) == 0
M  Contraint for 3_2: A_3_2 * (<gurobi.LinExpr: REG_3_2_96798748:SNP.TC + REG_3_2_96827029:SNP.CT> - 2) == 0
M  Contraint for 96798748:SNP.TC: 1 <= <gurobi.QuadExpr: 0.0 + [ 3 * REG_3_96798748:SNP.TC + 3_2 * REG_3_2_96798748:SNP.TC ]>
M  Contraint for 96827029:SNP.CT: 1 <= <gurobi.QuadExpr: 0.0 + [ 3 * REG_3_96827029:SNP.CT + 3_2 * REG_3_2_96827029:SNP.CT ]>
M  Contraint for 96798748:SNP.TC: 1 <= <gurobi.QuadExpr: 0.0 + [ 3 * REG_3_96798748:SNP.TC + 3_2 * REG_3_2_96798748:SNP.TC ]>
M  Contraint for 96827029:SNP.CT: 1 <= <gurobi.QuadExpr: 0.0 + [ 3 * REG_3_96827029:SNP.CT + 3_2 * REG_3_2_96827029:SNP.CT ]>
CN Solver status: optimal, opt: 82.0
  solution:
    ('1', '3')
[32;01mCopy number best structures:[39;49;00m
[32;01m  (1) 2x*1-like[39;49;00m
== Refiner ==
Refining ('1', '3')
M  CN constraint for 1: 1 == <gurobi.LinExpr: 1 + 1C + 1B>
M  CN constraint for 3: 1 == <gurobi.LinExpr: 3>
M  Contraint for 96829429:SNP.GT : 0 == <gurobi.QuadExpr: 0.0 + [ 0.0 EXT_1_96829429:SNP.GT * 1 + 0.0 EXT_1C_96829429:SNP.GT * 1C + 0.0 REG_1B_96829429:SNP.GT * 1B + 0.0 EXT_3_96829429:SNP.GT * 3 ]> + err
M  Contraint for 96829528:SNP.AC : 0 == <gurobi.QuadExpr: 0.0 + [ 0.0 EXT_1_96829528:SNP.AC * 1 + 0.0 REG_1C_96829528:SNP.AC * 1C + 0.0 EXT_1B_96829528:SNP.AC * 1B + 0.0 EXT_3_96829528:SNP.AC * 3 ]> + err
M  Contraint for 96796860:REF 6.0i: 650 == <gurobi.QuadExpr: 325.0 1 + 325.0 1C + 325.0 1B + 325.0 3 + [ -325.0 EXT_1_96796860:SNP.GA * 1 + -325.0 EXT_1C_96796860:SNP.GA * 1C + -325.0 EXT_1B_96796860:SNP.GA * 1B + -325.0 REG_3_96796860:SNP.GA * 3 ]> + err
M  Contraint for 96827149:SNP.CT 6.2i: 0 == <gurobi.QuadExpr: 0.0 + [ 206.0 EXT_1_96827149:SNP.CT * 1 + 206.0 EXT_1C_96827149:SNP.CT * 1C + 206.0 EXT_1B_96827149:SNP.CT * 1B + 206.0 REG_3_96827149:SNP.CT * 3 ]> + err
M  Contraint for 96827484:SNP.GA 6.1i: 0 == <gurobi.QuadExpr: 0.0 + [ 44.5 EXT_1_96827484:SNP.GA * 1 + 44.5 EXT_1C_96827484:SNP.GA * 1C + 44.5 EXT_1B_96827484:SNP.GA * 1B + 44.5 REG_3_96827484:SNP.GA * 3 ]> + err
M  Contraint for 96798748:SNP.TC 6.8e: 403 == <gurobi.QuadExpr: 0.0 + [ 419.5 EXT_1_96798748:SNP.TC * 1 + 419.5 EXT_1C_96798748:SNP.TC * 1C + 419.5 EXT_1B_96798748:SNP.TC * 1B + 419.5 REG_3_96798748:SNP.TC * 3 ]> + err
M  Contraint for 96829429:REF : 56 == <gurobi.QuadExpr: 0.0 + [ -0.0 EXT_1_96829429:SNP.GT * 1 + -0.0 EXT_1C_96829429:SNP.GT * 1C + -0.0 REG_1B_96829429:SNP.GT * 1B + -0.0 EXT_3_96829429:SNP.GT * 3 ]> + err
M  Contraint for 96829528:REF : 7 == <gurobi.QuadExpr: 0.0 + [ -0.0 EXT_1_96829528:SNP.AC * 1 + -0.0 REG_1C_96829528:SNP.AC * 1C + -0.0 EXT_1B_96829528:SNP.AC * 1B + -0.0 EXT_3_96829528:SNP.AC * 3 ]> + err
M  Contraint for 96827029:SNP.CT 6.3e: 565 == <gurobi.QuadExpr: 0.0 + [ 589.5 EXT_1_96827029:SNP.CT * 1 + 589.5 EXT_1C_96827029:SNP.CT * 1C + 589.5 EXT_1B_96827029:SNP.CT * 1B + 589.5 REG_3_96827029:SNP.CT * 3 ]> + err
M  Contraint for 96802597:SNP.AT 6.7i: 78 == <gurobi.QuadExpr: 0.0 + [ 39.0 EXT_1_96802597:SNP.AT * 1 + 39.0 EXT_1C_96802597:SNP.AT * 1C + 39.0 EXT_1B_96802597:SNP.AT * 1B + 39.0 REG_3_96802597:SNP.AT * 3 ]> + err
M  Contraint for 96827484:REF 6.1i: 89 == <gurobi.QuadExpr: 44.5 1 + 44.5 1C + 44.5 1B + 44.5 3 + [ -44.5 EXT_1_96827484:SNP.GA * 1 + -44.5 EXT_1C_96827484:SNP.GA * 1C + -44.5 EXT_1B_96827484:SNP.GA * 1B + -44.5 REG_3_96827484:SNP.GA * 3 ]> + err
M  Contraint for 96827149:REF 6.2i: 412 == <gurobi.QuadExpr: 206.0 1 + 206.0 1C + 206.0 1B + 206.0 3 + [ -206.0 EXT_1_96827149:SNP.CT * 1 + -206.0 EXT_1C_96827149:SNP.CT * 1C + -206.0 EXT_1B_96827149:SNP.CT * 1B + -206.0 REG_3_96827149:SNP.CT * 3 ]> + err
M  Contraint for 96796860:SNP.GA 6.0i: 0 == <gurobi.QuadExpr: 0.0 + [ 325.0 EXT_1_96796860:SNP.GA * 1 + 325.0 EXT_1C_96796860:SNP.GA * 1C + 325.0 EXT_1B_96796860:SNP.GA * 1B + 325.0 REG_3_96796860:SNP.GA * 3 ]> + err
M  Contraint for 96802597:REF 6.7i: 0 == <gurobi.QuadExpr: 39.0 1 + 39.0 1C + 39.0 1B + 39.0 3 + [ -39.0 EXT_1_96802597:SNP.AT * 1 + -39.0 EXT_1C_96802597:SNP.AT * 1C + -39.0 EXT_1B_96802597:SNP.AT * 1B + -39.0 REG_3_96802597:SNP.AT * 3 ]> + err
M  Contraint for 96798748:REF 6.8e: 436 == <gurobi.QuadExpr: 419.5 1 + 419.5 1C + 419.5 1B + 419.5 3 + [ -419.5 EXT_1_96798748:SNP.TC * 1 + -419.5 EXT_1C_96798748:SNP.TC * 1C + -419.5 EXT_1B_96798748:SNP.TC * 1B + -419.5 REG_3_96798748:SNP.TC * 3 ]> + err
M  Contraint for 96827029:REF 6.3e: 614 == <gurobi.QuadExpr: 589.5 1 + 589.5 1C + 589.5 1B + 589.5 3 + [ -589.5 EXT_1_96827029:SNP.CT * 1 + -589.5 EXT_1C_96827029:SNP.CT * 1C + -589.5 EXT_1B_96827029:SNP.CT * 1B + -589.5 REG_3_96827029:SNP.CT * 3 ]> + err
M  Contraint for MM[missing] 1C 96829528:SNP.AC: <gurobi.Var 1C> >= <gurobi.Var REG_1C_96829528:SNP.AC>
M  Contraint for MM[missing] 1B 96829429:SNP.GT: <gurobi.Var 1B> >= <gurobi.Var REG_1B_96829429:SNP.GT>
M  Contraint for MM[missing] 3 96802597:SNP.AT: <gurobi.Var 3> >= <gurobi.Var REG_3_96802597:SNP.AT>
M  Contraint for MM[missing] 3 96827149:SNP.CT: <gurobi.Var 3> >= <gurobi.Var REG_3_96827149:SNP.CT>
M  Contraint for MM[missing] 3 96827484:SNP.GA: <gurobi.Var 3> >= <gurobi.Var REG_3_96827484:SNP.GA>
M  Contraint for MM[missing] 3 96798748:SNP.TC: <gurobi.Var 3> >= <gurobi.Var REG_3_96798748:SNP.TC>
M  Contraint for MM[missing] 3 96827029:SNP.CT: <gurobi.Var 3> >= <gurobi.Var REG_3_96827029:SNP.CT>
M  Contraint for MM[missing] 3 96796860:SNP.GA: <gurobi.Var 3> >= <gurobi.Var REG_3_96796860:SNP.GA>
M  Contraint for MA[extra] 1 96829429:SNP.GT: <gurobi.Var 1> >= <gurobi.Var EXT_1_96829429:SNP.GT>
M  Contraint for MA[extra] 1 96829528:SNP.AC: <gurobi.Var 1> >= <gurobi.Var EXT_1_96829528:SNP.AC>
M  Contraint for MA[extra] 1 96827149:SNP.CT: <gurobi.Var 1> >= <gurobi.Var EXT_1_96827149:SNP.CT>
M  Contraint for MA[extra] 1 96827484:SNP.GA: <gurobi.Var 1> >= <gurobi.Var EXT_1_96827484:SNP.GA>
M  Contraint for MA[extra] 1 96798748:SNP.TC: <gurobi.Var 1> >= <gurobi.Var EXT_1_96798748:SNP.TC>
M  Contraint for MA[extra] 1 96827029:SNP.CT: <gurobi.Var 1> >= <gurobi.Var EXT_1_96827029:SNP.CT>
M  Contraint for MA[extra] 1 96802597:SNP.AT: <gurobi.Var 1> >= <gurobi.Var EXT_1_96802597:SNP.AT>
M  Contraint for MA[extra] 1 96796860:SNP.GA: <gurobi.Var 1> >= <gurobi.Var EXT_1_96796860:SNP.GA>
M  Contraint for MA[extra] 1C 96829429:SNP.GT: <gurobi.Var 1C> >= <gurobi.Var EXT_1C_96829429:SNP.GT>
M  Contraint for MA[extra] 1C 96802597:SNP.AT: <gurobi.Var 1C> >= <gurobi.Var EXT_1C_96802597:SNP.AT>
M  Contraint for MA[extra] 1C 96827149:SNP.CT: <gurobi.Var 1C> >= <gurobi.Var EXT_1C_96827149:SNP.CT>
M  Contraint for MA[extra] 1C 96827484:SNP.GA: <gurobi.Var 1C> >= <gurobi.Var EXT_1C_96827484:SNP.GA>
M  Contraint for MA[extra] 1C 96798748:SNP.TC: <gurobi.Var 1C> >= <gurobi.Var EXT_1C_96798748:SNP.TC>
M  Contraint for MA[extra] 1C 96827029:SNP.CT: <gurobi.Var 1C> >= <gurobi.Var EXT_1C_96827029:SNP.CT>
M  Contraint for MA[extra] 1C 96796860:SNP.GA: <gurobi.Var 1C> >= <gurobi.Var EXT_1C_96796860:SNP.GA>
M  Contraint for MA[extra] 1B 96829528:SNP.AC: <gurobi.Var 1B> >= <gurobi.Var EXT_1B_96829528:SNP.AC>
M  Contraint for MA[extra] 1B 96827149:SNP.CT: <gurobi.Var 1B> >= <gurobi.Var EXT_1B_96827149:SNP.CT>
M  Contraint for MA[extra] 1B 96827484:SNP.GA: <gurobi.Var 1B> >= <gurobi.Var EXT_1B_96827484:SNP.GA>
M  Contraint for MA[extra] 1B 96798748:SNP.TC: <gurobi.Var 1B> >= <gurobi.Var EXT_1B_96798748:SNP.TC>
M  Contraint for MA[extra] 1B 96827029:SNP.CT: <gurobi.Var 1B> >= <gurobi.Var EXT_1B_96827029:SNP.CT>
M  Contraint for MA[extra] 1B 96802597:SNP.AT: <gurobi.Var 1B> >= <gurobi.Var EXT_1B_96802597:SNP.AT>
M  Contraint for MA[extra] 1B 96796860:SNP.GA: <gurobi.Var 1B> >= <gurobi.Var EXT_1B_96796860:SNP.GA>
M  Contraint for MA[extra] 3 96829429:SNP.GT: <gurobi.Var 3> >= <gurobi.Var EXT_3_96829429:SNP.GT>
M  Contraint for MA[extra] 3 96829528:SNP.AC: <gurobi.Var 3> >= <gurobi.Var EXT_3_96829528:SNP.AC>
M  Objective: <gurobi.LinExpr: C52 + C53 + C54 + C55 + C56 + C57 + C58 + C59 + C60 + C61 + C62 + C63 + C64 + C65 + C66 + C67 + EXT_1_96829429:SNP.GT + EXT_1_96829528:SNP.AC + EXT_1_96827149:SNP.CT + EXT_1_96827484:SNP.GA + EXT_1_96798748:SNP.TC + EXT_1_96827029:SNP.CT + EXT_1_96802597:SNP.AT + EXT_1_96796860:SNP.GA + EXT_1C_96829429:SNP.GT + EXT_1C_96802597:SNP.AT + EXT_1C_96827149:SNP.CT + EXT_1C_96827484:SNP.GA + EXT_1C_96798748:SNP.TC + EXT_1C_96827029:SNP.CT + EXT_1C_96796860:SNP.GA + EXT_1B_96829528:SNP.AC + EXT_1B_96827149:SNP.CT + EXT_1B_96827484:SNP.GA + EXT_1B_96798748:SNP.TC + EXT_1B_96827029:SNP.CT + EXT_1B_96802597:SNP.AT + EXT_1B_96796860:SNP.GA + EXT_3_96829429:SNP.GT + EXT_3_96829528:SNP.AC + W>
M  Contraint for 3: <gurobi.LinExpr: REG_3_96827029:SNP.CT + REG_3_96798748:SNP.TC> = 2 * A_<gurobi.Var 3>
M  Contraint for 96829528:SNP.AC: 0 >= <gurobi.LinExpr: REG_1C_96829528:SNP.AC>
M  Contraint for 96829429:SNP.GT: 0 >= <gurobi.LinExpr: REG_1B_96829429:SNP.GT>
M  Contraint for 96827484:SNP.GA: 0 >= <gurobi.LinExpr: REG_3_96827484:SNP.GA>
M  Contraint for 96827149:SNP.CT: 0 >= <gurobi.LinExpr: REG_3_96827149:SNP.CT>
M  Contraint for 96796860:SNP.GA: 0 >= <gurobi.LinExpr: REG_3_96796860:SNP.GA>
M  Contraint for 96829429:SNP.GT: 0 <= <gurobi.QuadExpr: 0.0 + [ REG_1B_96829429:SNP.GT * 1B + EXT_1_96829429:SNP.GT * 1 + EXT_1C_96829429:SNP.GT * 1C + EXT_3_96829429:SNP.GT * 3 ]> <= 0
M  Contraint for 96829528:SNP.AC: 0 <= <gurobi.QuadExpr: 0.0 + [ REG_1C_96829528:SNP.AC * 1C + EXT_1_96829528:SNP.AC * 1 + EXT_1B_96829528:SNP.AC * 1B + EXT_3_96829528:SNP.AC * 3 ]> <= 0
M  Contraint for 96827149:SNP.CT: 0 <= <gurobi.QuadExpr: 0.0 + [ REG_3_96827149:SNP.CT * 3 + EXT_1_96827149:SNP.CT * 1 + EXT_1C_96827149:SNP.CT * 1C + EXT_1B_96827149:SNP.CT * 1B ]> <= 1
M  Contraint for 96796860:SNP.GA: 0 <= <gurobi.QuadExpr: 0.0 + [ REG_3_96796860:SNP.GA * 3 + EXT_1_96796860:SNP.GA * 1 + EXT_1C_96796860:SNP.GA * 1C + EXT_1B_96796860:SNP.GA * 1B ]> <= 1
M  Contraint for 96798748:SNP.TC: 1 <= <gurobi.QuadExpr: 0.0 + [ REG_3_96798748:SNP.TC * 3 ]> <= 1
M  Contraint for 96798748:SNP.TC: <gurobi.QuadExpr: 0.0 + [ REG_3_96798748:SNP.TC * 3 ]> <= 1
M  Contraint for 96827029:SNP.CT: 1 <= <gurobi.QuadExpr: 0.0 + [ REG_3_96827029:SNP.CT * 3 ]> <= 1
M  Contraint for 96827029:SNP.CT: <gurobi.QuadExpr: 0.0 + [ REG_3_96827029:SNP.CT * 3 ]> <= 1
M  Contraint for 96802597:SNP.AT: 2 <= <gurobi.QuadExpr: 0.0 + [ REG_3_96802597:SNP.AT * 3 + EXT_1_96802597:SNP.AT * 1 + EXT_1C_96802597:SNP.AT * 1C + EXT_1B_96802597:SNP.AT * 1B ]> <= 3
M  Contraint for 96827484:SNP.GA: 0 <= <gurobi.QuadExpr: 0.0 + [ REG_3_96827484:SNP.GA * 3 + EXT_1_96827484:SNP.GA * 1 + EXT_1C_96827484:SNP.GA * 1C + EXT_1B_96827484:SNP.GA * 1B ]> <= 1
CN Solver status: optimal, opt: 152.0
  1: 1
  3: 1
    6.7i 96802597:SNP.AT   78 (100 cp. 2) 
    6.8e 96798748:SNP.TC  403 ( 48 cp. 1) F
    6.3e 96827029:SNP.CT  565 ( 48 cp. 1) F
Missing:
  1: 1
  3: 1
    6.2i 96827149:SNP.CT    0 (  0)   rs11572076   2010:G>A
    6.1i 96827484:SNP.GA    0 (  0)   rs11572073   1675:C>T
    6.0i 96796860:SNP.GA    0 (  0)   rs1058932    32299:C>T
Extra:
  1: 1
    6.7i 96802597:SNP.AT   78 (100)   rs2275620    26562:T>A
  3: 1
Time needed: (4.3)
Result is: [('1', '3')]
