SAM file: bams/PGXT152.bam
File bams/PGXT152.bam has index
Coverage is 41.1928200588
== Allele Filter ==
 6.24e  97543631: SNP.AG                  128 ( 53%) ~     0 (  0)
 6.24e  97543751: SNP.GA                  235 ( 50%) ~     0 (  0)
 6.24e  97543763: SNP.CT                  230 ( 49%) ~     0 (  0)
 6.23i  97544770: SNP.TC                  172 (100%) ~     0 (  0)
 6.23i  97547830: SNP.GA                  282 (100%) ~     0 (  0)
 6.22i  97548882: SNP.GT                    4 (100%) ~     0 (  0)
 6.22i  97559638: SNP.AC                    2 (100%) ~     0 (  0)
 6.22i  97562222: SNP.CT                    2 (100%) ~     0 (  0)
 6.21i  97572668: SNP.CT                    3 (100%) ~     0 (  0)
 6.21i  97583855: SNP.TC                    2 (100%) ~     0 (  0)
 6.21i  97590775: SNP.AG                    2 (100%) ~     0 (  0)
 6.21i  97615097: SNP.CT                    2 (100%) ~     0 (  0)
 6.21i  97636760: SNP.CA                    2 ( 40%) ~     0 (  0)
 6.21i  97640911: SNP.AT                    2 (100%) ~     0 (  0)
 6.21i  97658394: SNP.CT                    2 ( 50%) ~     0 (  0)
 6.20i  97658967: SNP.AG                    2 (  5%) ~     0 (  0)
 6.20i  97659350: DEL.A                     2 (100%) ~     0 (  0)
 6.20i  97674515: DEL.GT                    2 (100%) ~     0 (  0)
 6.19i  97745049: INS.tttg                  2 (100%) ~     0 (  0)
 6.19i  97755577: SNP.AG                    2 ( 50%) ~     0 (  0)
 6.19i  97755581: SNP.AG                    2 ( 50%) ~     0 (  0)
 6.19i  97755582: SNP.CG                    2 ( 50%) ~     0 (  0)
 6.17i  97771946: SNP.CA                   43 ( 40%) ~     0 (  0)
 6.17i  97782950: SNP.GC                    2 (100%) ~     0 (  0)
 6.17i  97794906: SNP.AG                    2 (100%) ~     0 (  0)
 6.17i  97810085: SNP.TC                    2 (100%) ~     0 (  0)
 6.17i  97839015: SNP.AG                   47 ( 47%) ~     0 (  0)
 6.16i  97839371: SNP.CA                    2 ( 10%) ~     0 (  0)
 6.16i  97839412: SNP.CG                    8 ( 80%) ~     0 (  0)
 6.16i  97847873: SNP.TC                   10 ( 40%) ~     0 (  0)
 6.15i  97848139: SNP.GT                    2 (100%) ~     0 (  0)
 6.15i  97863826: SNP.GT                    2 (100%) ~     0 (  0)
 6.15i  97863835: SNP.TG                    2 (100%) ~     0 (  0)
 6.15i  97863846: SNP.GA                    2 (100%) ~     0 (  0)
 6.15i  97867405: SNP.TC                    2 (100%) ~     0 (  0)
 6.15i  97880717: DEL.A                     2 (100%) ~     0 (  0)
 6.15i  97885879: SNP.GT                    2 (100%) ~     0 (  0)
 6.15i  97885884: SNP.AC                    2 (100%) ~     0 (  0)
 6.15i  97903342: SNP.TA                    2 (100%) ~     0 (  0)
 6.14i  97945107: SNP.TC                    2 (100%) ~     0 (  0)
 6.14i  97947882: SNP.CT                    2 (100%) ~     0 (  0)
 6.14i  97950901: SNP.AC                    2 (100%) ~     0 (  0)
 6.14i  97950933: SNP.GT                    2 (100%) ~     0 (  0)
 6.14i  97954588: SNP.AG                    2 (100%) ~     0 (  0)
 6.14i  97963034: SNP.TG                    2 (100%) ~     0 (  0)
 6.14i  97969297: SNP.AG                    4 (100%) ~     0 (  0)
 6.14i  97981241: SNP.TC                   97 (100%) ~     0 (  0)
 6.13i  97981705: SNP.CT                    6 (100%) ~     0 (  0)
 6.13i  97984694: SNP.TC                    2 (100%) ~     0 (  0)
 6.13i  98003357: SNP.GA                    2 (100%) ~     0 (  0)
 6.13i  98014959: SNP.CN                    2 (  6%) ~     0 (  0)
 6.12i  98039186: SNP.GN                    2 (  8%) ~     0 (  0)
 6.11i  98039540: SNP.AG                  146 ( 49%) ~     0 (  0)
 6.11i  98049206: DEL.T                     2 (100%) ~     0 (  0)
 6.10i  98060480: SNP.AC                   16 ( 57%) ~     0 (  0)
 6.9i   98089113: SNP.GC                    2 (100%) ~     0 (  0)
 6.9i   98104289: SNP.CT                    2 (100%) ~     0 (  0)
 6.9i   98144622: SNP.TN                    2 (  9%) ~     0 (  0)
 6.9i   98144624: SNP.AT                    2 (  8%) ~     0 (  0)
 6.8i   98144855: SNP.TC                    3 ( 25%) ~     0 (  0)
 6.8i   98149971: SNP.GA                    2 (100%) ~     0 (  0)
 6.8i   98156891: SNP.AG                  158 ( 52%) ~     0 (  0)
 6.8e   98157331: SNP.CG                  433 (100%) ~     0 (  0)
 6.7i   98157590: SNP.CT                    3 (100%) ~     0 (  0)
 6.7i   98164767: SNP.CT                   17 ( 46%) ~     0 (  0)
 6.7e   98165090: SNP.TC                  206 ( 48%) ~     0 (  0)
 6.6i   98165998: SNP.AT                    2 (  7%) ~     0 (  0)
 6.6e   98185526: SNP.AG                  314 (100%) ~     0 (  0)
 6.6e   98185721: SNP.AT                  102 ( 49%) ~     0 (  0)
 6.6e   98185723: SNP.AT                  100 ( 45%) ~     0 (  0)
 6.6e   98186076: SNP.TC                  351 (100%) ~     0 (  0)
 6.6e   98186228: SNP.TC                  286 ( 56%) ~     0 (  0)
 6.5i   98186566: SNP.TA                    2 (  7%) ~     0 (  0)
 6.4i   98193055: SNP.TC                    2 (100%) ~     0 (  0)
 6.3i   98231782: SNP.GT                    2 (100%) ~     0 (  0)
 6.3i   98231783: SNP.AC                    2 (100%) ~     0 (  0)
 6.3i   98231785: SNP.AG                    2 (100%) ~     0 (  0)
 6.3i   98231788: SNP.CG                    2 (100%) ~     0 (  0)
 6.3i   98233220: SNP.AT                    2 (100%) ~     0 (  0)
 6.3i   98268696: SNP.GT                    2 (100%) ~     0 (  0)
 6.2i   98298370: SNP.AG                    2 (100%) ~     0 (  0)
 6.2i   98315060: SNP.TA                    2 (100%) ~     0 (  0)
 6.2i   98320407: SNP.CT                   42 (100%) ~     0 (  0)
 6.2i   98320491: SNP.CA                   92 ( 51%) ~     0 (  0)
 6.2i   98345836: SNP.AG                    2 (100%) ~     0 (  0)
 6.2i   98347939: SNP.GA                    2 (100%) ~     0 (  0)
 6.2i   98348712: SNP.CN                    2 (  5%) ~     0 (  0)
 6.2e   98348884: SNP.AG     85:A>G       308 ( 55%) ~     0 (  0)
 6.1i   98353415: SNP.AG                    2 (100%) ~     0 (  0)
 6.1i   98372912: SNP.GT                    2 (100%) ~     0 (  0)
 6.1i   98386380: SNP.AC                   24 (  6%) ~     0 (  0)
 6.1i   98386391: SNP.AC                   40 (  8%) ~     0 (  0)
 6.1i   98386393: SNP.TC                   32 (  6%) ~     0 (  0)
 6.1i   98386398: SNP.AC                   58 ( 11%) ~     0 (  0)
 6.1i   98386401: SNP.AC                   95 ( 17%) ~     0 (  0)
 6.1e   98386513: SNP.AC                   53 (  6%) ~     0 (  0)
Removing 10    6.24e 97544626:SNP.CA
Removing 11    6.11e 98058898:SNP.CA
Removing 12    6.2e 98348907:SNP.CT,  6.12e 98039498:SNP.CA
Removing 13    6.14e 97981342:SNP.AC
Removing 2B    6.15i 97915613:SNP.CT,  6.14e 97981394:SNP.TC
Removing 2A    6.15i 97915613:SNP.CT
Removing 3     6.15e 97915621:DEL.G
Removing 4     6.14e 97981420:SNP.CT
Removing 5     6.14e 97981394:SNP.TC
Removing 6     6.19e 97770919:SNP.CT
Removing 7     6.4e 98205970:DEL.ATGA
Removing 8     6.8e 98157331:SNP.CT
Initial status
  CYP2D6.1
  CYP2D6.9B
    6.22e          97564153:SNP.CT    0 (  0)   2657:C>T
    6.2e           98348884:SNP.AG  308 ( 55) F 85:A>G
  CYP2D6.9
    6.2e           98348884:SNP.AG  308 ( 55) F 85:A>G
== Copy Number Estimator ==
CNV factor: 2.22581758335 (0.449273115407)
Coverage per region
  region:  2D6  2D7
  1e   :  1.92
  1i   :  2.24
  2e   :  2.19
  2i   :  1.92
  3e   :  2.09
  3i   :  2.17
  4e   :  2.53
  4i   :  2.73
  5e   :  2.00
  5i   :  2.24
  6e   :  2.22
  6i   :  2.60
  7e   :  2.43
  7i   :  2.36
  8e   :  2.52
  8i   :  2.42
  9e   :  3.09
  9i   :  2.98
  10e  :  2.23
  10i  :  2.32
  11e  :  1.70
  11i  :  2.46
  12e  :  2.00
  12i  :  2.21
  13e  :  1.90
  13i  :  2.32
  14e  :  2.09
  14i  :  3.09
  15e  :  2.09
  15i  :  2.32
  16e  :  2.19
  16i  :  2.86
  17e  :  2.44
  17i  :  2.51
  18e  :  1.94
  18i  :  2.15
  19e  :  1.76
  19i  :  2.08
  20e  :  1.82
  20i  :  2.61
  21e  :  2.08
  21i  :  2.65
  22e  :  2.76
  22i  :  2.69
  23e  :  2.01
  23i  :  2.61
  24e  :  2.34
Max. CN = 3
M  Sentinel contraint for 1: A_1^ <= A_1
M  Contraint for 24e: 2.34047948432 == E_24e + <gurobi.LinExpr: A1 + A1^>
M  Contraint for 7e: 2.42698867155 == E_7e + <gurobi.LinExpr: A1 + A1^>
M  Contraint for 12e: 2.00296979778 == E_12e + <gurobi.LinExpr: A1 + A1^>
M  Contraint for 16e: 2.18640396303 == E_16e + <gurobi.LinExpr: A1 + A1^>
M  Contraint for 22e: 2.75839824053 == E_22e + <gurobi.LinExpr: A1 + A1^>
M  Contraint for 9e: 3.09155044317 == E_9e + <gurobi.LinExpr: A1 + A1^>
M  Contraint for 10e: 2.22882078974 == E_10e + <gurobi.LinExpr: A1 + A1^>
M  Contraint for 14e: 2.09334203709 == E_14e + <gurobi.LinExpr: A1 + A1^>
M  Contraint for 20e: 1.82407205387 == E_20e + <gurobi.LinExpr: A1 + A1^>
M  Contraint for 1e: 1.92433766532 == E_1e + <gurobi.LinExpr: A1 + A1^>
M  Contraint for 5e: 1.99752913138 == E_5e + <gurobi.LinExpr: A1 + A1^>
M  Contraint for 3e: 2.09009753171 == E_3e + <gurobi.LinExpr: A1 + A1^>
M  Contraint for 11e: 1.70171613871 == E_11e + <gurobi.LinExpr: A1 + A1^>
M  Contraint for 6e: 2.22190550905 == E_6e + <gurobi.LinExpr: A1 + A1^>
M  Contraint for 13e: 1.90318136966 == E_13e + <gurobi.LinExpr: A1 + A1^>
M  Contraint for 23e: 2.01443295069 == E_23e + <gurobi.LinExpr: A1 + A1^>
M  Contraint for 17e: 2.43565148216 == E_17e + <gurobi.LinExpr: A1 + A1^>
M  Contraint for 8e: 2.51674471541 == E_8e + <gurobi.LinExpr: A1 + A1^>
M  Contraint for 21e: 2.08214016308 == E_21e + <gurobi.LinExpr: A1 + A1^>
M  Contraint for 15e: 2.08670704365 == E_15e + <gurobi.LinExpr: A1 + A1^>
M  Contraint for 19e: 1.75546381126 == E_19e + <gurobi.LinExpr: A1 + A1^>
M  Contraint for 18e: 1.93850525377 == E_18e + <gurobi.LinExpr: A1 + A1^>
M  Contraint for 2e: 2.18667749834 == E_2e + <gurobi.LinExpr: A1 + A1^>
M  Contraint for 4e: 2.52714779503 == E_4e + <gurobi.LinExpr: A1 + A1^>
M  Objective: <gurobi.LinExpr: C26 + C27 + C28 + C29 + C30 + C31 + C32 + C33 + C34 + C35 + C36 + C37 + C38 + C39 + C40 + C41 + C42 + C43 + C44 + C45 + C46 + C47 + C48 + C49 + 0.5 A1 + 0.5 A1^>
CN Solver status: optimal, opt: 7.24565269235
  Solutions:
    ('1', '1^')
== Initial Solver ==
Solving Counter({'1': 2})
Possible candidates:
  CYP2D6.1
  CYP2D6.9
    6.2e 98348884:SNP.AG  308 ( 55) F 85:A>G
M  Max. CN for 1 = 2
M  Max. CN for 9 = 2
M  Contraint for 98348884:SNP.AG 6.2e: 308 == <gurobi.QuadExpr: 0.0 + [ 279.5 REG_9_98348884:SNP.AG * 9 + 279.5 REG_9_2_98348884:SNP.AG * 9_2 ]> + err
M  Contraint for 98348884:REF 6.2e: 251 == <gurobi.QuadExpr: 279.5 1 + 279.5 9 + 279.5 1_2 + 279.5 9_2 + [ -279.5 REG_9_98348884:SNP.AG * 9 + -279.5 REG_9_2_98348884:SNP.AG * 9_2 ]> + err
M  Contraint for 9 98348884:SNP.AG: <gurobi.Var 9> >= <gurobi.Var REG_9_98348884:SNP.AG>
M  Contraint for 9_2 98348884:SNP.AG: <gurobi.Var 9_2> >= <gurobi.Var REG_9_2_98348884:SNP.AG>
M  CN contraint for 1: 2 == <gurobi.LinExpr: 1 + 9 + 1_2 + 9_2>
M  Sentinel contraint for 1: A_1_2 <= A_1
M  Sentinel contraint for 9: A_9_2 <= A_9
M  Objective: <gurobi.LinExpr: C9 + C10>
M  Contraint for 9: A_9 * (<gurobi.LinExpr: REG_9_98348884:SNP.AG> - 1) == 0
M  Contraint for 9_2: A_9_2 * (<gurobi.LinExpr: REG_9_2_98348884:SNP.AG> - 1) == 0
M  Contraint for 98348884:SNP.AG: 1 <= <gurobi.QuadExpr: 0.0 + [ 9 * REG_9_98348884:SNP.AG + 9_2 * REG_9_2_98348884:SNP.AG ]>
M  Contraint for 98348884:SNP.AG: 1 <= <gurobi.QuadExpr: 0.0 + [ 9 * REG_9_98348884:SNP.AG + 9_2 * REG_9_2_98348884:SNP.AG ]>
CN Solver status: optimal, opt: 57.0
  solution:
    ('1', '9')
[32;01mCopy number best structures:[39;49;00m
[32;01m  (1) 2x*1-like[39;49;00m
== Refiner ==
Refining ('1', '9')
M  CN constraint for 1: 1 == <gurobi.LinExpr: 1>
M  CN constraint for 9: 1 == <gurobi.LinExpr: 9 + 9B>
M  Contraint for 97564153:SNP.CT 6.22e: 0 == <gurobi.QuadExpr: 0.0 + [ 269.0 EXT_1_97564153:SNP.CT * 1 + 269.0 EXT_9_97564153:SNP.CT * 9 + 269.0 REG_9B_97564153:SNP.CT * 9B ]> + err
M  Contraint for 98348884:SNP.AG 6.2e: 308 == <gurobi.QuadExpr: 0.0 + [ 279.5 EXT_1_98348884:SNP.AG * 1 + 279.5 REG_9_98348884:SNP.AG * 9 + 279.5 REG_9B_98348884:SNP.AG * 9B ]> + err
M  Contraint for 98348884:REF 6.2e: 251 == <gurobi.QuadExpr: 279.5 1 + 279.5 9 + 279.5 9B + [ -279.5 EXT_1_98348884:SNP.AG * 1 + -279.5 REG_9_98348884:SNP.AG * 9 + -279.5 REG_9B_98348884:SNP.AG * 9B ]> + err
M  Contraint for 97564153:REF 6.22e: 538 == <gurobi.QuadExpr: 269.0 1 + 269.0 9 + 269.0 9B + [ -269.0 EXT_1_97564153:SNP.CT * 1 + -269.0 EXT_9_97564153:SNP.CT * 9 + -269.0 REG_9B_97564153:SNP.CT * 9B ]> + err
M  Contraint for MM[missing] 9 98348884:SNP.AG: <gurobi.Var 9> >= <gurobi.Var REG_9_98348884:SNP.AG>
M  Contraint for MM[missing] 9B 97564153:SNP.CT: <gurobi.Var 9B> >= <gurobi.Var REG_9B_97564153:SNP.CT>
M  Contraint for MM[missing] 9B 98348884:SNP.AG: <gurobi.Var 9B> >= <gurobi.Var REG_9B_98348884:SNP.AG>
M  Contraint for MA[extra] 1 97564153:SNP.CT: <gurobi.Var 1> >= <gurobi.Var EXT_1_97564153:SNP.CT>
M  Contraint for MA[extra] 1 98348884:SNP.AG: <gurobi.Var 1> >= <gurobi.Var EXT_1_98348884:SNP.AG>
M  Contraint for MA[extra] 9 97564153:SNP.CT: <gurobi.Var 9> >= <gurobi.Var EXT_9_97564153:SNP.CT>
M  Objective: <gurobi.LinExpr: C13 + C14 + C15 + C16 + EXT_1_97564153:SNP.CT + EXT_1_98348884:SNP.AG + EXT_9_97564153:SNP.CT + W>
M  Contraint for 9: <gurobi.LinExpr: REG_9_98348884:SNP.AG> = 1 * A_<gurobi.Var 9>
M  Contraint for 9B: <gurobi.LinExpr: REG_9B_98348884:SNP.AG> = 1 * A_<gurobi.Var 9B>
M  Contraint for 97564153:SNP.CT: 0 >= <gurobi.LinExpr: REG_9B_97564153:SNP.CT>
M  Contraint for 97564153:SNP.CT: 0 <= <gurobi.QuadExpr: 0.0 + [ REG_9B_97564153:SNP.CT * 9B + EXT_1_97564153:SNP.CT * 1 + EXT_9_97564153:SNP.CT * 9 ]> <= 1
M  Contraint for 98348884:SNP.AG: 1 <= <gurobi.QuadExpr: 0.0 + [ REG_9_98348884:SNP.AG * 9 + REG_9B_98348884:SNP.AG * 9B ]> <= 2
M  Contraint for 98348884:SNP.AG: <gurobi.QuadExpr: 0.0 + [ REG_9_98348884:SNP.AG * 9 + REG_9B_98348884:SNP.AG * 9B ]> <= 2
CN Solver status: optimal, opt: 57.0
  1: 1
  9: 1
    6.2e 98348884:SNP.AG  308 ( 55 cp. 1) F
Missing:
  1: 1
  9: 1
Extra:
  1: 1
  9: 1
Time needed: (23.8)
Result is: [('1', '9')]
