SAM file: bams/PGXT138.bam
File bams/PGXT138.bam has index
Coverage is 100.943743266
== Allele Filter ==
Refining indel 96827119:INS.a: from 1 of 474.0 to 1 (indel:total = 1:249)
 6.8i   96797469: SNP.CT                    4 (100%) ~     0 (  0)
 6.8e   96798748: SNP.TC     30411:A>G    681 (100%) ~     0 (  0)
 6.7i   96800353: SNP.TC                    3 (100%) ~     0 (  0)
 6.7i   96802597: SNP.AT     26562:T>A     61 (100%) ~     0 (  0)
 6.6i   96804977: SNP.GA                    2 (100%) ~     0 (  0)
 6.6i   96805370: SNP.CT                    9 (100%) ~     0 (  0)
 6.5i   96808490: SNP.TC                    3 (100%) ~     0 (  0)
 6.5i   96810336: SNP.CA                    2 (100%) ~     0 (  0)
 6.5i   96810632: INS.a                     2 (100%) ~     0 (  0)
 6.5i   96817775: SNP.TC                    6 (100%) ~     0 (  0)
 6.4i   96818331: SNP.CA                    3 ( 12%) ~     0 (  0)
 6.4i   96818417: SNP.CT                    4 (100%) ~     0 (  0)
 6.4i   96824259: SNP.CA                    2 (100%) ~     0 (  0)
 6.3i   96824882: SNP.TC                    3 (100%) ~     0 (  0)
 6.3i   96826921: SNP.CG                  702 (100%) ~     0 (  0)
 6.3e   96827029: SNP.CT     2130:G>A     916 (100%) ~     0 (  0)
 6.2i   96827177: SNP.TC                  233 (100%) ~     0 (  0)
Removing 10    6.7e 96802646:SNP.CA
Removing 11    6.6e 96805707:SNP.CA
Removing 12    6.9e 96796973:DEL.CAA
Removing 13    6.5e 96818241:SNP.AC
Removing 14    6.5e 96818198:SNP.CG
Removing 2     6.5e 96818105:SNP.TA
Removing 4     6.5e 96818118:SNP.GC
Removing 5     6.3e 96826970:DEL.T
Removing 6     6.4e 96824687:SNP.CT
Removing 7     6.4e 96824642:SNP.GA
Removing 8     6.4e 96824642:SNP.GC
Removing 9     6.5e 96818170:SNP.TC
Initial status
  CYP2D6.1C
                   96829528:SNP.AC    0 (  0)   -370:T>G
  CYP2D6.1
  CYP2D6.1B
                   96829429:SNP.GT    0 (  0)   -271:C>A
  CYP2D6.3
    6.0i           96796860:SNP.GA    0 (  0)   32299:C>T
    6.8e           96798748:SNP.TC  681 (100) F 30411:A>G
    6.7i           96802597:SNP.AT   61 (100)   26562:T>A
    6.3e           96827029:SNP.CT  916 (100) F 2130:G>A
    6.2i           96827149:SNP.CT    0 (  0)   2010:G>A
    6.1i           96827484:SNP.GA    0 (  0)   1675:C>T
== Copy Number Estimator ==
CNV factor: 2.691529087 (0.371536018255)
Coverage per region
  region:  2D6  2D7
  0i   :  2.40
  1e   :  2.24
  1i   :  2.90
  2e   :  3.02
  2i   :  2.91
  3e   :  2.07
  3i   :  1.87
  4e   :  2.87
  4i   :  3.47
  5e   :  2.39
  5i   :  2.78
  6e   :  2.39
  6i   :  2.46
  7e   :  1.65
  7i   :  2.24
  8e   :  2.67
  8i   :  3.05
  9e   :  2.47
Max. CN = 3
M  Sentinel contraint for 1: A_1^ <= A_1
M  Contraint for 7e: 1.6528758424 == E_7e + <gurobi.LinExpr: A1 + A1^>
M  Contraint for 6e: 2.38818965267 == E_6e + <gurobi.LinExpr: A1 + A1^>
M  Contraint for 9e: 2.47348933009 == E_9e + <gurobi.LinExpr: A1 + A1^>
M  Contraint for 8e: 2.66635036341 == E_8e + <gurobi.LinExpr: A1 + A1^>
M  Contraint for 2e: 3.02423311583 == E_2e + <gurobi.LinExpr: A1 + A1^>
M  Contraint for 1e: 2.24074545938 == E_1e + <gurobi.LinExpr: A1 + A1^>
M  Contraint for 5e: 2.39266908935 == E_5e + <gurobi.LinExpr: A1 + A1^>
M  Contraint for 4e: 2.87304352484 == E_4e + <gurobi.LinExpr: A1 + A1^>
M  Contraint for 3e: 2.07341054318 == E_3e + <gurobi.LinExpr: A1 + A1^>
M  Objective: <gurobi.LinExpr: C11 + C12 + C13 + C14 + C15 + C16 + C17 + C18 + C19 + 0.5 A1 + 0.5 A1^>
CN Solver status: optimal, opt: 5.47925523636
  Solutions:
    ('1', '1^')
== Initial Solver ==
Solving Counter({'1': 2})
Possible candidates:
  CYP2D6.1
  CYP2D6.3
    6.3e 96827029:SNP.CT  916 ( 98) F 2130:G>A
    6.8e 96798748:SNP.TC  681 ( 99) F 30411:A>G
M  Max. CN for 1 = 2
M  Max. CN for 3 = 2
M  Contraint for 96827029:REF 6.3e: 21 == <gurobi.QuadExpr: 468.5 1 + 468.5 3 + 468.5 3_2 + 468.5 1_2 + [ -468.5 REG_3_96827029:SNP.CT * 3 + -468.5 REG_3_2_96827029:SNP.CT * 3_2 ]> + err
M  Contraint for 96798748:REF 6.8e: 7 == <gurobi.QuadExpr: 344.0 1 + 344.0 3 + 344.0 3_2 + 344.0 1_2 + [ -344.0 REG_3_96798748:SNP.TC * 3 + -344.0 REG_3_2_96798748:SNP.TC * 3_2 ]> + err
M  Contraint for 96827029:SNP.CT 6.3e: 916 == <gurobi.QuadExpr: 0.0 + [ 468.5 REG_3_96827029:SNP.CT * 3 + 468.5 REG_3_2_96827029:SNP.CT * 3_2 ]> + err
M  Contraint for 96798748:SNP.TC 6.8e: 681 == <gurobi.QuadExpr: 0.0 + [ 344.0 REG_3_96798748:SNP.TC * 3 + 344.0 REG_3_2_96798748:SNP.TC * 3_2 ]> + err
M  Contraint for 3 96827029:SNP.CT: <gurobi.Var 3> >= <gurobi.Var REG_3_96827029:SNP.CT>
M  Contraint for 3 96798748:SNP.TC: <gurobi.Var 3> >= <gurobi.Var REG_3_96798748:SNP.TC>
M  Contraint for 3_2 96827029:SNP.CT: <gurobi.Var 3_2> >= <gurobi.Var REG_3_2_96827029:SNP.CT>
M  Contraint for 3_2 96798748:SNP.TC: <gurobi.Var 3_2> >= <gurobi.Var REG_3_2_96798748:SNP.TC>
M  CN contraint for 1: 2 == <gurobi.LinExpr: 1 + 3 + 3_2 + 1_2>
M  Sentinel contraint for 1: A_1_2 <= A_1
M  Sentinel contraint for 3: A_3_2 <= A_3
M  Objective: <gurobi.LinExpr: C14 + C15 + C16 + C17>
M  Contraint for 3: A_3 * (<gurobi.LinExpr: REG_3_96798748:SNP.TC + REG_3_96827029:SNP.CT> - 2) == 0
M  Contraint for 3_2: A_3_2 * (<gurobi.LinExpr: REG_3_2_96798748:SNP.TC + REG_3_2_96827029:SNP.CT> - 2) == 0
M  Contraint for 96798748:SNP.TC: 1 <= <gurobi.QuadExpr: 0.0 + [ 3 * REG_3_96798748:SNP.TC + 3_2 * REG_3_2_96798748:SNP.TC ]>
M  Contraint for 96827029:SNP.CT: 1 <= <gurobi.QuadExpr: 0.0 + [ 3 * REG_3_96827029:SNP.CT + 3_2 * REG_3_2_96827029:SNP.CT ]>
M  Contraint for 96798748:SNP.TC: 1 <= <gurobi.QuadExpr: 0.0 + [ 3 * REG_3_96798748:SNP.TC + 3_2 * REG_3_2_96798748:SNP.TC ]>
M  Contraint for 96827029:SNP.CT: 1 <= <gurobi.QuadExpr: 0.0 + [ 3 * REG_3_96827029:SNP.CT + 3_2 * REG_3_2_96827029:SNP.CT ]>
CN Solver status: optimal, opt: 56.0
  solution:
    ('3', '3')
[32;01mCopy number best structures:[39;49;00m
[32;01m  (1) 2x*1-like[39;49;00m
== Refiner ==
Refining ('3', '3')
M  Sentinel constraint for 3: A_3_2 <= A_3
M  CN constraint for 3: 2 == <gurobi.LinExpr: 3 + 3_2>
M  Contraint for 96802597:SNP.AT 6.7i: 61 == <gurobi.QuadExpr: 0.0 + [ 30.5 REG_3_96802597:SNP.AT * 3 + 30.5 REG_3_2_96802597:SNP.AT * 3_2 ]> + err
M  Contraint for 96827484:REF 6.1i: 88 == <gurobi.QuadExpr: 44.0 3 + 44.0 3_2 + [ -44.0 REG_3_96827484:SNP.GA * 3 + -44.0 REG_3_2_96827484:SNP.GA * 3_2 ]> + err
M  Contraint for 96827149:SNP.CT 6.2i: 0 == <gurobi.QuadExpr: 0.0 + [ 162.5 REG_3_96827149:SNP.CT * 3 + 162.5 REG_3_2_96827149:SNP.CT * 3_2 ]> + err
M  Contraint for 96796860:SNP.GA 6.0i: 0 == <gurobi.QuadExpr: 0.0 + [ 302.5 REG_3_96796860:SNP.GA * 3 + 302.5 REG_3_2_96796860:SNP.GA * 3_2 ]> + err
M  Contraint for 96798748:SNP.TC 6.8e: 681 == <gurobi.QuadExpr: 0.0 + [ 344.0 REG_3_96798748:SNP.TC * 3 + 344.0 REG_3_2_96798748:SNP.TC * 3_2 ]> + err
M  Contraint for 96827029:REF 6.3e: 21 == <gurobi.QuadExpr: 468.5 3 + 468.5 3_2 + [ -468.5 REG_3_96827029:SNP.CT * 3 + -468.5 REG_3_2_96827029:SNP.CT * 3_2 ]> + err
M  Contraint for 96796860:REF 6.0i: 605 == <gurobi.QuadExpr: 302.5 3 + 302.5 3_2 + [ -302.5 REG_3_96796860:SNP.GA * 3 + -302.5 REG_3_2_96796860:SNP.GA * 3_2 ]> + err
M  Contraint for 96827029:SNP.CT 6.3e: 916 == <gurobi.QuadExpr: 0.0 + [ 468.5 REG_3_96827029:SNP.CT * 3 + 468.5 REG_3_2_96827029:SNP.CT * 3_2 ]> + err
M  Contraint for 96827149:REF 6.2i: 325 == <gurobi.QuadExpr: 162.5 3 + 162.5 3_2 + [ -162.5 REG_3_96827149:SNP.CT * 3 + -162.5 REG_3_2_96827149:SNP.CT * 3_2 ]> + err
M  Contraint for 96827484:SNP.GA 6.1i: 0 == <gurobi.QuadExpr: 0.0 + [ 44.0 REG_3_96827484:SNP.GA * 3 + 44.0 REG_3_2_96827484:SNP.GA * 3_2 ]> + err
M  Contraint for 96802597:REF 6.7i: 0 == <gurobi.QuadExpr: 30.5 3 + 30.5 3_2 + [ -30.5 REG_3_96802597:SNP.AT * 3 + -30.5 REG_3_2_96802597:SNP.AT * 3_2 ]> + err
M  Contraint for 96798748:REF 6.8e: 7 == <gurobi.QuadExpr: 344.0 3 + 344.0 3_2 + [ -344.0 REG_3_96798748:SNP.TC * 3 + -344.0 REG_3_2_96798748:SNP.TC * 3_2 ]> + err
M  Contraint for MM[missing] 3 96802597:SNP.AT: <gurobi.Var 3> >= <gurobi.Var REG_3_96802597:SNP.AT>
M  Contraint for MM[missing] 3 96827149:SNP.CT: <gurobi.Var 3> >= <gurobi.Var REG_3_96827149:SNP.CT>
M  Contraint for MM[missing] 3 96827484:SNP.GA: <gurobi.Var 3> >= <gurobi.Var REG_3_96827484:SNP.GA>
M  Contraint for MM[missing] 3 96798748:SNP.TC: <gurobi.Var 3> >= <gurobi.Var REG_3_96798748:SNP.TC>
M  Contraint for MM[missing] 3 96827029:SNP.CT: <gurobi.Var 3> >= <gurobi.Var REG_3_96827029:SNP.CT>
M  Contraint for MM[missing] 3 96796860:SNP.GA: <gurobi.Var 3> >= <gurobi.Var REG_3_96796860:SNP.GA>
M  Contraint for MM[missing] 3_2 96802597:SNP.AT: <gurobi.Var 3_2> >= <gurobi.Var REG_3_2_96802597:SNP.AT>
M  Contraint for MM[missing] 3_2 96827149:SNP.CT: <gurobi.Var 3_2> >= <gurobi.Var REG_3_2_96827149:SNP.CT>
M  Contraint for MM[missing] 3_2 96827484:SNP.GA: <gurobi.Var 3_2> >= <gurobi.Var REG_3_2_96827484:SNP.GA>
M  Contraint for MM[missing] 3_2 96798748:SNP.TC: <gurobi.Var 3_2> >= <gurobi.Var REG_3_2_96798748:SNP.TC>
M  Contraint for MM[missing] 3_2 96827029:SNP.CT: <gurobi.Var 3_2> >= <gurobi.Var REG_3_2_96827029:SNP.CT>
M  Contraint for MM[missing] 3_2 96796860:SNP.GA: <gurobi.Var 3_2> >= <gurobi.Var REG_3_2_96796860:SNP.GA>
M  Objective: <gurobi.LinExpr: C26 + C27 + C28 + C29 + C30 + C31 + C32 + C33 + C34 + C35 + C36 + C37 + W>
M  Contraint for 3: <gurobi.LinExpr: REG_3_96827029:SNP.CT + REG_3_96798748:SNP.TC> = 2 * A_<gurobi.Var 3>
M  Contraint for 3_2: <gurobi.LinExpr: REG_3_2_96827029:SNP.CT + REG_3_2_96798748:SNP.TC> = 2 * A_<gurobi.Var 3_2>
M  Contraint for 96827484:SNP.GA: 0 >= <gurobi.LinExpr: REG_3_96827484:SNP.GA + REG_3_2_96827484:SNP.GA>
M  Contraint for 96827149:SNP.CT: 0 >= <gurobi.LinExpr: REG_3_96827149:SNP.CT + REG_3_2_96827149:SNP.CT>
M  Contraint for 96796860:SNP.GA: 0 >= <gurobi.LinExpr: REG_3_96796860:SNP.GA + REG_3_2_96796860:SNP.GA>
M  Contraint for 96827484:SNP.GA: 0 >= <gurobi.LinExpr: REG_3_96827484:SNP.GA + REG_3_2_96827484:SNP.GA>
M  Contraint for 96827149:SNP.CT: 0 >= <gurobi.LinExpr: REG_3_96827149:SNP.CT + REG_3_2_96827149:SNP.CT>
M  Contraint for 96796860:SNP.GA: 0 >= <gurobi.LinExpr: REG_3_96796860:SNP.GA + REG_3_2_96796860:SNP.GA>
M  Contraint for 96802597:SNP.AT: 2 <= <gurobi.QuadExpr: 0.0 + [ REG_3_96802597:SNP.AT * 3 + REG_3_2_96802597:SNP.AT * 3_2 ]> <= 3
M  Contraint for 96827149:SNP.CT: 0 <= <gurobi.QuadExpr: 0.0 + [ REG_3_96827149:SNP.CT * 3 + REG_3_2_96827149:SNP.CT * 3_2 ]> <= 1
M  Contraint for 96796860:SNP.GA: 0 <= <gurobi.QuadExpr: 0.0 + [ REG_3_96796860:SNP.GA * 3 + REG_3_2_96796860:SNP.GA * 3_2 ]> <= 1
M  Contraint for 96827484:SNP.GA: 0 <= <gurobi.QuadExpr: 0.0 + [ REG_3_96827484:SNP.GA * 3 + REG_3_2_96827484:SNP.GA * 3_2 ]> <= 1
M  Contraint for 96798748:SNP.TC: 1 <= <gurobi.QuadExpr: 0.0 + [ REG_3_96798748:SNP.TC * 3 + REG_3_2_96798748:SNP.TC * 3_2 ]> <= 2
M  Contraint for 96798748:SNP.TC: <gurobi.QuadExpr: 0.0 + [ REG_3_96798748:SNP.TC * 3 + REG_3_2_96798748:SNP.TC * 3_2 ]> <= 2
M  Contraint for 96827029:SNP.CT: 1 <= <gurobi.QuadExpr: 0.0 + [ REG_3_96827029:SNP.CT * 3 + REG_3_2_96827029:SNP.CT * 3_2 ]> <= 2
M  Contraint for 96827029:SNP.CT: <gurobi.QuadExpr: 0.0 + [ REG_3_96827029:SNP.CT * 3 + REG_3_2_96827029:SNP.CT * 3_2 ]> <= 2
CN Solver status: optimal, opt: 68.0
  3: 1
    6.7i 96802597:SNP.AT   61 (100 cp. 2) 
    6.8e 96798748:SNP.TC  681 ( 99 cp. 2) F
    6.3e 96827029:SNP.CT  916 ( 98 cp. 2) F
  3_2: 1
    6.7i 96802597:SNP.AT   61 (100 cp. 2) 
    6.8e 96798748:SNP.TC  681 ( 99 cp. 2) F
    6.3e 96827029:SNP.CT  916 ( 98 cp. 2) F
Missing:
  3: 1
    6.2i 96827149:SNP.CT    0 (  0)   rs11572076   2010:G>A
    6.1i 96827484:SNP.GA    0 (  0)   rs11572073   1675:C>T
    6.0i 96796860:SNP.GA    0 (  0)   rs1058932    32299:C>T
  3_2: 1
    6.2i 96827149:SNP.CT    0 (  0)   rs11572076   2010:G>A
    6.1i 96827484:SNP.GA    0 (  0)   rs11572073   1675:C>T
    6.0i 96796860:SNP.GA    0 (  0)   rs1058932    32299:C>T
Extra:
  3: 1
  3_2: 1
Time needed: (4.2)
Result is: [('3', '3')]
