SAM file: bams/PGXT143.bam
File bams/PGXT143.bam has index
Coverage is 41.1823297505
== Allele Filter ==
 6.24e  97543751: SNP.GA                  272 ( 51%) ~     0 (  0)
 6.24e  97543763: SNP.CT                  265 ( 49%) ~     0 (  0)
 6.24e  97543958: SNP.CT                  111 ( 40%) ~     0 (  0)
 6.24e  97543976: SNP.AC                   15 (  6%) ~     0 (  0)
 6.24e  97544257: SNP.AG                  246 ( 48%) ~     0 (  0)
 6.24e  97544680: SNP.TG                   36 (  5%) ~     0 (  0)
 6.23i  97544759: SNP.CG                  153 ( 53%) ~     0 (  0)
 6.23i  97544770: SNP.TC                  114 ( 48%) ~     0 (  0)
 6.23i  97547529: SNP.TC                    4 (100%) ~     0 (  0)
 6.23i  97547830: SNP.GA                  324 (100%) ~     0 (  0)
 6.22i  97558161: SNP.TG                    2 (100%) ~     0 (  0)
 6.22i  97560176: SNP.GT                    2 (100%) ~     0 (  0)
 6.22i  97562222: SNP.CT                    3 (100%) ~     0 (  0)
 6.21i  97565232: SNP.TC                    2 (100%) ~     0 (  0)
 6.21i  97585328: SNP.CT                    2 (100%) ~     0 (  0)
 6.21i  97589731: DEL.G                     2 (100%) ~     0 (  0)
 6.21i  97608891: SNP.TC                    2 (100%) ~     0 (  0)
 6.21i  97629150: SNP.TG                    2 ( 40%) ~     0 (  0)
 6.21i  97638835: INS.acacatatgtacatatatatgt                2 (100%) ~     0 (  0)
 6.21i  97641617: SNP.AT                    2 (100%) ~     0 (  0)
 6.21i  97651656: SNP.TC                    2 (100%) ~     0 (  0)
 6.21i  97651659: SNP.CT                    2 (100%) ~     0 (  0)
 6.21i  97658394: SNP.CT                   10 (100%) ~     0 (  0)
 6.20i  97670172: SNP.GA                    2 (100%) ~     0 (  0)
 6.19i  97717617: SNP.TC                    2 (100%) ~     0 (  0)
 6.19i  97721391: SNP.AG                    3 (100%) ~     0 (  0)
 6.19i  97734343: SNP.AT                    2 (100%) ~     0 (  0)
 6.19i  97740750: SNP.CT                    2 (100%) ~     0 (  0)
 6.19i  97742572: SNP.TG                    2 (100%) ~     0 (  0)
 6.19i  97761697: SNP.AG                    2 (100%) ~     0 (  0)
 6.19i  97767292: INS.a                     2 ( 67%) ~     0 (  0)
 6.18i  97771442: SNP.AG                    2 (100%) ~     0 (  0)
 6.17i  97771946: SNP.CA                   61 ( 46%) ~     0 (  0)
 6.17i  97773534: SNP.GT                    2 ( 50%) ~     0 (  0)
 6.17i  97778935: SNP.TA                    2 (100%) ~     0 (  0)
 6.17i  97779534: SNP.AG                    2 (100%) ~     0 (  0)
 6.17i  97782375: SNP.AT                    2 (100%) ~     0 (  0)
 6.17i  97790065: SNP.GT                    2 (100%) ~     0 (  0)
 6.17i  97795522: SNP.CT                    2 (100%) ~     0 (  0)
 6.17i  97802732: SNP.CT                    2 (100%) ~     0 (  0)
 6.17i  97803997: SNP.AG                    2 (100%) ~     0 (  0)
 6.17i  97822023: SNP.CT                    2 (100%) ~     0 (  0)
 6.17i  97838971: SNP.AG                   15 ( 37%) ~     0 (  0)
 6.17i  97839015: SNP.AG                   51 ( 43%) ~     0 (  0)
 6.16i  97839412: SNP.CG                    7 ( 54%) ~     0 (  0)
 6.16i  97847873: SNP.TC                    8 ( 35%) ~     0 (  0)
 6.15i  97862813: SNP.GT                    2 (100%) ~     0 (  0)
 6.15i  97862817: SNP.GA                    2 (100%) ~     0 (  0)
 6.15i  97862827: SNP.TC                    2 (100%) ~     0 (  0)
 6.15i  97864870: SNP.GT                    2 (100%) ~     0 (  0)
 6.15i  97870855: SNP.AT                    2 (100%) ~     0 (  0)
 6.15i  97871454: SNP.AT                    2 (100%) ~     0 (  0)
 6.15i  97872048: SNP.AG                    2 (100%) ~     0 (  0)
 6.15i  97896276: SNP.TG                    4 (100%) ~     0 (  0)
 6.15i  97896488: SNP.AG                    2 (100%) ~     0 (  0)
 6.14i  97918088: SNP.AT                    2 ( 50%) ~     0 (  0)
 6.14i  97918136: SNP.TA                    2 (100%) ~     0 (  0)
 6.14i  97945291: SNP.GA                    2 (100%) ~     0 (  0)
 6.14i  97950933: SNP.GT                    2 (100%) ~     0 (  0)
 6.14i  97973150: SNP.TC                    2 (100%) ~     0 (  0)
 6.14i  97974513: SNP.AT                    2 (100%) ~     0 (  0)
 6.14i  97977251: SNP.CT                    2 ( 50%) ~     0 (  0)
 6.14i  97981199: DEL.A                     2 (  6%) ~     0 (  0)
 6.14i  97981241: SNP.TC                   58 ( 49%) ~     0 (  0)
 6.14i  97981242: SNP.GA                   61 ( 50%) ~     0 (  0)
 6.14e  97981339: SNP.CA                  267 ( 49%) ~     0 (  0)
 6.14e  97981394: SNP.TC     1627:T>C     356 ( 53%) ~     0 (  0)
 6.13i  97981705: SNP.CT                    5 ( 50%) ~     0 (  0)
 6.13i  98002053: SNP.TG                    2 (100%) ~     0 (  0)
 6.13i  98002278: SNP.TC                    2 (100%) ~     0 (  0)
 6.13i  98006100: SNP.AG                    2 (100%) ~     0 (  0)
 6.13i  98014918: SNP.TC                    2 (  8%) ~     0 (  0)
 6.10i  98060481: SNP.AT                    3 ( 15%) ~     0 (  0)
 6.10i  98060488: SNP.AT                    2 (  6%) ~     0 (  0)
 6.9i   98065236: SNP.CA                    2 (100%) ~     0 (  0)
 6.9i   98065718: SNP.AT                    2 (100%) ~     0 (  0)
 6.9i   98065766: SNP.CA                    2 (100%) ~     0 (  0)
 6.9i   98103906: SNP.AT                    2 (100%) ~     0 (  0)
 6.9i   98115427: SNP.TA                    2 (100%) ~     0 (  0)
 6.9i   98116403: DEL.AC                    2 (100%) ~     0 (  0)
 6.9i   98144608: SNP.AT                    2 ( 10%) ~     0 (  0)
 6.8i   98144808: SNP.AG                    2 (  5%) ~     0 (  0)
 6.8i   98150044: SNP.AT                    2 (100%) ~     0 (  0)
 6.8e   98157331: SNP.CG                  523 (100%) ~     0 (  0)
 6.7i   98157590: SNP.CT                    2 (100%) ~     0 (  0)
 6.7i   98157592: SNP.GT                    2 (100%) ~     0 (  0)
 6.6i   98165238: SNP.AT                    2 (  5%) ~     0 (  0)
 6.6e   98185526: SNP.AG                  459 (100%) ~     0 (  0)
 6.6e   98186076: SNP.TC                  439 (100%) ~     0 (  0)
 6.3i   98206092: SNP.CT                  138 ( 43%) ~     0 (  0)
 6.3i   98224794: SNP.TC                    3 (100%) ~     0 (  0)
 6.3i   98224816: SNP.GC                    3 (100%) ~     0 (  0)
 6.3i   98245858: SNP.CA                    2 (100%) ~     0 (  0)
 6.3i   98253665: SNP.TC                    2 (100%) ~     0 (  0)
 6.3i   98253737: SNP.AG                    2 (100%) ~     0 (  0)
 6.3i   98263609: SNP.CT                    2 (100%) ~     0 (  0)
 6.3i   98268136: SNP.AC                    2 (100%) ~     0 (  0)
 6.3i   98283940: SNP.TG                    2 (100%) ~     0 (  0)
 6.3i   98283964: SNP.AG                    2 (100%) ~     0 (  0)
 6.3i   98284939: SNP.TC                    2 (100%) ~     0 (  0)
 6.2i   98298110: SNP.CT                    2 (100%) ~     0 (  0)
 6.2i   98298112: SNP.CT                    2 (100%) ~     0 (  0)
 6.2i   98298211: SNP.CA                    2 (100%) ~     0 (  0)
 6.2i   98298212: SNP.AG                    2 (100%) ~     0 (  0)
 6.2i   98298487: DEL.A                     2 (100%) ~     0 (  0)
 6.2i   98300492: SNP.GA                    2 (100%) ~     0 (  0)
 6.2i   98320385: SNP.TG                    2 (  7%) ~     0 (  0)
 6.2i   98320407: SNP.CT                   43 (100%) ~     0 (  0)
 6.2i   98320491: SNP.CA                  233 (100%) ~     0 (  0)
 6.2i   98322378: SNP.CT                    2 (100%) ~     0 (  0)
 6.2i   98325795: SNP.GA                    2 (100%) ~     0 (  0)
 6.2i   98336853: DEL.T                     2 (100%) ~     0 (  0)
 6.2i   98339685: SNP.GT                    2 (100%) ~     0 (  0)
 6.1i   98353415: SNP.AG                    2 (100%) ~     0 (  0)
 6.1i   98360090: SNP.TA                    2 (100%) ~     0 (  0)
 6.1i   98369743: SNP.GA                    2 (100%) ~     0 (  0)
 6.1i   98386349: SNP.TG                    8 (  7%) ~     0 (  0)
 6.1i   98386398: SNP.AC                   34 (  7%) ~     0 (  0)
 6.1i   98386401: SNP.AC                   58 ( 12%) ~     0 (  0)
 6.1e   98386513: SNP.AC                   58 (  7%) ~     0 (  0)
Removing 10    6.24e 97544626:SNP.CA
Removing 11    6.11e 98058898:SNP.CA
Removing 12    6.2e 98348907:SNP.CT,  6.12e 98039498:SNP.CA
Removing 13    6.14e 97981342:SNP.AC
Removing 2B    6.15i 97915613:SNP.CT
Removing 2A    6.15i 97915613:SNP.CT
Removing 3     6.15e 97915621:DEL.G
Removing 4     6.14e 97981420:SNP.CT
Removing 6     6.19e 97770919:SNP.CT
Removing 7     6.4e 98205970:DEL.ATGA
Removing 8     6.8e 98157331:SNP.CT
Removing 9B    6.2e 98348884:SNP.AG
Removing 9     6.2e 98348884:SNP.AG
Initial status
  CYP2D6.1
  CYP2D6.5
    6.14e          97981394:SNP.TC  356 ( 53) F 1627:T>C
== Copy Number Estimator ==
CNV factor: 1.90965405725 (0.5236550548)
Coverage per region
  region:  2D6  2D7
  1e   :  1.45
  1i   :  1.68
  2e   :  2.13
  2i   :  1.93
  3e   :  2.03
  3i   :  2.43
  4e   :  2.62
  4i   :  2.58
  5e   :  2.16
  5i   :  2.31
  6e   :  2.40
  6i   :  2.65
  7e   :  2.46
  7i   :  2.42
  8e   :  2.59
  8i   :  2.50
  9e   :  3.23
  9i   :  3.44
  10e  :  2.43
  10i  :  2.30
  11e  :  1.66
  11i  :  2.34
  12e  :  2.24
  12i  :  2.40
  13e  :  2.12
  13i  :  2.59
  14e  :  2.42
  14i  :  3.52
  15e  :  2.35
  15i  :  2.36
  16e  :  2.12
  16i  :  3.23
  17e  :  2.33
  17i  :  2.73
  18e  :  2.00
  18i  :  2.19
  19e  :  1.71
  19i  :  2.33
  20e  :  2.00
  20i  :  2.67
  21e  :  2.15
  21i  :  2.72
  22e  :  2.74
  22i  :  3.18
  23e  :  2.27
  23i  :  2.81
  24e  :  2.32
Max. CN = 4
M  Sentinel contraint for 1: A_1^ <= A_1
M  Contraint for 24e: 2.32473416495 == E_24e + <gurobi.LinExpr: A1 + A1^>
M  Contraint for 7e: 2.46101298251 == E_7e + <gurobi.LinExpr: A1 + A1^>
M  Contraint for 12e: 2.24138004547 == E_12e + <gurobi.LinExpr: A1 + A1^>
M  Contraint for 16e: 2.11615518286 == E_16e + <gurobi.LinExpr: A1 + A1^>
M  Contraint for 22e: 2.74418581997 == E_22e + <gurobi.LinExpr: A1 + A1^>
M  Contraint for 9e: 3.23249235017 == E_9e + <gurobi.LinExpr: A1 + A1^>
M  Contraint for 10e: 2.43066170215 == E_10e + <gurobi.LinExpr: A1 + A1^>
M  Contraint for 14e: 2.42337146379 == E_14e + <gurobi.LinExpr: A1 + A1^>
M  Contraint for 20e: 2.00085484449 == E_20e + <gurobi.LinExpr: A1 + A1^>
M  Contraint for 1e: 1.45191491137 == E_1e + <gurobi.LinExpr: A1 + A1^>
M  Contraint for 5e: 2.16069431516 == E_5e + <gurobi.LinExpr: A1 + A1^>
M  Contraint for 3e: 2.03089301075 == E_3e + <gurobi.LinExpr: A1 + A1^>
M  Contraint for 11e: 1.65812160486 == E_11e + <gurobi.LinExpr: A1 + A1^>
M  Contraint for 6e: 2.40231587494 == E_6e + <gurobi.LinExpr: A1 + A1^>
M  Contraint for 13e: 2.11962087206 == E_13e + <gurobi.LinExpr: A1 + A1^>
M  Contraint for 23e: 2.27235520727 == E_23e + <gurobi.LinExpr: A1 + A1^>
M  Contraint for 17e: 2.3335975306 == E_17e + <gurobi.LinExpr: A1 + A1^>
M  Contraint for 8e: 2.58758547903 == E_8e + <gurobi.LinExpr: A1 + A1^>
M  Contraint for 21e: 2.15465986954 == E_21e + <gurobi.LinExpr: A1 + A1^>
M  Contraint for 15e: 2.34520871727 == E_15e + <gurobi.LinExpr: A1 + A1^>
M  Contraint for 19e: 1.71103355748 == E_19e + <gurobi.LinExpr: A1 + A1^>
M  Contraint for 18e: 2.00071639068 == E_18e + <gurobi.LinExpr: A1 + A1^>
M  Contraint for 2e: 2.12903549648 == E_2e + <gurobi.LinExpr: A1 + A1^>
M  Contraint for 4e: 2.61769984728 == E_4e + <gurobi.LinExpr: A1 + A1^>
M  Objective: <gurobi.LinExpr: C26 + C27 + C28 + C29 + C30 + C31 + C32 + C33 + C34 + C35 + C36 + C37 + C38 + C39 + C40 + C41 + C42 + C43 + C44 + C45 + C46 + C47 + C48 + C49 + 0.5 A1 + 0.5 A1^>
CN Solver status: optimal, opt: 9.30816109369
  Solutions:
    ('1', '1^')
== Initial Solver ==
Solving Counter({'1': 2})
Possible candidates:
  CYP2D6.1
  CYP2D6.5
    6.14e 97981394:SNP.TC  356 ( 53) F 1627:T>C
M  Max. CN for 1 = 2
M  Max. CN for 5 = 2
M  Contraint for 97981394:SNP.TC 6.14e: 356 == <gurobi.QuadExpr: 0.0 + [ 334.0 REG_5_2_97981394:SNP.TC * 5_2 + 334.0 REG_5_97981394:SNP.TC * 5 ]> + err
M  Contraint for 97981394:REF 6.14e: 312 == <gurobi.QuadExpr: 334.0 1 + 334.0 5_2 + 334.0 5 + 334.0 1_2 + [ -334.0 REG_5_2_97981394:SNP.TC * 5_2 + -334.0 REG_5_97981394:SNP.TC * 5 ]> + err
M  Contraint for 5_2 97981394:SNP.TC: <gurobi.Var 5_2> >= <gurobi.Var REG_5_2_97981394:SNP.TC>
M  Contraint for 5 97981394:SNP.TC: <gurobi.Var 5> >= <gurobi.Var REG_5_97981394:SNP.TC>
M  CN contraint for 1: 2 == <gurobi.LinExpr: 1 + 5_2 + 5 + 1_2>
M  Sentinel contraint for 1: A_1_2 <= A_1
M  Sentinel contraint for 5: A_5_2 <= A_5
M  Objective: <gurobi.LinExpr: C9 + C10>
M  Contraint for 5_2: A_5_2 * (<gurobi.LinExpr: REG_5_2_97981394:SNP.TC> - 1) == 0
M  Contraint for 5: A_5 * (<gurobi.LinExpr: REG_5_97981394:SNP.TC> - 1) == 0
M  Contraint for 97981394:SNP.TC: 1 <= <gurobi.QuadExpr: 0.0 + [ 5_2 * REG_5_2_97981394:SNP.TC + 5 * REG_5_97981394:SNP.TC ]>
M  Contraint for 97981394:SNP.TC: 1 <= <gurobi.QuadExpr: 0.0 + [ 5_2 * REG_5_2_97981394:SNP.TC + 5 * REG_5_97981394:SNP.TC ]>
CN Solver status: optimal, opt: 44.0
  solution:
    ('1', '5')
[32;01mCopy number best structures:[39;49;00m
[32;01m  (1) 2x*1-like[39;49;00m
== Refiner ==
Refining ('1', '5')
M  CN constraint for 1: 1 == <gurobi.LinExpr: 1>
M  CN constraint for 5: 1 == <gurobi.LinExpr: 5>
M  Contraint for 97981394:SNP.TC 6.14e: 356 == <gurobi.QuadExpr: 0.0 + [ 334.0 EXT_1_97981394:SNP.TC * 1 + 334.0 REG_5_97981394:SNP.TC * 5 ]> + err
M  Contraint for 97981394:REF 6.14e: 312 == <gurobi.QuadExpr: 334.0 1 + 334.0 5 + [ -334.0 EXT_1_97981394:SNP.TC * 1 + -334.0 REG_5_97981394:SNP.TC * 5 ]> + err
M  Contraint for MM[missing] 5 97981394:SNP.TC: <gurobi.Var 5> >= <gurobi.Var REG_5_97981394:SNP.TC>
M  Contraint for MA[extra] 1 97981394:SNP.TC: <gurobi.Var 1> >= <gurobi.Var EXT_1_97981394:SNP.TC>
M  Objective: <gurobi.LinExpr: C6 + C7 + EXT_1_97981394:SNP.TC + W>
M  Contraint for 5: <gurobi.LinExpr: REG_5_97981394:SNP.TC> = 1 * A_<gurobi.Var 5>
M  Contraint for 97981394:SNP.TC: 1 <= <gurobi.QuadExpr: 0.0 + [ REG_5_97981394:SNP.TC * 5 ]> <= 2
M  Contraint for 97981394:SNP.TC: <gurobi.QuadExpr: 0.0 + [ REG_5_97981394:SNP.TC * 5 ]> <= 2
CN Solver status: optimal, opt: 44.0
  1: 1
  5: 1
    6.14e 97981394:SNP.TC  356 ( 53 cp. 1) F
Missing:
  1: 1
  5: 1
Extra:
  1: 1
  5: 1
Time needed: (27.9)
Result is: [('1', '5')]
