SAM file: bams/PGXT220.bam
File bams/PGXT220.bam has index
Coverage is 55.8335509809
== Allele Filter ==
 6.11i  15989870: SNP.TA                   10 ( 56%) ~     0 (  0)
 6.10e  15990430: SNP.CT     18000:G>A    337 ( 50%) ~     0 (  0)
 6.8i   15996348: SNP.TA                    5 (100%) ~     0 (  0)
 6.8i   15996482: INS.g                    10 ( 32%) ~     0 (  0)
 6.7i   15996906: SNP.CT                  224 ( 49%) ~     0 (  0)
 6.7i   15997037: SNP.AC                    2 (  5%) ~     0 (  0)
 6.6i   15998329: DEL.AC                    3 (100%) ~     0 (  0)
 6.6i   15998389: SNP.CA                    2 ( 40%) ~     0 (  0)
 6.6i   15998436: DEL.AA                    2 (100%) ~     0 (  0)
 6.6i   16000165: SNP.TC                  102 ( 58%) ~     0 (  0)
 6.5i   16000846: SNP.TC                    2 ( 11%) ~     0 (  0)
 6.4i   16001502: SNP.AC                    2 (  5%) ~     0 (  0)
 6.4i   16001739: SNP.AG                   10 (100%) ~     0 (  0)
 6.4i   16002760: SNP.CT                    2 ( 40%) ~     0 (  0)
 6.2i   16003650: SNP.TC                   22 ( 49%) ~     0 (  0)
 6.2i   16004048: SNP.AT                    2 ( 50%) ~     0 (  0)
 6.2i   16004370: SNP.AT                   13 ( 50%) ~     0 (  0)
 6.2i   16004395: SNP.CG                   17 ( 49%) ~     0 (  0)
 6.2i   16004799: SNP.CA                   74 ( 48%) ~     0 (  0)
 6.2i   16005002: SNP.CT                    5 ( 38%) ~     0 (  0)
 6.2i   16005015: SNP.GA                    6 ( 46%) ~     0 (  0)
 6.2i   16005018: SNP.TC                    4 ( 36%) ~     0 (  0)
 6.2i   16005103: SNP.CT                    6 ( 60%) ~     0 (  0)
 6.2i   16006073: SNP.TA                   33 ( 63%) ~     0 (  0)
 6.2i   16006100: SNP.TC                   46 ( 64%) ~     0 (  0)
 6.2i   16006177: SNP.AG                  113 ( 55%) ~     0 (  0)
 6.2e   16006412: SNP.GA                  244 ( 48%) ~     0 (  0)
 6.1i   16006610: SNP.TC                   36 ( 64%) ~     0 (  0)
 6.1i   16006677: DEL.TCTG                  9 ( 38%) ~     0 (  0)
 6.1i   16006717: INS.atct                  3 ( 33%) ~     0 (  0)
 6.1i   16006878: SNP.CT                    4 (100%) ~     0 (  0)
 6.1i   16007783: SNP.AG                    3 (100%) ~     0 (  0)
 6.1i   16008098: SNP.TC                   76 ( 44%) ~     0 (  0)
 6.1e   16008256: SNP.TC                  392 ( 43%) ~     0 (  0)
 6.1e   16008387: SNP.AC     34:T>G       254 ( 33%) ~     0 (  0)
Initial status
  CYP2D6.1
  CYP2D6.2
    6.1e           16008387:SNP.AC  254 ( 33) F 34:T>G
  CYP2D6.3
    6.10e          15990430:SNP.CT  337 ( 50) F 18000:G>A
  CYP2D6.4
    6.10e          15990430:SNP.CT  337 ( 50) F 18000:G>A
    6.1e           16008387:SNP.AC  254 ( 33) F 34:T>G
== Copy Number Estimator ==
CNV factor: 3.1838524725 (0.314084904573)
Coverage per region
  region:  2D6  2D7
  0i   :  1.42
  1e   :  1.44
  1i   :  2.41
  2e   :  2.59
  2i   :  2.37
  3e   :  2.71
  3i   :  2.76
  4e   :  2.98
  4i   :  2.77
  5e   :  2.45
  5i   :  3.13
  6e   :  2.48
  6i   :  3.34
  7e   :  3.80
  7i   :  2.97
  8e   :  2.59
  8i   :  2.69
  9e   :  3.02
  9i   :  2.54
  10e  :  2.78
  10i  :  3.32
  11e  :  2.55
  11i  :  2.50
  12e  :  0.58
Max. CN = 4
M  Sentinel contraint for 1: A_1^ <= A_1
M  Contraint for 7e: 3.79788116363 == E_7e + <gurobi.LinExpr: A1 + A1^>
M  Contraint for 6e: 2.482532027 == E_6e + <gurobi.LinExpr: A1 + A1^>
M  Contraint for 9e: 3.01853747096 == E_9e + <gurobi.LinExpr: A1 + A1^>
M  Contraint for 8e: 2.59169028121 == E_8e + <gurobi.LinExpr: A1 + A1^>
M  Contraint for 2e: 2.59252328618 == E_2e + <gurobi.LinExpr: A1 + A1^>
M  Contraint for 1e: 1.43930442318 == E_1e + <gurobi.LinExpr: A1 + A1^>
M  Contraint for 5e: 2.44826048309 == E_5e + <gurobi.LinExpr: A1 + A1^>
M  Contraint for 4e: 2.98130624267 == E_4e + <gurobi.LinExpr: A1 + A1^>
M  Contraint for 3e: 2.7140092843 == E_3e + <gurobi.LinExpr: A1 + A1^>
M  Objective: <gurobi.LinExpr: C11 + C12 + C13 + C14 + C15 + C16 + C17 + C18 + C19 + 0.5 A1 + 0.5 A1^>
CN Solver status: optimal, opt: 8.18743581586
  Solutions:
    ('1', '1^')
== Initial Solver ==
Solving Counter({'1': 2})
Possible candidates:
  CYP2D6.1
  CYP2D6.2
    6.1e 16008387:SNP.AC  254 ( 33) F 34:T>G
  CYP2D6.3
    6.10e 15990430:SNP.CT  337 ( 50) F 18000:G>A
  CYP2D6.4
    6.1e 16008387:SNP.AC  254 ( 33) F 34:T>G
    6.10e 15990430:SNP.CT  337 ( 50) F 18000:G>A
M  Max. CN for 1 = 2
M  Max. CN for 3 = 2
M  Max. CN for 2 = 2
M  Max. CN for 4 = 2
M  Contraint for 15990430:REF 6.10e: 331 == <gurobi.QuadExpr: 334.0 3_2 + 334.0 2_2 + 334.0 1 + 334.0 3 + 334.0 2 + 334.0 4 + 334.0 4_2 + 334.0 1_2 + [ -334.0 REG_3_2_15990430:SNP.CT * 3_2 + -334.0 REG_3_15990430:SNP.CT * 3 + -334.0 REG_4_15990430:SNP.CT * 4 + -334.0 REG_4_2_15990430:SNP.CT * 4_2 ]> + err
M  Contraint for 15990430:SNP.CT 6.10e: 337 == <gurobi.QuadExpr: 0.0 + [ 334.0 REG_3_2_15990430:SNP.CT * 3_2 + 334.0 REG_3_15990430:SNP.CT * 3 + 334.0 REG_4_15990430:SNP.CT * 4 + 334.0 REG_4_2_15990430:SNP.CT * 4_2 ]> + err
M  Contraint for 16008387:REF 6.1e: 509 == <gurobi.QuadExpr: 381.5 3_2 + 381.5 2_2 + 381.5 1 + 381.5 3 + 381.5 2 + 381.5 4 + 381.5 4_2 + 381.5 1_2 + [ -381.5 REG_2_2_16008387:SNP.AC * 2_2 + -381.5 REG_2_16008387:SNP.AC * 2 + -381.5 REG_4_16008387:SNP.AC * 4 + -381.5 REG_4_2_16008387:SNP.AC * 4_2 ]> + err
M  Contraint for 16008387:SNP.AC 6.1e: 254 == <gurobi.QuadExpr: 0.0 + [ 381.5 REG_2_2_16008387:SNP.AC * 2_2 + 381.5 REG_2_16008387:SNP.AC * 2 + 381.5 REG_4_16008387:SNP.AC * 4 + 381.5 REG_4_2_16008387:SNP.AC * 4_2 ]> + err
M  Contraint for 3_2 15990430:SNP.CT: <gurobi.Var 3_2> >= <gurobi.Var REG_3_2_15990430:SNP.CT>
M  Contraint for 2_2 16008387:SNP.AC: <gurobi.Var 2_2> >= <gurobi.Var REG_2_2_16008387:SNP.AC>
M  Contraint for 3 15990430:SNP.CT: <gurobi.Var 3> >= <gurobi.Var REG_3_15990430:SNP.CT>
M  Contraint for 2 16008387:SNP.AC: <gurobi.Var 2> >= <gurobi.Var REG_2_16008387:SNP.AC>
M  Contraint for 4 15990430:SNP.CT: <gurobi.Var 4> >= <gurobi.Var REG_4_15990430:SNP.CT>
M  Contraint for 4 16008387:SNP.AC: <gurobi.Var 4> >= <gurobi.Var REG_4_16008387:SNP.AC>
M  Contraint for 4_2 15990430:SNP.CT: <gurobi.Var 4_2> >= <gurobi.Var REG_4_2_15990430:SNP.CT>
M  Contraint for 4_2 16008387:SNP.AC: <gurobi.Var 4_2> >= <gurobi.Var REG_4_2_16008387:SNP.AC>
M  CN contraint for 1: 2 == <gurobi.LinExpr: 3_2 + 2_2 + 1 + 3 + 2 + 4 + 4_2 + 1_2>
M  Sentinel contraint for 1: A_1_2 <= A_1
M  Sentinel contraint for 3: A_3_2 <= A_3
M  Sentinel contraint for 2: A_2_2 <= A_2
M  Sentinel contraint for 4: A_4_2 <= A_4
M  Objective: <gurobi.LinExpr: C26 + C27 + C28 + C29>
M  Contraint for 3_2: A_3_2 * (<gurobi.LinExpr: REG_3_2_15990430:SNP.CT> - 1) == 0
M  Contraint for 2_2: A_2_2 * (<gurobi.LinExpr: REG_2_2_16008387:SNP.AC> - 1) == 0
M  Contraint for 3: A_3 * (<gurobi.LinExpr: REG_3_15990430:SNP.CT> - 1) == 0
M  Contraint for 2: A_2 * (<gurobi.LinExpr: REG_2_16008387:SNP.AC> - 1) == 0
M  Contraint for 4: A_4 * (<gurobi.LinExpr: REG_4_15990430:SNP.CT + REG_4_16008387:SNP.AC> - 2) == 0
M  Contraint for 4_2: A_4_2 * (<gurobi.LinExpr: REG_4_2_15990430:SNP.CT + REG_4_2_16008387:SNP.AC> - 2) == 0
M  Contraint for 15990430:SNP.CT: 1 <= <gurobi.QuadExpr: 0.0 + [ 3_2 * REG_3_2_15990430:SNP.CT + 3 * REG_3_15990430:SNP.CT + 4 * REG_4_15990430:SNP.CT + 4_2 * REG_4_2_15990430:SNP.CT ]>
M  Contraint for 16008387:SNP.AC: 1 <= <gurobi.QuadExpr: 0.0 + [ 2_2 * REG_2_2_16008387:SNP.AC + 2 * REG_2_16008387:SNP.AC + 4 * REG_4_16008387:SNP.AC + 4_2 * REG_4_2_16008387:SNP.AC ]>
M  Contraint for 15990430:SNP.CT: 1 <= <gurobi.QuadExpr: 0.0 + [ 3_2 * REG_3_2_15990430:SNP.CT + 3 * REG_3_15990430:SNP.CT + 4 * REG_4_15990430:SNP.CT + 4_2 * REG_4_2_15990430:SNP.CT ]>
M  Contraint for 16008387:SNP.AC: 1 <= <gurobi.QuadExpr: 0.0 + [ 2_2 * REG_2_2_16008387:SNP.AC + 2 * REG_2_16008387:SNP.AC + 4 * REG_4_16008387:SNP.AC + 4_2 * REG_4_2_16008387:SNP.AC ]>
M  Contraint for 15990430:SNP.CT: 1 <= <gurobi.QuadExpr: 0.0 + [ 3_2 * REG_3_2_15990430:SNP.CT + 3 * REG_3_15990430:SNP.CT + 4 * REG_4_15990430:SNP.CT + 4_2 * REG_4_2_15990430:SNP.CT ]>
M  Contraint for 16008387:SNP.AC: 1 <= <gurobi.QuadExpr: 0.0 + [ 2_2 * REG_2_2_16008387:SNP.AC + 2 * REG_2_16008387:SNP.AC + 4 * REG_4_16008387:SNP.AC + 4_2 * REG_4_2_16008387:SNP.AC ]>
M  Contraint for 15990430:SNP.CT: 1 <= <gurobi.QuadExpr: 0.0 + [ 3_2 * REG_3_2_15990430:SNP.CT + 3 * REG_3_15990430:SNP.CT + 4 * REG_4_15990430:SNP.CT + 4_2 * REG_4_2_15990430:SNP.CT ]>
M  Contraint for 16008387:SNP.AC: 1 <= <gurobi.QuadExpr: 0.0 + [ 2_2 * REG_2_2_16008387:SNP.AC + 2 * REG_2_16008387:SNP.AC + 4 * REG_4_16008387:SNP.AC + 4_2 * REG_4_2_16008387:SNP.AC ]>
CN Solver status: optimal, opt: 261.0
  solution:
    ('2', '3')
    ('1', '4')
[32;01mCopy number best structures:[39;49;00m
[32;01m  (1) 2x*1-like[39;49;00m
== Refiner ==
Refining ('2', '3')
M  CN constraint for 3: 1 == <gurobi.LinExpr: 3>
M  CN constraint for 2: 1 == <gurobi.LinExpr: 2>
M  Contraint for 15990430:REF 6.10e: 331 == <gurobi.QuadExpr: 334.0 3 + 334.0 2 + [ -334.0 REG_3_15990430:SNP.CT * 3 + -334.0 EXT_2_15990430:SNP.CT * 2 ]> + err
M  Contraint for 15990430:SNP.CT 6.10e: 337 == <gurobi.QuadExpr: 0.0 + [ 334.0 REG_3_15990430:SNP.CT * 3 + 334.0 EXT_2_15990430:SNP.CT * 2 ]> + err
M  Contraint for 16008387:REF 6.1e: 509 == <gurobi.QuadExpr: 381.5 3 + 381.5 2 + [ -381.5 EXT_3_16008387:SNP.AC * 3 + -381.5 REG_2_16008387:SNP.AC * 2 ]> + err
M  Contraint for 16008387:SNP.AC 6.1e: 254 == <gurobi.QuadExpr: 0.0 + [ 381.5 EXT_3_16008387:SNP.AC * 3 + 381.5 REG_2_16008387:SNP.AC * 2 ]> + err
M  Contraint for MM[missing] 3 15990430:SNP.CT: <gurobi.Var 3> >= <gurobi.Var REG_3_15990430:SNP.CT>
M  Contraint for MM[missing] 2 16008387:SNP.AC: <gurobi.Var 2> >= <gurobi.Var REG_2_16008387:SNP.AC>
M  Contraint for MA[extra] 3 16008387:SNP.AC: <gurobi.Var 3> >= <gurobi.Var EXT_3_16008387:SNP.AC>
M  Contraint for MA[extra] 2 15990430:SNP.CT: <gurobi.Var 2> >= <gurobi.Var EXT_2_15990430:SNP.CT>
M  Objective: <gurobi.LinExpr: C10 + C11 + C12 + C13 + EXT_3_16008387:SNP.AC + EXT_2_15990430:SNP.CT + W>
M  Contraint for 3: <gurobi.LinExpr: REG_3_15990430:SNP.CT> = 1 * A_<gurobi.Var 3>
M  Contraint for 2: <gurobi.LinExpr: REG_2_16008387:SNP.AC> = 1 * A_<gurobi.Var 2>
M  Contraint for 15990430:SNP.CT: 1 <= <gurobi.QuadExpr: 0.0 + [ REG_3_15990430:SNP.CT * 3 ]> <= 2
M  Contraint for 15990430:SNP.CT: <gurobi.QuadExpr: 0.0 + [ REG_3_15990430:SNP.CT * 3 ]> <= 2
M  Contraint for 16008387:SNP.AC: 1 <= <gurobi.QuadExpr: 0.0 + [ REG_2_16008387:SNP.AC * 2 ]> <= 1
M  Contraint for 16008387:SNP.AC: <gurobi.QuadExpr: 0.0 + [ REG_2_16008387:SNP.AC * 2 ]> <= 1
CN Solver status: optimal, opt: 261.0
  3: 1
    6.10e 15990430:SNP.CT  337 ( 50 cp. 1) F
  2: 1
    6.1e 16008387:SNP.AC  254 ( 33 cp. 1) F
Missing:
  3: 1
  2: 1
Extra:
  3: 1
  2: 1
== Refiner ==
Refining ('1', '4')
M  CN constraint for 1: 1 == <gurobi.LinExpr: 1>
M  CN constraint for 4: 1 == <gurobi.LinExpr: 4>
M  Contraint for 15990430:REF 6.10e: 331 == <gurobi.QuadExpr: 334.0 1 + 334.0 4 + [ -334.0 EXT_1_15990430:SNP.CT * 1 + -334.0 REG_4_15990430:SNP.CT * 4 ]> + err
M  Contraint for 15990430:SNP.CT 6.10e: 337 == <gurobi.QuadExpr: 0.0 + [ 334.0 EXT_1_15990430:SNP.CT * 1 + 334.0 REG_4_15990430:SNP.CT * 4 ]> + err
M  Contraint for 16008387:REF 6.1e: 509 == <gurobi.QuadExpr: 381.5 1 + 381.5 4 + [ -381.5 EXT_1_16008387:SNP.AC * 1 + -381.5 REG_4_16008387:SNP.AC * 4 ]> + err
M  Contraint for 16008387:SNP.AC 6.1e: 254 == <gurobi.QuadExpr: 0.0 + [ 381.5 EXT_1_16008387:SNP.AC * 1 + 381.5 REG_4_16008387:SNP.AC * 4 ]> + err
M  Contraint for MM[missing] 4 15990430:SNP.CT: <gurobi.Var 4> >= <gurobi.Var REG_4_15990430:SNP.CT>
M  Contraint for MM[missing] 4 16008387:SNP.AC: <gurobi.Var 4> >= <gurobi.Var REG_4_16008387:SNP.AC>
M  Contraint for MA[extra] 1 15990430:SNP.CT: <gurobi.Var 1> >= <gurobi.Var EXT_1_15990430:SNP.CT>
M  Contraint for MA[extra] 1 16008387:SNP.AC: <gurobi.Var 1> >= <gurobi.Var EXT_1_16008387:SNP.AC>
M  Objective: <gurobi.LinExpr: C10 + C11 + C12 + C13 + EXT_1_15990430:SNP.CT + EXT_1_16008387:SNP.AC + W>
M  Contraint for 4: <gurobi.LinExpr: REG_4_16008387:SNP.AC + REG_4_15990430:SNP.CT> = 2 * A_<gurobi.Var 4>
M  Contraint for 15990430:SNP.CT: 1 <= <gurobi.QuadExpr: 0.0 + [ REG_4_15990430:SNP.CT * 4 ]> <= 2
M  Contraint for 15990430:SNP.CT: <gurobi.QuadExpr: 0.0 + [ REG_4_15990430:SNP.CT * 4 ]> <= 2
M  Contraint for 16008387:SNP.AC: 1 <= <gurobi.QuadExpr: 0.0 + [ REG_4_16008387:SNP.AC * 4 ]> <= 1
M  Contraint for 16008387:SNP.AC: <gurobi.QuadExpr: 0.0 + [ REG_4_16008387:SNP.AC * 4 ]> <= 1
CN Solver status: optimal, opt: 261.0
  1: 1
  4: 1
    6.10e 15990430:SNP.CT  337 ( 50 cp. 1) F
    6.1e 16008387:SNP.AC  254 ( 33 cp. 1) F
Missing:
  1: 1
  4: 1
Extra:
  1: 1
  4: 1
Time needed: (19.3)
Result is: [('2', '3'), ('1', '4')]
