SAM file: bams/PGXT213.bam
File bams/PGXT213.bam has index
Coverage is 103.335611427
== Allele Filter ==
 6.0i   96521421: SNP.GA     -1041:G>A     56 ( 51%) ~     0 (  0)
 6.0i   96522364: SNP.TC     -98:T>C      408 ( 55%) ~     0 (  0)
 6.1e   96522560: SNP.CT     99:C>T       543 (100%) ~     0 (  0)
 6.1i   96534583: SNP.GA     12122:G>A      7 ( 32%) ~     0 (  0)
 6.2e   96534921: SNP.GC     12460:G>C    508 ( 50%) ~     0 (  0)
 6.2i   96535123: SNP.AG     12662:A>G    355 ( 47%) ~     1 (  0)
 6.3i   96536226: SNP.TA                  121 ( 48%) ~     0 (  0)
 6.5e   96541615: SNP.GA     19154:G>A    149 ( 49%) ~     0 (  0)
 6.5i   96541981: SNP.AG     19520:A>G      8 ( 62%) ~     0 (  0)
 6.5i   96552781: SNP.AC                    2 (100%) ~     0 (  0)
 6.5i   96571204: SNP.GA                    2 (100%) ~     0 (  0)
 6.5i   96571306: SNP.TG                    2 (100%) ~     0 (  0)
 6.5i   96571307: SNP.GA                    2 (100%) ~     0 (  0)
 6.5i   96571308: SNP.AT                    2 (100%) ~     0 (  0)
 6.5i   96578917: SNP.GC                    2 (100%) ~     2 (100)
 6.5i   96578918: SNP.GA                    2 (100%) ~     2 (100)
 6.5i   96580201: SNP.CG     57740:C>G    126 ( 47%) ~     0 (  0)
 6.6i   96580634: SNP.GT                    2 ( 15%) ~     0 (  0)
 6.6i   96581791: SNP.GT                    4 (100%) ~     0 (  0)
 6.6i   96601201: SNP.AT                    2 (100%) ~     0 (  0)
 6.6i   96601203: SNP.AT                    2 (100%) ~     0 (  0)
 6.6i   96601302: SNP.TA                    2 (100%) ~     0 (  0)
 6.6i   96601304: SNP.CA                    2 (100%) ~     0 (  0)
 6.6i   96602397: SNP.TA     79936:T>A     10 ( 53%) ~     0 (  0)
 6.7e   96602621: SNP.CT     80160:C>T    459 ( 49%) ~     0 (  0)
 6.7e   96602622: SNP.AG     80161:A>G    936 (100%) ~     0 (  0)
 6.7i   96603251: SNP.TA                    2 (100%) ~     0 (  0)
 6.7i   96609416: SNP.TG                    2 ( 15%) ~     0 (  0)
Removing 10    6.5e 96541614:SNP.CT
Removing 11    6.3e 96535263:SNP.GA
Removing 12    6.9e 96612670:SNP.AC
Removing 13    6.8e 96609751:SNP.CT
Removing 14    6.1e 96522511:SNP.TC
Removing 15    6.1e 96522516:SNP.AC
Removing 16    6.9e 96612521:SNP.CT
Removing 17    6.0i 96521656:SNP.CT
Removing 18    6.7e 96602617:SNP.GA
Removing 19    6.1e 96522612:SNP.AG
Removing 2H    6.8e 96609709:SNP.CG
Removing 2D    6.8e 96609736:SNP.GA
Removing 2E    6.5e 96541747:SNP.GA
Removing 2F    6.7e 96602652:SNP.GA
Removing 2G    6.7e 96602710:SNP.AT
Removing 2C    6.3e 96535295:SNP.GC
Removing 2J    6.8e 96609784:SNP.AC
Removing 22    6.4e 96540330:SNP.GC
Removing 23    6.2e 96534916:SNP.GC
Removing 24    6.7e 96602635:SNP.GA
Removing 25    6.9e 96612541:SNP.CG
Removing 26    6.5e 96541700:SNP.GA
Removing 28    6.1e 96522516:SNP.AC,  6.7e 96602751:SNP.GA
Removing 29    6.1e 96522544:SNP.AT
Removing 3C    6.3e 96535221:SNP.TA,  6.4e 96540409:SNP.GA
Removing 3B    6.4e 96540409:SNP.GA,  6.7e 96602709:SNP.GA
Removing 3A    6.4e 96540409:SNP.GA
Removing 30    6.2e 96534862:SNP.CT
Removing 31    6.2e 96534877:SNP.CT
Removing 32    6.2e 96534941:SNP.AG
Removing 33    6.4e 96540335:SNP.GA
Removing 34    6.1e 96522468:SNP.CT,  6.1e 96522471:SNP.TC
Removing 4B    6.0i 96521656:SNP.CT,  6.1e 96522462:SNP.AG
Removing 4A    6.1e 96522462:SNP.AG
Removing 5A    6.9e 96612494:SNP.CT
Removing 5B    6.9e 96612494:SNP.CT
Removing 6     6.3e 96535209:SNP.GA
Removing 7     6.5i 96541755:SNP.TA
Removing 8     6.3e 96535172:SNP.TC
Removing 8X    6.3e 96535172:SNP.TC
Removing 9     6.3e 96535245:SNP.GA
Initial status
  CYP2D6.1C
    6.7e           96602622:SNP.AG  936 (100) F 80161:A>G
  CYP2D6.1B
    6.1e           96522560:SNP.CT  543 (100)   99:C>T
    6.7e           96602622:SNP.AG  936 (100) F 80161:A>G
  CYP2D6.1
  CYP2D6.2A
    6.1e           96522560:SNP.CT  543 (100)   99:C>T
    6.2i           96535123:SNP.AG  355 ( 47) F 12662:A>G
    6.5e           96541615:SNP.GA  149 ( 49) F 19154:G>A
    6.7e           96602621:SNP.CT  459 ( 49) F 80160:C>T
    6.7e           96602622:SNP.AG  936 (100) F 80161:A>G
  CYP2D6.2B
    6.1e           96522560:SNP.CT  543 (100)   99:C>T
    6.2e           96534921:SNP.GC  508 ( 50) F 12460:G>C
    6.2i           96535123:SNP.AG  355 ( 47) F 12662:A>G
    6.5e           96541615:SNP.GA  149 ( 49) F 19154:G>A
    6.7e           96602621:SNP.CT  459 ( 49) F 80160:C>T
    6.7e           96602622:SNP.AG  936 (100) F 80161:A>G
  CYP2D6.27
    6.0i           96521421:SNP.GA   56 ( 51) F -1041:G>A
    6.7e           96602622:SNP.AG  936 (100) F 80161:A>G
  CYP2D6.35
    6.1e           96522560:SNP.CT  543 (100)   99:C>T
    6.2i           96535123:SNP.AG  355 ( 47) F 12662:A>G
    6.7e           96602622:SNP.AG  936 (100) F 80161:A>G
== Copy Number Estimator ==
CNV factor: 1.97335163758 (0.506752056227)
Coverage per region
  region:  2D6  2D7
  0i   :  2.12
  1e   :  2.46
  1i   :  2.76
  2e   :  2.12
  2i   :  1.94
  3e   :  1.91
  3i   :  2.15
  4e   :  2.39
  4i   :  3.41
  5e   :  2.44
  5i   :  2.15
  6e   :  1.99
  6i   :  2.16
  7e   :  1.64
  7i   :  2.16
  8e   :  2.16
  8i   :  2.22
  9e   :  2.18
Max. CN = 3
M  Sentinel contraint for 1: A_1^ <= A_1
M  Contraint for 7e: 1.64131874126 == E_7e + <gurobi.LinExpr: A1 + A1^>
M  Contraint for 6e: 1.99066632828 == E_6e + <gurobi.LinExpr: A1 + A1^>
M  Contraint for 9e: 2.18170506086 == E_9e + <gurobi.LinExpr: A1 + A1^>
M  Contraint for 8e: 2.16362417708 == E_8e + <gurobi.LinExpr: A1 + A1^>
M  Contraint for 2e: 2.11579351903 == E_2e + <gurobi.LinExpr: A1 + A1^>
M  Contraint for 1e: 2.45753876227 == E_1e + <gurobi.LinExpr: A1 + A1^>
M  Contraint for 5e: 2.4445789089 == E_5e + <gurobi.LinExpr: A1 + A1^>
M  Contraint for 4e: 2.38833656164 == E_4e + <gurobi.LinExpr: A1 + A1^>
M  Contraint for 3e: 1.90915792889 == E_3e + <gurobi.LinExpr: A1 + A1^>
M  Objective: <gurobi.LinExpr: C11 + C12 + C13 + C14 + C15 + C16 + C17 + C18 + C19 + 0.5 A1 + 0.5 A1^>
CN Solver status: optimal, opt: 3.21043399134
  Solutions:
    ('1', '1^')
== Initial Solver ==
Solving Counter({'1': 2})
Possible candidates:
  CYP2D6.1
  CYP2D6.1B
    6.7e 96602622:SNP.AG  936 (100) F 80161:A>G
  CYP2D6.2A
    6.2i 96535123:SNP.AG  355 ( 47) F 12662:A>G
    6.5e 96541615:SNP.GA  149 ( 49) F 19154:G>A
    6.7e 96602621:SNP.CT  459 ( 49) F 80160:C>T
    6.7e 96602622:SNP.AG  936 (100) F 80161:A>G
  CYP2D6.2B
    6.2i 96535123:SNP.AG  355 ( 47) F 12662:A>G
    6.5e 96541615:SNP.GA  149 ( 49) F 19154:G>A
    6.7e 96602621:SNP.CT  459 ( 49) F 80160:C>T
    6.2e 96534921:SNP.GC  508 ( 50) F 12460:G>C
    6.7e 96602622:SNP.AG  936 (100) F 80161:A>G
  CYP2D6.27
    6.0i 96521421:SNP.GA   56 ( 51) F -1041:G>A
    6.7e 96602622:SNP.AG  936 (100) F 80161:A>G
  CYP2D6.35
    6.2i 96535123:SNP.AG  355 ( 47) F 12662:A>G
    6.7e 96602622:SNP.AG  936 (100) F 80161:A>G
M  Max. CN for 27 = 2
M  Max. CN for 35 = 2
M  Max. CN for 1 = 2
M  Max. CN for 1B = 2
M  Max. CN for 2A = 2
M  Max. CN for 2B = 2
M  Contraint for 96541615:SNP.GA 6.5e: 149 == <gurobi.QuadExpr: 0.0 + [ 152.0 REG_2A_96541615:SNP.GA * 2A + 152.0 REG_2B_96541615:SNP.GA * 2B + 152.0 REG_2A_2_96541615:SNP.GA * 2A_2 + 152.0 REG_2B_2_96541615:SNP.GA * 2B_2 ]> + err
M  Contraint for 96602621:REF 6.7e: 475 == <gurobi.QuadExpr: 467.0 27_2 + 467.0 27 + 467.0 35_2 + 467.0 35 + 467.0 1 + 467.0 1B_2 + 467.0 1B + 467.0 2A + 467.0 2B + 467.0 2A_2 + 467.0 2B_2 + 467.0 1_2 + [ -467.0 REG_2A_96602621:SNP.CT * 2A + -467.0 REG_2B_96602621:SNP.CT * 2B + -467.0 REG_2A_2_96602621:SNP.CT * 2A_2 + -467.0 REG_2B_2_96602621:SNP.CT * 2B_2 ]> + err
M  Contraint for 96535123:REF 6.2i: 393 == <gurobi.QuadExpr: 374.0 27_2 + 374.0 27 + 374.0 35_2 + 374.0 35 + 374.0 1 + 374.0 1B_2 + 374.0 1B + 374.0 2A + 374.0 2B + 374.0 2A_2 + 374.0 2B_2 + 374.0 1_2 + [ -374.0 REG_35_2_96535123:SNP.AG * 35_2 + -374.0 REG_35_96535123:SNP.AG * 35 + -374.0 REG_2A_96535123:SNP.AG * 2A + -374.0 REG_2B_96535123:SNP.AG * 2B + -374.0 REG_2A_2_96535123:SNP.AG * 2A_2 + -374.0 REG_2B_2_96535123:SNP.AG * 2B_2 ]> + err
M  Contraint for 96602622:SNP.AG 6.7e: 936 == <gurobi.QuadExpr: 0.0 + [ 469.5 REG_27_2_96602622:SNP.AG * 27_2 + 469.5 REG_27_96602622:SNP.AG * 27 + 469.5 REG_35_2_96602622:SNP.AG * 35_2 + 469.5 REG_35_96602622:SNP.AG * 35 + 469.5 REG_1B_2_96602622:SNP.AG * 1B_2 + 469.5 REG_1B_96602622:SNP.AG * 1B + 469.5 REG_2A_96602622:SNP.AG * 2A + 469.5 REG_2B_96602622:SNP.AG * 2B + 469.5 REG_2A_2_96602622:SNP.AG * 2A_2 + 469.5 REG_2B_2_96602622:SNP.AG * 2B_2 ]> + err
M  Contraint for 96534921:REF 6.2e: 508 == <gurobi.QuadExpr: 508.0 27_2 + 508.0 27 + 508.0 35_2 + 508.0 35 + 508.0 1 + 508.0 1B_2 + 508.0 1B + 508.0 2A + 508.0 2B + 508.0 2A_2 + 508.0 2B_2 + 508.0 1_2 + [ -508.0 REG_2B_96534921:SNP.GC * 2B + -508.0 REG_2B_2_96534921:SNP.GC * 2B_2 ]> + err
M  Contraint for 96521421:SNP.GA 6.0i: 56 == <gurobi.QuadExpr: 0.0 + [ 54.5 REG_27_2_96521421:SNP.GA * 27_2 + 54.5 REG_27_96521421:SNP.GA * 27 ]> + err
M  Contraint for 96541615:REF 6.5e: 155 == <gurobi.QuadExpr: 152.0 27_2 + 152.0 27 + 152.0 35_2 + 152.0 35 + 152.0 1 + 152.0 1B_2 + 152.0 1B + 152.0 2A + 152.0 2B + 152.0 2A_2 + 152.0 2B_2 + 152.0 1_2 + [ -152.0 REG_2A_96541615:SNP.GA * 2A + -152.0 REG_2B_96541615:SNP.GA * 2B + -152.0 REG_2A_2_96541615:SNP.GA * 2A_2 + -152.0 REG_2B_2_96541615:SNP.GA * 2B_2 ]> + err
M  Contraint for 96602622:REF 6.7e: 3 == <gurobi.QuadExpr: 469.5 27_2 + 469.5 27 + 469.5 35_2 + 469.5 35 + 469.5 1 + 469.5 1B_2 + 469.5 1B + 469.5 2A + 469.5 2B + 469.5 2A_2 + 469.5 2B_2 + 469.5 1_2 + [ -469.5 REG_27_2_96602622:SNP.AG * 27_2 + -469.5 REG_27_96602622:SNP.AG * 27 + -469.5 REG_35_2_96602622:SNP.AG * 35_2 + -469.5 REG_35_96602622:SNP.AG * 35 + -469.5 REG_1B_2_96602622:SNP.AG * 1B_2 + -469.5 REG_1B_96602622:SNP.AG * 1B + -469.5 REG_2A_96602622:SNP.AG * 2A + -469.5 REG_2B_96602622:SNP.AG * 2B + -469.5 REG_2A_2_96602622:SNP.AG * 2A_2 + -469.5 REG_2B_2_96602622:SNP.AG * 2B_2 ]> + err
M  Contraint for 96521421:REF 6.0i: 53 == <gurobi.QuadExpr: 54.5 27_2 + 54.5 27 + 54.5 35_2 + 54.5 35 + 54.5 1 + 54.5 1B_2 + 54.5 1B + 54.5 2A + 54.5 2B + 54.5 2A_2 + 54.5 2B_2 + 54.5 1_2 + [ -54.5 REG_27_2_96521421:SNP.GA * 27_2 + -54.5 REG_27_96521421:SNP.GA * 27 ]> + err
M  Contraint for 96602621:SNP.CT 6.7e: 459 == <gurobi.QuadExpr: 0.0 + [ 467.0 REG_2A_96602621:SNP.CT * 2A + 467.0 REG_2B_96602621:SNP.CT * 2B + 467.0 REG_2A_2_96602621:SNP.CT * 2A_2 + 467.0 REG_2B_2_96602621:SNP.CT * 2B_2 ]> + err
M  Contraint for 96535123:SNP.AG 6.2i: 355 == <gurobi.QuadExpr: 0.0 + [ 374.0 REG_35_2_96535123:SNP.AG * 35_2 + 374.0 REG_35_96535123:SNP.AG * 35 + 374.0 REG_2A_96535123:SNP.AG * 2A + 374.0 REG_2B_96535123:SNP.AG * 2B + 374.0 REG_2A_2_96535123:SNP.AG * 2A_2 + 374.0 REG_2B_2_96535123:SNP.AG * 2B_2 ]> + err
M  Contraint for 96534921:SNP.GC 6.2e: 508 == <gurobi.QuadExpr: 0.0 + [ 508.0 REG_2B_96534921:SNP.GC * 2B + 508.0 REG_2B_2_96534921:SNP.GC * 2B_2 ]> + err
M  Contraint for 27_2 96602622:SNP.AG: <gurobi.Var 27_2> >= <gurobi.Var REG_27_2_96602622:SNP.AG>
M  Contraint for 27_2 96521421:SNP.GA: <gurobi.Var 27_2> >= <gurobi.Var REG_27_2_96521421:SNP.GA>
M  Contraint for 27 96602622:SNP.AG: <gurobi.Var 27> >= <gurobi.Var REG_27_96602622:SNP.AG>
M  Contraint for 27 96521421:SNP.GA: <gurobi.Var 27> >= <gurobi.Var REG_27_96521421:SNP.GA>
M  Contraint for 35_2 96535123:SNP.AG: <gurobi.Var 35_2> >= <gurobi.Var REG_35_2_96535123:SNP.AG>
M  Contraint for 35_2 96602622:SNP.AG: <gurobi.Var 35_2> >= <gurobi.Var REG_35_2_96602622:SNP.AG>
M  Contraint for 35 96535123:SNP.AG: <gurobi.Var 35> >= <gurobi.Var REG_35_96535123:SNP.AG>
M  Contraint for 35 96602622:SNP.AG: <gurobi.Var 35> >= <gurobi.Var REG_35_96602622:SNP.AG>
M  Contraint for 1B_2 96602622:SNP.AG: <gurobi.Var 1B_2> >= <gurobi.Var REG_1B_2_96602622:SNP.AG>
M  Contraint for 1B 96602622:SNP.AG: <gurobi.Var 1B> >= <gurobi.Var REG_1B_96602622:SNP.AG>
M  Contraint for 2A 96535123:SNP.AG: <gurobi.Var 2A> >= <gurobi.Var REG_2A_96535123:SNP.AG>
M  Contraint for 2A 96602621:SNP.CT: <gurobi.Var 2A> >= <gurobi.Var REG_2A_96602621:SNP.CT>
M  Contraint for 2A 96602622:SNP.AG: <gurobi.Var 2A> >= <gurobi.Var REG_2A_96602622:SNP.AG>
M  Contraint for 2A 96541615:SNP.GA: <gurobi.Var 2A> >= <gurobi.Var REG_2A_96541615:SNP.GA>
M  Contraint for 2B 96535123:SNP.AG: <gurobi.Var 2B> >= <gurobi.Var REG_2B_96535123:SNP.AG>
M  Contraint for 2B 96602622:SNP.AG: <gurobi.Var 2B> >= <gurobi.Var REG_2B_96602622:SNP.AG>
M  Contraint for 2B 96602621:SNP.CT: <gurobi.Var 2B> >= <gurobi.Var REG_2B_96602621:SNP.CT>
M  Contraint for 2B 96534921:SNP.GC: <gurobi.Var 2B> >= <gurobi.Var REG_2B_96534921:SNP.GC>
M  Contraint for 2B 96541615:SNP.GA: <gurobi.Var 2B> >= <gurobi.Var REG_2B_96541615:SNP.GA>
M  Contraint for 2A_2 96535123:SNP.AG: <gurobi.Var 2A_2> >= <gurobi.Var REG_2A_2_96535123:SNP.AG>
M  Contraint for 2A_2 96602621:SNP.CT: <gurobi.Var 2A_2> >= <gurobi.Var REG_2A_2_96602621:SNP.CT>
M  Contraint for 2A_2 96602622:SNP.AG: <gurobi.Var 2A_2> >= <gurobi.Var REG_2A_2_96602622:SNP.AG>
M  Contraint for 2A_2 96541615:SNP.GA: <gurobi.Var 2A_2> >= <gurobi.Var REG_2A_2_96541615:SNP.GA>
M  Contraint for 2B_2 96535123:SNP.AG: <gurobi.Var 2B_2> >= <gurobi.Var REG_2B_2_96535123:SNP.AG>
M  Contraint for 2B_2 96602622:SNP.AG: <gurobi.Var 2B_2> >= <gurobi.Var REG_2B_2_96602622:SNP.AG>
M  Contraint for 2B_2 96602621:SNP.CT: <gurobi.Var 2B_2> >= <gurobi.Var REG_2B_2_96602621:SNP.CT>
M  Contraint for 2B_2 96534921:SNP.GC: <gurobi.Var 2B_2> >= <gurobi.Var REG_2B_2_96534921:SNP.GC>
M  Contraint for 2B_2 96541615:SNP.GA: <gurobi.Var 2B_2> >= <gurobi.Var REG_2B_2_96541615:SNP.GA>
M  CN contraint for 1: 2 == <gurobi.LinExpr: 27_2 + 27 + 35_2 + 35 + 1 + 1B_2 + 1B + 2A + 2B + 2A_2 + 1_2 + 2B_2>
M  Sentinel contraint for 27: A_27_2 <= A_27
M  Sentinel contraint for 35: A_35_2 <= A_35
M  Sentinel contraint for 1: A_1_2 <= A_1
M  Sentinel contraint for 1B: A_1B_2 <= A_1B
M  Sentinel contraint for 2A: A_2A_2 <= A_2A
M  Sentinel contraint for 2B: A_2B_2 <= A_2B
M  Objective: <gurobi.LinExpr: C74 + C75 + C76 + C77 + C78 + C79 + C80 + C81 + C82 + C83 + C84 + C85>
M  Contraint for 27_2: A_27_2 * (<gurobi.LinExpr: REG_27_2_96521421:SNP.GA + REG_27_2_96602622:SNP.AG> - 2) == 0
M  Contraint for 27: A_27 * (<gurobi.LinExpr: REG_27_96521421:SNP.GA + REG_27_96602622:SNP.AG> - 2) == 0
M  Contraint for 35_2: A_35_2 * (<gurobi.LinExpr: REG_35_2_96535123:SNP.AG + REG_35_2_96602622:SNP.AG> - 2) == 0
M  Contraint for 35: A_35 * (<gurobi.LinExpr: REG_35_96535123:SNP.AG + REG_35_96602622:SNP.AG> - 2) == 0
M  Contraint for 1B_2: A_1B_2 * (<gurobi.LinExpr: REG_1B_2_96602622:SNP.AG> - 1) == 0
M  Contraint for 1B: A_1B * (<gurobi.LinExpr: REG_1B_96602622:SNP.AG> - 1) == 0
M  Contraint for 2A: A_2A * (<gurobi.LinExpr: REG_2A_96535123:SNP.AG + REG_2A_96541615:SNP.GA + REG_2A_96602621:SNP.CT + REG_2A_96602622:SNP.AG> - 4) == 0
M  Contraint for 2B: A_2B * (<gurobi.LinExpr: REG_2B_96534921:SNP.GC + REG_2B_96535123:SNP.AG + REG_2B_96541615:SNP.GA + REG_2B_96602621:SNP.CT + REG_2B_96602622:SNP.AG> - 5) == 0
M  Contraint for 2A_2: A_2A_2 * (<gurobi.LinExpr: REG_2A_2_96535123:SNP.AG + REG_2A_2_96541615:SNP.GA + REG_2A_2_96602621:SNP.CT + REG_2A_2_96602622:SNP.AG> - 4) == 0
M  Contraint for 2B_2: A_2B_2 * (<gurobi.LinExpr: REG_2B_2_96534921:SNP.GC + REG_2B_2_96535123:SNP.AG + REG_2B_2_96541615:SNP.GA + REG_2B_2_96602621:SNP.CT + REG_2B_2_96602622:SNP.AG> - 5) == 0
M  Contraint for 96521421:SNP.GA: 1 <= <gurobi.QuadExpr: 0.0 + [ 27_2 * REG_27_2_96521421:SNP.GA + 27 * REG_27_96521421:SNP.GA ]>
M  Contraint for 96602622:SNP.AG: 1 <= <gurobi.QuadExpr: 0.0 + [ 27_2 * REG_27_2_96602622:SNP.AG + 27 * REG_27_96602622:SNP.AG + 35_2 * REG_35_2_96602622:SNP.AG + 35 * REG_35_96602622:SNP.AG + 1B_2 * REG_1B_2_96602622:SNP.AG + 1B * REG_1B_96602622:SNP.AG + 2A * REG_2A_96602622:SNP.AG + 2B * REG_2B_96602622:SNP.AG + 2A_2 * REG_2A_2_96602622:SNP.AG + 2B_2 * REG_2B_2_96602622:SNP.AG ]>
M  Contraint for 96521421:SNP.GA: 1 <= <gurobi.QuadExpr: 0.0 + [ 27_2 * REG_27_2_96521421:SNP.GA + 27 * REG_27_96521421:SNP.GA ]>
M  Contraint for 96602622:SNP.AG: 1 <= <gurobi.QuadExpr: 0.0 + [ 27_2 * REG_27_2_96602622:SNP.AG + 27 * REG_27_96602622:SNP.AG + 35_2 * REG_35_2_96602622:SNP.AG + 35 * REG_35_96602622:SNP.AG + 1B_2 * REG_1B_2_96602622:SNP.AG + 1B * REG_1B_96602622:SNP.AG + 2A * REG_2A_96602622:SNP.AG + 2B * REG_2B_96602622:SNP.AG + 2A_2 * REG_2A_2_96602622:SNP.AG + 2B_2 * REG_2B_2_96602622:SNP.AG ]>
M  Contraint for 96535123:SNP.AG: 1 <= <gurobi.QuadExpr: 0.0 + [ 35_2 * REG_35_2_96535123:SNP.AG + 35 * REG_35_96535123:SNP.AG + 2A * REG_2A_96535123:SNP.AG + 2B * REG_2B_96535123:SNP.AG + 2A_2 * REG_2A_2_96535123:SNP.AG + 2B_2 * REG_2B_2_96535123:SNP.AG ]>
M  Contraint for 96602622:SNP.AG: 1 <= <gurobi.QuadExpr: 0.0 + [ 27_2 * REG_27_2_96602622:SNP.AG + 27 * REG_27_96602622:SNP.AG + 35_2 * REG_35_2_96602622:SNP.AG + 35 * REG_35_96602622:SNP.AG + 1B_2 * REG_1B_2_96602622:SNP.AG + 1B * REG_1B_96602622:SNP.AG + 2A * REG_2A_96602622:SNP.AG + 2B * REG_2B_96602622:SNP.AG + 2A_2 * REG_2A_2_96602622:SNP.AG + 2B_2 * REG_2B_2_96602622:SNP.AG ]>
M  Contraint for 96535123:SNP.AG: 1 <= <gurobi.QuadExpr: 0.0 + [ 35_2 * REG_35_2_96535123:SNP.AG + 35 * REG_35_96535123:SNP.AG + 2A * REG_2A_96535123:SNP.AG + 2B * REG_2B_96535123:SNP.AG + 2A_2 * REG_2A_2_96535123:SNP.AG + 2B_2 * REG_2B_2_96535123:SNP.AG ]>
M  Contraint for 96602622:SNP.AG: 1 <= <gurobi.QuadExpr: 0.0 + [ 27_2 * REG_27_2_96602622:SNP.AG + 27 * REG_27_96602622:SNP.AG + 35_2 * REG_35_2_96602622:SNP.AG + 35 * REG_35_96602622:SNP.AG + 1B_2 * REG_1B_2_96602622:SNP.AG + 1B * REG_1B_96602622:SNP.AG + 2A * REG_2A_96602622:SNP.AG + 2B * REG_2B_96602622:SNP.AG + 2A_2 * REG_2A_2_96602622:SNP.AG + 2B_2 * REG_2B_2_96602622:SNP.AG ]>
M  Contraint for 96602622:SNP.AG: 1 <= <gurobi.QuadExpr: 0.0 + [ 27_2 * REG_27_2_96602622:SNP.AG + 27 * REG_27_96602622:SNP.AG + 35_2 * REG_35_2_96602622:SNP.AG + 35 * REG_35_96602622:SNP.AG + 1B_2 * REG_1B_2_96602622:SNP.AG + 1B * REG_1B_96602622:SNP.AG + 2A * REG_2A_96602622:SNP.AG + 2B * REG_2B_96602622:SNP.AG + 2A_2 * REG_2A_2_96602622:SNP.AG + 2B_2 * REG_2B_2_96602622:SNP.AG ]>
M  Contraint for 96602622:SNP.AG: 1 <= <gurobi.QuadExpr: 0.0 + [ 27_2 * REG_27_2_96602622:SNP.AG + 27 * REG_27_96602622:SNP.AG + 35_2 * REG_35_2_96602622:SNP.AG + 35 * REG_35_96602622:SNP.AG + 1B_2 * REG_1B_2_96602622:SNP.AG + 1B * REG_1B_96602622:SNP.AG + 2A * REG_2A_96602622:SNP.AG + 2B * REG_2B_96602622:SNP.AG + 2A_2 * REG_2A_2_96602622:SNP.AG + 2B_2 * REG_2B_2_96602622:SNP.AG ]>
M  Contraint for 96535123:SNP.AG: 1 <= <gurobi.QuadExpr: 0.0 + [ 35_2 * REG_35_2_96535123:SNP.AG + 35 * REG_35_96535123:SNP.AG + 2A * REG_2A_96535123:SNP.AG + 2B * REG_2B_96535123:SNP.AG + 2A_2 * REG_2A_2_96535123:SNP.AG + 2B_2 * REG_2B_2_96535123:SNP.AG ]>
M  Contraint for 96541615:SNP.GA: 1 <= <gurobi.QuadExpr: 0.0 + [ 2A * REG_2A_96541615:SNP.GA + 2B * REG_2B_96541615:SNP.GA + 2A_2 * REG_2A_2_96541615:SNP.GA + 2B_2 * REG_2B_2_96541615:SNP.GA ]>
M  Contraint for 96602621:SNP.CT: 1 <= <gurobi.QuadExpr: 0.0 + [ 2A * REG_2A_96602621:SNP.CT + 2B * REG_2B_96602621:SNP.CT + 2A_2 * REG_2A_2_96602621:SNP.CT + 2B_2 * REG_2B_2_96602621:SNP.CT ]>
M  Contraint for 96602622:SNP.AG: 1 <= <gurobi.QuadExpr: 0.0 + [ 27_2 * REG_27_2_96602622:SNP.AG + 27 * REG_27_96602622:SNP.AG + 35_2 * REG_35_2_96602622:SNP.AG + 35 * REG_35_96602622:SNP.AG + 1B_2 * REG_1B_2_96602622:SNP.AG + 1B * REG_1B_96602622:SNP.AG + 2A * REG_2A_96602622:SNP.AG + 2B * REG_2B_96602622:SNP.AG + 2A_2 * REG_2A_2_96602622:SNP.AG + 2B_2 * REG_2B_2_96602622:SNP.AG ]>
M  Contraint for 96534921:SNP.GC: 1 <= <gurobi.QuadExpr: 0.0 + [ 2B * REG_2B_96534921:SNP.GC + 2B_2 * REG_2B_2_96534921:SNP.GC ]>
M  Contraint for 96535123:SNP.AG: 1 <= <gurobi.QuadExpr: 0.0 + [ 35_2 * REG_35_2_96535123:SNP.AG + 35 * REG_35_96535123:SNP.AG + 2A * REG_2A_96535123:SNP.AG + 2B * REG_2B_96535123:SNP.AG + 2A_2 * REG_2A_2_96535123:SNP.AG + 2B_2 * REG_2B_2_96535123:SNP.AG ]>
M  Contraint for 96541615:SNP.GA: 1 <= <gurobi.QuadExpr: 0.0 + [ 2A * REG_2A_96541615:SNP.GA + 2B * REG_2B_96541615:SNP.GA + 2A_2 * REG_2A_2_96541615:SNP.GA + 2B_2 * REG_2B_2_96541615:SNP.GA ]>
M  Contraint for 96602621:SNP.CT: 1 <= <gurobi.QuadExpr: 0.0 + [ 2A * REG_2A_96602621:SNP.CT + 2B * REG_2B_96602621:SNP.CT + 2A_2 * REG_2A_2_96602621:SNP.CT + 2B_2 * REG_2B_2_96602621:SNP.CT ]>
M  Contraint for 96602622:SNP.AG: 1 <= <gurobi.QuadExpr: 0.0 + [ 27_2 * REG_27_2_96602622:SNP.AG + 27 * REG_27_96602622:SNP.AG + 35_2 * REG_35_2_96602622:SNP.AG + 35 * REG_35_96602622:SNP.AG + 1B_2 * REG_1B_2_96602622:SNP.AG + 1B * REG_1B_96602622:SNP.AG + 2A * REG_2A_96602622:SNP.AG + 2B * REG_2B_96602622:SNP.AG + 2A_2 * REG_2A_2_96602622:SNP.AG + 2B_2 * REG_2B_2_96602622:SNP.AG ]>
M  Contraint for 96535123:SNP.AG: 1 <= <gurobi.QuadExpr: 0.0 + [ 35_2 * REG_35_2_96535123:SNP.AG + 35 * REG_35_96535123:SNP.AG + 2A * REG_2A_96535123:SNP.AG + 2B * REG_2B_96535123:SNP.AG + 2A_2 * REG_2A_2_96535123:SNP.AG + 2B_2 * REG_2B_2_96535123:SNP.AG ]>
M  Contraint for 96541615:SNP.GA: 1 <= <gurobi.QuadExpr: 0.0 + [ 2A * REG_2A_96541615:SNP.GA + 2B * REG_2B_96541615:SNP.GA + 2A_2 * REG_2A_2_96541615:SNP.GA + 2B_2 * REG_2B_2_96541615:SNP.GA ]>
M  Contraint for 96602621:SNP.CT: 1 <= <gurobi.QuadExpr: 0.0 + [ 2A * REG_2A_96602621:SNP.CT + 2B * REG_2B_96602621:SNP.CT + 2A_2 * REG_2A_2_96602621:SNP.CT + 2B_2 * REG_2B_2_96602621:SNP.CT ]>
M  Contraint for 96602622:SNP.AG: 1 <= <gurobi.QuadExpr: 0.0 + [ 27_2 * REG_27_2_96602622:SNP.AG + 27 * REG_27_96602622:SNP.AG + 35_2 * REG_35_2_96602622:SNP.AG + 35 * REG_35_96602622:SNP.AG + 1B_2 * REG_1B_2_96602622:SNP.AG + 1B * REG_1B_96602622:SNP.AG + 2A * REG_2A_96602622:SNP.AG + 2B * REG_2B_96602622:SNP.AG + 2A_2 * REG_2A_2_96602622:SNP.AG + 2B_2 * REG_2B_2_96602622:SNP.AG ]>
M  Contraint for 96534921:SNP.GC: 1 <= <gurobi.QuadExpr: 0.0 + [ 2B * REG_2B_96534921:SNP.GC + 2B_2 * REG_2B_2_96534921:SNP.GC ]>
M  Contraint for 96535123:SNP.AG: 1 <= <gurobi.QuadExpr: 0.0 + [ 35_2 * REG_35_2_96535123:SNP.AG + 35 * REG_35_96535123:SNP.AG + 2A * REG_2A_96535123:SNP.AG + 2B * REG_2B_96535123:SNP.AG + 2A_2 * REG_2A_2_96535123:SNP.AG + 2B_2 * REG_2B_2_96535123:SNP.AG ]>
M  Contraint for 96541615:SNP.GA: 1 <= <gurobi.QuadExpr: 0.0 + [ 2A * REG_2A_96541615:SNP.GA + 2B * REG_2B_96541615:SNP.GA + 2A_2 * REG_2A_2_96541615:SNP.GA + 2B_2 * REG_2B_2_96541615:SNP.GA ]>
M  Contraint for 96602621:SNP.CT: 1 <= <gurobi.QuadExpr: 0.0 + [ 2A * REG_2A_96602621:SNP.CT + 2B * REG_2B_96602621:SNP.CT + 2A_2 * REG_2A_2_96602621:SNP.CT + 2B_2 * REG_2B_2_96602621:SNP.CT ]>
M  Contraint for 96602622:SNP.AG: 1 <= <gurobi.QuadExpr: 0.0 + [ 27_2 * REG_27_2_96602622:SNP.AG + 27 * REG_27_96602622:SNP.AG + 35_2 * REG_35_2_96602622:SNP.AG + 35 * REG_35_96602622:SNP.AG + 1B_2 * REG_1B_2_96602622:SNP.AG + 1B * REG_1B_96602622:SNP.AG + 2A * REG_2A_96602622:SNP.AG + 2B * REG_2B_96602622:SNP.AG + 2A_2 * REG_2A_2_96602622:SNP.AG + 2B_2 * REG_2B_2_96602622:SNP.AG ]>
CN Solver status: optimal, opt: 69.0
  solution:
    ('27', '2B')
[32;01mCopy number best structures:[39;49;00m
[32;01m  (1) 2x*1-like[39;49;00m
== Refiner ==
Refining ('27', '2B')
M  CN constraint for 27: 1 == <gurobi.LinExpr: 27>
M  CN constraint for 2B: 1 == <gurobi.LinExpr: 2B>
M  Contraint for 96541615:SNP.GA 6.5e: 149 == <gurobi.QuadExpr: 0.0 + [ 152.0 EXT_27_96541615:SNP.GA * 27 + 152.0 REG_2B_96541615:SNP.GA * 2B ]> + err
M  Contraint for 96602621:REF 6.7e: 475 == <gurobi.QuadExpr: 467.0 27 + 467.0 2B + [ -467.0 EXT_27_96602621:SNP.CT * 27 + -467.0 REG_2B_96602621:SNP.CT * 2B ]> + err
M  Contraint for 96535123:REF 6.2i: 393 == <gurobi.QuadExpr: 374.0 27 + 374.0 2B + [ -374.0 EXT_27_96535123:SNP.AG * 27 + -374.0 REG_2B_96535123:SNP.AG * 2B ]> + err
M  Contraint for 96602622:SNP.AG 6.7e: 936 == <gurobi.QuadExpr: 0.0 + [ 469.5 REG_27_96602622:SNP.AG * 27 + 469.5 REG_2B_96602622:SNP.AG * 2B ]> + err
M  Contraint for 96534921:REF 6.2e: 508 == <gurobi.QuadExpr: 508.0 27 + 508.0 2B + [ -508.0 EXT_27_96534921:SNP.GC * 27 + -508.0 REG_2B_96534921:SNP.GC * 2B ]> + err
M  Contraint for 96521421:SNP.GA 6.0i: 56 == <gurobi.QuadExpr: 0.0 + [ 54.5 REG_27_96521421:SNP.GA * 27 + 54.5 EXT_2B_96521421:SNP.GA * 2B ]> + err
M  Contraint for 96541615:REF 6.5e: 155 == <gurobi.QuadExpr: 152.0 27 + 152.0 2B + [ -152.0 EXT_27_96541615:SNP.GA * 27 + -152.0 REG_2B_96541615:SNP.GA * 2B ]> + err
M  Contraint for 96602622:REF 6.7e: 3 == <gurobi.QuadExpr: 469.5 27 + 469.5 2B + [ -469.5 REG_27_96602622:SNP.AG * 27 + -469.5 REG_2B_96602622:SNP.AG * 2B ]> + err
M  Contraint for 96521421:REF 6.0i: 53 == <gurobi.QuadExpr: 54.5 27 + 54.5 2B + [ -54.5 REG_27_96521421:SNP.GA * 27 + -54.5 EXT_2B_96521421:SNP.GA * 2B ]> + err
M  Contraint for 96534921:SNP.GC 6.2e: 508 == <gurobi.QuadExpr: 0.0 + [ 508.0 EXT_27_96534921:SNP.GC * 27 + 508.0 REG_2B_96534921:SNP.GC * 2B ]> + err
M  Contraint for 96602621:SNP.CT 6.7e: 459 == <gurobi.QuadExpr: 0.0 + [ 467.0 EXT_27_96602621:SNP.CT * 27 + 467.0 REG_2B_96602621:SNP.CT * 2B ]> + err
M  Contraint for 96535123:SNP.AG 6.2i: 355 == <gurobi.QuadExpr: 0.0 + [ 374.0 EXT_27_96535123:SNP.AG * 27 + 374.0 REG_2B_96535123:SNP.AG * 2B ]> + err
M  Contraint for 96522560:SNP.CT 6.1e: 543 == <gurobi.QuadExpr: 0.0 + [ 271.5 EXT_27_96522560:SNP.CT * 27 + 271.5 REG_2B_96522560:SNP.CT * 2B ]> + err
M  Contraint for 96522560:REF 6.1e: 0 == <gurobi.QuadExpr: 271.5 27 + 271.5 2B + [ -271.5 EXT_27_96522560:SNP.CT * 27 + -271.5 REG_2B_96522560:SNP.CT * 2B ]> + err
M  Contraint for MM[missing] 27 96602622:SNP.AG: <gurobi.Var 27> >= <gurobi.Var REG_27_96602622:SNP.AG>
M  Contraint for MM[missing] 27 96521421:SNP.GA: <gurobi.Var 27> >= <gurobi.Var REG_27_96521421:SNP.GA>
M  Contraint for MM[missing] 2B 96541615:SNP.GA: <gurobi.Var 2B> >= <gurobi.Var REG_2B_96541615:SNP.GA>
M  Contraint for MM[missing] 2B 96602622:SNP.AG: <gurobi.Var 2B> >= <gurobi.Var REG_2B_96602622:SNP.AG>
M  Contraint for MM[missing] 2B 96534921:SNP.GC: <gurobi.Var 2B> >= <gurobi.Var REG_2B_96534921:SNP.GC>
M  Contraint for MM[missing] 2B 96602621:SNP.CT: <gurobi.Var 2B> >= <gurobi.Var REG_2B_96602621:SNP.CT>
M  Contraint for MM[missing] 2B 96535123:SNP.AG: <gurobi.Var 2B> >= <gurobi.Var REG_2B_96535123:SNP.AG>
M  Contraint for MM[missing] 2B 96522560:SNP.CT: <gurobi.Var 2B> >= <gurobi.Var REG_2B_96522560:SNP.CT>
M  Contraint for MA[extra] 27 96541615:SNP.GA: <gurobi.Var 27> >= <gurobi.Var EXT_27_96541615:SNP.GA>
M  Contraint for MA[extra] 27 96534921:SNP.GC: <gurobi.Var 27> >= <gurobi.Var EXT_27_96534921:SNP.GC>
M  Contraint for MA[extra] 27 96602621:SNP.CT: <gurobi.Var 27> >= <gurobi.Var EXT_27_96602621:SNP.CT>
M  Contraint for MA[extra] 27 96522560:SNP.CT: <gurobi.Var 27> >= <gurobi.Var EXT_27_96522560:SNP.CT>
M  Contraint for MA[extra] 27 96535123:SNP.AG: <gurobi.Var 27> >= <gurobi.Var EXT_27_96535123:SNP.AG>
M  Contraint for MA[extra] 2B 96521421:SNP.GA: <gurobi.Var 2B> >= <gurobi.Var EXT_2B_96521421:SNP.GA>
M  Objective: <gurobi.LinExpr: C30 + C31 + C32 + C33 + C34 + C35 + C36 + C37 + C38 + C39 + C40 + C41 + C42 + C43 + EXT_27_96541615:SNP.GA + EXT_27_96534921:SNP.GC + EXT_27_96602621:SNP.CT + EXT_27_96522560:SNP.CT + EXT_27_96535123:SNP.AG + EXT_2B_96521421:SNP.GA + W>
M  Contraint for 27: <gurobi.LinExpr: REG_27_96521421:SNP.GA + REG_27_96602622:SNP.AG> = 2 * A_<gurobi.Var 27>
M  Contraint for 2B: <gurobi.LinExpr: REG_2B_96534921:SNP.GC + REG_2B_96541615:SNP.GA + REG_2B_96602621:SNP.CT + REG_2B_96602622:SNP.AG + REG_2B_96535123:SNP.AG> = 5 * A_<gurobi.Var 2B>
M  Contraint for 96541615:SNP.GA: 1 <= <gurobi.QuadExpr: 0.0 + [ REG_2B_96541615:SNP.GA * 2B ]> <= 1
M  Contraint for 96541615:SNP.GA: <gurobi.QuadExpr: 0.0 + [ REG_2B_96541615:SNP.GA * 2B ]> <= 1
M  Contraint for 96522560:SNP.CT: 2 <= <gurobi.QuadExpr: 0.0 + [ REG_2B_96522560:SNP.CT * 2B + EXT_27_96522560:SNP.CT * 27 ]> <= 3
M  Contraint for 96602622:SNP.AG: 1 <= <gurobi.QuadExpr: 0.0 + [ REG_27_96602622:SNP.AG * 27 + REG_2B_96602622:SNP.AG * 2B ]> <= 2
M  Contraint for 96602622:SNP.AG: <gurobi.QuadExpr: 0.0 + [ REG_27_96602622:SNP.AG * 27 + REG_2B_96602622:SNP.AG * 2B ]> <= 2
M  Contraint for 96521421:SNP.GA: 1 <= <gurobi.QuadExpr: 0.0 + [ REG_27_96521421:SNP.GA * 27 ]> <= 2
M  Contraint for 96521421:SNP.GA: <gurobi.QuadExpr: 0.0 + [ REG_27_96521421:SNP.GA * 27 ]> <= 2
M  Contraint for 96602621:SNP.CT: 1 <= <gurobi.QuadExpr: 0.0 + [ REG_2B_96602621:SNP.CT * 2B ]> <= 1
M  Contraint for 96602621:SNP.CT: <gurobi.QuadExpr: 0.0 + [ REG_2B_96602621:SNP.CT * 2B ]> <= 1
M  Contraint for 96535123:SNP.AG: 1 <= <gurobi.QuadExpr: 0.0 + [ REG_2B_96535123:SNP.AG * 2B ]> <= 1
M  Contraint for 96535123:SNP.AG: <gurobi.QuadExpr: 0.0 + [ REG_2B_96535123:SNP.AG * 2B ]> <= 1
M  Contraint for 96534921:SNP.GC: 1 <= <gurobi.QuadExpr: 0.0 + [ REG_2B_96534921:SNP.GC * 2B ]> <= 2
M  Contraint for 96534921:SNP.GC: <gurobi.QuadExpr: 0.0 + [ REG_2B_96534921:SNP.GC * 2B ]> <= 2
CN Solver status: optimal, opt: 70.0
  27: 1
    6.7e 96602622:SNP.AG  936 (100 cp. 2) F
    6.0i 96521421:SNP.GA   56 ( 51 cp. 1) F
  2B: 1
    6.5e 96541615:SNP.GA  149 ( 49 cp. 1) F
    6.7e 96602622:SNP.AG  936 (100 cp. 2) F
    6.2e 96534921:SNP.GC  508 ( 50 cp. 1) F
    6.7e 96602621:SNP.CT  459 ( 49 cp. 1) F
    6.2i 96535123:SNP.AG  355 ( 47 cp. 1) F
    6.1e 96522560:SNP.CT  543 (100 cp. 2) 
Missing:
  27: 1
  2B: 1
Extra:
  27: 1
    6.1e 96522560:SNP.CT  543 (100)   rs17885098   99:C>T
  2B: 1
Time needed: (11.5)
Result is: [('2B', '27')]
