SAM file: bams/PGXT139.bam
File bams/PGXT139.bam has index
Coverage is 271.790559516
== Allele Filter ==
Refining indel 42526656:INS.a: from 1 of 395.0 to 1 (indel:total = 1:249)
Refining indel 42527886:INS.t: from 5 of 123.0 to 10 (indel:total = 5:61)
 6.rep  42521625: DEL.GGGTGGGGAA               11 ( 12%) ~     0 (  0)
 6.rep  42521628: SNP.TG                    4 (  5%) ~     4 (100)
 6.rep  42521634: SNP.AG                    4 (  6%) ~     4 (100)
 6.rep  42521648: SNP.TG                    9 (  8%) ~     5 ( 56)
 6.rep  42521658: SNP.TG                    7 (  5%) ~     2 ( 29)
 6.ins  42522137: INS.tgt                 161 ( 87%) ~     4 (  2)
 6.ins  42522446: SNP.TG                   18 (  7%) ~     0 (  0)
 6.ins  42522482: SNP.GT                   21 (  8%) ~    21 (100)
 6.ins  42522497: SNP.GA                   63 ( 26%) ~    62 ( 98)
 6.7i   42523002: SNP.GA     3790:C>T       6 (  5%) ~     0 (  0)
 6.7i   42523247: INS.t                    20 (  9%) ~    15 ( 75)
 6.7i   42523308: SNP.CT                   30 ( 13%) ~    14 ( 47)
 6.7i   42523314: SNP.TC                   64 ( 23%) ~    15 ( 23)
 6.7i   42523408: SNP.TG     3384:A>C     362 ( 60%) ~    34 (  9)
 6.7e   42523504: SNP.CT     3288:G>A     107 ( 24%) ~    10 (  9)
 6.7e   42523513: SNP.CT                   80 ( 19%) ~    10 ( 12)
 6.7e   42523538: SNP.AG     3254:T>C      70 ( 15%) ~     9 ( 13)
 6.7e   42523557: SNP.TC     3235:A>G      70 ( 16%) ~    11 ( 16)
 6.7e   42523566: SNP.TC     3226:A>G      33 (  7%) ~     4 ( 12)
 6.7e   42523577: SNP.AC                   24 (  5%) ~     1 (  4)
 6.7e   42523635: SNP.CA                   27 (  7%) ~     6 ( 22)
 6.6i   42523742: SNP.CA                   11 (  5%) ~     0 (  0)
 6.6i   42523768: SNP.TC                   15 (  7%) ~     0 (  0)
 6.6i   42523786: SNP.GC                   14 (  7%) ~     0 (  0)
 6.5i   42524079: SNP.TG                   46 ( 21%) ~     2 (  4)
 6.5i   42524081: SNP.AG                   11 (  5%) ~     0 (  0)
 6.5i   42524109: SNP.TC                   12 (  6%) ~     0 (  0)
 6.5i   42524135: SNP.AC                   15 (  7%) ~     0 (  0)
 6.5i   42524139: SNP.AC                   13 (  6%) ~     0 (  0)
 6.5i   42524142: SNP.AC                   22 ( 11%) ~     0 (  0)
 6.4i   42524707: SNP.TC                  240 ( 46%) ~    13 (  5)
 6.4i   42524712: SNP.CG                  264 ( 48%) ~     9 (  3)
 6.4i   42524742: SNP.GA                  347 ( 56%) ~    10 (  3)
 6.4e   42524794: SNP.AG                  419 ( 60%) ~    23 (  5)
 6.4e   42524923: SNP.AG     1869:T>C     254 ( 40%) ~   131 ( 52)
 6.3i   42524974: SNP.CT                   46 ( 11%) ~    24 ( 52)
 6.3i   42524981: SNP.CT                   68 ( 17%) ~    41 ( 60)
 6.2i   42525504: SNP.CG                  328 (100%) ~     0 (  0)
 6.2i   42525505: SNP.GC                  336 (100%) ~     0 (  0)
 6.2i   42525550: SNP.AC                   18 (  6%) ~     0 (  0)
 6.2i   42525694: SNP.AC                   22 (  6%) ~     0 (  0)
 6.2e   42525792: SNP.TG                   22 (  9%) ~     0 (  0)
 6.2e   42525799: SNP.TG                   16 (  7%) ~     0 (  0)
 6.1i   42526060: SNP.TG                   30 (  6%) ~    29 ( 97)
 6.1e   42526691: SNP.TG                   24 (  6%) ~     0 (  0)
 6.1e   42526695: SNP.TG                   43 ( 11%) ~     0 (  0)
 6.0i   42526998: SNP.TG                   10 (  5%) ~     0 (  0)
 6.0i   42527470: SNP.CT     -678:G>A     126 ( 39%) ~   123 ( 98)
 6.0i   42527590: SNP.AC                   14 (  7%) ~     0 (  0)
 6.0i   42527655: SNP.AC                   11 (  7%) ~     0 (  0)
 6.0i   42527886: INS.t      -1094:insA    10 (  8%) ~     0 (  0)
 6.0i   42527975: SNP.TG                    2 (  6%) ~     0 (  0)
 7.rep  42532958: SNP.AG                    2 (100%) ~     2 (100)
 7.rep  42533800: SNP.AG                    5 ( 14%) ~     5 (100)
 7.rep  42533825: SNP.TG                    2 (  7%) ~     2 (100)
 7.rep  42533904: SNP.AG                   57 ( 93%) ~     0 (  0)
 7.rep  42534050: SNP.AG                  219 (100%) ~     0 (  0)
 7.rep  42534074: SNP.GA                  242 (100%) ~     0 (  0)
 7.pce  42534125: SNP.GT                  181 (100%) ~     0 (  0)
 7.pce  42534147: SNP.CT                  130 ( 96%) ~     0 (  0)
 7.pce  42534275: SNP.CG                   20 (100%) ~     0 (  0)
 7.pce  42534681: SNP.TC                    2 (100%) ~     0 (  0)
 7.ins  42535817: SNP.AG                   64 ( 15%) ~     2 (  3)
 7.ins  42536063: SNP.TC                  186 ( 37%) ~     0 (  0)
 7.ins  42536159: SNP.TG                   26 (  7%) ~     2 (  8)
 7.ins  42536195: SNP.GT                  155 ( 41%) ~    33 ( 21)
 7.ins  42536210: SNP.GA                  308 ( 88%) ~    65 ( 21)
 7.9e   42536360: SNP.CG                   20 (  6%) ~     0 (  0)
 7.9e   42536407: SNP.AG                   29 (  6%) ~     1 (  3)
 7.9e   42536410: SNP.TG                   57 ( 12%) ~     1 (  2)
 7.8e   42536652: SNP.TC                   88 ( 11%) ~    52 ( 59)
 7.7i   42536923: SNP.CT                  219 ( 55%) ~    31 ( 14)
 7.7i   42536953: SNP.AG                  160 ( 43%) ~    12 (  8)
 7.7i   42537114: SNP.CT                   74 ( 89%) ~    31 ( 42)
 7.7i   42537119: INS.a                    64 ( 78%) ~    30 ( 47)
 7.7i   42537126: SNP.AG                   90 ( 92%) ~    31 ( 34)
 7.7e   42537195: SNP.TC                  455 (100%) ~    20 (  4)
 7.7e   42537270: SNP.TC                  664 (100%) ~    23 (  3)
 7.7e   42537279: SNP.TC                  317 ( 47%) ~     9 (  3)
 7.6i   42537403: SNP.GC                  532 (100%) ~     1 (  0)
 7.6e   42537596: SNP.AG                  268 (100%) ~     0 (  0)
 7.5i   42537781: SNP.TG                   86 ( 22%) ~     1 (  1)
 7.5i   42537792: SNP.TG                   25 (  6%) ~     1 (  4)
 7.5i   42537837: SNP.AC                   23 (  6%) ~     0 (  0)
 7.5i   42537841: SNP.AC                   31 (  8%) ~     0 (  0)
 7.5i   42537844: SNP.AC                   39 ( 10%) ~     0 (  0)
 7.5i   42537857: SNP.AC                   21 (  5%) ~     0 (  0)
 7.5e   42538028: SNP.AG                  468 (100%) ~     2 (  0)
 7.5e   42538040: DEL.A                   211 ( 48%) ~     1 (  0)
 7.4i   42538102: SNP.TC                  349 (100%) ~     4 (  1)
 7.4i   42538139: SNP.AC                   18 (  5%) ~     0 (  0)
 7.4i   42538228: SNP.GA                  368 (100%) ~     3 (  1)
 7.4i   42538398: SNP.CT                  232 ( 95%) ~    20 (  9)
 7.4i   42538461: SNP.AG                   30 ( 83%) ~    10 ( 33)
 7.4i   42538466: SNP.CT                    4 ( 18%) ~     1 ( 25)
 7.4i   42538466: INS.t                    11 ( 50%) ~     3 ( 27)
 7.4i   42538469: INS.cgg                  11 ( 37%) ~     3 ( 27)
 7.4i   42538469: SNP.TC                   11 ( 37%) ~     3 ( 27)
 7.4i   42538470: INS.ctctc                11 ( 26%) ~     3 ( 27)
 7.4e   42538617: SNP.AG                  486 ( 88%) ~   123 ( 25)
 7.3i   42538668: SNP.CT                  273 ( 54%) ~    19 (  7)
 7.3i   42538703: SNP.GT                  551 (100%) ~    33 (  6)
 7.3e   42538764: SNP.CG                   54 (  7%) ~     0 (  0)
 7.3e   42538773: SNP.TG                   52 (  7%) ~     1 (  2)
 7.3e   42538875: SNP.AT                  455 (100%) ~     0 (  0)
 7.2i   42538896: SNP.AG                  364 (100%) ~     0 (  0)
 7.2i   42538929: SNP.AC                   29 ( 10%) ~     0 (  0)
 7.2i   42539075: SNP.AC                    4 (  6%) ~     0 (  0)
 7.2i   42539089: SNP.TC                    4 (  8%) ~     0 (  0)
 7.2i   42539104: SNP.TC                    3 (  7%) ~     0 (  0)
 7.2i   42539201: SNP.TG                    2 (  7%) ~     0 (  0)
 7.2i   42539227: SNP.AC                    3 (  7%) ~     0 (  0)
 7.2i   42539232: SNP.AC                    3 (  7%) ~     0 (  0)
 7.2i   42539251: SNP.GC                    3 (  5%) ~     0 (  0)
 7.2i   42539398: SNP.AC                   16 (  6%) ~     0 (  0)
 7.1i   42539622: SNP.CA                  538 ( 96%) ~   454 ( 84)
 7.1i   42539719: SNP.CG                  545 (100%) ~   525 ( 96)
 7.1i   42539731: SNP.TG                   32 (  6%) ~    32 (100)
 7.1e   42540357: SNP.AG                   36 (  5%) ~     0 (  0)
 7.1e   42540367: SNP.TG                  110 ( 16%) ~     0 (  0)
 7.1e   42540372: SNP.TG                   36 (  5%) ~     0 (  0)
 7.0i   42540550: SNP.AG                  466 ( 97%) ~     4 (  1)
 7.0i   42541142: SNP.TC                  108 ( 17%) ~   107 ( 99)
 7.0i   42541201: SNP.CT                   49 (  8%) ~    49 (100)
 7.0i   42541262: SNP.AC                   24 (  6%) ~     0 (  0)
 7.0i   42541348: SNP.GA                  230 (100%) ~     0 (  0)
 7.0i   42541625: SNP.TC                    2 ( 10%) ~     0 (  0)
Removing 10B   6.1e 42526693:SNP.GA
Removing 10A   6.1e 42526693:SNP.GA
Removing 10D   6.1e 42526693:SNP.GA
Removing 10DW  6.1e 42526693:SNP.GA
Removing 10BW  6.1e 42526693:SNP.GA
Removing 10AW  6.1e 42526693:SNP.GA
Removing 100   6.1e 42526693:SNP.GA,  6.6e 42523964:DEL.G
Removing 101   6.1e 42526693:SNP.GA,  6.6e 42523847:DEL.CACATCCGGATGTAGGATC
Removing 102   6.2e 42525822:SNP.GA,  6.6e 42523942:SNP.GA
Removing 103   6.2e 42525822:SNP.GA,  6.6e 42523942:SNP.GA
Removing 104   6.3e 42525072:SNP.TA,  6.6e 42523942:SNP.GA
Removing 105   6.6e 42523942:SNP.GA,  6.7e 42523524:SNP.AG
Removing 107   6.3e 42525133:SNP.CT
Removing 109   6.5e 42524175:DEL.CTT,  6.7e 42523609:SNP.CT
Removing 11W   6.1i 42525911:SNP.CG,  6.6e 42523942:SNP.GA,  6.0i 42528381:SNP.GC
Removing 11    6.1i 42525911:SNP.CG,  6.6e 42523942:SNP.GA
Removing 12    6.1e 42526669:SNP.CT,  6.6e 42523942:SNP.GA
Removing 14BW  6.3e 42525034:SNP.CT,  6.6e 42523942:SNP.GA,  6.0i 42528381:SNP.GC
Removing 14AW  6.1e 42526693:SNP.GA,  6.3e 42525034:SNP.CT,  6.6e 42523942:SNP.GA,  6.0i 42528381:SNP.GC
Removing 14B   6.3e 42525034:SNP.CT,  6.6e 42523942:SNP.GA
Removing 14A   6.1e 42526693:SNP.GA,  6.3e 42525034:SNP.CT,  6.6e 42523942:SNP.GA
Removing 15    6.1e 42526656:INS.a
Removing 17    6.2e 42525771:SNP.GA,  6.6e 42523942:SNP.GA
Removing 17W   6.2e 42525771:SNP.GA,  6.6e 42523942:SNP.GA
Removing 18    6.9e 42522667:INS.agtgggcac
Removing 19    6.5e 42524250:DEL.AGTT,  6.6e 42523942:SNP.GA
Removing 2KW   6.6e 42523942:SNP.GA,  6.0i 42528381:SNP.GC
Removing 2D    6.6e 42523942:SNP.GA
Removing 2E    6.6e 42523942:SNP.GA
Removing 2F    6.6e 42523942:SNP.GA
Removing 2G    6.6e 42523942:SNP.GA
Removing 2A    6.0i 42528381:SNP.GC,  6.6e 42523942:SNP.GA
Removing 2B    6.6e 42523942:SNP.GA
Removing 2C    6.6e 42523942:SNP.GA
Removing 2L    6.6e 42523942:SNP.GA
Removing 2M    6.6e 42523942:SNP.GA
Removing 2H    6.6e 42523942:SNP.GA
Removing 2K    6.6e 42523942:SNP.GA
Removing 2CW   6.6e 42523942:SNP.GA,  6.0i 42528381:SNP.GC
Removing 2AW   6.0i 42528381:SNP.GC,  6.6e 42523942:SNP.GA
Removing 2FW   6.6e 42523942:SNP.GA,  6.0i 42528381:SNP.GC
Removing 2HW   6.6e 42523942:SNP.GA,  6.0i 42528381:SNP.GC
Removing 2DW   6.6e 42523942:SNP.GA,  6.0i 42528381:SNP.GC
Removing 2GW   6.6e 42523942:SNP.GA,  6.0i 42528381:SNP.GC
Removing 2MW   6.6e 42523942:SNP.GA,  6.0i 42528381:SNP.GC
Removing 2BW   6.6e 42523942:SNP.GA,  6.0i 42528381:SNP.GC
Removing 2LW   6.6e 42523942:SNP.GA,  6.0i 42528381:SNP.GC
Removing 2EW   6.6e 42523942:SNP.GA,  6.0i 42528381:SNP.GC
Removing 20    6.4e 42524819:INS.c,  6.4e 42524814:SNP.GA,  6.4e 42524813:SNP.AG,  6.6e 42523942:SNP.GA
Removing 21B   6.0i 42528381:SNP.GC,  6.5e 42524213:INS.g,  6.6e 42523942:SNP.GA
Removing 21A   6.0i 42528381:SNP.GC,  6.5e 42524213:INS.g,  6.6e 42523942:SNP.GA
Removing 22    6.1e 42526711:SNP.GA
Removing 23    6.2e 42525837:SNP.GA
Removing 24    6.6e 42523939:SNP.TG
Removing 25    6.7e 42523594:SNP.GC
Removing 26    6.7e 42523515:SNP.AG
Removing 27    6.8e 42522939:SNP.CT
Removing 28    6.1e 42526774:SNP.CT,  6.3e 42525088:SNP.GC,  6.6e 42523942:SNP.GA
Removing 28W   6.1e 42526774:SNP.CT,  6.3e 42525088:SNP.GC,  6.6e 42523942:SNP.GA,  6.0i 42528381:SNP.GC
Removing 29    6.3e 42525133:SNP.CT,  6.6e 42523942:SNP.GA,  6.7e 42523609:SNP.CT
Removing 3B    6.5e 42524243:DEL.T
Removing 3A    6.5e 42524243:DEL.T
Removing 30    6.4e 42524929:INS.ggggcgaaa,  6.6e 42523942:SNP.GA
Removing 31    6.0i 42528381:SNP.GC,  6.6e 42523942:SNP.GA,  6.9e 42522750:SNP.CT
Removing 32    6.6e 42523942:SNP.GA,  6.8e 42522939:SNP.CT
Removing 33    6.5e 42524309:SNP.CA
Removing 34    6.6e 42523942:SNP.GA
Removing 35B   6.0i 42528381:SNP.GC,  6.1e 42526762:SNP.CT,  6.6e 42523942:SNP.GA
Removing 35A   6.0i 42528381:SNP.GC,  6.1e 42526762:SNP.CT,  6.6e 42523942:SNP.GA
Removing 36    6.1e 42526693:SNP.GA
Removing 37    6.1e 42526693:SNP.GA,  6.4e 42524849:SNP.CT
Removing 38    6.5e 42524202:DEL.AGTC
Removing 4GW   6.1e 42526693:SNP.GA,  6.2e 42525820:SNP.GT,  6.2e 42525810:SNP.TC,  6.3i 42524946:SNP.CT,  6.6e 42523854:SNP.GA
Removing 4HW   6.1e 42526693:SNP.GA,  6.2e 42525820:SNP.GT,  6.2e 42525810:SNP.TC,  6.3i 42524946:SNP.CT,  6.8e 42522915:SNP.CG
Removing 4FW   6.1e 42526693:SNP.GA,  6.2e 42525820:SNP.GT,  6.2e 42525810:SNP.TC,  6.3i 42524946:SNP.CT,  6.4e 42524934:SNP.GA
Removing 4KW   6.1e 42526693:SNP.GA,  6.3i 42524946:SNP.CT,  6.6e 42523942:SNP.GA
Removing 4AW   6.1e 42526693:SNP.GA,  6.2e 42525820:SNP.GT,  6.2e 42525810:SNP.TC,  6.3i 42524946:SNP.CT
Removing 4N    6.1e 42526693:SNP.GA,  6.2e 42525820:SNP.GT,  6.2e 42525810:SNP.TC,  6.3i 42524946:SNP.CT
Removing 4M    6.2e 42525820:SNP.GT,  6.2e 42525810:SNP.TC,  6.3i 42524946:SNP.CT
Removing 4J    6.1e 42526693:SNP.GA,  6.2e 42525820:SNP.GT,  6.2e 42525810:SNP.TC,  6.3i 42524946:SNP.CT
Removing 4K    6.1e 42526693:SNP.GA,  6.3i 42524946:SNP.CT,  6.6e 42523942:SNP.GA
Removing 4H    6.1e 42526693:SNP.GA,  6.2e 42525820:SNP.GT,  6.2e 42525810:SNP.TC,  6.3i 42524946:SNP.CT,  6.8e 42522915:SNP.CG
Removing 4CW   6.1e 42526693:SNP.GA,  6.3i 42524946:SNP.CT,  6.8e 42522905:SNP.AG
Removing 4D    6.1e 42526693:SNP.GA,  6.3i 42524946:SNP.CT
Removing 4LW   6.1e 42526693:SNP.GA,  6.3i 42524946:SNP.CT
Removing 4B    6.1e 42526693:SNP.GA,  6.2e 42525820:SNP.GT,  6.2e 42525810:SNP.TC,  6.3i 42524946:SNP.CT
Removing 4A    6.1e 42526693:SNP.GA,  6.2e 42525820:SNP.GT,  6.2e 42525810:SNP.TC,  6.3i 42524946:SNP.CT
Removing 4BW   6.1e 42526693:SNP.GA,  6.2e 42525820:SNP.GT,  6.2e 42525810:SNP.TC,  6.3i 42524946:SNP.CT
Removing 4JW   6.1e 42526693:SNP.GA,  6.2e 42525820:SNP.GT,  6.2e 42525810:SNP.TC,  6.3i 42524946:SNP.CT
Removing 4L    6.1e 42526693:SNP.GA,  6.3i 42524946:SNP.CT
Removing 4EW   6.1e 42526693:SNP.GA,  6.3i 42524946:SNP.CT
Removing 4P    6.1e 42526693:SNP.GA,  6.2e 42525820:SNP.GT,  6.2e 42525810:SNP.TC,  6.3i 42524946:SNP.CT,  6.5e 42524216:SNP.GA
Removing 4F    6.1e 42526693:SNP.GA,  6.2e 42525820:SNP.GT,  6.2e 42525810:SNP.TC,  6.3i 42524946:SNP.CT,  6.4e 42524934:SNP.GA
Removing 4G    6.1e 42526693:SNP.GA,  6.2e 42525820:SNP.GT,  6.2e 42525810:SNP.TC,  6.3i 42524946:SNP.CT,  6.6e 42523854:SNP.GA
Removing 4E    6.1e 42526693:SNP.GA,  6.3i 42524946:SNP.CT
Removing 4DW   6.1e 42526693:SNP.GA,  6.3i 42524946:SNP.CT
Removing 4C    6.1e 42526693:SNP.GA,  6.3i 42524946:SNP.CT,  6.8e 42522905:SNP.AG
Removing 40    6.2e 42525771:SNP.GA,  6.4e 42524929:INS.ggggcgaaaggggcgaaa,  6.6e 42523942:SNP.GA
Removing 41    6.6e 42523942:SNP.GA,  6.6i 42523804:SNP.CT
Removing 42    6.6e 42523942:SNP.GA,  6.7e 42523533:INS.ac
Removing 43    6.1e 42526716:SNP.CT
Removing 44    6.1e 42526711:SNP.GA,  6.6i 42523842:SNP.CG
Removing 45A   6.3e 42525076:SNP.CT,  6.6e 42523942:SNP.GA
Removing 45B   6.3e 42525076:SNP.CT,  6.6e 42523942:SNP.GA
Removing 46    6.1e 42526716:SNP.CT,  6.3e 42525076:SNP.CT,  6.6e 42523942:SNP.GA
Removing 47    6.1e 42526720:SNP.GA,  6.1e 42526693:SNP.GA
Removing 48    6.2e 42525822:SNP.GA
Removing 49    6.1e 42526693:SNP.GA,  6.3e 42525181:SNP.AT
Removing 50    6.3e 42525072:SNP.TG
Removing 51    6.0i 42528381:SNP.GC,  6.6e 42523942:SNP.GA,  6.7e 42523620:SNP.TG
Removing 52    6.1e 42526693:SNP.GA,  6.8e 42522915:SNP.CT
Removing 53    6.3e 42525181:SNP.AT,  6.3e 42525175:SNP.CA
Removing 54    6.1e 42526693:SNP.GA,  6.5e 42524236:SNP.GA
Removing 55    6.6e 42523942:SNP.GA,  6.8e 42522957:SNP.TG
Removing 56A   6.0i 42528381:SNP.GC,  6.6e 42523942:SNP.GA,  6.7e 42523591:SNP.GA
Removing 56B   6.1e 42526693:SNP.GA,  6.7e 42523591:SNP.GA
Removing 57    6.1e 42526693:SNP.GA,  6.2e 42525907:SNP.GA
Removing 58    6.2e 42525771:SNP.GA,  6.4e 42524929:INS.ggggcgaaa,  6.6e 42523942:SNP.GA
Removing 59    6.6e 42523942:SNP.GA,  6.6e 42523853:SNP.CT
Removing 6A    6.3e 42525085:DEL.A
Removing 6B    6.3e 42525085:DEL.A,  6.4e 42524816:SNP.CT
Removing 6C    6.3e 42525085:DEL.A,  6.4e 42524816:SNP.CT
Removing 6D    6.3e 42525085:DEL.A
Removing 60    6.4e 42524905:INS.ta
Removing 62    6.9e 42522748:SNP.GA
Removing 63    6.0i 42528381:SNP.GC,  6.6e 42523942:SNP.GA
Removing 64    6.1e 42526693:SNP.GA,  6.2e 42525771:SNP.GA
Removing 65    6.1e 42526693:SNP.GA,  6.6e 42523942:SNP.GA
Removing 68    6.1e 42526693:SNP.GA
Removing 69    6.1e 42526693:SNP.GA,  6.6e 42523942:SNP.GA,  6.6i 42523804:SNP.CT
Removing 7     6.6e 42523857:SNP.TG
Removing 70    6.3e 42525184:SNP.CT,  6.3e 42525133:SNP.CT,  6.7e 42523609:SNP.CT
Removing 71    6.0i 42528381:SNP.GC,  6.1e 42526668:SNP.CT
Removing 72    6.1e 42526693:SNP.GA,  6.7e 42523474:SNP.CT
Removing 73    6.2e 42525781:SNP.CT,  6.6e 42523942:SNP.GA
Removing 74    6.2e 42525820:SNP.GT
Removing 75    6.9e 42522747:SNP.CT
Removing 8     6.3e 42525034:SNP.CA,  6.6e 42523942:SNP.GA
Removing 81    6.5e 42524213:SNP.GA,  6.5e 42524186:SNP.CT,  6.5e 42524182:SNP.AT
Removing 82    6.2e 42525820:SNP.GT,  6.2e 42525810:SNP.TC,  6.2e 42525780:SNP.AG,  6.2e 42525772:SNP.TA,  6.2e 42525771:SNP.GT,  6.2e 42525766:SNP.TC
Removing 84    6.5e 42524218:SNP.GT,  6.6e 42523942:SNP.GA
Removing 85    6.6e 42523942:SNP.GA,  6.9e 42522635:SNP.AC
Removing 86    6.5e 42524186:SNP.CT,  6.5e 42524182:SNP.AT
Removing 87    6.1e 42526779:SNP.GA,  6.1e 42526693:SNP.GA
Removing 88    6.2e 42525780:SNP.AG
Removing 89    6.3e 42525114:SNP.AG
Removing 9     6.5e 42524175:DEL.CTT
Removing 91    6.3e 42525057:SNP.CG,  6.6e 42523942:SNP.GA,  6.6i 42523804:SNP.CT
Removing 92    6.4e 42524797:DEL.G
Removing 93    6.5e 42524273:SNP.TG
Removing 94B   6.1e 42526693:SNP.GA,  6.7e 42523611:SNP.TC
Removing 94A   6.1e 42526693:SNP.GA,  6.7e 42523611:SNP.TC
Removing 95    6.1e 42526693:SNP.GA,  6.7e 42523458:SNP.CT
Removing 96    6.8e 42522897:SNP.GA
Removing 97    6.9e 42522698:SNP.GT
Removing 98    6.6e 42523942:SNP.GA,  6.9e 42522682:SNP.GC
Initial status
  CYP2D6.1B
    6.8e           42522964:SNP.CT    0 (  0)   3828:G>A
  CYP2D6.1E
    6.4e           42524923:SNP.AG  254 ( 40)   1869:T>C
  CYP2D6.1C
    6.4e           42524814:SNP.GA    0 (  0)   1978:C>T
  CYP2D6.1D
    6.5e           42524217:SNP.GT    0 (  0)   2575:C>A
  CYP2D6.1
  CYP2D6.108
    6.7e           42523557:SNP.TC   70 ( 16) F 3235:A>G
    6.7e           42523566:SNP.TC   33 (  7) F 3226:A>G
  CYP2D6.13$1
  CYP2D6.16$1
  CYP2D6.39
    6.9e           42522612:SNP.CG    8 (  3) F 4180:G>C
    6.3e           42525131:SNP.CG   11 (  3)   1661:G>C
  CYP2D6.5
  CYP2D6.61
  CYP2D6.67$1
  CYP2D6.76$1
  CYP2D6.77$1
  CYP2D6.78$1
  CYP2D6.79$1
  CYP2D6.80$1
  CYP2D6.83
    6.1i           42525951:SNP.AC   21 (  4)   843:T>G
  CYP2D6.90
    6.3e           42525099:SNP.TC   10 (  3) F 1693:A>G
== Copy Number Estimator ==
CNV factor: 2.74759158529 (0.363955110851)
Coverage per region
  region:  2D6  2D7
  0i   :  1.00  1.74 
  1e   :  0.94  1.66 = -0.72
  1i   :  1.32  1.52 = -0.19
  2e   :  1.44  2.07 = -0.63
  2i   :  0.95  2.20 = -1.25
  3e   :  1.01  1.75 = -0.74
  3i   :  1.13  1.80 
  4e   :  1.21  1.41 
  4i   :  1.21  1.95 
  5e   :  1.00  2.06 = -1.06
  5i   :  0.83  2.07 = -1.24
  6e   :  0.84  2.27 = -1.43
  6i   :  0.97  1.67 = -0.71
  7e   :  0.85  1.26 
  7i   :  1.11  1.53 
  8e   :  0.78  2.07 
  8i   :  1.24  2.01 
  9e   :  1.04  1.80 = -0.76
  ins  :  1.04  1.51 
  pce  :  0.00  1.99 = -1.99
  rep  :  1.17  1.70 
Max. CN = 2
M  Sentinel contraint for 61: A_61^ <= A_61
M  Sentinel contraint for 67: A_67^ <= A_67
M  Sentinel contraint for 80: A_80^ <= A_80
M  Sentinel contraint for 1: A_1^ <= A_1
M  Sentinel contraint for 5: A_5^ <= A_5
M  Sentinel contraint for 77: A_77^ <= A_77
M  Sentinel contraint for 76: A_76^ <= A_76
M  Sentinel contraint for 79: A_79^ <= A_79
M  Sentinel contraint for 78: A_78^ <= A_78
M  Sentinel contraint for 13: A_13^ <= A_13
M  Sentinel contraint for 16: A_16^ <= A_16
M  Sentinel contraint for 36: A_36^ <= A_36
M  Sentinel contraint for 36: A_36_2 <= A_36
M  Contraint for 6e: -1.42654341895 == E_6e + <gurobi.LinExpr: 0.0 A5^ + -1.0 A5^ + A78^ + -0.0 A78^ + A1^ + -1.0 A1^ + A61 + -1.0 A61 + A80^ + -0.0 A80^ + A67 + -0.0 A67 + A80 + -0.0 A80 + A67^ + -0.0 A67^ + A61^ + -1.0 A61^ + 0.0 A77^ + -1.0 A77^ + A1 + -1.0 A1 + 0.0 A16^ + -1.0 A16^ + 0.0 A5 + -1.0 A5 + A36_2 + -0.0 A36_2 + A79^ + -0.0 A79^ + 0.0 A77 + -1.0 A77 + 0.0 A76 + -1.0 A76 + A79 + -0.0 A79 + A78 + -0.0 A78 + A36^ + -1.0 A36^ + A13 + -0.0 A13 + 0.0 A76^ + -1.0 A76^ + 0.0 A16 + -1.0 A16 + A36 + -1.0 A36 + A13^ + -0.0 A13^ + A1_2 + -0.0 A1_2>
M  Contraint for 5e: -1.05938728572 == E_5e + <gurobi.LinExpr: 0.0 A5^ + -1.0 A5^ + A78^ + -0.0 A78^ + A1^ + -1.0 A1^ + A61 + -1.0 A61 + A80^ + -0.0 A80^ + 0.5 A67 + -0.5 A67 + A80 + -0.0 A80 + 0.5 A67^ + -0.5 A67^ + A61^ + -1.0 A61^ + 0.0 A77^ + -1.0 A77^ + A1 + -1.0 A1 + 0.0 A16^ + -1.0 A16^ + 0.0 A5 + -1.0 A5 + A36_2 + -0.0 A36_2 + A79^ + -0.0 A79^ + 0.0 A77 + -1.0 A77 + 0.0 A76 + -1.0 A76 + A79 + -0.0 A79 + A78 + -0.0 A78 + A36^ + -1.0 A36^ + A13 + -0.0 A13 + 0.0 A76^ + -1.0 A76^ + 0.0 A16 + -1.0 A16 + A36 + -1.0 A36 + A13^ + -0.0 A13^ + A1_2 + -0.0 A1_2>
M  Contraint for 6i: -0.707523641534 == E_6i + <gurobi.LinExpr: 0.0 A5^ + -1.0 A5^ + A78^ + -0.0 A78^ + A1^ + -1.0 A1^ + A61 + -1.0 A61 + A80^ + -0.0 A80^ + A67 + -0.0 A67 + A80 + -0.0 A80 + A67^ + -0.0 A67^ + A61^ + -1.0 A61^ + 0.0 A77^ + -1.0 A77^ + A1 + -1.0 A1 + 0.0 A16^ + -1.0 A16^ + 0.0 A5 + -1.0 A5 + A36_2 + -0.0 A36_2 + A79^ + -0.0 A79^ + 0.0 A77 + -1.0 A77 + 0.0 A76 + -1.0 A76 + A79 + -0.0 A79 + A78 + -0.0 A78 + A36^ + -1.0 A36^ + A13 + -0.0 A13 + 0.0 A76^ + -1.0 A76^ + 0.0 A16 + -1.0 A16 + A36 + -1.0 A36 + A13^ + -0.0 A13^ + A1_2 + -0.0 A1_2>
M  Contraint for 9e: -0.761592992215 == E_9e + <gurobi.LinExpr: 0.0 A5^ + -1.0 A5^ + A78^ + -0.0 A78^ + A1^ + -1.0 A1^ + 0.0 A61 + -2.0 A61 + A80^ + -0.0 A80^ + A67 + -0.0 A67 + A80 + -0.0 A80 + A67^ + -0.0 A67^ + 0.0 A61^ + -2.0 A61^ + A77^ + -0.0 A77^ + A1 + -1.0 A1 + A16^ + -0.0 A16^ + 0.0 A5 + -1.0 A5 + 0.0 A36_2 + -1.0 A36_2 + A79^ + -0.0 A79^ + A77 + -0.0 A77 + 0.5 A76 + -0.5 A76 + A79 + -0.0 A79 + A78 + -0.0 A78 + 0.0 A36^ + -2.0 A36^ + A13 + -0.0 A13 + 0.5 A76^ + -0.5 A76^ + A16 + -0.0 A16 + 0.0 A36 + -2.0 A36 + A13^ + -0.0 A13^ + A1_2 + -0.0 A1_2>
M  Contraint for 2e: -0.628903539642 == E_2e + <gurobi.LinExpr: 0.0 A5^ + -1.0 A5^ + 0.0 A78^ + -1.0 A78^ + A1^ + -1.0 A1^ + A61 + -1.0 A61 + 0.0 A80^ + -1.0 A80^ + 0.0 A67 + -1.0 A67 + 0.0 A80 + -1.0 A80 + 0.0 A67^ + -1.0 A67^ + A61^ + -1.0 A61^ + 0.0 A77^ + -1.0 A77^ + A1 + -1.0 A1 + 0.0 A16^ + -1.0 A16^ + 0.0 A5 + -1.0 A5 + A36_2 + -0.0 A36_2 + 0.5 A79^ + -0.5 A79^ + 0.0 A77 + -1.0 A77 + 0.0 A76 + -1.0 A76 + 0.5 A79 + -0.5 A79 + 0.0 A78 + -1.0 A78 + A36^ + -1.0 A36^ + A13 + -0.0 A13 + 0.0 A76^ + -1.0 A76^ + 0.0 A16 + -1.0 A16 + A36 + -1.0 A36 + A13^ + -0.0 A13^ + A1_2 + -0.0 A1_2>
M  Contraint for 1e: -0.715967124314 == E_1e + <gurobi.LinExpr: 0.0 A5^ + -1.0 A5^ + 0.0 A78^ + -1.0 A78^ + A1^ + -1.0 A1^ + A61 + -1.0 A61 + 0.0 A80^ + -1.0 A80^ + 0.0 A67 + -1.0 A67 + 0.0 A80 + -1.0 A80 + 0.0 A67^ + -1.0 A67^ + A61^ + -1.0 A61^ + 0.0 A77^ + -1.0 A77^ + A1 + -1.0 A1 + 0.0 A16^ + -1.0 A16^ + 0.0 A5 + -1.0 A5 + A36_2 + -0.0 A36_2 + 0.0 A79^ + -1.0 A79^ + 0.0 A77 + -1.0 A77 + 0.0 A76 + -1.0 A76 + 0.0 A79 + -1.0 A79 + 0.0 A78 + -1.0 A78 + A36^ + -1.0 A36^ + 0.0 A13 + -1.0 A13 + 0.0 A76^ + -1.0 A76^ + 0.0 A16 + -1.0 A16 + A36 + -1.0 A36 + 0.0 A13^ + -1.0 A13^ + A1_2 + -0.0 A1_2>
M  Contraint for 1i: -0.193909936652 == E_1i + <gurobi.LinExpr: 0.0 A5^ + -1.0 A5^ + 0.0 A78^ + -1.0 A78^ + A1^ + -1.0 A1^ + A61 + -1.0 A61 + 0.0 A80^ + -1.0 A80^ + 0.0 A67 + -1.0 A67 + 0.0 A80 + -1.0 A80 + 0.0 A67^ + -1.0 A67^ + A61^ + -1.0 A61^ + 0.0 A77^ + -1.0 A77^ + A1 + -1.0 A1 + 0.0 A16^ + -1.0 A16^ + 0.0 A5 + -1.0 A5 + A36_2 + -0.0 A36_2 + 0.0 A79^ + -1.0 A79^ + 0.0 A77 + -1.0 A77 + 0.0 A76 + -1.0 A76 + 0.0 A79 + -1.0 A79 + 0.0 A78 + -1.0 A78 + A36^ + -1.0 A36^ + 0.5 A13 + -0.5 A13 + 0.0 A76^ + -1.0 A76^ + 0.0 A16 + -1.0 A16 + A36 + -1.0 A36 + 0.5 A13^ + -0.5 A13^ + A1_2 + -0.0 A1_2>
M  Contraint for 5i: -1.2448148214 == E_5i + <gurobi.LinExpr: 0.0 A5^ + -1.0 A5^ + A78^ + -0.0 A78^ + A1^ + -1.0 A1^ + A61 + -1.0 A61 + A80^ + -0.0 A80^ + A67 + -0.0 A67 + A80 + -0.0 A80 + A67^ + -0.0 A67^ + A61^ + -1.0 A61^ + 0.0 A77^ + -1.0 A77^ + A1 + -1.0 A1 + 0.0 A16^ + -1.0 A16^ + 0.0 A5 + -1.0 A5 + A36_2 + -0.0 A36_2 + A79^ + -0.0 A79^ + 0.0 A77 + -1.0 A77 + 0.0 A76 + -1.0 A76 + A79 + -0.0 A79 + A78 + -0.0 A78 + A36^ + -1.0 A36^ + A13 + -0.0 A13 + 0.0 A76^ + -1.0 A76^ + 0.0 A16 + -1.0 A16 + A36 + -1.0 A36 + A13^ + -0.0 A13^ + A1_2 + -0.0 A1_2>
M  Contraint for 2i: -1.24848672829 == E_2i + <gurobi.LinExpr: 0.0 A5^ + -1.0 A5^ + 0.0 A78^ + -1.0 A78^ + A1^ + -1.0 A1^ + A61 + -1.0 A61 + 0.5 A80^ + -0.5 A80^ + 0.0 A67 + -1.0 A67 + 0.5 A80 + -0.5 A80 + 0.0 A67^ + -1.0 A67^ + A61^ + -1.0 A61^ + 0.0 A77^ + -1.0 A77^ + A1 + -1.0 A1 + 0.0 A16^ + -1.0 A16^ + 0.0 A5 + -1.0 A5 + A36_2 + -0.0 A36_2 + A79^ + -0.0 A79^ + 0.0 A77 + -1.0 A77 + 0.0 A76 + -1.0 A76 + A79 + -0.0 A79 + 0.0 A78 + -1.0 A78 + A36^ + -1.0 A36^ + A13 + -0.0 A13 + 0.0 A76^ + -1.0 A76^ + 0.0 A16 + -1.0 A16 + A36 + -1.0 A36 + A13^ + -0.0 A13^ + A1_2 + -0.0 A1_2>
M  Contraint for 3e: -0.735310802254 == E_3e + <gurobi.LinExpr: 0.0 A5^ + -1.0 A5^ + 0.0 A78^ + -1.0 A78^ + A1^ + -1.0 A1^ + A61 + -1.0 A61 + A80^ + -0.0 A80^ + 0.0 A67 + -1.0 A67 + A80 + -0.0 A80 + 0.0 A67^ + -1.0 A67^ + A61^ + -1.0 A61^ + 0.0 A77^ + -1.0 A77^ + A1 + -1.0 A1 + 0.0 A16^ + -1.0 A16^ + 0.0 A5 + -1.0 A5 + A36_2 + -0.0 A36_2 + A79^ + -0.0 A79^ + 0.0 A77 + -1.0 A77 + 0.0 A76 + -1.0 A76 + A79 + -0.0 A79 + 0.0 A78 + -1.0 A78 + A36^ + -1.0 A36^ + A13 + -0.0 A13 + 0.0 A76^ + -1.0 A76^ + 0.0 A16 + -1.0 A16 + A36 + -1.0 A36 + A13^ + -0.0 A13^ + A1_2 + -0.0 A1_2>
M  Contraint for pce: -1.99346377066 == E_pce + <gurobi.LinExpr: 0.0 A5^ + -1.0 A5^ + A78^ + -0.0 A78^ + 0.0 A1^ + -1.0 A1^ + 0.0 A61 + -2.0 A61 + A80^ + -0.0 A80^ + A67 + -0.0 A67 + A80 + -0.0 A80 + A67^ + -0.0 A67^ + 0.0 A61^ + -2.0 A61^ + A77^ + -0.0 A77^ + 0.0 A1 + -1.0 A1 + A16^ + -0.0 A16^ + 0.0 A5 + -1.0 A5 + 0.0 A36_2 + -1.0 A36_2 + A79^ + -0.0 A79^ + A77 + -0.0 A77 + A76 + -0.0 A76 + A79 + -0.0 A79 + A78 + -0.0 A78 + 0.0 A36^ + -2.0 A36^ + A13 + -0.0 A13 + A76^ + -0.0 A76^ + A16 + -0.0 A16 + 0.0 A36 + -2.0 A36 + A13^ + -0.0 A13^ + 0.0 A1_2 + -0.0 A1_2>
M  Objective: <gurobi.LinExpr: C37 + C38 + C39 + C40 + C41 + C42 + C43 + C44 + C45 + C46 + 1.5 C47 + 0.5 A5^ + 0.5 A78^ + 0.5 A1^ + 0.5 A61 + 0.5 A80^ + 0.5 A67 + 0.5 A80 + 0.5 A67^ + 0.5 A61^ + 0.5 A77^ + 0.5 A1 + 0.5 A16^ + 0.5 A5 + 0.5 A36_2 + 0.5 A79^ + 0.5 A77 + 0.5 A76 + 0.5 A79 + 0.5 A78 + 0.5 A36^ + 0.5 A13 + 0.5 A76^ + 0.5 A16 + 0.5 A36 + 0.5 A13^ + 0.5 A1_2 + 0.1 A78^ + 0.1 A80^ + 0.1 A67 + 0.1 A80 + 0.1 A67^ + 0.1 A77^ + 0.1 A16^ + 0.1 A79^ + 0.1 A77 + 0.1 A76 + 0.1 A79 + 0.1 A78 + 0.1 A13 + 0.1 A76^ + 0.1 A16 + 0.1 A13^>
CN Solver status: optimal, opt: 4.24582856177
  Solutions:
    ('1', '5')
== Initial Solver ==
Solving Counter({'1': 1})
Extra Removing 108   6.7e 42523566:SNP.TC,  6.7e 42523557:SNP.TC
Extra Removing 13$108  6.7e 42523566:SNP.TC,  6.7e 42523557:SNP.TC
Extra Removing 13$39  6.9e 42522612:SNP.CG
Extra Removing 13$90  6.3e 42525099:SNP.TC
Extra Removing 16$39  6.9e 42522612:SNP.CG
Extra Removing 16$108  6.7e 42523566:SNP.TC,  6.7e 42523557:SNP.TC
Extra Removing 39    6.9e 42522612:SNP.CG
Extra Removing 67$108  6.7e 42523566:SNP.TC,  6.7e 42523557:SNP.TC
Extra Removing 67$39  6.9e 42522612:SNP.CG
Extra Removing 76$39  6.9e 42522612:SNP.CG
Extra Removing 77$39  6.9e 42522612:SNP.CG
Extra Removing 78$39  6.9e 42522612:SNP.CG
Extra Removing 78$108  6.7e 42523566:SNP.TC,  6.7e 42523557:SNP.TC
Extra Removing 79$90  6.3e 42525099:SNP.TC
Extra Removing 79$108  6.7e 42523566:SNP.TC,  6.7e 42523557:SNP.TC
Extra Removing 79$39  6.9e 42522612:SNP.CG
Extra Removing 80$90  6.3e 42525099:SNP.TC
Extra Removing 80$39  6.9e 42522612:SNP.CG
Extra Removing 80$108  6.7e 42523566:SNP.TC,  6.7e 42523557:SNP.TC
Extra Removing 90    6.3e 42525099:SNP.TC
Possible candidates:
  CYP2D6.1
M  Max. CN for 1 = 1
M  CN contraint for 1: 1 == <gurobi.LinExpr: 1>
M  Objective: 0
CN Solver status: optimal, opt: 0.0
  solution:
    ('1',)
[32;01mCopy number best structures:[39;49;00m
[32;01m  (1) 1x*1-like[39;49;00m
== Refiner ==
Refining ('1',)
M  CN constraint for 1: 1 == <gurobi.LinExpr: 1 + 1C + 1B + 1E + 1D>
M  Contraint for 42524814:REF 6.4e: 686 == <gurobi.QuadExpr: 686.0 1 + 686.0 1C + 686.0 1B + 686.0 1E + 686.0 1D + [ -686.0 EXT_1_42524814:SNP.GA * 1 + -686.0 REG_1C_42524814:SNP.GA * 1C + -686.0 EXT_1B_42524814:SNP.GA * 1B + -686.0 EXT_1E_42524814:SNP.GA * 1E + -686.0 EXT_1D_42524814:SNP.GA * 1D ]> + err
M  Contraint for 42524923:SNP.AG 6.4e: 0 == <gurobi.QuadExpr: 0.0 + [ 375.0 EXT_1_42524923:SNP.AG * 1 + 375.0 EXT_1C_42524923:SNP.AG * 1C + 375.0 EXT_1B_42524923:SNP.AG * 1B + 375.0 REG_1E_42524923:SNP.AG * 1E + 375.0 EXT_1D_42524923:SNP.AG * 1D ]> + err
M  Contraint for 42522964:SNP.CT 6.8e: 0 == <gurobi.QuadExpr: 0.0 + [ 227.0 EXT_1_42522964:SNP.CT * 1 + 227.0 EXT_1C_42522964:SNP.CT * 1C + 227.0 REG_1B_42522964:SNP.CT * 1B + 227.0 EXT_1E_42522964:SNP.CT * 1E + 227.0 EXT_1D_42522964:SNP.CT * 1D ]> + err
M  Contraint for 42524814:SNP.GA 6.4e: 0 == <gurobi.QuadExpr: 0.0 + [ 686.0 EXT_1_42524814:SNP.GA * 1 + 686.0 REG_1C_42524814:SNP.GA * 1C + 686.0 EXT_1B_42524814:SNP.GA * 1B + 686.0 EXT_1E_42524814:SNP.GA * 1E + 686.0 EXT_1D_42524814:SNP.GA * 1D ]> + err
M  Contraint for 42522964:REF 6.8e: 227 == <gurobi.QuadExpr: 227.0 1 + 227.0 1C + 227.0 1B + 227.0 1E + 227.0 1D + [ -227.0 EXT_1_42522964:SNP.CT * 1 + -227.0 EXT_1C_42522964:SNP.CT * 1C + -227.0 REG_1B_42522964:SNP.CT * 1B + -227.0 EXT_1E_42522964:SNP.CT * 1E + -227.0 EXT_1D_42522964:SNP.CT * 1D ]> + err
M  Contraint for 42524217:SNP.GT 6.5e: 0 == <gurobi.QuadExpr: 0.0 + [ 188.0 EXT_1_42524217:SNP.GT * 1 + 188.0 EXT_1C_42524217:SNP.GT * 1C + 188.0 EXT_1B_42524217:SNP.GT * 1B + 188.0 EXT_1E_42524217:SNP.GT * 1E + 188.0 REG_1D_42524217:SNP.GT * 1D ]> + err
M  Contraint for 42524923:REF 6.4e: 375 == <gurobi.QuadExpr: 375.0 1 + 375.0 1C + 375.0 1B + 375.0 1E + 375.0 1D + [ -375.0 EXT_1_42524923:SNP.AG * 1 + -375.0 EXT_1C_42524923:SNP.AG * 1C + -375.0 EXT_1B_42524923:SNP.AG * 1B + -375.0 REG_1E_42524923:SNP.AG * 1E + -375.0 EXT_1D_42524923:SNP.AG * 1D ]> + err
M  Contraint for 42524217:REF 6.5e: 188 == <gurobi.QuadExpr: 188.0 1 + 188.0 1C + 188.0 1B + 188.0 1E + 188.0 1D + [ -188.0 EXT_1_42524217:SNP.GT * 1 + -188.0 EXT_1C_42524217:SNP.GT * 1C + -188.0 EXT_1B_42524217:SNP.GT * 1B + -188.0 EXT_1E_42524217:SNP.GT * 1E + -188.0 REG_1D_42524217:SNP.GT * 1D ]> + err
M  Contraint for MM[missing] 1C 42524814:SNP.GA: <gurobi.Var 1C> >= <gurobi.Var REG_1C_42524814:SNP.GA>
M  Contraint for MM[missing] 1B 42522964:SNP.CT: <gurobi.Var 1B> >= <gurobi.Var REG_1B_42522964:SNP.CT>
M  Contraint for MM[missing] 1E 42524923:SNP.AG: <gurobi.Var 1E> >= <gurobi.Var REG_1E_42524923:SNP.AG>
M  Contraint for MM[missing] 1D 42524217:SNP.GT: <gurobi.Var 1D> >= <gurobi.Var REG_1D_42524217:SNP.GT>
M  Contraint for MA[extra] 1 42524814:SNP.GA: <gurobi.Var 1> >= <gurobi.Var EXT_1_42524814:SNP.GA>
M  Contraint for MA[extra] 1 42522964:SNP.CT: <gurobi.Var 1> >= <gurobi.Var EXT_1_42522964:SNP.CT>
M  Contraint for MA[extra] 1 42524217:SNP.GT: <gurobi.Var 1> >= <gurobi.Var EXT_1_42524217:SNP.GT>
M  Contraint for MA[extra] 1 42524923:SNP.AG: <gurobi.Var 1> >= <gurobi.Var EXT_1_42524923:SNP.AG>
M  Contraint for MA[extra] 1C 42522964:SNP.CT: <gurobi.Var 1C> >= <gurobi.Var EXT_1C_42522964:SNP.CT>
M  Contraint for MA[extra] 1C 42524217:SNP.GT: <gurobi.Var 1C> >= <gurobi.Var EXT_1C_42524217:SNP.GT>
M  Contraint for MA[extra] 1C 42524923:SNP.AG: <gurobi.Var 1C> >= <gurobi.Var EXT_1C_42524923:SNP.AG>
M  Contraint for MA[extra] 1B 42524814:SNP.GA: <gurobi.Var 1B> >= <gurobi.Var EXT_1B_42524814:SNP.GA>
M  Contraint for MA[extra] 1B 42524923:SNP.AG: <gurobi.Var 1B> >= <gurobi.Var EXT_1B_42524923:SNP.AG>
M  Contraint for MA[extra] 1B 42524217:SNP.GT: <gurobi.Var 1B> >= <gurobi.Var EXT_1B_42524217:SNP.GT>
M  Contraint for MA[extra] 1E 42524814:SNP.GA: <gurobi.Var 1E> >= <gurobi.Var EXT_1E_42524814:SNP.GA>
M  Contraint for MA[extra] 1E 42522964:SNP.CT: <gurobi.Var 1E> >= <gurobi.Var EXT_1E_42522964:SNP.CT>
M  Contraint for MA[extra] 1E 42524217:SNP.GT: <gurobi.Var 1E> >= <gurobi.Var EXT_1E_42524217:SNP.GT>
M  Contraint for MA[extra] 1D 42524814:SNP.GA: <gurobi.Var 1D> >= <gurobi.Var EXT_1D_42524814:SNP.GA>
M  Contraint for MA[extra] 1D 42522964:SNP.CT: <gurobi.Var 1D> >= <gurobi.Var EXT_1D_42522964:SNP.CT>
M  Contraint for MA[extra] 1D 42524923:SNP.AG: <gurobi.Var 1D> >= <gurobi.Var EXT_1D_42524923:SNP.AG>
M  Objective: <gurobi.LinExpr: C33 + C34 + C35 + C36 + C37 + C38 + C39 + C40 + EXT_1_42524814:SNP.GA + EXT_1_42522964:SNP.CT + EXT_1_42524217:SNP.GT + EXT_1_42524923:SNP.AG + EXT_1C_42522964:SNP.CT + EXT_1C_42524217:SNP.GT + EXT_1C_42524923:SNP.AG + EXT_1B_42524814:SNP.GA + EXT_1B_42524923:SNP.AG + EXT_1B_42524217:SNP.GT + EXT_1E_42524814:SNP.GA + EXT_1E_42522964:SNP.CT + EXT_1E_42524217:SNP.GT + EXT_1D_42524814:SNP.GA + EXT_1D_42522964:SNP.CT + EXT_1D_42524923:SNP.AG + W>
M  Contraint for 42524814:SNP.GA: 0 >= <gurobi.LinExpr: REG_1C_42524814:SNP.GA>
M  Contraint for 42522964:SNP.CT: 0 >= <gurobi.LinExpr: REG_1B_42522964:SNP.CT>
M  Contraint for 42524923:SNP.AG: 0 >= <gurobi.LinExpr: REG_1E_42524923:SNP.AG>
M  Contraint for 42524217:SNP.GT: 0 >= <gurobi.LinExpr: REG_1D_42524217:SNP.GT>
M  Contraint for 42524814:SNP.GA: 0 <= <gurobi.QuadExpr: 0.0 + [ REG_1C_42524814:SNP.GA * 1C + EXT_1_42524814:SNP.GA * 1 + EXT_1B_42524814:SNP.GA * 1B + EXT_1E_42524814:SNP.GA * 1E + EXT_1D_42524814:SNP.GA * 1D ]> <= 1
M  Contraint for 42522964:SNP.CT: 0 <= <gurobi.QuadExpr: 0.0 + [ REG_1B_42522964:SNP.CT * 1B + EXT_1_42522964:SNP.CT * 1 + EXT_1C_42522964:SNP.CT * 1C + EXT_1E_42522964:SNP.CT * 1E + EXT_1D_42522964:SNP.CT * 1D ]> <= 1
M  Contraint for 42524217:SNP.GT: 0 <= <gurobi.QuadExpr: 0.0 + [ REG_1D_42524217:SNP.GT * 1D + EXT_1_42524217:SNP.GT * 1 + EXT_1C_42524217:SNP.GT * 1C + EXT_1B_42524217:SNP.GT * 1B + EXT_1E_42524217:SNP.GT * 1E ]> <= 1
M  Contraint for 42524923:SNP.AG: 0 <= <gurobi.QuadExpr: 0.0 + [ REG_1E_42524923:SNP.AG * 1E + EXT_1_42524923:SNP.AG * 1 + EXT_1C_42524923:SNP.AG * 1C + EXT_1B_42524923:SNP.AG * 1B + EXT_1D_42524923:SNP.AG * 1D ]> <= 1
CN Solver status: optimal, opt: 0.0
  1: 1
Missing:
  1: 1
Extra:
  1: 1
Time needed: (26.9)
Result is: [('1', '5')]
