SAM file: bams/PGXT116.bam
File bams/PGXT116.bam has index
Coverage is 61.4646974944
== Allele Filter ==
 6.0i   15989522: SNP.TC                    2 (  7%) ~     1 ( 50)
 6.12e  15989695: SNP.GC                   28 ( 13%) ~     4 ( 14)
 6.12e  15989729: SNP.TC                   37 ( 20%) ~     3 (  8)
 6.11i  15989776: SNP.AC                    7 (  7%) ~     0 (  0)
 6.11i  15989856: SNP.TC                    5 ( 17%) ~     1 ( 20)
 6.11i  15989870: SNP.TA                    9 ( 38%) ~     0 (  0)
 6.11i  15990047: SNP.GA                   42 ( 41%) ~     0 (  0)
 6.10e  15990430: SNP.CT     18000:G>A    258 ( 52%) ~     0 (  0)
 6.8i   15991913: SNP.CG                    2 (100%) ~     0 (  0)
 6.8i   15996482: INS.g                     6 ( 35%) ~     0 (  0)
 6.7i   15997049: SNP.AC                    2 (  7%) ~     0 (  0)
 6.6i   15997563: SNP.GA                    2 (100%) ~     0 (  0)
 6.6i   15998181: SNP.GA                    2 (100%) ~     0 (  0)
 6.6i   15998197: SNP.AT                    3 (100%) ~     0 (  0)
 6.6i   16000165: SNP.TC                   76 ( 53%) ~     0 (  0)
 6.5i   16000608: SNP.TA                    8 ( 67%) ~     0 (  0)
 6.5i   16000839: SNP.TC                    2 ( 22%) ~     0 (  0)
 6.4i   16001502: SNP.AC                    3 ( 14%) ~     0 (  0)
 6.2i   16004279: SNP.GT                    2 ( 20%) ~     0 (  0)
 6.2i   16004537: SNP.AG                   81 ( 50%) ~     0 (  0)
 6.2i   16004821: SNP.AC                    6 (  5%) ~     0 (  0)
 6.2i   16004903: SNP.TG                    2 (  5%) ~     0 (  0)
 6.2i   16005184: SNP.TC                    5 (100%) ~     0 (  0)
 6.2i   16006131: SNP.GT                    3 (  5%) ~     0 (  0)
 6.1i   16006878: SNP.CT                    9 (100%) ~     0 (  0)
 6.1i   16007900: SNP.CT                    2 ( 25%) ~     0 (  0)
Removing 2     6.1e 16008387:SNP.AC
Removing 4     6.1e 16008387:SNP.AC
Initial status
  CYP2D6.1
  CYP2D6.3
    6.10e          15990430:SNP.CT  258 ( 52) F 18000:G>A
== Copy Number Estimator ==
CNV factor: 2.94814007454 (0.339196908803)
Coverage per region
  region:  2D6  2D7
  0i   :  2.05
  1e   :  2.00
  1i   :  2.19
  2e   :  2.10
  2i   :  1.85
  3e   :  2.08
  3i   :  2.07
  4e   :  2.19
  4i   :  1.96
  5e   :  1.79
  5i   :  2.00
  6e   :  2.06
  6i   :  2.42
  7e   :  2.62
  7i   :  2.31
  8e   :  2.18
  8i   :  2.01
  9e   :  2.27
  9i   :  1.92
  10e  :  2.01
  10i  :  2.26
  11e  :  2.24
  11i  :  2.37
  12e  :  2.24
Max. CN = 3
M  Sentinel contraint for 1: A_1^ <= A_1
M  Contraint for 7e: 2.6202346989 == E_7e + <gurobi.LinExpr: A1 + A1^>
M  Contraint for 6e: 2.06332500106 == E_6e + <gurobi.LinExpr: A1 + A1^>
M  Contraint for 9e: 2.27464514331 == E_9e + <gurobi.LinExpr: A1 + A1^>
M  Contraint for 8e: 2.17925160729 == E_8e + <gurobi.LinExpr: A1 + A1^>
M  Contraint for 2e: 2.10124034751 == E_2e + <gurobi.LinExpr: A1 + A1^>
M  Contraint for 1e: 1.99953944766 == E_1e + <gurobi.LinExpr: A1 + A1^>
M  Contraint for 5e: 1.79193930136 == E_5e + <gurobi.LinExpr: A1 + A1^>
M  Contraint for 4e: 2.18852352014 == E_4e + <gurobi.LinExpr: A1 + A1^>
M  Contraint for 3e: 2.07856940705 == E_3e + <gurobi.LinExpr: A1 + A1^>
M  Objective: <gurobi.LinExpr: C11 + C12 + C13 + C14 + C15 + C16 + C17 + C18 + C19 + 0.5 A1 + 0.5 A1^>
CN Solver status: optimal, opt: 2.71431097624
  Solutions:
    ('1', '1^')
== Initial Solver ==
Solving Counter({'1': 2})
Possible candidates:
  CYP2D6.1
  CYP2D6.3
    6.10e 15990430:SNP.CT  258 ( 52) F 18000:G>A
M  Max. CN for 1 = 2
M  Max. CN for 3 = 2
M  Contraint for 15990430:REF 6.10e: 239 == <gurobi.QuadExpr: 248.5 1 + 248.5 3 + 248.5 3_2 + 248.5 1_2 + [ -248.5 REG_3_15990430:SNP.CT * 3 + -248.5 REG_3_2_15990430:SNP.CT * 3_2 ]> + err
M  Contraint for 15990430:SNP.CT 6.10e: 258 == <gurobi.QuadExpr: 0.0 + [ 248.5 REG_3_15990430:SNP.CT * 3 + 248.5 REG_3_2_15990430:SNP.CT * 3_2 ]> + err
M  Contraint for 3 15990430:SNP.CT: <gurobi.Var 3> >= <gurobi.Var REG_3_15990430:SNP.CT>
M  Contraint for 3_2 15990430:SNP.CT: <gurobi.Var 3_2> >= <gurobi.Var REG_3_2_15990430:SNP.CT>
M  CN contraint for 1: 2 == <gurobi.LinExpr: 1 + 3 + 3_2 + 1_2>
M  Sentinel contraint for 1: A_1_2 <= A_1
M  Sentinel contraint for 3: A_3_2 <= A_3
M  Objective: <gurobi.LinExpr: C9 + C10>
M  Contraint for 3: A_3 * (<gurobi.LinExpr: REG_3_15990430:SNP.CT> - 1) == 0
M  Contraint for 3_2: A_3_2 * (<gurobi.LinExpr: REG_3_2_15990430:SNP.CT> - 1) == 0
M  Contraint for 15990430:SNP.CT: 1 <= <gurobi.QuadExpr: 0.0 + [ 3 * REG_3_15990430:SNP.CT + 3_2 * REG_3_2_15990430:SNP.CT ]>
M  Contraint for 15990430:SNP.CT: 1 <= <gurobi.QuadExpr: 0.0 + [ 3 * REG_3_15990430:SNP.CT + 3_2 * REG_3_2_15990430:SNP.CT ]>
CN Solver status: optimal, opt: 19.0
  solution:
    ('1', '3')
[32;01mCopy number best structures:[39;49;00m
[32;01m  (1) 2x*1-like[39;49;00m
== Refiner ==
Refining ('1', '3')
M  CN constraint for 1: 1 == <gurobi.LinExpr: 1>
M  CN constraint for 3: 1 == <gurobi.LinExpr: 3>
M  Contraint for 15990430:REF 6.10e: 239 == <gurobi.QuadExpr: 248.5 1 + 248.5 3 + [ -248.5 EXT_1_15990430:SNP.CT * 1 + -248.5 REG_3_15990430:SNP.CT * 3 ]> + err
M  Contraint for 15990430:SNP.CT 6.10e: 258 == <gurobi.QuadExpr: 0.0 + [ 248.5 EXT_1_15990430:SNP.CT * 1 + 248.5 REG_3_15990430:SNP.CT * 3 ]> + err
M  Contraint for MM[missing] 3 15990430:SNP.CT: <gurobi.Var 3> >= <gurobi.Var REG_3_15990430:SNP.CT>
M  Contraint for MA[extra] 1 15990430:SNP.CT: <gurobi.Var 1> >= <gurobi.Var EXT_1_15990430:SNP.CT>
M  Objective: <gurobi.LinExpr: C6 + C7 + EXT_1_15990430:SNP.CT + W>
M  Contraint for 3: <gurobi.LinExpr: REG_3_15990430:SNP.CT> = 1 * A_<gurobi.Var 3>
M  Contraint for 15990430:SNP.CT: 1 <= <gurobi.QuadExpr: 0.0 + [ REG_3_15990430:SNP.CT * 3 ]> <= 2
M  Contraint for 15990430:SNP.CT: <gurobi.QuadExpr: 0.0 + [ REG_3_15990430:SNP.CT * 3 ]> <= 2
CN Solver status: optimal, opt: 19.0
  1: 1
  3: 1
    6.10e 15990430:SNP.CT  258 ( 52 cp. 1) F
Missing:
  1: 1
  3: 1
Extra:
  1: 1
  3: 1
Time needed: (18.9)
Result is: [('1', '3')]
