SAM file: bams/PGXT216.bam
File bams/PGXT216.bam has index
Coverage is 67.5907853698
== Allele Filter ==
 6.0i   15989453: SNP.AG                    2 ( 29%) ~     0 (  0)
 6.12e  15989695: SNP.GC                   49 ( 29%) ~    13 ( 27)
 6.12e  15989729: SNP.TC                   70 ( 40%) ~    11 ( 16)
 6.11i  15989776: SNP.AC                   10 (  7%) ~     0 (  0)
 6.11i  15989810: SNP.TG                   20 ( 25%) ~     6 ( 30)
 6.11i  15989836: SNP.AC                    3 (  5%) ~     1 ( 33)
 6.11i  15989856: SNP.TC                   11 ( 31%) ~     4 ( 36)
 6.11i  15989870: SNP.TA                   10 ( 33%) ~     0 (  0)
 6.11i  15989890: SNP.CT                    3 ( 12%) ~     2 ( 67)
 6.11i  15989908: SNP.AG                    2 (  7%) ~     1 ( 50)
 6.11i  15990039: SNP.TG                    8 (  6%) ~     0 (  0)
 6.10e  15990430: SNP.CT     18000:G>A    405 ( 52%) ~     0 (  0)
 6.8i   15996482: INS.g                    37 ( 95%) ~     0 (  0)
 6.8e   15996819: SNP.GA                  557 ( 50%) ~     0 (  0)
 6.6i   15997136: INS.c                     6 (100%) ~     0 (  0)
 6.6i   15998740: SNP.CT                    2 (100%) ~     0 (  0)
 6.6i   15999006: SNP.CT                    2 (100%) ~     0 (  0)
 6.5i   16000608: SNP.TA                   31 (100%) ~     0 (  0)
 6.4i   16001502: SNP.AC                    4 ( 13%) ~     0 (  0)
 6.4i   16002296: SNP.CT                    2 (100%) ~     0 (  0)
 6.2i   16003694: SNP.CT                   13 ( 48%) ~     0 (  0)
 6.2i   16003751: SNP.TC                    2 ( 20%) ~     0 (  0)
 6.2i   16004893: SNP.CA                    3 (  6%) ~     0 (  0)
 6.1i   16006623: SNP.AC                    2 (  5%) ~     0 (  0)
 6.1i   16007974: SNP.TG                    2 (  6%) ~     0 (  0)
Removing 2     6.1e 16008387:SNP.AC
Removing 4     6.1e 16008387:SNP.AC
Initial status
  CYP2D6.1
  CYP2D6.3
    6.10e          15990430:SNP.CT  405 ( 52) F 18000:G>A
== Copy Number Estimator ==
CNV factor: 1.97975020266 (0.505114230401)
Coverage per region
  region:  2D6  2D7
  0i   :  1.34
  1e   :  1.96
  1i   :  2.14
  2e   :  1.98
  2i   :  1.78
  3e   :  2.27
  3i   :  2.34
  4e   :  2.41
  4i   :  2.14
  5e   :  1.85
  5i   :  2.35
  6e   :  1.96
  6i   :  2.46
  7e   :  3.37
  7i   :  2.49
  8e   :  2.29
  8i   :  2.16
  9e   :  2.27
  9i   :  1.97
  10e  :  2.04
  10i  :  2.29
  11e  :  1.89
  11i  :  2.01
  12e  :  1.09
Max. CN = 3
M  Sentinel contraint for 1: A_1^ <= A_1
M  Contraint for 7e: 3.36759549778 == E_7e + <gurobi.LinExpr: A1 + A1^>
M  Contraint for 6e: 1.96332767022 == E_6e + <gurobi.LinExpr: A1 + A1^>
M  Contraint for 9e: 2.27161665219 == E_9e + <gurobi.LinExpr: A1 + A1^>
M  Contraint for 8e: 2.28857127987 == E_8e + <gurobi.LinExpr: A1 + A1^>
M  Contraint for 2e: 1.97731654323 == E_2e + <gurobi.LinExpr: A1 + A1^>
M  Contraint for 1e: 1.9585051471 == E_1e + <gurobi.LinExpr: A1 + A1^>
M  Contraint for 5e: 1.853637459 == E_5e + <gurobi.LinExpr: A1 + A1^>
M  Contraint for 4e: 2.41309905817 == E_4e + <gurobi.LinExpr: A1 + A1^>
M  Contraint for 3e: 2.26767711969 == E_3e + <gurobi.LinExpr: A1 + A1^>
M  Objective: <gurobi.LinExpr: C11 + C12 + C13 + C14 + C15 + C16 + C17 + C18 + C19 + 0.5 A1 + 0.5 A1^>
CN Solver status: optimal, opt: 3.85577278816
  Solutions:
    ('1', '1^')
== Initial Solver ==
Solving Counter({'1': 2})
Possible candidates:
  CYP2D6.1
  CYP2D6.3
    6.10e 15990430:SNP.CT  405 ( 52) F 18000:G>A
M  Max. CN for 1 = 2
M  Max. CN for 3 = 2
M  Contraint for 15990430:REF 6.10e: 368 == <gurobi.QuadExpr: 386.5 1 + 386.5 3 + 386.5 3_2 + 386.5 1_2 + [ -386.5 REG_3_15990430:SNP.CT * 3 + -386.5 REG_3_2_15990430:SNP.CT * 3_2 ]> + err
M  Contraint for 15990430:SNP.CT 6.10e: 405 == <gurobi.QuadExpr: 0.0 + [ 386.5 REG_3_15990430:SNP.CT * 3 + 386.5 REG_3_2_15990430:SNP.CT * 3_2 ]> + err
M  Contraint for 3 15990430:SNP.CT: <gurobi.Var 3> >= <gurobi.Var REG_3_15990430:SNP.CT>
M  Contraint for 3_2 15990430:SNP.CT: <gurobi.Var 3_2> >= <gurobi.Var REG_3_2_15990430:SNP.CT>
M  CN contraint for 1: 2 == <gurobi.LinExpr: 1 + 3 + 3_2 + 1_2>
M  Sentinel contraint for 1: A_1_2 <= A_1
M  Sentinel contraint for 3: A_3_2 <= A_3
M  Objective: <gurobi.LinExpr: C9 + C10>
M  Contraint for 3: A_3 * (<gurobi.LinExpr: REG_3_15990430:SNP.CT> - 1) == 0
M  Contraint for 3_2: A_3_2 * (<gurobi.LinExpr: REG_3_2_15990430:SNP.CT> - 1) == 0
M  Contraint for 15990430:SNP.CT: 1 <= <gurobi.QuadExpr: 0.0 + [ 3 * REG_3_15990430:SNP.CT + 3_2 * REG_3_2_15990430:SNP.CT ]>
M  Contraint for 15990430:SNP.CT: 1 <= <gurobi.QuadExpr: 0.0 + [ 3 * REG_3_15990430:SNP.CT + 3_2 * REG_3_2_15990430:SNP.CT ]>
CN Solver status: optimal, opt: 37.0
  solution:
    ('1', '3')
[32;01mCopy number best structures:[39;49;00m
[32;01m  (1) 2x*1-like[39;49;00m
== Refiner ==
Refining ('1', '3')
M  CN constraint for 1: 1 == <gurobi.LinExpr: 1>
M  CN constraint for 3: 1 == <gurobi.LinExpr: 3>
M  Contraint for 15990430:REF 6.10e: 368 == <gurobi.QuadExpr: 386.5 1 + 386.5 3 + [ -386.5 EXT_1_15990430:SNP.CT * 1 + -386.5 REG_3_15990430:SNP.CT * 3 ]> + err
M  Contraint for 15990430:SNP.CT 6.10e: 405 == <gurobi.QuadExpr: 0.0 + [ 386.5 EXT_1_15990430:SNP.CT * 1 + 386.5 REG_3_15990430:SNP.CT * 3 ]> + err
M  Contraint for MM[missing] 3 15990430:SNP.CT: <gurobi.Var 3> >= <gurobi.Var REG_3_15990430:SNP.CT>
M  Contraint for MA[extra] 1 15990430:SNP.CT: <gurobi.Var 1> >= <gurobi.Var EXT_1_15990430:SNP.CT>
M  Objective: <gurobi.LinExpr: C6 + C7 + EXT_1_15990430:SNP.CT + W>
M  Contraint for 3: <gurobi.LinExpr: REG_3_15990430:SNP.CT> = 1 * A_<gurobi.Var 3>
M  Contraint for 15990430:SNP.CT: 1 <= <gurobi.QuadExpr: 0.0 + [ REG_3_15990430:SNP.CT * 3 ]> <= 2
M  Contraint for 15990430:SNP.CT: <gurobi.QuadExpr: 0.0 + [ REG_3_15990430:SNP.CT * 3 ]> <= 2
CN Solver status: optimal, opt: 37.0
  1: 1
  3: 1
    6.10e 15990430:SNP.CT  405 ( 52 cp. 1) F
Missing:
  1: 1
  3: 1
Extra:
  1: 1
  3: 1
Time needed: (20.4)
Result is: [('1', '3')]
