SAM file: bams/PGXT163.bam
File bams/PGXT163.bam has index
Coverage is 68.6084711384
== Allele Filter ==
 6.0i   15989404: SNP.CT                    2 (100%) ~     2 (100)
 6.12e  15989695: SNP.GC                   45 ( 25%) ~     9 ( 20)
 6.12e  15989729: SNP.TC                   58 ( 34%) ~     8 ( 14)
 6.11i  15989776: SNP.AC                    7 (  6%) ~     0 (  0)
 6.11i  15989810: SNP.TG                   27 ( 43%) ~     5 ( 19)
 6.11i  15989856: SNP.TC                    5 ( 16%) ~     3 ( 60)
 6.11i  15989862: SNP.AG                    2 (  7%) ~     0 (  0)
 6.11i  15990105: SNP.AC                   20 (  6%) ~     0 (  0)
 6.8i   15996482: INS.g                    17 (100%) ~     0 (  0)
 6.8e   15996819: SNP.GA                  673 ( 97%) ~     0 (  0)
 6.6i   15997136: INS.c                     3 ( 75%) ~     0 (  0)
 6.5i   16000576: SNP.CA                    2 ( 10%) ~     0 (  0)
 6.5i   16000608: SNP.TA                   11 (100%) ~     0 (  0)
 6.2i   16003677: SNP.GC                    2 (  7%) ~     0 (  0)
 6.2i   16004227: SNP.TC                    2 (100%) ~     0 (  0)
 6.1i   16007996: SNP.CA                    2 (  6%) ~     0 (  0)
Removing 2     6.1e 16008387:SNP.AC
Removing 3     6.10e 15990430:SNP.CT
Removing 4     6.1e 16008387:SNP.AC,  6.10e 15990430:SNP.CT
Initial status
  CYP2D6.1
== Copy Number Estimator ==
CNV factor: 2.8356141221 (0.352657292897)
Coverage per region
  region:  2D6  2D7
  0i   :  1.83
  1e   :  2.07
  1i   :  2.28
  2e   :  2.03
  2i   :  1.94
  3e   :  2.24
  3i   :  2.04
  4e   :  2.16
  4i   :  2.00
  5e   :  1.89
  5i   :  2.25
  6e   :  2.09
  6i   :  2.34
  7e   :  2.80
  7i   :  2.48
  8e   :  2.12
  8i   :  2.22
  9e   :  2.37
  9i   :  1.91
  10e  :  1.95
  10i  :  2.18
  11e  :  2.22
  11i  :  2.55
  12e  :  1.76
Max. CN = 3
M  Sentinel contraint for 1: A_1^ <= A_1
M  Contraint for 7e: 2.79510534893 == E_7e + <gurobi.LinExpr: A1 + A1^>
M  Contraint for 6e: 2.094726459 == E_6e + <gurobi.LinExpr: A1 + A1^>
M  Contraint for 9e: 2.37025643585 == E_9e + <gurobi.LinExpr: A1 + A1^>
M  Contraint for 8e: 2.11868067551 == E_8e + <gurobi.LinExpr: A1 + A1^>
M  Contraint for 2e: 2.02788951065 == E_2e + <gurobi.LinExpr: A1 + A1^>
M  Contraint for 1e: 2.07495363967 == E_1e + <gurobi.LinExpr: A1 + A1^>
M  Contraint for 5e: 1.89144417083 == E_5e + <gurobi.LinExpr: A1 + A1^>
M  Contraint for 4e: 2.16347230122 == E_4e + <gurobi.LinExpr: A1 + A1^>
M  Contraint for 3e: 2.23694938367 == E_3e + <gurobi.LinExpr: A1 + A1^>
M  Objective: <gurobi.LinExpr: C11 + C12 + C13 + C14 + C15 + C16 + C17 + C18 + C19 + 0.5 A1 + 0.5 A1^>
CN Solver status: optimal, opt: 2.99058958367
  Solutions:
    ('1', '1^')
== Initial Solver ==
Solving Counter({'1': 2})
Possible candidates:
  CYP2D6.1
M  Max. CN for 1 = 2
M  CN contraint for 1: 2 == <gurobi.LinExpr: 1 + 1_2>
M  Sentinel contraint for 1: A_1_2 <= A_1
M  Objective: 0
CN Solver status: optimal, opt: 0.0
  solution:
    ('1', '1')
[32;01mCopy number best structures:[39;49;00m
[32;01m  (1) 2x*1-like[39;49;00m
== Refiner ==
Refining ('1', '1')
M  Sentinel constraint for 1: A_1_2 <= A_1
M  CN constraint for 1: 2 == <gurobi.LinExpr: 1 + 1_2>
M  Objective: <gurobi.LinExpr: W>
CN Solver status: optimal, opt: 0.0
  1: 1
  1_2: 1
Missing:
  1: 1
  1_2: 1
Extra:
  1: 1
  1_2: 1
Time needed: (17.5)
Result is: [('1', '1')]
