SAM file: bams/PGXT164.bam
File bams/PGXT164.bam has index
Coverage is 101.256138346
== Allele Filter ==
 6.0i   96518704: SNP.CT                    2 (100%) ~     0 (  0)
 6.0i   96520390: SNP.AT                    2 (  7%) ~     0 (  0)
 6.0i   96521044: SNP.CT                   30 ( 45%) ~     0 (  0)
 6.0i   96521573: SNP.TG     -889:T>G     165 ( 55%) ~     0 (  0)
 6.0i   96521656: SNP.CT     -806:C>T     165 ( 57%) ~     0 (  0)
 6.1e   96522560: SNP.CT     99:C>T       250 ( 56%) ~     0 (  0)
 6.1i   96527333: SNP.CA                    2 (100%) ~     0 (  0)
 6.1i   96534233: SNP.AG                    3 (100%) ~     0 (  0)
 6.1i   96534583: SNP.GA     12122:G>A     14 (100%) ~     0 (  0)
 6.1i   96534596: SNP.TN                    2 ( 12%) ~     0 (  0)
 6.3i   96535627: SNP.TC     13166:T>C    216 ( 49%) ~     1 (  0)
 6.3i   96539980: DEL.TT                    4 (100%) ~     0 (  0)
 6.4i   96540888: SNP.GA                    4 (100%) ~     0 (  0)
 6.4i   96541497: SNP.AT                    2 ( 10%) ~     0 (  0)
 6.5i   96558278: SNP.CG                    2 ( 50%) ~     0 (  0)
 6.5i   96577414: SNP.CT                    2 (100%) ~     1 ( 50)
 6.5i   96580024: SNP.AT                    2 ( 29%) ~     0 (  0)
 6.5i   96580063: SNP.AT                    5 ( 38%) ~     0 (  0)
 6.5i   96580139: SNP.TG                   36 ( 53%) ~     0 (  0)
 6.6i   96595965: SNP.CT                    2 (100%) ~     0 (  0)
 6.7e   96602622: SNP.AG     80161:A>G    332 ( 53%) ~     0 (  0)
 6.7i   96609063: SNP.GA                    3 (100%) ~     0 (  0)
 6.8i   96610081: SNP.AT                    4 ( 57%) ~     0 (  0)
 6.8i   96612370: SNP.CT                  138 ( 56%) ~     0 (  0)
Removing 10    6.5e 96541614:SNP.CT
Removing 11    6.3e 96535263:SNP.GA
Removing 12    6.9e 96612670:SNP.AC
Removing 13    6.8e 96609751:SNP.CT
Removing 14    6.1e 96522511:SNP.TC
Removing 15    6.1e 96522516:SNP.AC
Removing 16    6.9e 96612521:SNP.CT
Removing 18    6.7e 96602617:SNP.GA
Removing 19    6.1e 96522612:SNP.AG
Removing 2H    6.5e 96541615:SNP.GA,  6.7e 96602621:SNP.CT,  6.8e 96609709:SNP.CG,  6.2i 96535123:SNP.AG
Removing 2D    6.2i 96535123:SNP.AG,  6.5e 96541615:SNP.GA,  6.7e 96602621:SNP.CT,  6.8e 96609736:SNP.GA
Removing 2E    6.5e 96541615:SNP.GA,  6.5e 96541747:SNP.GA,  6.7e 96602621:SNP.CT,  6.2i 96535123:SNP.AG
Removing 2F    6.5e 96541615:SNP.GA,  6.7e 96602621:SNP.CT,  6.7e 96602652:SNP.GA,  6.2i 96535123:SNP.AG
Removing 2G    6.5e 96541615:SNP.GA,  6.7e 96602621:SNP.CT,  6.7e 96602710:SNP.AT,  6.2i 96535123:SNP.AG
Removing 2A    6.5e 96541615:SNP.GA,  6.7e 96602621:SNP.CT,  6.2i 96535123:SNP.AG
Removing 2B    6.2e 96534921:SNP.GC,  6.5e 96541615:SNP.GA,  6.7e 96602621:SNP.CT,  6.2i 96535123:SNP.AG
Removing 2C    6.2i 96535123:SNP.AG,  6.3e 96535295:SNP.GC,  6.5e 96541615:SNP.GA,  6.7e 96602621:SNP.CT
Removing 2J    6.5e 96541615:SNP.GA,  6.7e 96602621:SNP.CT,  6.8e 96609784:SNP.AC,  6.2i 96535123:SNP.AG
Removing 22    6.4e 96540330:SNP.GC
Removing 23    6.2e 96534916:SNP.GC
Removing 24    6.7e 96602635:SNP.GA
Removing 25    6.9e 96612541:SNP.CG
Removing 26    6.5e 96541700:SNP.GA
Removing 27    6.0i 96521421:SNP.GA
Removing 28    6.1e 96522516:SNP.AC,  6.7e 96602751:SNP.GA
Removing 29    6.1e 96522544:SNP.AT
Removing 3C    6.3e 96535221:SNP.TA,  6.4e 96540409:SNP.GA
Removing 3B    6.4e 96540409:SNP.GA,  6.7e 96602709:SNP.GA
Removing 3A    6.4e 96540409:SNP.GA
Removing 30    6.2e 96534862:SNP.CT
Removing 31    6.2e 96534877:SNP.CT
Removing 32    6.2e 96534941:SNP.AG
Removing 33    6.4e 96540335:SNP.GA
Removing 34    6.1e 96522468:SNP.CT,  6.1e 96522471:SNP.TC
Removing 35    6.2i 96535123:SNP.AG
Removing 4B    6.1e 96522462:SNP.AG
Removing 4A    6.1e 96522462:SNP.AG
Removing 5A    6.9e 96612494:SNP.CT
Removing 5B    6.9e 96612494:SNP.CT
Removing 6     6.3e 96535209:SNP.GA
Removing 7     6.5i 96541755:SNP.TA
Removing 8     6.3e 96535172:SNP.TC
Removing 8X    6.3e 96535172:SNP.TC
Removing 9     6.3e 96535245:SNP.GA
Initial status
  CYP2D6.1C
    6.7e           96602622:SNP.AG  332 ( 53) F 80161:A>G
  CYP2D6.1B
    6.1e           96522560:SNP.CT  250 ( 56)   99:C>T
    6.7e           96602622:SNP.AG  332 ( 53) F 80161:A>G
  CYP2D6.1
  CYP2D6.17
    6.0i           96519060:SNP.CT    0 (  0)   -3402:C>T
    6.0i           96521656:SNP.CT  165 ( 57) F -806:C>T
    6.1e           96522560:SNP.CT  250 ( 56)   99:C>T
    6.7e           96602622:SNP.AG  332 ( 53) F 80161:A>G
== Copy Number Estimator ==
CNV factor: 2.76386309949 (0.361812421239)
Coverage per region
  region:  2D6  2D7
  0i   :  2.73
  1e   :  2.95
  1i   :  2.79
  2e   :  2.12
  2i   :  1.97
  3e   :  2.03
  3i   :  2.54
  4e   :  3.13
  4i   :  3.59
  5e   :  2.80
  5i   :  2.59
  6e   :  2.39
  6i   :  2.37
  7e   :  1.71
  7i   :  2.48
  8e   :  2.67
  8i   :  2.78
  9e   :  2.67
Max. CN = 4
M  Sentinel contraint for 1: A_1^ <= A_1
M  Contraint for 7e: 1.70541737589 == E_7e + <gurobi.LinExpr: A1 + A1^>
M  Contraint for 6e: 2.39143076404 == E_6e + <gurobi.LinExpr: A1 + A1^>
M  Contraint for 9e: 2.66609451207 == E_9e + <gurobi.LinExpr: A1 + A1^>
M  Contraint for 8e: 2.67068958785 == E_8e + <gurobi.LinExpr: A1 + A1^>
M  Contraint for 2e: 2.12370142526 == E_2e + <gurobi.LinExpr: A1 + A1^>
M  Contraint for 1e: 2.94790703066 == E_1e + <gurobi.LinExpr: A1 + A1^>
M  Contraint for 5e: 2.80458582193 == E_5e + <gurobi.LinExpr: A1 + A1^>
M  Contraint for 4e: 3.1257546325 == E_4e + <gurobi.LinExpr: A1 + A1^>
M  Contraint for 3e: 2.02654655367 == E_3e + <gurobi.LinExpr: A1 + A1^>
M  Objective: <gurobi.LinExpr: C11 + C12 + C13 + C14 + C15 + C16 + C17 + C18 + C19 + 0.5 A1 + 0.5 A1^>
CN Solver status: optimal, opt: 6.0512929521
  Solutions:
    ('1', '1^')
== Initial Solver ==
Solving Counter({'1': 2})
Possible candidates:
  CYP2D6.1
  CYP2D6.1B
    6.7e 96602622:SNP.AG  332 ( 53) F 80161:A>G
  CYP2D6.17
    6.7e 96602622:SNP.AG  332 ( 53) F 80161:A>G
    6.0i 96521656:SNP.CT  165 ( 57) F -806:C>T
M  Max. CN for 1 = 2
M  Max. CN for 1B = 2
M  Max. CN for 17 = 2
M  Contraint for 96602622:REF 6.7e: 300 == <gurobi.QuadExpr: 316.0 17 + 316.0 17_2 + 316.0 1 + 316.0 1B_2 + 316.0 1B + 316.0 1_2 + [ -316.0 REG_17_96602622:SNP.AG * 17 + -316.0 REG_17_2_96602622:SNP.AG * 17_2 + -316.0 REG_1B_2_96602622:SNP.AG * 1B_2 + -316.0 REG_1B_96602622:SNP.AG * 1B ]> + err
M  Contraint for 96602622:SNP.AG 6.7e: 332 == <gurobi.QuadExpr: 0.0 + [ 316.0 REG_17_96602622:SNP.AG * 17 + 316.0 REG_17_2_96602622:SNP.AG * 17_2 + 316.0 REG_1B_2_96602622:SNP.AG * 1B_2 + 316.0 REG_1B_96602622:SNP.AG * 1B ]> + err
M  Contraint for 96521656:SNP.CT 6.0i: 165 == <gurobi.QuadExpr: 0.0 + [ 146.0 REG_17_96521656:SNP.CT * 17 + 146.0 REG_17_2_96521656:SNP.CT * 17_2 ]> + err
M  Contraint for 96521656:REF 6.0i: 127 == <gurobi.QuadExpr: 146.0 17 + 146.0 17_2 + 146.0 1 + 146.0 1B_2 + 146.0 1B + 146.0 1_2 + [ -146.0 REG_17_96521656:SNP.CT * 17 + -146.0 REG_17_2_96521656:SNP.CT * 17_2 ]> + err
M  Contraint for 17 96602622:SNP.AG: <gurobi.Var 17> >= <gurobi.Var REG_17_96602622:SNP.AG>
M  Contraint for 17 96521656:SNP.CT: <gurobi.Var 17> >= <gurobi.Var REG_17_96521656:SNP.CT>
M  Contraint for 17_2 96602622:SNP.AG: <gurobi.Var 17_2> >= <gurobi.Var REG_17_2_96602622:SNP.AG>
M  Contraint for 17_2 96521656:SNP.CT: <gurobi.Var 17_2> >= <gurobi.Var REG_17_2_96521656:SNP.CT>
M  Contraint for 1B_2 96602622:SNP.AG: <gurobi.Var 1B_2> >= <gurobi.Var REG_1B_2_96602622:SNP.AG>
M  Contraint for 1B 96602622:SNP.AG: <gurobi.Var 1B> >= <gurobi.Var REG_1B_96602622:SNP.AG>
M  CN contraint for 1: 2 == <gurobi.LinExpr: 17 + 17_2 + 1 + 1B_2 + 1B + 1_2>
M  Sentinel contraint for 17: A_17_2 <= A_17
M  Sentinel contraint for 1: A_1_2 <= A_1
M  Sentinel contraint for 1B: A_1B_2 <= A_1B
M  Objective: <gurobi.LinExpr: C20 + C21 + C22 + C23>
M  Contraint for 17: A_17 * (<gurobi.LinExpr: REG_17_96521656:SNP.CT + REG_17_96602622:SNP.AG> - 2) == 0
M  Contraint for 17_2: A_17_2 * (<gurobi.LinExpr: REG_17_2_96521656:SNP.CT + REG_17_2_96602622:SNP.AG> - 2) == 0
M  Contraint for 1B_2: A_1B_2 * (<gurobi.LinExpr: REG_1B_2_96602622:SNP.AG> - 1) == 0
M  Contraint for 1B: A_1B * (<gurobi.LinExpr: REG_1B_96602622:SNP.AG> - 1) == 0
M  Contraint for 96521656:SNP.CT: 1 <= <gurobi.QuadExpr: 0.0 + [ 17 * REG_17_96521656:SNP.CT + 17_2 * REG_17_2_96521656:SNP.CT ]>
M  Contraint for 96602622:SNP.AG: 1 <= <gurobi.QuadExpr: 0.0 + [ 17 * REG_17_96602622:SNP.AG + 17_2 * REG_17_2_96602622:SNP.AG + 1B_2 * REG_1B_2_96602622:SNP.AG + 1B * REG_1B_96602622:SNP.AG ]>
M  Contraint for 96521656:SNP.CT: 1 <= <gurobi.QuadExpr: 0.0 + [ 17 * REG_17_96521656:SNP.CT + 17_2 * REG_17_2_96521656:SNP.CT ]>
M  Contraint for 96602622:SNP.AG: 1 <= <gurobi.QuadExpr: 0.0 + [ 17 * REG_17_96602622:SNP.AG + 17_2 * REG_17_2_96602622:SNP.AG + 1B_2 * REG_1B_2_96602622:SNP.AG + 1B * REG_1B_96602622:SNP.AG ]>
M  Contraint for 96602622:SNP.AG: 1 <= <gurobi.QuadExpr: 0.0 + [ 17 * REG_17_96602622:SNP.AG + 17_2 * REG_17_2_96602622:SNP.AG + 1B_2 * REG_1B_2_96602622:SNP.AG + 1B * REG_1B_96602622:SNP.AG ]>
M  Contraint for 96602622:SNP.AG: 1 <= <gurobi.QuadExpr: 0.0 + [ 17 * REG_17_96602622:SNP.AG + 17_2 * REG_17_2_96602622:SNP.AG + 1B_2 * REG_1B_2_96602622:SNP.AG + 1B * REG_1B_96602622:SNP.AG ]>
CN Solver status: optimal, opt: 70.0
  solution:
    ('1', '17')
[32;01mCopy number best structures:[39;49;00m
[32;01m  (1) 2x*1-like[39;49;00m
== Refiner ==
Refining ('1', '17')
M  CN constraint for 1: 1 == <gurobi.LinExpr: 1>
M  CN constraint for 17: 1 == <gurobi.LinExpr: 17>
M  Contraint for 96521656:REF 6.0i: 127 == <gurobi.QuadExpr: 146.0 1 + 146.0 17 + [ -146.0 EXT_1_96521656:SNP.CT * 1 + -146.0 REG_17_96521656:SNP.CT * 17 ]> + err
M  Contraint for 96519060:SNP.CT 6.0i: 0 == <gurobi.QuadExpr: 0.0 + [ 0.0 EXT_1_96519060:SNP.CT * 1 + 0.0 REG_17_96519060:SNP.CT * 17 ]> + err
M  Contraint for 96602622:SNP.AG 6.7e: 332 == <gurobi.QuadExpr: 0.0 + [ 316.0 EXT_1_96602622:SNP.AG * 1 + 316.0 REG_17_96602622:SNP.AG * 17 ]> + err
M  Contraint for 96602622:REF 6.7e: 300 == <gurobi.QuadExpr: 316.0 1 + 316.0 17 + [ -316.0 EXT_1_96602622:SNP.AG * 1 + -316.0 REG_17_96602622:SNP.AG * 17 ]> + err
M  Contraint for 96519060:REF 6.0i: 0 == <gurobi.QuadExpr: 0.0 + [ -0.0 EXT_1_96519060:SNP.CT * 1 + -0.0 REG_17_96519060:SNP.CT * 17 ]> + err
M  Contraint for 96521656:SNP.CT 6.0i: 165 == <gurobi.QuadExpr: 0.0 + [ 146.0 EXT_1_96521656:SNP.CT * 1 + 146.0 REG_17_96521656:SNP.CT * 17 ]> + err
M  Contraint for 96522560:SNP.CT 6.1e: 250 == <gurobi.QuadExpr: 0.0 + [ 223.5 EXT_1_96522560:SNP.CT * 1 + 223.5 REG_17_96522560:SNP.CT * 17 ]> + err
M  Contraint for 96522560:REF 6.1e: 197 == <gurobi.QuadExpr: 223.5 1 + 223.5 17 + [ -223.5 EXT_1_96522560:SNP.CT * 1 + -223.5 REG_17_96522560:SNP.CT * 17 ]> + err
M  Contraint for MM[missing] 17 96519060:SNP.CT: <gurobi.Var 17> >= <gurobi.Var REG_17_96519060:SNP.CT>
M  Contraint for MM[missing] 17 96602622:SNP.AG: <gurobi.Var 17> >= <gurobi.Var REG_17_96602622:SNP.AG>
M  Contraint for MM[missing] 17 96521656:SNP.CT: <gurobi.Var 17> >= <gurobi.Var REG_17_96521656:SNP.CT>
M  Contraint for MM[missing] 17 96522560:SNP.CT: <gurobi.Var 17> >= <gurobi.Var REG_17_96522560:SNP.CT>
M  Contraint for MA[extra] 1 96519060:SNP.CT: <gurobi.Var 1> >= <gurobi.Var EXT_1_96519060:SNP.CT>
M  Contraint for MA[extra] 1 96602622:SNP.AG: <gurobi.Var 1> >= <gurobi.Var EXT_1_96602622:SNP.AG>
M  Contraint for MA[extra] 1 96521656:SNP.CT: <gurobi.Var 1> >= <gurobi.Var EXT_1_96521656:SNP.CT>
M  Contraint for MA[extra] 1 96522560:SNP.CT: <gurobi.Var 1> >= <gurobi.Var EXT_1_96522560:SNP.CT>
M  Objective: <gurobi.LinExpr: C18 + C19 + C20 + C21 + C22 + C23 + C24 + C25 + EXT_1_96519060:SNP.CT + EXT_1_96602622:SNP.AG + EXT_1_96521656:SNP.CT + EXT_1_96522560:SNP.CT + W>
M  Contraint for 17: <gurobi.LinExpr: REG_17_96521656:SNP.CT + REG_17_96602622:SNP.AG> = 2 * A_<gurobi.Var 17>
M  Contraint for 96519060:SNP.CT: 0 >= <gurobi.LinExpr: REG_17_96519060:SNP.CT>
M  Contraint for 96519060:SNP.CT: 0 <= <gurobi.QuadExpr: 0.0 + [ REG_17_96519060:SNP.CT * 17 + EXT_1_96519060:SNP.CT * 1 ]> <= 1
M  Contraint for 96602622:SNP.AG: 1 <= <gurobi.QuadExpr: 0.0 + [ REG_17_96602622:SNP.AG * 17 ]> <= 2
M  Contraint for 96602622:SNP.AG: <gurobi.QuadExpr: 0.0 + [ REG_17_96602622:SNP.AG * 17 ]> <= 2
M  Contraint for 96521656:SNP.CT: 1 <= <gurobi.QuadExpr: 0.0 + [ REG_17_96521656:SNP.CT * 17 ]> <= 2
M  Contraint for 96521656:SNP.CT: <gurobi.QuadExpr: 0.0 + [ REG_17_96521656:SNP.CT * 17 ]> <= 2
M  Contraint for 96522560:SNP.CT: 1 <= <gurobi.QuadExpr: 0.0 + [ REG_17_96522560:SNP.CT * 17 + EXT_1_96522560:SNP.CT * 1 ]> <= 2
CN Solver status: optimal, opt: 125.0
  1: 1
  17: 1
    6.7e 96602622:SNP.AG  332 ( 53 cp. 1) F
    6.0i 96521656:SNP.CT  165 ( 57 cp. 1) F
    6.1e 96522560:SNP.CT  250 ( 56 cp. 1) 
Missing:
  1: 1
  17: 1
    6.0i 96519060:SNP.CT    0 (  0)   rs11188072   -3402:C>T
Extra:
  1: 1
  17: 1
Time needed: (10.3)
Result is: [('1', '17')]
