SAM file: bams/PGXT213.bam
File bams/PGXT213.bam has index
Coverage is 40.1933798643
== Allele Filter ==
 6.24e  97543631: SNP.AG                  131 ( 50%) ~     0 (  0)
 6.24e  97543763: SNP.CT                  210 ( 47%) ~     0 (  0)
 6.23i  97544770: SNP.TC                  185 (100%) ~     0 (  0)
 6.23i  97546696: INS.t                     2 (100%) ~     0 (  0)
 6.23i  97547830: SNP.GA                  251 (100%) ~     0 (  0)
 6.22i  97548438: SNP.AT                    2 (100%) ~     0 (  0)
 6.22i  97560304: SNP.TG                    3 (100%) ~     0 (  0)
 6.21i  97565649: SNP.CA                    2 (100%) ~     0 (  0)
 6.21i  97574240: SNP.TA                    2 (100%) ~     0 (  0)
 6.21i  97574242: SNP.TC                    2 (100%) ~     0 (  0)
 6.21i  97574341: SNP.GA                    2 (100%) ~     0 (  0)
 6.21i  97574342: SNP.TG                    2 (100%) ~     0 (  0)
 6.21i  97574343: SNP.TA                    2 (100%) ~     0 (  0)
 6.21i  97574344: SNP.AT                    2 (100%) ~     0 (  0)
 6.21i  97575793: SNP.CG                    2 (100%) ~     0 (  0)
 6.21i  97585584: SNP.TG                    2 ( 50%) ~     0 (  0)
 6.21i  97588912: SNP.CT                    2 (100%) ~     0 (  0)
 6.21i  97602993: SNP.AG                    2 (100%) ~     0 (  0)
 6.21i  97605850: SNP.TG                    4 (100%) ~     0 (  0)
 6.21i  97626105: SNP.GA                    2 (100%) ~     0 (  0)
 6.21i  97644723: SNP.CT                    2 (100%) ~     0 (  0)
 6.21i  97652791: SNP.CT                    2 (100%) ~     0 (  0)
 6.21i  97658394: SNP.CT                    8 ( 67%) ~     0 (  0)
 6.20i  97659350: DEL.A                     4 (100%) ~     0 (  0)
 6.20i  97694441: SNP.CT                    2 (100%) ~     0 (  0)
 6.19i  97724008: SNP.CT                    2 (100%) ~     0 (  0)
 6.19i  97732316: SNP.TC                    2 (100%) ~     0 (  0)
 6.19i  97755726: SNP.TC                    2 (100%) ~     0 (  0)
 6.19i  97770525: SNP.CA                    2 ( 25%) ~     0 (  0)
 6.17i  97771946: SNP.CA                   62 ( 46%) ~     0 (  0)
 6.17i  97782950: SNP.GC                    2 (100%) ~     0 (  0)
 6.17i  97799471: SNP.CA                    2 (100%) ~     0 (  0)
 6.17i  97803723: SNP.TC                    3 (100%) ~     0 (  0)
 6.17i  97810606: SNP.TC                    2 (100%) ~     0 (  0)
 6.17i  97834018: SNP.CT                    2 (100%) ~     0 (  0)
 6.17i  97839015: SNP.AG                   73 ( 50%) ~     0 (  0)
 6.16i  97839412: SNP.CG                   15 (100%) ~     0 (  0)
 6.16i  97847879: SNP.CA                    2 (  7%) ~     0 (  0)
 6.15i  97848487: SNP.CT                    2 (100%) ~     0 (  0)
 6.15i  97896147: INS.a                     2 (100%) ~     0 (  0)
 6.15i  97906873: SNP.AG                    2 (100%) ~     0 (  0)
 6.15i  97907893: SNP.TG                    2 (100%) ~     0 (  0)
 6.15i  97915212: SNP.TC                    2 (100%) ~     0 (  0)
 6.15e  97915623: SNP.AG                  652 (100%) ~     0 (  0)
 6.14i  97921341: SNP.CA                    3 (100%) ~     0 (  0)
 6.14i  97921433: SNP.CA                    2 (100%) ~     0 (  0)
 6.14i  97941484: SNP.AG                    2 (100%) ~     0 (  0)
 6.14i  97981241: SNP.TC                   62 ( 61%) ~     0 (  0)
 6.13i  97981705: SNP.CT                    3 ( 38%) ~     0 (  0)
 6.13i  97992878: SNP.TC                    2 (100%) ~     0 (  0)
 6.13i  97992928: SNP.AG                    2 (100%) ~     0 (  0)
 6.13i  97998565: SNP.CT                    2 (100%) ~     0 (  0)
 6.13i  98014850: SNP.GT                    2 ( 29%) ~     0 (  0)
 6.13e  98015125: SNP.TC                  174 ( 24%) ~     0 (  0)
 6.11i  98046491: SNP.GT                    2 (100%) ~     0 (  0)
 6.11i  98051513: INS.c                     2 (100%) ~     0 (  0)
 6.10i  98060512: SNP.TG                    7 (  7%) ~     0 (  0)
 6.9i   98061401: SNP.CT                    2 (100%) ~     0 (  0)
 6.9i   98064333: SNP.GA                    2 (100%) ~     0 (  0)
 6.9i   98064362: SNP.TC                    3 (100%) ~     0 (  0)
 6.9i   98078571: SNP.CA                    2 (100%) ~     0 (  0)
 6.9i   98144613: SNP.CT                    2 (  7%) ~     0 (  0)
 6.8e   98157331: SNP.CG                  445 (100%) ~     0 (  0)
 6.7i   98157590: SNP.CT                    3 (100%) ~     0 (  0)
 6.6i   98165357: SNP.GC                    2 ( 14%) ~     0 (  0)
 6.6e   98185526: SNP.AG                  436 (100%) ~     0 (  0)
 6.6e   98186076: SNP.TC                  345 (100%) ~     0 (  0)
 6.3i   98206247: SNP.TA                    2 (  7%) ~     0 (  0)
 6.3i   98233529: SNP.GC                    2 (100%) ~     0 (  0)
 6.3i   98248417: SNP.TC                    2 (100%) ~     0 (  0)
 6.3i   98263609: SNP.CT                    2 (100%) ~     0 (  0)
 6.3i   98265273: DEL.T                     2 (100%) ~     0 (  0)
 6.3i   98273734: SNP.CT                    2 (100%) ~     0 (  0)
 6.2i   98294255: DEL.A                     3 (100%) ~     0 (  0)
 6.2i   98320385: SNP.TG                    3 (  9%) ~     0 (  0)
 6.2i   98320407: SNP.CT                   47 (100%) ~     0 (  0)
 6.2i   98320491: SNP.CA                  135 ( 53%) ~     0 (  0)
 6.2i   98321491: SNP.TA                    2 (100%) ~     0 (  0)
 6.2i   98339685: SNP.GT                    2 (100%) ~     0 (  0)
 6.2i   98345018: SNP.GA                    2 (100%) ~     0 (  0)
 6.2i   98345061: SNP.TC                    2 (100%) ~     0 (  0)
 6.2e   98348884: SNP.AG     85:A>G       341 ( 56%) ~     0 (  0)
 6.1i   98372912: SNP.GT                    2 (100%) ~     0 (  0)
 6.1i   98386398: SNP.AC                   41 (  7%) ~     0 (  0)
 6.1i   98386401: SNP.AC                   97 ( 15%) ~     0 (  0)
Removing 10    6.24e 97544626:SNP.CA
Removing 11    6.11e 98058898:SNP.CA
Removing 12    6.2e 98348907:SNP.CT,  6.12e 98039498:SNP.CA
Removing 13    6.14e 97981342:SNP.AC
Removing 2B    6.15i 97915613:SNP.CT,  6.14e 97981394:SNP.TC
Removing 2A    6.15i 97915613:SNP.CT
Removing 3     6.15e 97915621:DEL.G
Removing 4     6.14e 97981420:SNP.CT
Removing 5     6.14e 97981394:SNP.TC
Removing 6     6.19e 97770919:SNP.CT
Removing 7     6.4e 98205970:DEL.ATGA
Removing 8     6.8e 98157331:SNP.CT
Initial status
  CYP2D6.1
  CYP2D6.9B
    6.22e          97564153:SNP.CT    0 (  0)   2657:C>T
    6.2e           98348884:SNP.AG  341 ( 56) F 85:A>G
  CYP2D6.9
    6.2e           98348884:SNP.AG  341 ( 56) F 85:A>G
== Copy Number Estimator ==
CNV factor: 1.97335163758 (0.506752056227)
Coverage per region
  region:  2D6  2D7
  1e   :  1.74
  1i   :  2.19
  2e   :  2.14
  2i   :  2.04
  3e   :  1.90
  3i   :  2.02
  4e   :  2.42
  4i   :  2.35
  5e   :  1.87
  5i   :  2.03
  6e   :  2.19
  6i   :  2.57
  7e   :  2.53
  7i   :  2.38
  8e   :  2.24
  8i   :  2.27
  9e   :  3.46
  9i   :  3.25
  10e  :  2.42
  10i  :  2.20
  11e  :  1.53
  11i  :  2.54
  12e  :  1.98
  12i  :  2.54
  13e  :  1.96
  13i  :  2.41
  14e  :  2.41
  14i  :  3.02
  15e  :  2.06
  15i  :  2.40
  16e  :  2.27
  16i  :  2.62
  17e  :  2.02
  17i  :  2.59
  18e  :  2.01
  18i  :  1.91
  19e  :  1.54
  19i  :  2.14
  20e  :  1.77
  20i  :  2.61
  21e  :  2.18
  21i  :  2.57
  22e  :  2.59
  22i  :  2.76
  23e  :  1.78
  23i  :  2.29
  24e  :  2.13
Max. CN = 3
M  Sentinel contraint for 1: A_1^ <= A_1
M  Contraint for 24e: 2.12847730944 == E_24e + <gurobi.LinExpr: A1 + A1^>
M  Contraint for 7e: 2.52921636461 == E_7e + <gurobi.LinExpr: A1 + A1^>
M  Contraint for 12e: 1.98338560585 == E_12e + <gurobi.LinExpr: A1 + A1^>
M  Contraint for 16e: 2.26520722352 == E_16e + <gurobi.LinExpr: A1 + A1^>
M  Contraint for 22e: 2.58891716866 == E_22e + <gurobi.LinExpr: A1 + A1^>
M  Contraint for 9e: 3.46007981457 == E_9e + <gurobi.LinExpr: A1 + A1^>
M  Contraint for 10e: 2.41537645278 == E_10e + <gurobi.LinExpr: A1 + A1^>
M  Contraint for 14e: 2.4092973511 == E_14e + <gurobi.LinExpr: A1 + A1^>
M  Contraint for 20e: 1.76837499627 == E_20e + <gurobi.LinExpr: A1 + A1^>
M  Contraint for 1e: 1.73604235744 == E_1e + <gurobi.LinExpr: A1 + A1^>
M  Contraint for 5e: 1.86575666532 == E_5e + <gurobi.LinExpr: A1 + A1^>
M  Contraint for 3e: 1.90147369352 == E_3e + <gurobi.LinExpr: A1 + A1^>
M  Contraint for 11e: 1.53129542868 == E_11e + <gurobi.LinExpr: A1 + A1^>
M  Contraint for 6e: 2.18571877609 == E_6e + <gurobi.LinExpr: A1 + A1^>
M  Contraint for 13e: 1.95766290051 == E_13e + <gurobi.LinExpr: A1 + A1^>
M  Contraint for 23e: 1.77685740753 == E_23e + <gurobi.LinExpr: A1 + A1^>
M  Contraint for 17e: 2.01603316703 == E_17e + <gurobi.LinExpr: A1 + A1^>
M  Contraint for 8e: 2.24390588658 == E_8e + <gurobi.LinExpr: A1 + A1^>
M  Contraint for 21e: 2.17531221195 == E_21e + <gurobi.LinExpr: A1 + A1^>
M  Contraint for 15e: 2.06166273608 == E_15e + <gurobi.LinExpr: A1 + A1^>
M  Contraint for 19e: 1.53751660683 == E_19e + <gurobi.LinExpr: A1 + A1^>
M  Contraint for 18e: 2.00751644265 == E_18e + <gurobi.LinExpr: A1 + A1^>
M  Contraint for 2e: 2.14063234239 == E_2e + <gurobi.LinExpr: A1 + A1^>
M  Contraint for 4e: 2.41702549319 == E_4e + <gurobi.LinExpr: A1 + A1^>
M  Objective: <gurobi.LinExpr: C26 + C27 + C28 + C29 + C30 + C31 + C32 + C33 + C34 + C35 + C36 + C37 + C38 + C39 + C40 + C41 + C42 + C43 + C44 + C45 + C46 + C47 + C48 + C49 + 0.5 A1 + 0.5 A1^>
CN Solver status: optimal, opt: 7.9860130787
  Solutions:
    ('1', '1^')
== Initial Solver ==
Solving Counter({'1': 2})
Possible candidates:
  CYP2D6.1
  CYP2D6.9
    6.2e 98348884:SNP.AG  341 ( 56) F 85:A>G
M  Max. CN for 1 = 2
M  Max. CN for 9 = 2
M  Contraint for 98348884:SNP.AG 6.2e: 341 == <gurobi.QuadExpr: 0.0 + [ 305.0 REG_9_98348884:SNP.AG * 9 + 305.0 REG_9_2_98348884:SNP.AG * 9_2 ]> + err
M  Contraint for 98348884:REF 6.2e: 269 == <gurobi.QuadExpr: 305.0 1 + 305.0 9 + 305.0 1_2 + 305.0 9_2 + [ -305.0 REG_9_98348884:SNP.AG * 9 + -305.0 REG_9_2_98348884:SNP.AG * 9_2 ]> + err
M  Contraint for 9 98348884:SNP.AG: <gurobi.Var 9> >= <gurobi.Var REG_9_98348884:SNP.AG>
M  Contraint for 9_2 98348884:SNP.AG: <gurobi.Var 9_2> >= <gurobi.Var REG_9_2_98348884:SNP.AG>
M  CN contraint for 1: 2 == <gurobi.LinExpr: 1 + 9 + 1_2 + 9_2>
M  Sentinel contraint for 1: A_1_2 <= A_1
M  Sentinel contraint for 9: A_9_2 <= A_9
M  Objective: <gurobi.LinExpr: C9 + C10>
M  Contraint for 9: A_9 * (<gurobi.LinExpr: REG_9_98348884:SNP.AG> - 1) == 0
M  Contraint for 9_2: A_9_2 * (<gurobi.LinExpr: REG_9_2_98348884:SNP.AG> - 1) == 0
M  Contraint for 98348884:SNP.AG: 1 <= <gurobi.QuadExpr: 0.0 + [ 9 * REG_9_98348884:SNP.AG + 9_2 * REG_9_2_98348884:SNP.AG ]>
M  Contraint for 98348884:SNP.AG: 1 <= <gurobi.QuadExpr: 0.0 + [ 9 * REG_9_98348884:SNP.AG + 9_2 * REG_9_2_98348884:SNP.AG ]>
CN Solver status: optimal, opt: 72.0
  solution:
    ('1', '9')
[32;01mCopy number best structures:[39;49;00m
[32;01m  (1) 2x*1-like[39;49;00m
== Refiner ==
Refining ('1', '9')
M  CN constraint for 1: 1 == <gurobi.LinExpr: 1>
M  CN constraint for 9: 1 == <gurobi.LinExpr: 9 + 9B>
M  Contraint for 97564153:SNP.CT 6.22e: 0 == <gurobi.QuadExpr: 0.0 + [ 284.5 EXT_1_97564153:SNP.CT * 1 + 284.5 EXT_9_97564153:SNP.CT * 9 + 284.5 REG_9B_97564153:SNP.CT * 9B ]> + err
M  Contraint for 98348884:SNP.AG 6.2e: 341 == <gurobi.QuadExpr: 0.0 + [ 305.0 EXT_1_98348884:SNP.AG * 1 + 305.0 REG_9_98348884:SNP.AG * 9 + 305.0 REG_9B_98348884:SNP.AG * 9B ]> + err
M  Contraint for 98348884:REF 6.2e: 269 == <gurobi.QuadExpr: 305.0 1 + 305.0 9 + 305.0 9B + [ -305.0 EXT_1_98348884:SNP.AG * 1 + -305.0 REG_9_98348884:SNP.AG * 9 + -305.0 REG_9B_98348884:SNP.AG * 9B ]> + err
M  Contraint for 97564153:REF 6.22e: 569 == <gurobi.QuadExpr: 284.5 1 + 284.5 9 + 284.5 9B + [ -284.5 EXT_1_97564153:SNP.CT * 1 + -284.5 EXT_9_97564153:SNP.CT * 9 + -284.5 REG_9B_97564153:SNP.CT * 9B ]> + err
M  Contraint for MM[missing] 9 98348884:SNP.AG: <gurobi.Var 9> >= <gurobi.Var REG_9_98348884:SNP.AG>
M  Contraint for MM[missing] 9B 97564153:SNP.CT: <gurobi.Var 9B> >= <gurobi.Var REG_9B_97564153:SNP.CT>
M  Contraint for MM[missing] 9B 98348884:SNP.AG: <gurobi.Var 9B> >= <gurobi.Var REG_9B_98348884:SNP.AG>
M  Contraint for MA[extra] 1 97564153:SNP.CT: <gurobi.Var 1> >= <gurobi.Var EXT_1_97564153:SNP.CT>
M  Contraint for MA[extra] 1 98348884:SNP.AG: <gurobi.Var 1> >= <gurobi.Var EXT_1_98348884:SNP.AG>
M  Contraint for MA[extra] 9 97564153:SNP.CT: <gurobi.Var 9> >= <gurobi.Var EXT_9_97564153:SNP.CT>
M  Objective: <gurobi.LinExpr: C13 + C14 + C15 + C16 + EXT_1_97564153:SNP.CT + EXT_1_98348884:SNP.AG + EXT_9_97564153:SNP.CT + W>
M  Contraint for 9: <gurobi.LinExpr: REG_9_98348884:SNP.AG> = 1 * A_<gurobi.Var 9>
M  Contraint for 9B: <gurobi.LinExpr: REG_9B_98348884:SNP.AG> = 1 * A_<gurobi.Var 9B>
M  Contraint for 97564153:SNP.CT: 0 >= <gurobi.LinExpr: REG_9B_97564153:SNP.CT>
M  Contraint for 97564153:SNP.CT: 0 <= <gurobi.QuadExpr: 0.0 + [ REG_9B_97564153:SNP.CT * 9B + EXT_1_97564153:SNP.CT * 1 + EXT_9_97564153:SNP.CT * 9 ]> <= 1
M  Contraint for 98348884:SNP.AG: 1 <= <gurobi.QuadExpr: 0.0 + [ REG_9_98348884:SNP.AG * 9 + REG_9B_98348884:SNP.AG * 9B ]> <= 2
M  Contraint for 98348884:SNP.AG: <gurobi.QuadExpr: 0.0 + [ REG_9_98348884:SNP.AG * 9 + REG_9B_98348884:SNP.AG * 9B ]> <= 2
CN Solver status: optimal, opt: 72.0
  1: 1
  9: 1
    6.2e 98348884:SNP.AG  341 ( 56 cp. 1) F
Missing:
  1: 1
  9: 1
Extra:
  1: 1
  9: 1
Time needed: (27.1)
Result is: [('1', '9')]
