SAM file: bams/PGXT145.bam
File bams/PGXT145.bam has index
Coverage is 188.762974907
== Allele Filter ==
 6.0i   99245913: SNP.GA     31611:C>T    443 (100%) ~     1 (  0)
 6.11i  99249887: SNP.AT                    2 (  5%) ~     0 (  0)
 6.10i  99250813: SNP.TA                    2 ( 50%) ~     0 (  0)
 6.10i  99256914: SNP.AG                    2 (100%) ~     0 (  0)
 6.10i  99257832: SNP.AC                    2 (  6%) ~     0 (  0)
 6.10i  99257834: SNP.TC                    2 (  5%) ~     0 (  0)
 6.10i  99257836: SNP.CT                    3 (  8%) ~     0 (  0)
 6.10i  99257837: SNP.TC                    4 ( 11%) ~     0 (  0)
 6.9i   99260360: SNP.AC                   29 ( 10%) ~     0 (  0)
 6.9i   99260371: SNP.AT                   17 (  5%) ~     0 (  0)
 6.9i   99260385: SNP.GC                   60 ( 16%) ~     0 (  0)
 6.9i   99260389: SNP.TC                   38 ( 10%) ~     0 (  0)
 6.9i   99260401: SNP.TC                   70 ( 17%) ~     0 (  0)
 6.7i   99262048: SNP.CT                    2 ( 50%) ~     0 (  0)
 6.7i   99262090: SNP.AG                    2 ( 50%) ~     0 (  0)
 6.7i   99262571: SNP.GA                   11 (100%) ~     0 (  0)
 6.4i   99264863: SNP.TG                    2 ( 40%) ~     0 (  0)
 6.4i   99268740: DEL.TG                   45 ( 13%) ~     0 (  0)
 6.4i   99268785: SNP.GT                   18 (  8%) ~     0 (  0)
 6.4i   99268787: SNP.AT                   16 (  8%) ~     0 (  0)
 6.4i   99268792: SNP.AG                   18 (  8%) ~     0 (  0)
 6.4i   99268886: SNP.TG                   78 ( 29%) ~     0 (  0)
 6.4i   99268893: SNP.GT                   26 ( 10%) ~     0 (  0)
 6.4i   99268895: SNP.AT                   19 (  7%) ~     0 (  0)
 6.4i   99268907: SNP.GA                   14 (  5%) ~     0 (  0)
 6.4i   99270036: SNP.AG                    2 ( 14%) ~     0 (  0)
 6.3i   99270538: SNP.TC     6986:A>G     477 (100%) ~     0 (  0)
 6.3i   99270808: SNP.TC                    2 (  8%) ~     0 (  0)
 6.1i   99276578: SNP.CT                    2 ( 14%) ~     0 (  0)
Removing 2     6.11e 99250235:SNP.GT
Removing 3K    6.12e 99247771:SNP.AG
Removing 3J    6.12e 99247742:SNP.TC
Removing 3L    6.2e 99273744:SNP.TC
Removing 3B    6.2e 99273814:SNP.GA,  6.2e 99273810:INS.c
Removing 3G    6.5i 99264572:SNP.AG
Removing 3F    6.13e 99245973:SNP.AG
Removing 3D    6.4e 99270275:SNP.AC
Removing 4     6.7e 99262859:SNP.TC
Removing 5     6.5i 99264572:SNP.AG
Removing 6     6.7e 99262834:SNP.CT
Removing 7     6.11e 99250393:INS.a
Removing 8     6.2e 99273820:SNP.GA
Removing 9X    6.10e 99258138:SNP.CT
Removing 9     6.10e 99258138:SNP.CT
Initial status
  CYP2D6.1C
                   99277592:SNP.GA    0 (  0)   -74:C>T
  CYP2D6.1E
    6.9i           99260361:SNP.CA    0 (  0)   17163:G>T
  CYP2D6.1D
    6.0i           99245913:SNP.GA  443 (100)   31611:C>T
  CYP2D6.1
  CYP2D6.1B
                   99277604:SNP.CT    0 (  0)   -86:G>A
  CYP2D6.3H
    6.0i           99245913:SNP.GA  443 (100)   31611:C>T
    6.5i           99264416:SNP.AG    0 (  0)   13108:T>C
    6.3i           99270538:SNP.TC  477 (100) F 6986:A>G
  CYP2D6.3C
    6.3i           99270538:SNP.TC  477 (100) F 6986:A>G
  CYP2D6.3A
    6.0i           99245913:SNP.GA  443 (100)   31611:C>T
    6.3i           99270538:SNP.TC  477 (100) F 6986:A>G
  CYP2D6.3E
    6.0i           99245913:SNP.GA  443 (100)   31611:C>T
    6.10i          99250474:SNP.TC    0 (  0)   27050:A>G
    6.3i           99270538:SNP.TC  477 (100) F 6986:A>G
  CYP2D6.3I
    6.0i           99245913:SNP.GA  443 (100)   31611:C>T
    6.8i           99260621:SNP.TC    0 (  0)   16903:A>G
    6.3i           99270538:SNP.TC  477 (100) F 6986:A>G
== Copy Number Estimator ==
CNV factor: 2.15319101585 (0.464426979603)
Coverage per region
  region:  2D6  2D7
  0i   :  1.90
  1e   :  1.97
  1i   :  2.17
  2e   :  2.24
  2i   :  2.44
  3e   :  2.49
  3i   :  2.05
  4e   :  1.92
  4i   :  2.27
  5e   :  2.23
  5i   :  1.84
  6e   :  1.97
  6i   :  1.96
  7e   :  2.05
  7i   :  2.39
  8e   :  2.43
  8i   :  2.03
  9e   :  2.14
  9i   :  2.00
  10e  :  2.29
  10i  :  2.25
  11e  :  2.07
  11i  :  2.01
  12e  :  1.80
  12i  :  1.97
  13e  :  2.18
Max. CN = 2
M  Sentinel contraint for 1: A_1^ <= A_1
M  Contraint for 7e: 2.05351501549 == E_7e + <gurobi.LinExpr: A1 + A1^>
M  Contraint for 6e: 1.96880253309 == E_6e + <gurobi.LinExpr: A1 + A1^>
M  Contraint for 9e: 2.14439869021 == E_9e + <gurobi.LinExpr: A1 + A1^>
M  Contraint for 8e: 2.42698845927 == E_8e + <gurobi.LinExpr: A1 + A1^>
M  Contraint for 2e: 2.23632993561 == E_2e + <gurobi.LinExpr: A1 + A1^>
M  Contraint for 1e: 1.96582632532 == E_1e + <gurobi.LinExpr: A1 + A1^>
M  Contraint for 5e: 2.22984926079 == E_5e + <gurobi.LinExpr: A1 + A1^>
M  Contraint for 4e: 1.91536425701 == E_4e + <gurobi.LinExpr: A1 + A1^>
M  Contraint for 3e: 2.49262512405 == E_3e + <gurobi.LinExpr: A1 + A1^>
M  Objective: <gurobi.LinExpr: C11 + C12 + C13 + C14 + C15 + C16 + C17 + C18 + C19 + 0.5 A1 + 0.5 A1^>
CN Solver status: optimal, opt: 2.73371337001
  Solutions:
    ('1', '1^')
== Initial Solver ==
Solving Counter({'1': 2})
Possible candidates:
  CYP2D6.1
  CYP2D6.3A
    6.3i 99270538:SNP.TC  477 (100) F 6986:A>G
M  Max. CN for 1 = 2
M  Max. CN for 3A = 2
M  Contraint for 99270538:SNP.TC 6.3i: 477 == <gurobi.QuadExpr: 0.0 + [ 239.0 REG_3A_99270538:SNP.TC * 3A + 239.0 REG_3A_2_99270538:SNP.TC * 3A_2 ]> + err
M  Contraint for 99270538:REF 6.3i: 1 == <gurobi.QuadExpr: 239.0 1 + 239.0 3A + 239.0 3A_2 + 239.0 1_2 + [ -239.0 REG_3A_99270538:SNP.TC * 3A + -239.0 REG_3A_2_99270538:SNP.TC * 3A_2 ]> + err
M  Contraint for 3A 99270538:SNP.TC: <gurobi.Var 3A> >= <gurobi.Var REG_3A_99270538:SNP.TC>
M  Contraint for 3A_2 99270538:SNP.TC: <gurobi.Var 3A_2> >= <gurobi.Var REG_3A_2_99270538:SNP.TC>
M  CN contraint for 1: 2 == <gurobi.LinExpr: 1 + 3A + 3A_2 + 1_2>
M  Sentinel contraint for 1: A_1_2 <= A_1
M  Sentinel contraint for 3A: A_3A_2 <= A_3A
M  Objective: <gurobi.LinExpr: C9 + C10>
M  Contraint for 3A: A_3A * (<gurobi.LinExpr: REG_3A_99270538:SNP.TC> - 1) == 0
M  Contraint for 3A_2: A_3A_2 * (<gurobi.LinExpr: REG_3A_2_99270538:SNP.TC> - 1) == 0
M  Contraint for 99270538:SNP.TC: 1 <= <gurobi.QuadExpr: 0.0 + [ 3A * REG_3A_99270538:SNP.TC + 3A_2 * REG_3A_2_99270538:SNP.TC ]>
M  Contraint for 99270538:SNP.TC: 1 <= <gurobi.QuadExpr: 0.0 + [ 3A * REG_3A_99270538:SNP.TC + 3A_2 * REG_3A_2_99270538:SNP.TC ]>
CN Solver status: optimal, opt: 2.0
  solution:
    ('3A', '3A')
[32;01mCopy number best structures:[39;49;00m
[32;01m  (1) 2x*1-like[39;49;00m
== Refiner ==
Refining ('3A', '3A')
M  Sentinel constraint for 3I: A_3I_2 <= A_3I
M  Sentinel constraint for 3H: A_3H_2 <= A_3H
M  Sentinel constraint for 3C: A_3C_2 <= A_3C
M  Sentinel constraint for 3A: A_3A_2 <= A_3A
M  Sentinel constraint for 3E: A_3E_2 <= A_3E
M  CN constraint for 3A: 2 == <gurobi.LinExpr: 3H + 3C_2 + 3I + 3H_2 + 3A_2 + 3E_2 + 3C + 3A + 3I_2 + 3E>
M  Contraint for 99250474:SNP.TC 6.10i: 0 == <gurobi.QuadExpr: 0.0 + [ 152.0 EXT_3C_2_99250474:SNP.TC * 3C_2 + 152.0 EXT_3H_2_99250474:SNP.TC * 3H_2 + 152.0 EXT_3I_99250474:SNP.TC * 3I + 152.0 EXT_3H_99250474:SNP.TC * 3H + 152.0 EXT_3A_2_99250474:SNP.TC * 3A_2 + 152.0 REG_3E_2_99250474:SNP.TC * 3E_2 + 152.0 EXT_3C_99250474:SNP.TC * 3C + 152.0 EXT_3A_99250474:SNP.TC * 3A + 152.0 EXT_3I_2_99250474:SNP.TC * 3I_2 + 152.0 REG_3E_99250474:SNP.TC * 3E ]> + err
M  Contraint for 99260621:SNP.TC 6.8i: 0 == <gurobi.QuadExpr: 0.0 + [ 407.0 EXT_3C_2_99260621:SNP.TC * 3C_2 + 407.0 EXT_3H_2_99260621:SNP.TC * 3H_2 + 407.0 REG_3I_99260621:SNP.TC * 3I + 407.0 EXT_3H_99260621:SNP.TC * 3H + 407.0 EXT_3A_2_99260621:SNP.TC * 3A_2 + 407.0 EXT_3E_2_99260621:SNP.TC * 3E_2 + 407.0 EXT_3C_99260621:SNP.TC * 3C + 407.0 EXT_3A_99260621:SNP.TC * 3A + 407.0 REG_3I_2_99260621:SNP.TC * 3I_2 + 407.0 EXT_3E_99260621:SNP.TC * 3E ]> + err
M  Contraint for 99270538:REF 6.3i: 1 == <gurobi.QuadExpr: 239.0 3C_2 + 239.0 3H_2 + 239.0 3I + 239.0 3H + 239.0 3A_2 + 239.0 3E_2 + 239.0 3C + 239.0 3A + 239.0 3I_2 + 239.0 3E + [ -239.0 REG_3C_2_99270538:SNP.TC * 3C_2 + -239.0 REG_3H_2_99270538:SNP.TC * 3H_2 + -239.0 REG_3I_99270538:SNP.TC * 3I + -239.0 REG_3H_99270538:SNP.TC * 3H + -239.0 REG_3A_2_99270538:SNP.TC * 3A_2 + -239.0 REG_3E_2_99270538:SNP.TC * 3E_2 + -239.0 REG_3C_99270538:SNP.TC * 3C + -239.0 REG_3A_99270538:SNP.TC * 3A + -239.0 REG_3I_2_99270538:SNP.TC * 3I_2 + -239.0 REG_3E_99270538:SNP.TC * 3E ]> + err
M  Contraint for 99260621:REF 6.8i: 814 == <gurobi.QuadExpr: 407.0 3C_2 + 407.0 3H_2 + 407.0 3I + 407.0 3H + 407.0 3A_2 + 407.0 3E_2 + 407.0 3C + 407.0 3A + 407.0 3I_2 + 407.0 3E + [ -407.0 EXT_3C_2_99260621:SNP.TC * 3C_2 + -407.0 EXT_3H_2_99260621:SNP.TC * 3H_2 + -407.0 REG_3I_99260621:SNP.TC * 3I + -407.0 EXT_3H_99260621:SNP.TC * 3H + -407.0 EXT_3A_2_99260621:SNP.TC * 3A_2 + -407.0 EXT_3E_2_99260621:SNP.TC * 3E_2 + -407.0 EXT_3C_99260621:SNP.TC * 3C + -407.0 EXT_3A_99260621:SNP.TC * 3A + -407.0 REG_3I_2_99260621:SNP.TC * 3I_2 + -407.0 EXT_3E_99260621:SNP.TC * 3E ]> + err
M  Contraint for 99245913:SNP.GA 6.0i: 443 == <gurobi.QuadExpr: 0.0 + [ 223.0 EXT_3C_2_99245913:SNP.GA * 3C_2 + 223.0 REG_3H_2_99245913:SNP.GA * 3H_2 + 223.0 REG_3I_99245913:SNP.GA * 3I + 223.0 REG_3H_99245913:SNP.GA * 3H + 223.0 REG_3A_2_99245913:SNP.GA * 3A_2 + 223.0 REG_3E_2_99245913:SNP.GA * 3E_2 + 223.0 EXT_3C_99245913:SNP.GA * 3C + 223.0 REG_3A_99245913:SNP.GA * 3A + 223.0 REG_3I_2_99245913:SNP.GA * 3I_2 + 223.0 REG_3E_99245913:SNP.GA * 3E ]> + err
M  Contraint for 99264416:SNP.AG 6.5i: 0 == <gurobi.QuadExpr: 0.0 + [ 294.5 EXT_3C_2_99264416:SNP.AG * 3C_2 + 294.5 REG_3H_2_99264416:SNP.AG * 3H_2 + 294.5 EXT_3I_99264416:SNP.AG * 3I + 294.5 REG_3H_99264416:SNP.AG * 3H + 294.5 EXT_3A_2_99264416:SNP.AG * 3A_2 + 294.5 EXT_3E_2_99264416:SNP.AG * 3E_2 + 294.5 EXT_3C_99264416:SNP.AG * 3C + 294.5 EXT_3A_99264416:SNP.AG * 3A + 294.5 EXT_3I_2_99264416:SNP.AG * 3I_2 + 294.5 EXT_3E_99264416:SNP.AG * 3E ]> + err
M  Contraint for 99270538:SNP.TC 6.3i: 477 == <gurobi.QuadExpr: 0.0 + [ 239.0 REG_3C_2_99270538:SNP.TC * 3C_2 + 239.0 REG_3H_2_99270538:SNP.TC * 3H_2 + 239.0 REG_3I_99270538:SNP.TC * 3I + 239.0 REG_3H_99270538:SNP.TC * 3H + 239.0 REG_3A_2_99270538:SNP.TC * 3A_2 + 239.0 REG_3E_2_99270538:SNP.TC * 3E_2 + 239.0 REG_3C_99270538:SNP.TC * 3C + 239.0 REG_3A_99270538:SNP.TC * 3A + 239.0 REG_3I_2_99270538:SNP.TC * 3I_2 + 239.0 REG_3E_99270538:SNP.TC * 3E ]> + err
M  Contraint for 99250474:REF 6.10i: 304 == <gurobi.QuadExpr: 152.0 3C_2 + 152.0 3H_2 + 152.0 3I + 152.0 3H + 152.0 3A_2 + 152.0 3E_2 + 152.0 3C + 152.0 3A + 152.0 3I_2 + 152.0 3E + [ -152.0 EXT_3C_2_99250474:SNP.TC * 3C_2 + -152.0 EXT_3H_2_99250474:SNP.TC * 3H_2 + -152.0 EXT_3I_99250474:SNP.TC * 3I + -152.0 EXT_3H_99250474:SNP.TC * 3H + -152.0 EXT_3A_2_99250474:SNP.TC * 3A_2 + -152.0 REG_3E_2_99250474:SNP.TC * 3E_2 + -152.0 EXT_3C_99250474:SNP.TC * 3C + -152.0 EXT_3A_99250474:SNP.TC * 3A + -152.0 EXT_3I_2_99250474:SNP.TC * 3I_2 + -152.0 REG_3E_99250474:SNP.TC * 3E ]> + err
M  Contraint for 99245913:REF 6.0i: 3 == <gurobi.QuadExpr: 223.0 3C_2 + 223.0 3H_2 + 223.0 3I + 223.0 3H + 223.0 3A_2 + 223.0 3E_2 + 223.0 3C + 223.0 3A + 223.0 3I_2 + 223.0 3E + [ -223.0 EXT_3C_2_99245913:SNP.GA * 3C_2 + -223.0 REG_3H_2_99245913:SNP.GA * 3H_2 + -223.0 REG_3I_99245913:SNP.GA * 3I + -223.0 REG_3H_99245913:SNP.GA * 3H + -223.0 REG_3A_2_99245913:SNP.GA * 3A_2 + -223.0 REG_3E_2_99245913:SNP.GA * 3E_2 + -223.0 EXT_3C_99245913:SNP.GA * 3C + -223.0 REG_3A_99245913:SNP.GA * 3A + -223.0 REG_3I_2_99245913:SNP.GA * 3I_2 + -223.0 REG_3E_99245913:SNP.GA * 3E ]> + err
M  Contraint for 99264416:REF 6.5i: 589 == <gurobi.QuadExpr: 294.5 3C_2 + 294.5 3H_2 + 294.5 3I + 294.5 3H + 294.5 3A_2 + 294.5 3E_2 + 294.5 3C + 294.5 3A + 294.5 3I_2 + 294.5 3E + [ -294.5 EXT_3C_2_99264416:SNP.AG * 3C_2 + -294.5 REG_3H_2_99264416:SNP.AG * 3H_2 + -294.5 EXT_3I_99264416:SNP.AG * 3I + -294.5 REG_3H_99264416:SNP.AG * 3H + -294.5 EXT_3A_2_99264416:SNP.AG * 3A_2 + -294.5 EXT_3E_2_99264416:SNP.AG * 3E_2 + -294.5 EXT_3C_99264416:SNP.AG * 3C + -294.5 EXT_3A_99264416:SNP.AG * 3A + -294.5 EXT_3I_2_99264416:SNP.AG * 3I_2 + -294.5 EXT_3E_99264416:SNP.AG * 3E ]> + err
M  Contraint for MM[missing] 3H 99270538:SNP.TC: <gurobi.Var 3H> >= <gurobi.Var REG_3H_99270538:SNP.TC>
M  Contraint for MM[missing] 3H 99245913:SNP.GA: <gurobi.Var 3H> >= <gurobi.Var REG_3H_99245913:SNP.GA>
M  Contraint for MM[missing] 3H 99264416:SNP.AG: <gurobi.Var 3H> >= <gurobi.Var REG_3H_99264416:SNP.AG>
M  Contraint for MM[missing] 3C_2 99270538:SNP.TC: <gurobi.Var 3C_2> >= <gurobi.Var REG_3C_2_99270538:SNP.TC>
M  Contraint for MM[missing] 3I 99270538:SNP.TC: <gurobi.Var 3I> >= <gurobi.Var REG_3I_99270538:SNP.TC>
M  Contraint for MM[missing] 3I 99245913:SNP.GA: <gurobi.Var 3I> >= <gurobi.Var REG_3I_99245913:SNP.GA>
M  Contraint for MM[missing] 3I 99260621:SNP.TC: <gurobi.Var 3I> >= <gurobi.Var REG_3I_99260621:SNP.TC>
M  Contraint for MM[missing] 3H_2 99270538:SNP.TC: <gurobi.Var 3H_2> >= <gurobi.Var REG_3H_2_99270538:SNP.TC>
M  Contraint for MM[missing] 3H_2 99245913:SNP.GA: <gurobi.Var 3H_2> >= <gurobi.Var REG_3H_2_99245913:SNP.GA>
M  Contraint for MM[missing] 3H_2 99264416:SNP.AG: <gurobi.Var 3H_2> >= <gurobi.Var REG_3H_2_99264416:SNP.AG>
M  Contraint for MM[missing] 3A_2 99270538:SNP.TC: <gurobi.Var 3A_2> >= <gurobi.Var REG_3A_2_99270538:SNP.TC>
M  Contraint for MM[missing] 3A_2 99245913:SNP.GA: <gurobi.Var 3A_2> >= <gurobi.Var REG_3A_2_99245913:SNP.GA>
M  Contraint for MM[missing] 3E_2 99270538:SNP.TC: <gurobi.Var 3E_2> >= <gurobi.Var REG_3E_2_99270538:SNP.TC>
M  Contraint for MM[missing] 3E_2 99245913:SNP.GA: <gurobi.Var 3E_2> >= <gurobi.Var REG_3E_2_99245913:SNP.GA>
M  Contraint for MM[missing] 3E_2 99250474:SNP.TC: <gurobi.Var 3E_2> >= <gurobi.Var REG_3E_2_99250474:SNP.TC>
M  Contraint for MM[missing] 3C 99270538:SNP.TC: <gurobi.Var 3C> >= <gurobi.Var REG_3C_99270538:SNP.TC>
M  Contraint for MM[missing] 3A 99270538:SNP.TC: <gurobi.Var 3A> >= <gurobi.Var REG_3A_99270538:SNP.TC>
M  Contraint for MM[missing] 3A 99245913:SNP.GA: <gurobi.Var 3A> >= <gurobi.Var REG_3A_99245913:SNP.GA>
M  Contraint for MM[missing] 3I_2 99270538:SNP.TC: <gurobi.Var 3I_2> >= <gurobi.Var REG_3I_2_99270538:SNP.TC>
M  Contraint for MM[missing] 3I_2 99245913:SNP.GA: <gurobi.Var 3I_2> >= <gurobi.Var REG_3I_2_99245913:SNP.GA>
M  Contraint for MM[missing] 3I_2 99260621:SNP.TC: <gurobi.Var 3I_2> >= <gurobi.Var REG_3I_2_99260621:SNP.TC>
M  Contraint for MM[missing] 3E 99270538:SNP.TC: <gurobi.Var 3E> >= <gurobi.Var REG_3E_99270538:SNP.TC>
M  Contraint for MM[missing] 3E 99245913:SNP.GA: <gurobi.Var 3E> >= <gurobi.Var REG_3E_99245913:SNP.GA>
M  Contraint for MM[missing] 3E 99250474:SNP.TC: <gurobi.Var 3E> >= <gurobi.Var REG_3E_99250474:SNP.TC>
M  Contraint for MA[extra] 3H 99250474:SNP.TC: <gurobi.Var 3H> >= <gurobi.Var EXT_3H_99250474:SNP.TC>
M  Contraint for MA[extra] 3H 99260621:SNP.TC: <gurobi.Var 3H> >= <gurobi.Var EXT_3H_99260621:SNP.TC>
M  Contraint for MA[extra] 3C_2 99250474:SNP.TC: <gurobi.Var 3C_2> >= <gurobi.Var EXT_3C_2_99250474:SNP.TC>
M  Contraint for MA[extra] 3C_2 99245913:SNP.GA: <gurobi.Var 3C_2> >= <gurobi.Var EXT_3C_2_99245913:SNP.GA>
M  Contraint for MA[extra] 3C_2 99264416:SNP.AG: <gurobi.Var 3C_2> >= <gurobi.Var EXT_3C_2_99264416:SNP.AG>
M  Contraint for MA[extra] 3C_2 99260621:SNP.TC: <gurobi.Var 3C_2> >= <gurobi.Var EXT_3C_2_99260621:SNP.TC>
M  Contraint for MA[extra] 3I 99250474:SNP.TC: <gurobi.Var 3I> >= <gurobi.Var EXT_3I_99250474:SNP.TC>
M  Contraint for MA[extra] 3I 99264416:SNP.AG: <gurobi.Var 3I> >= <gurobi.Var EXT_3I_99264416:SNP.AG>
M  Contraint for MA[extra] 3H_2 99250474:SNP.TC: <gurobi.Var 3H_2> >= <gurobi.Var EXT_3H_2_99250474:SNP.TC>
M  Contraint for MA[extra] 3H_2 99260621:SNP.TC: <gurobi.Var 3H_2> >= <gurobi.Var EXT_3H_2_99260621:SNP.TC>
M  Contraint for MA[extra] 3A_2 99250474:SNP.TC: <gurobi.Var 3A_2> >= <gurobi.Var EXT_3A_2_99250474:SNP.TC>
M  Contraint for MA[extra] 3A_2 99264416:SNP.AG: <gurobi.Var 3A_2> >= <gurobi.Var EXT_3A_2_99264416:SNP.AG>
M  Contraint for MA[extra] 3A_2 99260621:SNP.TC: <gurobi.Var 3A_2> >= <gurobi.Var EXT_3A_2_99260621:SNP.TC>
M  Contraint for MA[extra] 3E_2 99264416:SNP.AG: <gurobi.Var 3E_2> >= <gurobi.Var EXT_3E_2_99264416:SNP.AG>
M  Contraint for MA[extra] 3E_2 99260621:SNP.TC: <gurobi.Var 3E_2> >= <gurobi.Var EXT_3E_2_99260621:SNP.TC>
M  Contraint for MA[extra] 3C 99250474:SNP.TC: <gurobi.Var 3C> >= <gurobi.Var EXT_3C_99250474:SNP.TC>
M  Contraint for MA[extra] 3C 99245913:SNP.GA: <gurobi.Var 3C> >= <gurobi.Var EXT_3C_99245913:SNP.GA>
M  Contraint for MA[extra] 3C 99264416:SNP.AG: <gurobi.Var 3C> >= <gurobi.Var EXT_3C_99264416:SNP.AG>
M  Contraint for MA[extra] 3C 99260621:SNP.TC: <gurobi.Var 3C> >= <gurobi.Var EXT_3C_99260621:SNP.TC>
M  Contraint for MA[extra] 3A 99250474:SNP.TC: <gurobi.Var 3A> >= <gurobi.Var EXT_3A_99250474:SNP.TC>
M  Contraint for MA[extra] 3A 99264416:SNP.AG: <gurobi.Var 3A> >= <gurobi.Var EXT_3A_99264416:SNP.AG>
M  Contraint for MA[extra] 3A 99260621:SNP.TC: <gurobi.Var 3A> >= <gurobi.Var EXT_3A_99260621:SNP.TC>
M  Contraint for MA[extra] 3I_2 99250474:SNP.TC: <gurobi.Var 3I_2> >= <gurobi.Var EXT_3I_2_99250474:SNP.TC>
M  Contraint for MA[extra] 3I_2 99264416:SNP.AG: <gurobi.Var 3I_2> >= <gurobi.Var EXT_3I_2_99264416:SNP.AG>
M  Contraint for MA[extra] 3E 99264416:SNP.AG: <gurobi.Var 3E> >= <gurobi.Var EXT_3E_99264416:SNP.AG>
M  Contraint for MA[extra] 3E 99260621:SNP.TC: <gurobi.Var 3E> >= <gurobi.Var EXT_3E_99260621:SNP.TC>
M  Objective: <gurobi.LinExpr: C70 + C71 + C72 + C73 + C74 + C75 + C76 + C77 + C78 + C79 + EXT_3C_2_99250474:SNP.TC + EXT_3C_2_99245913:SNP.GA + EXT_3C_2_99264416:SNP.AG + EXT_3C_2_99260621:SNP.TC + EXT_3H_2_99250474:SNP.TC + EXT_3H_2_99260621:SNP.TC + EXT_3I_99250474:SNP.TC + EXT_3I_99264416:SNP.AG + EXT_3H_99250474:SNP.TC + EXT_3H_99260621:SNP.TC + EXT_3A_2_99250474:SNP.TC + EXT_3A_2_99264416:SNP.AG + EXT_3A_2_99260621:SNP.TC + EXT_3E_2_99264416:SNP.AG + EXT_3E_2_99260621:SNP.TC + EXT_3C_99250474:SNP.TC + EXT_3C_99245913:SNP.GA + EXT_3C_99264416:SNP.AG + EXT_3C_99260621:SNP.TC + EXT_3A_99250474:SNP.TC + EXT_3A_99264416:SNP.AG + EXT_3A_99260621:SNP.TC + EXT_3I_2_99250474:SNP.TC + EXT_3I_2_99264416:SNP.AG + EXT_3E_99264416:SNP.AG + EXT_3E_99260621:SNP.TC + W>
M  Contraint for 3C_2: <gurobi.LinExpr: REG_3C_2_99270538:SNP.TC> = 1 * A_<gurobi.Var 3C_2>
M  Contraint for 3H_2: <gurobi.LinExpr: REG_3H_2_99270538:SNP.TC> = 1 * A_<gurobi.Var 3H_2>
M  Contraint for 3I: <gurobi.LinExpr: REG_3I_99270538:SNP.TC> = 1 * A_<gurobi.Var 3I>
M  Contraint for 3H: <gurobi.LinExpr: REG_3H_99270538:SNP.TC> = 1 * A_<gurobi.Var 3H>
M  Contraint for 3A_2: <gurobi.LinExpr: REG_3A_2_99270538:SNP.TC> = 1 * A_<gurobi.Var 3A_2>
M  Contraint for 3E_2: <gurobi.LinExpr: REG_3E_2_99270538:SNP.TC> = 1 * A_<gurobi.Var 3E_2>
M  Contraint for 3C: <gurobi.LinExpr: REG_3C_99270538:SNP.TC> = 1 * A_<gurobi.Var 3C>
M  Contraint for 3A: <gurobi.LinExpr: REG_3A_99270538:SNP.TC> = 1 * A_<gurobi.Var 3A>
M  Contraint for 3I_2: <gurobi.LinExpr: REG_3I_2_99270538:SNP.TC> = 1 * A_<gurobi.Var 3I_2>
M  Contraint for 3E: <gurobi.LinExpr: REG_3E_99270538:SNP.TC> = 1 * A_<gurobi.Var 3E>
M  Contraint for 99264416:SNP.AG: 0 >= <gurobi.LinExpr: REG_3H_2_99264416:SNP.AG + REG_3H_99264416:SNP.AG>
M  Contraint for 99260621:SNP.TC: 0 >= <gurobi.LinExpr: REG_3I_99260621:SNP.TC + REG_3I_2_99260621:SNP.TC>
M  Contraint for 99264416:SNP.AG: 0 >= <gurobi.LinExpr: REG_3H_2_99264416:SNP.AG + REG_3H_99264416:SNP.AG>
M  Contraint for 99250474:SNP.TC: 0 >= <gurobi.LinExpr: REG_3E_2_99250474:SNP.TC + REG_3E_99250474:SNP.TC>
M  Contraint for 99260621:SNP.TC: 0 >= <gurobi.LinExpr: REG_3I_99260621:SNP.TC + REG_3I_2_99260621:SNP.TC>
M  Contraint for 99250474:SNP.TC: 0 >= <gurobi.LinExpr: REG_3E_2_99250474:SNP.TC + REG_3E_99250474:SNP.TC>
M  Contraint for 99245913:SNP.GA: 1 <= <gurobi.QuadExpr: 0.0 + [ REG_3H_2_99245913:SNP.GA * 3H_2 + REG_3I_99245913:SNP.GA * 3I + REG_3H_99245913:SNP.GA * 3H + REG_3A_2_99245913:SNP.GA * 3A_2 + REG_3E_2_99245913:SNP.GA * 3E_2 + REG_3A_99245913:SNP.GA * 3A + REG_3I_2_99245913:SNP.GA * 3I_2 + REG_3E_99245913:SNP.GA * 3E + EXT_3C_2_99245913:SNP.GA * 3C_2 + EXT_3C_99245913:SNP.GA * 3C ]> <= 2
M  Contraint for 99260621:SNP.TC: 0 <= <gurobi.QuadExpr: 0.0 + [ REG_3I_99260621:SNP.TC * 3I + REG_3I_2_99260621:SNP.TC * 3I_2 + EXT_3C_2_99260621:SNP.TC * 3C_2 + EXT_3H_2_99260621:SNP.TC * 3H_2 + EXT_3H_99260621:SNP.TC * 3H + EXT_3A_2_99260621:SNP.TC * 3A_2 + EXT_3E_2_99260621:SNP.TC * 3E_2 + EXT_3C_99260621:SNP.TC * 3C + EXT_3A_99260621:SNP.TC * 3A + EXT_3E_99260621:SNP.TC * 3E ]> <= 1
M  Contraint for 99250474:SNP.TC: 0 <= <gurobi.QuadExpr: 0.0 + [ REG_3E_2_99250474:SNP.TC * 3E_2 + REG_3E_99250474:SNP.TC * 3E + EXT_3C_2_99250474:SNP.TC * 3C_2 + EXT_3H_2_99250474:SNP.TC * 3H_2 + EXT_3I_99250474:SNP.TC * 3I + EXT_3H_99250474:SNP.TC * 3H + EXT_3A_2_99250474:SNP.TC * 3A_2 + EXT_3C_99250474:SNP.TC * 3C + EXT_3A_99250474:SNP.TC * 3A + EXT_3I_2_99250474:SNP.TC * 3I_2 ]> <= 1
M  Contraint for 99270538:SNP.TC: 1 <= <gurobi.QuadExpr: 0.0 + [ REG_3C_2_99270538:SNP.TC * 3C_2 + REG_3H_2_99270538:SNP.TC * 3H_2 + REG_3I_99270538:SNP.TC * 3I + REG_3H_99270538:SNP.TC * 3H + REG_3A_2_99270538:SNP.TC * 3A_2 + REG_3E_2_99270538:SNP.TC * 3E_2 + REG_3C_99270538:SNP.TC * 3C + REG_3A_99270538:SNP.TC * 3A + REG_3I_2_99270538:SNP.TC * 3I_2 + REG_3E_99270538:SNP.TC * 3E ]> <= 2
M  Contraint for 99270538:SNP.TC: <gurobi.QuadExpr: 0.0 + [ REG_3C_2_99270538:SNP.TC * 3C_2 + REG_3H_2_99270538:SNP.TC * 3H_2 + REG_3I_99270538:SNP.TC * 3I + REG_3H_99270538:SNP.TC * 3H + REG_3A_2_99270538:SNP.TC * 3A_2 + REG_3E_2_99270538:SNP.TC * 3E_2 + REG_3C_99270538:SNP.TC * 3C + REG_3A_99270538:SNP.TC * 3A + REG_3I_2_99270538:SNP.TC * 3I_2 + REG_3E_99270538:SNP.TC * 3E ]> <= 2
M  Contraint for 99264416:SNP.AG: 0 <= <gurobi.QuadExpr: 0.0 + [ REG_3H_2_99264416:SNP.AG * 3H_2 + REG_3H_99264416:SNP.AG * 3H + EXT_3C_2_99264416:SNP.AG * 3C_2 + EXT_3I_99264416:SNP.AG * 3I + EXT_3A_2_99264416:SNP.AG * 3A_2 + EXT_3E_2_99264416:SNP.AG * 3E_2 + EXT_3C_99264416:SNP.AG * 3C + EXT_3A_99264416:SNP.AG * 3A + EXT_3I_2_99264416:SNP.AG * 3I_2 + EXT_3E_99264416:SNP.AG * 3E ]> <= 1
CN Solver status: optimal, opt: 8.0
  3A_2: 1
    6.3i 99270538:SNP.TC  477 (100 cp. 2) F
    6.0i 99245913:SNP.GA  443 ( 99 cp. 2) 
  3A: 1
    6.3i 99270538:SNP.TC  477 (100 cp. 2) F
    6.0i 99245913:SNP.GA  443 ( 99 cp. 2) 
Missing:
  3A_2: 1
  3A: 1
Extra:
  3A_2: 1
  3A: 1
Time needed: (7.9)
Result is: [('3A', '3A')]
