SAM file: bams/PGXT204.bam
File bams/PGXT204.bam has index
Coverage is 358.511577942
== Allele Filter ==
Refining indel 42527886:INS.t: from 2 of 252.0 to 3 (indel:total = 2:140)
 6.rep  42521310: SNP.GT                    2 (  6%) ~     2 (100)
 6.rep  42521628: SNP.TG                   14 ( 10%) ~     9 ( 64)
 6.rep  42521638: SNP.TG                    7 (  6%) ~     5 ( 71)
 6.rep  42521648: SNP.TG                    8 (  6%) ~     6 ( 75)
 6.rep  42521928: SNP.AG                  364 ( 51%) ~     0 (  0)
 6.ins  42522073: SNP.AC                  393 ( 56%) ~     0 (  0)
 6.ins  42522137: INS.tgt                 163 ( 33%) ~     3 (  2)
 6.ins  42522311: SNP.CT     4481:G>A     277 ( 71%) ~     0 (  0)
 6.ins  42522497: SNP.GA                   42 (  9%) ~    39 ( 93)
 6.9e   42522612: SNP.CG     4180:G>C     342 ( 52%) ~     0 (  0)
 6.7i   42523002: SNP.GA     3790:C>T     426 ( 77%) ~     0 (  0)
 6.7i   42523208: SNP.CT     3584:G>A     271 ( 53%) ~     0 (  0)
 6.7i   42523314: SNP.TC                   49 (  9%) ~    23 ( 47)
 6.7i   42523408: SNP.TG     3384:A>C     453 ( 66%) ~    18 (  4)
 6.7e   42523527: SNP.CT                  164 ( 17%) ~    37 ( 23)
 6.7e   42523538: SNP.AG     3254:T>C     154 ( 15%) ~    37 ( 24)
 6.7e   42523557: SNP.TC     3235:A>G     152 ( 15%) ~    26 ( 17)
 6.7e   42523635: SNP.CA                   66 (  7%) ~     7 ( 11)
 6.6i   42523804: SNP.CT     2988:G>A     214 ( 49%) ~     0 (  0)
 6.6e   42523942: SNP.GA     2850:C>T     233 ( 48%) ~     0 (  0)
 6.5i   42524079: SNP.TG                   65 ( 14%) ~     1 (  2)
 6.5i   42524142: SNP.AC                   46 ( 10%) ~     0 (  0)
 6.5i   42524155: SNP.AC                   25 (  6%) ~     0 (  0)
 6.4i   42524707: SNP.TC                  172 ( 20%) ~     8 (  5)
 6.4i   42524712: SNP.CG                  177 ( 21%) ~     7 (  4)
 6.4i   42524742: SNP.GA                  207 ( 24%) ~     7 (  3)
 6.4e   42524794: SNP.AG                  251 ( 26%) ~     5 (  2)
 6.4e   42524923: SNP.AG     1869:T>C     122 ( 13%) ~    56 ( 46)
 6.3e   42525131: SNP.CG     1661:G>C     203 ( 55%) ~     0 (  0)
 6.2i   42525504: SNP.CG                  702 (100%) ~     0 (  0)
 6.2i   42525505: SNP.GC                  704 (100%) ~     0 (  0)
 6.2e   42525792: SNP.TG                    9 (  5%) ~     0 (  0)
 6.1i   42525951: SNP.AC     843:T>G      346 ( 52%) ~   346 (100)
 6.1i   42526048: SNP.GC     746:C>G      384 ( 52%) ~   384 (100)
 6.1i   42526483: SNP.CA     310:G>T      305 ( 56%) ~     0 (  0)
 6.1i   42526523: SNP.GA                  193 ( 36%) ~    23 ( 12)
 6.1i   42526548: SNP.TC     CYP2D7:i1:5491   355 ( 65%) ~     7 (  2)
 6.1i   42526560: SNP.TG     CYP2D7:i1:5503   356 ( 67%) ~    10 (  3)
 6.1i   42526561: SNP.CG     CYP2D7:i1:5504   356 ( 68%) ~    10 (  3)
 6.1i   42526566: SNP.AG     CYP2D7:i1:5509   364 ( 66%) ~    10 (  3)
 6.1i   42526570: SNP.GC     CYP2D7:i1:5513   362 ( 66%) ~    10 (  3)
 6.1i   42526572: SNP.GT     CYP2D7:i1:5515   370 ( 65%) ~    10 (  3)
 6.1i   42526579: SNP.CG     214:G>C      377 ( 64%) ~    10 (  3)
 6.1e   42526695: SNP.TG                   43 (  6%) ~     0 (  0)
 6.0i   42527470: SNP.CT     -678:G>A     421 ( 69%) ~   200 ( 48)
 6.0i   42527532: SNP.GA     -740:C>T     260 ( 62%) ~     0 (  0)
 6.0i   42527975: SNP.TG                    5 (  9%) ~     0 (  0)
 6.0i   42527978: SNP.AG                    6 ( 11%) ~     0 (  0)
 6.0i   42527984: SNP.TC                    5 (  9%) ~     0 (  0)
 6.0i   42527988: SNP.TC                    6 ( 12%) ~     0 (  0)
 6.0i   42527999: SNP.TG                    3 (  6%) ~     0 (  0)
 6.0i   42528003: SNP.AG                    4 (  9%) ~     0 (  0)
 6.0i   42528012: SNP.AC                    5 ( 13%) ~     0 (  0)
 6.0i   42528015: SNP.AC                    7 ( 18%) ~     0 (  0)
 6.0i   42528019: SNP.AC                    5 ( 13%) ~     0 (  0)
 6.0i   42528023: SNP.TA                    2 (  6%) ~     0 (  0)
 6.0i   42528027: SNP.TC     -1235:A>G     12 ( 55%) ~     0 (  0)
 6.0i   42528027: DEL.TC                    2 (  9%) ~     0 (  0)
 7.rep  42533781: DEL.GGGTGGGGAA               11 (  7%) ~     0 (  0)
 7.rep  42533784: SNP.TG                    9 (  7%) ~     9 (100)
 7.rep  42533794: SNP.TG                    7 (  6%) ~     6 ( 86)
 7.rep  42533804: SNP.TG                    6 (  6%) ~     6 (100)
 7.rep  42533904: SNP.AG                   42 ( 16%) ~     0 (  0)
 7.rep  42534050: SNP.AG                  125 ( 44%) ~     1 (  1)
 7.rep  42534074: SNP.GA                  142 ( 50%) ~     0 (  0)
 7.pce  42534125: SNP.GT                   96 ( 50%) ~     0 (  0)
 7.pce  42534147: SNP.CT                   75 ( 52%) ~     0 (  0)
 7.pce  42534275: SNP.CG                   11 ( 48%) ~     0 (  0)
 7.ins  42535817: SNP.AG                   58 ( 12%) ~     4 (  7)
 7.ins  42536210: SNP.GA                  198 ( 40%) ~    54 ( 27)
 7.9e   42536410: SNP.TG                   38 (  7%) ~     4 ( 11)
 7.8e   42536652: SNP.TC                   89 ( 10%) ~    53 ( 60)
 7.7i   42537022: SNP.TC                  229 ( 51%) ~    17 (  7)
 7.7i   42537114: SNP.CT                   59 ( 18%) ~    28 ( 47)
 7.7i   42537119: INS.a                    42 ( 13%) ~    27 ( 64)
 7.7i   42537126: SNP.AG                   52 ( 17%) ~    26 ( 50)
 7.7e   42537195: SNP.TC                   98 ( 20%) ~     1 (  1)
 7.7e   42537217: SNP.TC                  117 ( 21%) ~     7 (  6)
 7.7e   42537226: SNP.TC                  124 ( 20%) ~     7 (  6)
 7.7e   42537240: SNP.CT                  166 ( 24%) ~     7 (  4)
 7.7e   42537270: SNP.TC                  253 ( 34%) ~     8 (  3)
 7.6i   42537403: SNP.GC                  601 (100%) ~     0 (  0)
 7.6e   42537596: SNP.AG                  152 ( 50%) ~     0 (  0)
 7.5i   42537781: SNP.TG                   70 ( 15%) ~     2 (  3)
 7.5i   42537844: SNP.AC                   36 (  8%) ~     0 (  0)
 7.5e   42538028: SNP.AG                  261 ( 46%) ~     3 (  1)
 7.4i   42538102: SNP.TC                  226 ( 49%) ~     6 (  3)
 7.4i   42538228: SNP.GA                  206 ( 55%) ~     0 (  0)
 7.4i   42538398: SNP.CT                  144 ( 37%) ~    12 (  8)
 7.4i   42538461: SNP.AG                   21 (  8%) ~     9 ( 43)
 7.4e   42538507: SNP.AG                  275 ( 67%) ~     0 (  0)
 7.4e   42538508: SNP.GA                  279 ( 67%) ~     1 (  0)
 7.4e   42538514: INS.c                   281 ( 62%) ~     4 (  1)
 7.4e   42538617: SNP.AG                  289 ( 42%) ~    77 ( 27)
 7.3i   42538668: SNP.CT                  262 ( 46%) ~    25 ( 10)
 7.3i   42538703: SNP.GT                  253 ( 49%) ~    15 (  6)
 7.3e   42538869: SNP.AC                    9 (  7%) ~     1 ( 11)
 7.3e   42538875: SNP.AT                  104 ( 93%) ~     0 (  0)
 7.3e   42538877: SNP.AC                    7 (  7%) ~     0 (  0)
 7.2i   42538896: SNP.AG                   22 ( 40%) ~     0 (  0)
 7.2i   42538929: SNP.AC                    5 ( 10%) ~     0 (  0)
 7.2i   42538949: SNP.AC                    3 (  6%) ~     0 (  0)
 7.2i   42539021: SNP.AC                    4 (  6%) ~     0 (  0)
 7.2i   42539051: SNP.TG                    4 (  7%) ~     0 (  0)
 7.2i   42539075: SNP.AC                    2 (  5%) ~     0 (  0)
 7.1i   42539622: SNP.CA                  402 ( 57%) ~   400 (100)
 7.1i   42539719: SNP.CG                  327 ( 51%) ~   326 (100)
 7.1e   42540367: SNP.TG                   75 (  9%) ~     0 (  0)
 7.0i   42540550: SNP.AG                  209 ( 47%) ~     0 (  0)
 7.0i   42541142: SNP.TC                  123 ( 17%) ~   123 (100)
 7.0i   42541201: SNP.CT                   57 ( 11%) ~    57 (100)
 7.0i   42541262: SNP.AC                   26 (  6%) ~     0 (  0)
 7.0i   42541348: SNP.GA                  125 ( 48%) ~     0 (  0)
Removing 10B   6.1e 42526693:SNP.GA
Removing 10A   6.1e 42526693:SNP.GA
Removing 10D   6.1e 42526693:SNP.GA
Removing 10DW  6.1e 42526693:SNP.GA
Removing 10BW  6.1e 42526693:SNP.GA
Removing 10AW  6.1e 42526693:SNP.GA
Removing 100   6.1e 42526693:SNP.GA,  6.6e 42523964:DEL.G
Removing 101   6.1e 42526693:SNP.GA,  6.6e 42523847:DEL.CACATCCGGATGTAGGATC
Removing 102   6.2e 42525822:SNP.GA
Removing 103   6.2e 42525822:SNP.GA,  6.3e 42525043:SNP.TC
Removing 104   6.3e 42525072:SNP.TA
Removing 105   6.7e 42523524:SNP.AG
Removing 107   6.3e 42525133:SNP.CT
Removing 108   6.7e 42523566:SNP.TC
Removing 109   6.5e 42524175:DEL.CTT,  6.7e 42523609:SNP.CT
Removing 11W   6.1i 42525911:SNP.CG,  6.0i 42528381:SNP.GC
Removing 11    6.1i 42525911:SNP.CG
Removing 12    6.1e 42526669:SNP.CT
Removing 14BW  6.3e 42525034:SNP.CT,  6.0i 42528381:SNP.GC
Removing 14AW  6.1e 42526693:SNP.GA,  6.3e 42525034:SNP.CT,  6.0i 42528381:SNP.GC
Removing 14B   6.3e 42525034:SNP.CT
Removing 14A   6.1e 42526693:SNP.GA,  6.3e 42525034:SNP.CT
Removing 15    6.1e 42526656:INS.a
Removing 17    6.2e 42525771:SNP.GA
Removing 17W   6.2e 42525771:SNP.GA
Removing 18    6.9e 42522667:INS.agtgggcac
Removing 19    6.5e 42524250:DEL.AGTT
Removing 2KW   6.0i 42528381:SNP.GC
Removing 2A    6.0i 42528381:SNP.GC
Removing 2CW   6.0i 42528381:SNP.GC
Removing 2AW   6.0i 42528381:SNP.GC
Removing 2FW   6.0i 42528381:SNP.GC
Removing 2HW   6.0i 42528381:SNP.GC
Removing 2DW   6.0i 42528381:SNP.GC
Removing 2GW   6.0i 42528381:SNP.GC
Removing 2MW   6.0i 42528381:SNP.GC
Removing 2BW   6.0i 42528381:SNP.GC
Removing 2LW   6.0i 42528381:SNP.GC
Removing 2EW   6.0i 42528381:SNP.GC
Removing 20    6.4e 42524819:INS.c,  6.4e 42524814:SNP.GA,  6.4e 42524813:SNP.AG
Removing 21B   6.0i 42528381:SNP.GC,  6.5e 42524213:INS.g
Removing 21A   6.0i 42528381:SNP.GC,  6.5e 42524213:INS.g
Removing 22    6.1e 42526711:SNP.GA
Removing 23    6.2e 42525837:SNP.GA
Removing 24    6.6e 42523939:SNP.TG
Removing 25    6.7e 42523594:SNP.GC
Removing 26    6.7e 42523515:SNP.AG
Removing 27    6.8e 42522939:SNP.CT
Removing 28    6.1e 42526774:SNP.CT,  6.3e 42525088:SNP.GC
Removing 28W   6.1e 42526774:SNP.CT,  6.3e 42525088:SNP.GC,  6.0i 42528381:SNP.GC
Removing 29    6.3e 42525133:SNP.CT,  6.7e 42523609:SNP.CT
Removing 3B    6.3e 42525043:SNP.TC,  6.5e 42524243:DEL.T
Removing 3A    6.5e 42524243:DEL.T
Removing 30    6.4e 42524929:INS.ggggcgaaa
Removing 31    6.0i 42528381:SNP.GC,  6.9e 42522750:SNP.CT
Removing 32    6.8e 42522939:SNP.CT
Removing 33    6.5e 42524309:SNP.CA
Removing 35B   6.0i 42528381:SNP.GC,  6.1e 42526762:SNP.CT
Removing 35A   6.0i 42528381:SNP.GC,  6.1e 42526762:SNP.CT
Removing 36    6.1e 42526693:SNP.GA
Removing 37    6.1e 42526693:SNP.GA,  6.4e 42524849:SNP.CT
Removing 38    6.5e 42524202:DEL.AGTC
Removing 4GW   6.1e 42526693:SNP.GA,  6.2e 42525820:SNP.GT,  6.2e 42525810:SNP.TC,  6.3i 42524946:SNP.CT,  6.6e 42523854:SNP.GA
Removing 4HW   6.1e 42526693:SNP.GA,  6.2e 42525820:SNP.GT,  6.2e 42525810:SNP.TC,  6.3i 42524946:SNP.CT,  6.8e 42522915:SNP.CG
Removing 4FW   6.1e 42526693:SNP.GA,  6.2e 42525820:SNP.GT,  6.2e 42525810:SNP.TC,  6.3i 42524946:SNP.CT,  6.4e 42524934:SNP.GA
Removing 4KW   6.1e 42526693:SNP.GA,  6.3i 42524946:SNP.CT
Removing 4AW   6.1e 42526693:SNP.GA,  6.2e 42525820:SNP.GT,  6.2e 42525810:SNP.TC,  6.3i 42524946:SNP.CT
Removing 4N    6.1e 42526693:SNP.GA,  6.2e 42525820:SNP.GT,  6.2e 42525810:SNP.TC,  6.3i 42524946:SNP.CT
Removing 4M    6.2e 42525820:SNP.GT,  6.2e 42525810:SNP.TC,  6.3i 42524946:SNP.CT
Removing 4J    6.1e 42526693:SNP.GA,  6.2e 42525820:SNP.GT,  6.2e 42525810:SNP.TC,  6.3i 42524946:SNP.CT
Removing 4K    6.1e 42526693:SNP.GA,  6.3i 42524946:SNP.CT
Removing 4H    6.1e 42526693:SNP.GA,  6.2e 42525820:SNP.GT,  6.2e 42525810:SNP.TC,  6.3i 42524946:SNP.CT,  6.8e 42522915:SNP.CG
Removing 4CW   6.1e 42526693:SNP.GA,  6.3i 42524946:SNP.CT,  6.8e 42522905:SNP.AG
Removing 4D    6.1e 42526693:SNP.GA,  6.3i 42524946:SNP.CT
Removing 4LW   6.1e 42526693:SNP.GA,  6.3i 42524946:SNP.CT
Removing 4B    6.1e 42526693:SNP.GA,  6.2e 42525820:SNP.GT,  6.2e 42525810:SNP.TC,  6.3i 42524946:SNP.CT
Removing 4A    6.1e 42526693:SNP.GA,  6.2e 42525820:SNP.GT,  6.2e 42525810:SNP.TC,  6.3i 42524946:SNP.CT
Removing 4BW   6.1e 42526693:SNP.GA,  6.2e 42525820:SNP.GT,  6.2e 42525810:SNP.TC,  6.3i 42524946:SNP.CT
Removing 4JW   6.1e 42526693:SNP.GA,  6.2e 42525820:SNP.GT,  6.2e 42525810:SNP.TC,  6.3i 42524946:SNP.CT
Removing 4L    6.1e 42526693:SNP.GA,  6.3i 42524946:SNP.CT
Removing 4EW   6.1e 42526693:SNP.GA,  6.3i 42524946:SNP.CT
Removing 4P    6.1e 42526693:SNP.GA,  6.2e 42525820:SNP.GT,  6.2e 42525810:SNP.TC,  6.3i 42524946:SNP.CT,  6.5e 42524216:SNP.GA
Removing 4F    6.1e 42526693:SNP.GA,  6.2e 42525820:SNP.GT,  6.2e 42525810:SNP.TC,  6.3i 42524946:SNP.CT,  6.4e 42524934:SNP.GA
Removing 4G    6.1e 42526693:SNP.GA,  6.2e 42525820:SNP.GT,  6.2e 42525810:SNP.TC,  6.3i 42524946:SNP.CT,  6.6e 42523854:SNP.GA
Removing 4E    6.1e 42526693:SNP.GA,  6.3i 42524946:SNP.CT
Removing 4DW   6.1e 42526693:SNP.GA,  6.3i 42524946:SNP.CT
Removing 4C    6.1e 42526693:SNP.GA,  6.3i 42524946:SNP.CT,  6.8e 42522905:SNP.AG
Removing 40    6.2e 42525771:SNP.GA,  6.4e 42524929:INS.ggggcgaaaggggcgaaa
Removing 42    6.7e 42523533:INS.ac
Removing 43    6.1e 42526716:SNP.CT
Removing 44    6.1e 42526711:SNP.GA,  6.6i 42523842:SNP.CG
Removing 45A   6.3e 42525076:SNP.CT
Removing 45B   6.3e 42525076:SNP.CT
Removing 46    6.1e 42526716:SNP.CT,  6.3e 42525076:SNP.CT
Removing 47    6.1e 42526720:SNP.GA,  6.1e 42526693:SNP.GA
Removing 48    6.2e 42525822:SNP.GA
Removing 49    6.1e 42526693:SNP.GA,  6.3e 42525181:SNP.AT
Removing 50    6.3e 42525072:SNP.TG
Removing 51    6.0i 42528381:SNP.GC,  6.7e 42523620:SNP.TG
Removing 52    6.1e 42526693:SNP.GA,  6.8e 42522915:SNP.CT
Removing 53    6.3e 42525181:SNP.AT,  6.3e 42525175:SNP.CA
Removing 54    6.1e 42526693:SNP.GA,  6.5e 42524236:SNP.GA
Removing 55    6.8e 42522957:SNP.TG
Removing 56A   6.0i 42528381:SNP.GC,  6.7e 42523591:SNP.GA
Removing 56B   6.1e 42526693:SNP.GA,  6.7e 42523591:SNP.GA
Removing 57    6.1e 42526693:SNP.GA,  6.2e 42525907:SNP.GA
Removing 58    6.2e 42525771:SNP.GA,  6.4e 42524929:INS.ggggcgaaa
Removing 59    6.6e 42523853:SNP.CT
Removing 6A    6.3e 42525085:DEL.A
Removing 6B    6.3e 42525085:DEL.A,  6.4e 42524816:SNP.CT
Removing 6C    6.3e 42525085:DEL.A,  6.4e 42524816:SNP.CT
Removing 6D    6.3e 42525085:DEL.A,  6.7e 42523504:SNP.CT
Removing 60    6.4e 42524905:INS.ta
Removing 62    6.9e 42522748:SNP.GA
Removing 63    6.0i 42528381:SNP.GC
Removing 64    6.1e 42526693:SNP.GA,  6.2e 42525771:SNP.GA
Removing 65    6.1e 42526693:SNP.GA
Removing 68    6.1e 42526693:SNP.GA
Removing 69    6.1e 42526693:SNP.GA
Removing 7     6.6e 42523857:SNP.TG
Removing 70    6.3e 42525184:SNP.CT,  6.3e 42525133:SNP.CT,  6.7e 42523609:SNP.CT
Removing 71    6.0i 42528381:SNP.GC,  6.1e 42526668:SNP.CT
Removing 72    6.1e 42526693:SNP.GA,  6.7e 42523474:SNP.CT
Removing 73    6.2e 42525781:SNP.CT
Removing 74    6.2e 42525820:SNP.GT
Removing 75    6.9e 42522747:SNP.CT
Removing 8     6.3e 42525034:SNP.CA
Removing 81    6.5e 42524213:SNP.GA,  6.5e 42524186:SNP.CT,  6.5e 42524182:SNP.AT
Removing 82    6.2e 42525820:SNP.GT,  6.2e 42525810:SNP.TC,  6.2e 42525780:SNP.AG,  6.2e 42525772:SNP.TA,  6.2e 42525771:SNP.GT,  6.2e 42525766:SNP.TC
Removing 84    6.5e 42524218:SNP.GT
Removing 85    6.9e 42522635:SNP.AC
Removing 86    6.5e 42524186:SNP.CT,  6.5e 42524182:SNP.AT
Removing 87    6.1e 42526779:SNP.GA,  6.1e 42526693:SNP.GA
Removing 88    6.2e 42525780:SNP.AG
Removing 89    6.3e 42525114:SNP.AG
Removing 9     6.5e 42524175:DEL.CTT
Removing 90    6.3e 42525099:SNP.TC
Removing 91    6.3e 42525057:SNP.CG
Removing 92    6.4e 42524797:DEL.G
Removing 93    6.5e 42524273:SNP.TG
Removing 94B   6.1e 42526693:SNP.GA,  6.7e 42523611:SNP.TC
Removing 94A   6.1e 42526693:SNP.GA,  6.7e 42523611:SNP.TC
Removing 95    6.1e 42526693:SNP.GA,  6.7e 42523458:SNP.CT
Removing 96    6.8e 42522897:SNP.GA
Removing 97    6.9e 42522698:SNP.GT
Removing 98    6.9e 42522682:SNP.GC
Initial status
  CYP2D6.1B
    6.8e           42522964:SNP.CT    0 (  0)   3828:G>A
  CYP2D6.1E
    6.4e           42524923:SNP.AG  122 ( 13)   1869:T>C
  CYP2D6.1C
    6.4e           42524814:SNP.GA    0 (  0)   1978:C>T
  CYP2D6.1D
    6.5e           42524217:SNP.GT    0 (  0)   2575:C>A
  CYP2D6.1
  CYP2D6.13$1
  CYP2D6.16$1
  CYP2D6.2D
    6.9e           42522612:SNP.CG  342 ( 52) F 4180:G>C
    6.6e           42523942:SNP.GA  233 ( 48) F 2850:C>T
  CYP2D6.2E
    6.9e           42522612:SNP.CG  342 ( 52) F 4180:G>C
    6.6e           42523942:SNP.GA  233 ( 48) F 2850:C>T
    6.3e           42525131:SNP.CG  203 ( 55)   1661:G>C
    6.2e           42525797:SNP.GC    0 (  0)   997:C>G
  CYP2D6.2F
    6.9e           42522612:SNP.CG  342 ( 52) F 4180:G>C
    6.6e           42523942:SNP.GA  233 ( 48) F 2850:C>T
    6.3e           42525068:SNP.GA    0 (  0)   1724:C>T
    6.3e           42525131:SNP.CG  203 ( 55)   1661:G>C
  CYP2D6.2G
    6.9e           42522612:SNP.CG  342 ( 52) F 4180:G>C
    6.6e           42523942:SNP.GA  233 ( 48) F 2850:C>T
    6.5e           42524217:SNP.GT    0 (  0)   2575:C>A
    6.5e           42524322:SNP.AG    0 (  0)   2470:T>C
    6.3e           42525131:SNP.CG  203 ( 55)   1661:G>C
  CYP2D6.2B
    6.9e           42522612:SNP.CG  342 ( 52) F 4180:G>C
    6.6e           42523942:SNP.GA  233 ( 48) F 2850:C>T
    6.3e           42525131:SNP.CG  203 ( 55)   1661:G>C
    6.2e           42525755:SNP.GA    0 (  0)   1039:C>T
  CYP2D6.2C
    6.9e           42522612:SNP.CG  342 ( 52) F 4180:G>C
    6.6e           42523942:SNP.GA  233 ( 48) F 2850:C>T
    6.5e           42524322:SNP.AG    0 (  0)   2470:T>C
    6.3e           42525131:SNP.CG  203 ( 55)   1661:G>C
  CYP2D6.2L
    6.9e           42522612:SNP.CG  342 ( 52) F 4180:G>C
    6.7i           42523002:SNP.GA  426 ( 77)   3790:C>T
    6.7i           42523208:SNP.CT  271 ( 53)   3584:G>A
    6.7i           42523408:SNP.TG  453 ( 66)   3384:A>C
    6.6e           42523942:SNP.GA  233 ( 48) F 2850:C>T
    6.3e           42525035:SNP.GA    0 (  0)   1757:C>T
    6.3e           42525131:SNP.CG  203 ( 55)   1661:G>C
    6.2i           42525279:SNP.GA    0 (  0)   1513:C>T
    6.1i           42525951:SNP.AC  346 ( 52)   843:T>G
    6.1i           42526048:SNP.GC  384 ( 52)   746:C>G
    6.1i           42526483:SNP.CA  305 ( 56)   310:G>T
    6.0i           42527532:SNP.GA  260 ( 62)   -740:C>T
    6.0i           42528027:SNP.TC   12 ( 55)   -1235:A>G
    6.0i           42528095:SNP.CT    0 (  0)   -1298:G>A
  CYP2D6.2M
    6.ins          42522311:SNP.CT  277 ( 71)   4481:G>A
    6.9e           42522612:SNP.CG  342 ( 52) F 4180:G>C
    6.7i           42523002:SNP.GA  426 ( 77)   3790:C>T
    6.7i           42523208:SNP.CT  271 ( 53)   3584:G>A
    6.7i           42523408:SNP.TG  453 ( 66)   3384:A>C
    6.6e           42523942:SNP.GA  233 ( 48) F 2850:C>T
    6.3e           42525131:SNP.CG  203 ( 55)   1661:G>C
    6.1i           42525951:SNP.AC  346 ( 52)   843:T>G
    6.1i           42526048:SNP.GC  384 ( 52)   746:C>G
    6.1i           42526483:SNP.CA  305 ( 56)   310:G>T
    6.1i           42526548:SNP.TC  355 ( 65)   CYP2D7:i1:5491
    6.1i           42526560:SNP.TG  356 ( 67)   CYP2D7:i1:5503
    6.1i           42526561:SNP.CG  356 ( 68)   CYP2D7:i1:5504
    6.1i           42526566:SNP.AG  364 ( 66)   CYP2D7:i1:5509
    6.1i           42526570:SNP.GC  362 ( 66)   CYP2D7:i1:5513
    6.1i           42526572:SNP.GT  370 ( 65)   CYP2D7:i1:5515
    6.0i           42527470:SNP.CT  421 ( 69)   -678:G>A
    6.0i           42527532:SNP.GA  260 ( 62)   -740:C>T
    6.0i           42527541:DEL.TC    0 (  0)   -750:delGA
    6.0i           42528027:SNP.TC   12 ( 55)   -1235:A>G
  CYP2D6.2H
    6.9e           42522612:SNP.CG  342 ( 52) F 4180:G>C
    6.6e           42523942:SNP.GA  233 ( 48) F 2850:C>T
    6.5e           42524312:SNP.GA    0 (  0)   2480:C>T
    6.3e           42525131:SNP.CG  203 ( 55)   1661:G>C
  CYP2D6.2K
    6.9e           42522612:SNP.CG  342 ( 52) F 4180:G>C
    6.9e           42522677:SNP.GA    0 (  0)   4115:C>T
    6.6e           42523942:SNP.GA  233 ( 48) F 2850:C>T
    6.3e           42525131:SNP.CG  203 ( 55)   1661:G>C
  CYP2D6.34
    6.6e           42523942:SNP.GA  233 ( 48) F 2850:C>T
  CYP2D6.39
    6.9e           42522612:SNP.CG  342 ( 52) F 4180:G>C
    6.3e           42525131:SNP.CG  203 ( 55)   1661:G>C
  CYP2D6.41
    6.9e           42522612:SNP.CG  342 ( 52) F 4180:G>C
    6.6i           42523804:SNP.CT  214 ( 49) F 2988:G>A
    6.6e           42523942:SNP.GA  233 ( 48) F 2850:C>T
    6.3e           42525131:SNP.CG  203 ( 55)   1661:G>C
    6.1i           42526548:SNP.TC  355 ( 65)   CYP2D7:i1:5491
    6.1i           42526560:SNP.TG  356 ( 67)   CYP2D7:i1:5503
    6.1i           42526561:SNP.CG  356 ( 68)   CYP2D7:i1:5504
    6.1i           42526566:SNP.AG  364 ( 66)   CYP2D7:i1:5509
    6.1i           42526570:SNP.GC  362 ( 66)   CYP2D7:i1:5513
    6.1i           42526572:SNP.GT  370 ( 65)   CYP2D7:i1:5515
    6.0i           42527470:SNP.CT  421 ( 69)   -678:G>A
    6.0i           42527532:SNP.GA  260 ( 62)   -740:C>T
    6.0i           42528027:SNP.TC   12 ( 55)   -1235:A>G
  CYP2D6.5
  CYP2D6.61
  CYP2D6.67$1
  CYP2D6.76$1
  CYP2D6.77$1
  CYP2D6.78$1
  CYP2D6.79$1
  CYP2D6.80$1
  CYP2D6.83
    6.1i           42525951:SNP.AC  346 ( 52)   843:T>G
== Copy Number Estimator ==
CNV factor: 2.73772365156 (0.365266961634)
Coverage per region
  region:  2D6  2D7
  0i   :  2.15  1.85 
  1e   :  1.87  1.90 = -0.02
  1i   :  2.03  2.05 = -0.03
  2e   :  1.15  0.96 =  0.19
  2i   :  1.78  0.62 =  1.16
  3e   :  1.34  1.07 =  0.27
  3i   :  2.06  1.79 
  4e   :  1.77  1.97 
  4i   :  2.20  2.53 
  5e   :  2.19  2.40 = -0.21
  5i   :  1.76  2.32 = -0.56
  6e   :  1.95  2.36 = -0.41
  6i   :  2.31  1.97 =  0.34
  7e   :  1.77  1.42 
  7i   :  2.18  1.94 
  8e   :  1.95  2.47 
  8i   :  2.48  2.56 
  9e   :  2.41  2.08 =  0.33
  ins  :  2.52  1.78 
  pce  :  0.00  2.01 = -2.01
  rep  :  1.78  2.95 
Max. CN = 3
M  Sentinel contraint for 61: A_61^ <= A_61
M  Sentinel contraint for 67: A_67^ <= A_67
M  Sentinel contraint for 80: A_80^ <= A_80
M  Sentinel contraint for 1: A_1^ <= A_1
M  Sentinel contraint for 5: A_5^ <= A_5
M  Sentinel contraint for 77: A_77^ <= A_77
M  Sentinel contraint for 76: A_76^ <= A_76
M  Sentinel contraint for 79: A_79^ <= A_79
M  Sentinel contraint for 78: A_78^ <= A_78
M  Sentinel contraint for 13: A_13^ <= A_13
M  Sentinel contraint for 16: A_16^ <= A_16
M  Sentinel contraint for 36: A_36^ <= A_36
M  Sentinel contraint for 36: A_36_2 <= A_36
M  Sentinel contraint for 36: A_36_3 <= A_36_2
M  Sentinel contraint for 1: A_1_3 <= A_1_2
M  Contraint for 6e: -0.413291163378 == E_6e + <gurobi.LinExpr: 0.0 A5^ + -1.0 A5^ + A78^ + -0.0 A78^ + A1^ + -1.0 A1^ + A61 + -1.0 A61 + A1_3 + -0.0 A1_3 + A80^ + -0.0 A80^ + A67 + -0.0 A67 + A80 + -0.0 A80 + A67^ + -0.0 A67^ + A61^ + -1.0 A61^ + 0.0 A77^ + -1.0 A77^ + A1 + -1.0 A1 + 0.0 A16^ + -1.0 A16^ + 0.0 A5 + -1.0 A5 + A36_2 + -0.0 A36_2 + A36_3 + -0.0 A36_3 + A79^ + -0.0 A79^ + 0.0 A77 + -1.0 A77 + 0.0 A76 + -1.0 A76 + A79 + -0.0 A79 + A78 + -0.0 A78 + A36^ + -1.0 A36^ + A13 + -0.0 A13 + 0.0 A76^ + -1.0 A76^ + 0.0 A16 + -1.0 A16 + A36 + -1.0 A36 + A13^ + -0.0 A13^ + A1_2 + -0.0 A1_2>
M  Contraint for 5e: -0.210137545769 == E_5e + <gurobi.LinExpr: 0.0 A5^ + -1.0 A5^ + A78^ + -0.0 A78^ + A1^ + -1.0 A1^ + A61 + -1.0 A61 + A1_3 + -0.0 A1_3 + A80^ + -0.0 A80^ + 0.5 A67 + -0.5 A67 + A80 + -0.0 A80 + 0.5 A67^ + -0.5 A67^ + A61^ + -1.0 A61^ + 0.0 A77^ + -1.0 A77^ + A1 + -1.0 A1 + 0.0 A16^ + -1.0 A16^ + 0.0 A5 + -1.0 A5 + A36_2 + -0.0 A36_2 + A36_3 + -0.0 A36_3 + A79^ + -0.0 A79^ + 0.0 A77 + -1.0 A77 + 0.0 A76 + -1.0 A76 + A79 + -0.0 A79 + A78 + -0.0 A78 + A36^ + -1.0 A36^ + A13 + -0.0 A13 + 0.0 A76^ + -1.0 A76^ + 0.0 A16 + -1.0 A16 + A36 + -1.0 A36 + A13^ + -0.0 A13^ + A1_2 + -0.0 A1_2>
M  Contraint for 6i: 0.340121798345 == E_6i + <gurobi.LinExpr: 0.0 A5^ + -1.0 A5^ + A78^ + -0.0 A78^ + A1^ + -1.0 A1^ + A61 + -1.0 A61 + A1_3 + -0.0 A1_3 + A80^ + -0.0 A80^ + A67 + -0.0 A67 + A80 + -0.0 A80 + A67^ + -0.0 A67^ + A61^ + -1.0 A61^ + 0.0 A77^ + -1.0 A77^ + A1 + -1.0 A1 + 0.0 A16^ + -1.0 A16^ + 0.0 A5 + -1.0 A5 + A36_2 + -0.0 A36_2 + A36_3 + -0.0 A36_3 + A79^ + -0.0 A79^ + 0.0 A77 + -1.0 A77 + 0.0 A76 + -1.0 A76 + A79 + -0.0 A79 + A78 + -0.0 A78 + A36^ + -1.0 A36^ + A13 + -0.0 A13 + 0.0 A76^ + -1.0 A76^ + 0.0 A16 + -1.0 A16 + A36 + -1.0 A36 + A13^ + -0.0 A13^ + A1_2 + -0.0 A1_2>
M  Contraint for 9e: 0.334951000037 == E_9e + <gurobi.LinExpr: 0.0 A5^ + -1.0 A5^ + A78^ + -0.0 A78^ + A1^ + -1.0 A1^ + 0.0 A61 + -2.0 A61 + A1_3 + -0.0 A1_3 + A80^ + -0.0 A80^ + A67 + -0.0 A67 + A80 + -0.0 A80 + A67^ + -0.0 A67^ + 0.0 A61^ + -2.0 A61^ + A77^ + -0.0 A77^ + A1 + -1.0 A1 + A16^ + -0.0 A16^ + 0.0 A5 + -1.0 A5 + 0.0 A36_2 + -1.0 A36_2 + 0.0 A36_3 + -1.0 A36_3 + A79^ + -0.0 A79^ + A77 + -0.0 A77 + 0.5 A76 + -0.5 A76 + A79 + -0.0 A79 + A78 + -0.0 A78 + 0.0 A36^ + -2.0 A36^ + A13 + -0.0 A13 + 0.5 A76^ + -0.5 A76^ + A16 + -0.0 A16 + 0.0 A36 + -2.0 A36 + A13^ + -0.0 A13^ + A1_2 + -0.0 A1_2>
M  Contraint for 2e: 0.189275394192 == E_2e + <gurobi.LinExpr: 0.0 A5^ + -1.0 A5^ + 0.0 A78^ + -1.0 A78^ + A1^ + -1.0 A1^ + A61 + -1.0 A61 + A1_3 + -0.0 A1_3 + 0.0 A80^ + -1.0 A80^ + 0.0 A67 + -1.0 A67 + 0.0 A80 + -1.0 A80 + 0.0 A67^ + -1.0 A67^ + A61^ + -1.0 A61^ + 0.0 A77^ + -1.0 A77^ + A1 + -1.0 A1 + 0.0 A16^ + -1.0 A16^ + 0.0 A5 + -1.0 A5 + A36_2 + -0.0 A36_2 + A36_3 + -0.0 A36_3 + 0.5 A79^ + -0.5 A79^ + 0.0 A77 + -1.0 A77 + 0.0 A76 + -1.0 A76 + 0.5 A79 + -0.5 A79 + 0.0 A78 + -1.0 A78 + A36^ + -1.0 A36^ + A13 + -0.0 A13 + 0.0 A76^ + -1.0 A76^ + 0.0 A16 + -1.0 A16 + A36 + -1.0 A36 + A13^ + -0.0 A13^ + A1_2 + -0.0 A1_2>
M  Contraint for 1e: -0.0245790543674 == E_1e + <gurobi.LinExpr: 0.0 A5^ + -1.0 A5^ + 0.0 A78^ + -1.0 A78^ + A1^ + -1.0 A1^ + A61 + -1.0 A61 + A1_3 + -0.0 A1_3 + 0.0 A80^ + -1.0 A80^ + 0.0 A67 + -1.0 A67 + 0.0 A80 + -1.0 A80 + 0.0 A67^ + -1.0 A67^ + A61^ + -1.0 A61^ + 0.0 A77^ + -1.0 A77^ + A1 + -1.0 A1 + 0.0 A16^ + -1.0 A16^ + 0.0 A5 + -1.0 A5 + A36_2 + -0.0 A36_2 + A36_3 + -0.0 A36_3 + 0.0 A79^ + -1.0 A79^ + 0.0 A77 + -1.0 A77 + 0.0 A76 + -1.0 A76 + 0.0 A79 + -1.0 A79 + 0.0 A78 + -1.0 A78 + A36^ + -1.0 A36^ + 0.0 A13 + -1.0 A13 + 0.0 A76^ + -1.0 A76^ + 0.0 A16 + -1.0 A16 + A36 + -1.0 A36 + 0.0 A13^ + -1.0 A13^ + A1_2 + -0.0 A1_2>
M  Contraint for 1i: -0.0256232281718 == E_1i + <gurobi.LinExpr: 0.0 A5^ + -1.0 A5^ + 0.0 A78^ + -1.0 A78^ + A1^ + -1.0 A1^ + A61 + -1.0 A61 + A1_3 + -0.0 A1_3 + 0.0 A80^ + -1.0 A80^ + 0.0 A67 + -1.0 A67 + 0.0 A80 + -1.0 A80 + 0.0 A67^ + -1.0 A67^ + A61^ + -1.0 A61^ + 0.0 A77^ + -1.0 A77^ + A1 + -1.0 A1 + 0.0 A16^ + -1.0 A16^ + 0.0 A5 + -1.0 A5 + A36_2 + -0.0 A36_2 + A36_3 + -0.0 A36_3 + 0.0 A79^ + -1.0 A79^ + 0.0 A77 + -1.0 A77 + 0.0 A76 + -1.0 A76 + 0.0 A79 + -1.0 A79 + 0.0 A78 + -1.0 A78 + A36^ + -1.0 A36^ + 0.5 A13 + -0.5 A13 + 0.0 A76^ + -1.0 A76^ + 0.0 A16 + -1.0 A16 + A36 + -1.0 A36 + 0.5 A13^ + -0.5 A13^ + A1_2 + -0.0 A1_2>
M  Contraint for 5i: -0.558848317955 == E_5i + <gurobi.LinExpr: 0.0 A5^ + -1.0 A5^ + A78^ + -0.0 A78^ + A1^ + -1.0 A1^ + A61 + -1.0 A61 + A1_3 + -0.0 A1_3 + A80^ + -0.0 A80^ + A67 + -0.0 A67 + A80 + -0.0 A80 + A67^ + -0.0 A67^ + A61^ + -1.0 A61^ + 0.0 A77^ + -1.0 A77^ + A1 + -1.0 A1 + 0.0 A16^ + -1.0 A16^ + 0.0 A5 + -1.0 A5 + A36_2 + -0.0 A36_2 + A36_3 + -0.0 A36_3 + A79^ + -0.0 A79^ + 0.0 A77 + -1.0 A77 + 0.0 A76 + -1.0 A76 + A79 + -0.0 A79 + A78 + -0.0 A78 + A36^ + -1.0 A36^ + A13 + -0.0 A13 + 0.0 A76^ + -1.0 A76^ + 0.0 A16 + -1.0 A16 + A36 + -1.0 A36 + A13^ + -0.0 A13^ + A1_2 + -0.0 A1_2>
M  Contraint for 2i: 1.15635682433 == E_2i + <gurobi.LinExpr: 0.0 A5^ + -1.0 A5^ + 0.0 A78^ + -1.0 A78^ + A1^ + -1.0 A1^ + A61 + -1.0 A61 + A1_3 + -0.0 A1_3 + 0.5 A80^ + -0.5 A80^ + 0.0 A67 + -1.0 A67 + 0.5 A80 + -0.5 A80 + 0.0 A67^ + -1.0 A67^ + A61^ + -1.0 A61^ + 0.0 A77^ + -1.0 A77^ + A1 + -1.0 A1 + 0.0 A16^ + -1.0 A16^ + 0.0 A5 + -1.0 A5 + A36_2 + -0.0 A36_2 + A36_3 + -0.0 A36_3 + A79^ + -0.0 A79^ + 0.0 A77 + -1.0 A77 + 0.0 A76 + -1.0 A76 + A79 + -0.0 A79 + 0.0 A78 + -1.0 A78 + A36^ + -1.0 A36^ + A13 + -0.0 A13 + 0.0 A76^ + -1.0 A76^ + 0.0 A16 + -1.0 A16 + A36 + -1.0 A36 + A13^ + -0.0 A13^ + A1_2 + -0.0 A1_2>
M  Contraint for 3e: 0.267635373486 == E_3e + <gurobi.LinExpr: 0.0 A5^ + -1.0 A5^ + 0.0 A78^ + -1.0 A78^ + A1^ + -1.0 A1^ + A61 + -1.0 A61 + A1_3 + -0.0 A1_3 + A80^ + -0.0 A80^ + 0.0 A67 + -1.0 A67 + A80 + -0.0 A80 + 0.0 A67^ + -1.0 A67^ + A61^ + -1.0 A61^ + 0.0 A77^ + -1.0 A77^ + A1 + -1.0 A1 + 0.0 A16^ + -1.0 A16^ + 0.0 A5 + -1.0 A5 + A36_2 + -0.0 A36_2 + A36_3 + -0.0 A36_3 + A79^ + -0.0 A79^ + 0.0 A77 + -1.0 A77 + 0.0 A76 + -1.0 A76 + A79 + -0.0 A79 + 0.0 A78 + -1.0 A78 + A36^ + -1.0 A36^ + A13 + -0.0 A13 + 0.0 A76^ + -1.0 A76^ + 0.0 A16 + -1.0 A16 + A36 + -1.0 A36 + A13^ + -0.0 A13^ + A1_2 + -0.0 A1_2>
M  Contraint for pce: -2.01139188952 == E_pce + <gurobi.LinExpr: 0.0 A5^ + -1.0 A5^ + A78^ + -0.0 A78^ + 0.0 A1^ + -1.0 A1^ + 0.0 A61 + -2.0 A61 + 0.0 A1_3 + -0.0 A1_3 + A80^ + -0.0 A80^ + A67 + -0.0 A67 + A80 + -0.0 A80 + A67^ + -0.0 A67^ + 0.0 A61^ + -2.0 A61^ + A77^ + -0.0 A77^ + 0.0 A1 + -1.0 A1 + A16^ + -0.0 A16^ + 0.0 A5 + -1.0 A5 + 0.0 A36_2 + -1.0 A36_2 + 0.0 A36_3 + -1.0 A36_3 + A79^ + -0.0 A79^ + A77 + -0.0 A77 + A76 + -0.0 A76 + A79 + -0.0 A79 + A78 + -0.0 A78 + 0.0 A36^ + -2.0 A36^ + A13 + -0.0 A13 + A76^ + -0.0 A76^ + A16 + -0.0 A16 + 0.0 A36 + -2.0 A36 + A13^ + -0.0 A13^ + 0.0 A1_2 + -0.0 A1_2>
M  Objective: <gurobi.LinExpr: C39 + C40 + C41 + C42 + C43 + C44 + C45 + C46 + C47 + C48 + 1.5 C49 + 0.5 A5^ + 0.5 A78^ + 0.5 A1^ + 0.5 A61 + 0.5 A1_3 + 0.5 A80^ + 0.5 A67 + 0.5 A80 + 0.5 A67^ + 0.5 A61^ + 0.5 A77^ + 0.5 A1 + 0.5 A16^ + 0.5 A5 + 0.5 A36_2 + 0.5 A36_3 + 0.5 A79^ + 0.5 A36^ + 0.5 A76 + 0.5 A79 + 0.5 A78 + 0.5 A77 + 0.5 A13 + 0.5 A76^ + 0.5 A16 + 0.5 A36 + 0.5 A13^ + 0.5 A1_2 + 0.1 A78^ + 0.1 A80^ + 0.1 A67 + 0.1 A80 + 0.1 A67^ + 0.1 A77^ + 0.1 A16^ + 0.1 A79^ + 0.1 A76 + 0.1 A79 + 0.1 A78 + 0.1 A77 + 0.1 A13 + 0.1 A76^ + 0.1 A16 + 0.1 A13^>
CN Solver status: optimal, opt: 4.53790753431
  Solutions:
    ('1', '1^')
== Initial Solver ==
Solving Counter({'1': 2})
Possible candidates:
  CYP2D6.1
  CYP2D6.2B
    6.6e 42523942:SNP.GA  233 ( 48) F 2850:C>T
    6.9e 42522612:SNP.CG  342 ( 52) F 4180:G>C
  CYP2D6.34
    6.6e 42523942:SNP.GA  233 ( 48) F 2850:C>T
  CYP2D6.39
    6.9e 42522612:SNP.CG  342 ( 52) F 4180:G>C
  CYP2D6.41
    6.6e 42523942:SNP.GA  233 ( 48) F 2850:C>T
    6.6i 42523804:SNP.CT  214 ( 49) F 2988:G>A
    6.9e 42522612:SNP.CG  342 ( 52) F 4180:G>C
M  Max. CN for 1 = 2
M  Max. CN for 39 = 2
M  Max. CN for 41 = 2
M  Max. CN for 2B = 2
M  Max. CN for 34 = 2
M  Contraint for 42523942:REF 6.6e: 256 == <gurobi.QuadExpr: 244.5 39 + 244.5 34_2 + 244.5 39_2 + 244.5 41 + 244.5 1 + 244.5 1_2 + 244.5 2B + 244.5 34 + 244.5 41_2 + 244.5 2B_2 + [ -244.5 REG_34_2_42523942:SNP.GA * 34_2 + -244.5 REG_41_42523942:SNP.GA * 41 + -244.5 REG_2B_42523942:SNP.GA * 2B + -244.5 REG_34_42523942:SNP.GA * 34 + -244.5 REG_41_2_42523942:SNP.GA * 41_2 + -244.5 REG_2B_2_42523942:SNP.GA * 2B_2 ]> + err
M  Contraint for 42523804:REF 6.6i: 222 == <gurobi.QuadExpr: 218.0 39 + 218.0 34_2 + 218.0 39_2 + 218.0 41 + 218.0 1 + 218.0 1_2 + 218.0 2B + 218.0 34 + 218.0 41_2 + 218.0 2B_2 + [ -218.0 REG_41_42523804:SNP.CT * 41 + -218.0 REG_41_2_42523804:SNP.CT * 41_2 ]> + err
M  Contraint for 42523804:SNP.CT 6.6i: 214 == <gurobi.QuadExpr: 0.0 + [ 218.0 REG_41_42523804:SNP.CT * 41 + 218.0 REG_41_2_42523804:SNP.CT * 41_2 ]> + err
M  Contraint for 42522612:REF 6.9e: 317 == <gurobi.QuadExpr: 329.5 39 + 329.5 34_2 + 329.5 39_2 + 329.5 41 + 329.5 1 + 329.5 1_2 + 329.5 2B + 329.5 34 + 329.5 41_2 + 329.5 2B_2 + [ -329.5 REG_39_42522612:SNP.CG * 39 + -329.5 REG_39_2_42522612:SNP.CG * 39_2 + -329.5 REG_41_42522612:SNP.CG * 41 + -329.5 REG_2B_42522612:SNP.CG * 2B + -329.5 REG_41_2_42522612:SNP.CG * 41_2 + -329.5 REG_2B_2_42522612:SNP.CG * 2B_2 ]> + err
M  Contraint for 42523942:SNP.GA 6.6e: 233 == <gurobi.QuadExpr: 0.0 + [ 244.5 REG_34_2_42523942:SNP.GA * 34_2 + 244.5 REG_41_42523942:SNP.GA * 41 + 244.5 REG_2B_42523942:SNP.GA * 2B + 244.5 REG_34_42523942:SNP.GA * 34 + 244.5 REG_41_2_42523942:SNP.GA * 41_2 + 244.5 REG_2B_2_42523942:SNP.GA * 2B_2 ]> + err
M  Contraint for 42522612:SNP.CG 6.9e: 342 == <gurobi.QuadExpr: 0.0 + [ 329.5 REG_39_42522612:SNP.CG * 39 + 329.5 REG_39_2_42522612:SNP.CG * 39_2 + 329.5 REG_41_42522612:SNP.CG * 41 + 329.5 REG_2B_42522612:SNP.CG * 2B + 329.5 REG_41_2_42522612:SNP.CG * 41_2 + 329.5 REG_2B_2_42522612:SNP.CG * 2B_2 ]> + err
M  Contraint for 39 42522612:SNP.CG: <gurobi.Var 39> >= <gurobi.Var REG_39_42522612:SNP.CG>
M  Contraint for 39_2 42522612:SNP.CG: <gurobi.Var 39_2> >= <gurobi.Var REG_39_2_42522612:SNP.CG>
M  Contraint for 41 42523942:SNP.GA: <gurobi.Var 41> >= <gurobi.Var REG_41_42523942:SNP.GA>
M  Contraint for 41 42523804:SNP.CT: <gurobi.Var 41> >= <gurobi.Var REG_41_42523804:SNP.CT>
M  Contraint for 41 42522612:SNP.CG: <gurobi.Var 41> >= <gurobi.Var REG_41_42522612:SNP.CG>
M  Contraint for 2B 42523942:SNP.GA: <gurobi.Var 2B> >= <gurobi.Var REG_2B_42523942:SNP.GA>
M  Contraint for 2B 42522612:SNP.CG: <gurobi.Var 2B> >= <gurobi.Var REG_2B_42522612:SNP.CG>
M  Contraint for 34 42523942:SNP.GA: <gurobi.Var 34> >= <gurobi.Var REG_34_42523942:SNP.GA>
M  Contraint for 41_2 42523942:SNP.GA: <gurobi.Var 41_2> >= <gurobi.Var REG_41_2_42523942:SNP.GA>
M  Contraint for 41_2 42523804:SNP.CT: <gurobi.Var 41_2> >= <gurobi.Var REG_41_2_42523804:SNP.CT>
M  Contraint for 41_2 42522612:SNP.CG: <gurobi.Var 41_2> >= <gurobi.Var REG_41_2_42522612:SNP.CG>
M  Contraint for 34_2 42523942:SNP.GA: <gurobi.Var 34_2> >= <gurobi.Var REG_34_2_42523942:SNP.GA>
M  Contraint for 2B_2 42523942:SNP.GA: <gurobi.Var 2B_2> >= <gurobi.Var REG_2B_2_42523942:SNP.GA>
M  Contraint for 2B_2 42522612:SNP.CG: <gurobi.Var 2B_2> >= <gurobi.Var REG_2B_2_42522612:SNP.CG>
M  CN contraint for 1: 2 == <gurobi.LinExpr: 39 + 39_2 + 41 + 1 + 1_2 + 2B + 34 + 41_2 + 34_2 + 2B_2>
M  Sentinel contraint for 39: A_39_2 <= A_39
M  Sentinel contraint for 41: A_41_2 <= A_41
M  Sentinel contraint for 1: A_1_2 <= A_1
M  Sentinel contraint for 2B: A_2B_2 <= A_2B
M  Sentinel contraint for 34: A_34_2 <= A_34
M  Objective: <gurobi.LinExpr: C41 + C42 + C43 + C44 + C45 + C46>
M  Contraint for 39: A_39 * (<gurobi.LinExpr: REG_39_42522612:SNP.CG> - 1) == 0
M  Contraint for 34_2: A_34_2 * (<gurobi.LinExpr: REG_34_2_42523942:SNP.GA> - 1) == 0
M  Contraint for 39_2: A_39_2 * (<gurobi.LinExpr: REG_39_2_42522612:SNP.CG> - 1) == 0
M  Contraint for 41: A_41 * (<gurobi.LinExpr: REG_41_42522612:SNP.CG + REG_41_42523804:SNP.CT + REG_41_42523942:SNP.GA> - 3) == 0
M  Contraint for 2B: A_2B * (<gurobi.LinExpr: REG_2B_42522612:SNP.CG + REG_2B_42523942:SNP.GA> - 2) == 0
M  Contraint for 34: A_34 * (<gurobi.LinExpr: REG_34_42523942:SNP.GA> - 1) == 0
M  Contraint for 41_2: A_41_2 * (<gurobi.LinExpr: REG_41_2_42522612:SNP.CG + REG_41_2_42523804:SNP.CT + REG_41_2_42523942:SNP.GA> - 3) == 0
M  Contraint for 2B_2: A_2B_2 * (<gurobi.LinExpr: REG_2B_2_42522612:SNP.CG + REG_2B_2_42523942:SNP.GA> - 2) == 0
M  Contraint for 42522612:SNP.CG: 1 <= <gurobi.QuadExpr: 0.0 + [ 39 * REG_39_42522612:SNP.CG + 39_2 * REG_39_2_42522612:SNP.CG + 41 * REG_41_42522612:SNP.CG + 2B * REG_2B_42522612:SNP.CG + 41_2 * REG_41_2_42522612:SNP.CG + 2B_2 * REG_2B_2_42522612:SNP.CG ]>
M  Contraint for 42523942:SNP.GA: 1 <= <gurobi.QuadExpr: 0.0 + [ 34_2 * REG_34_2_42523942:SNP.GA + 41 * REG_41_42523942:SNP.GA + 2B * REG_2B_42523942:SNP.GA + 34 * REG_34_42523942:SNP.GA + 41_2 * REG_41_2_42523942:SNP.GA + 2B_2 * REG_2B_2_42523942:SNP.GA ]>
M  Contraint for 42522612:SNP.CG: 1 <= <gurobi.QuadExpr: 0.0 + [ 39 * REG_39_42522612:SNP.CG + 39_2 * REG_39_2_42522612:SNP.CG + 41 * REG_41_42522612:SNP.CG + 2B * REG_2B_42522612:SNP.CG + 41_2 * REG_41_2_42522612:SNP.CG + 2B_2 * REG_2B_2_42522612:SNP.CG ]>
M  Contraint for 42522612:SNP.CG: 1 <= <gurobi.QuadExpr: 0.0 + [ 39 * REG_39_42522612:SNP.CG + 39_2 * REG_39_2_42522612:SNP.CG + 41 * REG_41_42522612:SNP.CG + 2B * REG_2B_42522612:SNP.CG + 41_2 * REG_41_2_42522612:SNP.CG + 2B_2 * REG_2B_2_42522612:SNP.CG ]>
M  Contraint for 42523804:SNP.CT: 1 <= <gurobi.QuadExpr: 0.0 + [ 41 * REG_41_42523804:SNP.CT + 41_2 * REG_41_2_42523804:SNP.CT ]>
M  Contraint for 42523942:SNP.GA: 1 <= <gurobi.QuadExpr: 0.0 + [ 34_2 * REG_34_2_42523942:SNP.GA + 41 * REG_41_42523942:SNP.GA + 2B * REG_2B_42523942:SNP.GA + 34 * REG_34_42523942:SNP.GA + 41_2 * REG_41_2_42523942:SNP.GA + 2B_2 * REG_2B_2_42523942:SNP.GA ]>
M  Contraint for 42522612:SNP.CG: 1 <= <gurobi.QuadExpr: 0.0 + [ 39 * REG_39_42522612:SNP.CG + 39_2 * REG_39_2_42522612:SNP.CG + 41 * REG_41_42522612:SNP.CG + 2B * REG_2B_42522612:SNP.CG + 41_2 * REG_41_2_42522612:SNP.CG + 2B_2 * REG_2B_2_42522612:SNP.CG ]>
M  Contraint for 42523942:SNP.GA: 1 <= <gurobi.QuadExpr: 0.0 + [ 34_2 * REG_34_2_42523942:SNP.GA + 41 * REG_41_42523942:SNP.GA + 2B * REG_2B_42523942:SNP.GA + 34 * REG_34_42523942:SNP.GA + 41_2 * REG_41_2_42523942:SNP.GA + 2B_2 * REG_2B_2_42523942:SNP.GA ]>
M  Contraint for 42523942:SNP.GA: 1 <= <gurobi.QuadExpr: 0.0 + [ 34_2 * REG_34_2_42523942:SNP.GA + 41 * REG_41_42523942:SNP.GA + 2B * REG_2B_42523942:SNP.GA + 34 * REG_34_42523942:SNP.GA + 41_2 * REG_41_2_42523942:SNP.GA + 2B_2 * REG_2B_2_42523942:SNP.GA ]>
M  Contraint for 42522612:SNP.CG: 1 <= <gurobi.QuadExpr: 0.0 + [ 39 * REG_39_42522612:SNP.CG + 39_2 * REG_39_2_42522612:SNP.CG + 41 * REG_41_42522612:SNP.CG + 2B * REG_2B_42522612:SNP.CG + 41_2 * REG_41_2_42522612:SNP.CG + 2B_2 * REG_2B_2_42522612:SNP.CG ]>
M  Contraint for 42523804:SNP.CT: 1 <= <gurobi.QuadExpr: 0.0 + [ 41 * REG_41_42523804:SNP.CT + 41_2 * REG_41_2_42523804:SNP.CT ]>
M  Contraint for 42523942:SNP.GA: 1 <= <gurobi.QuadExpr: 0.0 + [ 34_2 * REG_34_2_42523942:SNP.GA + 41 * REG_41_42523942:SNP.GA + 2B * REG_2B_42523942:SNP.GA + 34 * REG_34_42523942:SNP.GA + 41_2 * REG_41_2_42523942:SNP.GA + 2B_2 * REG_2B_2_42523942:SNP.GA ]>
M  Contraint for 42522612:SNP.CG: 1 <= <gurobi.QuadExpr: 0.0 + [ 39 * REG_39_42522612:SNP.CG + 39_2 * REG_39_2_42522612:SNP.CG + 41 * REG_41_42522612:SNP.CG + 2B * REG_2B_42522612:SNP.CG + 41_2 * REG_41_2_42522612:SNP.CG + 2B_2 * REG_2B_2_42522612:SNP.CG ]>
M  Contraint for 42523942:SNP.GA: 1 <= <gurobi.QuadExpr: 0.0 + [ 34_2 * REG_34_2_42523942:SNP.GA + 41 * REG_41_42523942:SNP.GA + 2B * REG_2B_42523942:SNP.GA + 34 * REG_34_42523942:SNP.GA + 41_2 * REG_41_2_42523942:SNP.GA + 2B_2 * REG_2B_2_42523942:SNP.GA ]>
CN Solver status: optimal, opt: 56.0
  solution:
    ('1', '41')
[32;01mCopy number best structures:[39;49;00m
[32;01m  (1) 2x*1-like[39;49;00m
== Refiner ==
Refining ('1', '41')
M  CN constraint for 1: 1 == <gurobi.LinExpr: 1 + 1C + 1B + 1E + 1D>
M  CN constraint for 41: 1 == <gurobi.LinExpr: 41>
M  Contraint for 42524923:SNP.AG 6.4e: 0 == <gurobi.QuadExpr: 0.0 + [ 420.0 EXT_41_42524923:SNP.AG * 41 + 420.0 EXT_1_42524923:SNP.AG * 1 + 420.0 EXT_1C_42524923:SNP.AG * 1C + 420.0 EXT_1B_42524923:SNP.AG * 1B + 420.0 REG_1E_42524923:SNP.AG * 1E + 420.0 EXT_1D_42524923:SNP.AG * 1D ]> + err
M  Contraint for 42525131:SNP.CG 6.3e: 203 == <gurobi.QuadExpr: 0.0 + [ 184.0 REG_41_42525131:SNP.CG * 41 + 184.0 EXT_1_42525131:SNP.CG * 1 + 184.0 EXT_1C_42525131:SNP.CG * 1C + 184.0 EXT_1B_42525131:SNP.CG * 1B + 184.0 EXT_1E_42525131:SNP.CG * 1E + 184.0 EXT_1D_42525131:SNP.CG * 1D ]> + err
M  Contraint for 42522964:SNP.CT 6.8e: 0 == <gurobi.QuadExpr: 0.0 + [ 345.5 EXT_41_42522964:SNP.CT * 41 + 345.5 EXT_1_42522964:SNP.CT * 1 + 345.5 EXT_1C_42522964:SNP.CT * 1C + 345.5 REG_1B_42522964:SNP.CT * 1B + 345.5 EXT_1E_42522964:SNP.CT * 1E + 345.5 EXT_1D_42522964:SNP.CT * 1D ]> + err
M  Contraint for 42526548:REF 6.1i: 191 == <gurobi.QuadExpr: 273.0 41 + 273.0 1 + 273.0 1C + 273.0 1B + 273.0 1E + 273.0 1D + [ -273.0 REG_41_42526548:SNP.TC * 41 + -273.0 EXT_1_42526548:SNP.TC * 1 + -273.0 EXT_1C_42526548:SNP.TC * 1C + -273.0 EXT_1B_42526548:SNP.TC * 1B + -273.0 EXT_1E_42526548:SNP.TC * 1E + -273.0 EXT_1D_42526548:SNP.TC * 1D ]> + err
M  Contraint for 42526566:SNP.AG 6.1i: 364 == <gurobi.QuadExpr: 0.0 + [ 275.0 REG_41_42526566:SNP.AG * 41 + 275.0 EXT_1_42526566:SNP.AG * 1 + 275.0 EXT_1C_42526566:SNP.AG * 1C + 275.0 EXT_1B_42526566:SNP.AG * 1B + 275.0 EXT_1E_42526566:SNP.AG * 1E + 275.0 EXT_1D_42526566:SNP.AG * 1D ]> + err
M  Contraint for 42526561:REF 6.1i: 171 == <gurobi.QuadExpr: 263.5 41 + 263.5 1 + 263.5 1C + 263.5 1B + 263.5 1E + 263.5 1D + [ -263.5 REG_41_42526561:SNP.CG * 41 + -263.5 EXT_1_42526561:SNP.CG * 1 + -263.5 EXT_1C_42526561:SNP.CG * 1C + -263.5 EXT_1B_42526561:SNP.CG * 1B + -263.5 EXT_1E_42526561:SNP.CG * 1E + -263.5 EXT_1D_42526561:SNP.CG * 1D ]> + err
M  Contraint for 42526572:REF 6.1i: 197 == <gurobi.QuadExpr: 283.5 41 + 283.5 1 + 283.5 1C + 283.5 1B + 283.5 1E + 283.5 1D + [ -283.5 REG_41_42526572:SNP.GT * 41 + -283.5 EXT_1_42526572:SNP.GT * 1 + -283.5 EXT_1C_42526572:SNP.GT * 1C + -283.5 EXT_1B_42526572:SNP.GT * 1B + -283.5 EXT_1E_42526572:SNP.GT * 1E + -283.5 EXT_1D_42526572:SNP.GT * 1D ]> + err
M  Contraint for 42524923:REF 6.4e: 840 == <gurobi.QuadExpr: 420.0 41 + 420.0 1 + 420.0 1C + 420.0 1B + 420.0 1E + 420.0 1D + [ -420.0 EXT_41_42524923:SNP.AG * 41 + -420.0 EXT_1_42524923:SNP.AG * 1 + -420.0 EXT_1C_42524923:SNP.AG * 1C + -420.0 EXT_1B_42524923:SNP.AG * 1B + -420.0 REG_1E_42524923:SNP.AG * 1E + -420.0 EXT_1D_42524923:SNP.AG * 1D ]> + err
M  Contraint for 42527470:REF 6.0i: 189 == <gurobi.QuadExpr: 305.0 41 + 305.0 1 + 305.0 1C + 305.0 1B + 305.0 1E + 305.0 1D + [ -305.0 REG_41_42527470:SNP.CT * 41 + -305.0 EXT_1_42527470:SNP.CT * 1 + -305.0 EXT_1C_42527470:SNP.CT * 1C + -305.0 EXT_1B_42527470:SNP.CT * 1B + -305.0 EXT_1E_42527470:SNP.CT * 1E + -305.0 EXT_1D_42527470:SNP.CT * 1D ]> + err
M  Contraint for 42527470:SNP.CT 6.0i: 421 == <gurobi.QuadExpr: 0.0 + [ 305.0 REG_41_42527470:SNP.CT * 41 + 305.0 EXT_1_42527470:SNP.CT * 1 + 305.0 EXT_1C_42527470:SNP.CT * 1C + 305.0 EXT_1B_42527470:SNP.CT * 1B + 305.0 EXT_1E_42527470:SNP.CT * 1E + 305.0 EXT_1D_42527470:SNP.CT * 1D ]> + err
M  Contraint for 42522612:SNP.CG 6.9e: 342 == <gurobi.QuadExpr: 0.0 + [ 329.5 REG_41_42522612:SNP.CG * 41 + 329.5 EXT_1_42522612:SNP.CG * 1 + 329.5 EXT_1C_42522612:SNP.CG * 1C + 329.5 EXT_1B_42522612:SNP.CG * 1B + 329.5 EXT_1E_42522612:SNP.CG * 1E + 329.5 EXT_1D_42522612:SNP.CG * 1D ]> + err
M  Contraint for 42528027:SNP.TC 6.0i: 12 == <gurobi.QuadExpr: 0.0 + [ 10.0 REG_41_42528027:SNP.TC * 41 + 10.0 EXT_1_42528027:SNP.TC * 1 + 10.0 EXT_1C_42528027:SNP.TC * 1C + 10.0 EXT_1B_42528027:SNP.TC * 1B + 10.0 EXT_1E_42528027:SNP.TC * 1E + 10.0 EXT_1D_42528027:SNP.TC * 1D ]> + err
M  Contraint for 42522964:REF 6.8e: 691 == <gurobi.QuadExpr: 345.5 41 + 345.5 1 + 345.5 1C + 345.5 1B + 345.5 1E + 345.5 1D + [ -345.5 EXT_41_42522964:SNP.CT * 41 + -345.5 EXT_1_42522964:SNP.CT * 1 + -345.5 EXT_1C_42522964:SNP.CT * 1C + -345.5 REG_1B_42522964:SNP.CT * 1B + -345.5 EXT_1E_42522964:SNP.CT * 1E + -345.5 EXT_1D_42522964:SNP.CT * 1D ]> + err
M  Contraint for 42528027:REF 6.0i: 8 == <gurobi.QuadExpr: 10.0 41 + 10.0 1 + 10.0 1C + 10.0 1B + 10.0 1E + 10.0 1D + [ -10.0 REG_41_42528027:SNP.TC * 41 + -10.0 EXT_1_42528027:SNP.TC * 1 + -10.0 EXT_1C_42528027:SNP.TC * 1C + -10.0 EXT_1B_42528027:SNP.TC * 1B + -10.0 EXT_1E_42528027:SNP.TC * 1E + -10.0 EXT_1D_42528027:SNP.TC * 1D ]> + err
M  Contraint for 42526570:REF 6.1i: 189 == <gurobi.QuadExpr: 275.5 41 + 275.5 1 + 275.5 1C + 275.5 1B + 275.5 1E + 275.5 1D + [ -275.5 REG_41_42526570:SNP.GC * 41 + -275.5 EXT_1_42526570:SNP.GC * 1 + -275.5 EXT_1C_42526570:SNP.GC * 1C + -275.5 EXT_1B_42526570:SNP.GC * 1B + -275.5 EXT_1E_42526570:SNP.GC * 1E + -275.5 EXT_1D_42526570:SNP.GC * 1D ]> + err
M  Contraint for 42526548:SNP.TC 6.1i: 355 == <gurobi.QuadExpr: 0.0 + [ 273.0 REG_41_42526548:SNP.TC * 41 + 273.0 EXT_1_42526548:SNP.TC * 1 + 273.0 EXT_1C_42526548:SNP.TC * 1C + 273.0 EXT_1B_42526548:SNP.TC * 1B + 273.0 EXT_1E_42526548:SNP.TC * 1E + 273.0 EXT_1D_42526548:SNP.TC * 1D ]> + err
M  Contraint for 42524814:REF 6.4e: 985 == <gurobi.QuadExpr: 492.5 41 + 492.5 1 + 492.5 1C + 492.5 1B + 492.5 1E + 492.5 1D + [ -492.5 EXT_41_42524814:SNP.GA * 41 + -492.5 EXT_1_42524814:SNP.GA * 1 + -492.5 REG_1C_42524814:SNP.GA * 1C + -492.5 EXT_1B_42524814:SNP.GA * 1B + -492.5 EXT_1E_42524814:SNP.GA * 1E + -492.5 EXT_1D_42524814:SNP.GA * 1D ]> + err
M  Contraint for 42526572:SNP.GT 6.1i: 370 == <gurobi.QuadExpr: 0.0 + [ 283.5 REG_41_42526572:SNP.GT * 41 + 283.5 EXT_1_42526572:SNP.GT * 1 + 283.5 EXT_1C_42526572:SNP.GT * 1C + 283.5 EXT_1B_42526572:SNP.GT * 1B + 283.5 EXT_1E_42526572:SNP.GT * 1E + 283.5 EXT_1D_42526572:SNP.GT * 1D ]> + err
M  Contraint for 42527532:SNP.GA 6.0i: 260 == <gurobi.QuadExpr: 0.0 + [ 210.5 REG_41_42527532:SNP.GA * 41 + 210.5 EXT_1_42527532:SNP.GA * 1 + 210.5 EXT_1C_42527532:SNP.GA * 1C + 210.5 EXT_1B_42527532:SNP.GA * 1B + 210.5 EXT_1E_42527532:SNP.GA * 1E + 210.5 EXT_1D_42527532:SNP.GA * 1D ]> + err
M  Contraint for 42525131:REF 6.3e: 165 == <gurobi.QuadExpr: 184.0 41 + 184.0 1 + 184.0 1C + 184.0 1B + 184.0 1E + 184.0 1D + [ -184.0 REG_41_42525131:SNP.CG * 41 + -184.0 EXT_1_42525131:SNP.CG * 1 + -184.0 EXT_1C_42525131:SNP.CG * 1C + -184.0 EXT_1B_42525131:SNP.CG * 1B + -184.0 EXT_1E_42525131:SNP.CG * 1E + -184.0 EXT_1D_42525131:SNP.CG * 1D ]> + err
M  Contraint for 42526561:SNP.CG 6.1i: 356 == <gurobi.QuadExpr: 0.0 + [ 263.5 REG_41_42526561:SNP.CG * 41 + 263.5 EXT_1_42526561:SNP.CG * 1 + 263.5 EXT_1C_42526561:SNP.CG * 1C + 263.5 EXT_1B_42526561:SNP.CG * 1B + 263.5 EXT_1E_42526561:SNP.CG * 1E + 263.5 EXT_1D_42526561:SNP.CG * 1D ]> + err
M  Contraint for 42524814:SNP.GA 6.4e: 0 == <gurobi.QuadExpr: 0.0 + [ 492.5 EXT_41_42524814:SNP.GA * 41 + 492.5 EXT_1_42524814:SNP.GA * 1 + 492.5 REG_1C_42524814:SNP.GA * 1C + 492.5 EXT_1B_42524814:SNP.GA * 1B + 492.5 EXT_1E_42524814:SNP.GA * 1E + 492.5 EXT_1D_42524814:SNP.GA * 1D ]> + err
M  Contraint for 42523804:SNP.CT 6.6i: 214 == <gurobi.QuadExpr: 0.0 + [ 218.0 REG_41_42523804:SNP.CT * 41 + 218.0 EXT_1_42523804:SNP.CT * 1 + 218.0 EXT_1C_42523804:SNP.CT * 1C + 218.0 EXT_1B_42523804:SNP.CT * 1B + 218.0 EXT_1E_42523804:SNP.CT * 1E + 218.0 EXT_1D_42523804:SNP.CT * 1D ]> + err
M  Contraint for 42522612:REF 6.9e: 317 == <gurobi.QuadExpr: 329.5 41 + 329.5 1 + 329.5 1C + 329.5 1B + 329.5 1E + 329.5 1D + [ -329.5 REG_41_42522612:SNP.CG * 41 + -329.5 EXT_1_42522612:SNP.CG * 1 + -329.5 EXT_1C_42522612:SNP.CG * 1C + -329.5 EXT_1B_42522612:SNP.CG * 1B + -329.5 EXT_1E_42522612:SNP.CG * 1E + -329.5 EXT_1D_42522612:SNP.CG * 1D ]> + err
M  Contraint for 42524217:SNP.GT 6.5e: 0 == <gurobi.QuadExpr: 0.0 + [ 204.0 EXT_41_42524217:SNP.GT * 41 + 204.0 EXT_1_42524217:SNP.GT * 1 + 204.0 EXT_1C_42524217:SNP.GT * 1C + 204.0 EXT_1B_42524217:SNP.GT * 1B + 204.0 EXT_1E_42524217:SNP.GT * 1E + 204.0 REG_1D_42524217:SNP.GT * 1D ]> + err
M  Contraint for 42527532:REF 6.0i: 161 == <gurobi.QuadExpr: 210.5 41 + 210.5 1 + 210.5 1C + 210.5 1B + 210.5 1E + 210.5 1D + [ -210.5 REG_41_42527532:SNP.GA * 41 + -210.5 EXT_1_42527532:SNP.GA * 1 + -210.5 EXT_1C_42527532:SNP.GA * 1C + -210.5 EXT_1B_42527532:SNP.GA * 1B + -210.5 EXT_1E_42527532:SNP.GA * 1E + -210.5 EXT_1D_42527532:SNP.GA * 1D ]> + err
M  Contraint for 42526560:SNP.TG 6.1i: 356 == <gurobi.QuadExpr: 0.0 + [ 265.0 REG_41_42526560:SNP.TG * 41 + 265.0 EXT_1_42526560:SNP.TG * 1 + 265.0 EXT_1C_42526560:SNP.TG * 1C + 265.0 EXT_1B_42526560:SNP.TG * 1B + 265.0 EXT_1E_42526560:SNP.TG * 1E + 265.0 EXT_1D_42526560:SNP.TG * 1D ]> + err
M  Contraint for 42526566:REF 6.1i: 186 == <gurobi.QuadExpr: 275.0 41 + 275.0 1 + 275.0 1C + 275.0 1B + 275.0 1E + 275.0 1D + [ -275.0 REG_41_42526566:SNP.AG * 41 + -275.0 EXT_1_42526566:SNP.AG * 1 + -275.0 EXT_1C_42526566:SNP.AG * 1C + -275.0 EXT_1B_42526566:SNP.AG * 1B + -275.0 EXT_1E_42526566:SNP.AG * 1E + -275.0 EXT_1D_42526566:SNP.AG * 1D ]> + err
M  Contraint for 42523804:REF 6.6i: 222 == <gurobi.QuadExpr: 218.0 41 + 218.0 1 + 218.0 1C + 218.0 1B + 218.0 1E + 218.0 1D + [ -218.0 REG_41_42523804:SNP.CT * 41 + -218.0 EXT_1_42523804:SNP.CT * 1 + -218.0 EXT_1C_42523804:SNP.CT * 1C + -218.0 EXT_1B_42523804:SNP.CT * 1B + -218.0 EXT_1E_42523804:SNP.CT * 1E + -218.0 EXT_1D_42523804:SNP.CT * 1D ]> + err
M  Contraint for 42526570:SNP.GC 6.1i: 362 == <gurobi.QuadExpr: 0.0 + [ 275.5 REG_41_42526570:SNP.GC * 41 + 275.5 EXT_1_42526570:SNP.GC * 1 + 275.5 EXT_1C_42526570:SNP.GC * 1C + 275.5 EXT_1B_42526570:SNP.GC * 1B + 275.5 EXT_1E_42526570:SNP.GC * 1E + 275.5 EXT_1D_42526570:SNP.GC * 1D ]> + err
M  Contraint for 42523942:REF 6.6e: 256 == <gurobi.QuadExpr: 244.5 41 + 244.5 1 + 244.5 1C + 244.5 1B + 244.5 1E + 244.5 1D + [ -244.5 REG_41_42523942:SNP.GA * 41 + -244.5 EXT_1_42523942:SNP.GA * 1 + -244.5 EXT_1C_42523942:SNP.GA * 1C + -244.5 EXT_1B_42523942:SNP.GA * 1B + -244.5 EXT_1E_42523942:SNP.GA * 1E + -244.5 EXT_1D_42523942:SNP.GA * 1D ]> + err
M  Contraint for 42523942:SNP.GA 6.6e: 233 == <gurobi.QuadExpr: 0.0 + [ 244.5 REG_41_42523942:SNP.GA * 41 + 244.5 EXT_1_42523942:SNP.GA * 1 + 244.5 EXT_1C_42523942:SNP.GA * 1C + 244.5 EXT_1B_42523942:SNP.GA * 1B + 244.5 EXT_1E_42523942:SNP.GA * 1E + 244.5 EXT_1D_42523942:SNP.GA * 1D ]> + err
M  Contraint for 42524217:REF 6.5e: 408 == <gurobi.QuadExpr: 204.0 41 + 204.0 1 + 204.0 1C + 204.0 1B + 204.0 1E + 204.0 1D + [ -204.0 EXT_41_42524217:SNP.GT * 41 + -204.0 EXT_1_42524217:SNP.GT * 1 + -204.0 EXT_1C_42524217:SNP.GT * 1C + -204.0 EXT_1B_42524217:SNP.GT * 1B + -204.0 EXT_1E_42524217:SNP.GT * 1E + -204.0 REG_1D_42524217:SNP.GT * 1D ]> + err
M  Contraint for 42526560:REF 6.1i: 174 == <gurobi.QuadExpr: 265.0 41 + 265.0 1 + 265.0 1C + 265.0 1B + 265.0 1E + 265.0 1D + [ -265.0 REG_41_42526560:SNP.TG * 41 + -265.0 EXT_1_42526560:SNP.TG * 1 + -265.0 EXT_1C_42526560:SNP.TG * 1C + -265.0 EXT_1B_42526560:SNP.TG * 1B + -265.0 EXT_1E_42526560:SNP.TG * 1E + -265.0 EXT_1D_42526560:SNP.TG * 1D ]> + err
M  Contraint for MM[missing] 41 42525131:SNP.CG: <gurobi.Var 41> >= <gurobi.Var REG_41_42525131:SNP.CG>
M  Contraint for MM[missing] 41 42526572:SNP.GT: <gurobi.Var 41> >= <gurobi.Var REG_41_42526572:SNP.GT>
M  Contraint for MM[missing] 41 42527532:SNP.GA: <gurobi.Var 41> >= <gurobi.Var REG_41_42527532:SNP.GA>
M  Contraint for MM[missing] 41 42526560:SNP.TG: <gurobi.Var 41> >= <gurobi.Var REG_41_42526560:SNP.TG>
M  Contraint for MM[missing] 41 42526561:SNP.CG: <gurobi.Var 41> >= <gurobi.Var REG_41_42526561:SNP.CG>
M  Contraint for MM[missing] 41 42526570:SNP.GC: <gurobi.Var 41> >= <gurobi.Var REG_41_42526570:SNP.GC>
M  Contraint for MM[missing] 41 42528027:SNP.TC: <gurobi.Var 41> >= <gurobi.Var REG_41_42528027:SNP.TC>
M  Contraint for MM[missing] 41 42523804:SNP.CT: <gurobi.Var 41> >= <gurobi.Var REG_41_42523804:SNP.CT>
M  Contraint for MM[missing] 41 42526566:SNP.AG: <gurobi.Var 41> >= <gurobi.Var REG_41_42526566:SNP.AG>
M  Contraint for MM[missing] 41 42523942:SNP.GA: <gurobi.Var 41> >= <gurobi.Var REG_41_42523942:SNP.GA>
M  Contraint for MM[missing] 41 42527470:SNP.CT: <gurobi.Var 41> >= <gurobi.Var REG_41_42527470:SNP.CT>
M  Contraint for MM[missing] 41 42522612:SNP.CG: <gurobi.Var 41> >= <gurobi.Var REG_41_42522612:SNP.CG>
M  Contraint for MM[missing] 41 42526548:SNP.TC: <gurobi.Var 41> >= <gurobi.Var REG_41_42526548:SNP.TC>
M  Contraint for MM[missing] 1C 42524814:SNP.GA: <gurobi.Var 1C> >= <gurobi.Var REG_1C_42524814:SNP.GA>
M  Contraint for MM[missing] 1B 42522964:SNP.CT: <gurobi.Var 1B> >= <gurobi.Var REG_1B_42522964:SNP.CT>
M  Contraint for MM[missing] 1E 42524923:SNP.AG: <gurobi.Var 1E> >= <gurobi.Var REG_1E_42524923:SNP.AG>
M  Contraint for MM[missing] 1D 42524217:SNP.GT: <gurobi.Var 1D> >= <gurobi.Var REG_1D_42524217:SNP.GT>
M  Contraint for MA[extra] 41 42524814:SNP.GA: <gurobi.Var 41> >= <gurobi.Var EXT_41_42524814:SNP.GA>
M  Contraint for MA[extra] 41 42524923:SNP.AG: <gurobi.Var 41> >= <gurobi.Var EXT_41_42524923:SNP.AG>
M  Contraint for MA[extra] 41 42524217:SNP.GT: <gurobi.Var 41> >= <gurobi.Var EXT_41_42524217:SNP.GT>
M  Contraint for MA[extra] 41 42522964:SNP.CT: <gurobi.Var 41> >= <gurobi.Var EXT_41_42522964:SNP.CT>
M  Contraint for MA[extra] 1 42524923:SNP.AG: <gurobi.Var 1> >= <gurobi.Var EXT_1_42524923:SNP.AG>
M  Contraint for MA[extra] 1 42525131:SNP.CG: <gurobi.Var 1> >= <gurobi.Var EXT_1_42525131:SNP.CG>
M  Contraint for MA[extra] 1 42526572:SNP.GT: <gurobi.Var 1> >= <gurobi.Var EXT_1_42526572:SNP.GT>
M  Contraint for MA[extra] 1 42527532:SNP.GA: <gurobi.Var 1> >= <gurobi.Var EXT_1_42527532:SNP.GA>
M  Contraint for MA[extra] 1 42526560:SNP.TG: <gurobi.Var 1> >= <gurobi.Var EXT_1_42526560:SNP.TG>
M  Contraint for MA[extra] 1 42522964:SNP.CT: <gurobi.Var 1> >= <gurobi.Var EXT_1_42522964:SNP.CT>
M  Contraint for MA[extra] 1 42526561:SNP.CG: <gurobi.Var 1> >= <gurobi.Var EXT_1_42526561:SNP.CG>
M  Contraint for MA[extra] 1 42526570:SNP.GC: <gurobi.Var 1> >= <gurobi.Var EXT_1_42526570:SNP.GC>
M  Contraint for MA[extra] 1 42524814:SNP.GA: <gurobi.Var 1> >= <gurobi.Var EXT_1_42524814:SNP.GA>
M  Contraint for MA[extra] 1 42523804:SNP.CT: <gurobi.Var 1> >= <gurobi.Var EXT_1_42523804:SNP.CT>
M  Contraint for MA[extra] 1 42524217:SNP.GT: <gurobi.Var 1> >= <gurobi.Var EXT_1_42524217:SNP.GT>
M  Contraint for MA[extra] 1 42528027:SNP.TC: <gurobi.Var 1> >= <gurobi.Var EXT_1_42528027:SNP.TC>
M  Contraint for MA[extra] 1 42523942:SNP.GA: <gurobi.Var 1> >= <gurobi.Var EXT_1_42523942:SNP.GA>
M  Contraint for MA[extra] 1 42526566:SNP.AG: <gurobi.Var 1> >= <gurobi.Var EXT_1_42526566:SNP.AG>
M  Contraint for MA[extra] 1 42527470:SNP.CT: <gurobi.Var 1> >= <gurobi.Var EXT_1_42527470:SNP.CT>
M  Contraint for MA[extra] 1 42522612:SNP.CG: <gurobi.Var 1> >= <gurobi.Var EXT_1_42522612:SNP.CG>
M  Contraint for MA[extra] 1 42526548:SNP.TC: <gurobi.Var 1> >= <gurobi.Var EXT_1_42526548:SNP.TC>
M  Contraint for MA[extra] 1C 42524923:SNP.AG: <gurobi.Var 1C> >= <gurobi.Var EXT_1C_42524923:SNP.AG>
M  Contraint for MA[extra] 1C 42525131:SNP.CG: <gurobi.Var 1C> >= <gurobi.Var EXT_1C_42525131:SNP.CG>
M  Contraint for MA[extra] 1C 42526572:SNP.GT: <gurobi.Var 1C> >= <gurobi.Var EXT_1C_42526572:SNP.GT>
M  Contraint for MA[extra] 1C 42527532:SNP.GA: <gurobi.Var 1C> >= <gurobi.Var EXT_1C_42527532:SNP.GA>
M  Contraint for MA[extra] 1C 42526560:SNP.TG: <gurobi.Var 1C> >= <gurobi.Var EXT_1C_42526560:SNP.TG>
M  Contraint for MA[extra] 1C 42522964:SNP.CT: <gurobi.Var 1C> >= <gurobi.Var EXT_1C_42522964:SNP.CT>
M  Contraint for MA[extra] 1C 42526561:SNP.CG: <gurobi.Var 1C> >= <gurobi.Var EXT_1C_42526561:SNP.CG>
M  Contraint for MA[extra] 1C 42526570:SNP.GC: <gurobi.Var 1C> >= <gurobi.Var EXT_1C_42526570:SNP.GC>
M  Contraint for MA[extra] 1C 42528027:SNP.TC: <gurobi.Var 1C> >= <gurobi.Var EXT_1C_42528027:SNP.TC>
M  Contraint for MA[extra] 1C 42523804:SNP.CT: <gurobi.Var 1C> >= <gurobi.Var EXT_1C_42523804:SNP.CT>
M  Contraint for MA[extra] 1C 42524217:SNP.GT: <gurobi.Var 1C> >= <gurobi.Var EXT_1C_42524217:SNP.GT>
M  Contraint for MA[extra] 1C 42523942:SNP.GA: <gurobi.Var 1C> >= <gurobi.Var EXT_1C_42523942:SNP.GA>
M  Contraint for MA[extra] 1C 42526566:SNP.AG: <gurobi.Var 1C> >= <gurobi.Var EXT_1C_42526566:SNP.AG>
M  Contraint for MA[extra] 1C 42527470:SNP.CT: <gurobi.Var 1C> >= <gurobi.Var EXT_1C_42527470:SNP.CT>
M  Contraint for MA[extra] 1C 42522612:SNP.CG: <gurobi.Var 1C> >= <gurobi.Var EXT_1C_42522612:SNP.CG>
M  Contraint for MA[extra] 1C 42526548:SNP.TC: <gurobi.Var 1C> >= <gurobi.Var EXT_1C_42526548:SNP.TC>
M  Contraint for MA[extra] 1B 42524923:SNP.AG: <gurobi.Var 1B> >= <gurobi.Var EXT_1B_42524923:SNP.AG>
M  Contraint for MA[extra] 1B 42525131:SNP.CG: <gurobi.Var 1B> >= <gurobi.Var EXT_1B_42525131:SNP.CG>
M  Contraint for MA[extra] 1B 42526572:SNP.GT: <gurobi.Var 1B> >= <gurobi.Var EXT_1B_42526572:SNP.GT>
M  Contraint for MA[extra] 1B 42527532:SNP.GA: <gurobi.Var 1B> >= <gurobi.Var EXT_1B_42527532:SNP.GA>
M  Contraint for MA[extra] 1B 42526560:SNP.TG: <gurobi.Var 1B> >= <gurobi.Var EXT_1B_42526560:SNP.TG>
M  Contraint for MA[extra] 1B 42526561:SNP.CG: <gurobi.Var 1B> >= <gurobi.Var EXT_1B_42526561:SNP.CG>
M  Contraint for MA[extra] 1B 42526570:SNP.GC: <gurobi.Var 1B> >= <gurobi.Var EXT_1B_42526570:SNP.GC>
M  Contraint for MA[extra] 1B 42524814:SNP.GA: <gurobi.Var 1B> >= <gurobi.Var EXT_1B_42524814:SNP.GA>
M  Contraint for MA[extra] 1B 42523804:SNP.CT: <gurobi.Var 1B> >= <gurobi.Var EXT_1B_42523804:SNP.CT>
M  Contraint for MA[extra] 1B 42524217:SNP.GT: <gurobi.Var 1B> >= <gurobi.Var EXT_1B_42524217:SNP.GT>
M  Contraint for MA[extra] 1B 42528027:SNP.TC: <gurobi.Var 1B> >= <gurobi.Var EXT_1B_42528027:SNP.TC>
M  Contraint for MA[extra] 1B 42523942:SNP.GA: <gurobi.Var 1B> >= <gurobi.Var EXT_1B_42523942:SNP.GA>
M  Contraint for MA[extra] 1B 42526566:SNP.AG: <gurobi.Var 1B> >= <gurobi.Var EXT_1B_42526566:SNP.AG>
M  Contraint for MA[extra] 1B 42527470:SNP.CT: <gurobi.Var 1B> >= <gurobi.Var EXT_1B_42527470:SNP.CT>
M  Contraint for MA[extra] 1B 42522612:SNP.CG: <gurobi.Var 1B> >= <gurobi.Var EXT_1B_42522612:SNP.CG>
M  Contraint for MA[extra] 1B 42526548:SNP.TC: <gurobi.Var 1B> >= <gurobi.Var EXT_1B_42526548:SNP.TC>
M  Contraint for MA[extra] 1E 42528027:SNP.TC: <gurobi.Var 1E> >= <gurobi.Var EXT_1E_42528027:SNP.TC>
M  Contraint for MA[extra] 1E 42525131:SNP.CG: <gurobi.Var 1E> >= <gurobi.Var EXT_1E_42525131:SNP.CG>
M  Contraint for MA[extra] 1E 42526572:SNP.GT: <gurobi.Var 1E> >= <gurobi.Var EXT_1E_42526572:SNP.GT>
M  Contraint for MA[extra] 1E 42527532:SNP.GA: <gurobi.Var 1E> >= <gurobi.Var EXT_1E_42527532:SNP.GA>
M  Contraint for MA[extra] 1E 42526560:SNP.TG: <gurobi.Var 1E> >= <gurobi.Var EXT_1E_42526560:SNP.TG>
M  Contraint for MA[extra] 1E 42522964:SNP.CT: <gurobi.Var 1E> >= <gurobi.Var EXT_1E_42522964:SNP.CT>
M  Contraint for MA[extra] 1E 42526561:SNP.CG: <gurobi.Var 1E> >= <gurobi.Var EXT_1E_42526561:SNP.CG>
M  Contraint for MA[extra] 1E 42526570:SNP.GC: <gurobi.Var 1E> >= <gurobi.Var EXT_1E_42526570:SNP.GC>
M  Contraint for MA[extra] 1E 42524814:SNP.GA: <gurobi.Var 1E> >= <gurobi.Var EXT_1E_42524814:SNP.GA>
M  Contraint for MA[extra] 1E 42523804:SNP.CT: <gurobi.Var 1E> >= <gurobi.Var EXT_1E_42523804:SNP.CT>
M  Contraint for MA[extra] 1E 42524217:SNP.GT: <gurobi.Var 1E> >= <gurobi.Var EXT_1E_42524217:SNP.GT>
M  Contraint for MA[extra] 1E 42523942:SNP.GA: <gurobi.Var 1E> >= <gurobi.Var EXT_1E_42523942:SNP.GA>
M  Contraint for MA[extra] 1E 42526566:SNP.AG: <gurobi.Var 1E> >= <gurobi.Var EXT_1E_42526566:SNP.AG>
M  Contraint for MA[extra] 1E 42527470:SNP.CT: <gurobi.Var 1E> >= <gurobi.Var EXT_1E_42527470:SNP.CT>
M  Contraint for MA[extra] 1E 42522612:SNP.CG: <gurobi.Var 1E> >= <gurobi.Var EXT_1E_42522612:SNP.CG>
M  Contraint for MA[extra] 1E 42526548:SNP.TC: <gurobi.Var 1E> >= <gurobi.Var EXT_1E_42526548:SNP.TC>
M  Contraint for MA[extra] 1D 42524923:SNP.AG: <gurobi.Var 1D> >= <gurobi.Var EXT_1D_42524923:SNP.AG>
M  Contraint for MA[extra] 1D 42525131:SNP.CG: <gurobi.Var 1D> >= <gurobi.Var EXT_1D_42525131:SNP.CG>
M  Contraint for MA[extra] 1D 42526572:SNP.GT: <gurobi.Var 1D> >= <gurobi.Var EXT_1D_42526572:SNP.GT>
M  Contraint for MA[extra] 1D 42527532:SNP.GA: <gurobi.Var 1D> >= <gurobi.Var EXT_1D_42527532:SNP.GA>
M  Contraint for MA[extra] 1D 42526560:SNP.TG: <gurobi.Var 1D> >= <gurobi.Var EXT_1D_42526560:SNP.TG>
M  Contraint for MA[extra] 1D 42522964:SNP.CT: <gurobi.Var 1D> >= <gurobi.Var EXT_1D_42522964:SNP.CT>
M  Contraint for MA[extra] 1D 42526561:SNP.CG: <gurobi.Var 1D> >= <gurobi.Var EXT_1D_42526561:SNP.CG>
M  Contraint for MA[extra] 1D 42526570:SNP.GC: <gurobi.Var 1D> >= <gurobi.Var EXT_1D_42526570:SNP.GC>
M  Contraint for MA[extra] 1D 42524814:SNP.GA: <gurobi.Var 1D> >= <gurobi.Var EXT_1D_42524814:SNP.GA>
M  Contraint for MA[extra] 1D 42523804:SNP.CT: <gurobi.Var 1D> >= <gurobi.Var EXT_1D_42523804:SNP.CT>
M  Contraint for MA[extra] 1D 42526566:SNP.AG: <gurobi.Var 1D> >= <gurobi.Var EXT_1D_42526566:SNP.AG>
M  Contraint for MA[extra] 1D 42528027:SNP.TC: <gurobi.Var 1D> >= <gurobi.Var EXT_1D_42528027:SNP.TC>
M  Contraint for MA[extra] 1D 42523942:SNP.GA: <gurobi.Var 1D> >= <gurobi.Var EXT_1D_42523942:SNP.GA>
M  Contraint for MA[extra] 1D 42527470:SNP.CT: <gurobi.Var 1D> >= <gurobi.Var EXT_1D_42527470:SNP.CT>
M  Contraint for MA[extra] 1D 42522612:SNP.CG: <gurobi.Var 1D> >= <gurobi.Var EXT_1D_42522612:SNP.CG>
M  Contraint for MA[extra] 1D 42526548:SNP.TC: <gurobi.Var 1D> >= <gurobi.Var EXT_1D_42526548:SNP.TC>
M  Objective: <gurobi.LinExpr: C142 + C143 + C144 + C145 + C146 + C147 + C148 + C149 + C150 + C151 + C152 + C153 + C154 + C155 + C156 + C157 + C158 + C159 + C160 + C161 + C162 + C163 + C164 + C165 + C166 + C167 + C168 + C169 + C170 + C171 + C172 + C173 + C174 + C175 + EXT_41_42524814:SNP.GA + EXT_41_42524923:SNP.AG + EXT_41_42524217:SNP.GT + EXT_41_42522964:SNP.CT + EXT_1_42524923:SNP.AG + EXT_1_42525131:SNP.CG + EXT_1_42526572:SNP.GT + EXT_1_42527532:SNP.GA + EXT_1_42526560:SNP.TG + EXT_1_42522964:SNP.CT + EXT_1_42526561:SNP.CG + EXT_1_42526570:SNP.GC + EXT_1_42524814:SNP.GA + EXT_1_42523804:SNP.CT + EXT_1_42524217:SNP.GT + EXT_1_42528027:SNP.TC + EXT_1_42523942:SNP.GA + EXT_1_42526566:SNP.AG + EXT_1_42527470:SNP.CT + EXT_1_42522612:SNP.CG + EXT_1_42526548:SNP.TC + EXT_1C_42524923:SNP.AG + EXT_1C_42525131:SNP.CG + EXT_1C_42526572:SNP.GT + EXT_1C_42527532:SNP.GA + EXT_1C_42526560:SNP.TG + EXT_1C_42522964:SNP.CT + EXT_1C_42526561:SNP.CG + EXT_1C_42526570:SNP.GC + EXT_1C_42528027:SNP.TC + EXT_1C_42523804:SNP.CT + EXT_1C_42524217:SNP.GT + EXT_1C_42523942:SNP.GA + EXT_1C_42526566:SNP.AG + EXT_1C_42527470:SNP.CT + EXT_1C_42522612:SNP.CG + EXT_1C_42526548:SNP.TC + EXT_1B_42524923:SNP.AG + EXT_1B_42525131:SNP.CG + EXT_1B_42526572:SNP.GT + EXT_1B_42527532:SNP.GA + EXT_1B_42526560:SNP.TG + EXT_1B_42526561:SNP.CG + EXT_1B_42526570:SNP.GC + EXT_1B_42524814:SNP.GA + EXT_1B_42523804:SNP.CT + EXT_1B_42524217:SNP.GT + EXT_1B_42528027:SNP.TC + EXT_1B_42523942:SNP.GA + EXT_1B_42526566:SNP.AG + EXT_1B_42527470:SNP.CT + EXT_1B_42522612:SNP.CG + EXT_1B_42526548:SNP.TC + EXT_1E_42528027:SNP.TC + EXT_1E_42525131:SNP.CG + EXT_1E_42526572:SNP.GT + EXT_1E_42527532:SNP.GA + EXT_1E_42526560:SNP.TG + EXT_1E_42522964:SNP.CT + EXT_1E_42526561:SNP.CG + EXT_1E_42526570:SNP.GC + EXT_1E_42524814:SNP.GA + EXT_1E_42523804:SNP.CT + EXT_1E_42524217:SNP.GT + EXT_1E_42523942:SNP.GA + EXT_1E_42526566:SNP.AG + EXT_1E_42527470:SNP.CT + EXT_1E_42522612:SNP.CG + EXT_1E_42526548:SNP.TC + EXT_1D_42524923:SNP.AG + EXT_1D_42525131:SNP.CG + EXT_1D_42526572:SNP.GT + EXT_1D_42527532:SNP.GA + EXT_1D_42526560:SNP.TG + EXT_1D_42522964:SNP.CT + EXT_1D_42526561:SNP.CG + EXT_1D_42526570:SNP.GC + EXT_1D_42524814:SNP.GA + EXT_1D_42523804:SNP.CT + EXT_1D_42526566:SNP.AG + EXT_1D_42528027:SNP.TC + EXT_1D_42523942:SNP.GA + EXT_1D_42527470:SNP.CT + EXT_1D_42522612:SNP.CG + EXT_1D_42526548:SNP.TC + W>
M  Contraint for 41: <gurobi.LinExpr: REG_41_42523942:SNP.GA + REG_41_42523804:SNP.CT + REG_41_42522612:SNP.CG> = 3 * A_<gurobi.Var 41>
M  Contraint for 42524814:SNP.GA: 0 >= <gurobi.LinExpr: REG_1C_42524814:SNP.GA>
M  Contraint for 42522964:SNP.CT: 0 >= <gurobi.LinExpr: REG_1B_42522964:SNP.CT>
M  Contraint for 42524923:SNP.AG: 0 >= <gurobi.LinExpr: REG_1E_42524923:SNP.AG>
M  Contraint for 42524217:SNP.GT: 0 >= <gurobi.LinExpr: REG_1D_42524217:SNP.GT>
M  Contraint for 42524923:SNP.AG: 0 <= <gurobi.QuadExpr: 0.0 + [ REG_1E_42524923:SNP.AG * 1E + EXT_41_42524923:SNP.AG * 41 + EXT_1_42524923:SNP.AG * 1 + EXT_1C_42524923:SNP.AG * 1C + EXT_1B_42524923:SNP.AG * 1B + EXT_1D_42524923:SNP.AG * 1D ]> <= 1
M  Contraint for 42525131:SNP.CG: 1 <= <gurobi.QuadExpr: 0.0 + [ REG_41_42525131:SNP.CG * 41 + EXT_1_42525131:SNP.CG * 1 + EXT_1C_42525131:SNP.CG * 1C + EXT_1B_42525131:SNP.CG * 1B + EXT_1E_42525131:SNP.CG * 1E + EXT_1D_42525131:SNP.CG * 1D ]> <= 2
M  Contraint for 42526572:SNP.GT: 1 <= <gurobi.QuadExpr: 0.0 + [ REG_41_42526572:SNP.GT * 41 + EXT_1_42526572:SNP.GT * 1 + EXT_1C_42526572:SNP.GT * 1C + EXT_1B_42526572:SNP.GT * 1B + EXT_1E_42526572:SNP.GT * 1E + EXT_1D_42526572:SNP.GT * 1D ]> <= 2
M  Contraint for 42527532:SNP.GA: 1 <= <gurobi.QuadExpr: 0.0 + [ REG_41_42527532:SNP.GA * 41 + EXT_1_42527532:SNP.GA * 1 + EXT_1C_42527532:SNP.GA * 1C + EXT_1B_42527532:SNP.GA * 1B + EXT_1E_42527532:SNP.GA * 1E + EXT_1D_42527532:SNP.GA * 1D ]> <= 2
M  Contraint for 42522964:SNP.CT: 0 <= <gurobi.QuadExpr: 0.0 + [ REG_1B_42522964:SNP.CT * 1B + EXT_41_42522964:SNP.CT * 41 + EXT_1_42522964:SNP.CT * 1 + EXT_1C_42522964:SNP.CT * 1C + EXT_1E_42522964:SNP.CT * 1E + EXT_1D_42522964:SNP.CT * 1D ]> <= 1
M  Contraint for 42526561:SNP.CG: 1 <= <gurobi.QuadExpr: 0.0 + [ REG_41_42526561:SNP.CG * 41 + EXT_1_42526561:SNP.CG * 1 + EXT_1C_42526561:SNP.CG * 1C + EXT_1B_42526561:SNP.CG * 1B + EXT_1E_42526561:SNP.CG * 1E + EXT_1D_42526561:SNP.CG * 1D ]> <= 2
M  Contraint for 42524814:SNP.GA: 0 <= <gurobi.QuadExpr: 0.0 + [ REG_1C_42524814:SNP.GA * 1C + EXT_41_42524814:SNP.GA * 41 + EXT_1_42524814:SNP.GA * 1 + EXT_1B_42524814:SNP.GA * 1B + EXT_1E_42524814:SNP.GA * 1E + EXT_1D_42524814:SNP.GA * 1D ]> <= 1
M  Contraint for 42523804:SNP.CT: 1 <= <gurobi.QuadExpr: 0.0 + [ REG_41_42523804:SNP.CT * 41 ]> <= 1
M  Contraint for 42523804:SNP.CT: <gurobi.QuadExpr: 0.0 + [ REG_41_42523804:SNP.CT * 41 ]> <= 1
M  Contraint for 42524217:SNP.GT: 0 <= <gurobi.QuadExpr: 0.0 + [ REG_1D_42524217:SNP.GT * 1D + EXT_41_42524217:SNP.GT * 41 + EXT_1_42524217:SNP.GT * 1 + EXT_1C_42524217:SNP.GT * 1C + EXT_1B_42524217:SNP.GT * 1B + EXT_1E_42524217:SNP.GT * 1E ]> <= 1
M  Contraint for 42527470:SNP.CT: 1 <= <gurobi.QuadExpr: 0.0 + [ REG_41_42527470:SNP.CT * 41 + EXT_1_42527470:SNP.CT * 1 + EXT_1C_42527470:SNP.CT * 1C + EXT_1B_42527470:SNP.CT * 1B + EXT_1E_42527470:SNP.CT * 1E + EXT_1D_42527470:SNP.CT * 1D ]> <= 2
M  Contraint for 42522612:SNP.CG: 1 <= <gurobi.QuadExpr: 0.0 + [ REG_41_42522612:SNP.CG * 41 ]> <= 2
M  Contraint for 42522612:SNP.CG: <gurobi.QuadExpr: 0.0 + [ REG_41_42522612:SNP.CG * 41 ]> <= 2
M  Contraint for 42526560:SNP.TG: 1 <= <gurobi.QuadExpr: 0.0 + [ REG_41_42526560:SNP.TG * 41 + EXT_1_42526560:SNP.TG * 1 + EXT_1C_42526560:SNP.TG * 1C + EXT_1B_42526560:SNP.TG * 1B + EXT_1E_42526560:SNP.TG * 1E + EXT_1D_42526560:SNP.TG * 1D ]> <= 2
M  Contraint for 42526570:SNP.GC: 1 <= <gurobi.QuadExpr: 0.0 + [ REG_41_42526570:SNP.GC * 41 + EXT_1_42526570:SNP.GC * 1 + EXT_1C_42526570:SNP.GC * 1C + EXT_1B_42526570:SNP.GC * 1B + EXT_1E_42526570:SNP.GC * 1E + EXT_1D_42526570:SNP.GC * 1D ]> <= 2
M  Contraint for 42528027:SNP.TC: 1 <= <gurobi.QuadExpr: 0.0 + [ REG_41_42528027:SNP.TC * 41 + EXT_1_42528027:SNP.TC * 1 + EXT_1C_42528027:SNP.TC * 1C + EXT_1B_42528027:SNP.TC * 1B + EXT_1E_42528027:SNP.TC * 1E + EXT_1D_42528027:SNP.TC * 1D ]> <= 2
M  Contraint for 42523942:SNP.GA: 1 <= <gurobi.QuadExpr: 0.0 + [ REG_41_42523942:SNP.GA * 41 ]> <= 1
M  Contraint for 42523942:SNP.GA: <gurobi.QuadExpr: 0.0 + [ REG_41_42523942:SNP.GA * 41 ]> <= 1
M  Contraint for 42526566:SNP.AG: 1 <= <gurobi.QuadExpr: 0.0 + [ REG_41_42526566:SNP.AG * 41 + EXT_1_42526566:SNP.AG * 1 + EXT_1C_42526566:SNP.AG * 1C + EXT_1B_42526566:SNP.AG * 1B + EXT_1E_42526566:SNP.AG * 1E + EXT_1D_42526566:SNP.AG * 1D ]> <= 2
M  Contraint for 42526548:SNP.TC: 1 <= <gurobi.QuadExpr: 0.0 + [ REG_41_42526548:SNP.TC * 41 + EXT_1_42526548:SNP.TC * 1 + EXT_1C_42526548:SNP.TC * 1C + EXT_1B_42526548:SNP.TC * 1B + EXT_1E_42526548:SNP.TC * 1E + EXT_1D_42526548:SNP.TC * 1D ]> <= 2
CN Solver status: optimal, opt: 1484.0
  41: 1
    6.3e 42525131:SNP.CG  203 ( 55 cp. 1) 
    6.1i 42526572:SNP.GT  370 ( 65 cp. 1) 
    6.0i 42527532:SNP.GA  260 ( 62 cp. 1) 
    6.1i 42526560:SNP.TG  356 ( 67 cp. 1) 
    6.1i 42526561:SNP.CG  356 ( 68 cp. 1) 
    6.1i 42526570:SNP.GC  362 ( 66 cp. 1) 
    6.0i 42528027:SNP.TC   12 ( 60 cp. 1) 
    6.6i 42523804:SNP.CT  214 ( 49 cp. 1) F
    6.1i 42526566:SNP.AG  364 ( 66 cp. 1) 
    6.6e 42523942:SNP.GA  233 ( 48 cp. 1) F
    6.0i 42527470:SNP.CT  421 ( 69 cp. 1) 
    6.9e 42522612:SNP.CG  342 ( 52 cp. 1) F
    6.1i 42526548:SNP.TC  355 ( 65 cp. 1) 
  1: 1
Missing:
  41: 1
  1: 1
Extra:
  41: 1
  1: 1
Time needed: (34.9)
Result is: [('1', '41')]
