SAM file: bams/PGXT180.bam
File bams/PGXT180.bam has index
Coverage is 81.3344579512
== Allele Filter ==
 6.12e  15989695: SNP.GC                   26 ( 15%) ~     5 ( 19)
 6.12e  15989729: SNP.TC                   42 ( 24%) ~     4 ( 10)
 6.11i  15989856: SNP.TC                    2 (  5%) ~     0 (  0)
 6.11i  15989870: SNP.TA                   35 ( 92%) ~     0 (  0)
 6.10e  15990430: SNP.CT     18000:G>A    745 (100%) ~     0 (  0)
 6.8i   15991913: SNP.CG                    3 (100%) ~     0 (  0)
 6.8i   15996482: INS.g                    26 ( 96%) ~     0 (  0)
 6.6i   15997136: INS.c                     2 ( 67%) ~     0 (  0)
 6.5i   16000543: SNP.AG                    3 (  5%) ~     0 (  0)
 6.5i   16000567: SNP.CA                    2 (  5%) ~     0 (  0)
 6.5i   16000608: SNP.TA                   25 (100%) ~     0 (  0)
 6.2i   16003694: SNP.CT                   28 (100%) ~     0 (  0)
 6.1i   16006639: SNP.AG                    2 (  9%) ~     0 (  0)
Removing 2     6.1e 16008387:SNP.AC
Removing 4     6.1e 16008387:SNP.AC
Initial status
  CYP2D6.1
  CYP2D6.3
    6.10e          15990430:SNP.CT  745 (100) F 18000:G>A
== Copy Number Estimator ==
CNV factor: 1.72017341712 (0.581336736195)
Coverage per region
  region:  2D6  2D7
  0i   :  1.15
  1e   :  1.91
  1i   :  1.87
  2e   :  1.88
  2i   :  1.79
  3e   :  1.96
  3i   :  1.95
  4e   :  2.06
  4i   :  1.61
  5e   :  1.66
  5i   :  1.99
  6e   :  1.86
  6i   :  2.10
  7e   :  1.93
  7i   :  2.18
  8e   :  1.96
  8i   :  1.90
  9e   :  2.11
  9i   :  1.56
  10e  :  1.71
  10i  :  2.01
  11e  :  1.96
  11i  :  2.11
  12e  :  1.07
Max. CN = 2
M  Sentinel contraint for 1: A_1^ <= A_1
M  Contraint for 7e: 1.93080689677 == E_7e + <gurobi.LinExpr: A1 + A1^>
M  Contraint for 6e: 1.86141507274 == E_6e + <gurobi.LinExpr: A1 + A1^>
M  Contraint for 9e: 2.10509182607 == E_9e + <gurobi.LinExpr: A1 + A1^>
M  Contraint for 8e: 1.95649335519 == E_8e + <gurobi.LinExpr: A1 + A1^>
M  Contraint for 2e: 1.88194705636 == E_2e + <gurobi.LinExpr: A1 + A1^>
M  Contraint for 1e: 1.90527979295 == E_1e + <gurobi.LinExpr: A1 + A1^>
M  Contraint for 5e: 1.66417024631 == E_5e + <gurobi.LinExpr: A1 + A1^>
M  Contraint for 4e: 2.05764492278 == E_4e + <gurobi.LinExpr: A1 + A1^>
M  Contraint for 3e: 1.96460104733 == E_3e + <gurobi.LinExpr: A1 + A1^>
M  Objective: <gurobi.LinExpr: C11 + C12 + C13 + C14 + C15 + C16 + C17 + C18 + C19 + 0.5 A1 + 0.5 A1^>
CN Solver status: optimal, opt: 1.99802328121
  Solutions:
    ('1', '1^')
== Initial Solver ==
Solving Counter({'1': 2})
Possible candidates:
  CYP2D6.1
  CYP2D6.3
    6.10e 15990430:SNP.CT  745 ( 99) F 18000:G>A
M  Max. CN for 1 = 2
M  Max. CN for 3 = 2
M  Contraint for 15990430:REF 6.10e: 9 == <gurobi.QuadExpr: 377.0 1 + 377.0 3 + 377.0 3_2 + 377.0 1_2 + [ -377.0 REG_3_15990430:SNP.CT * 3 + -377.0 REG_3_2_15990430:SNP.CT * 3_2 ]> + err
M  Contraint for 15990430:SNP.CT 6.10e: 745 == <gurobi.QuadExpr: 0.0 + [ 377.0 REG_3_15990430:SNP.CT * 3 + 377.0 REG_3_2_15990430:SNP.CT * 3_2 ]> + err
M  Contraint for 3 15990430:SNP.CT: <gurobi.Var 3> >= <gurobi.Var REG_3_15990430:SNP.CT>
M  Contraint for 3_2 15990430:SNP.CT: <gurobi.Var 3_2> >= <gurobi.Var REG_3_2_15990430:SNP.CT>
M  CN contraint for 1: 2 == <gurobi.LinExpr: 1 + 3 + 3_2 + 1_2>
M  Sentinel contraint for 1: A_1_2 <= A_1
M  Sentinel contraint for 3: A_3_2 <= A_3
M  Objective: <gurobi.LinExpr: C9 + C10>
M  Contraint for 3: A_3 * (<gurobi.LinExpr: REG_3_15990430:SNP.CT> - 1) == 0
M  Contraint for 3_2: A_3_2 * (<gurobi.LinExpr: REG_3_2_15990430:SNP.CT> - 1) == 0
M  Contraint for 15990430:SNP.CT: 1 <= <gurobi.QuadExpr: 0.0 + [ 3 * REG_3_15990430:SNP.CT + 3_2 * REG_3_2_15990430:SNP.CT ]>
M  Contraint for 15990430:SNP.CT: 1 <= <gurobi.QuadExpr: 0.0 + [ 3 * REG_3_15990430:SNP.CT + 3_2 * REG_3_2_15990430:SNP.CT ]>
CN Solver status: optimal, opt: 18.0
  solution:
    ('3', '3')
[32;01mCopy number best structures:[39;49;00m
[32;01m  (1) 2x*1-like[39;49;00m
== Refiner ==
Refining ('3', '3')
M  Sentinel constraint for 3: A_3_2 <= A_3
M  CN constraint for 3: 2 == <gurobi.LinExpr: 3 + 3_2>
M  Contraint for 15990430:REF 6.10e: 9 == <gurobi.QuadExpr: 377.0 3 + 377.0 3_2 + [ -377.0 REG_3_15990430:SNP.CT * 3 + -377.0 REG_3_2_15990430:SNP.CT * 3_2 ]> + err
M  Contraint for 15990430:SNP.CT 6.10e: 745 == <gurobi.QuadExpr: 0.0 + [ 377.0 REG_3_15990430:SNP.CT * 3 + 377.0 REG_3_2_15990430:SNP.CT * 3_2 ]> + err
M  Contraint for MM[missing] 3 15990430:SNP.CT: <gurobi.Var 3> >= <gurobi.Var REG_3_15990430:SNP.CT>
M  Contraint for MM[missing] 3_2 15990430:SNP.CT: <gurobi.Var 3_2> >= <gurobi.Var REG_3_2_15990430:SNP.CT>
M  Objective: <gurobi.LinExpr: C6 + C7 + W>
M  Contraint for 3: <gurobi.LinExpr: REG_3_15990430:SNP.CT> = 1 * A_<gurobi.Var 3>
M  Contraint for 3_2: <gurobi.LinExpr: REG_3_2_15990430:SNP.CT> = 1 * A_<gurobi.Var 3_2>
M  Contraint for 15990430:SNP.CT: 1 <= <gurobi.QuadExpr: 0.0 + [ REG_3_15990430:SNP.CT * 3 + REG_3_2_15990430:SNP.CT * 3_2 ]> <= 2
M  Contraint for 15990430:SNP.CT: <gurobi.QuadExpr: 0.0 + [ REG_3_15990430:SNP.CT * 3 + REG_3_2_15990430:SNP.CT * 3_2 ]> <= 2
CN Solver status: optimal, opt: 18.0
  3: 1
    6.10e 15990430:SNP.CT  745 ( 99 cp. 2) F
  3_2: 1
    6.10e 15990430:SNP.CT  745 ( 99 cp. 2) F
Missing:
  3: 1
  3_2: 1
Extra:
  3: 1
  3_2: 1
Time needed: (18.9)
Result is: [('3', '3')]
