SAM file: bams/PGXT169.bam
File bams/PGXT169.bam has index
Coverage is 239.569186113
== Allele Filter ==
Refining indel 41349396:INS.aagtg: from 1 of 555.0 to 1 (indel:total = 1:333)
 6.3flank 41349171: SNP.TC     7160:A>G     185 ( 46%) ~    84 ( 45)
 6.3utr 41349639: SNP.GC     6692:C>G     401 ( 49%) ~     0 (  0)
 6.8i   41349905: SNP.TG                   62 ( 14%) ~    29 ( 47)
 6.8i   41349908: SNP.AG                   31 (  8%) ~    12 ( 39)
 6.8i   41349911: SNP.TG                   49 ( 12%) ~    18 ( 37)
 6.8i   41349942: SNP.GC     6389:C>G      50 ( 21%) ~    35 ( 70)
 6.8i   41349970: SNP.GT     6361:C>A      16 ( 10%) ~    13 ( 81)
 6.8i   41349977: SNP.AG     6354:T>C      44 ( 32%) ~    20 ( 45)
 6.7i   41350796: SNP.TG                   17 (  5%) ~     0 (  0)
 6.5i   41352194: SNP.AC                    2 (  5%) ~     0 (  0)
 6.5i   41352248: SNP.TN                    2 ( 13%) ~     0 (  0)
 6.5i   41352257: DEL.T      4074:delA      5 ( 50%) ~     0 (  0)
 6.4i   41353337: SNP.AG     2994:T>C       3 ( 38%) ~     0 (  0)
 6.4i   41353622: SNP.TC                    2 (  5%) ~     0 (  0)
 6.4i   41353652: SNP.GA                    3 (  5%) ~     3 (100)
 6.4i   41353753: SNP.CG                   21 ( 10%) ~     8 ( 38)
 6.4i   41353768: SNP.CT                   27 ( 10%) ~     9 ( 33)
 6.4i   41353848: SNP.CT     2483:G>A     306 ( 60%) ~    57 ( 19)
 6.4i   41353914: SNP.TG                   49 ( 10%) ~    20 ( 41)
 6.3i   41354300: SNP.AG                  115 ( 25%) ~     0 (  0)
 6.3i   41354302: SNP.AG                   77 ( 17%) ~     0 (  0)
 6.3i   41354309: SNP.TG                   92 ( 21%) ~     0 (  0)
 6.3i   41354310: SNP.TG                   32 (  7%) ~     0 (  0)
 6.3i   41354315: SNP.AG                   51 ( 12%) ~     0 (  0)
 6.3i   41354317: SNP.AG                   37 (  9%) ~     0 (  0)
 6.3i   41354321: SNP.TG                   34 (  9%) ~     0 (  0)
 6.3i   41354333: SNP.TG                   22 (  6%) ~     1 (  5)
 6.3i   41354495: SNP.CA     1836:G>T     224 ( 59%) ~     0 (  0)
 6.3e   41354605: SNP.GT                   68 ( 23%) ~     5 (  7)
 6.3e   41354660: SNP.TC                   28 ( 17%) ~     0 (  0)
 6.2i   41354687: SNP.AG                    6 (  6%) ~     0 (  0)
 6.2i   41354711: SNP.AG     1620:T>C      28 ( 41%) ~     0 (  0)
 6.2i   41354839: SNP.CG                    2 ( 25%) ~     0 (  0)
 6.2i   41355528: SNP.GA                    4 ( 14%) ~     1 ( 25)
 6.2e   41355848: SNP.AG                  108 ( 16%) ~    46 ( 43)
 6.1i   41355895: SNP.TC                   70 ( 13%) ~    36 ( 51)
 6.1i   41355918: SNP.AC                   28 (  7%) ~    15 ( 54)
 6.1i   41355923: SNP.TC                   25 (  7%) ~    12 ( 48)
 6.1i   41356078: SNP.AC                   10 (  6%) ~     0 (  0)
 6.1e   41356245: SNP.CT     86:G>A       237 ( 51%) ~     0 (  0)
 6.1e   41356280: SNP.CT     51:G>A       247 ( 49%) ~     0 (  0)
 6.0i   41356366: SNP.TG                   29 (  5%) ~     0 (  0)
 6.0i   41356378: SNP.AC     -48:T>G      273 ( 49%) ~     0 (  0)
 6.0i   41357163: SNP.GT                   35 (  8%) ~    24 ( 69)
 6.0i   41357262: SNP.CT                   26 (  6%) ~    25 ( 96)
 6.0i   41357343: SNP.TC     -1013:A>G    154 ( 27%) ~    97 ( 63)
 6.0i   41357619: SNP.CT     -1289:G>A    168 ( 42%) ~     0 (  0)
 6.0i   41357631: SNP.TG     -1301:A>C    167 ( 41%) ~     0 (  0)
 6.0i   41357668: SNP.CT                   70 ( 14%) ~     3 (  4)
 6.0i   41357777: SNP.AG                   64 ( 10%) ~     2 (  3)
 6.0i   41357793: SNP.AG                   36 (  6%) ~     2 (  6)
 6.0i   41358010: SNP.TC     -1680:A>G    139 ( 33%) ~    42 ( 30)
 6.0i   41358014: SNP.TG                   33 (  8%) ~    10 ( 30)
 6.0i   41358530: SNP.GA                    5 ( 17%) ~     1 ( 20)
 6.0i   41358623: SNP.TC                    3 ( 30%) ~     0 (  0)
 6.0i   41358633: SNP.TC                    4 ( 50%) ~     0 (  0)
 6.0i   41358666: SNP.GT                    2 ( 40%) ~     1 ( 50)
 7.3flank 41379907: SNP.TC                    2 (100%) ~     0 (  0)
 7.3flank 41381054: SNP.TC                  197 ( 47%) ~    90 ( 46)
 7.3utr 41381414: SNP.GC                  288 ( 52%) ~     0 (  0)
 7.3utr 41381416: SNP.TA                  288 ( 52%) ~     0 (  0)
 7.3utr 41381447: SNP.GC                  309 ( 57%) ~     0 (  0)
 7.3utr 41381464: SNP.TC                   38 (  8%) ~     0 (  0)
 7.3utr 41381475: SNP.AC                   38 (  8%) ~     0 (  0)
 7.3utr 41381478: SNP.AC                   28 (  6%) ~     0 (  0)
 7.3utr 41381491: SNP.TC                   58 ( 13%) ~     0 (  0)
 7.3utr 41381501: SNP.TC                   88 ( 21%) ~     0 (  0)
 7.3utr 41381508: SNP.AT                   25 (  6%) ~     0 (  0)
 7.3utr 41381515: SNP.TC                   30 (  7%) ~     0 (  0)
 7.3utr 41381516: SNP.AC                  126 ( 30%) ~     0 (  0)
 7.9e   41381646: SNP.AC                  150 ( 27%) ~    11 (  7)
 7.8i   41381797: SNP.AG                   26 (  6%) ~    11 ( 42)
 7.8i   41381802: SNP.TG                   97 ( 23%) ~    35 ( 36)
 7.8i   41381805: SNP.AG                   29 (  7%) ~     7 ( 24)
 7.8i   41381808: SNP.TG                   64 ( 17%) ~    24 ( 38)
 7.8i   41381839: SNP.GC                  234 ( 74%) ~    30 ( 13)
 7.8i   41381867: SNP.GT                  102 ( 39%) ~     2 (  2)
 7.8i   41381901: SNP.TG                    9 (  5%) ~     0 (  0)
 7.8i   41382145: SNP.CA                    2 ( 10%) ~     0 (  0)
 7.8i   41382179: SNP.GC                    8 ( 36%) ~     0 (  0)
 7.7i   41382606: SNP.AC                  178 ( 41%) ~     0 (  0)
 7.7i   41382607: SNP.GA                  173 ( 40%) ~     0 (  0)
 7.7i   41382611: SNP.CT                  160 ( 40%) ~     0 (  0)
 7.7i   41382612: SNP.GA                  160 ( 40%) ~     0 (  0)
 7.7i   41382644: SNP.GA                  126 ( 39%) ~     0 (  0)
 7.7i   41382652: SNP.AG                   97 ( 35%) ~     0 (  0)
 7.7i   41382654: SNP.TG                  100 ( 36%) ~     1 (  1)
 7.7i   41382664: SNP.GA                   96 ( 39%) ~     0 (  0)
 7.7e   41383214: SNP.GC                  154 ( 49%) ~     0 (  0)
 7.6i   41383343: SNP.TC                   62 ( 53%) ~     0 (  0)
 7.6i   41383377: SNP.CA                   38 ( 52%) ~     0 (  0)
 7.6i   41383500: SNP.AG                   25 ( 52%) ~     2 (  8)
 7.6i   41383516: SNP.GC                   26 ( 54%) ~     2 (  8)
 7.6e   41383798: SNP.GA                  351 ( 45%) ~     0 (  0)
 7.5i   41384083: SNP.TC                   17 ( 50%) ~     2 ( 12)
 7.5i   41384101: SNP.GT                   12 ( 44%) ~     1 (  8)
 7.5i   41384143: DEL.T                     2 ( 15%) ~     0 (  0)
 7.5i   41384384: SNP.TG                   16 ( 55%) ~     0 (  0)
 7.5i   41384385: SNP.CG                   16 ( 55%) ~     0 (  0)
 7.5i   41384636: SNP.CT                  350 ( 52%) ~     0 (  0)
 7.5e   41384674: SNP.TC                  382 ( 52%) ~     1 (  0)
 7.4i   41385131: SNP.GA                    2 ( 22%) ~     0 (  0)
 7.4i   41385334: SNP.CG                    5 ( 62%) ~     1 ( 20)
 7.4i   41385433: SNP.TG                   14 ( 67%) ~     0 (  0)
 7.4i   41385528: INS.g                     2 (  6%) ~     0 (  0)
 7.4i   41385529: SNP.GA                   14 ( 42%) ~     0 (  0)
 7.4i   41385532: SNP.GT                   12 ( 39%) ~     0 (  0)
 7.4i   41385626: SNP.CT                   67 ( 48%) ~     3 (  4)
 7.4i   41385733: SNP.CT                   57 ( 23%) ~     4 (  7)
 7.4i   41385767: SNP.TC                   75 ( 30%) ~     2 (  3)
 7.4i   41385773: SNP.AG                   77 ( 32%) ~     1 (  1)
 7.4i   41385799: SNP.TG                   94 ( 39%) ~     1 (  1)
 7.4i   41385833: SNP.CG                  112 ( 51%) ~     1 (  1)
 7.4i   41385902: SNP.TG                   12 (  6%) ~     0 (  0)
 7.4e   41386135: SNP.AC                  217 ( 47%) ~     7 (  3)
 7.3i   41386208: SNP.AG                  152 ( 48%) ~    26 ( 17)
 7.3e   41386419: SNP.AC                  135 ( 47%) ~     0 (  0)
 7.3e   41386485: SNP.CA                   47 ( 30%) ~     2 (  4)
 7.3e   41386486: SNP.AG                   46 ( 30%) ~     2 (  4)
 7.3e   41386493: SNP.AC                   40 ( 30%) ~     2 (  5)
 7.3e   41386526: SNP.GA                   34 ( 36%) ~     0 (  0)
 7.2i   41386543: SNP.CG                   30 ( 38%) ~     0 (  0)
 7.2i   41386546: SNP.GC                   27 ( 37%) ~     0 (  0)
 7.2i   41386583: SNP.GT                   23 ( 56%) ~     0 (  0)
 7.2i   41386621: SNP.CT                   10 ( 62%) ~     0 (  0)
 7.2i   41386629: SNP.TG                    2 ( 13%) ~     0 (  0)
 7.2i   41387240: SNP.GA                    8 ( 42%) ~     1 ( 12)
 7.2i   41387299: SNP.GA                   12 ( 41%) ~     1 (  8)
 7.2i   41387305: SNP.CG                   13 ( 45%) ~     1 (  8)
 7.2e   41387619: SNP.AG                  121 ( 30%) ~    20 ( 17)
 7.2e   41387646: SNP.AG                   95 ( 31%) ~     7 (  7)
 7.2e   41387655: SNP.AT                   94 ( 33%) ~     8 (  9)
 7.1i   41387668: SNP.AG                   98 ( 36%) ~     7 (  7)
 7.1i   41387827: SNP.AC                    3 (  5%) ~     0 (  0)
 7.0i   41388561: SNP.AG                  145 (100%) ~     5 (  3)
 7.0i   41388574: SNP.CT                   65 ( 45%) ~     5 (  8)
 7.0i   41388706: SNP.TC                   56 ( 35%) ~     0 (  0)
 7.0i   41388739: SNP.CT                   50 ( 32%) ~     0 (  0)
 7.0i   41388776: SNP.AG                   52 ( 31%) ~     4 (  8)
 7.0i   41388835: SNP.GA                   94 ( 42%) ~     4 (  4)
 7.0i   41388948: SNP.GT                   89 ( 24%) ~    26 ( 29)
 7.0i   41389025: SNP.GA                   26 (  6%) ~     9 ( 35)
 7.0i   41389047: SNP.CT                   37 (  8%) ~    23 ( 62)
 7.0i   41389128: SNP.TC                  122 ( 21%) ~   122 (100)
 7.0i   41389305: SNP.CT                  201 ( 48%) ~     0 (  0)
 7.0i   41389508: SNP.AG                  148 ( 37%) ~    17 ( 11)
 7.0i   41389513: SNP.TC                  151 ( 36%) ~    15 ( 10)
 7.0i   41389624: SNP.CT                  191 ( 47%) ~     2 (  1)
 7.0i   41389758: SNP.AG                   19 (  5%) ~    13 ( 68)
 7.0i   41389799: SNP.TG                  107 ( 23%) ~     5 (  5)
 7.0i   41389818: SNP.TG                   58 ( 11%) ~     6 ( 10)
 7.0i   41389829: SNP.AG                   49 (  9%) ~     3 (  6)
 7.0i   41389833: SNP.AG                   52 (  9%) ~     2 (  4)
 7.0i   41390005: SNP.AG                   15 (  6%) ~     6 ( 40)
 7.0i   41390216: SNP.TG                    2 (  7%) ~     0 (  0)
 7.0i   41392140: SNP.TC                    2 (100%) ~     0 (  0)
Removing 10    6.9e 41349773:SNP.AG,  6.9e 41349731:SNP.CA
Removing 11    6.5e 41352940:SNP.AG
Removing 13    6.1e 41356318:SNP.CT
Removing 15    6.4e 41354197:SNP.TC
Removing 16    6.4e 41354170:SNP.GT
Removing 17    6.7e 41351266:SNP.CT
Removing 18A   6.8e 41350663:SNP.TA
Removing 18B   6.8e 41350663:SNP.TA
Removing 18C   6.8e 41350663:SNP.TA
Removing 19    6.8e 41350663:SNP.TA,  6.9e 41349773:SNP.AG
Removing 2     6.3e 41354532:SNP.AT
Removing 20    6.4e 41354189:DEL.TT
Removing 21    6.9e 41349758:SNP.TC
Removing 23    6.4e 41354170:SNP.GA
Removing 24B   6.2e 41355737:SNP.CG,  6.9e 41349873:SNP.TA
Removing 24A   6.2e 41355737:SNP.CG,  6.9e 41349873:SNP.TA
Removing 25    6.3e 41354659:SNP.AG
Removing 26    6.3e 41354659:SNP.AG,  6.3e 41354628:SNP.CA,  6.3e 41354620:SNP.AC
Removing 27    6.3e 41354659:SNP.AG,  6.4e 41354169:DEL.C,  6.4e 41354168:SNP.GT
Removing 28A   6.8e 41350586:SNP.TC,  6.8e 41350581:SNP.CG
Removing 28B   6.8e 41350586:SNP.TC,  6.8e 41350581:SNP.CG
Removing 3     6.1e 41356242:SNP.TC,  6.1e 41356293:SNP.AG,  6.1e 41356315:SNP.TG,  6.1e 41356242:SNP.TC,  6.1e 41356293:SNP.AG,  6.1e 41356315:SNP.TG,  6.1e 41356242:SNP.TC,  6.1e 41356293:SNP.AG,  6.1e 41356315:SNP.TG
Removing 31B   6.1e 41356315:SNP.TG
Removing 31A   6.1e 41356315:SNP.TG
Removing 35B   6.9e 41349873:SNP.TA
Removing 35A   6.9e 41349873:SNP.TA
Removing 36    6.9e 41349873:SNP.TA,  6.9e 41349773:SNP.AG
Removing 37    6.9e 41349873:SNP.TA,  6.9e 41349773:SNP.AG,  6.9e 41349731:SNP.CA
Removing 38    6.7e 41351308:SNP.AG
Removing 39    6.2e 41355863:SNP.CT
Removing 40    6.3e 41354564:SNP.GC
Removing 41    6.5e 41352816:SNP.CT
Removing 42    6.5e 41352807:SNP.AG
Removing 43    6.6e 41351925:SNP.GA
Removing 44    6.8e 41350670:SNP.CT,  6.8e 41350586:SNP.TC,  6.8e 41350581:SNP.CG
Removing 45    6.9e 41349800:SNP.AG
Removing 5     6.9e 41349749:SNP.CA
Removing 6     6.3e 41354628:SNP.CT
Removing 7     6.9e 41349773:SNP.AG
Removing 8     6.9e 41349731:SNP.CA
Initial status
  CYP2D6.1B7
    6.2i           41354711:SNP.AG   28 ( 41)   1620:T>C
    6.0i           41357619:SNP.CT  168 ( 42)   -1289:G>A
    6.0i           41357631:SNP.TG  167 ( 41)   -1301:A>C
    6.0i           41357794:SNP.TA    0 (  0)   -1464:A>T
    6.0i           41357909:SNP.AG    0 (  0)   -1579:T>C
    6.0i           41358010:SNP.TC  139 ( 33)   -1680:A>G
  CYP2D6.1G
    6.8i           41350506:SNP.TC    0 (  0)   5825:A>G
    6.8e           41350614:SNP.GA    0 (  0)   5717:C>T
  CYP2D6.1F
    6.8e           41350614:SNP.GA    0 (  0)   5717:C>T
  CYP2D6.1H
    6.0i           41357075:SNP.TC    0 (  0)   -745:A>G
  CYP2D6.1K
    6.3flank       41349171:SNP.TC  185 ( 46)   7160:A>G
    6.8i           41349977:SNP.AG   44 ( 32)   6354:T>C
    6.8e           41350663:SNP.TT    0 (  0)   5668:A>A
    6.5i           41352257:DEL.T     5 ( 50)   4074:delA
    6.5i           41352427:SNP.CT    0 (  0)   3904:G>A
    6.5e           41352953:SNP.GA    0 (  0)   3378:C>T
    6.4i           41353337:SNP.AG    3 ( 38)   2994:T>C
    6.4i           41353848:SNP.CT  306 ( 60)   2483:G>A
    6.3e           41354552:SNP.CT    0 (  0)   1779:G>A
    6.2i           41354711:SNP.AG   28 ( 41)   1620:T>C
    6.1i           41355900:SNP.GA    0 (  0)   431:C>T
    6.1e           41356280:SNP.TC    0 (  0)   51:A>G
    6.0i           41357016:SNP.TC    0 (  0)   -686:A>G
    6.0i           41357529:INS.alupv613    0 (  0)   -1199:ins316bpAlu
    6.0i           41357619:SNP.CT  168 ( 42)   -1289:G>A
    6.0i           41357631:SNP.TG  167 ( 41)   -1301:A>C
  CYP2D6.1J
    6.0i           41357075:SNP.TC    0 (  0)   -745:A>G
    6.0i           41357343:SNP.TC  154 ( 27)   -1013:A>G
  CYP2D6.1
  CYP2D6.1B2
    6.0i           41357343:SNP.TC  154 ( 27)   -1013:A>G
  CYP2D6.1B3
    6.0i           41356725:SNP.CT    0 (  0)   -395:G>A
  CYP2D6.1B5
    6.2i           41354711:SNP.AG   28 ( 41)   1620:T>C
    6.0i           41357343:SNP.TC  154 ( 27)   -1013:A>G
    6.0i           41357619:SNP.CT  168 ( 42)   -1289:G>A
    6.0i           41357631:SNP.TG  167 ( 41)   -1301:A>C
    6.0i           41357909:SNP.AG    0 (  0)   -1579:T>C
    6.0i           41358010:SNP.TC  139 ( 33)   -1680:A>G
  CYP2D6.1B6
    6.8i           41350038:SNP.AG    0 (  0)   6293:T>C
    6.8i           41350046:SNP.TC    0 (  0)   6285:A>G
    6.2i           41354711:SNP.AG   28 ( 41)   1620:T>C
    6.0i           41357343:SNP.TC  154 ( 27)   -1013:A>G
    6.0i           41357619:SNP.CT  168 ( 42)   -1289:G>A
    6.0i           41357631:SNP.TG  167 ( 41)   -1301:A>C
    6.0i           41357909:SNP.AG    0 (  0)   -1579:T>C
    6.0i           41358010:SNP.TC  139 ( 33)   -1680:A>G
  CYP2D6.1B8
    6.2i           41354711:SNP.AG   28 ( 41)   1620:T>C
    6.0i           41357343:SNP.TC  154 ( 27)   -1013:A>G
    6.0i           41357619:SNP.CT  168 ( 42)   -1289:G>A
    6.0i           41357631:SNP.TG  167 ( 41)   -1301:A>C
    6.0i           41357794:SNP.TA    0 (  0)   -1464:A>T
    6.0i           41357909:SNP.AG    0 (  0)   -1579:T>C
    6.0i           41358010:SNP.TC  139 ( 33)   -1680:A>G
  CYP2D6.1B9
    6.8i           41349941:SNP.GC    0 (  0)   6390:C>G
    6.2i           41354711:SNP.AG   28 ( 41)   1620:T>C
    6.0i           41357343:SNP.TC  154 ( 27)   -1013:A>G
    6.0i           41357619:SNP.CT  168 ( 42)   -1289:G>A
    6.0i           41357631:SNP.TG  167 ( 41)   -1301:A>C
    6.0i           41357794:SNP.TA    0 (  0)   -1464:A>T
    6.0i           41357909:SNP.AG    0 (  0)   -1579:T>C
    6.0i           41358010:SNP.TC  139 ( 33)   -1680:A>G
  CYP2D6.1B12
    6.1e           41356280:SNP.CT  247 ( 49)   51:G>A
  CYP2D6.1B13
    6.3utr         41349640:SNP.GC    0 (  0)   6691:C>G
    6.1e           41356309:SNP.GA    0 (  0)   22:C>T
    6.0i           41357075:SNP.TC    0 (  0)   -745:A>G
  CYP2D6.1B10
    6.8i           41349942:SNP.GC   50 ( 21)   6389:C>G
    6.2i           41354711:SNP.AG   28 ( 41)   1620:T>C
    6.0i           41357343:SNP.TC  154 ( 27)   -1013:A>G
    6.0i           41357619:SNP.CT  168 ( 42)   -1289:G>A
    6.0i           41357631:SNP.TG  167 ( 41)   -1301:A>C
    6.0i           41357794:SNP.TA    0 (  0)   -1464:A>T
    6.0i           41357909:SNP.AG    0 (  0)   -1579:T>C
    6.0i           41358010:SNP.TC  139 ( 33)   -1680:A>G
  CYP2D6.1B11
    6.7i           41350703:SNP.GA    0 (  0)   5628:C>T
    6.2i           41354711:SNP.AG   28 ( 41)   1620:T>C
    6.0i           41357343:SNP.TC  154 ( 27)   -1013:A>G
    6.0i           41357619:SNP.CT  168 ( 42)   -1289:G>A
    6.0i           41357631:SNP.TG  167 ( 41)   -1301:A>C
    6.0i           41357794:SNP.TA    0 (  0)   -1464:A>T
    6.0i           41357909:SNP.AG    0 (  0)   -1579:T>C
    6.0i           41358010:SNP.TC  139 ( 33)   -1680:A>G
  CYP2D6.1B16
    6.3flank       41349171:SNP.TC  185 ( 46)   7160:A>G
    6.3flank       41349342:SNP.TC    0 (  0)   6989:A>G
    6.3flank       41349371:INS.cttttc    0 (  0)   6960:insGAAAAG
    6.3flank       41349396:INS.aagtg    0 (  0)   6935:insCACTT
    6.3utr         41349549:SNP.GC    0 (  0)   6782:C>G
    6.8e           41350647:SNP.AG    0 (  0)   5684:T>C
    6.2i           41354701:SNP.AG    0 (  0)   1630:T>C
    6.1e           41356309:SNP.GA    0 (  0)   22:C>T
    6.0i           41357075:SNP.TC    0 (  0)   -745:A>G
    6.0i           41357619:SNP.CT  168 ( 42)   -1289:G>A
    6.0i           41357631:SNP.TG  167 ( 41)   -1301:A>C
  CYP2D6.1B17
    6.3flank       41349171:SNP.TC  185 ( 46)   7160:A>G
    6.3flank       41349342:SNP.TC    0 (  0)   6989:A>G
    6.3flank       41349371:INS.cttttc    0 (  0)   6960:insGAAAAG
    6.3flank       41349396:INS.aagtg    0 (  0)   6935:insCACTT
    6.3utr         41349496:SNP.GT    0 (  0)   6835:C>A
    6.3utr         41349499:SNP.TC    0 (  0)   6832:A>G
    6.3utr         41349549:SNP.GC    0 (  0)   6782:C>G
    6.8i           41350188:SNP.GT    0 (  0)   6143:C>A
    6.8e           41350663:SNP.TT    0 (  0)   5668:A>A
    6.7e           41351354:SNP.GA    0 (  0)   4977:C>T
    6.6i           41351481:SNP.GA    0 (  0)   4850:C>T
    6.6i           41351695:SNP.TG    0 (  0)   4636:A>C
    6.5i           41352260:DEL.T     0 (  0)   4071:delA
    6.5i           41352543:SNP.GA    0 (  0)   3788:C>T
    6.4i           41353337:SNP.AG    3 ( 38)   2994:T>C
    6.4i           41353848:SNP.CT  306 ( 60)   2483:G>A
    6.4i           41354035:SNP.GA    0 (  0)   2296:C>T
    6.2i           41354685:SNP.GA    0 (  0)   1646:C>T
    6.2i           41354711:SNP.AG   28 ( 41)   1620:T>C
    6.1e           41356280:SNP.CT  247 ( 49)   51:G>A
  CYP2D6.1B14
    6.3flank       41349171:SNP.TC  185 ( 46)   7160:A>G
    6.3flank       41349396:INS.aagtg    0 (  0)   6935:insCACTT
    6.3utr         41349549:SNP.GC    0 (  0)   6782:C>G
    6.1i           41355993:SNP.AG    0 (  0)   338:T>C
    6.1e           41356280:SNP.CT  247 ( 49)   51:G>A
  CYP2D6.1B15
    6.3flank       41349171:SNP.TC  185 ( 46)   7160:A>G
    6.3flank       41349371:INS.cttttc    0 (  0)   6960:insGAAAAG
    6.3flank       41349396:INS.aagtg    0 (  0)   6935:insCACTT
    6.3utr         41349549:SNP.GC    0 (  0)   6782:C>G
    6.4i           41353106:SNP.TC    0 (  0)   3225:A>G
    6.2i           41354711:SNP.AG   28 ( 41)   1620:T>C
    6.2i           41354855:DEL.AGAGAG    0 (  0)   1471:delCTCTCT
    6.2i           41354949:SNP.AG    0 (  0)   1382:T>C
    6.2i           41354950:SNP.GA    0 (  0)   1381:C>T
    6.0i           41357297:SNP.TG    0 (  0)   -967:A>C
    6.0i           41357619:SNP.CT  168 ( 42)   -1289:G>A
    6.0i           41357631:SNP.TG  167 ( 41)   -1301:A>C
  CYP2D6.12B
    6.3utr         41349639:SNP.GC  401 ( 49)   6692:C>G
    6.8e           41350614:SNP.GC    0 (  0)   5717:C>G
    6.7i           41350786:SNP.CG    0 (  0)   5545:G>C
    6.7i           41351168:SNP.CT    0 (  0)   5163:G>A
    6.6i           41351842:SNP.GA    0 (  0)   4489:C>T
    6.5e           41352935:SNP.CT    0 (  0)   3396:G>A
    6.2i           41354711:SNP.AG   28 ( 41)   1620:T>C
  CYP2D6.12C
    6.3utr         41349639:SNP.GC  401 ( 49)   6692:C>G
    6.8e           41350614:SNP.GC    0 (  0)   5717:C>G
    6.7i           41350786:SNP.CG    0 (  0)   5545:G>C
    6.7i           41351168:SNP.CT    0 (  0)   5163:G>A
    6.6i           41351842:SNP.GA    0 (  0)   4489:C>T
    6.5e           41352935:SNP.CT    0 (  0)   3396:G>A
    6.2i           41354701:SNP.CG    0 (  0)   1630:G>C
    6.2i           41354711:SNP.AG   28 ( 41)   1620:T>C
  CYP2D6.12A$1
  CYP2D6.14
    6.1e           41356245:SNP.CT  237 ( 51) F 86:G>A
    6.1e           41356280:SNP.CT  247 ( 49)   51:G>A
  CYP2D6.22
    6.3e           41354533:SNP.GT   10 (  3) F 1798:C>A
    6.3e           41354537:SNP.GC   15 (  5) F 1794:C>G
    6.1e           41356280:SNP.CT  247 ( 49)   51:G>A
  CYP2D6.34$1
  CYP2D6.4
  CYP2D6.9B
    6.3utr         41349639:SNP.GC  401 ( 49)   6692:C>G
    6.8i           41349977:SNP.AG   44 ( 32)   6354:T>C
    6.3i           41354495:SNP.CA  224 ( 59)   1836:G>T
    6.2i           41354711:SNP.AG   28 ( 41)   1620:T>C
    6.0i           41356378:SNP.AC  273 ( 49) F -48:T>G
    6.0i           41357343:SNP.TC  154 ( 27)   -1013:A>G
    6.0i           41357619:SNP.CT  168 ( 42)   -1289:G>A
    6.0i           41357631:SNP.TG  167 ( 41)   -1301:A>C
    6.0i           41358010:SNP.TC  139 ( 33)   -1680:A>G
  CYP2D6.9A
    6.0i           41356378:SNP.AC  273 ( 49) F -48:T>G
    6.0i           41357343:SNP.TC  154 ( 27)   -1013:A>G
== Copy Number Estimator ==
CNV factor: 3.19671881155 (0.312820757455)
Coverage per region
  region:  2D6  2D7
  0i   :  2.47  2.01 
  1e   :  2.04  2.12 = -0.08
  1i   :  2.38  2.38 =  0.01
  2e   :  1.80  1.88 = -0.08
  2i   :  2.03  1.98 =  0.05
  3e   :  1.57  1.90 = -0.33
  3i   :  2.36  1.97 =  0.39
  4e   :  2.11  1.93 =  0.18
  4i   :  1.94  2.62 = -0.68
  5e   :  1.91  2.48 = -0.57
  5i   :  2.29  2.66 = -0.37
  6e   :  2.09  1.90 =  0.19
  6i   :  2.08  2.05 =  0.03
  7e   :  1.85  2.53 = -0.68
  7i   :  2.61  2.33 =  0.28
  8e   :  2.56  2.00 =  0.56
  8i   :  2.28  1.99 =  0.30
  9e   :  1.63  2.64 = -1.01
  3flank:  2.66  2.48 
  3utr :  2.93  1.92 
Max. CN = 3
M  Sentinel contraint for 12A: A_12A^ <= A_12A
M  Sentinel contraint for 1: A_1^ <= A_1
M  Sentinel contraint for 4: A_4^ <= A_4
M  Sentinel contraint for 34: A_34^ <= A_34
M  Contraint for 7e: -0.684984819184 == E_7e + <gurobi.LinExpr: 0.0 A4^ + -1.0 A4^ + A12A + -0.0 A12A + A1^ + -1.0 A1^ + A1 + -1.0 A1 + 0.0 A4 + -1.0 A4 + A34^ + -0.0 A34^ + A34 + -0.0 A34 + A12A^ + -0.0 A12A^>
M  Contraint for 8i: 0.299594603099 == E_8i + <gurobi.LinExpr: 0.0 A4^ + -1.0 A4^ + A12A + -0.0 A12A + A1^ + -1.0 A1^ + A1 + -1.0 A1 + 0.0 A4 + -1.0 A4 + A34^ + -0.0 A34^ + A34 + -0.0 A34 + A12A^ + -0.0 A12A^>
M  Contraint for 6e: 0.187990821197 == E_6e + <gurobi.LinExpr: 0.0 A4^ + -1.0 A4^ + A12A + -0.0 A12A + A1^ + -1.0 A1^ + A1 + -1.0 A1 + 0.0 A4 + -1.0 A4 + A34^ + -0.0 A34^ + A34 + -0.0 A34 + A12A^ + -0.0 A12A^>
M  Contraint for 5e: -0.565928695918 == E_5e + <gurobi.LinExpr: 0.0 A4^ + -1.0 A4^ + A12A + -0.0 A12A + A1^ + -1.0 A1^ + A1 + -1.0 A1 + 0.0 A4 + -1.0 A4 + A34^ + -0.0 A34^ + A34 + -0.0 A34 + A12A^ + -0.0 A12A^>
M  Contraint for 6i: 0.0283586850555 == E_6i + <gurobi.LinExpr: 0.0 A4^ + -1.0 A4^ + A12A + -0.0 A12A + A1^ + -1.0 A1^ + A1 + -1.0 A1 + 0.0 A4 + -1.0 A4 + A34^ + -0.0 A34^ + A34 + -0.0 A34 + A12A^ + -0.0 A12A^>
M  Contraint for 9e: -1.01362541416 == E_9e + <gurobi.LinExpr: 0.0 A4^ + -1.0 A4^ + A12A + -0.0 A12A + A1^ + -1.0 A1^ + A1 + -1.0 A1 + 0.0 A4 + -1.0 A4 + A34^ + -0.0 A34^ + A34 + -0.0 A34 + A12A^ + -0.0 A12A^>
M  Contraint for 7i: 0.275969109144 == E_7i + <gurobi.LinExpr: 0.0 A4^ + -1.0 A4^ + A12A + -0.0 A12A + A1^ + -1.0 A1^ + A1 + -1.0 A1 + 0.0 A4 + -1.0 A4 + A34^ + -0.0 A34^ + A34 + -0.0 A34 + A12A^ + -0.0 A12A^>
M  Contraint for 8e: 0.5621486699 == E_8e + <gurobi.LinExpr: 0.0 A4^ + -1.0 A4^ + A12A + -0.0 A12A + A1^ + -1.0 A1^ + A1 + -1.0 A1 + 0.0 A4 + -1.0 A4 + A34^ + -0.0 A34^ + A34 + -0.0 A34 + A12A^ + -0.0 A12A^>
M  Contraint for 2e: -0.0797030072053 == E_2e + <gurobi.LinExpr: 0.0 A4^ + -1.0 A4^ + 0.5 A12A + -0.5 A12A + A1^ + -1.0 A1^ + A1 + -1.0 A1 + 0.0 A4 + -1.0 A4 + 0.0 A34^ + -1.0 A34^ + 0.0 A34 + -1.0 A34 + 0.5 A12A^ + -0.5 A12A^>
M  Contraint for 3i: 0.392186136893 == E_3i + <gurobi.LinExpr: 0.0 A4^ + -1.0 A4^ + A12A + -0.0 A12A + A1^ + -1.0 A1^ + A1 + -1.0 A1 + 0.0 A4 + -1.0 A4 + 0.0 A34^ + -1.0 A34^ + 0.0 A34 + -1.0 A34 + A12A^ + -0.0 A12A^>
M  Contraint for 1e: -0.0803428267941 == E_1e + <gurobi.LinExpr: 0.0 A4^ + -1.0 A4^ + 0.0 A12A + -1.0 A12A + A1^ + -1.0 A1^ + A1 + -1.0 A1 + 0.0 A4 + -1.0 A4 + 0.0 A34^ + -1.0 A34^ + 0.0 A34 + -1.0 A34 + 0.0 A12A^ + -1.0 A12A^>
M  Contraint for 4i: -0.675165936542 == E_4i + <gurobi.LinExpr: 0.0 A4^ + -1.0 A4^ + A12A + -0.0 A12A + A1^ + -1.0 A1^ + A1 + -1.0 A1 + 0.0 A4 + -1.0 A4 + 0.5 A34^ + -0.5 A34^ + 0.5 A34 + -0.5 A34 + A12A^ + -0.0 A12A^>
M  Contraint for 1i: 0.00533995272779 == E_1i + <gurobi.LinExpr: 0.0 A4^ + -1.0 A4^ + 0.0 A12A + -1.0 A12A + A1^ + -1.0 A1^ + A1 + -1.0 A1 + 0.0 A4 + -1.0 A4 + 0.0 A34^ + -1.0 A34^ + 0.0 A34 + -1.0 A34 + 0.0 A12A^ + -1.0 A12A^>
M  Contraint for 5i: -0.372999692723 == E_5i + <gurobi.LinExpr: 0.0 A4^ + -1.0 A4^ + A12A + -0.0 A12A + A1^ + -1.0 A1^ + A1 + -1.0 A1 + 0.0 A4 + -1.0 A4 + A34^ + -0.0 A34^ + A34 + -0.0 A34 + A12A^ + -0.0 A12A^>
M  Contraint for 4e: 0.181821224316 == E_4e + <gurobi.LinExpr: 0.0 A4^ + -1.0 A4^ + A12A + -0.0 A12A + A1^ + -1.0 A1^ + A1 + -1.0 A1 + 0.0 A4 + -1.0 A4 + 0.0 A34^ + -1.0 A34^ + 0.0 A34 + -1.0 A34 + A12A^ + -0.0 A12A^>
M  Contraint for 2i: 0.046909910177 == E_2i + <gurobi.LinExpr: 0.0 A4^ + -1.0 A4^ + A12A + -0.0 A12A + A1^ + -1.0 A1^ + A1 + -1.0 A1 + 0.0 A4 + -1.0 A4 + 0.0 A34^ + -1.0 A34^ + 0.0 A34 + -1.0 A34 + A12A^ + -0.0 A12A^>
M  Contraint for 3e: -0.330568162919 == E_3e + <gurobi.LinExpr: 0.0 A4^ + -1.0 A4^ + A12A + -0.0 A12A + A1^ + -1.0 A1^ + A1 + -1.0 A1 + 0.0 A4 + -1.0 A4 + 0.0 A34^ + -1.0 A34^ + 0.0 A34 + -1.0 A34 + A12A^ + -0.0 A12A^>
M  Objective: <gurobi.LinExpr: C25 + C26 + C27 + C28 + C29 + C30 + C31 + C32 + C33 + C34 + C35 + C36 + C37 + C38 + C39 + C40 + C41 + 0.5 A4^ + 0.5 A12A + 0.5 A1^ + 0.5 A1 + 0.5 A4 + 0.5 A34^ + 0.5 A34 + 0.5 A12A^ + 0.1 A12A + 0.1 A34^ + 0.1 A34 + 0.1 A12A^>
CN Solver status: optimal, opt: 6.78363766795
  Solutions:
    ('1', '1^')
== Initial Solver ==
Solving Counter({'1': 2})
Extra Removing 12A$22  6.3e 41354537:SNP.GC,  6.3e 41354533:SNP.GT
Extra Removing 22    6.3e 41354537:SNP.GC,  6.3e 41354533:SNP.GT
Possible candidates:
  CYP2D6.1
  CYP2D6.14
    6.1e 41356245:SNP.CT  237 ( 51) F 86:G>A
  CYP2D6.9A
    6.0i 41356378:SNP.AC  273 ( 49) F -48:T>G
M  Max. CN for 9A = 2
M  Max. CN for 1 = 2
M  Max. CN for 14 = 2
M  Contraint for 41356378:SNP.AC 6.0i: 273 == <gurobi.QuadExpr: 0.0 + [ 281.0 REG_9A_41356378:SNP.AC * 9A + 281.0 REG_9A_2_41356378:SNP.AC * 9A_2 ]> + err
M  Contraint for 41356245:REF 6.1e: 232 == <gurobi.QuadExpr: 234.5 14 + 234.5 9A + 234.5 1 + 234.5 14_2 + 234.5 1_2 + 234.5 9A_2 + [ -234.5 REG_14_41356245:SNP.CT * 14 + -234.5 REG_14_2_41356245:SNP.CT * 14_2 ]> + err
M  Contraint for 41356245:SNP.CT 6.1e: 237 == <gurobi.QuadExpr: 0.0 + [ 234.5 REG_14_41356245:SNP.CT * 14 + 234.5 REG_14_2_41356245:SNP.CT * 14_2 ]> + err
M  Contraint for 41356378:REF 6.0i: 289 == <gurobi.QuadExpr: 281.0 14 + 281.0 9A + 281.0 1 + 281.0 14_2 + 281.0 1_2 + 281.0 9A_2 + [ -281.0 REG_9A_41356378:SNP.AC * 9A + -281.0 REG_9A_2_41356378:SNP.AC * 9A_2 ]> + err
M  Contraint for 14 41356245:SNP.CT: <gurobi.Var 14> >= <gurobi.Var REG_14_41356245:SNP.CT>
M  Contraint for 9A 41356378:SNP.AC: <gurobi.Var 9A> >= <gurobi.Var REG_9A_41356378:SNP.AC>
M  Contraint for 14_2 41356245:SNP.CT: <gurobi.Var 14_2> >= <gurobi.Var REG_14_2_41356245:SNP.CT>
M  Contraint for 9A_2 41356378:SNP.AC: <gurobi.Var 9A_2> >= <gurobi.Var REG_9A_2_41356378:SNP.AC>
M  CN contraint for 1: 2 == <gurobi.LinExpr: 14 + 9A + 1 + 14_2 + 1_2 + 9A_2>
M  Sentinel contraint for 14: A_14_2 <= A_14
M  Sentinel contraint for 9A: A_9A_2 <= A_9A
M  Sentinel contraint for 1: A_1_2 <= A_1
M  Objective: <gurobi.LinExpr: C16 + C17 + C18 + C19>
M  Contraint for 14: A_14 * (<gurobi.LinExpr: REG_14_41356245:SNP.CT> - 1) == 0
M  Contraint for 9A: A_9A * (<gurobi.LinExpr: REG_9A_41356378:SNP.AC> - 1) == 0
M  Contraint for 14_2: A_14_2 * (<gurobi.LinExpr: REG_14_2_41356245:SNP.CT> - 1) == 0
M  Contraint for 9A_2: A_9A_2 * (<gurobi.LinExpr: REG_9A_2_41356378:SNP.AC> - 1) == 0
M  Contraint for 41356245:SNP.CT: 1 <= <gurobi.QuadExpr: 0.0 + [ 14 * REG_14_41356245:SNP.CT + 14_2 * REG_14_2_41356245:SNP.CT ]>
M  Contraint for 41356378:SNP.AC: 1 <= <gurobi.QuadExpr: 0.0 + [ 9A * REG_9A_41356378:SNP.AC + 9A_2 * REG_9A_2_41356378:SNP.AC ]>
M  Contraint for 41356245:SNP.CT: 1 <= <gurobi.QuadExpr: 0.0 + [ 14 * REG_14_41356245:SNP.CT + 14_2 * REG_14_2_41356245:SNP.CT ]>
M  Contraint for 41356378:SNP.AC: 1 <= <gurobi.QuadExpr: 0.0 + [ 9A * REG_9A_41356378:SNP.AC + 9A_2 * REG_9A_2_41356378:SNP.AC ]>
CN Solver status: optimal, opt: 21.0
  solution:
    ('14', '9A')
[32;01mCopy number best structures:[39;49;00m
[32;01m  (1) 2x*1-like[39;49;00m
== Refiner ==
Refining ('14', '9A')
M  CN constraint for 9A: 1 == <gurobi.LinExpr: 9A + 9B>
M  CN constraint for 14: 1 == <gurobi.LinExpr: 14>
M  Contraint for 41357631:REF 6.0i: 237 == <gurobi.QuadExpr: 202.0 9A + 202.0 9B + 202.0 14 + [ -202.0 EXT_9A_41357631:SNP.TG * 9A + -202.0 REG_9B_41357631:SNP.TG * 9B + -202.0 EXT_14_41357631:SNP.TG * 14 ]> + err
M  Contraint for 41354711:SNP.AG 6.2i: 28 == <gurobi.QuadExpr: 0.0 + [ 34.0 EXT_9A_41354711:SNP.AG * 9A + 34.0 REG_9B_41354711:SNP.AG * 9B + 34.0 EXT_14_41354711:SNP.AG * 14 ]> + err
M  Contraint for 41357619:SNP.CT 6.0i: 168 == <gurobi.QuadExpr: 0.0 + [ 200.0 EXT_9A_41357619:SNP.CT * 9A + 200.0 REG_9B_41357619:SNP.CT * 9B + 200.0 EXT_14_41357619:SNP.CT * 14 ]> + err
M  Contraint for 41356280:SNP.CT 6.1e: 247 == <gurobi.QuadExpr: 0.0 + [ 250.0 EXT_9A_41356280:SNP.CT * 9A + 250.0 EXT_9B_41356280:SNP.CT * 9B + 250.0 REG_14_41356280:SNP.CT * 14 ]> + err
M  Contraint for 41357631:SNP.TG 6.0i: 167 == <gurobi.QuadExpr: 0.0 + [ 202.0 EXT_9A_41357631:SNP.TG * 9A + 202.0 REG_9B_41357631:SNP.TG * 9B + 202.0 EXT_14_41357631:SNP.TG * 14 ]> + err
M  Contraint for 41349977:REF 6.8i: 94 == <gurobi.QuadExpr: 69.0 9A + 69.0 9B + 69.0 14 + [ -69.0 EXT_9A_41349977:SNP.AG * 9A + -69.0 REG_9B_41349977:SNP.AG * 9B + -69.0 EXT_14_41349977:SNP.AG * 14 ]> + err
M  Contraint for 41356280:REF 6.1e: 253 == <gurobi.QuadExpr: 250.0 9A + 250.0 9B + 250.0 14 + [ -250.0 EXT_9A_41356280:SNP.CT * 9A + -250.0 EXT_9B_41356280:SNP.CT * 9B + -250.0 REG_14_41356280:SNP.CT * 14 ]> + err
M  Contraint for 41354711:REF 6.2i: 40 == <gurobi.QuadExpr: 34.0 9A + 34.0 9B + 34.0 14 + [ -34.0 EXT_9A_41354711:SNP.AG * 9A + -34.0 REG_9B_41354711:SNP.AG * 9B + -34.0 EXT_14_41354711:SNP.AG * 14 ]> + err
M  Contraint for 41356245:SNP.CT 6.1e: 237 == <gurobi.QuadExpr: 0.0 + [ 234.5 EXT_9A_41356245:SNP.CT * 9A + 234.5 EXT_9B_41356245:SNP.CT * 9B + 234.5 REG_14_41356245:SNP.CT * 14 ]> + err
M  Contraint for 41358010:REF 6.0i: 282 == <gurobi.QuadExpr: 210.5 9A + 210.5 9B + 210.5 14 + [ -210.5 EXT_9A_41358010:SNP.TC * 9A + -210.5 REG_9B_41358010:SNP.TC * 9B + -210.5 EXT_14_41358010:SNP.TC * 14 ]> + err
M  Contraint for 41349639:SNP.GC 6.3utr: 401 == <gurobi.QuadExpr: 0.0 + [ 413.0 EXT_9A_41349639:SNP.GC * 9A + 413.0 REG_9B_41349639:SNP.GC * 9B + 413.0 EXT_14_41349639:SNP.GC * 14 ]> + err
M  Contraint for 41349639:REF 6.3utr: 425 == <gurobi.QuadExpr: 413.0 9A + 413.0 9B + 413.0 14 + [ -413.0 EXT_9A_41349639:SNP.GC * 9A + -413.0 REG_9B_41349639:SNP.GC * 9B + -413.0 EXT_14_41349639:SNP.GC * 14 ]> + err
M  Contraint for 41358010:SNP.TC 6.0i: 139 == <gurobi.QuadExpr: 0.0 + [ 210.5 EXT_9A_41358010:SNP.TC * 9A + 210.5 REG_9B_41358010:SNP.TC * 9B + 210.5 EXT_14_41358010:SNP.TC * 14 ]> + err
M  Contraint for 41354495:REF 6.3i: 157 == <gurobi.QuadExpr: 190.5 9A + 190.5 9B + 190.5 14 + [ -190.5 EXT_9A_41354495:SNP.CA * 9A + -190.5 REG_9B_41354495:SNP.CA * 9B + -190.5 EXT_14_41354495:SNP.CA * 14 ]> + err
M  Contraint for 41356245:REF 6.1e: 232 == <gurobi.QuadExpr: 234.5 9A + 234.5 9B + 234.5 14 + [ -234.5 EXT_9A_41356245:SNP.CT * 9A + -234.5 EXT_9B_41356245:SNP.CT * 9B + -234.5 REG_14_41356245:SNP.CT * 14 ]> + err
M  Contraint for 41356378:REF 6.0i: 289 == <gurobi.QuadExpr: 281.0 9A + 281.0 9B + 281.0 14 + [ -281.0 REG_9A_41356378:SNP.AC * 9A + -281.0 REG_9B_41356378:SNP.AC * 9B + -281.0 EXT_14_41356378:SNP.AC * 14 ]> + err
M  Contraint for 41354495:SNP.CA 6.3i: 224 == <gurobi.QuadExpr: 0.0 + [ 190.5 EXT_9A_41354495:SNP.CA * 9A + 190.5 REG_9B_41354495:SNP.CA * 9B + 190.5 EXT_14_41354495:SNP.CA * 14 ]> + err
M  Contraint for 41356378:SNP.AC 6.0i: 273 == <gurobi.QuadExpr: 0.0 + [ 281.0 REG_9A_41356378:SNP.AC * 9A + 281.0 REG_9B_41356378:SNP.AC * 9B + 281.0 EXT_14_41356378:SNP.AC * 14 ]> + err
M  Contraint for 41357343:REF 6.0i: 407 == <gurobi.QuadExpr: 280.5 9A + 280.5 9B + 280.5 14 + [ -280.5 REG_9A_41357343:SNP.TC * 9A + -280.5 REG_9B_41357343:SNP.TC * 9B + -280.5 EXT_14_41357343:SNP.TC * 14 ]> + err
M  Contraint for 41357619:REF 6.0i: 232 == <gurobi.QuadExpr: 200.0 9A + 200.0 9B + 200.0 14 + [ -200.0 EXT_9A_41357619:SNP.CT * 9A + -200.0 REG_9B_41357619:SNP.CT * 9B + -200.0 EXT_14_41357619:SNP.CT * 14 ]> + err
M  Contraint for 41357343:SNP.TC 6.0i: 154 == <gurobi.QuadExpr: 0.0 + [ 280.5 REG_9A_41357343:SNP.TC * 9A + 280.5 REG_9B_41357343:SNP.TC * 9B + 280.5 EXT_14_41357343:SNP.TC * 14 ]> + err
M  Contraint for 41349977:SNP.AG 6.8i: 44 == <gurobi.QuadExpr: 0.0 + [ 69.0 EXT_9A_41349977:SNP.AG * 9A + 69.0 REG_9B_41349977:SNP.AG * 9B + 69.0 EXT_14_41349977:SNP.AG * 14 ]> + err
M  Contraint for MM[missing] 9A 41356378:SNP.AC: <gurobi.Var 9A> >= <gurobi.Var REG_9A_41356378:SNP.AC>
M  Contraint for MM[missing] 9A 41357343:SNP.TC: <gurobi.Var 9A> >= <gurobi.Var REG_9A_41357343:SNP.TC>
M  Contraint for MM[missing] 9B 41357343:SNP.TC: <gurobi.Var 9B> >= <gurobi.Var REG_9B_41357343:SNP.TC>
M  Contraint for MM[missing] 9B 41354711:SNP.AG: <gurobi.Var 9B> >= <gurobi.Var REG_9B_41354711:SNP.AG>
M  Contraint for MM[missing] 9B 41349639:SNP.GC: <gurobi.Var 9B> >= <gurobi.Var REG_9B_41349639:SNP.GC>
M  Contraint for MM[missing] 9B 41357619:SNP.CT: <gurobi.Var 9B> >= <gurobi.Var REG_9B_41357619:SNP.CT>
M  Contraint for MM[missing] 9B 41354495:SNP.CA: <gurobi.Var 9B> >= <gurobi.Var REG_9B_41354495:SNP.CA>
M  Contraint for MM[missing] 9B 41357631:SNP.TG: <gurobi.Var 9B> >= <gurobi.Var REG_9B_41357631:SNP.TG>
M  Contraint for MM[missing] 9B 41358010:SNP.TC: <gurobi.Var 9B> >= <gurobi.Var REG_9B_41358010:SNP.TC>
M  Contraint for MM[missing] 9B 41356378:SNP.AC: <gurobi.Var 9B> >= <gurobi.Var REG_9B_41356378:SNP.AC>
M  Contraint for MM[missing] 9B 41349977:SNP.AG: <gurobi.Var 9B> >= <gurobi.Var REG_9B_41349977:SNP.AG>
M  Contraint for MM[missing] 14 41356245:SNP.CT: <gurobi.Var 14> >= <gurobi.Var REG_14_41356245:SNP.CT>
M  Contraint for MM[missing] 14 41356280:SNP.CT: <gurobi.Var 14> >= <gurobi.Var REG_14_41356280:SNP.CT>
M  Contraint for MA[extra] 9A 41354495:SNP.CA: <gurobi.Var 9A> >= <gurobi.Var EXT_9A_41354495:SNP.CA>
M  Contraint for MA[extra] 9A 41356245:SNP.CT: <gurobi.Var 9A> >= <gurobi.Var EXT_9A_41356245:SNP.CT>
M  Contraint for MA[extra] 9A 41354711:SNP.AG: <gurobi.Var 9A> >= <gurobi.Var EXT_9A_41354711:SNP.AG>
M  Contraint for MA[extra] 9A 41349639:SNP.GC: <gurobi.Var 9A> >= <gurobi.Var EXT_9A_41349639:SNP.GC>
M  Contraint for MA[extra] 9A 41357619:SNP.CT: <gurobi.Var 9A> >= <gurobi.Var EXT_9A_41357619:SNP.CT>
M  Contraint for MA[extra] 9A 41356280:SNP.CT: <gurobi.Var 9A> >= <gurobi.Var EXT_9A_41356280:SNP.CT>
M  Contraint for MA[extra] 9A 41357631:SNP.TG: <gurobi.Var 9A> >= <gurobi.Var EXT_9A_41357631:SNP.TG>
M  Contraint for MA[extra] 9A 41358010:SNP.TC: <gurobi.Var 9A> >= <gurobi.Var EXT_9A_41358010:SNP.TC>
M  Contraint for MA[extra] 9A 41349977:SNP.AG: <gurobi.Var 9A> >= <gurobi.Var EXT_9A_41349977:SNP.AG>
M  Contraint for MA[extra] 9B 41356245:SNP.CT: <gurobi.Var 9B> >= <gurobi.Var EXT_9B_41356245:SNP.CT>
M  Contraint for MA[extra] 9B 41356280:SNP.CT: <gurobi.Var 9B> >= <gurobi.Var EXT_9B_41356280:SNP.CT>
M  Contraint for MA[extra] 14 41357343:SNP.TC: <gurobi.Var 14> >= <gurobi.Var EXT_14_41357343:SNP.TC>
M  Contraint for MA[extra] 14 41354711:SNP.AG: <gurobi.Var 14> >= <gurobi.Var EXT_14_41354711:SNP.AG>
M  Contraint for MA[extra] 14 41349639:SNP.GC: <gurobi.Var 14> >= <gurobi.Var EXT_14_41349639:SNP.GC>
M  Contraint for MA[extra] 14 41357619:SNP.CT: <gurobi.Var 14> >= <gurobi.Var EXT_14_41357619:SNP.CT>
M  Contraint for MA[extra] 14 41354495:SNP.CA: <gurobi.Var 14> >= <gurobi.Var EXT_14_41354495:SNP.CA>
M  Contraint for MA[extra] 14 41357631:SNP.TG: <gurobi.Var 14> >= <gurobi.Var EXT_14_41357631:SNP.TG>
M  Contraint for MA[extra] 14 41358010:SNP.TC: <gurobi.Var 14> >= <gurobi.Var EXT_14_41358010:SNP.TC>
M  Contraint for MA[extra] 14 41356378:SNP.AC: <gurobi.Var 14> >= <gurobi.Var EXT_14_41356378:SNP.AC>
M  Contraint for MA[extra] 14 41349977:SNP.AG: <gurobi.Var 14> >= <gurobi.Var EXT_14_41349977:SNP.AG>
M  Objective: <gurobi.LinExpr: C58 + C59 + C60 + C61 + C62 + C63 + C64 + C65 + C66 + C67 + C68 + C69 + C70 + C71 + C72 + C73 + C74 + C75 + C76 + C77 + C78 + C79 + EXT_9A_41354495:SNP.CA + EXT_9A_41356245:SNP.CT + EXT_9A_41354711:SNP.AG + EXT_9A_41349639:SNP.GC + EXT_9A_41357619:SNP.CT + EXT_9A_41356280:SNP.CT + EXT_9A_41357631:SNP.TG + EXT_9A_41358010:SNP.TC + EXT_9A_41349977:SNP.AG + EXT_9B_41356245:SNP.CT + EXT_9B_41356280:SNP.CT + EXT_14_41357343:SNP.TC + EXT_14_41354711:SNP.AG + EXT_14_41349639:SNP.GC + EXT_14_41357619:SNP.CT + EXT_14_41354495:SNP.CA + EXT_14_41357631:SNP.TG + EXT_14_41358010:SNP.TC + EXT_14_41356378:SNP.AC + EXT_14_41349977:SNP.AG + W>
M  Contraint for 9A: <gurobi.LinExpr: REG_9A_41356378:SNP.AC> = 1 * A_<gurobi.Var 9A>
M  Contraint for 9B: <gurobi.LinExpr: REG_9B_41356378:SNP.AC> = 1 * A_<gurobi.Var 9B>
M  Contraint for 14: <gurobi.LinExpr: REG_14_41356245:SNP.CT> = 1 * A_<gurobi.Var 14>
M  Contraint for 41357343:SNP.TC: 1 <= <gurobi.QuadExpr: 0.0 + [ REG_9A_41357343:SNP.TC * 9A + REG_9B_41357343:SNP.TC * 9B + EXT_14_41357343:SNP.TC * 14 ]> <= 1
M  Contraint for 41356245:SNP.CT: 1 <= <gurobi.QuadExpr: 0.0 + [ REG_14_41356245:SNP.CT * 14 ]> <= 2
M  Contraint for 41356245:SNP.CT: <gurobi.QuadExpr: 0.0 + [ REG_14_41356245:SNP.CT * 14 ]> <= 2
M  Contraint for 41354711:SNP.AG: 1 <= <gurobi.QuadExpr: 0.0 + [ REG_9B_41354711:SNP.AG * 9B + EXT_9A_41354711:SNP.AG * 9A + EXT_14_41354711:SNP.AG * 14 ]> <= 1
M  Contraint for 41349639:SNP.GC: 1 <= <gurobi.QuadExpr: 0.0 + [ REG_9B_41349639:SNP.GC * 9B + EXT_9A_41349639:SNP.GC * 9A + EXT_14_41349639:SNP.GC * 14 ]> <= 1
M  Contraint for 41357619:SNP.CT: 1 <= <gurobi.QuadExpr: 0.0 + [ REG_9B_41357619:SNP.CT * 9B + EXT_9A_41357619:SNP.CT * 9A + EXT_14_41357619:SNP.CT * 14 ]> <= 1
M  Contraint for 41356280:SNP.CT: 1 <= <gurobi.QuadExpr: 0.0 + [ REG_14_41356280:SNP.CT * 14 + EXT_9A_41356280:SNP.CT * 9A + EXT_9B_41356280:SNP.CT * 9B ]> <= 1
M  Contraint for 41357631:SNP.TG: 1 <= <gurobi.QuadExpr: 0.0 + [ REG_9B_41357631:SNP.TG * 9B + EXT_9A_41357631:SNP.TG * 9A + EXT_14_41357631:SNP.TG * 14 ]> <= 1
M  Contraint for 41358010:SNP.TC: 1 <= <gurobi.QuadExpr: 0.0 + [ REG_9B_41358010:SNP.TC * 9B + EXT_9A_41358010:SNP.TC * 9A + EXT_14_41358010:SNP.TC * 14 ]> <= 1
M  Contraint for 41349977:SNP.AG: 1 <= <gurobi.QuadExpr: 0.0 + [ REG_9B_41349977:SNP.AG * 9B + EXT_9A_41349977:SNP.AG * 9A + EXT_14_41349977:SNP.AG * 14 ]> <= 1
M  Contraint for 41356378:SNP.AC: 1 <= <gurobi.QuadExpr: 0.0 + [ REG_9A_41356378:SNP.AC * 9A + REG_9B_41356378:SNP.AC * 9B ]> <= 1
M  Contraint for 41356378:SNP.AC: <gurobi.QuadExpr: 0.0 + [ REG_9A_41356378:SNP.AC * 9A + REG_9B_41356378:SNP.AC * 9B ]> <= 1
M  Contraint for 41354495:SNP.CA: 1 <= <gurobi.QuadExpr: 0.0 + [ REG_9B_41354495:SNP.CA * 9B + EXT_9A_41354495:SNP.CA * 9A + EXT_14_41354495:SNP.CA * 14 ]> <= 2
CN Solver status: optimal, opt: 710.0
  9B: 1
    6.0i 41357343:SNP.TC  154 ( 27 cp. 1) 
    6.2i 41354711:SNP.AG   28 ( 41 cp. 1) 
    6.3utr 41349639:SNP.GC  401 ( 49 cp. 1) 
    6.0i 41357619:SNP.CT  168 ( 42 cp. 1) 
    6.3i 41354495:SNP.CA  224 ( 59 cp. 1) 
    6.0i 41357631:SNP.TG  167 ( 41 cp. 1) 
    6.0i 41358010:SNP.TC  139 ( 33 cp. 1) 
    6.0i 41356378:SNP.AC  273 ( 49 cp. 1) F
    6.8i 41349977:SNP.AG   44 ( 32 cp. 1) 
  14: 1
    6.1e 41356245:SNP.CT  237 ( 51 cp. 1) F
    6.1e 41356280:SNP.CT  247 ( 49 cp. 1) 
Missing:
  9B: 1
  14: 1
Extra:
  9B: 1
  14: 1
Time needed: (91.2)
Result is: [('9B', '14')]
