SAM file: bams/PGXT128.bam
File bams/PGXT128.bam has index
Coverage is 72.4198992522
== Allele Filter ==
 6.0i   15989511: SNP.TA                    2 (  8%) ~     0 (  0)
 6.12e  15989695: SNP.GC                   24 ( 14%) ~     7 ( 29)
 6.12e  15989729: SNP.TC                   33 ( 20%) ~     6 ( 18)
 6.11i  15989776: SNP.AC                    7 (  7%) ~     0 (  0)
 6.11i  15989795: SNP.GC                    4 (  5%) ~     0 (  0)
 6.11i  15989810: SNP.TG                   22 ( 33%) ~     2 (  9)
 6.11i  15989856: SNP.TC                    2 (  8%) ~     1 ( 50)
 6.11i  15989870: SNP.TA                   10 ( 50%) ~     0 (  0)
 6.11i  15989946: SNP.TG                    3 (  8%) ~     0 (  0)
 6.10e  15990430: SNP.CT     18000:G>A    280 ( 46%) ~     0 (  0)
 6.8i   15994923: SNP.AG                    3 (100%) ~     0 (  0)
 6.8i   15996291: SNP.AG                    5 (100%) ~     0 (  0)
 6.8i   15996482: INS.g                    39 (103%) ~     0 (  0)
 6.8e   15996819: SNP.GA                  405 ( 50%) ~     0 (  0)
 6.7i   15996906: SNP.CT                  232 ( 46%) ~     0 (  0)
 6.6i   15999626: SNP.CT                    3 (100%) ~     0 (  0)
 6.5i   16000608: SNP.TA                    6 ( 22%) ~     0 (  0)
 6.5i   16000856: SNP.AC                    2 ( 15%) ~     0 (  0)
 6.2i   16003650: SNP.TC                   27 ( 49%) ~     0 (  0)
 6.2i   16003777: SNP.TA                    2 ( 17%) ~     0 (  0)
 6.2i   16004370: SNP.AT                   15 ( 50%) ~     0 (  0)
 6.2i   16004395: SNP.CG                   22 ( 54%) ~     0 (  0)
 6.2i   16004799: SNP.CA                   96 ( 47%) ~     0 (  0)
 6.2i   16005002: SNP.CT                    4 ( 24%) ~     0 (  0)
 6.2i   16005015: SNP.GA                    4 ( 25%) ~     0 (  0)
 6.2i   16005018: SNP.TC                    4 ( 25%) ~     0 (  0)
 6.2i   16005103: SNP.CT                    2 (100%) ~     0 (  0)
 6.2i   16005573: SNP.CT                    4 (100%) ~     0 (  0)
 6.2i   16005614: SNP.AT                    3 (100%) ~     0 (  0)
 6.2i   16006073: SNP.TA                   13 ( 45%) ~     0 (  0)
 6.2i   16006100: SNP.TC                   30 ( 53%) ~     0 (  0)
 6.2i   16006177: SNP.AG                  136 ( 58%) ~     0 (  0)
 6.2e   16006412: SNP.GA                  270 ( 49%) ~     0 (  0)
 6.1i   16006579: SNP.TA                    4 (  5%) ~     0 (  0)
 6.1i   16006610: SNP.TC                   15 ( 60%) ~     0 (  0)
 6.1i   16006677: DEL.TCTG                  3 (100%) ~     0 (  0)
 6.1i   16006717: INS.atct                  2 (100%) ~     0 (  0)
 6.1i   16007783: SNP.AG                    2 (100%) ~     0 (  0)
 6.1i   16007980: SNP.AG                    2 (  6%) ~     0 (  0)
 6.1i   16008012: SNP.TA                    3 (  6%) ~     0 (  0)
 6.1i   16008098: SNP.TC                   92 ( 52%) ~     0 (  0)
 6.1e   16008256: SNP.TC                  703 ( 50%) ~     0 (  0)
 6.1e   16008387: SNP.AC     34:T>G       665 ( 46%) ~     0 (  0)
Initial status
  CYP2D6.1
  CYP2D6.2
    6.1e           16008387:SNP.AC  665 ( 46) F 34:T>G
  CYP2D6.3
    6.10e          15990430:SNP.CT  280 ( 46) F 18000:G>A
  CYP2D6.4
    6.10e          15990430:SNP.CT  280 ( 46) F 18000:G>A
    6.1e           16008387:SNP.AC  665 ( 46) F 34:T>G
== Copy Number Estimator ==
CNV factor: 2.19779480504 (0.455001530493)
Coverage per region
  region:  2D6  2D7
  0i   :  1.91
  1e   :  1.70
  1i   :  1.88
  2e   :  1.86
  2i   :  1.88
  3e   :  2.19
  3i   :  2.20
  4e   :  2.36
  4i   :  2.01
  5e   :  1.78
  5i   :  2.18
  6e   :  1.89
  6i   :  2.11
  7e   :  3.00
  7i   :  2.11
  8e   :  1.88
  8i   :  1.89
  9e   :  2.02
  9i   :  1.70
  10e  :  1.83
  10i  :  2.30
  11e  :  1.98
  11i  :  2.00
  12e  :  1.44
Max. CN = 3
M  Sentinel contraint for 1: A_1^ <= A_1
M  Contraint for 7e: 3.00290535096 == E_7e + <gurobi.LinExpr: A1 + A1^>
M  Contraint for 6e: 1.88834220644 == E_6e + <gurobi.LinExpr: A1 + A1^>
M  Contraint for 9e: 2.02129144418 == E_9e + <gurobi.LinExpr: A1 + A1^>
M  Contraint for 8e: 1.88443307743 == E_8e + <gurobi.LinExpr: A1 + A1^>
M  Contraint for 2e: 1.86398259154 == E_2e + <gurobi.LinExpr: A1 + A1^>
M  Contraint for 1e: 1.69723582495 == E_1e + <gurobi.LinExpr: A1 + A1^>
M  Contraint for 5e: 1.7822507148 == E_5e + <gurobi.LinExpr: A1 + A1^>
M  Contraint for 4e: 2.3566573601 == E_4e + <gurobi.LinExpr: A1 + A1^>
M  Contraint for 3e: 2.18540295071 == E_3e + <gurobi.LinExpr: A1 + A1^>
M  Objective: <gurobi.LinExpr: C11 + C12 + C13 + C14 + C15 + C16 + C17 + C18 + C19 + 0.5 A1 + 0.5 A1^>
CN Solver status: optimal, opt: 3.45001269079
  Solutions:
    ('1', '1^')
== Initial Solver ==
Solving Counter({'1': 2})
Possible candidates:
  CYP2D6.1
  CYP2D6.2
    6.1e 16008387:SNP.AC  665 ( 46) F 34:T>G
  CYP2D6.3
    6.10e 15990430:SNP.CT  280 ( 46) F 18000:G>A
  CYP2D6.4
    6.10e 15990430:SNP.CT  280 ( 46) F 18000:G>A
    6.1e 16008387:SNP.AC  665 ( 46) F 34:T>G
M  Max. CN for 1 = 2
M  Max. CN for 3 = 2
M  Max. CN for 2 = 2
M  Max. CN for 4 = 2
M  Contraint for 15990430:REF 6.10e: 329 == <gurobi.QuadExpr: 304.5 3_2 + 304.5 2_2 + 304.5 1 + 304.5 3 + 304.5 2 + 304.5 4 + 304.5 4_2 + 304.5 1_2 + [ -304.5 REG_3_2_15990430:SNP.CT * 3_2 + -304.5 REG_3_15990430:SNP.CT * 3 + -304.5 REG_4_15990430:SNP.CT * 4 + -304.5 REG_4_2_15990430:SNP.CT * 4_2 ]> + err
M  Contraint for 15990430:SNP.CT 6.10e: 280 == <gurobi.QuadExpr: 0.0 + [ 304.5 REG_3_2_15990430:SNP.CT * 3_2 + 304.5 REG_3_15990430:SNP.CT * 3 + 304.5 REG_4_15990430:SNP.CT * 4 + 304.5 REG_4_2_15990430:SNP.CT * 4_2 ]> + err
M  Contraint for 16008387:REF 6.1e: 768 == <gurobi.QuadExpr: 716.5 3_2 + 716.5 2_2 + 716.5 1 + 716.5 3 + 716.5 2 + 716.5 4 + 716.5 4_2 + 716.5 1_2 + [ -716.5 REG_2_2_16008387:SNP.AC * 2_2 + -716.5 REG_2_16008387:SNP.AC * 2 + -716.5 REG_4_16008387:SNP.AC * 4 + -716.5 REG_4_2_16008387:SNP.AC * 4_2 ]> + err
M  Contraint for 16008387:SNP.AC 6.1e: 665 == <gurobi.QuadExpr: 0.0 + [ 716.5 REG_2_2_16008387:SNP.AC * 2_2 + 716.5 REG_2_16008387:SNP.AC * 2 + 716.5 REG_4_16008387:SNP.AC * 4 + 716.5 REG_4_2_16008387:SNP.AC * 4_2 ]> + err
M  Contraint for 3_2 15990430:SNP.CT: <gurobi.Var 3_2> >= <gurobi.Var REG_3_2_15990430:SNP.CT>
M  Contraint for 2_2 16008387:SNP.AC: <gurobi.Var 2_2> >= <gurobi.Var REG_2_2_16008387:SNP.AC>
M  Contraint for 3 15990430:SNP.CT: <gurobi.Var 3> >= <gurobi.Var REG_3_15990430:SNP.CT>
M  Contraint for 2 16008387:SNP.AC: <gurobi.Var 2> >= <gurobi.Var REG_2_16008387:SNP.AC>
M  Contraint for 4 15990430:SNP.CT: <gurobi.Var 4> >= <gurobi.Var REG_4_15990430:SNP.CT>
M  Contraint for 4 16008387:SNP.AC: <gurobi.Var 4> >= <gurobi.Var REG_4_16008387:SNP.AC>
M  Contraint for 4_2 15990430:SNP.CT: <gurobi.Var 4_2> >= <gurobi.Var REG_4_2_15990430:SNP.CT>
M  Contraint for 4_2 16008387:SNP.AC: <gurobi.Var 4_2> >= <gurobi.Var REG_4_2_16008387:SNP.AC>
M  CN contraint for 1: 2 == <gurobi.LinExpr: 3_2 + 2_2 + 1 + 3 + 2 + 4 + 4_2 + 1_2>
M  Sentinel contraint for 1: A_1_2 <= A_1
M  Sentinel contraint for 3: A_3_2 <= A_3
M  Sentinel contraint for 2: A_2_2 <= A_2
M  Sentinel contraint for 4: A_4_2 <= A_4
M  Objective: <gurobi.LinExpr: C26 + C27 + C28 + C29>
M  Contraint for 3_2: A_3_2 * (<gurobi.LinExpr: REG_3_2_15990430:SNP.CT> - 1) == 0
M  Contraint for 2_2: A_2_2 * (<gurobi.LinExpr: REG_2_2_16008387:SNP.AC> - 1) == 0
M  Contraint for 3: A_3 * (<gurobi.LinExpr: REG_3_15990430:SNP.CT> - 1) == 0
M  Contraint for 2: A_2 * (<gurobi.LinExpr: REG_2_16008387:SNP.AC> - 1) == 0
M  Contraint for 4: A_4 * (<gurobi.LinExpr: REG_4_15990430:SNP.CT + REG_4_16008387:SNP.AC> - 2) == 0
M  Contraint for 4_2: A_4_2 * (<gurobi.LinExpr: REG_4_2_15990430:SNP.CT + REG_4_2_16008387:SNP.AC> - 2) == 0
M  Contraint for 15990430:SNP.CT: 1 <= <gurobi.QuadExpr: 0.0 + [ 3_2 * REG_3_2_15990430:SNP.CT + 3 * REG_3_15990430:SNP.CT + 4 * REG_4_15990430:SNP.CT + 4_2 * REG_4_2_15990430:SNP.CT ]>
M  Contraint for 16008387:SNP.AC: 1 <= <gurobi.QuadExpr: 0.0 + [ 2_2 * REG_2_2_16008387:SNP.AC + 2 * REG_2_16008387:SNP.AC + 4 * REG_4_16008387:SNP.AC + 4_2 * REG_4_2_16008387:SNP.AC ]>
M  Contraint for 15990430:SNP.CT: 1 <= <gurobi.QuadExpr: 0.0 + [ 3_2 * REG_3_2_15990430:SNP.CT + 3 * REG_3_15990430:SNP.CT + 4 * REG_4_15990430:SNP.CT + 4_2 * REG_4_2_15990430:SNP.CT ]>
M  Contraint for 16008387:SNP.AC: 1 <= <gurobi.QuadExpr: 0.0 + [ 2_2 * REG_2_2_16008387:SNP.AC + 2 * REG_2_16008387:SNP.AC + 4 * REG_4_16008387:SNP.AC + 4_2 * REG_4_2_16008387:SNP.AC ]>
M  Contraint for 15990430:SNP.CT: 1 <= <gurobi.QuadExpr: 0.0 + [ 3_2 * REG_3_2_15990430:SNP.CT + 3 * REG_3_15990430:SNP.CT + 4 * REG_4_15990430:SNP.CT + 4_2 * REG_4_2_15990430:SNP.CT ]>
M  Contraint for 16008387:SNP.AC: 1 <= <gurobi.QuadExpr: 0.0 + [ 2_2 * REG_2_2_16008387:SNP.AC + 2 * REG_2_16008387:SNP.AC + 4 * REG_4_16008387:SNP.AC + 4_2 * REG_4_2_16008387:SNP.AC ]>
M  Contraint for 15990430:SNP.CT: 1 <= <gurobi.QuadExpr: 0.0 + [ 3_2 * REG_3_2_15990430:SNP.CT + 3 * REG_3_15990430:SNP.CT + 4 * REG_4_15990430:SNP.CT + 4_2 * REG_4_2_15990430:SNP.CT ]>
M  Contraint for 16008387:SNP.AC: 1 <= <gurobi.QuadExpr: 0.0 + [ 2_2 * REG_2_2_16008387:SNP.AC + 2 * REG_2_16008387:SNP.AC + 4 * REG_4_16008387:SNP.AC + 4_2 * REG_4_2_16008387:SNP.AC ]>
CN Solver status: optimal, opt: 152.0
  solution:
    ('2', '3')
    ('1', '4')
[32;01mCopy number best structures:[39;49;00m
[32;01m  (1) 2x*1-like[39;49;00m
== Refiner ==
Refining ('2', '3')
M  CN constraint for 3: 1 == <gurobi.LinExpr: 3>
M  CN constraint for 2: 1 == <gurobi.LinExpr: 2>
M  Contraint for 15990430:REF 6.10e: 329 == <gurobi.QuadExpr: 304.5 3 + 304.5 2 + [ -304.5 REG_3_15990430:SNP.CT * 3 + -304.5 EXT_2_15990430:SNP.CT * 2 ]> + err
M  Contraint for 15990430:SNP.CT 6.10e: 280 == <gurobi.QuadExpr: 0.0 + [ 304.5 REG_3_15990430:SNP.CT * 3 + 304.5 EXT_2_15990430:SNP.CT * 2 ]> + err
M  Contraint for 16008387:REF 6.1e: 768 == <gurobi.QuadExpr: 716.5 3 + 716.5 2 + [ -716.5 EXT_3_16008387:SNP.AC * 3 + -716.5 REG_2_16008387:SNP.AC * 2 ]> + err
M  Contraint for 16008387:SNP.AC 6.1e: 665 == <gurobi.QuadExpr: 0.0 + [ 716.5 EXT_3_16008387:SNP.AC * 3 + 716.5 REG_2_16008387:SNP.AC * 2 ]> + err
M  Contraint for MM[missing] 3 15990430:SNP.CT: <gurobi.Var 3> >= <gurobi.Var REG_3_15990430:SNP.CT>
M  Contraint for MM[missing] 2 16008387:SNP.AC: <gurobi.Var 2> >= <gurobi.Var REG_2_16008387:SNP.AC>
M  Contraint for MA[extra] 3 16008387:SNP.AC: <gurobi.Var 3> >= <gurobi.Var EXT_3_16008387:SNP.AC>
M  Contraint for MA[extra] 2 15990430:SNP.CT: <gurobi.Var 2> >= <gurobi.Var EXT_2_15990430:SNP.CT>
M  Objective: <gurobi.LinExpr: C10 + C11 + C12 + C13 + EXT_3_16008387:SNP.AC + EXT_2_15990430:SNP.CT + W>
M  Contraint for 3: <gurobi.LinExpr: REG_3_15990430:SNP.CT> = 1 * A_<gurobi.Var 3>
M  Contraint for 2: <gurobi.LinExpr: REG_2_16008387:SNP.AC> = 1 * A_<gurobi.Var 2>
M  Contraint for 15990430:SNP.CT: 1 <= <gurobi.QuadExpr: 0.0 + [ REG_3_15990430:SNP.CT * 3 ]> <= 1
M  Contraint for 15990430:SNP.CT: <gurobi.QuadExpr: 0.0 + [ REG_3_15990430:SNP.CT * 3 ]> <= 1
M  Contraint for 16008387:SNP.AC: 1 <= <gurobi.QuadExpr: 0.0 + [ REG_2_16008387:SNP.AC * 2 ]> <= 1
M  Contraint for 16008387:SNP.AC: <gurobi.QuadExpr: 0.0 + [ REG_2_16008387:SNP.AC * 2 ]> <= 1
CN Solver status: optimal, opt: 152.0
  3: 1
    6.10e 15990430:SNP.CT  280 ( 46 cp. 1) F
  2: 1
    6.1e 16008387:SNP.AC  665 ( 46 cp. 1) F
Missing:
  3: 1
  2: 1
Extra:
  3: 1
  2: 1
== Refiner ==
Refining ('1', '4')
M  CN constraint for 1: 1 == <gurobi.LinExpr: 1>
M  CN constraint for 4: 1 == <gurobi.LinExpr: 4>
M  Contraint for 15990430:REF 6.10e: 329 == <gurobi.QuadExpr: 304.5 1 + 304.5 4 + [ -304.5 EXT_1_15990430:SNP.CT * 1 + -304.5 REG_4_15990430:SNP.CT * 4 ]> + err
M  Contraint for 15990430:SNP.CT 6.10e: 280 == <gurobi.QuadExpr: 0.0 + [ 304.5 EXT_1_15990430:SNP.CT * 1 + 304.5 REG_4_15990430:SNP.CT * 4 ]> + err
M  Contraint for 16008387:REF 6.1e: 768 == <gurobi.QuadExpr: 716.5 1 + 716.5 4 + [ -716.5 EXT_1_16008387:SNP.AC * 1 + -716.5 REG_4_16008387:SNP.AC * 4 ]> + err
M  Contraint for 16008387:SNP.AC 6.1e: 665 == <gurobi.QuadExpr: 0.0 + [ 716.5 EXT_1_16008387:SNP.AC * 1 + 716.5 REG_4_16008387:SNP.AC * 4 ]> + err
M  Contraint for MM[missing] 4 15990430:SNP.CT: <gurobi.Var 4> >= <gurobi.Var REG_4_15990430:SNP.CT>
M  Contraint for MM[missing] 4 16008387:SNP.AC: <gurobi.Var 4> >= <gurobi.Var REG_4_16008387:SNP.AC>
M  Contraint for MA[extra] 1 15990430:SNP.CT: <gurobi.Var 1> >= <gurobi.Var EXT_1_15990430:SNP.CT>
M  Contraint for MA[extra] 1 16008387:SNP.AC: <gurobi.Var 1> >= <gurobi.Var EXT_1_16008387:SNP.AC>
M  Objective: <gurobi.LinExpr: C10 + C11 + C12 + C13 + EXT_1_15990430:SNP.CT + EXT_1_16008387:SNP.AC + W>
M  Contraint for 4: <gurobi.LinExpr: REG_4_16008387:SNP.AC + REG_4_15990430:SNP.CT> = 2 * A_<gurobi.Var 4>
M  Contraint for 15990430:SNP.CT: 1 <= <gurobi.QuadExpr: 0.0 + [ REG_4_15990430:SNP.CT * 4 ]> <= 1
M  Contraint for 15990430:SNP.CT: <gurobi.QuadExpr: 0.0 + [ REG_4_15990430:SNP.CT * 4 ]> <= 1
M  Contraint for 16008387:SNP.AC: 1 <= <gurobi.QuadExpr: 0.0 + [ REG_4_16008387:SNP.AC * 4 ]> <= 1
M  Contraint for 16008387:SNP.AC: <gurobi.QuadExpr: 0.0 + [ REG_4_16008387:SNP.AC * 4 ]> <= 1
CN Solver status: optimal, opt: 152.0
  1: 1
  4: 1
    6.10e 15990430:SNP.CT  280 ( 46 cp. 1) F
    6.1e 16008387:SNP.AC  665 ( 46 cp. 1) F
Missing:
  1: 1
  4: 1
Extra:
  1: 1
  4: 1
Time needed: (19.8)
Result is: [('2', '3'), ('1', '4')]
