SAM file: bams/PGXT122.bam
File bams/PGXT122.bam has index
Coverage is 54.172394512
== Allele Filter ==
 6.0i   15989474: SNP.AT                    2 ( 40%) ~     0 (  0)
 6.12e  15989695: SNP.GC                    9 ( 10%) ~     2 ( 22)
 6.12e  15989729: SNP.TC                   13 ( 14%) ~     2 ( 15)
 6.11i  15989760: SNP.TG                    8 ( 10%) ~     1 ( 12)
 6.11i  15989776: SNP.AC                    4 (  6%) ~     0 (  0)
 6.11i  15989810: SNP.TG                    5 ( 12%) ~     0 (  0)
 6.11i  15989856: SNP.TC                    2 (  8%) ~     0 (  0)
 6.11i  15989890: SNP.CT                    2 ( 10%) ~     0 (  0)
 6.11i  15989946: SNP.TG                    2 (  7%) ~     0 (  0)
 6.11i  15989951: SNP.TG                    2 (  7%) ~     0 (  0)
 6.8i   15990789: SNP.TC                    2 (  6%) ~     0 (  0)
 6.8i   15996409: SNP.AT                    2 ( 15%) ~     0 (  0)
 6.8i   15996482: INS.g                    26 ( 96%) ~     0 (  0)
 6.8e   15996819: SNP.GA                  551 (100%) ~     2 (  0)
 6.6i   15997136: INS.c                     3 ( 60%) ~     0 (  0)
 6.6i   15998181: SNP.GA                    2 (100%) ~     0 (  0)
 6.6i   15998197: SNP.AT                    3 (100%) ~     0 (  0)
 6.5i   16000543: SNP.AC                    2 (  6%) ~     0 (  0)
 6.5i   16000561: SNP.AC                    2 (  7%) ~     0 (  0)
 6.5i   16000568: SNP.AC                    2 (  7%) ~     0 (  0)
 6.5i   16000608: SNP.TA                   11 (100%) ~     0 (  0)
 6.2i   16003732: SNP.AC                    2 ( 12%) ~     0 (  0)
 6.2i   16004821: SNP.AC                    7 (  7%) ~     0 (  0)
 6.2i   16004910: SNP.AC                    2 (  5%) ~     0 (  0)
 6.2i   16005012: SNP.GA                    2 ( 18%) ~     0 (  0)
Removing 2     6.1e 16008387:SNP.AC
Removing 3     6.10e 15990430:SNP.CT
Removing 4     6.1e 16008387:SNP.AC,  6.10e 15990430:SNP.CT
Initial status
  CYP2D6.1
== Copy Number Estimator ==
CNV factor: 3.45260022784 (0.289636776345)
Coverage per region
  region:  2D6  2D7
  0i   :  1.53
  1e   :  1.86
  1i   :  2.12
  2e   :  2.20
  2i   :  2.18
  3e   :  2.17
  3i   :  2.16
  4e   :  2.49
  4i   :  2.22
  5e   :  1.91
  5i   :  2.37
  6e   :  2.10
  6i   :  2.36
  7e   :  6.19
  7i   :  2.69
  8e   :  2.13
  8i   :  2.40
  9e   :  2.41
  9i   :  1.94
  10e  :  2.19
  10i  :  2.55
  11e  :  1.94
  11i  :  2.21
  12e  :  1.03
Max. CN = 6
M  Sentinel contraint for 1: A_1^ <= A_1
M  Contraint for 7e: 6.19354204137 == E_7e + <gurobi.LinExpr: A1 + A1^>
M  Contraint for 6e: 2.1005401344 == E_6e + <gurobi.LinExpr: A1 + A1^>
M  Contraint for 9e: 2.40883442607 == E_9e + <gurobi.LinExpr: A1 + A1^>
M  Contraint for 8e: 2.13444097136 == E_8e + <gurobi.LinExpr: A1 + A1^>
M  Contraint for 2e: 2.19513643843 == E_2e + <gurobi.LinExpr: A1 + A1^>
M  Contraint for 1e: 1.85943917285 == E_1e + <gurobi.LinExpr: A1 + A1^>
M  Contraint for 5e: 1.91297119805 == E_5e + <gurobi.LinExpr: A1 + A1^>
M  Contraint for 4e: 2.49022394524 == E_4e + <gurobi.LinExpr: A1 + A1^>
M  Contraint for 3e: 2.16730814803 == E_3e + <gurobi.LinExpr: A1 + A1^>
M  Objective: <gurobi.LinExpr: C11 + C12 + C13 + C14 + C15 + C16 + C17 + C18 + C19 + 0.5 A1 + 0.5 A1^>
CN Solver status: optimal, opt: 6.91761573399
  Solutions:
    ('1', '1^')
== Initial Solver ==
Solving Counter({'1': 2})
Possible candidates:
  CYP2D6.1
M  Max. CN for 1 = 2
M  CN contraint for 1: 2 == <gurobi.LinExpr: 1 + 1_2>
M  Sentinel contraint for 1: A_1_2 <= A_1
M  Objective: 0
CN Solver status: optimal, opt: 0.0
  solution:
    ('1', '1')
[32;01mCopy number best structures:[39;49;00m
[32;01m  (1) 2x*1-like[39;49;00m
== Refiner ==
Refining ('1', '1')
M  Sentinel constraint for 1: A_1_2 <= A_1
M  CN constraint for 1: 2 == <gurobi.LinExpr: 1 + 1_2>
M  Objective: <gurobi.LinExpr: W>
CN Solver status: optimal, opt: 0.0
  1: 1
  1_2: 1
Missing:
  1: 1
  1_2: 1
Extra:
  1: 1
  1_2: 1
Time needed: (14.3)
Result is: [('1', '1')]
