SAM file: bams/PGXT103.bam
File bams/PGXT103.bam has index
Coverage is 173.263572629
== Allele Filter ==
 6.9e   18128658: SNP.TA                  548 (100%) ~     0 (  0)
 6.9e   18128998: SNP.TG                   80 (100%) ~     0 (  0)
 6.9e   18130351: SNP.TA                    2 ( 12%) ~     0 (  0)
 6.9e   18130917: SNP.TC     719:A>G      263 ( 58%) ~     0 (  0)
 6.8i   18131229: SNP.AG                    2 ( 17%) ~     0 (  0)
 6.8i   18132156: SNP.TA                    2 (  7%) ~     0 (  0)
 6.7i   18132494: SNP.GA                  179 ( 49%) ~     0 (  0)
 6.7i   18132587: SNP.AG                   33 ( 44%) ~     0 (  0)
 6.7i   18132821: SNP.CT                    4 (100%) ~     0 (  0)
 6.7i   18133255: SNP.GA                    2 (100%) ~     0 (  0)
 6.7i   18134007: SNP.GA                   19 ( 12%) ~     0 (  0)
 6.7i   18134008: INS.a                   112 ( 69%) ~     0 (  0)
 6.7i   18134008: INS.aa                   12 (  7%) ~     0 (  0)
 6.7i   18134020: SNP.CA                  114 ( 48%) ~     0 (  0)
 6.6i   18135340: SNP.GA                    2 (100%) ~     0 (  0)
 6.6i   18137035: SNP.TC                    5 (100%) ~     0 (  0)
 6.6i   18138826: SNP.AC                    3 (100%) ~     0 (  0)
 6.6e   18139213: SNP.GA     474C:>T*     374 (100%) ~     0 (  0)
 6.6e   18139227: SNP.CT     460:G>A      203 ( 49%) ~     0 (  0)
 6.5i   18139478: SNP.AC                    2 (  7%) ~     0 (  0)
 6.5i   18139801: SNP.AT                  108 ( 45%) ~     0 (  0)
 6.4i   18139964: DEL.A                    19 ( 19%) ~     0 (  0)
 6.4i   18139972: SNP.AT                   17 ( 24%) ~     0 (  0)
 6.4i   18139973: DEL.TT                   28 ( 39%) ~     0 (  0)
 6.4i   18143511: SNP.CT                    2 (100%) ~     0 (  0)
 6.4i   18143768: SNP.AG     366+58:T>C   136 ( 53%) ~     0 (  0)
 6.3i   18144098: DEL.G                     3 ( 43%) ~     0 (  0)
 6.3i   18145749: SNP.TC                    2 (100%) ~     0 (  0)
 6.3i   18147957: SNP.CA                   43 ( 45%) ~     0 (  0)
 6.3i   18148018: SNP.GA                  184 ( 48%) ~     0 (  0)
 6.2i   18148155: DEL.A                    11 (  5%) ~     0 (  0)
 6.2i   18148246: SNP.TA     141 -101:A>T    19 ( 79%) ~     0 (  0)
 6.2i   18149104: SNP.AT                   22 ( 49%) ~     0 (  0)
 6.1i   18149525: SNP.CT                   13 ( 72%) ~     0 (  0)
 6.1i   18155238: SNP.AC                   52 (  6%) ~     0 (  0)
 6.1e   18155338: SNP.AC                   47 ( 10%) ~     0 (  0)
 6.1e   18155353: DEL.CCGCGCCCCGCCTCCGCCCGCGCCCCGCCTCCGC               44 ( 13%) ~     0 (  0)
 6.1e   18155368: SNP.GC                    8 (  5%) ~     0 (  0)
 6.1e   18155372: SNP.GC                    9 (  8%) ~     0 (  0)
 6.1e   18155374: SNP.GC                    7 (  7%) ~     0 (  0)
 6.1e   18155384: SNP.CT                   11 ( 24%) ~     0 (  0)
 6.1e   18155384: INS.t                     8 ( 18%) ~     0 (  0)
 6.1e   18155385: DEL.G                     3 (  8%) ~     0 (  0)
 6.1e   18155385: SNP.GT                   11 ( 28%) ~     0 (  0)
 6.1e   18155386: SNP.CT                    2 (  6%) ~     0 (  0)
Removing 10    6.6e 18139257:SNP.CG
Removing 11    6.5e 18139919:SNP.CT
Removing 12    6.5e 18139940:SNP.GA
Removing 13    6.2e 18149275:SNP.TA
Removing 14    6.2e 18149357:SNP.TC
Removing 15    6.6i 18134120:SNP.CT
Removing 16    6.6e 18139199:SNP.CT
Removing 17    6.2e 18149234:SNP.GC
Removing 18    6.3e 18148075:SNP.CT
Removing 19    6.4i 18143825:SNP.TG
Removing 2     6.4e 18143954:SNP.CG
Removing 20    6.9e 18130924:SNP.TC
Removing 21    6.3e 18148081:SNP.GC
Removing 22    6.6e 18139199:SNP.CG
Removing 23    6.7e 18134114:SNP.GC
Removing 24    6.7e 18134077:SNP.CA
Removing 25    6.9e 18131002:SNP.AG
Removing 26    6.8e 18132366:SNP.AG
Removing 27    6.4e 18143873:SNP.AC
Removing 28    6.4e 18143843:SNP.CG
Removing 29    6.2e 18149356:SNP.AG
Removing 3D    6.4e 18143900:SNP.CA
Removing 30    6.2e 18149252:SNP.CT
Removing 31    6.8e 18132377:SNP.AG
Removing 32    6.4e 18143852:SNP.CT
Removing 33    6.6e 18139200:SNP.GA
Removing 34    6.4e 18143948:SNP.GC
Removing 35    6.3e 18148086:SNP.AG
Removing 36    6.8e 18132393:SNP.CT
Removing 37    6.9e 18130988:SNP.AT
Removing 38    6.7e 18134100:SNP.AG
Removing 4     6.8i 18131011:SNP.CT
Removing 5     6.3e 18148140:SNP.AG
Removing 6     6.7e 18134075:SNP.TA
Removing 7     6.9e 18130955:SNP.AC
Removing 8     6.9e 18130992:SNP.CT
Removing 9     6.4e 18143836:SNP.TG
Initial status
  CYP2D6.1S
    6.6e           18139213:SNP.GA  374 (100)   474C:>T*
  CYP2D6.1
  CYP2D6.3C
    6.9e           18130917:SNP.TC  263 ( 58) F 719:A>G
  CYP2D6.3B
    6.6e           18139227:SNP.CT  203 ( 49) F 460:G>A
  CYP2D6.3A
    6.9e           18130917:SNP.TC  263 ( 58) F 719:A>G
    6.6e           18139227:SNP.CT  203 ( 49) F 460:G>A
  CYP2D6.3E
    6.9e           18130917:SNP.TC  263 ( 58) F 719:A>G
    6.6e           18139213:SNP.GA  374 (100)   474C:>T*
    6.6e           18139227:SNP.CT  203 ( 49) F 460:G>A
    6.4i           18143768:SNP.AG  136 ( 53)   366+58:T>C
    6.2i           18148246:SNP.TA   19 ( 79)   141 -101:A>T
    6.2i           18149104:SNP.AG    0 (  0)   140 +114:T>A
== Copy Number Estimator ==
CNV factor: 1.98529690312 (0.503702996983)
Coverage per region
  region:  2D6  2D7
  1e   :  2.17
  1i   :  2.09
  2e   :  2.03
  2i   :  1.95
  3e   :  2.13
  3i   :  2.23
  4e   :  2.77
  4i   :  2.50
  5e   :  2.38
  5i   :  2.31
  6e   :  1.96
  6i   :  2.23
  7e   :  2.26
  7i   :  2.18
  8e   :  2.35
  8i   :  2.37
  9e   :  2.25
Max. CN = 3
M  Sentinel contraint for 1: A_1^ <= A_1
M  Contraint for 7e: 2.26325841135 == E_7e + <gurobi.LinExpr: A1 + A1^>
M  Contraint for 6e: 1.95536389714 == E_6e + <gurobi.LinExpr: A1 + A1^>
M  Contraint for 9e: 2.24953589637 == E_9e + <gurobi.LinExpr: A1 + A1^>
M  Contraint for 8e: 2.35384011971 == E_8e + <gurobi.LinExpr: A1 + A1^>
M  Contraint for 2e: 2.03210028366 == E_2e + <gurobi.LinExpr: A1 + A1^>
M  Contraint for 1e: 2.16604203076 == E_1e + <gurobi.LinExpr: A1 + A1^>
M  Contraint for 5e: 2.37880943132 == E_5e + <gurobi.LinExpr: A1 + A1^>
M  Contraint for 4e: 2.77257760014 == E_4e + <gurobi.LinExpr: A1 + A1^>
M  Contraint for 3e: 2.12564707637 == E_3e + <gurobi.LinExpr: A1 + A1^>
M  Objective: <gurobi.LinExpr: C11 + C12 + C13 + C14 + C15 + C16 + C17 + C18 + C19 + 0.5 A1 + 0.5 A1^>
CN Solver status: optimal, opt: 3.38644695254
  Solutions:
    ('1', '1^')
== Initial Solver ==
Solving Counter({'1': 2})
Possible candidates:
  CYP2D6.1
  CYP2D6.3C
    6.9e 18130917:SNP.TC  263 ( 58) F 719:A>G
  CYP2D6.3B
    6.6e 18139227:SNP.CT  203 ( 49) F 460:G>A
  CYP2D6.3A
    6.6e 18139227:SNP.CT  203 ( 49) F 460:G>A
    6.9e 18130917:SNP.TC  263 ( 58) F 719:A>G
M  Max. CN for 3C = 2
M  Max. CN for 3B = 2
M  Max. CN for 3A = 2
M  Max. CN for 1 = 2
M  Contraint for 18139227:SNP.CT 6.6e: 203 == <gurobi.QuadExpr: 0.0 + [ 208.5 REG_3A_2_18139227:SNP.CT * 3A_2 + 208.5 REG_3B_18139227:SNP.CT * 3B + 208.5 REG_3A_18139227:SNP.CT * 3A + 208.5 REG_3B_2_18139227:SNP.CT * 3B_2 ]> + err
M  Contraint for 18139227:REF 6.6e: 214 == <gurobi.QuadExpr: 208.5 3C_2 + 208.5 1 + 208.5 3A_2 + 208.5 1_2 + 208.5 3C + 208.5 3B + 208.5 3A + 208.5 3B_2 + [ -208.5 REG_3A_2_18139227:SNP.CT * 3A_2 + -208.5 REG_3B_18139227:SNP.CT * 3B + -208.5 REG_3A_18139227:SNP.CT * 3A + -208.5 REG_3B_2_18139227:SNP.CT * 3B_2 ]> + err
M  Contraint for 18130917:REF 6.9e: 190 == <gurobi.QuadExpr: 226.5 3C_2 + 226.5 1 + 226.5 3A_2 + 226.5 1_2 + 226.5 3C + 226.5 3B + 226.5 3A + 226.5 3B_2 + [ -226.5 REG_3C_2_18130917:SNP.TC * 3C_2 + -226.5 REG_3A_2_18130917:SNP.TC * 3A_2 + -226.5 REG_3C_18130917:SNP.TC * 3C + -226.5 REG_3A_18130917:SNP.TC * 3A ]> + err
M  Contraint for 18130917:SNP.TC 6.9e: 263 == <gurobi.QuadExpr: 0.0 + [ 226.5 REG_3C_2_18130917:SNP.TC * 3C_2 + 226.5 REG_3A_2_18130917:SNP.TC * 3A_2 + 226.5 REG_3C_18130917:SNP.TC * 3C + 226.5 REG_3A_18130917:SNP.TC * 3A ]> + err
M  Contraint for 3C_2 18130917:SNP.TC: <gurobi.Var 3C_2> >= <gurobi.Var REG_3C_2_18130917:SNP.TC>
M  Contraint for 3A_2 18139227:SNP.CT: <gurobi.Var 3A_2> >= <gurobi.Var REG_3A_2_18139227:SNP.CT>
M  Contraint for 3A_2 18130917:SNP.TC: <gurobi.Var 3A_2> >= <gurobi.Var REG_3A_2_18130917:SNP.TC>
M  Contraint for 3C 18130917:SNP.TC: <gurobi.Var 3C> >= <gurobi.Var REG_3C_18130917:SNP.TC>
M  Contraint for 3B 18139227:SNP.CT: <gurobi.Var 3B> >= <gurobi.Var REG_3B_18139227:SNP.CT>
M  Contraint for 3A 18139227:SNP.CT: <gurobi.Var 3A> >= <gurobi.Var REG_3A_18139227:SNP.CT>
M  Contraint for 3A 18130917:SNP.TC: <gurobi.Var 3A> >= <gurobi.Var REG_3A_18130917:SNP.TC>
M  Contraint for 3B_2 18139227:SNP.CT: <gurobi.Var 3B_2> >= <gurobi.Var REG_3B_2_18139227:SNP.CT>
M  CN contraint for 1: 2 == <gurobi.LinExpr: 3C_2 + 1 + 3A_2 + 1_2 + 3C + 3B + 3A + 3B_2>
M  Sentinel contraint for 1: A_1_2 <= A_1
M  Sentinel contraint for 3C: A_3C_2 <= A_3C
M  Sentinel contraint for 3B: A_3B_2 <= A_3B
M  Sentinel contraint for 3A: A_3A_2 <= A_3A
M  Objective: <gurobi.LinExpr: C26 + C27 + C28 + C29>
M  Contraint for 3C_2: A_3C_2 * (<gurobi.LinExpr: REG_3C_2_18130917:SNP.TC> - 1) == 0
M  Contraint for 3A_2: A_3A_2 * (<gurobi.LinExpr: REG_3A_2_18130917:SNP.TC + REG_3A_2_18139227:SNP.CT> - 2) == 0
M  Contraint for 3C: A_3C * (<gurobi.LinExpr: REG_3C_18130917:SNP.TC> - 1) == 0
M  Contraint for 3B: A_3B * (<gurobi.LinExpr: REG_3B_18139227:SNP.CT> - 1) == 0
M  Contraint for 3A: A_3A * (<gurobi.LinExpr: REG_3A_18130917:SNP.TC + REG_3A_18139227:SNP.CT> - 2) == 0
M  Contraint for 3B_2: A_3B_2 * (<gurobi.LinExpr: REG_3B_2_18139227:SNP.CT> - 1) == 0
M  Contraint for 18130917:SNP.TC: 1 <= <gurobi.QuadExpr: 0.0 + [ 3C_2 * REG_3C_2_18130917:SNP.TC + 3A_2 * REG_3A_2_18130917:SNP.TC + 3C * REG_3C_18130917:SNP.TC + 3A * REG_3A_18130917:SNP.TC ]>
M  Contraint for 18130917:SNP.TC: 1 <= <gurobi.QuadExpr: 0.0 + [ 3C_2 * REG_3C_2_18130917:SNP.TC + 3A_2 * REG_3A_2_18130917:SNP.TC + 3C * REG_3C_18130917:SNP.TC + 3A * REG_3A_18130917:SNP.TC ]>
M  Contraint for 18139227:SNP.CT: 1 <= <gurobi.QuadExpr: 0.0 + [ 3A_2 * REG_3A_2_18139227:SNP.CT + 3B * REG_3B_18139227:SNP.CT + 3A * REG_3A_18139227:SNP.CT + 3B_2 * REG_3B_2_18139227:SNP.CT ]>
M  Contraint for 18130917:SNP.TC: 1 <= <gurobi.QuadExpr: 0.0 + [ 3C_2 * REG_3C_2_18130917:SNP.TC + 3A_2 * REG_3A_2_18130917:SNP.TC + 3C * REG_3C_18130917:SNP.TC + 3A * REG_3A_18130917:SNP.TC ]>
M  Contraint for 18139227:SNP.CT: 1 <= <gurobi.QuadExpr: 0.0 + [ 3A_2 * REG_3A_2_18139227:SNP.CT + 3B * REG_3B_18139227:SNP.CT + 3A * REG_3A_18139227:SNP.CT + 3B_2 * REG_3B_2_18139227:SNP.CT ]>
M  Contraint for 18130917:SNP.TC: 1 <= <gurobi.QuadExpr: 0.0 + [ 3C_2 * REG_3C_2_18130917:SNP.TC + 3A_2 * REG_3A_2_18130917:SNP.TC + 3C * REG_3C_18130917:SNP.TC + 3A * REG_3A_18130917:SNP.TC ]>
M  Contraint for 18139227:SNP.CT: 1 <= <gurobi.QuadExpr: 0.0 + [ 3A_2 * REG_3A_2_18139227:SNP.CT + 3B * REG_3B_18139227:SNP.CT + 3A * REG_3A_18139227:SNP.CT + 3B_2 * REG_3B_2_18139227:SNP.CT ]>
M  Contraint for 18139227:SNP.CT: 1 <= <gurobi.QuadExpr: 0.0 + [ 3A_2 * REG_3A_2_18139227:SNP.CT + 3B * REG_3B_18139227:SNP.CT + 3A * REG_3A_18139227:SNP.CT + 3B_2 * REG_3B_2_18139227:SNP.CT ]>
CN Solver status: optimal, opt: 83.9999999915
  solution:
    ('3B', '3C')
    ('1', '3A')
[32;01mCopy number best structures:[39;49;00m
[32;01m  (1) 2x*1-like[39;49;00m
== Refiner ==
Refining ('3B', '3C')
M  CN constraint for 3C: 1 == <gurobi.LinExpr: 3C>
M  CN constraint for 3B: 1 == <gurobi.LinExpr: 3B>
M  Contraint for 18130917:SNP.TC 6.9e: 263 == <gurobi.QuadExpr: 0.0 + [ 226.5 REG_3C_18130917:SNP.TC * 3C + 226.5 EXT_3B_18130917:SNP.TC * 3B ]> + err
M  Contraint for 18143768:REF 6.4i: 119 == <gurobi.QuadExpr: 127.5 3C + 127.5 3B + [ -127.5 EXT_3C_18143768:SNP.AG * 3C + -127.5 EXT_3B_18143768:SNP.AG * 3B ]> + err
M  Contraint for 18149104:SNP.AG 6.2i: 0 == <gurobi.QuadExpr: 0.0 + [ 22.5 EXT_3C_18149104:SNP.AG * 3C + 22.5 EXT_3B_18149104:SNP.AG * 3B ]> + err
M  Contraint for 18139213:SNP.GA 6.6e: 374 == <gurobi.QuadExpr: 0.0 + [ 187.5 EXT_3C_18139213:SNP.GA * 3C + 187.5 EXT_3B_18139213:SNP.GA * 3B ]> + err
M  Contraint for 18139213:REF 6.6e: 1 == <gurobi.QuadExpr: 187.5 3C + 187.5 3B + [ -187.5 EXT_3C_18139213:SNP.GA * 3C + -187.5 EXT_3B_18139213:SNP.GA * 3B ]> + err
M  Contraint for 18148246:SNP.TA 6.2i: 19 == <gurobi.QuadExpr: 0.0 + [ 12.0 EXT_3C_18148246:SNP.TA * 3C + 12.0 EXT_3B_18148246:SNP.TA * 3B ]> + err
M  Contraint for 18143768:SNP.AG 6.4i: 136 == <gurobi.QuadExpr: 0.0 + [ 127.5 EXT_3C_18143768:SNP.AG * 3C + 127.5 EXT_3B_18143768:SNP.AG * 3B ]> + err
M  Contraint for 18148246:REF 6.2i: 5 == <gurobi.QuadExpr: 12.0 3C + 12.0 3B + [ -12.0 EXT_3C_18148246:SNP.TA * 3C + -12.0 EXT_3B_18148246:SNP.TA * 3B ]> + err
M  Contraint for 18139227:SNP.CT 6.6e: 203 == <gurobi.QuadExpr: 0.0 + [ 208.5 EXT_3C_18139227:SNP.CT * 3C + 208.5 REG_3B_18139227:SNP.CT * 3B ]> + err
M  Contraint for 18149104:REF 6.2i: 23 == <gurobi.QuadExpr: 22.5 3C + 22.5 3B + [ -22.5 EXT_3C_18149104:SNP.AG * 3C + -22.5 EXT_3B_18149104:SNP.AG * 3B ]> + err
M  Contraint for 18139227:REF 6.6e: 214 == <gurobi.QuadExpr: 208.5 3C + 208.5 3B + [ -208.5 EXT_3C_18139227:SNP.CT * 3C + -208.5 REG_3B_18139227:SNP.CT * 3B ]> + err
M  Contraint for 18130917:REF 6.9e: 190 == <gurobi.QuadExpr: 226.5 3C + 226.5 3B + [ -226.5 REG_3C_18130917:SNP.TC * 3C + -226.5 EXT_3B_18130917:SNP.TC * 3B ]> + err
M  Contraint for MM[missing] 3C 18130917:SNP.TC: <gurobi.Var 3C> >= <gurobi.Var REG_3C_18130917:SNP.TC>
M  Contraint for MM[missing] 3B 18139227:SNP.CT: <gurobi.Var 3B> >= <gurobi.Var REG_3B_18139227:SNP.CT>
M  Contraint for MA[extra] 3C 18139227:SNP.CT: <gurobi.Var 3C> >= <gurobi.Var EXT_3C_18139227:SNP.CT>
M  Contraint for MA[extra] 3C 18148246:SNP.TA: <gurobi.Var 3C> >= <gurobi.Var EXT_3C_18148246:SNP.TA>
M  Contraint for MA[extra] 3C 18143768:SNP.AG: <gurobi.Var 3C> >= <gurobi.Var EXT_3C_18143768:SNP.AG>
M  Contraint for MA[extra] 3C 18149104:SNP.AG: <gurobi.Var 3C> >= <gurobi.Var EXT_3C_18149104:SNP.AG>
M  Contraint for MA[extra] 3C 18139213:SNP.GA: <gurobi.Var 3C> >= <gurobi.Var EXT_3C_18139213:SNP.GA>
M  Contraint for MA[extra] 3B 18143768:SNP.AG: <gurobi.Var 3B> >= <gurobi.Var EXT_3B_18143768:SNP.AG>
M  Contraint for MA[extra] 3B 18148246:SNP.TA: <gurobi.Var 3B> >= <gurobi.Var EXT_3B_18148246:SNP.TA>
M  Contraint for MA[extra] 3B 18149104:SNP.AG: <gurobi.Var 3B> >= <gurobi.Var EXT_3B_18149104:SNP.AG>
M  Contraint for MA[extra] 3B 18130917:SNP.TC: <gurobi.Var 3B> >= <gurobi.Var EXT_3B_18130917:SNP.TC>
M  Contraint for MA[extra] 3B 18139213:SNP.GA: <gurobi.Var 3B> >= <gurobi.Var EXT_3B_18139213:SNP.GA>
M  Objective: <gurobi.LinExpr: C26 + C27 + C28 + C29 + C30 + C31 + C32 + C33 + C34 + C35 + C36 + C37 + EXT_3C_18139227:SNP.CT + EXT_3C_18148246:SNP.TA + EXT_3C_18143768:SNP.AG + EXT_3C_18149104:SNP.AG + EXT_3C_18139213:SNP.GA + EXT_3B_18143768:SNP.AG + EXT_3B_18148246:SNP.TA + EXT_3B_18149104:SNP.AG + EXT_3B_18130917:SNP.TC + EXT_3B_18139213:SNP.GA + W>
M  Contraint for 3C: <gurobi.LinExpr: REG_3C_18130917:SNP.TC> = 1 * A_<gurobi.Var 3C>
M  Contraint for 3B: <gurobi.LinExpr: REG_3B_18139227:SNP.CT> = 1 * A_<gurobi.Var 3B>
M  Contraint for 18130917:SNP.TC: 1 <= <gurobi.QuadExpr: 0.0 + [ REG_3C_18130917:SNP.TC * 3C ]> <= 2
M  Contraint for 18130917:SNP.TC: <gurobi.QuadExpr: 0.0 + [ REG_3C_18130917:SNP.TC * 3C ]> <= 2
M  Contraint for 18149104:SNP.AG: 0 <= <gurobi.QuadExpr: 0.0 + [ EXT_3C_18149104:SNP.AG * 3C + EXT_3B_18149104:SNP.AG * 3B ]> <= 1
M  Contraint for 18139213:SNP.GA: 1 <= <gurobi.QuadExpr: 0.0 + [ EXT_3C_18139213:SNP.GA * 3C + EXT_3B_18139213:SNP.GA * 3B ]> <= 2
M  Contraint for 18148246:SNP.TA: 1 <= <gurobi.QuadExpr: 0.0 + [ EXT_3C_18148246:SNP.TA * 3C + EXT_3B_18148246:SNP.TA * 3B ]> <= 2
M  Contraint for 18143768:SNP.AG: 1 <= <gurobi.QuadExpr: 0.0 + [ EXT_3C_18143768:SNP.AG * 3C + EXT_3B_18143768:SNP.AG * 3B ]> <= 2
M  Contraint for 18139227:SNP.CT: 1 <= <gurobi.QuadExpr: 0.0 + [ REG_3B_18139227:SNP.CT * 3B ]> <= 1
M  Contraint for 18139227:SNP.CT: <gurobi.QuadExpr: 0.0 + [ REG_3B_18139227:SNP.CT * 3B ]> <= 1
CN Solver status: optimal, opt: 140.0
  3C: 1
    6.9e 18130917:SNP.TC  263 ( 58 cp. 1) F
  3B: 1
    6.6e 18139227:SNP.CT  203 ( 49 cp. 1) F
Missing:
  3C: 1
  3B: 1
Extra:
  3C: 1
    6.2i 18148246:SNP.TA   19 ( 79)   rs12529220   141 -101:A>T
    6.6e 18139213:SNP.GA  374 (100)   rs2842934    474C:>T*
  3B: 1
    6.4i 18143768:SNP.AG  136 ( 53)   rs2518463    366+58:T>C
    6.2i 18148246:SNP.TA   19 ( 79)   rs12529220   141 -101:A>T
    6.6e 18139213:SNP.GA  374 (100)   rs2842934    474C:>T*
== Refiner ==
Refining ('1', '3A')
M  CN constraint for 1: 1 == <gurobi.LinExpr: 1 + 1S>
M  CN constraint for 3A: 1 == <gurobi.LinExpr: 3A + 3E>
M  Contraint for 18130917:SNP.TC 6.9e: 263 == <gurobi.QuadExpr: 0.0 + [ 226.5 EXT_1_18130917:SNP.TC * 1 + 226.5 REG_3A_18130917:SNP.TC * 3A + 226.5 EXT_1S_18130917:SNP.TC * 1S + 226.5 REG_3E_18130917:SNP.TC * 3E ]> + err
M  Contraint for 18143768:REF 6.4i: 119 == <gurobi.QuadExpr: 127.5 1 + 127.5 3A + 127.5 1S + 127.5 3E + [ -127.5 EXT_1_18143768:SNP.AG * 1 + -127.5 EXT_3A_18143768:SNP.AG * 3A + -127.5 EXT_1S_18143768:SNP.AG * 1S + -127.5 REG_3E_18143768:SNP.AG * 3E ]> + err
M  Contraint for 18149104:SNP.AG 6.2i: 0 == <gurobi.QuadExpr: 0.0 + [ 22.5 EXT_1_18149104:SNP.AG * 1 + 22.5 EXT_3A_18149104:SNP.AG * 3A + 22.5 EXT_1S_18149104:SNP.AG * 1S + 22.5 REG_3E_18149104:SNP.AG * 3E ]> + err
M  Contraint for 18139213:SNP.GA 6.6e: 374 == <gurobi.QuadExpr: 0.0 + [ 187.5 EXT_1_18139213:SNP.GA * 1 + 187.5 EXT_3A_18139213:SNP.GA * 3A + 187.5 REG_1S_18139213:SNP.GA * 1S + 187.5 REG_3E_18139213:SNP.GA * 3E ]> + err
M  Contraint for 18139213:REF 6.6e: 1 == <gurobi.QuadExpr: 187.5 1 + 187.5 3A + 187.5 1S + 187.5 3E + [ -187.5 EXT_1_18139213:SNP.GA * 1 + -187.5 EXT_3A_18139213:SNP.GA * 3A + -187.5 REG_1S_18139213:SNP.GA * 1S + -187.5 REG_3E_18139213:SNP.GA * 3E ]> + err
M  Contraint for 18148246:SNP.TA 6.2i: 19 == <gurobi.QuadExpr: 0.0 + [ 12.0 EXT_1_18148246:SNP.TA * 1 + 12.0 EXT_3A_18148246:SNP.TA * 3A + 12.0 EXT_1S_18148246:SNP.TA * 1S + 12.0 REG_3E_18148246:SNP.TA * 3E ]> + err
M  Contraint for 18143768:SNP.AG 6.4i: 136 == <gurobi.QuadExpr: 0.0 + [ 127.5 EXT_1_18143768:SNP.AG * 1 + 127.5 EXT_3A_18143768:SNP.AG * 3A + 127.5 EXT_1S_18143768:SNP.AG * 1S + 127.5 REG_3E_18143768:SNP.AG * 3E ]> + err
M  Contraint for 18148246:REF 6.2i: 5 == <gurobi.QuadExpr: 12.0 1 + 12.0 3A + 12.0 1S + 12.0 3E + [ -12.0 EXT_1_18148246:SNP.TA * 1 + -12.0 EXT_3A_18148246:SNP.TA * 3A + -12.0 EXT_1S_18148246:SNP.TA * 1S + -12.0 REG_3E_18148246:SNP.TA * 3E ]> + err
M  Contraint for 18139227:SNP.CT 6.6e: 203 == <gurobi.QuadExpr: 0.0 + [ 208.5 EXT_1_18139227:SNP.CT * 1 + 208.5 REG_3A_18139227:SNP.CT * 3A + 208.5 EXT_1S_18139227:SNP.CT * 1S + 208.5 REG_3E_18139227:SNP.CT * 3E ]> + err
M  Contraint for 18149104:REF 6.2i: 23 == <gurobi.QuadExpr: 22.5 1 + 22.5 3A + 22.5 1S + 22.5 3E + [ -22.5 EXT_1_18149104:SNP.AG * 1 + -22.5 EXT_3A_18149104:SNP.AG * 3A + -22.5 EXT_1S_18149104:SNP.AG * 1S + -22.5 REG_3E_18149104:SNP.AG * 3E ]> + err
M  Contraint for 18139227:REF 6.6e: 214 == <gurobi.QuadExpr: 208.5 1 + 208.5 3A + 208.5 1S + 208.5 3E + [ -208.5 EXT_1_18139227:SNP.CT * 1 + -208.5 REG_3A_18139227:SNP.CT * 3A + -208.5 EXT_1S_18139227:SNP.CT * 1S + -208.5 REG_3E_18139227:SNP.CT * 3E ]> + err
M  Contraint for 18130917:REF 6.9e: 190 == <gurobi.QuadExpr: 226.5 1 + 226.5 3A + 226.5 1S + 226.5 3E + [ -226.5 EXT_1_18130917:SNP.TC * 1 + -226.5 REG_3A_18130917:SNP.TC * 3A + -226.5 EXT_1S_18130917:SNP.TC * 1S + -226.5 REG_3E_18130917:SNP.TC * 3E ]> + err
M  Contraint for MM[missing] 3A 18139227:SNP.CT: <gurobi.Var 3A> >= <gurobi.Var REG_3A_18139227:SNP.CT>
M  Contraint for MM[missing] 3A 18130917:SNP.TC: <gurobi.Var 3A> >= <gurobi.Var REG_3A_18130917:SNP.TC>
M  Contraint for MM[missing] 1S 18139213:SNP.GA: <gurobi.Var 1S> >= <gurobi.Var REG_1S_18139213:SNP.GA>
M  Contraint for MM[missing] 3E 18130917:SNP.TC: <gurobi.Var 3E> >= <gurobi.Var REG_3E_18130917:SNP.TC>
M  Contraint for MM[missing] 3E 18149104:SNP.AG: <gurobi.Var 3E> >= <gurobi.Var REG_3E_18149104:SNP.AG>
M  Contraint for MM[missing] 3E 18139213:SNP.GA: <gurobi.Var 3E> >= <gurobi.Var REG_3E_18139213:SNP.GA>
M  Contraint for MM[missing] 3E 18148246:SNP.TA: <gurobi.Var 3E> >= <gurobi.Var REG_3E_18148246:SNP.TA>
M  Contraint for MM[missing] 3E 18143768:SNP.AG: <gurobi.Var 3E> >= <gurobi.Var REG_3E_18143768:SNP.AG>
M  Contraint for MM[missing] 3E 18139227:SNP.CT: <gurobi.Var 3E> >= <gurobi.Var REG_3E_18139227:SNP.CT>
M  Contraint for MA[extra] 1 18130917:SNP.TC: <gurobi.Var 1> >= <gurobi.Var EXT_1_18130917:SNP.TC>
M  Contraint for MA[extra] 1 18149104:SNP.AG: <gurobi.Var 1> >= <gurobi.Var EXT_1_18149104:SNP.AG>
M  Contraint for MA[extra] 1 18139213:SNP.GA: <gurobi.Var 1> >= <gurobi.Var EXT_1_18139213:SNP.GA>
M  Contraint for MA[extra] 1 18148246:SNP.TA: <gurobi.Var 1> >= <gurobi.Var EXT_1_18148246:SNP.TA>
M  Contraint for MA[extra] 1 18143768:SNP.AG: <gurobi.Var 1> >= <gurobi.Var EXT_1_18143768:SNP.AG>
M  Contraint for MA[extra] 1 18139227:SNP.CT: <gurobi.Var 1> >= <gurobi.Var EXT_1_18139227:SNP.CT>
M  Contraint for MA[extra] 3A 18148246:SNP.TA: <gurobi.Var 3A> >= <gurobi.Var EXT_3A_18148246:SNP.TA>
M  Contraint for MA[extra] 3A 18143768:SNP.AG: <gurobi.Var 3A> >= <gurobi.Var EXT_3A_18143768:SNP.AG>
M  Contraint for MA[extra] 3A 18149104:SNP.AG: <gurobi.Var 3A> >= <gurobi.Var EXT_3A_18149104:SNP.AG>
M  Contraint for MA[extra] 3A 18139213:SNP.GA: <gurobi.Var 3A> >= <gurobi.Var EXT_3A_18139213:SNP.GA>
M  Contraint for MA[extra] 1S 18143768:SNP.AG: <gurobi.Var 1S> >= <gurobi.Var EXT_1S_18143768:SNP.AG>
M  Contraint for MA[extra] 1S 18139227:SNP.CT: <gurobi.Var 1S> >= <gurobi.Var EXT_1S_18139227:SNP.CT>
M  Contraint for MA[extra] 1S 18148246:SNP.TA: <gurobi.Var 1S> >= <gurobi.Var EXT_1S_18148246:SNP.TA>
M  Contraint for MA[extra] 1S 18149104:SNP.AG: <gurobi.Var 1S> >= <gurobi.Var EXT_1S_18149104:SNP.AG>
M  Contraint for MA[extra] 1S 18130917:SNP.TC: <gurobi.Var 1S> >= <gurobi.Var EXT_1S_18130917:SNP.TC>
M  Objective: <gurobi.LinExpr: C40 + C41 + C42 + C43 + C44 + C45 + C46 + C47 + C48 + C49 + C50 + C51 + EXT_1_18130917:SNP.TC + EXT_1_18149104:SNP.AG + EXT_1_18139213:SNP.GA + EXT_1_18148246:SNP.TA + EXT_1_18143768:SNP.AG + EXT_1_18139227:SNP.CT + EXT_3A_18148246:SNP.TA + EXT_3A_18143768:SNP.AG + EXT_3A_18149104:SNP.AG + EXT_3A_18139213:SNP.GA + EXT_1S_18143768:SNP.AG + EXT_1S_18139227:SNP.CT + EXT_1S_18148246:SNP.TA + EXT_1S_18149104:SNP.AG + EXT_1S_18130917:SNP.TC + W>
M  Contraint for 3A: <gurobi.LinExpr: REG_3A_18130917:SNP.TC + REG_3A_18139227:SNP.CT> = 2 * A_<gurobi.Var 3A>
M  Contraint for 3E: <gurobi.LinExpr: REG_3E_18130917:SNP.TC + REG_3E_18139227:SNP.CT> = 2 * A_<gurobi.Var 3E>
M  Contraint for 18149104:SNP.AG: 0 >= <gurobi.LinExpr: REG_3E_18149104:SNP.AG>
M  Contraint for 18130917:SNP.TC: 1 <= <gurobi.QuadExpr: 0.0 + [ REG_3A_18130917:SNP.TC * 3A + REG_3E_18130917:SNP.TC * 3E ]> <= 2
M  Contraint for 18130917:SNP.TC: <gurobi.QuadExpr: 0.0 + [ REG_3A_18130917:SNP.TC * 3A + REG_3E_18130917:SNP.TC * 3E ]> <= 2
M  Contraint for 18149104:SNP.AG: 0 <= <gurobi.QuadExpr: 0.0 + [ REG_3E_18149104:SNP.AG * 3E + EXT_1_18149104:SNP.AG * 1 + EXT_3A_18149104:SNP.AG * 3A + EXT_1S_18149104:SNP.AG * 1S ]> <= 1
M  Contraint for 18139213:SNP.GA: 1 <= <gurobi.QuadExpr: 0.0 + [ REG_1S_18139213:SNP.GA * 1S + REG_3E_18139213:SNP.GA * 3E + EXT_1_18139213:SNP.GA * 1 + EXT_3A_18139213:SNP.GA * 3A ]> <= 2
M  Contraint for 18148246:SNP.TA: 1 <= <gurobi.QuadExpr: 0.0 + [ REG_3E_18148246:SNP.TA * 3E + EXT_1_18148246:SNP.TA * 1 + EXT_3A_18148246:SNP.TA * 3A + EXT_1S_18148246:SNP.TA * 1S ]> <= 2
M  Contraint for 18143768:SNP.AG: 1 <= <gurobi.QuadExpr: 0.0 + [ REG_3E_18143768:SNP.AG * 3E + EXT_1_18143768:SNP.AG * 1 + EXT_3A_18143768:SNP.AG * 3A + EXT_1S_18143768:SNP.AG * 1S ]> <= 2
M  Contraint for 18139227:SNP.CT: 1 <= <gurobi.QuadExpr: 0.0 + [ REG_3A_18139227:SNP.CT * 3A + REG_3E_18139227:SNP.CT * 3E ]> <= 1
M  Contraint for 18139227:SNP.CT: <gurobi.QuadExpr: 0.0 + [ REG_3A_18139227:SNP.CT * 3A + REG_3E_18139227:SNP.CT * 3E ]> <= 1
CN Solver status: optimal, opt: 138.0
  1S: 1
    6.6e 18139213:SNP.GA  374 (100 cp. 2) 
  3E: 1
    6.9e 18130917:SNP.TC  263 ( 58 cp. 1) F
    6.6e 18139213:SNP.GA  374 (100 cp. 2) 
    6.2i 18148246:SNP.TA   19 ( 79 cp. 2) 
    6.4i 18143768:SNP.AG  136 ( 53 cp. 1) 
    6.6e 18139227:SNP.CT  203 ( 49 cp. 1) F
Missing:
  1S: 1
  3E: 1
    6.2i 18149104:SNP.AG    0 (  0)   rs3931660    140 +114:T>A
Extra:
  1S: 1
    6.2i 18148246:SNP.TA   19 ( 79)   rs12529220   141 -101:A>T
  3E: 1
Time needed: (6.8)
Result is: [('1S', '3E')]
