SAM file: bams/PGXT114.bam
File bams/PGXT114.bam has index
Coverage is 61.0005492181
== Allele Filter ==
 6.0i   15988657: SNP.TC                    2 (100%) ~     0 (  0)
 6.12e  15989695: SNP.GC                   11 (  6%) ~     2 ( 18)
 6.12e  15989729: SNP.TC                   16 (  9%) ~     1 (  6)
 6.11i  15989776: SNP.AC                    8 (  8%) ~     0 (  0)
 6.11i  15989810: SNP.TG                    7 ( 12%) ~     0 (  0)
 6.11i  15989870: SNP.TA                    8 ( 38%) ~     0 (  0)
 6.11i  15990047: SNP.GA                   57 ( 41%) ~     0 (  0)
 6.10e  15990430: SNP.CT     18000:G>A    277 ( 48%) ~     0 (  0)
 6.8i   15994687: SNP.GT                    2 (100%) ~     0 (  0)
 6.8i   15996291: SNP.AG                    3 (100%) ~     0 (  0)
 6.8i   15996348: SNP.TA                    2 ( 33%) ~     0 (  0)
 6.8i   15996482: INS.g                    13 ( 72%) ~     0 (  0)
 6.7i   15996906: SNP.CT                  209 ( 47%) ~     0 (  0)
 6.7i   15997017: SNP.GA                    3 (  6%) ~     0 (  0)
 6.6i   16000165: SNP.TC                   91 ( 64%) ~     0 (  0)
 6.5i   16000622: SNP.AC                    2 ( 18%) ~     0 (  0)
 6.5i   16000915: SNP.CT                    2 ( 10%) ~     0 (  0)
 6.4i   16001739: SNP.AG                    3 (100%) ~     0 (  0)
 6.2i   16003649: SNP.AC                    2 (  5%) ~     0 (  0)
 6.2i   16003650: SNP.TC                   19 ( 50%) ~     0 (  0)
 6.2i   16003651: SNP.GC                    2 (  5%) ~     0 (  0)
 6.2i   16003749: SNP.AC                    2 ( 14%) ~     0 (  0)
 6.2i   16004370: SNP.AT                   12 ( 46%) ~     0 (  0)
 6.2i   16004395: SNP.CG                   20 ( 59%) ~     0 (  0)
 6.2i   16004537: SNP.AG                   94 ( 56%) ~     0 (  0)
 6.2i   16004799: SNP.CA                   67 ( 41%) ~     0 (  0)
 6.2i   16005002: SNP.CT                    2 ( 22%) ~     0 (  0)
 6.2i   16005015: SNP.GA                    3 ( 50%) ~     0 (  0)
 6.2i   16005018: SNP.TC                    3 ( 43%) ~     0 (  0)
 6.2i   16005103: SNP.CT                    2 ( 50%) ~     0 (  0)
 6.2i   16006073: SNP.TA                   16 ( 44%) ~     0 (  0)
 6.2i   16006100: SNP.TC                   21 ( 41%) ~     0 (  0)
 6.2i   16006177: SNP.AG                   95 ( 48%) ~     0 (  0)
 6.2e   16006412: SNP.GA                  259 ( 50%) ~     0 (  0)
 6.1i   16006610: SNP.TC                   17 ( 63%) ~     0 (  0)
 6.1i   16006677: DEL.TCTG                  4 ( 25%) ~     0 (  0)
 6.1i   16008041: SNP.TG                    3 (  6%) ~     0 (  0)
 6.1i   16008098: SNP.TC                   68 ( 41%) ~     0 (  0)
 6.1e   16008256: SNP.TC                  641 ( 51%) ~     0 (  0)
 6.1e   16008387: SNP.AC     34:T>G       652 ( 47%) ~     0 (  0)
Initial status
  CYP2D6.1
  CYP2D6.2
    6.1e           16008387:SNP.AC  652 ( 47) F 34:T>G
  CYP2D6.3
    6.10e          15990430:SNP.CT  277 ( 48) F 18000:G>A
  CYP2D6.4
    6.10e          15990430:SNP.CT  277 ( 48) F 18000:G>A
    6.1e           16008387:SNP.AC  652 ( 47) F 34:T>G
== Copy Number Estimator ==
CNV factor: 2.44273645368 (0.409376950384)
Coverage per region
  region:  2D6  2D7
  0i   :  2.06
  1e   :  1.80
  1i   :  1.85
  2e   :  1.98
  2i   :  1.74
  3e   :  1.71
  3i   :  1.61
  4e   :  2.03
  4i   :  1.67
  5e   :  1.68
  5i   :  2.04
  6e   :  1.95
  6i   :  2.08
  7e   :  2.64
  7i   :  2.12
  8e   :  2.05
  8i   :  1.92
  9e   :  2.10
  9i   :  1.78
  10e  :  1.85
  10i  :  1.98
  11e  :  1.91
  11i  :  2.12
  12e  :  1.71
Max. CN = 3
M  Sentinel contraint for 1: A_1^ <= A_1
M  Contraint for 7e: 2.64214351112 == E_7e + <gurobi.LinExpr: A1 + A1^>
M  Contraint for 6e: 1.9539830973 == E_6e + <gurobi.LinExpr: A1 + A1^>
M  Contraint for 9e: 2.09661446686 == E_9e + <gurobi.LinExpr: A1 + A1^>
M  Contraint for 8e: 2.05351956526 == E_8e + <gurobi.LinExpr: A1 + A1^>
M  Contraint for 2e: 1.97599730488 == E_2e + <gurobi.LinExpr: A1 + A1^>
M  Contraint for 1e: 1.80040802494 == E_1e + <gurobi.LinExpr: A1 + A1^>
M  Contraint for 5e: 1.68309826048 == E_5e + <gurobi.LinExpr: A1 + A1^>
M  Contraint for 4e: 2.02861398075 == E_4e + <gurobi.LinExpr: A1 + A1^>
M  Contraint for 3e: 1.71447248103 == E_3e + <gurobi.LinExpr: A1 + A1^>
M  Objective: <gurobi.LinExpr: C11 + C12 + C13 + C14 + C15 + C16 + C17 + C18 + C19 + 0.5 A1 + 0.5 A1^>
CN Solver status: optimal, opt: 2.69293235537
  Solutions:
    ('1', '1^')
== Initial Solver ==
Solving Counter({'1': 2})
Possible candidates:
  CYP2D6.1
  CYP2D6.2
    6.1e 16008387:SNP.AC  652 ( 47) F 34:T>G
  CYP2D6.3
    6.10e 15990430:SNP.CT  277 ( 48) F 18000:G>A
  CYP2D6.4
    6.1e 16008387:SNP.AC  652 ( 47) F 34:T>G
    6.10e 15990430:SNP.CT  277 ( 48) F 18000:G>A
M  Max. CN for 1 = 2
M  Max. CN for 3 = 2
M  Max. CN for 2 = 2
M  Max. CN for 4 = 2
M  Contraint for 15990430:REF 6.10e: 295 == <gurobi.QuadExpr: 286.0 3_2 + 286.0 2_2 + 286.0 1 + 286.0 3 + 286.0 2 + 286.0 4 + 286.0 4_2 + 286.0 1_2 + [ -286.0 REG_3_2_15990430:SNP.CT * 3_2 + -286.0 REG_3_15990430:SNP.CT * 3 + -286.0 REG_4_15990430:SNP.CT * 4 + -286.0 REG_4_2_15990430:SNP.CT * 4_2 ]> + err
M  Contraint for 15990430:SNP.CT 6.10e: 277 == <gurobi.QuadExpr: 0.0 + [ 286.0 REG_3_2_15990430:SNP.CT * 3_2 + 286.0 REG_3_15990430:SNP.CT * 3 + 286.0 REG_4_15990430:SNP.CT * 4 + 286.0 REG_4_2_15990430:SNP.CT * 4_2 ]> + err
M  Contraint for 16008387:REF 6.1e: 743 == <gurobi.QuadExpr: 697.5 3_2 + 697.5 2_2 + 697.5 1 + 697.5 3 + 697.5 2 + 697.5 4 + 697.5 4_2 + 697.5 1_2 + [ -697.5 REG_2_2_16008387:SNP.AC * 2_2 + -697.5 REG_2_16008387:SNP.AC * 2 + -697.5 REG_4_16008387:SNP.AC * 4 + -697.5 REG_4_2_16008387:SNP.AC * 4_2 ]> + err
M  Contraint for 16008387:SNP.AC 6.1e: 652 == <gurobi.QuadExpr: 0.0 + [ 697.5 REG_2_2_16008387:SNP.AC * 2_2 + 697.5 REG_2_16008387:SNP.AC * 2 + 697.5 REG_4_16008387:SNP.AC * 4 + 697.5 REG_4_2_16008387:SNP.AC * 4_2 ]> + err
M  Contraint for 3_2 15990430:SNP.CT: <gurobi.Var 3_2> >= <gurobi.Var REG_3_2_15990430:SNP.CT>
M  Contraint for 2_2 16008387:SNP.AC: <gurobi.Var 2_2> >= <gurobi.Var REG_2_2_16008387:SNP.AC>
M  Contraint for 3 15990430:SNP.CT: <gurobi.Var 3> >= <gurobi.Var REG_3_15990430:SNP.CT>
M  Contraint for 2 16008387:SNP.AC: <gurobi.Var 2> >= <gurobi.Var REG_2_16008387:SNP.AC>
M  Contraint for 4 15990430:SNP.CT: <gurobi.Var 4> >= <gurobi.Var REG_4_15990430:SNP.CT>
M  Contraint for 4 16008387:SNP.AC: <gurobi.Var 4> >= <gurobi.Var REG_4_16008387:SNP.AC>
M  Contraint for 4_2 15990430:SNP.CT: <gurobi.Var 4_2> >= <gurobi.Var REG_4_2_15990430:SNP.CT>
M  Contraint for 4_2 16008387:SNP.AC: <gurobi.Var 4_2> >= <gurobi.Var REG_4_2_16008387:SNP.AC>
M  CN contraint for 1: 2 == <gurobi.LinExpr: 3_2 + 2_2 + 1 + 3 + 2 + 4 + 4_2 + 1_2>
M  Sentinel contraint for 1: A_1_2 <= A_1
M  Sentinel contraint for 3: A_3_2 <= A_3
M  Sentinel contraint for 2: A_2_2 <= A_2
M  Sentinel contraint for 4: A_4_2 <= A_4
M  Objective: <gurobi.LinExpr: C26 + C27 + C28 + C29>
M  Contraint for 3_2: A_3_2 * (<gurobi.LinExpr: REG_3_2_15990430:SNP.CT> - 1) == 0
M  Contraint for 2_2: A_2_2 * (<gurobi.LinExpr: REG_2_2_16008387:SNP.AC> - 1) == 0
M  Contraint for 3: A_3 * (<gurobi.LinExpr: REG_3_15990430:SNP.CT> - 1) == 0
M  Contraint for 2: A_2 * (<gurobi.LinExpr: REG_2_16008387:SNP.AC> - 1) == 0
M  Contraint for 4: A_4 * (<gurobi.LinExpr: REG_4_15990430:SNP.CT + REG_4_16008387:SNP.AC> - 2) == 0
M  Contraint for 4_2: A_4_2 * (<gurobi.LinExpr: REG_4_2_15990430:SNP.CT + REG_4_2_16008387:SNP.AC> - 2) == 0
M  Contraint for 15990430:SNP.CT: 1 <= <gurobi.QuadExpr: 0.0 + [ 3_2 * REG_3_2_15990430:SNP.CT + 3 * REG_3_15990430:SNP.CT + 4 * REG_4_15990430:SNP.CT + 4_2 * REG_4_2_15990430:SNP.CT ]>
M  Contraint for 16008387:SNP.AC: 1 <= <gurobi.QuadExpr: 0.0 + [ 2_2 * REG_2_2_16008387:SNP.AC + 2 * REG_2_16008387:SNP.AC + 4 * REG_4_16008387:SNP.AC + 4_2 * REG_4_2_16008387:SNP.AC ]>
M  Contraint for 15990430:SNP.CT: 1 <= <gurobi.QuadExpr: 0.0 + [ 3_2 * REG_3_2_15990430:SNP.CT + 3 * REG_3_15990430:SNP.CT + 4 * REG_4_15990430:SNP.CT + 4_2 * REG_4_2_15990430:SNP.CT ]>
M  Contraint for 16008387:SNP.AC: 1 <= <gurobi.QuadExpr: 0.0 + [ 2_2 * REG_2_2_16008387:SNP.AC + 2 * REG_2_16008387:SNP.AC + 4 * REG_4_16008387:SNP.AC + 4_2 * REG_4_2_16008387:SNP.AC ]>
M  Contraint for 15990430:SNP.CT: 1 <= <gurobi.QuadExpr: 0.0 + [ 3_2 * REG_3_2_15990430:SNP.CT + 3 * REG_3_15990430:SNP.CT + 4 * REG_4_15990430:SNP.CT + 4_2 * REG_4_2_15990430:SNP.CT ]>
M  Contraint for 16008387:SNP.AC: 1 <= <gurobi.QuadExpr: 0.0 + [ 2_2 * REG_2_2_16008387:SNP.AC + 2 * REG_2_16008387:SNP.AC + 4 * REG_4_16008387:SNP.AC + 4_2 * REG_4_2_16008387:SNP.AC ]>
M  Contraint for 15990430:SNP.CT: 1 <= <gurobi.QuadExpr: 0.0 + [ 3_2 * REG_3_2_15990430:SNP.CT + 3 * REG_3_15990430:SNP.CT + 4 * REG_4_15990430:SNP.CT + 4_2 * REG_4_2_15990430:SNP.CT ]>
M  Contraint for 16008387:SNP.AC: 1 <= <gurobi.QuadExpr: 0.0 + [ 2_2 * REG_2_2_16008387:SNP.AC + 2 * REG_2_16008387:SNP.AC + 4 * REG_4_16008387:SNP.AC + 4_2 * REG_4_2_16008387:SNP.AC ]>
CN Solver status: optimal, opt: 109.0
  solution:
    ('2', '3')
    ('1', '4')
[32;01mCopy number best structures:[39;49;00m
[32;01m  (1) 2x*1-like[39;49;00m
== Refiner ==
Refining ('2', '3')
M  CN constraint for 3: 1 == <gurobi.LinExpr: 3>
M  CN constraint for 2: 1 == <gurobi.LinExpr: 2>
M  Contraint for 15990430:REF 6.10e: 295 == <gurobi.QuadExpr: 286.0 3 + 286.0 2 + [ -286.0 REG_3_15990430:SNP.CT * 3 + -286.0 EXT_2_15990430:SNP.CT * 2 ]> + err
M  Contraint for 15990430:SNP.CT 6.10e: 277 == <gurobi.QuadExpr: 0.0 + [ 286.0 REG_3_15990430:SNP.CT * 3 + 286.0 EXT_2_15990430:SNP.CT * 2 ]> + err
M  Contraint for 16008387:REF 6.1e: 743 == <gurobi.QuadExpr: 697.5 3 + 697.5 2 + [ -697.5 EXT_3_16008387:SNP.AC * 3 + -697.5 REG_2_16008387:SNP.AC * 2 ]> + err
M  Contraint for 16008387:SNP.AC 6.1e: 652 == <gurobi.QuadExpr: 0.0 + [ 697.5 EXT_3_16008387:SNP.AC * 3 + 697.5 REG_2_16008387:SNP.AC * 2 ]> + err
M  Contraint for MM[missing] 3 15990430:SNP.CT: <gurobi.Var 3> >= <gurobi.Var REG_3_15990430:SNP.CT>
M  Contraint for MM[missing] 2 16008387:SNP.AC: <gurobi.Var 2> >= <gurobi.Var REG_2_16008387:SNP.AC>
M  Contraint for MA[extra] 3 16008387:SNP.AC: <gurobi.Var 3> >= <gurobi.Var EXT_3_16008387:SNP.AC>
M  Contraint for MA[extra] 2 15990430:SNP.CT: <gurobi.Var 2> >= <gurobi.Var EXT_2_15990430:SNP.CT>
M  Objective: <gurobi.LinExpr: C10 + C11 + C12 + C13 + EXT_3_16008387:SNP.AC + EXT_2_15990430:SNP.CT + W>
M  Contraint for 3: <gurobi.LinExpr: REG_3_15990430:SNP.CT> = 1 * A_<gurobi.Var 3>
M  Contraint for 2: <gurobi.LinExpr: REG_2_16008387:SNP.AC> = 1 * A_<gurobi.Var 2>
M  Contraint for 15990430:SNP.CT: 1 <= <gurobi.QuadExpr: 0.0 + [ REG_3_15990430:SNP.CT * 3 ]> <= 1
M  Contraint for 15990430:SNP.CT: <gurobi.QuadExpr: 0.0 + [ REG_3_15990430:SNP.CT * 3 ]> <= 1
M  Contraint for 16008387:SNP.AC: 1 <= <gurobi.QuadExpr: 0.0 + [ REG_2_16008387:SNP.AC * 2 ]> <= 1
M  Contraint for 16008387:SNP.AC: <gurobi.QuadExpr: 0.0 + [ REG_2_16008387:SNP.AC * 2 ]> <= 1
CN Solver status: optimal, opt: 109.0
  3: 1
    6.10e 15990430:SNP.CT  277 ( 48 cp. 1) F
  2: 1
    6.1e 16008387:SNP.AC  652 ( 47 cp. 1) F
Missing:
  3: 1
  2: 1
Extra:
  3: 1
  2: 1
== Refiner ==
Refining ('1', '4')
M  CN constraint for 1: 1 == <gurobi.LinExpr: 1>
M  CN constraint for 4: 1 == <gurobi.LinExpr: 4>
M  Contraint for 15990430:REF 6.10e: 295 == <gurobi.QuadExpr: 286.0 1 + 286.0 4 + [ -286.0 EXT_1_15990430:SNP.CT * 1 + -286.0 REG_4_15990430:SNP.CT * 4 ]> + err
M  Contraint for 15990430:SNP.CT 6.10e: 277 == <gurobi.QuadExpr: 0.0 + [ 286.0 EXT_1_15990430:SNP.CT * 1 + 286.0 REG_4_15990430:SNP.CT * 4 ]> + err
M  Contraint for 16008387:REF 6.1e: 743 == <gurobi.QuadExpr: 697.5 1 + 697.5 4 + [ -697.5 EXT_1_16008387:SNP.AC * 1 + -697.5 REG_4_16008387:SNP.AC * 4 ]> + err
M  Contraint for 16008387:SNP.AC 6.1e: 652 == <gurobi.QuadExpr: 0.0 + [ 697.5 EXT_1_16008387:SNP.AC * 1 + 697.5 REG_4_16008387:SNP.AC * 4 ]> + err
M  Contraint for MM[missing] 4 15990430:SNP.CT: <gurobi.Var 4> >= <gurobi.Var REG_4_15990430:SNP.CT>
M  Contraint for MM[missing] 4 16008387:SNP.AC: <gurobi.Var 4> >= <gurobi.Var REG_4_16008387:SNP.AC>
M  Contraint for MA[extra] 1 15990430:SNP.CT: <gurobi.Var 1> >= <gurobi.Var EXT_1_15990430:SNP.CT>
M  Contraint for MA[extra] 1 16008387:SNP.AC: <gurobi.Var 1> >= <gurobi.Var EXT_1_16008387:SNP.AC>
M  Objective: <gurobi.LinExpr: C10 + C11 + C12 + C13 + EXT_1_15990430:SNP.CT + EXT_1_16008387:SNP.AC + W>
M  Contraint for 4: <gurobi.LinExpr: REG_4_16008387:SNP.AC + REG_4_15990430:SNP.CT> = 2 * A_<gurobi.Var 4>
M  Contraint for 15990430:SNP.CT: 1 <= <gurobi.QuadExpr: 0.0 + [ REG_4_15990430:SNP.CT * 4 ]> <= 1
M  Contraint for 15990430:SNP.CT: <gurobi.QuadExpr: 0.0 + [ REG_4_15990430:SNP.CT * 4 ]> <= 1
M  Contraint for 16008387:SNP.AC: 1 <= <gurobi.QuadExpr: 0.0 + [ REG_4_16008387:SNP.AC * 4 ]> <= 1
M  Contraint for 16008387:SNP.AC: <gurobi.QuadExpr: 0.0 + [ REG_4_16008387:SNP.AC * 4 ]> <= 1
CN Solver status: optimal, opt: 109.0
  1: 1
  4: 1
    6.10e 15990430:SNP.CT  277 ( 48 cp. 1) F
    6.1e 16008387:SNP.AC  652 ( 47 cp. 1) F
Missing:
  1: 1
  4: 1
Extra:
  1: 1
  4: 1
Time needed: (21.2)
Result is: [('2', '3'), ('1', '4')]
