SAM file: bams/PGXT122.bam
File bams/PGXT122.bam has index
Coverage is 32.3876915236
== Allele Filter ==
 6.24e  97543763: SNP.CT                  133 ( 50%) ~     0 (  0)
 6.24e  97543945: SNP.GA                   84 ( 47%) ~     0 (  0)
 6.24e  97544257: SNP.AG                  131 ( 56%) ~     0 (  0)
 6.23i  97544759: SNP.CG                   72 ( 52%) ~     0 (  0)
 6.23i  97544770: SNP.TC                   58 ( 52%) ~     0 (  0)
 6.23i  97547733: SNP.AT                    2 (  7%) ~     0 (  0)
 6.23i  97547830: SNP.GA                  188 (100%) ~     0 (  0)
 6.22i  97548596: SNP.GA                    2 (100%) ~     0 (  0)
 6.21i  97596789: SNP.CG                    2 (100%) ~     0 (  0)
 6.21i  97605765: SNP.CG                    2 ( 33%) ~     0 (  0)
 6.21i  97605865: SNP.TA                    2 (100%) ~     0 (  0)
 6.21i  97648546: SNP.TC                    2 (100%) ~     0 (  0)
 6.21i  97658394: SNP.CT                    4 (100%) ~     0 (  0)
 6.20i  97658925: SNP.GT                    2 (  5%) ~     0 (  0)
 6.20i  97672673: SNP.TA                    2 (100%) ~     0 (  0)
 6.17i  97771946: SNP.CA                   86 (100%) ~     0 (  0)
 6.17i  97772212: SNP.AG                    2 (100%) ~     0 (  0)
 6.17i  97839015: SNP.AG                   66 ( 97%) ~     0 (  0)
 6.16i  97839412: SNP.CG                    5 (100%) ~     0 (  0)
 6.16i  97847873: SNP.TC                    6 (100%) ~     0 (  0)
 6.15i  97869852: SNP.TC                    2 (100%) ~     0 (  0)
 6.15i  97874223: SNP.TA                    2 (100%) ~     0 (  0)
 6.15i  97874224: SNP.CT                    2 (100%) ~     0 (  0)
 6.15i  97878994: SNP.CT                    2 (100%) ~     0 (  0)
 6.15i  97902789: SNP.AT                    2 (100%) ~     0 (  0)
 6.13i  97994409: SNP.GT                    2 (100%) ~     0 (  0)
 6.13i  97997565: SNP.TG                    2 ( 50%) ~     0 (  0)
 6.9i   98064611: SNP.GA                    2 (100%) ~     0 (  0)
 6.9i   98083306: SNP.AT                    2 (100%) ~     0 (  0)
 6.9i   98083436: SNP.GA                    2 (100%) ~     0 (  0)
 6.9i   98143085: SNP.GT                    2 (100%) ~     0 (  0)
 6.8e   98157331: SNP.CG                  263 (100%) ~     0 (  0)
 6.6i   98176197: SNP.AG                    2 (100%) ~     0 (  0)
 6.6e   98185526: SNP.AG                  234 (100%) ~     0 (  0)
 6.6e   98185705: DEL.TC                   57 ( 44%) ~     0 (  0)
 6.6e   98186076: SNP.TC                  196 (100%) ~     0 (  0)
 6.5i   98186563: SNP.CA                    2 (  9%) ~     0 (  0)
 6.4i   98193641: SNP.AG                    2 (100%) ~     0 (  0)
 6.4i   98193693: SNP.TA                    2 (100%) ~     0 (  0)
 6.3i   98238959: INS.g                     2 (100%) ~     0 (  0)
 6.3i   98259008: SNP.AC                    2 (100%) ~     0 (  0)
 6.3i   98260785: SNP.CT                    2 (100%) ~     0 (  0)
 6.2i   98297730: SNP.CG                    3 (100%) ~     0 (  0)
 6.2i   98300077: SNP.CA                    2 (100%) ~     0 (  0)
 6.2i   98320407: SNP.CT                   31 (100%) ~     0 (  0)
 6.2i   98320491: SNP.CA                   65 ( 42%) ~     0 (  0)
 6.2i   98320991: SNP.TC                    2 (  5%) ~     0 (  0)
 6.2i   98332616: SNP.TG                    2 (100%) ~     0 (  0)
 6.2e   98348884: SNP.AG     85:A>G       193 ( 54%) ~     0 (  0)
 6.1i   98386401: SNP.AC                   17 ( 10%) ~     0 (  0)
Removing 10    6.24e 97544626:SNP.CA
Removing 11    6.11e 98058898:SNP.CA
Removing 12    6.2e 98348907:SNP.CT,  6.12e 98039498:SNP.CA
Removing 13    6.14e 97981342:SNP.AC
Removing 2B    6.15i 97915613:SNP.CT,  6.14e 97981394:SNP.TC
Removing 2A    6.15i 97915613:SNP.CT
Removing 3     6.15e 97915621:DEL.G
Removing 4     6.14e 97981420:SNP.CT
Removing 5     6.14e 97981394:SNP.TC
Removing 6     6.19e 97770919:SNP.CT
Removing 7     6.4e 98205970:DEL.ATGA
Removing 8     6.8e 98157331:SNP.CT
Initial status
  CYP2D6.1
  CYP2D6.9B
    6.22e          97564153:SNP.CT    0 (  0)   2657:C>T
    6.2e           98348884:SNP.AG  193 ( 54) F 85:A>G
  CYP2D6.9
    6.2e           98348884:SNP.AG  193 ( 54) F 85:A>G
== Copy Number Estimator ==
CNV factor: 3.45260022784 (0.289636776345)
Coverage per region
  region:  2D6  2D7
  1e   :  1.26
  1i   :  1.37
  2e   :  2.21
  2i   :  2.14
  3e   :  1.86
  3i   :  2.20
  4e   :  2.56
  4i   :  2.58
  5e   :  1.88
  5i   :  2.63
  6e   :  2.26
  6i   :  2.51
  7e   :  2.60
  7i   :  2.43
  8e   :  2.48
  8i   :  2.35
  9e   :  2.70
  9i   :  3.12
  10e  :  2.24
  10i  :  2.52
  11e  :  1.67
  11i  :  2.58
  12e  :  2.10
  12i  :  2.34
  13e  :  1.86
  13i  :  2.35
  14e  :  2.23
  14i  :  3.14
  15e  :  2.17
  15i  :  2.43
  16e  :  2.18
  16i  :  3.11
  17e  :  2.17
  17i  :  2.54
  18e  :  2.05
  18i  :  2.33
  19e  :  1.71
  19i  :  2.41
  20e  :  1.95
  20i  :  2.45
  21e  :  1.94
  21i  :  2.74
  22e  :  2.61
  22i  :  2.87
  23e  :  1.84
  23i  :  2.57
  24e  :  2.25
Max. CN = 3
M  Sentinel contraint for 1: A_1^ <= A_1
M  Contraint for 24e: 2.24754672162 == E_24e + <gurobi.LinExpr: A1 + A1^>
M  Contraint for 7e: 2.59586950107 == E_7e + <gurobi.LinExpr: A1 + A1^>
M  Contraint for 12e: 2.09827033957 == E_12e + <gurobi.LinExpr: A1 + A1^>
M  Contraint for 16e: 2.17568859275 == E_16e + <gurobi.LinExpr: A1 + A1^>
M  Contraint for 22e: 2.60948851858 == E_22e + <gurobi.LinExpr: A1 + A1^>
M  Contraint for 9e: 2.70005242135 == E_9e + <gurobi.LinExpr: A1 + A1^>
M  Contraint for 10e: 2.24311459304 == E_10e + <gurobi.LinExpr: A1 + A1^>
M  Contraint for 14e: 2.22690826239 == E_14e + <gurobi.LinExpr: A1 + A1^>
M  Contraint for 20e: 1.94806053136 == E_20e + <gurobi.LinExpr: A1 + A1^>
M  Contraint for 1e: 1.2621161848 == E_1e + <gurobi.LinExpr: A1 + A1^>
M  Contraint for 5e: 1.87953988253 == E_5e + <gurobi.LinExpr: A1 + A1^>
M  Contraint for 3e: 1.86049449624 == E_3e + <gurobi.LinExpr: A1 + A1^>
M  Contraint for 11e: 1.67198801978 == E_11e + <gurobi.LinExpr: A1 + A1^>
M  Contraint for 6e: 2.26374495681 == E_6e + <gurobi.LinExpr: A1 + A1^>
M  Contraint for 13e: 1.85774631543 == E_13e + <gurobi.LinExpr: A1 + A1^>
M  Contraint for 23e: 1.83857245535 == E_23e + <gurobi.LinExpr: A1 + A1^>
M  Contraint for 17e: 2.17374073878 == E_17e + <gurobi.LinExpr: A1 + A1^>
M  Contraint for 8e: 2.47632070961 == E_8e + <gurobi.LinExpr: A1 + A1^>
M  Contraint for 21e: 1.94301561569 == E_21e + <gurobi.LinExpr: A1 + A1^>
M  Contraint for 15e: 2.16917868206 == E_15e + <gurobi.LinExpr: A1 + A1^>
M  Contraint for 19e: 1.70977671964 == E_19e + <gurobi.LinExpr: A1 + A1^>
M  Contraint for 18e: 2.0510634511 == E_18e + <gurobi.LinExpr: A1 + A1^>
M  Contraint for 2e: 2.21065468756 == E_2e + <gurobi.LinExpr: A1 + A1^>
M  Contraint for 4e: 2.56234658314 == E_4e + <gurobi.LinExpr: A1 + A1^>
M  Objective: <gurobi.LinExpr: C26 + C27 + C28 + C29 + C30 + C31 + C32 + C33 + C34 + C35 + C36 + C37 + C38 + C39 + C40 + C41 + C42 + C43 + C44 + C45 + C46 + C47 + C48 + C49 + 0.5 A1 + 0.5 A1^>
CN Solver status: optimal, opt: 7.83267853859
  Solutions:
    ('1', '1^')
== Initial Solver ==
Solving Counter({'1': 2})
Possible candidates:
  CYP2D6.1
  CYP2D6.9
    6.2e 98348884:SNP.AG  193 ( 54) F 85:A>G
M  Max. CN for 1 = 2
M  Max. CN for 9 = 2
M  Contraint for 98348884:SNP.AG 6.2e: 193 == <gurobi.QuadExpr: 0.0 + [ 178.0 REG_9_98348884:SNP.AG * 9 + 178.0 REG_9_2_98348884:SNP.AG * 9_2 ]> + err
M  Contraint for 98348884:REF 6.2e: 163 == <gurobi.QuadExpr: 178.0 1 + 178.0 9 + 178.0 1_2 + 178.0 9_2 + [ -178.0 REG_9_98348884:SNP.AG * 9 + -178.0 REG_9_2_98348884:SNP.AG * 9_2 ]> + err
M  Contraint for 9 98348884:SNP.AG: <gurobi.Var 9> >= <gurobi.Var REG_9_98348884:SNP.AG>
M  Contraint for 9_2 98348884:SNP.AG: <gurobi.Var 9_2> >= <gurobi.Var REG_9_2_98348884:SNP.AG>
M  CN contraint for 1: 2 == <gurobi.LinExpr: 1 + 9 + 1_2 + 9_2>
M  Sentinel contraint for 1: A_1_2 <= A_1
M  Sentinel contraint for 9: A_9_2 <= A_9
M  Objective: <gurobi.LinExpr: C9 + C10>
M  Contraint for 9: A_9 * (<gurobi.LinExpr: REG_9_98348884:SNP.AG> - 1) == 0
M  Contraint for 9_2: A_9_2 * (<gurobi.LinExpr: REG_9_2_98348884:SNP.AG> - 1) == 0
M  Contraint for 98348884:SNP.AG: 1 <= <gurobi.QuadExpr: 0.0 + [ 9 * REG_9_98348884:SNP.AG + 9_2 * REG_9_2_98348884:SNP.AG ]>
M  Contraint for 98348884:SNP.AG: 1 <= <gurobi.QuadExpr: 0.0 + [ 9 * REG_9_98348884:SNP.AG + 9_2 * REG_9_2_98348884:SNP.AG ]>
CN Solver status: optimal, opt: 30.0
  solution:
    ('1', '9')
[32;01mCopy number best structures:[39;49;00m
[32;01m  (1) 2x*1-like[39;49;00m
== Refiner ==
Refining ('1', '9')
M  CN constraint for 1: 1 == <gurobi.LinExpr: 1>
M  CN constraint for 9: 1 == <gurobi.LinExpr: 9 + 9B>
M  Contraint for 97564153:SNP.CT 6.22e: 0 == <gurobi.QuadExpr: 0.0 + [ 160.5 EXT_1_97564153:SNP.CT * 1 + 160.5 EXT_9_97564153:SNP.CT * 9 + 160.5 REG_9B_97564153:SNP.CT * 9B ]> + err
M  Contraint for 98348884:SNP.AG 6.2e: 193 == <gurobi.QuadExpr: 0.0 + [ 178.0 EXT_1_98348884:SNP.AG * 1 + 178.0 REG_9_98348884:SNP.AG * 9 + 178.0 REG_9B_98348884:SNP.AG * 9B ]> + err
M  Contraint for 98348884:REF 6.2e: 163 == <gurobi.QuadExpr: 178.0 1 + 178.0 9 + 178.0 9B + [ -178.0 EXT_1_98348884:SNP.AG * 1 + -178.0 REG_9_98348884:SNP.AG * 9 + -178.0 REG_9B_98348884:SNP.AG * 9B ]> + err
M  Contraint for 97564153:REF 6.22e: 321 == <gurobi.QuadExpr: 160.5 1 + 160.5 9 + 160.5 9B + [ -160.5 EXT_1_97564153:SNP.CT * 1 + -160.5 EXT_9_97564153:SNP.CT * 9 + -160.5 REG_9B_97564153:SNP.CT * 9B ]> + err
M  Contraint for MM[missing] 9 98348884:SNP.AG: <gurobi.Var 9> >= <gurobi.Var REG_9_98348884:SNP.AG>
M  Contraint for MM[missing] 9B 97564153:SNP.CT: <gurobi.Var 9B> >= <gurobi.Var REG_9B_97564153:SNP.CT>
M  Contraint for MM[missing] 9B 98348884:SNP.AG: <gurobi.Var 9B> >= <gurobi.Var REG_9B_98348884:SNP.AG>
M  Contraint for MA[extra] 1 97564153:SNP.CT: <gurobi.Var 1> >= <gurobi.Var EXT_1_97564153:SNP.CT>
M  Contraint for MA[extra] 1 98348884:SNP.AG: <gurobi.Var 1> >= <gurobi.Var EXT_1_98348884:SNP.AG>
M  Contraint for MA[extra] 9 97564153:SNP.CT: <gurobi.Var 9> >= <gurobi.Var EXT_9_97564153:SNP.CT>
M  Objective: <gurobi.LinExpr: C13 + C14 + C15 + C16 + EXT_1_97564153:SNP.CT + EXT_1_98348884:SNP.AG + EXT_9_97564153:SNP.CT + W>
M  Contraint for 9: <gurobi.LinExpr: REG_9_98348884:SNP.AG> = 1 * A_<gurobi.Var 9>
M  Contraint for 9B: <gurobi.LinExpr: REG_9B_98348884:SNP.AG> = 1 * A_<gurobi.Var 9B>
M  Contraint for 97564153:SNP.CT: 0 >= <gurobi.LinExpr: REG_9B_97564153:SNP.CT>
M  Contraint for 97564153:SNP.CT: 0 <= <gurobi.QuadExpr: 0.0 + [ REG_9B_97564153:SNP.CT * 9B + EXT_1_97564153:SNP.CT * 1 + EXT_9_97564153:SNP.CT * 9 ]> <= 1
M  Contraint for 98348884:SNP.AG: 1 <= <gurobi.QuadExpr: 0.0 + [ REG_9_98348884:SNP.AG * 9 + REG_9B_98348884:SNP.AG * 9B ]> <= 2
M  Contraint for 98348884:SNP.AG: <gurobi.QuadExpr: 0.0 + [ REG_9_98348884:SNP.AG * 9 + REG_9B_98348884:SNP.AG * 9B ]> <= 2
CN Solver status: optimal, opt: 30.0
  1: 1
  9: 1
    6.2e 98348884:SNP.AG  193 ( 54 cp. 1) F
Missing:
  1: 1
  9: 1
Extra:
  1: 1
  9: 1
Time needed: (20.7)
Result is: [('1', '9')]
