SAM file: bams/PGXT106.bam
File bams/PGXT106.bam has index
Coverage is 185.674641148
== Allele Filter ==
 6.9e   18128658: SNP.TA                  556 (100%) ~     0 (  0)
 6.9e   18128998: SNP.TG                   55 ( 93%) ~     0 (  0)
 6.9e   18129376: SNP.GA                  298 ( 51%) ~     0 (  0)
 6.9e   18130309: SNP.CT                    2 (  5%) ~     0 (  0)
 6.9e   18130316: SNP.TC                    2 (  6%) ~     0 (  0)
 6.9e   18130383: SNP.CT                    3 ( 19%) ~     0 (  0)
 6.9e   18130594: SNP.TA                  127 ( 49%) ~     0 (  0)
 6.9e   18130775: SNP.TC                    4 (  6%) ~     0 (  0)
 6.9e   18130776: SNP.AT                    4 (  6%) ~     0 (  0)
 6.8i   18131121: SNP.CA                   49 ( 55%) ~     0 (  0)
 6.8i   18132188: INS.a                     2 (  6%) ~     0 (  0)
 6.7i   18134007: SNP.GA                   10 (  8%) ~     0 (  0)
 6.7i   18134008: INS.a                    92 ( 66%) ~     0 (  0)
 6.7i   18134008: INS.aa                   12 (  9%) ~     0 (  0)
 6.7i   18134020: SNP.CA                  127 ( 57%) ~     0 (  0)
 6.6i   18134424: SNP.TC                    2 ( 18%) ~     0 (  0)
 6.6i   18134786: SNP.GT                    4 (100%) ~     0 (  0)
 6.6i   18137035: SNP.TC                    2 (100%) ~     0 (  0)
 6.6e   18139213: SNP.GA     474C:>T*     324 (100%) ~     0 (  0)
 6.5i   18139523: SNP.TC                    2 ( 17%) ~     0 (  0)
 6.4i   18139964: DEL.A                    33 ( 33%) ~     0 (  0)
 6.4i   18140029: SNP.GA                    2 (  9%) ~     0 (  0)
 6.4i   18142288: SNP.AG                    2 (100%) ~     0 (  0)
 6.4i   18143189: SNP.CA                    2 (100%) ~     0 (  0)
 6.4i   18143190: SNP.CT                    2 (100%) ~     0 (  0)
 6.4i   18143191: SNP.AC                    2 (100%) ~     0 (  0)
 6.4i   18143287: INS.a                     2 ( 50%) ~     0 (  0)
 6.4i   18143291: SNP.CT                    2 (100%) ~     0 (  0)
 6.4i   18143511: SNP.CT                    2 (100%) ~     0 (  0)
 6.4i   18143768: SNP.AG     366+58:T>C   112 ( 50%) ~     0 (  0)
 6.3i   18144098: DEL.G                    10 ( 83%) ~     0 (  0)
 6.3i   18147957: SNP.CA                   35 ( 43%) ~     0 (  0)
 6.3i   18148018: SNP.GA                  195 ( 51%) ~     0 (  0)
 6.2i   18148155: DEL.A                    15 (  7%) ~     0 (  0)
 6.2i   18148191: SNP.TG                    8 (  7%) ~     0 (  0)
 6.2i   18148246: SNP.TA     141 -101:A>T    18 ( 60%) ~     0 (  0)
 6.2i   18149104: SNP.AT                   22 ( 43%) ~     0 (  0)
 6.1i   18149525: SNP.CT                    6 ( 50%) ~     0 (  0)
 6.1i   18155232: SNP.AC                   55 (  5%) ~     0 (  0)
 6.1i   18155238: SNP.AC                   58 (  5%) ~     0 (  0)
 6.1e   18155323: SNP.TG                   43 (  6%) ~     0 (  0)
 6.1e   18155338: SNP.AC                   53 (  9%) ~     0 (  0)
 6.1e   18155353: DEL.CCGCGCCCCGCCTCCGCCCGCGCCCCGCCTCCGC               36 (  9%) ~     0 (  0)
 6.1e   18155384: SNP.CT                    3 (  9%) ~     0 (  0)
 6.1e   18155384: INS.t                     3 (  9%) ~     0 (  0)
 6.1e   18155385: SNP.GT                    3 ( 14%) ~     0 (  0)
Removing 10    6.6e 18139257:SNP.CG
Removing 11    6.5e 18139919:SNP.CT
Removing 12    6.5e 18139940:SNP.GA
Removing 13    6.2e 18149275:SNP.TA
Removing 14    6.2e 18149357:SNP.TC
Removing 15    6.6i 18134120:SNP.CT
Removing 16    6.6e 18139199:SNP.CT
Removing 17    6.2e 18149234:SNP.GC
Removing 18    6.3e 18148075:SNP.CT
Removing 19    6.4i 18143825:SNP.TG
Removing 2     6.4e 18143954:SNP.CG
Removing 20    6.9e 18130924:SNP.TC
Removing 21    6.3e 18148081:SNP.GC
Removing 22    6.6e 18139199:SNP.CG
Removing 23    6.7e 18134114:SNP.GC
Removing 24    6.7e 18134077:SNP.CA
Removing 25    6.9e 18131002:SNP.AG
Removing 26    6.8e 18132366:SNP.AG
Removing 27    6.4e 18143873:SNP.AC
Removing 28    6.4e 18143843:SNP.CG
Removing 29    6.2e 18149356:SNP.AG
Removing 3C    6.9e 18130917:SNP.TC
Removing 3B    6.6e 18139227:SNP.CT
Removing 3A    6.9e 18130917:SNP.TC,  6.6e 18139227:SNP.CT
Removing 3E    6.9e 18130917:SNP.TC,  6.6e 18139227:SNP.CT
Removing 3D    6.9e 18130917:SNP.TC,  6.6e 18139227:SNP.CT,  6.4e 18143900:SNP.CA
Removing 30    6.2e 18149252:SNP.CT
Removing 31    6.8e 18132377:SNP.AG
Removing 32    6.4e 18143852:SNP.CT
Removing 33    6.6e 18139200:SNP.GA
Removing 34    6.4e 18143948:SNP.GC
Removing 35    6.3e 18148086:SNP.AG
Removing 36    6.8e 18132393:SNP.CT
Removing 37    6.9e 18130988:SNP.AT
Removing 38    6.7e 18134100:SNP.AG
Removing 4     6.8i 18131011:SNP.CT
Removing 5     6.3e 18148140:SNP.AG
Removing 6     6.7e 18134075:SNP.TA
Removing 7     6.9e 18130955:SNP.AC
Removing 8     6.9e 18130992:SNP.CT
Removing 9     6.4e 18143836:SNP.TG
Initial status
  CYP2D6.1S
    6.6e           18139213:SNP.GA  324 (100)   474C:>T*
  CYP2D6.1
== Copy Number Estimator ==
CNV factor: 1.53099381037 (0.653170504824)
Coverage per region
  region:  2D6  2D7
  1e   :  2.12
  1i   :  2.07
  2e   :  1.68
  2i   :  1.59
  3e   :  1.79
  3i   :  1.56
  4e   :  1.43
  4i   :  1.78
  5e   :  1.58
  5i   :  1.52
  6e   :  1.29
  6i   :  1.70
  7e   :  1.78
  7i   :  1.66
  8e   :  1.87
  8i   :  1.80
  9e   :  1.76
Max. CN = 2
M  Sentinel contraint for 1: A_1^ <= A_1
M  Contraint for 7e: 1.7790061398 == E_7e + <gurobi.LinExpr: A1 + A1^>
M  Contraint for 6e: 1.28572102742 == E_6e + <gurobi.LinExpr: A1 + A1^>
M  Contraint for 9e: 1.75836087072 == E_9e + <gurobi.LinExpr: A1 + A1^>
M  Contraint for 8e: 1.87037243155 == E_8e + <gurobi.LinExpr: A1 + A1^>
M  Contraint for 2e: 1.68302805474 == E_2e + <gurobi.LinExpr: A1 + A1^>
M  Contraint for 1e: 2.12430787468 == E_1e + <gurobi.LinExpr: A1 + A1^>
M  Contraint for 5e: 1.57637347396 == E_5e + <gurobi.LinExpr: A1 + A1^>
M  Contraint for 4e: 1.43336491669 == E_4e + <gurobi.LinExpr: A1 + A1^>
M  Contraint for 3e: 1.7901106971 == E_3e + <gurobi.LinExpr: A1 + A1^>
M  Objective: <gurobi.LinExpr: C11 + C12 + C13 + C14 + C15 + C16 + C17 + C18 + C19 + 0.5 A1 + 0.5 A1^>
CN Solver status: optimal, opt: 3.94797026271
  Solutions:
    ('1', '1^')
== Initial Solver ==
Solving Counter({'1': 2})
Possible candidates:
  CYP2D6.1
M  Max. CN for 1 = 2
M  CN contraint for 1: 2 == <gurobi.LinExpr: 1 + 1_2>
M  Sentinel contraint for 1: A_1_2 <= A_1
M  Objective: 0
CN Solver status: optimal, opt: 0.0
  solution:
    ('1', '1')
[32;01mCopy number best structures:[39;49;00m
[32;01m  (1) 2x*1-like[39;49;00m
== Refiner ==
Refining ('1', '1')
M  Sentinel constraint for 1: A_1_2 <= A_1
M  Sentinel constraint for 1S: A_1S_2 <= A_1S
M  CN constraint for 1: 2 == <gurobi.LinExpr: 1 + 1S + 1S_2 + 1_2>
M  Contraint for 18139213:REF 6.6e: 3 == <gurobi.QuadExpr: 163.5 1 + 163.5 1S + 163.5 1S_2 + 163.5 1_2 + [ -163.5 EXT_1_18139213:SNP.GA * 1 + -163.5 REG_1S_18139213:SNP.GA * 1S + -163.5 REG_1S_2_18139213:SNP.GA * 1S_2 + -163.5 EXT_1_2_18139213:SNP.GA * 1_2 ]> + err
M  Contraint for 18139213:SNP.GA 6.6e: 324 == <gurobi.QuadExpr: 0.0 + [ 163.5 EXT_1_18139213:SNP.GA * 1 + 163.5 REG_1S_18139213:SNP.GA * 1S + 163.5 REG_1S_2_18139213:SNP.GA * 1S_2 + 163.5 EXT_1_2_18139213:SNP.GA * 1_2 ]> + err
M  Contraint for MM[missing] 1S 18139213:SNP.GA: <gurobi.Var 1S> >= <gurobi.Var REG_1S_18139213:SNP.GA>
M  Contraint for MM[missing] 1S_2 18139213:SNP.GA: <gurobi.Var 1S_2> >= <gurobi.Var REG_1S_2_18139213:SNP.GA>
M  Contraint for MA[extra] 1 18139213:SNP.GA: <gurobi.Var 1> >= <gurobi.Var EXT_1_18139213:SNP.GA>
M  Contraint for MA[extra] 1_2 18139213:SNP.GA: <gurobi.Var 1_2> >= <gurobi.Var EXT_1_2_18139213:SNP.GA>
M  Objective: <gurobi.LinExpr: C10 + C11 + EXT_1_18139213:SNP.GA + EXT_1_2_18139213:SNP.GA + W>
M  Contraint for 18139213:SNP.GA: 1 <= <gurobi.QuadExpr: 0.0 + [ REG_1S_18139213:SNP.GA * 1S + REG_1S_2_18139213:SNP.GA * 1S_2 + EXT_1_18139213:SNP.GA * 1 + EXT_1_2_18139213:SNP.GA * 1_2 ]> <= 2
CN Solver status: optimal, opt: 6.0
  1S: 1
    6.6e 18139213:SNP.GA  324 ( 99 cp. 2) 
  1S_2: 1
    6.6e 18139213:SNP.GA  324 ( 99 cp. 2) 
Missing:
  1S: 1
  1S_2: 1
Extra:
  1S: 1
  1S_2: 1
Time needed: (6.7)
Result is: [('1S', '1S')]
