SAM file: bams/PGXT169.bam
File bams/PGXT169.bam has index
Coverage is 58.827393096
== Allele Filter ==
 6.12e  15989596: SNP.AC                    2 (  6%) ~     1 ( 50)
 6.12e  15989695: SNP.GC                   15 ( 15%) ~     1 (  7)
 6.12e  15989729: SNP.TC                   22 ( 19%) ~     0 (  0)
 6.11i  15989776: SNP.AC                    9 ( 11%) ~     0 (  0)
 6.11i  15989795: SNP.GC                    3 (  5%) ~     0 (  0)
 6.11i  15989870: SNP.TA                    6 ( 35%) ~     0 (  0)
 6.11i  15990121: SNP.AC                   18 (  5%) ~     0 (  0)
 6.10e  15990430: SNP.CT     18000:G>A    256 ( 48%) ~     0 (  0)
 6.8i   15990717: SNP.AC                    6 (  6%) ~     0 (  0)
 6.8i   15996482: INS.g                    35 ( 95%) ~     0 (  0)
 6.8i   15996510: SNP.CT                    2 (  5%) ~     0 (  0)
 6.8e   15996819: SNP.GA                  260 ( 44%) ~     0 (  0)
 6.7i   15996906: SNP.CT                  183 ( 52%) ~     0 (  0)
 6.6i   15999626: SNP.CT                    2 (100%) ~     0 (  0)
 6.5i   16000608: SNP.TA                    8 ( 47%) ~     0 (  0)
 6.2i   16003650: SNP.TC                   22 ( 52%) ~     0 (  0)
 6.2i   16003724: SNP.CN                    2 ( 25%) ~     0 (  0)
 6.2i   16004370: SNP.AT                    7 ( 47%) ~     0 (  0)
 6.2i   16004395: SNP.CG                    6 ( 32%) ~     0 (  0)
 6.2i   16004799: SNP.CA                   64 ( 42%) ~     0 (  0)
 6.2i   16005002: SNP.CT                    5 ( 45%) ~     0 (  0)
 6.2i   16005015: SNP.GA                    5 ( 50%) ~     0 (  0)
 6.2i   16005018: SNP.TC                    4 ( 50%) ~     0 (  0)
 6.2i   16005573: SNP.CT                    2 (100%) ~     0 (  0)
 6.2i   16005614: SNP.AT                    2 (100%) ~     0 (  0)
 6.2i   16006073: SNP.TA                   18 ( 42%) ~     0 (  0)
 6.2i   16006100: SNP.TC                   23 ( 44%) ~     0 (  0)
 6.2i   16006177: SNP.AG                   83 ( 45%) ~     0 (  0)
 6.2e   16006412: SNP.GA                  175 ( 41%) ~     0 (  0)
 6.1i   16006610: SNP.TC                   31 ( 53%) ~     0 (  0)
 6.1i   16006677: DEL.TCTG                  8 ( 44%) ~     0 (  0)
 6.1i   16006717: INS.atct                  9 ( 75%) ~     0 (  0)
 6.1i   16008098: SNP.TC                   64 ( 38%) ~     0 (  0)
 6.1e   16008256: SNP.TC                  483 ( 46%) ~     0 (  0)
 6.1e   16008387: SNP.AC     34:T>G       545 ( 44%) ~     0 (  0)
Initial status
  CYP2D6.1
  CYP2D6.2
    6.1e           16008387:SNP.AC  545 ( 44) F 34:T>G
  CYP2D6.3
    6.10e          15990430:SNP.CT  256 ( 48) F 18000:G>A
  CYP2D6.4
    6.10e          15990430:SNP.CT  256 ( 48) F 18000:G>A
    6.1e           16008387:SNP.AC  545 ( 44) F 34:T>G
== Copy Number Estimator ==
CNV factor: 3.19671881155 (0.312820757455)
Coverage per region
  region:  2D6  2D7
  0i   :  1.40
  1e   :  1.95
  1i   :  2.30
  2e   :  2.12
  2i   :  2.07
  3e   :  2.41
  3i   :  2.26
  4e   :  2.48
  4i   :  2.31
  5e   :  1.90
  5i   :  2.69
  6e   :  2.16
  6i   :  3.15
  7e   :  3.34
  7i   :  2.29
  8e   :  2.06
  8i   :  2.32
  9e   :  2.21
  9i   :  1.91
  10e  :  2.19
  10i  :  2.71
  11e  :  2.16
  11i  :  2.14
  12e  :  1.08
Max. CN = 3
M  Sentinel contraint for 1: A_1^ <= A_1
M  Contraint for 7e: 3.33698300431 == E_7e + <gurobi.LinExpr: A1 + A1^>
M  Contraint for 6e: 2.16354378617 == E_6e + <gurobi.LinExpr: A1 + A1^>
M  Contraint for 9e: 2.21372181419 == E_9e + <gurobi.LinExpr: A1 + A1^>
M  Contraint for 8e: 2.0559138145 == E_8e + <gurobi.LinExpr: A1 + A1^>
M  Contraint for 2e: 2.11668020719 == E_2e + <gurobi.LinExpr: A1 + A1^>
M  Contraint for 1e: 1.95448744767 == E_1e + <gurobi.LinExpr: A1 + A1^>
M  Contraint for 5e: 1.89880385646 == E_5e + <gurobi.LinExpr: A1 + A1^>
M  Contraint for 4e: 2.48196273643 == E_4e + <gurobi.LinExpr: A1 + A1^>
M  Contraint for 3e: 2.41270753868 == E_3e + <gurobi.LinExpr: A1 + A1^>
M  Objective: <gurobi.LinExpr: C11 + C12 + C13 + C14 + C15 + C16 + C17 + C18 + C19 + 0.5 A1 + 0.5 A1^>
CN Solver status: optimal, opt: 3.92822159733
  Solutions:
    ('1', '1^')
== Initial Solver ==
Solving Counter({'1': 2})
Possible candidates:
  CYP2D6.1
  CYP2D6.2
    6.1e 16008387:SNP.AC  545 ( 44) F 34:T>G
  CYP2D6.3
    6.10e 15990430:SNP.CT  256 ( 48) F 18000:G>A
  CYP2D6.4
    6.1e 16008387:SNP.AC  545 ( 44) F 34:T>G
    6.10e 15990430:SNP.CT  256 ( 48) F 18000:G>A
M  Max. CN for 1 = 2
M  Max. CN for 3 = 2
M  Max. CN for 2 = 2
M  Max. CN for 4 = 2
M  Contraint for 15990430:REF 6.10e: 275 == <gurobi.QuadExpr: 265.5 3_2 + 265.5 2_2 + 265.5 1 + 265.5 3 + 265.5 2 + 265.5 4 + 265.5 4_2 + 265.5 1_2 + [ -265.5 REG_3_2_15990430:SNP.CT * 3_2 + -265.5 REG_3_15990430:SNP.CT * 3 + -265.5 REG_4_15990430:SNP.CT * 4 + -265.5 REG_4_2_15990430:SNP.CT * 4_2 ]> + err
M  Contraint for 15990430:SNP.CT 6.10e: 256 == <gurobi.QuadExpr: 0.0 + [ 265.5 REG_3_2_15990430:SNP.CT * 3_2 + 265.5 REG_3_15990430:SNP.CT * 3 + 265.5 REG_4_15990430:SNP.CT * 4 + 265.5 REG_4_2_15990430:SNP.CT * 4_2 ]> + err
M  Contraint for 16008387:REF 6.1e: 697 == <gurobi.QuadExpr: 621.0 3_2 + 621.0 2_2 + 621.0 1 + 621.0 3 + 621.0 2 + 621.0 4 + 621.0 4_2 + 621.0 1_2 + [ -621.0 REG_2_2_16008387:SNP.AC * 2_2 + -621.0 REG_2_16008387:SNP.AC * 2 + -621.0 REG_4_16008387:SNP.AC * 4 + -621.0 REG_4_2_16008387:SNP.AC * 4_2 ]> + err
M  Contraint for 16008387:SNP.AC 6.1e: 545 == <gurobi.QuadExpr: 0.0 + [ 621.0 REG_2_2_16008387:SNP.AC * 2_2 + 621.0 REG_2_16008387:SNP.AC * 2 + 621.0 REG_4_16008387:SNP.AC * 4 + 621.0 REG_4_2_16008387:SNP.AC * 4_2 ]> + err
M  Contraint for 3_2 15990430:SNP.CT: <gurobi.Var 3_2> >= <gurobi.Var REG_3_2_15990430:SNP.CT>
M  Contraint for 2_2 16008387:SNP.AC: <gurobi.Var 2_2> >= <gurobi.Var REG_2_2_16008387:SNP.AC>
M  Contraint for 3 15990430:SNP.CT: <gurobi.Var 3> >= <gurobi.Var REG_3_15990430:SNP.CT>
M  Contraint for 2 16008387:SNP.AC: <gurobi.Var 2> >= <gurobi.Var REG_2_16008387:SNP.AC>
M  Contraint for 4 15990430:SNP.CT: <gurobi.Var 4> >= <gurobi.Var REG_4_15990430:SNP.CT>
M  Contraint for 4 16008387:SNP.AC: <gurobi.Var 4> >= <gurobi.Var REG_4_16008387:SNP.AC>
M  Contraint for 4_2 15990430:SNP.CT: <gurobi.Var 4_2> >= <gurobi.Var REG_4_2_15990430:SNP.CT>
M  Contraint for 4_2 16008387:SNP.AC: <gurobi.Var 4_2> >= <gurobi.Var REG_4_2_16008387:SNP.AC>
M  CN contraint for 1: 2 == <gurobi.LinExpr: 3_2 + 2_2 + 1 + 3 + 2 + 4 + 4_2 + 1_2>
M  Sentinel contraint for 1: A_1_2 <= A_1
M  Sentinel contraint for 3: A_3_2 <= A_3
M  Sentinel contraint for 2: A_2_2 <= A_2
M  Sentinel contraint for 4: A_4_2 <= A_4
M  Objective: <gurobi.LinExpr: C26 + C27 + C28 + C29>
M  Contraint for 3_2: A_3_2 * (<gurobi.LinExpr: REG_3_2_15990430:SNP.CT> - 1) == 0
M  Contraint for 2_2: A_2_2 * (<gurobi.LinExpr: REG_2_2_16008387:SNP.AC> - 1) == 0
M  Contraint for 3: A_3 * (<gurobi.LinExpr: REG_3_15990430:SNP.CT> - 1) == 0
M  Contraint for 2: A_2 * (<gurobi.LinExpr: REG_2_16008387:SNP.AC> - 1) == 0
M  Contraint for 4: A_4 * (<gurobi.LinExpr: REG_4_15990430:SNP.CT + REG_4_16008387:SNP.AC> - 2) == 0
M  Contraint for 4_2: A_4_2 * (<gurobi.LinExpr: REG_4_2_15990430:SNP.CT + REG_4_2_16008387:SNP.AC> - 2) == 0
M  Contraint for 15990430:SNP.CT: 1 <= <gurobi.QuadExpr: 0.0 + [ 3_2 * REG_3_2_15990430:SNP.CT + 3 * REG_3_15990430:SNP.CT + 4 * REG_4_15990430:SNP.CT + 4_2 * REG_4_2_15990430:SNP.CT ]>
M  Contraint for 16008387:SNP.AC: 1 <= <gurobi.QuadExpr: 0.0 + [ 2_2 * REG_2_2_16008387:SNP.AC + 2 * REG_2_16008387:SNP.AC + 4 * REG_4_16008387:SNP.AC + 4_2 * REG_4_2_16008387:SNP.AC ]>
M  Contraint for 15990430:SNP.CT: 1 <= <gurobi.QuadExpr: 0.0 + [ 3_2 * REG_3_2_15990430:SNP.CT + 3 * REG_3_15990430:SNP.CT + 4 * REG_4_15990430:SNP.CT + 4_2 * REG_4_2_15990430:SNP.CT ]>
M  Contraint for 16008387:SNP.AC: 1 <= <gurobi.QuadExpr: 0.0 + [ 2_2 * REG_2_2_16008387:SNP.AC + 2 * REG_2_16008387:SNP.AC + 4 * REG_4_16008387:SNP.AC + 4_2 * REG_4_2_16008387:SNP.AC ]>
M  Contraint for 15990430:SNP.CT: 1 <= <gurobi.QuadExpr: 0.0 + [ 3_2 * REG_3_2_15990430:SNP.CT + 3 * REG_3_15990430:SNP.CT + 4 * REG_4_15990430:SNP.CT + 4_2 * REG_4_2_15990430:SNP.CT ]>
M  Contraint for 16008387:SNP.AC: 1 <= <gurobi.QuadExpr: 0.0 + [ 2_2 * REG_2_2_16008387:SNP.AC + 2 * REG_2_16008387:SNP.AC + 4 * REG_4_16008387:SNP.AC + 4_2 * REG_4_2_16008387:SNP.AC ]>
M  Contraint for 15990430:SNP.CT: 1 <= <gurobi.QuadExpr: 0.0 + [ 3_2 * REG_3_2_15990430:SNP.CT + 3 * REG_3_15990430:SNP.CT + 4 * REG_4_15990430:SNP.CT + 4_2 * REG_4_2_15990430:SNP.CT ]>
M  Contraint for 16008387:SNP.AC: 1 <= <gurobi.QuadExpr: 0.0 + [ 2_2 * REG_2_2_16008387:SNP.AC + 2 * REG_2_16008387:SNP.AC + 4 * REG_4_16008387:SNP.AC + 4_2 * REG_4_2_16008387:SNP.AC ]>
CN Solver status: optimal, opt: 171.0
  solution:
    ('2', '3')
    ('1', '4')
[32;01mCopy number best structures:[39;49;00m
[32;01m  (1) 2x*1-like[39;49;00m
== Refiner ==
Refining ('2', '3')
M  CN constraint for 3: 1 == <gurobi.LinExpr: 3>
M  CN constraint for 2: 1 == <gurobi.LinExpr: 2>
M  Contraint for 15990430:REF 6.10e: 275 == <gurobi.QuadExpr: 265.5 3 + 265.5 2 + [ -265.5 REG_3_15990430:SNP.CT * 3 + -265.5 EXT_2_15990430:SNP.CT * 2 ]> + err
M  Contraint for 15990430:SNP.CT 6.10e: 256 == <gurobi.QuadExpr: 0.0 + [ 265.5 REG_3_15990430:SNP.CT * 3 + 265.5 EXT_2_15990430:SNP.CT * 2 ]> + err
M  Contraint for 16008387:REF 6.1e: 697 == <gurobi.QuadExpr: 621.0 3 + 621.0 2 + [ -621.0 EXT_3_16008387:SNP.AC * 3 + -621.0 REG_2_16008387:SNP.AC * 2 ]> + err
M  Contraint for 16008387:SNP.AC 6.1e: 545 == <gurobi.QuadExpr: 0.0 + [ 621.0 EXT_3_16008387:SNP.AC * 3 + 621.0 REG_2_16008387:SNP.AC * 2 ]> + err
M  Contraint for MM[missing] 3 15990430:SNP.CT: <gurobi.Var 3> >= <gurobi.Var REG_3_15990430:SNP.CT>
M  Contraint for MM[missing] 2 16008387:SNP.AC: <gurobi.Var 2> >= <gurobi.Var REG_2_16008387:SNP.AC>
M  Contraint for MA[extra] 3 16008387:SNP.AC: <gurobi.Var 3> >= <gurobi.Var EXT_3_16008387:SNP.AC>
M  Contraint for MA[extra] 2 15990430:SNP.CT: <gurobi.Var 2> >= <gurobi.Var EXT_2_15990430:SNP.CT>
M  Objective: <gurobi.LinExpr: C10 + C11 + C12 + C13 + EXT_3_16008387:SNP.AC + EXT_2_15990430:SNP.CT + W>
M  Contraint for 3: <gurobi.LinExpr: REG_3_15990430:SNP.CT> = 1 * A_<gurobi.Var 3>
M  Contraint for 2: <gurobi.LinExpr: REG_2_16008387:SNP.AC> = 1 * A_<gurobi.Var 2>
M  Contraint for 15990430:SNP.CT: 1 <= <gurobi.QuadExpr: 0.0 + [ REG_3_15990430:SNP.CT * 3 ]> <= 1
M  Contraint for 15990430:SNP.CT: <gurobi.QuadExpr: 0.0 + [ REG_3_15990430:SNP.CT * 3 ]> <= 1
M  Contraint for 16008387:SNP.AC: 1 <= <gurobi.QuadExpr: 0.0 + [ REG_2_16008387:SNP.AC * 2 ]> <= 1
M  Contraint for 16008387:SNP.AC: <gurobi.QuadExpr: 0.0 + [ REG_2_16008387:SNP.AC * 2 ]> <= 1
CN Solver status: optimal, opt: 171.0
  3: 1
    6.10e 15990430:SNP.CT  256 ( 48 cp. 1) F
  2: 1
    6.1e 16008387:SNP.AC  545 ( 44 cp. 1) F
Missing:
  3: 1
  2: 1
Extra:
  3: 1
  2: 1
== Refiner ==
Refining ('1', '4')
M  CN constraint for 1: 1 == <gurobi.LinExpr: 1>
M  CN constraint for 4: 1 == <gurobi.LinExpr: 4>
M  Contraint for 15990430:REF 6.10e: 275 == <gurobi.QuadExpr: 265.5 1 + 265.5 4 + [ -265.5 EXT_1_15990430:SNP.CT * 1 + -265.5 REG_4_15990430:SNP.CT * 4 ]> + err
M  Contraint for 15990430:SNP.CT 6.10e: 256 == <gurobi.QuadExpr: 0.0 + [ 265.5 EXT_1_15990430:SNP.CT * 1 + 265.5 REG_4_15990430:SNP.CT * 4 ]> + err
M  Contraint for 16008387:REF 6.1e: 697 == <gurobi.QuadExpr: 621.0 1 + 621.0 4 + [ -621.0 EXT_1_16008387:SNP.AC * 1 + -621.0 REG_4_16008387:SNP.AC * 4 ]> + err
M  Contraint for 16008387:SNP.AC 6.1e: 545 == <gurobi.QuadExpr: 0.0 + [ 621.0 EXT_1_16008387:SNP.AC * 1 + 621.0 REG_4_16008387:SNP.AC * 4 ]> + err
M  Contraint for MM[missing] 4 15990430:SNP.CT: <gurobi.Var 4> >= <gurobi.Var REG_4_15990430:SNP.CT>
M  Contraint for MM[missing] 4 16008387:SNP.AC: <gurobi.Var 4> >= <gurobi.Var REG_4_16008387:SNP.AC>
M  Contraint for MA[extra] 1 15990430:SNP.CT: <gurobi.Var 1> >= <gurobi.Var EXT_1_15990430:SNP.CT>
M  Contraint for MA[extra] 1 16008387:SNP.AC: <gurobi.Var 1> >= <gurobi.Var EXT_1_16008387:SNP.AC>
M  Objective: <gurobi.LinExpr: C10 + C11 + C12 + C13 + EXT_1_15990430:SNP.CT + EXT_1_16008387:SNP.AC + W>
M  Contraint for 4: <gurobi.LinExpr: REG_4_16008387:SNP.AC + REG_4_15990430:SNP.CT> = 2 * A_<gurobi.Var 4>
M  Contraint for 15990430:SNP.CT: 1 <= <gurobi.QuadExpr: 0.0 + [ REG_4_15990430:SNP.CT * 4 ]> <= 1
M  Contraint for 15990430:SNP.CT: <gurobi.QuadExpr: 0.0 + [ REG_4_15990430:SNP.CT * 4 ]> <= 1
M  Contraint for 16008387:SNP.AC: 1 <= <gurobi.QuadExpr: 0.0 + [ REG_4_16008387:SNP.AC * 4 ]> <= 1
M  Contraint for 16008387:SNP.AC: <gurobi.QuadExpr: 0.0 + [ REG_4_16008387:SNP.AC * 4 ]> <= 1
CN Solver status: optimal, opt: 171.0
  1: 1
  4: 1
    6.10e 15990430:SNP.CT  256 ( 48 cp. 1) F
    6.1e 16008387:SNP.AC  545 ( 44 cp. 1) F
Missing:
  1: 1
  4: 1
Extra:
  1: 1
  4: 1
Time needed: (19.2)
Result is: [('2', '3'), ('1', '4')]
