SAM file: bams/PGXT210.bam
File bams/PGXT210.bam has index
Coverage is 57.7000193939
== Allele Filter ==
 6.0i   15989404: SNP.CT                    2 (100%) ~     0 (  0)
 6.12e  15989695: SNP.GC                   15 ( 13%) ~     2 ( 13)
 6.12e  15989729: SNP.TC                   25 ( 21%) ~     3 ( 12)
 6.11i  15989776: SNP.AC                    5 (  7%) ~     0 (  0)
 6.11i  15989810: SNP.TG                   13 ( 29%) ~     0 (  0)
 6.11i  15989812: SNP.AC                    3 (  7%) ~     0 (  0)
 6.11i  15989856: SNP.TC                    4 ( 17%) ~     1 ( 25)
 6.11i  15990039: SNP.TG                    7 (  7%) ~     0 (  0)
 6.8i   15996348: SNP.TA                    2 (100%) ~     0 (  0)
 6.8i   15996453: SNP.TG                    2 (  8%) ~     0 (  0)
 6.8i   15996482: INS.g                    11 ( 31%) ~     0 (  0)
 6.8e   15996819: SNP.GA                  317 ( 49%) ~     0 (  0)
 6.6i   15997151: SNP.AC                    2 ( 50%) ~     0 (  0)
 6.6i   16000165: SNP.TC                   56 ( 39%) ~     0 (  0)
 6.5i   16000561: SNP.AC                    2 (  5%) ~     0 (  0)
 6.5i   16000608: SNP.TA                    9 ( 38%) ~     0 (  0)
 6.2i   16003694: SNP.CT                    2 (  6%) ~     0 (  0)
 6.1i   16006623: SNP.AC                    2 (  8%) ~     0 (  0)
Removing 2     6.1e 16008387:SNP.AC
Removing 3     6.10e 15990430:SNP.CT
Removing 4     6.1e 16008387:SNP.AC,  6.10e 15990430:SNP.CT
Initial status
  CYP2D6.1
== Copy Number Estimator ==
CNV factor: 2.69764823215 (0.370693253509)
Coverage per region
  region:  2D6  2D7
  0i   :  1.60
  1e   :  1.76
  1i   :  2.19
  2e   :  2.66
  2i   :  2.10
  3e   :  1.80
  3i   :  1.91
  4e   :  2.26
  4i   :  2.35
  5e   :  1.96
  5i   :  2.41
  6e   :  2.13
  6i   :  2.39
  7e   :  5.58
  7i   :  2.54
  8e   :  2.00
  8i   :  2.38
  9e   :  2.22
  9i   :  2.10
  10e  :  2.25
  10i  :  2.54
  11e  :  1.85
  11i  :  2.07
  12e  :  1.16
Max. CN = 6
M  Sentinel contraint for 1: A_1^ <= A_1
M  Contraint for 7e: 5.57697481463 == E_7e + <gurobi.LinExpr: A1 + A1^>
M  Contraint for 6e: 2.12800353903 == E_6e + <gurobi.LinExpr: A1 + A1^>
M  Contraint for 9e: 2.21815374715 == E_9e + <gurobi.LinExpr: A1 + A1^>
M  Contraint for 8e: 2.00213047495 == E_8e + <gurobi.LinExpr: A1 + A1^>
M  Contraint for 2e: 2.65854644807 == E_2e + <gurobi.LinExpr: A1 + A1^>
M  Contraint for 1e: 1.76385870029 == E_1e + <gurobi.LinExpr: A1 + A1^>
M  Contraint for 5e: 1.95940465136 == E_5e + <gurobi.LinExpr: A1 + A1^>
M  Contraint for 4e: 2.25571688494 == E_4e + <gurobi.LinExpr: A1 + A1^>
M  Contraint for 3e: 1.80356480953 == E_3e + <gurobi.LinExpr: A1 + A1^>
M  Objective: <gurobi.LinExpr: C11 + C12 + C13 + C14 + C15 + C16 + C17 + C18 + C19 + 0.5 A1 + 0.5 A1^>
CN Solver status: optimal, opt: 6.31269774759
  Solutions:
    ('1', '1^')
== Initial Solver ==
Solving Counter({'1': 2})
Possible candidates:
  CYP2D6.1
M  Max. CN for 1 = 2
M  CN contraint for 1: 2 == <gurobi.LinExpr: 1 + 1_2>
M  Sentinel contraint for 1: A_1_2 <= A_1
M  Objective: 0
CN Solver status: optimal, opt: 0.0
  solution:
    ('1', '1')
[32;01mCopy number best structures:[39;49;00m
[32;01m  (1) 2x*1-like[39;49;00m
== Refiner ==
Refining ('1', '1')
M  Sentinel constraint for 1: A_1_2 <= A_1
M  CN constraint for 1: 2 == <gurobi.LinExpr: 1 + 1_2>
M  Objective: <gurobi.LinExpr: W>
CN Solver status: optimal, opt: 0.0
  1: 1
  1_2: 1
Missing:
  1: 1
  1_2: 1
Extra:
  1: 1
  1_2: 1
Time needed: (18.2)
Result is: [('1', '1')]
