SAM file: bams/PGXT221.bam
File bams/PGXT221.bam has index
Coverage is 35.2272475063
== Allele Filter ==
 6.24e  97543751: SNP.GA                  340 (100%) ~     0 (  0)
 6.24e  97543763: SNP.CT                  339 (100%) ~     0 (  0)
 6.23i  97544770: SNP.TC                  192 (100%) ~     0 (  0)
 6.23i  97547830: SNP.GA                  244 (100%) ~     0 (  0)
 6.22i  97548192: SNP.TA                    2 (  9%) ~     0 (  0)
 6.22i  97550190: SNP.TC                    2 (100%) ~     0 (  0)
 6.21i  97568068: DEL.GTGT                  2 (100%) ~     0 (  0)
 6.21i  97617995: DEL.ACAC                  2 (100%) ~     0 (  0)
 6.21i  97643461: SNP.CT                    2 (100%) ~     0 (  0)
 6.21i  97644723: SNP.CT                    2 (100%) ~     0 (  0)
 6.21i  97649057: SNP.CT                    2 (100%) ~     0 (  0)
 6.21i  97652791: SNP.CT                    2 (100%) ~     0 (  0)
 6.21i  97658394: SNP.CT                   10 (100%) ~     0 (  0)
 6.20i  97664755: SNP.GC                    2 (100%) ~     0 (  0)
 6.20i  97668761: SNP.GT                    2 (100%) ~     0 (  0)
 6.20i  97669475: SNP.AT                    2 (100%) ~     0 (  0)
 6.20i  97670172: SNP.GA                    3 (100%) ~     0 (  0)
 6.20i  97694534: SNP.CT                    2 (100%) ~     0 (  0)
 6.20i  97697146: SNP.TC                    2 (100%) ~     0 (  0)
 6.20i  97700181: DEL.G                     4 ( 31%) ~     0 (  0)
 6.20i  97700256: SNP.CT                    3 (  6%) ~     0 (  0)
 6.19i  97716616: SNP.AC                    2 (100%) ~     0 (  0)
 6.19i  97716687: SNP.CT                    2 (100%) ~     0 (  0)
 6.19i  97730556: INS.t                     2 (100%) ~     0 (  0)
 6.19i  97755345: SNP.CT                    2 (100%) ~     2 (100)
 6.19i  97766485: SNP.CT                    2 (100%) ~     0 (  0)
 6.19i  97766773: SNP.AT                    2 (100%) ~     0 (  0)
 6.19i  97770628: SNP.CT                    2 (  6%) ~     0 (  0)
 6.17i  97783984: SNP.TG                    2 (100%) ~     0 (  0)
 6.17i  97823522: SNP.CT                    2 (100%) ~     0 (  0)
 6.17i  97829745: SNP.GT                    2 (100%) ~     0 (  0)
 6.17i  97838886: SNP.TC                    7 ( 44%) ~     0 (  0)
 6.16i  97840106: SNP.TG                    2 (100%) ~     0 (  0)
 6.16i  97840107: SNP.CA                    2 (100%) ~     0 (  0)
 6.16i  97840109: SNP.AC                    2 (100%) ~     0 (  0)
 6.16i  97840110: SNP.CT                    2 (100%) ~     0 (  0)
 6.16i  97847226: SNP.CA                    2 (100%) ~     0 (  0)
 6.16i  97847914: SNP.AT                    4 (  5%) ~     0 (  0)
 6.15i  97864634: SNP.GA                    2 (100%) ~     0 (  0)
 6.15i  97875527: SNP.AG                    2 (100%) ~     0 (  0)
 6.15i  97878994: SNP.CT                    2 (100%) ~     0 (  0)
 6.14i  97942607: SNP.TC                    2 (100%) ~     0 (  0)
 6.14i  97944602: SNP.CT                    3 (100%) ~     0 (  0)
 6.14i  97962037: SNP.AC                    2 (100%) ~     0 (  0)
 6.14i  97981241: SNP.TC                   60 ( 54%) ~     0 (  0)
 6.14i  97981242: SNP.GA                   62 ( 55%) ~     0 (  0)
 6.14e  97981394: SNP.TC     1627:T>C     258 ( 52%) ~     0 (  0)
 6.13i  97981705: SNP.CT                    8 ( 80%) ~     0 (  0)
 6.13i  97992388: SNP.GT                    2 (100%) ~     0 (  0)
 6.13i  98014915: SNP.GA                    3 ( 38%) ~     0 (  0)
 6.12i  98039209: SNP.GT                    3 (  6%) ~     0 (  0)
 6.11i  98042395: SNP.GA                    2 (100%) ~     0 (  0)
 6.10i  98060480: SNP.AC                    8 ( 28%) ~     0 (  0)
 6.9i   98060828: SNP.GT                    2 (  7%) ~     0 (  0)
 6.9i   98144618: SNP.TC                    2 (  6%) ~     0 (  0)
 6.9i   98144619: SNP.AG                    2 (  6%) ~     0 (  0)
 6.9i   98144621: SNP.AT                    2 (  6%) ~     0 (  0)
 6.9i   98144622: SNP.TC                    2 (  6%) ~     0 (  0)
 6.9i   98144623: SNP.AT                    2 (  5%) ~     0 (  0)
 6.8i   98144855: SNP.TC                    9 ( 47%) ~     0 (  0)
 6.8i   98146953: SNP.CG                    2 (100%) ~     0 (  0)
 6.8i   98156891: SNP.AG                  108 ( 43%) ~     0 (  0)
 6.8e   98157331: SNP.CG                  330 (100%) ~     0 (  0)
 6.7i   98157590: SNP.CT                    6 (100%) ~     0 (  0)
 6.7i   98164767: SNP.CT                   18 ( 40%) ~     0 (  0)
 6.7e   98165029: SNP.TC                  246 ( 50%) ~     0 (  0)
 6.6e   98185526: SNP.AG                  333 (100%) ~     0 (  0)
 6.6e   98185705: INS.tctc                 58 ( 31%) ~     0 (  0)
 6.6e   98185721: SNP.AT                   10 (  6%) ~     0 (  0)
 6.6e   98186076: SNP.TC                  343 (100%) ~     0 (  0)
 6.6e   98186228: SNP.TC                  214 ( 46%) ~     0 (  0)
 6.3i   98206488: SNP.CT                    2 (100%) ~     0 (  0)
 6.3i   98231412: SNP.AG                    2 (100%) ~     0 (  0)
 6.3i   98233220: SNP.AT                    2 (100%) ~     0 (  0)
 6.3i   98236608: SNP.TC                    3 (100%) ~     0 (  0)
 6.3i   98240630: SNP.TA                    2 (100%) ~     0 (  0)
 6.3i   98291588: INS.tgtg                  2 (100%) ~     0 (  0)
 6.2i   98293820: SNP.CT                   57 ( 48%) ~     0 (  0)
 6.2i   98316284: SNP.TG                    2 (100%) ~     0 (  0)
 6.2i   98316323: DEL.A                     2 (100%) ~     0 (  0)
 6.2i   98320316: SNP.CA                    2 ( 12%) ~     0 (  0)
 6.2i   98320407: SNP.CT                   53 (100%) ~     0 (  0)
 6.2i   98320491: SNP.CA                   82 ( 41%) ~     0 (  0)
 6.2i   98322361: SNP.AG                    2 ( 33%) ~     0 (  0)
 6.2i   98322378: SNP.CT                    4 ( 67%) ~     0 (  0)
 6.2i   98325110: SNP.AG                    2 (100%) ~     0 (  0)
 6.2i   98334451: SNP.TA                    2 (100%) ~     0 (  0)
 6.2e   98348884: SNP.AG     85:A>G       287 ( 51%) ~     0 (  0)
 6.1i   98352880: SNP.CA                    2 (100%) ~     0 (  0)
 6.1i   98384840: SNP.GT                    2 (100%) ~     0 (  0)
 6.1i   98386073: SNP.AT                    2 ( 29%) ~     0 (  0)
 6.1i   98386398: SNP.AC                   30 (  6%) ~     0 (  0)
 6.1i   98386401: SNP.AC                   65 ( 12%) ~     0 (  0)
Removing 10    6.24e 97544626:SNP.CA
Removing 11    6.11e 98058898:SNP.CA
Removing 12    6.2e 98348907:SNP.CT,  6.12e 98039498:SNP.CA
Removing 13    6.14e 97981342:SNP.AC
Removing 2B    6.15i 97915613:SNP.CT
Removing 2A    6.15i 97915613:SNP.CT
Removing 3     6.15e 97915621:DEL.G
Removing 4     6.14e 97981420:SNP.CT
Removing 6     6.19e 97770919:SNP.CT
Removing 7     6.4e 98205970:DEL.ATGA
Removing 8     6.8e 98157331:SNP.CT
Initial status
  CYP2D6.1
  CYP2D6.5
    6.14e          97981394:SNP.TC  258 ( 52) F 1627:T>C
  CYP2D6.9B
    6.22e          97564153:SNP.CT    0 (  0)   2657:C>T
    6.2e           98348884:SNP.AG  287 ( 51) F 85:A>G
  CYP2D6.9
    6.2e           98348884:SNP.AG  287 ( 51) F 85:A>G
== Copy Number Estimator ==
CNV factor: 2.52763738306 (0.395626368996)
Coverage per region
  region:  2D6  2D7
  1e   :  1.89
  1i   :  2.75
  2e   :  2.48
  2i   :  2.07
  3e   :  1.94
  3i   :  2.32
  4e   :  2.75
  4i   :  2.57
  5e   :  1.88
  5i   :  2.30
  6e   :  2.47
  6i   :  3.14
  7e   :  2.48
  7i   :  2.46
  8e   :  2.19
  8i   :  2.35
  9e   :  2.83
  9i   :  3.50
  10e  :  2.42
  10i  :  2.38
  11e  :  1.80
  11i  :  2.76
  12e  :  2.07
  12i  :  2.55
  13e  :  1.99
  13i  :  2.62
  14e  :  2.43
  14i  :  3.92
  15e  :  2.30
  15i  :  2.57
  16e  :  2.18
  16i  :  3.29
  17e  :  2.11
  17i  :  2.83
  18e  :  2.07
  18i  :  2.09
  19e  :  1.66
  19i  :  2.20
  20e  :  1.91
  20i  :  3.10
  21e  :  2.28
  21i  :  2.82
  22e  :  2.47
  22i  :  2.77
  23e  :  1.80
  23i  :  2.74
  24e  :  2.14
Max. CN = 4
M  Sentinel contraint for 1: A_1^ <= A_1
M  Contraint for 24e: 2.14117332066 == E_24e + <gurobi.LinExpr: A1 + A1^>
M  Contraint for 7e: 2.47537928219 == E_7e + <gurobi.LinExpr: A1 + A1^>
M  Contraint for 12e: 2.06687315314 == E_12e + <gurobi.LinExpr: A1 + A1^>
M  Contraint for 16e: 2.17928884461 == E_16e + <gurobi.LinExpr: A1 + A1^>
M  Contraint for 22e: 2.4693305766 == E_22e + <gurobi.LinExpr: A1 + A1^>
M  Contraint for 9e: 2.83088251724 == E_9e + <gurobi.LinExpr: A1 + A1^>
M  Contraint for 10e: 2.41614609566 == E_10e + <gurobi.LinExpr: A1 + A1^>
M  Contraint for 14e: 2.42760561426 == E_14e + <gurobi.LinExpr: A1 + A1^>
M  Contraint for 20e: 1.90762819772 == E_20e + <gurobi.LinExpr: A1 + A1^>
M  Contraint for 1e: 1.8867519917 == E_1e + <gurobi.LinExpr: A1 + A1^>
M  Contraint for 5e: 1.87737518991 == E_5e + <gurobi.LinExpr: A1 + A1^>
M  Contraint for 3e: 1.93916986711 == E_3e + <gurobi.LinExpr: A1 + A1^>
M  Contraint for 11e: 1.79753542711 == E_11e + <gurobi.LinExpr: A1 + A1^>
M  Contraint for 6e: 2.47024896849 == E_6e + <gurobi.LinExpr: A1 + A1^>
M  Contraint for 13e: 1.99428371335 == E_13e + <gurobi.LinExpr: A1 + A1^>
M  Contraint for 23e: 1.8023343858 == E_23e + <gurobi.LinExpr: A1 + A1^>
M  Contraint for 17e: 2.11427331392 == E_17e + <gurobi.LinExpr: A1 + A1^>
M  Contraint for 8e: 2.18696921594 == E_8e + <gurobi.LinExpr: A1 + A1^>
M  Contraint for 21e: 2.27901521616 == E_21e + <gurobi.LinExpr: A1 + A1^>
M  Contraint for 15e: 2.29590162228 == E_15e + <gurobi.LinExpr: A1 + A1^>
M  Contraint for 19e: 1.66084397799 == E_19e + <gurobi.LinExpr: A1 + A1^>
M  Contraint for 18e: 2.07299544348 == E_18e + <gurobi.LinExpr: A1 + A1^>
M  Contraint for 2e: 2.47964288242 == E_2e + <gurobi.LinExpr: A1 + A1^>
M  Contraint for 4e: 2.74908102193 == E_4e + <gurobi.LinExpr: A1 + A1^>
M  Objective: <gurobi.LinExpr: C26 + C27 + C28 + C29 + C30 + C31 + C32 + C33 + C34 + C35 + C36 + C37 + C38 + C39 + C40 + C41 + C42 + C43 + C44 + C45 + C46 + C47 + C48 + C49 + 0.5 A1 + 0.5 A1^>
CN Solver status: optimal, opt: 7.78888433828
  Solutions:
    ('1', '1^')
== Initial Solver ==
Solving Counter({'1': 2})
Possible candidates:
  CYP2D6.1
  CYP2D6.5
    6.14e 97981394:SNP.TC  258 ( 52) F 1627:T>C
  CYP2D6.9
    6.2e 98348884:SNP.AG  287 ( 51) F 85:A>G
M  Max. CN for 1 = 2
M  Max. CN for 9 = 2
M  Max. CN for 5 = 2
M  Contraint for 97981394:SNP.TC 6.14e: 258 == <gurobi.QuadExpr: 0.0 + [ 247.5 REG_5_2_97981394:SNP.TC * 5_2 + 247.5 REG_5_97981394:SNP.TC * 5 ]> + err
M  Contraint for 98348884:SNP.AG 6.2e: 287 == <gurobi.QuadExpr: 0.0 + [ 280.0 REG_9_2_98348884:SNP.AG * 9_2 + 280.0 REG_9_98348884:SNP.AG * 9 ]> + err
M  Contraint for 98348884:REF 6.2e: 273 == <gurobi.QuadExpr: 280.0 9_2 + 280.0 1 + 280.0 5_2 + 280.0 5 + 280.0 1_2 + 280.0 9 + [ -280.0 REG_9_2_98348884:SNP.AG * 9_2 + -280.0 REG_9_98348884:SNP.AG * 9 ]> + err
M  Contraint for 97981394:REF 6.14e: 237 == <gurobi.QuadExpr: 247.5 9_2 + 247.5 1 + 247.5 5_2 + 247.5 5 + 247.5 1_2 + 247.5 9 + [ -247.5 REG_5_2_97981394:SNP.TC * 5_2 + -247.5 REG_5_97981394:SNP.TC * 5 ]> + err
M  Contraint for 9_2 98348884:SNP.AG: <gurobi.Var 9_2> >= <gurobi.Var REG_9_2_98348884:SNP.AG>
M  Contraint for 5_2 97981394:SNP.TC: <gurobi.Var 5_2> >= <gurobi.Var REG_5_2_97981394:SNP.TC>
M  Contraint for 5 97981394:SNP.TC: <gurobi.Var 5> >= <gurobi.Var REG_5_97981394:SNP.TC>
M  Contraint for 9 98348884:SNP.AG: <gurobi.Var 9> >= <gurobi.Var REG_9_98348884:SNP.AG>
M  CN contraint for 1: 2 == <gurobi.LinExpr: 9_2 + 1 + 5_2 + 5 + 1_2 + 9>
M  Sentinel contraint for 1: A_1_2 <= A_1
M  Sentinel contraint for 5: A_5_2 <= A_5
M  Sentinel contraint for 9: A_9_2 <= A_9
M  Objective: <gurobi.LinExpr: C16 + C17 + C18 + C19>
M  Contraint for 9_2: A_9_2 * (<gurobi.LinExpr: REG_9_2_98348884:SNP.AG> - 1) == 0
M  Contraint for 5_2: A_5_2 * (<gurobi.LinExpr: REG_5_2_97981394:SNP.TC> - 1) == 0
M  Contraint for 5: A_5 * (<gurobi.LinExpr: REG_5_97981394:SNP.TC> - 1) == 0
M  Contraint for 9: A_9 * (<gurobi.LinExpr: REG_9_98348884:SNP.AG> - 1) == 0
M  Contraint for 98348884:SNP.AG: 1 <= <gurobi.QuadExpr: 0.0 + [ 9_2 * REG_9_2_98348884:SNP.AG + 9 * REG_9_98348884:SNP.AG ]>
M  Contraint for 97981394:SNP.TC: 1 <= <gurobi.QuadExpr: 0.0 + [ 5_2 * REG_5_2_97981394:SNP.TC + 5 * REG_5_97981394:SNP.TC ]>
M  Contraint for 97981394:SNP.TC: 1 <= <gurobi.QuadExpr: 0.0 + [ 5_2 * REG_5_2_97981394:SNP.TC + 5 * REG_5_97981394:SNP.TC ]>
M  Contraint for 98348884:SNP.AG: 1 <= <gurobi.QuadExpr: 0.0 + [ 9_2 * REG_9_2_98348884:SNP.AG + 9 * REG_9_98348884:SNP.AG ]>
CN Solver status: optimal, opt: 35.0
  solution:
    ('5', '9')
[32;01mCopy number best structures:[39;49;00m
[32;01m  (1) 2x*1-like[39;49;00m
== Refiner ==
Refining ('5', '9')
M  CN constraint for 9: 1 == <gurobi.LinExpr: 9 + 9B>
M  CN constraint for 5: 1 == <gurobi.LinExpr: 5>
M  Contraint for 98348884:SNP.AG 6.2e: 287 == <gurobi.QuadExpr: 0.0 + [ 280.0 REG_9_98348884:SNP.AG * 9 + 280.0 REG_9B_98348884:SNP.AG * 9B + 280.0 EXT_5_98348884:SNP.AG * 5 ]> + err
M  Contraint for 97981394:SNP.TC 6.14e: 258 == <gurobi.QuadExpr: 0.0 + [ 247.5 EXT_9_97981394:SNP.TC * 9 + 247.5 EXT_9B_97981394:SNP.TC * 9B + 247.5 REG_5_97981394:SNP.TC * 5 ]> + err
M  Contraint for 98348884:REF 6.2e: 273 == <gurobi.QuadExpr: 280.0 9 + 280.0 9B + 280.0 5 + [ -280.0 REG_9_98348884:SNP.AG * 9 + -280.0 REG_9B_98348884:SNP.AG * 9B + -280.0 EXT_5_98348884:SNP.AG * 5 ]> + err
M  Contraint for 97981394:REF 6.14e: 237 == <gurobi.QuadExpr: 247.5 9 + 247.5 9B + 247.5 5 + [ -247.5 EXT_9_97981394:SNP.TC * 9 + -247.5 EXT_9B_97981394:SNP.TC * 9B + -247.5 REG_5_97981394:SNP.TC * 5 ]> + err
M  Contraint for 97564153:SNP.CT 6.22e: 0 == <gurobi.QuadExpr: 0.0 + [ 225.0 EXT_9_97564153:SNP.CT * 9 + 225.0 REG_9B_97564153:SNP.CT * 9B + 225.0 EXT_5_97564153:SNP.CT * 5 ]> + err
M  Contraint for 97564153:REF 6.22e: 450 == <gurobi.QuadExpr: 225.0 9 + 225.0 9B + 225.0 5 + [ -225.0 EXT_9_97564153:SNP.CT * 9 + -225.0 REG_9B_97564153:SNP.CT * 9B + -225.0 EXT_5_97564153:SNP.CT * 5 ]> + err
M  Contraint for MM[missing] 9 98348884:SNP.AG: <gurobi.Var 9> >= <gurobi.Var REG_9_98348884:SNP.AG>
M  Contraint for MM[missing] 9B 97564153:SNP.CT: <gurobi.Var 9B> >= <gurobi.Var REG_9B_97564153:SNP.CT>
M  Contraint for MM[missing] 9B 98348884:SNP.AG: <gurobi.Var 9B> >= <gurobi.Var REG_9B_98348884:SNP.AG>
M  Contraint for MM[missing] 5 97981394:SNP.TC: <gurobi.Var 5> >= <gurobi.Var REG_5_97981394:SNP.TC>
M  Contraint for MA[extra] 9 97564153:SNP.CT: <gurobi.Var 9> >= <gurobi.Var EXT_9_97564153:SNP.CT>
M  Contraint for MA[extra] 9 97981394:SNP.TC: <gurobi.Var 9> >= <gurobi.Var EXT_9_97981394:SNP.TC>
M  Contraint for MA[extra] 9B 97981394:SNP.TC: <gurobi.Var 9B> >= <gurobi.Var EXT_9B_97981394:SNP.TC>
M  Contraint for MA[extra] 5 97564153:SNP.CT: <gurobi.Var 5> >= <gurobi.Var EXT_5_97564153:SNP.CT>
M  Contraint for MA[extra] 5 98348884:SNP.AG: <gurobi.Var 5> >= <gurobi.Var EXT_5_98348884:SNP.AG>
M  Objective: <gurobi.LinExpr: C18 + C19 + C20 + C21 + C22 + C23 + EXT_9_97564153:SNP.CT + EXT_9_97981394:SNP.TC + EXT_9B_97981394:SNP.TC + EXT_5_97564153:SNP.CT + EXT_5_98348884:SNP.AG + W>
M  Contraint for 9: <gurobi.LinExpr: REG_9_98348884:SNP.AG> = 1 * A_<gurobi.Var 9>
M  Contraint for 9B: <gurobi.LinExpr: REG_9B_98348884:SNP.AG> = 1 * A_<gurobi.Var 9B>
M  Contraint for 5: <gurobi.LinExpr: REG_5_97981394:SNP.TC> = 1 * A_<gurobi.Var 5>
M  Contraint for 97564153:SNP.CT: 0 >= <gurobi.LinExpr: REG_9B_97564153:SNP.CT>
M  Contraint for 97564153:SNP.CT: 0 <= <gurobi.QuadExpr: 0.0 + [ REG_9B_97564153:SNP.CT * 9B + EXT_9_97564153:SNP.CT * 9 + EXT_5_97564153:SNP.CT * 5 ]> <= 1
M  Contraint for 97981394:SNP.TC: 1 <= <gurobi.QuadExpr: 0.0 + [ REG_5_97981394:SNP.TC * 5 ]> <= 2
M  Contraint for 97981394:SNP.TC: <gurobi.QuadExpr: 0.0 + [ REG_5_97981394:SNP.TC * 5 ]> <= 2
M  Contraint for 98348884:SNP.AG: 1 <= <gurobi.QuadExpr: 0.0 + [ REG_9_98348884:SNP.AG * 9 + REG_9B_98348884:SNP.AG * 9B ]> <= 2
M  Contraint for 98348884:SNP.AG: <gurobi.QuadExpr: 0.0 + [ REG_9_98348884:SNP.AG * 9 + REG_9B_98348884:SNP.AG * 9B ]> <= 2
CN Solver status: optimal, opt: 35.0
  9: 1
    6.2e 98348884:SNP.AG  287 ( 51 cp. 1) F
  5: 1
    6.14e 97981394:SNP.TC  258 ( 52 cp. 1) F
Missing:
  9: 1
  5: 1
Extra:
  9: 1
  5: 1
Time needed: (19.7)
Result is: [('5', '9')]
