SAM file: bams/PGXT124.bam
File bams/PGXT124.bam has index
Coverage is 118.439364737
== Allele Filter ==
Refining indel 96827119:INS.a: from 325 of 384.0 to 377 (indel:total = 325:331)
 6.0i   96796860: SNP.GA     32299:C>T    794 (100%) ~     0 (  0)
 6.8i   96797157: SNP.CT                   37 ( 42%) ~     0 (  0)
 6.8i   96797751: SNP.TG                    2 (100%) ~     0 (  0)
 6.8i   96798547: SNP.CT                   91 ( 93%) ~     0 (  0)
 6.7i   96799687: SNP.CG                    2 (100%) ~     0 (  0)
 6.7i   96802527: SNP.GA                    2 (  8%) ~     0 (  0)
 6.7i   96802597: SNP.AT     26562:T>A     81 (100%) ~     0 (  0)
 6.6i   96805370: SNP.CT                   11 (100%) ~     0 (  0)
 6.5i   96810336: SNP.CA                    2 (100%) ~     0 (  0)
 6.5i   96815771: SNP.AC                    2 (100%) ~     0 (  0)
 6.5i   96817775: SNP.TC                    7 (100%) ~     0 (  0)
 6.5e   96818105: SNP.TA     11054:A>T    323 ( 46%) ~     0 (  0)
 6.4i   96818361: SNP.AG                    6 ( 67%) ~     0 (  0)
 6.4i   96818754: INS.t                     2 (100%) ~     0 (  0)
 6.4i   96824230: SNP.AG                    2 (100%) ~     0 (  0)
 6.4i   96824232: SNP.AG                    2 (100%) ~     0 (  0)
 6.3i   96824882: SNP.TC                    2 (100%) ~     0 (  0)
 6.2i   96827119: INS.a      2040:insT    377 ( 98%) ~     0 (  0)
 6.2i   96827149: SNP.CT     2010:G>A     121 ( 44%) ~     0 (  0)
 6.2i   96827177: SNP.TC                  189 (100%) ~     0 (  0)
Removing 10    6.7e 96802646:SNP.CA
Removing 11    6.6e 96805707:SNP.CA
Removing 12    6.9e 96796973:DEL.CAA
Removing 13    6.5e 96818241:SNP.AC
Removing 14    6.5e 96818198:SNP.CG
Removing 3     6.3e 96827029:SNP.CT,  6.8e 96798748:SNP.TC
Removing 4     6.5e 96818118:SNP.GC
Removing 5     6.3e 96826970:DEL.T
Removing 6     6.4e 96824687:SNP.CT
Removing 7     6.4e 96824642:SNP.GA
Removing 8     6.4e 96824642:SNP.GC
Removing 9     6.5e 96818170:SNP.TC
Initial status
  CYP2D6.1C
                   96829528:SNP.AC    0 (  0)   -370:T>G
  CYP2D6.1
  CYP2D6.1B
                   96829429:SNP.GT    0 (  0)   -271:C>A
  CYP2D6.2
    6.0i           96796860:SNP.GA  794 (100)   32299:C>T
    6.7i           96802597:SNP.AT   81 (100)   26562:T>A
    6.5e           96818105:SNP.TA  323 ( 46) F 11054:A>T
    6.2i           96827119:INS.a   377 ( 98)   2040:insT
    6.2i           96827149:SNP.CT  121 ( 44)   2010:G>A
    6.1i           96827484:SNP.GA    0 (  0)   1675:C>T
== Copy Number Estimator ==
CNV factor: 1.87291435549 (0.533927243961)
Coverage per region
  region:  2D6  2D7
  0i   :  1.93
  1e   :  1.79
  1i   :  1.76
  2e   :  2.17
  2i   :  1.76
  3e   :  1.94
  3i   :  1.96
  4e   :  1.61
  4i   :  1.99
  5e   :  2.02
  5i   :  2.25
  6e   :  2.15
  6i   :  1.96
  7e   :  1.77
  7i   :  2.06
  8e   :  1.95
  8i   :  1.92
  9e   :  2.02
Max. CN = 2
M  Sentinel contraint for 1: A_1^ <= A_1
M  Contraint for 7e: 1.77400105177 == E_7e + <gurobi.LinExpr: A1 + A1^>
M  Contraint for 6e: 2.15316221832 == E_6e + <gurobi.LinExpr: A1 + A1^>
M  Contraint for 9e: 2.02309473717 == E_9e + <gurobi.LinExpr: A1 + A1^>
M  Contraint for 8e: 1.94871722853 == E_8e + <gurobi.LinExpr: A1 + A1^>
M  Contraint for 2e: 2.17254161298 == E_2e + <gurobi.LinExpr: A1 + A1^>
M  Contraint for 1e: 1.78880571052 == E_1e + <gurobi.LinExpr: A1 + A1^>
M  Contraint for 5e: 2.0215223167 == E_5e + <gurobi.LinExpr: A1 + A1^>
M  Contraint for 4e: 1.61065352611 == E_4e + <gurobi.LinExpr: A1 + A1^>
M  Contraint for 3e: 1.93759506398 == E_3e + <gurobi.LinExpr: A1 + A1^>
M  Objective: <gurobi.LinExpr: C11 + C12 + C13 + C14 + C15 + C16 + C17 + C18 + C19 + 0.5 A1 + 0.5 A1^>
CN Solver status: optimal, opt: 2.31054830426
  Solutions:
    ('1', '1^')
== Initial Solver ==
Solving Counter({'1': 2})
Possible candidates:
  CYP2D6.1
  CYP2D6.2
    6.5e 96818105:SNP.TA  323 ( 46) F 11054:A>T
M  Max. CN for 1 = 2
M  Max. CN for 2 = 2
M  Contraint for 96818105:SNP.TA 6.5e: 323 == <gurobi.QuadExpr: 0.0 + [ 350.0 REG_2_2_96818105:SNP.TA * 2_2 + 350.0 REG_2_96818105:SNP.TA * 2 ]> + err
M  Contraint for 96818105:REF 6.5e: 377 == <gurobi.QuadExpr: 350.0 1 + 350.0 2_2 + 350.0 2 + 350.0 1_2 + [ -350.0 REG_2_2_96818105:SNP.TA * 2_2 + -350.0 REG_2_96818105:SNP.TA * 2 ]> + err
M  Contraint for 2_2 96818105:SNP.TA: <gurobi.Var 2_2> >= <gurobi.Var REG_2_2_96818105:SNP.TA>
M  Contraint for 2 96818105:SNP.TA: <gurobi.Var 2> >= <gurobi.Var REG_2_96818105:SNP.TA>
M  CN contraint for 1: 2 == <gurobi.LinExpr: 1 + 2_2 + 2 + 1_2>
M  Sentinel contraint for 1: A_1_2 <= A_1
M  Sentinel contraint for 2: A_2_2 <= A_2
M  Objective: <gurobi.LinExpr: C9 + C10>
M  Contraint for 2_2: A_2_2 * (<gurobi.LinExpr: REG_2_2_96818105:SNP.TA> - 1) == 0
M  Contraint for 2: A_2 * (<gurobi.LinExpr: REG_2_96818105:SNP.TA> - 1) == 0
M  Contraint for 96818105:SNP.TA: 1 <= <gurobi.QuadExpr: 0.0 + [ 2_2 * REG_2_2_96818105:SNP.TA + 2 * REG_2_96818105:SNP.TA ]>
M  Contraint for 96818105:SNP.TA: 1 <= <gurobi.QuadExpr: 0.0 + [ 2_2 * REG_2_2_96818105:SNP.TA + 2 * REG_2_96818105:SNP.TA ]>
CN Solver status: optimal, opt: 54.0
  solution:
    ('1', '2')
[32;01mCopy number best structures:[39;49;00m
[32;01m  (1) 2x*1-like[39;49;00m
== Refiner ==
Refining ('1', '2')
M  CN constraint for 1: 1 == <gurobi.LinExpr: 1 + 1C + 1B>
M  CN constraint for 2: 1 == <gurobi.LinExpr: 2>
M  Contraint for 96829429:SNP.GT : 0 == <gurobi.QuadExpr: 0.0 + [ 0.0 EXT_1_96829429:SNP.GT * 1 + 0.0 EXT_2_96829429:SNP.GT * 2 + 0.0 EXT_1C_96829429:SNP.GT * 1C + 0.0 REG_1B_96829429:SNP.GT * 1B ]> + err
M  Contraint for 96829528:SNP.AC : 0 == <gurobi.QuadExpr: 0.0 + [ 0.0 EXT_1_96829528:SNP.AC * 1 + 0.0 EXT_2_96829528:SNP.AC * 2 + 0.0 REG_1C_96829528:SNP.AC * 1C + 0.0 EXT_1B_96829528:SNP.AC * 1B ]> + err
M  Contraint for 96796860:REF 6.0i: 10 == <gurobi.QuadExpr: 402.0 1 + 402.0 2 + 402.0 1C + 402.0 1B + [ -402.0 EXT_1_96796860:SNP.GA * 1 + -402.0 REG_2_96796860:SNP.GA * 2 + -402.0 EXT_1C_96796860:SNP.GA * 1C + -402.0 EXT_1B_96796860:SNP.GA * 1B ]> + err
M  Contraint for 96827149:SNP.CT 6.2i: 121 == <gurobi.QuadExpr: 0.0 + [ 137.0 EXT_1_96827149:SNP.CT * 1 + 137.0 REG_2_96827149:SNP.CT * 2 + 137.0 EXT_1C_96827149:SNP.CT * 1C + 137.0 EXT_1B_96827149:SNP.CT * 1B ]> + err
M  Contraint for 96796860:SNP.GA 6.0i: 794 == <gurobi.QuadExpr: 0.0 + [ 402.0 EXT_1_96796860:SNP.GA * 1 + 402.0 REG_2_96796860:SNP.GA * 2 + 402.0 EXT_1C_96796860:SNP.GA * 1C + 402.0 EXT_1B_96796860:SNP.GA * 1B ]> + err
M  Contraint for 96829528:REF : 5 == <gurobi.QuadExpr: 0.0 + [ -0.0 EXT_1_96829528:SNP.AC * 1 + -0.0 EXT_2_96829528:SNP.AC * 2 + -0.0 REG_1C_96829528:SNP.AC * 1C + -0.0 EXT_1B_96829528:SNP.AC * 1B ]> + err
M  Contraint for 96818105:SNP.TA 6.5e: 323 == <gurobi.QuadExpr: 0.0 + [ 350.0 EXT_1_96818105:SNP.TA * 1 + 350.0 REG_2_96818105:SNP.TA * 2 + 350.0 EXT_1C_96818105:SNP.TA * 1C + 350.0 EXT_1B_96818105:SNP.TA * 1B ]> + err
M  Contraint for 96829429:REF : 26 == <gurobi.QuadExpr: 0.0 + [ -0.0 EXT_1_96829429:SNP.GT * 1 + -0.0 EXT_2_96829429:SNP.GT * 2 + -0.0 EXT_1C_96829429:SNP.GT * 1C + -0.0 REG_1B_96829429:SNP.GT * 1B ]> + err
M  Contraint for 96827484:REF 6.1i: 69 == <gurobi.QuadExpr: 34.5 1 + 34.5 2 + 34.5 1C + 34.5 1B + [ -34.5 EXT_1_96827484:SNP.GA * 1 + -34.5 REG_2_96827484:SNP.GA * 2 + -34.5 EXT_1C_96827484:SNP.GA * 1C + -34.5 EXT_1B_96827484:SNP.GA * 1B ]> + err
M  Contraint for 96802597:SNP.AT 6.7i: 81 == <gurobi.QuadExpr: 0.0 + [ 40.5 EXT_1_96802597:SNP.AT * 1 + 40.5 REG_2_96802597:SNP.AT * 2 + 40.5 EXT_1C_96802597:SNP.AT * 1C + 40.5 EXT_1B_96802597:SNP.AT * 1B ]> + err
M  Contraint for 96827119:REF 6.2i: 383 == <gurobi.QuadExpr: 191.5 1 + 191.5 2 + 191.5 1C + 191.5 1B + [ -191.5 EXT_1_96827119:INS.a * 1 + -191.5 REG_2_96827119:INS.a * 2 + -191.5 EXT_1C_96827119:INS.a * 1C + -191.5 EXT_1B_96827119:INS.a * 1B ]> + err
M  Contraint for 96827149:REF 6.2i: 153 == <gurobi.QuadExpr: 137.0 1 + 137.0 2 + 137.0 1C + 137.0 1B + [ -137.0 EXT_1_96827149:SNP.CT * 1 + -137.0 REG_2_96827149:SNP.CT * 2 + -137.0 EXT_1C_96827149:SNP.CT * 1C + -137.0 EXT_1B_96827149:SNP.CT * 1B ]> + err
M  Contraint for 96818105:REF 6.5e: 377 == <gurobi.QuadExpr: 350.0 1 + 350.0 2 + 350.0 1C + 350.0 1B + [ -350.0 EXT_1_96818105:SNP.TA * 1 + -350.0 REG_2_96818105:SNP.TA * 2 + -350.0 EXT_1C_96818105:SNP.TA * 1C + -350.0 EXT_1B_96818105:SNP.TA * 1B ]> + err
M  Contraint for 96827484:SNP.GA 6.1i: 0 == <gurobi.QuadExpr: 0.0 + [ 34.5 EXT_1_96827484:SNP.GA * 1 + 34.5 REG_2_96827484:SNP.GA * 2 + 34.5 EXT_1C_96827484:SNP.GA * 1C + 34.5 EXT_1B_96827484:SNP.GA * 1B ]> + err
M  Contraint for 96802597:REF 6.7i: 0 == <gurobi.QuadExpr: 40.5 1 + 40.5 2 + 40.5 1C + 40.5 1B + [ -40.5 EXT_1_96802597:SNP.AT * 1 + -40.5 REG_2_96802597:SNP.AT * 2 + -40.5 EXT_1C_96802597:SNP.AT * 1C + -40.5 EXT_1B_96802597:SNP.AT * 1B ]> + err
M  Contraint for 96827119:INS.a 6.2i: 377 == <gurobi.QuadExpr: 0.0 + [ 191.5 EXT_1_96827119:INS.a * 1 + 191.5 REG_2_96827119:INS.a * 2 + 191.5 EXT_1C_96827119:INS.a * 1C + 191.5 EXT_1B_96827119:INS.a * 1B ]> + err
M  Contraint for MM[missing] 1C 96829528:SNP.AC: <gurobi.Var 1C> >= <gurobi.Var REG_1C_96829528:SNP.AC>
M  Contraint for MM[missing] 2 96802597:SNP.AT: <gurobi.Var 2> >= <gurobi.Var REG_2_96802597:SNP.AT>
M  Contraint for MM[missing] 2 96827149:SNP.CT: <gurobi.Var 2> >= <gurobi.Var REG_2_96827149:SNP.CT>
M  Contraint for MM[missing] 2 96796860:SNP.GA: <gurobi.Var 2> >= <gurobi.Var REG_2_96796860:SNP.GA>
M  Contraint for MM[missing] 2 96818105:SNP.TA: <gurobi.Var 2> >= <gurobi.Var REG_2_96818105:SNP.TA>
M  Contraint for MM[missing] 2 96827484:SNP.GA: <gurobi.Var 2> >= <gurobi.Var REG_2_96827484:SNP.GA>
M  Contraint for MM[missing] 2 96827119:INS.a: <gurobi.Var 2> >= <gurobi.Var REG_2_96827119:INS.a>
M  Contraint for MM[missing] 1B 96829429:SNP.GT: <gurobi.Var 1B> >= <gurobi.Var REG_1B_96829429:SNP.GT>
M  Contraint for MA[extra] 1 96829429:SNP.GT: <gurobi.Var 1> >= <gurobi.Var EXT_1_96829429:SNP.GT>
M  Contraint for MA[extra] 1 96829528:SNP.AC: <gurobi.Var 1> >= <gurobi.Var EXT_1_96829528:SNP.AC>
M  Contraint for MA[extra] 1 96827149:SNP.CT: <gurobi.Var 1> >= <gurobi.Var EXT_1_96827149:SNP.CT>
M  Contraint for MA[extra] 1 96796860:SNP.GA: <gurobi.Var 1> >= <gurobi.Var EXT_1_96796860:SNP.GA>
M  Contraint for MA[extra] 1 96818105:SNP.TA: <gurobi.Var 1> >= <gurobi.Var EXT_1_96818105:SNP.TA>
M  Contraint for MA[extra] 1 96802597:SNP.AT: <gurobi.Var 1> >= <gurobi.Var EXT_1_96802597:SNP.AT>
M  Contraint for MA[extra] 1 96827484:SNP.GA: <gurobi.Var 1> >= <gurobi.Var EXT_1_96827484:SNP.GA>
M  Contraint for MA[extra] 1 96827119:INS.a: <gurobi.Var 1> >= <gurobi.Var EXT_1_96827119:INS.a>
M  Contraint for MA[extra] 1C 96829429:SNP.GT: <gurobi.Var 1C> >= <gurobi.Var EXT_1C_96829429:SNP.GT>
M  Contraint for MA[extra] 1C 96802597:SNP.AT: <gurobi.Var 1C> >= <gurobi.Var EXT_1C_96802597:SNP.AT>
M  Contraint for MA[extra] 1C 96827149:SNP.CT: <gurobi.Var 1C> >= <gurobi.Var EXT_1C_96827149:SNP.CT>
M  Contraint for MA[extra] 1C 96827484:SNP.GA: <gurobi.Var 1C> >= <gurobi.Var EXT_1C_96827484:SNP.GA>
M  Contraint for MA[extra] 1C 96818105:SNP.TA: <gurobi.Var 1C> >= <gurobi.Var EXT_1C_96818105:SNP.TA>
M  Contraint for MA[extra] 1C 96796860:SNP.GA: <gurobi.Var 1C> >= <gurobi.Var EXT_1C_96796860:SNP.GA>
M  Contraint for MA[extra] 1C 96827119:INS.a: <gurobi.Var 1C> >= <gurobi.Var EXT_1C_96827119:INS.a>
M  Contraint for MA[extra] 2 96829429:SNP.GT: <gurobi.Var 2> >= <gurobi.Var EXT_2_96829429:SNP.GT>
M  Contraint for MA[extra] 2 96829528:SNP.AC: <gurobi.Var 2> >= <gurobi.Var EXT_2_96829528:SNP.AC>
M  Contraint for MA[extra] 1B 96829528:SNP.AC: <gurobi.Var 1B> >= <gurobi.Var EXT_1B_96829528:SNP.AC>
M  Contraint for MA[extra] 1B 96827149:SNP.CT: <gurobi.Var 1B> >= <gurobi.Var EXT_1B_96827149:SNP.CT>
M  Contraint for MA[extra] 1B 96796860:SNP.GA: <gurobi.Var 1B> >= <gurobi.Var EXT_1B_96796860:SNP.GA>
M  Contraint for MA[extra] 1B 96818105:SNP.TA: <gurobi.Var 1B> >= <gurobi.Var EXT_1B_96818105:SNP.TA>
M  Contraint for MA[extra] 1B 96802597:SNP.AT: <gurobi.Var 1B> >= <gurobi.Var EXT_1B_96802597:SNP.AT>
M  Contraint for MA[extra] 1B 96827484:SNP.GA: <gurobi.Var 1B> >= <gurobi.Var EXT_1B_96827484:SNP.GA>
M  Contraint for MA[extra] 1B 96827119:INS.a: <gurobi.Var 1B> >= <gurobi.Var EXT_1B_96827119:INS.a>
M  Objective: <gurobi.LinExpr: C52 + C53 + C54 + C55 + C56 + C57 + C58 + C59 + C60 + C61 + C62 + C63 + C64 + C65 + C66 + C67 + EXT_1_96829429:SNP.GT + EXT_1_96829528:SNP.AC + EXT_1_96827149:SNP.CT + EXT_1_96796860:SNP.GA + EXT_1_96818105:SNP.TA + EXT_1_96802597:SNP.AT + EXT_1_96827484:SNP.GA + EXT_1_96827119:INS.a + EXT_2_96829429:SNP.GT + EXT_2_96829528:SNP.AC + EXT_1C_96829429:SNP.GT + EXT_1C_96802597:SNP.AT + EXT_1C_96827149:SNP.CT + EXT_1C_96827484:SNP.GA + EXT_1C_96818105:SNP.TA + EXT_1C_96796860:SNP.GA + EXT_1C_96827119:INS.a + EXT_1B_96829528:SNP.AC + EXT_1B_96827149:SNP.CT + EXT_1B_96796860:SNP.GA + EXT_1B_96818105:SNP.TA + EXT_1B_96802597:SNP.AT + EXT_1B_96827484:SNP.GA + EXT_1B_96827119:INS.a + W>
M  Contraint for 2: <gurobi.LinExpr: REG_2_96818105:SNP.TA> = 1 * A_<gurobi.Var 2>
M  Contraint for 96827484:SNP.GA: 0 >= <gurobi.LinExpr: REG_2_96827484:SNP.GA>
M  Contraint for 96829528:SNP.AC: 0 >= <gurobi.LinExpr: REG_1C_96829528:SNP.AC>
M  Contraint for 96829429:SNP.GT: 0 >= <gurobi.LinExpr: REG_1B_96829429:SNP.GT>
M  Contraint for 96829429:SNP.GT: 0 <= <gurobi.QuadExpr: 0.0 + [ REG_1B_96829429:SNP.GT * 1B + EXT_1_96829429:SNP.GT * 1 + EXT_2_96829429:SNP.GT * 2 + EXT_1C_96829429:SNP.GT * 1C ]> <= 0
M  Contraint for 96829528:SNP.AC: 0 <= <gurobi.QuadExpr: 0.0 + [ REG_1C_96829528:SNP.AC * 1C + EXT_1_96829528:SNP.AC * 1 + EXT_2_96829528:SNP.AC * 2 + EXT_1B_96829528:SNP.AC * 1B ]> <= 0
M  Contraint for 96827149:SNP.CT: 1 <= <gurobi.QuadExpr: 0.0 + [ REG_2_96827149:SNP.CT * 2 + EXT_1_96827149:SNP.CT * 1 + EXT_1C_96827149:SNP.CT * 1C + EXT_1B_96827149:SNP.CT * 1B ]> <= 1
M  Contraint for 96827484:SNP.GA: 0 <= <gurobi.QuadExpr: 0.0 + [ REG_2_96827484:SNP.GA * 2 + EXT_1_96827484:SNP.GA * 1 + EXT_1C_96827484:SNP.GA * 1C + EXT_1B_96827484:SNP.GA * 1B ]> <= 1
M  Contraint for 96818105:SNP.TA: 1 <= <gurobi.QuadExpr: 0.0 + [ REG_2_96818105:SNP.TA * 2 ]> <= 1
M  Contraint for 96818105:SNP.TA: <gurobi.QuadExpr: 0.0 + [ REG_2_96818105:SNP.TA * 2 ]> <= 1
M  Contraint for 96802597:SNP.AT: 2 <= <gurobi.QuadExpr: 0.0 + [ REG_2_96802597:SNP.AT * 2 + EXT_1_96802597:SNP.AT * 1 + EXT_1C_96802597:SNP.AT * 1C + EXT_1B_96802597:SNP.AT * 1B ]> <= 3
M  Contraint for 96796860:SNP.GA: 1 <= <gurobi.QuadExpr: 0.0 + [ REG_2_96796860:SNP.GA * 2 + EXT_1_96796860:SNP.GA * 1 + EXT_1C_96796860:SNP.GA * 1C + EXT_1B_96796860:SNP.GA * 1B ]> <= 2
M  Contraint for 96827119:INS.a: 1 <= <gurobi.QuadExpr: 0.0 + [ REG_2_96827119:INS.a * 2 + EXT_1_96827119:INS.a * 1 + EXT_1C_96827119:INS.a * 1C + EXT_1B_96827119:INS.a * 1B ]> <= 2
CN Solver status: optimal, opt: 518.0
  1: 1
  2: 1
    6.7i 96802597:SNP.AT   81 (100 cp. 2) 
    6.2i 96827149:SNP.CT  121 ( 44 cp. 1) 
    6.0i 96796860:SNP.GA  794 ( 99 cp. 2) 
    6.5e 96818105:SNP.TA  323 ( 46 cp. 1) F
    6.2i 96827119:INS.a  377 ( 98 cp. 2) 
Missing:
  1: 1
  2: 1
    6.1i 96827484:SNP.GA    0 (  0)   rs11572073   1675:C>T
Extra:
  1: 1
    6.0i 96796860:SNP.GA  794 ( 99)   rs1058932    32299:C>T
    6.7i 96802597:SNP.AT   81 (100)   rs2275620    26562:T>A
  2: 1
Time needed: (5.7)
Result is: [('1', '2')]
