SAM file: bams/PGXT165.bam
File bams/PGXT165.bam has index
Coverage is 314.048446392
== Allele Filter ==
Refining indel 42524213:INS.g: from 135 of 309.0 to 176 (indel:total = 135:236)
Refining indel 42527886:INS.t: from 4 of 236.0 to 7 (indel:total = 4:119)
 6.rep  42520802: SNP.GA                    2 (100%) ~     2 (100)
 6.rep  42521344: SNP.TA                    2 (  6%) ~     2 (100)
 6.rep  42521648: SNP.TG                    5 (  6%) ~     3 ( 60)
 6.rep  42521928: SNP.AG                  293 ( 52%) ~     1 (  0)
 6.ins  42522073: SNP.AC                  301 ( 53%) ~     0 (  0)
 6.ins  42522137: INS.tgt                 140 ( 29%) ~     4 (  3)
 6.ins  42522311: SNP.CT     4481:G>A     215 ( 72%) ~     0 (  0)
 6.ins  42522497: SNP.GA                   46 ( 11%) ~    42 ( 91)
 6.9e   42522612: SNP.CG     4180:G>C     242 ( 48%) ~     0 (  0)
 6.7i   42523002: SNP.GA     3790:C>T     281 ( 74%) ~     0 (  0)
 6.7i   42523208: SNP.CT     3584:G>A     234 ( 51%) ~     1 (  0)
 6.7i   42523314: SNP.TC                   36 (  7%) ~    16 ( 44)
 6.7i   42523408: SNP.TG     3384:A>C     366 ( 63%) ~    24 (  7)
 6.7e   42523504: SNP.CT     3288:G>A      33 (  6%) ~    10 ( 30)
 6.6i   42523742: SNP.CA                   20 (  5%) ~     0 (  0)
 6.6i   42523768: SNP.TC                   23 (  6%) ~     0 (  0)
 6.6i   42523783: SNP.TG                   20 (  5%) ~     0 (  0)
 6.6i   42523786: SNP.GC                   29 (  8%) ~     0 (  0)
 6.6e   42523942: SNP.GA     2850:C>T     201 ( 50%) ~     0 (  0)
 6.5i   42524079: SNP.TG                   68 ( 16%) ~     3 (  4)
 6.5i   42524139: SNP.AC                   19 (  5%) ~     0 (  0)
 6.5i   42524142: SNP.AC                   39 ( 11%) ~     0 (  0)
 6.5e   42524213: INS.g      2579:insC    176 ( 58%) ~     0 (  0)
 6.4i   42524489: SNP.GA     2303:C>T     233 ( 56%) ~     0 (  0)
 6.4i   42524707: SNP.TC                  145 ( 20%) ~     9 (  6)
 6.4i   42524712: SNP.CG                  156 ( 21%) ~     6 (  4)
 6.4i   42524742: SNP.GA                  181 ( 26%) ~     5 (  3)
 6.4e   42524794: SNP.AG                  182 ( 24%) ~    10 (  5)
 6.4e   42524923: SNP.AG     1869:T>C      90 ( 13%) ~    29 ( 32)
 6.3e   42525131: SNP.CG     1661:G>C     346 ( 53%) ~     0 (  0)
 6.2i   42525408: SNP.AC                   36 (  5%) ~     0 (  0)
 6.2i   42525457: SNP.TC                   35 (  5%) ~     0 (  0)
 6.2i   42525504: SNP.CG                  648 (100%) ~     0 (  0)
 6.2i   42525505: SNP.GC                  646 (100%) ~     0 (  0)
 6.2e   42525792: SNP.TG                   11 (  6%) ~     0 (  0)
 6.2e   42525799: SNP.TG                   11 (  6%) ~     0 (  0)
 6.1i   42525951: SNP.AC     843:T>G      277 ( 45%) ~   263 ( 95)
 6.1i   42526048: SNP.GC     746:C>G      276 ( 46%) ~   272 ( 99)
 6.1i   42526483: SNP.CA     310:G>T      261 ( 53%) ~     0 (  0)
 6.1i   42526548: SNP.TC     CYP2D7:i1:5491   303 ( 60%) ~     2 (  1)
 6.1i   42526560: SNP.TG     CYP2D7:i1:5503   316 ( 63%) ~     2 (  1)
 6.1i   42526561: SNP.CG     CYP2D7:i1:5504   314 ( 63%) ~     2 (  1)
 6.1i   42526566: SNP.AG     CYP2D7:i1:5509   312 ( 62%) ~     2 (  1)
 6.1i   42526570: SNP.GC     CYP2D7:i1:5513   311 ( 65%) ~     2 (  1)
 6.1i   42526572: SNP.GT     CYP2D7:i1:5515   305 ( 63%) ~     2 (  1)
 6.1i   42526579: SNP.CG     214:G>C      310 ( 60%) ~     2 (  1)
 6.1e   42526695: SNP.TG                   45 (  7%) ~     0 (  0)
 6.0i   42527470: SNP.CT     -678:G>A     376 ( 70%) ~   176 ( 47)
 6.0i   42527532: SNP.GA     -740:C>T     250 ( 59%) ~     0 (  0)
 6.0i   42527590: SNP.AC                   25 (  6%) ~     0 (  0)
 6.0i   42527655: SNP.AC                   19 (  6%) ~     0 (  0)
 6.0i   42527665: SNP.AC                   18 (  6%) ~     0 (  0)
 6.0i   42527745: SNP.GA                  135 ( 45%) ~     0 (  0)
 6.0i   42527988: SNP.TC                    5 (  7%) ~     0 (  0)
 6.0i   42527998: SNP.CG                    4 (  7%) ~     0 (  0)
 6.0i   42527999: SNP.TG                    3 (  5%) ~     0 (  0)
 6.0i   42528003: SNP.AG                    3 (  6%) ~     0 (  0)
 6.0i   42528006: SNP.AC                    3 (  6%) ~     0 (  0)
 6.0i   42528007: SNP.CA                    3 (  6%) ~     0 (  0)
 6.0i   42528012: SNP.AC                    5 ( 10%) ~     0 (  0)
 6.0i   42528015: SNP.AC                    6 ( 12%) ~     0 (  0)
 6.0i   42528019: SNP.AC                    3 (  7%) ~     0 (  0)
 6.0i   42528020: SNP.GC                    2 (  5%) ~     0 (  0)
 6.0i   42528020: SNP.GA                    2 (  5%) ~     0 (  0)
 6.0i   42528027: SNP.TC     -1235:A>G     10 ( 59%) ~     0 (  0)
 6.0i   42528381: SNP.GC     -1584:C>G      4 ( 31%) ~     0 (  0)
 6.0i   42528407: SNP.TG                    2 (  7%) ~     0 (  0)
 7.rep  42533794: SNP.TG                    5 (  7%) ~     4 ( 80)
 7.rep  42533800: SNP.AG                    3 (  6%) ~     3 (100)
 7.rep  42533804: SNP.TG                    7 ( 13%) ~     4 ( 57)
 7.rep  42533814: SNP.TG                    6 ( 11%) ~     2 ( 33)
 7.rep  42533904: SNP.AG                   47 ( 27%) ~     0 (  0)
 7.rep  42534050: SNP.AG                  124 ( 48%) ~     0 (  0)
 7.rep  42534074: SNP.GA                  133 ( 54%) ~     0 (  0)
 7.pce  42534125: SNP.GT                   86 ( 49%) ~     0 (  0)
 7.pce  42534147: SNP.CT                   63 ( 50%) ~     0 (  0)
 7.pce  42534275: SNP.CG                    9 ( 47%) ~     0 (  0)
 7.ins  42535817: SNP.AG                   55 ( 13%) ~     0 (  0)
 7.ins  42536159: SNP.TG                   23 (  5%) ~     4 ( 17)
 7.ins  42536210: SNP.GA                  193 ( 41%) ~    39 ( 20)
 7.9e   42536410: SNP.TG                   63 ( 13%) ~     0 (  0)
 7.8e   42536652: SNP.TC                   68 ( 10%) ~    42 ( 62)
 7.7i   42536923: SNP.CT                   21 (  6%) ~    12 ( 57)
 7.7i   42537022: SNP.TC                  165 ( 45%) ~    11 (  7)
 7.7i   42537114: SNP.CT                   51 ( 21%) ~    29 ( 57)
 7.7i   42537119: INS.a                    42 ( 18%) ~    28 ( 67)
 7.7i   42537126: SNP.AG                   55 ( 22%) ~    26 ( 47)
 7.7e   42537195: SNP.TC                  247 ( 45%) ~     4 (  2)
 7.6i   42537403: SNP.GC                  267 ( 50%) ~     1 (  0)
 7.6e   42537596: SNP.AG                  124 ( 52%) ~     0 (  0)
 7.5i   42537781: SNP.TG                   63 ( 18%) ~     1 (  2)
 7.5i   42537792: SNP.TG                   20 (  6%) ~     0 (  0)
 7.5i   42537841: SNP.AC                   18 (  5%) ~     0 (  0)
 7.5i   42537844: SNP.AC                   37 ( 11%) ~     0 (  0)
 7.5e   42538028: SNP.AG                  214 ( 51%) ~     0 (  0)
 7.4i   42538102: SNP.TC                  176 ( 50%) ~     1 (  1)
 7.4i   42538228: SNP.GA                  167 ( 57%) ~     2 (  1)
 7.4i   42538398: SNP.CT                  117 ( 34%) ~     3 (  3)
 7.4e   42538617: SNP.AG                  230 ( 39%) ~    57 ( 25)
 7.3i   42538668: SNP.CT                  219 ( 44%) ~    23 ( 11)
 7.3i   42538703: SNP.GT                  226 ( 45%) ~    16 (  7)
 7.3e   42538875: SNP.AT                  283 ( 97%) ~     0 (  0)
 7.2i   42538896: SNP.AG                   90 ( 44%) ~     0 (  0)
 7.2i   42539084: SNP.AC                    2 (  5%) ~     0 (  0)
 7.2i   42539104: SNP.TC                    2 (  6%) ~     0 (  0)
 7.2i   42539113: SNP.TC                    2 (  7%) ~     0 (  0)
 7.2i   42539251: SNP.GC                    2 (  5%) ~     0 (  0)
 7.2i   42539272: SNP.AC                    3 (  6%) ~     0 (  0)
 7.2e   42539478: SNP.CG                    2 (  6%) ~     0 (  0)
 7.2e   42539483: SNP.GT                    5 ( 10%) ~     0 (  0)
 7.1i   42539622: SNP.CA                  285 ( 49%) ~   269 ( 94)
 7.1i   42539719: SNP.CG                  305 ( 49%) ~   294 ( 96)
 7.1e   42540357: SNP.AG                   33 (  5%) ~     0 (  0)
 7.1e   42540367: SNP.TG                   97 ( 16%) ~     0 (  0)
 7.1e   42540372: SNP.TG                   34 (  6%) ~     0 (  0)
 7.0i   42540550: SNP.AG                  200 ( 54%) ~     1 (  0)
 7.0i   42541142: SNP.TC                  102 ( 17%) ~   102 (100)
 7.0i   42541201: SNP.CT                   56 ( 11%) ~    56 (100)
 7.0i   42541262: SNP.AC                   23 (  7%) ~     0 (  0)
 7.0i   42541348: SNP.GA                  107 ( 51%) ~     0 (  0)
Removing 10B   6.1e 42526693:SNP.GA
Removing 10A   6.1e 42526693:SNP.GA
Removing 10D   6.1e 42526693:SNP.GA
Removing 10DW  6.1e 42526693:SNP.GA
Removing 10BW  6.1e 42526693:SNP.GA
Removing 10AW  6.1e 42526693:SNP.GA
Removing 100   6.1e 42526693:SNP.GA,  6.6e 42523964:DEL.G
Removing 101   6.1e 42526693:SNP.GA,  6.6e 42523847:DEL.CACATCCGGATGTAGGATC
Removing 102   6.2e 42525822:SNP.GA
Removing 103   6.2e 42525822:SNP.GA,  6.3e 42525043:SNP.TC
Removing 104   6.3e 42525072:SNP.TA
Removing 105   6.7e 42523524:SNP.AG
Removing 107   6.3e 42525133:SNP.CT
Removing 108   6.7e 42523566:SNP.TC,  6.7e 42523557:SNP.TC
Removing 109   6.5e 42524175:DEL.CTT,  6.7e 42523609:SNP.CT
Removing 11W   6.1i 42525911:SNP.CG
Removing 11    6.1i 42525911:SNP.CG
Removing 12    6.1e 42526669:SNP.CT
Removing 14BW  6.3e 42525034:SNP.CT
Removing 14AW  6.1e 42526693:SNP.GA,  6.3e 42525034:SNP.CT
Removing 14B   6.3e 42525034:SNP.CT
Removing 14A   6.1e 42526693:SNP.GA,  6.3e 42525034:SNP.CT
Removing 15    6.1e 42526656:INS.a
Removing 17    6.2e 42525771:SNP.GA
Removing 17W   6.2e 42525771:SNP.GA
Removing 18    6.9e 42522667:INS.agtgggcac
Removing 19    6.5e 42524250:DEL.AGTT
Removing 20    6.4e 42524819:INS.c,  6.4e 42524814:SNP.GA,  6.4e 42524813:SNP.AG
Removing 22    6.1e 42526711:SNP.GA
Removing 23    6.2e 42525837:SNP.GA
Removing 24    6.6e 42523939:SNP.TG
Removing 25    6.7e 42523594:SNP.GC
Removing 26    6.7e 42523515:SNP.AG
Removing 27    6.8e 42522939:SNP.CT
Removing 28    6.1e 42526774:SNP.CT,  6.3e 42525088:SNP.GC
Removing 28W   6.1e 42526774:SNP.CT,  6.3e 42525088:SNP.GC
Removing 29    6.3e 42525133:SNP.CT,  6.7e 42523609:SNP.CT
Removing 3B    6.3e 42525043:SNP.TC,  6.5e 42524243:DEL.T
Removing 3A    6.5e 42524243:DEL.T
Removing 30    6.4e 42524929:INS.ggggcgaaa
Removing 31    6.9e 42522750:SNP.CT
Removing 32    6.8e 42522939:SNP.CT
Removing 33    6.5e 42524309:SNP.CA
Removing 35B   6.1e 42526762:SNP.CT
Removing 35A   6.1e 42526762:SNP.CT
Removing 36    6.1e 42526693:SNP.GA
Removing 37    6.1e 42526693:SNP.GA,  6.4e 42524849:SNP.CT
Removing 38    6.5e 42524202:DEL.AGTC
Removing 4GW   6.1e 42526693:SNP.GA,  6.2e 42525820:SNP.GT,  6.2e 42525810:SNP.TC,  6.3i 42524946:SNP.CT,  6.6e 42523854:SNP.GA
Removing 4HW   6.1e 42526693:SNP.GA,  6.2e 42525820:SNP.GT,  6.2e 42525810:SNP.TC,  6.3i 42524946:SNP.CT,  6.8e 42522915:SNP.CG
Removing 4FW   6.1e 42526693:SNP.GA,  6.2e 42525820:SNP.GT,  6.2e 42525810:SNP.TC,  6.3i 42524946:SNP.CT,  6.4e 42524934:SNP.GA
Removing 4KW   6.1e 42526693:SNP.GA,  6.3i 42524946:SNP.CT
Removing 4AW   6.1e 42526693:SNP.GA,  6.2e 42525820:SNP.GT,  6.2e 42525810:SNP.TC,  6.3i 42524946:SNP.CT
Removing 4N    6.1e 42526693:SNP.GA,  6.2e 42525820:SNP.GT,  6.2e 42525810:SNP.TC,  6.3i 42524946:SNP.CT
Removing 4M    6.2e 42525820:SNP.GT,  6.2e 42525810:SNP.TC,  6.3i 42524946:SNP.CT
Removing 4J    6.1e 42526693:SNP.GA,  6.2e 42525820:SNP.GT,  6.2e 42525810:SNP.TC,  6.3i 42524946:SNP.CT
Removing 4K    6.1e 42526693:SNP.GA,  6.3i 42524946:SNP.CT
Removing 4H    6.1e 42526693:SNP.GA,  6.2e 42525820:SNP.GT,  6.2e 42525810:SNP.TC,  6.3i 42524946:SNP.CT,  6.8e 42522915:SNP.CG
Removing 4CW   6.1e 42526693:SNP.GA,  6.3i 42524946:SNP.CT,  6.8e 42522905:SNP.AG
Removing 4D    6.1e 42526693:SNP.GA,  6.3i 42524946:SNP.CT
Removing 4LW   6.1e 42526693:SNP.GA,  6.3i 42524946:SNP.CT
Removing 4B    6.1e 42526693:SNP.GA,  6.2e 42525820:SNP.GT,  6.2e 42525810:SNP.TC,  6.3i 42524946:SNP.CT
Removing 4A    6.1e 42526693:SNP.GA,  6.2e 42525820:SNP.GT,  6.2e 42525810:SNP.TC,  6.3i 42524946:SNP.CT
Removing 4BW   6.1e 42526693:SNP.GA,  6.2e 42525820:SNP.GT,  6.2e 42525810:SNP.TC,  6.3i 42524946:SNP.CT
Removing 4JW   6.1e 42526693:SNP.GA,  6.2e 42525820:SNP.GT,  6.2e 42525810:SNP.TC,  6.3i 42524946:SNP.CT
Removing 4L    6.1e 42526693:SNP.GA,  6.3i 42524946:SNP.CT
Removing 4EW   6.1e 42526693:SNP.GA,  6.3i 42524946:SNP.CT
Removing 4P    6.1e 42526693:SNP.GA,  6.2e 42525820:SNP.GT,  6.2e 42525810:SNP.TC,  6.3i 42524946:SNP.CT,  6.5e 42524216:SNP.GA
Removing 4F    6.1e 42526693:SNP.GA,  6.2e 42525820:SNP.GT,  6.2e 42525810:SNP.TC,  6.3i 42524946:SNP.CT,  6.4e 42524934:SNP.GA
Removing 4G    6.1e 42526693:SNP.GA,  6.2e 42525820:SNP.GT,  6.2e 42525810:SNP.TC,  6.3i 42524946:SNP.CT,  6.6e 42523854:SNP.GA
Removing 4E    6.1e 42526693:SNP.GA,  6.3i 42524946:SNP.CT
Removing 4DW   6.1e 42526693:SNP.GA,  6.3i 42524946:SNP.CT
Removing 4C    6.1e 42526693:SNP.GA,  6.3i 42524946:SNP.CT,  6.8e 42522905:SNP.AG
Removing 40    6.2e 42525771:SNP.GA,  6.4e 42524929:INS.ggggcgaaaggggcgaaa
Removing 41    6.6i 42523804:SNP.CT
Removing 42    6.7e 42523533:INS.ac
Removing 43    6.1e 42526716:SNP.CT
Removing 44    6.1e 42526711:SNP.GA,  6.6i 42523842:SNP.CG
Removing 45A   6.3e 42525076:SNP.CT
Removing 45B   6.3e 42525076:SNP.CT
Removing 46    6.1e 42526716:SNP.CT,  6.3e 42525076:SNP.CT
Removing 47    6.1e 42526720:SNP.GA,  6.1e 42526693:SNP.GA
Removing 48    6.2e 42525822:SNP.GA
Removing 49    6.1e 42526693:SNP.GA,  6.3e 42525181:SNP.AT
Removing 50    6.3e 42525072:SNP.TG
Removing 51    6.7e 42523620:SNP.TG
Removing 52    6.1e 42526693:SNP.GA,  6.8e 42522915:SNP.CT
Removing 53    6.3e 42525181:SNP.AT,  6.3e 42525175:SNP.CA
Removing 54    6.1e 42526693:SNP.GA,  6.5e 42524236:SNP.GA
Removing 55    6.8e 42522957:SNP.TG
Removing 56A   6.7e 42523591:SNP.GA
Removing 56B   6.1e 42526693:SNP.GA,  6.7e 42523591:SNP.GA
Removing 57    6.1e 42526693:SNP.GA,  6.2e 42525907:SNP.GA
Removing 58    6.2e 42525771:SNP.GA,  6.4e 42524929:INS.ggggcgaaa
Removing 59    6.6e 42523853:SNP.CT
Removing 6A    6.3e 42525085:DEL.A
Removing 6B    6.3e 42525085:DEL.A,  6.4e 42524816:SNP.CT
Removing 6C    6.3e 42525085:DEL.A,  6.4e 42524816:SNP.CT
Removing 6D    6.3e 42525085:DEL.A
Removing 60    6.4e 42524905:INS.ta
Removing 62    6.9e 42522748:SNP.GA
Removing 64    6.1e 42526693:SNP.GA,  6.2e 42525771:SNP.GA
Removing 65    6.1e 42526693:SNP.GA
Removing 68    6.1e 42526693:SNP.GA
Removing 69    6.1e 42526693:SNP.GA,  6.6i 42523804:SNP.CT
Removing 7     6.6e 42523857:SNP.TG
Removing 70    6.3e 42525184:SNP.CT,  6.3e 42525133:SNP.CT,  6.7e 42523609:SNP.CT
Removing 71    6.1e 42526668:SNP.CT
Removing 72    6.1e 42526693:SNP.GA,  6.7e 42523474:SNP.CT
Removing 73    6.2e 42525781:SNP.CT
Removing 74    6.2e 42525820:SNP.GT
Removing 75    6.9e 42522747:SNP.CT
Removing 8     6.3e 42525034:SNP.CA
Removing 81    6.5e 42524213:SNP.GA,  6.5e 42524186:SNP.CT,  6.5e 42524182:SNP.AT
Removing 82    6.2e 42525820:SNP.GT,  6.2e 42525810:SNP.TC,  6.2e 42525780:SNP.AG,  6.2e 42525772:SNP.TA,  6.2e 42525771:SNP.GT,  6.2e 42525766:SNP.TC
Removing 84    6.5e 42524218:SNP.GT
Removing 85    6.9e 42522635:SNP.AC
Removing 86    6.5e 42524186:SNP.CT,  6.5e 42524182:SNP.AT
Removing 87    6.1e 42526779:SNP.GA,  6.1e 42526693:SNP.GA
Removing 88    6.2e 42525780:SNP.AG
Removing 89    6.3e 42525114:SNP.AG
Removing 9     6.5e 42524175:DEL.CTT
Removing 90    6.3e 42525099:SNP.TC
Removing 91    6.3e 42525057:SNP.CG,  6.6i 42523804:SNP.CT
Removing 92    6.4e 42524797:DEL.G
Removing 93    6.5e 42524273:SNP.TG
Removing 94B   6.1e 42526693:SNP.GA,  6.7e 42523611:SNP.TC
Removing 94A   6.1e 42526693:SNP.GA,  6.7e 42523611:SNP.TC
Removing 95    6.1e 42526693:SNP.GA,  6.7e 42523458:SNP.CT
Removing 96    6.8e 42522897:SNP.GA
Removing 97    6.9e 42522698:SNP.GT
Removing 98    6.9e 42522682:SNP.GC
Initial status
  CYP2D6.1B
    6.8e           42522964:SNP.CT    0 (  0)   3828:G>A
  CYP2D6.1E
    6.4e           42524923:SNP.AG   90 ( 13)   1869:T>C
  CYP2D6.1C
    6.4e           42524814:SNP.GA    0 (  0)   1978:C>T
  CYP2D6.1D
    6.5e           42524217:SNP.GT    0 (  0)   2575:C>A
  CYP2D6.1
  CYP2D6.13$1
  CYP2D6.16$1
  CYP2D6.2KW
    6.9e           42522612:SNP.CG  242 ( 48) F 4180:G>C
    6.9e           42522677:SNP.GA    0 (  0)   4115:C>T
    6.6e           42523942:SNP.GA  201 ( 50) F 2850:C>T
    6.3e           42525131:SNP.CG  346 ( 53)   1661:G>C
    6.1i           42525951:SNP.AC  277 ( 45)   843:T>G
    6.1i           42526048:SNP.GC  276 ( 46)   746:C>G
    6.1i           42526483:SNP.CA  261 ( 53)   310:G>T
    6.0i           42527470:SNP.CT  376 ( 70)   -678:G>A
    6.0i           42527532:SNP.GA  250 ( 59)   -740:C>T
    6.0i           42528027:SNP.TC   10 ( 59)   -1235:A>G
    6.0i           42528381:SNP.GC    4 ( 31) F -1584:C>G
  CYP2D6.2D
    6.9e           42522612:SNP.CG  242 ( 48) F 4180:G>C
    6.6e           42523942:SNP.GA  201 ( 50) F 2850:C>T
  CYP2D6.2E
    6.9e           42522612:SNP.CG  242 ( 48) F 4180:G>C
    6.6e           42523942:SNP.GA  201 ( 50) F 2850:C>T
    6.3e           42525131:SNP.CG  346 ( 53)   1661:G>C
    6.2e           42525797:SNP.GC    0 (  0)   997:C>G
  CYP2D6.2F
    6.9e           42522612:SNP.CG  242 ( 48) F 4180:G>C
    6.6e           42523942:SNP.GA  201 ( 50) F 2850:C>T
    6.3e           42525068:SNP.GA    0 (  0)   1724:C>T
    6.3e           42525131:SNP.CG  346 ( 53)   1661:G>C
  CYP2D6.2G
    6.9e           42522612:SNP.CG  242 ( 48) F 4180:G>C
    6.6e           42523942:SNP.GA  201 ( 50) F 2850:C>T
    6.5e           42524217:SNP.GT    0 (  0)   2575:C>A
    6.5e           42524322:SNP.AG    0 (  0)   2470:T>C
    6.3e           42525131:SNP.CG  346 ( 53)   1661:G>C
  CYP2D6.2A
    6.9e           42522612:SNP.CG  242 ( 48) F 4180:G>C
    6.6e           42523942:SNP.GA  201 ( 50) F 2850:C>T
    6.3e           42525131:SNP.CG  346 ( 53)   1661:G>C
    6.1i           42526548:SNP.TC  303 ( 60)   CYP2D7:i1:5491
    6.1i           42526560:SNP.TG  316 ( 63)   CYP2D7:i1:5503
    6.1i           42526561:SNP.CG  314 ( 63)   CYP2D7:i1:5504
    6.1i           42526566:SNP.AG  312 ( 62)   CYP2D7:i1:5509
    6.1i           42526570:SNP.GC  311 ( 65)   CYP2D7:i1:5513
    6.1i           42526572:SNP.GT  305 ( 63)   CYP2D7:i1:5515
    6.0i           42527470:SNP.CT  376 ( 70)   -678:G>A
    6.0i           42527532:SNP.GA  250 ( 59)   -740:C>T
    6.0i           42528027:SNP.TC   10 ( 59)   -1235:A>G
    6.0i           42528381:SNP.GC    4 ( 31) F -1584:C>G
  CYP2D6.2B
    6.9e           42522612:SNP.CG  242 ( 48) F 4180:G>C
    6.6e           42523942:SNP.GA  201 ( 50) F 2850:C>T
    6.3e           42525131:SNP.CG  346 ( 53)   1661:G>C
    6.2e           42525755:SNP.GA    0 (  0)   1039:C>T
  CYP2D6.2C
    6.9e           42522612:SNP.CG  242 ( 48) F 4180:G>C
    6.6e           42523942:SNP.GA  201 ( 50) F 2850:C>T
    6.5e           42524322:SNP.AG    0 (  0)   2470:T>C
    6.3e           42525131:SNP.CG  346 ( 53)   1661:G>C
  CYP2D6.2L
    6.9e           42522612:SNP.CG  242 ( 48) F 4180:G>C
    6.7i           42523002:SNP.GA  281 ( 74)   3790:C>T
    6.7i           42523208:SNP.CT  234 ( 51)   3584:G>A
    6.7i           42523408:SNP.TG  366 ( 63)   3384:A>C
    6.6e           42523942:SNP.GA  201 ( 50) F 2850:C>T
    6.3e           42525035:SNP.GA    0 (  0)   1757:C>T
    6.3e           42525131:SNP.CG  346 ( 53)   1661:G>C
    6.2i           42525279:SNP.GA    0 (  0)   1513:C>T
    6.1i           42525951:SNP.AC  277 ( 45)   843:T>G
    6.1i           42526048:SNP.GC  276 ( 46)   746:C>G
    6.1i           42526483:SNP.CA  261 ( 53)   310:G>T
    6.0i           42527532:SNP.GA  250 ( 59)   -740:C>T
    6.0i           42528027:SNP.TC   10 ( 59)   -1235:A>G
    6.0i           42528095:SNP.CT    0 (  0)   -1298:G>A
  CYP2D6.2M
    6.ins          42522311:SNP.CT  215 ( 72)   4481:G>A
    6.9e           42522612:SNP.CG  242 ( 48) F 4180:G>C
    6.7i           42523002:SNP.GA  281 ( 74)   3790:C>T
    6.7i           42523208:SNP.CT  234 ( 51)   3584:G>A
    6.7i           42523408:SNP.TG  366 ( 63)   3384:A>C
    6.6e           42523942:SNP.GA  201 ( 50) F 2850:C>T
    6.3e           42525131:SNP.CG  346 ( 53)   1661:G>C
    6.1i           42525951:SNP.AC  277 ( 45)   843:T>G
    6.1i           42526048:SNP.GC  276 ( 46)   746:C>G
    6.1i           42526483:SNP.CA  261 ( 53)   310:G>T
    6.1i           42526548:SNP.TC  303 ( 60)   CYP2D7:i1:5491
    6.1i           42526560:SNP.TG  316 ( 63)   CYP2D7:i1:5503
    6.1i           42526561:SNP.CG  314 ( 63)   CYP2D7:i1:5504
    6.1i           42526566:SNP.AG  312 ( 62)   CYP2D7:i1:5509
    6.1i           42526570:SNP.GC  311 ( 65)   CYP2D7:i1:5513
    6.1i           42526572:SNP.GT  305 ( 63)   CYP2D7:i1:5515
    6.0i           42527470:SNP.CT  376 ( 70)   -678:G>A
    6.0i           42527532:SNP.GA  250 ( 59)   -740:C>T
    6.0i           42527541:DEL.TC    0 (  0)   -750:delGA
    6.0i           42528027:SNP.TC   10 ( 59)   -1235:A>G
  CYP2D6.2H
    6.9e           42522612:SNP.CG  242 ( 48) F 4180:G>C
    6.6e           42523942:SNP.GA  201 ( 50) F 2850:C>T
    6.5e           42524312:SNP.GA    0 (  0)   2480:C>T
    6.3e           42525131:SNP.CG  346 ( 53)   1661:G>C
  CYP2D6.2K
    6.9e           42522612:SNP.CG  242 ( 48) F 4180:G>C
    6.9e           42522677:SNP.GA    0 (  0)   4115:C>T
    6.6e           42523942:SNP.GA  201 ( 50) F 2850:C>T
    6.3e           42525131:SNP.CG  346 ( 53)   1661:G>C
  CYP2D6.2CW
    6.9e           42522612:SNP.CG  242 ( 48) F 4180:G>C
    6.6e           42523942:SNP.GA  201 ( 50) F 2850:C>T
    6.5e           42524322:SNP.AG    0 (  0)   2470:T>C
    6.3e           42525131:SNP.CG  346 ( 53)   1661:G>C
    6.1i           42525951:SNP.AC  277 ( 45)   843:T>G
    6.1i           42526048:SNP.GC  276 ( 46)   746:C>G
    6.1i           42526483:SNP.CA  261 ( 53)   310:G>T
    6.0i           42527470:SNP.CT  376 ( 70)   -678:G>A
    6.0i           42527532:SNP.GA  250 ( 59)   -740:C>T
    6.0i           42528027:SNP.TC   10 ( 59)   -1235:A>G
    6.0i           42528381:SNP.GC    4 ( 31) F -1584:C>G
  CYP2D6.2AW
    6.9e           42522612:SNP.CG  242 ( 48) F 4180:G>C
    6.6e           42523942:SNP.GA  201 ( 50) F 2850:C>T
    6.3e           42525131:SNP.CG  346 ( 53)   1661:G>C
    6.1i           42525951:SNP.AC  277 ( 45)   843:T>G
    6.1i           42526048:SNP.GC  276 ( 46)   746:C>G
    6.1i           42526483:SNP.CA  261 ( 53)   310:G>T
    6.1i           42526548:SNP.TC  303 ( 60)   CYP2D7:i1:5491
    6.1i           42526560:SNP.TG  316 ( 63)   CYP2D7:i1:5503
    6.1i           42526561:SNP.CG  314 ( 63)   CYP2D7:i1:5504
    6.1i           42526566:SNP.AG  312 ( 62)   CYP2D7:i1:5509
    6.1i           42526570:SNP.GC  311 ( 65)   CYP2D7:i1:5513
    6.1i           42526572:SNP.GT  305 ( 63)   CYP2D7:i1:5515
    6.0i           42527470:SNP.CT  376 ( 70)   -678:G>A
    6.0i           42527532:SNP.GA  250 ( 59)   -740:C>T
    6.0i           42528027:SNP.TC   10 ( 59)   -1235:A>G
    6.0i           42528381:SNP.GC    4 ( 31) F -1584:C>G
  CYP2D6.2FW
    6.9e           42522612:SNP.CG  242 ( 48) F 4180:G>C
    6.6e           42523942:SNP.GA  201 ( 50) F 2850:C>T
    6.3e           42525068:SNP.GA    0 (  0)   1724:C>T
    6.3e           42525131:SNP.CG  346 ( 53)   1661:G>C
    6.1i           42525951:SNP.AC  277 ( 45)   843:T>G
    6.1i           42526048:SNP.GC  276 ( 46)   746:C>G
    6.1i           42526483:SNP.CA  261 ( 53)   310:G>T
    6.0i           42527470:SNP.CT  376 ( 70)   -678:G>A
    6.0i           42527532:SNP.GA  250 ( 59)   -740:C>T
    6.0i           42528027:SNP.TC   10 ( 59)   -1235:A>G
    6.0i           42528381:SNP.GC    4 ( 31) F -1584:C>G
  CYP2D6.2HW
    6.9e           42522612:SNP.CG  242 ( 48) F 4180:G>C
    6.6e           42523942:SNP.GA  201 ( 50) F 2850:C>T
    6.5e           42524312:SNP.GA    0 (  0)   2480:C>T
    6.3e           42525131:SNP.CG  346 ( 53)   1661:G>C
    6.1i           42525951:SNP.AC  277 ( 45)   843:T>G
    6.1i           42526048:SNP.GC  276 ( 46)   746:C>G
    6.1i           42526483:SNP.CA  261 ( 53)   310:G>T
    6.0i           42527470:SNP.CT  376 ( 70)   -678:G>A
    6.0i           42527532:SNP.GA  250 ( 59)   -740:C>T
    6.0i           42528027:SNP.TC   10 ( 59)   -1235:A>G
    6.0i           42528381:SNP.GC    4 ( 31) F -1584:C>G
  CYP2D6.2DW
    6.9e           42522612:SNP.CG  242 ( 48) F 4180:G>C
    6.6e           42523942:SNP.GA  201 ( 50) F 2850:C>T
    6.1i           42525951:SNP.AC  277 ( 45)   843:T>G
    6.1i           42526048:SNP.GC  276 ( 46)   746:C>G
    6.1i           42526483:SNP.CA  261 ( 53)   310:G>T
    6.0i           42527470:SNP.CT  376 ( 70)   -678:G>A
    6.0i           42527532:SNP.GA  250 ( 59)   -740:C>T
    6.0i           42528027:SNP.TC   10 ( 59)   -1235:A>G
    6.0i           42528381:SNP.GC    4 ( 31) F -1584:C>G
  CYP2D6.2GW
    6.9e           42522612:SNP.CG  242 ( 48) F 4180:G>C
    6.6e           42523942:SNP.GA  201 ( 50) F 2850:C>T
    6.5e           42524217:SNP.GT    0 (  0)   2575:C>A
    6.5e           42524322:SNP.AG    0 (  0)   2470:T>C
    6.3e           42525131:SNP.CG  346 ( 53)   1661:G>C
    6.1i           42525951:SNP.AC  277 ( 45)   843:T>G
    6.1i           42526048:SNP.GC  276 ( 46)   746:C>G
    6.1i           42526483:SNP.CA  261 ( 53)   310:G>T
    6.0i           42527470:SNP.CT  376 ( 70)   -678:G>A
    6.0i           42527532:SNP.GA  250 ( 59)   -740:C>T
    6.0i           42528027:SNP.TC   10 ( 59)   -1235:A>G
    6.0i           42528381:SNP.GC    4 ( 31) F -1584:C>G
  CYP2D6.2MW
    6.ins          42522311:SNP.CT  215 ( 72)   4481:G>A
    6.9e           42522612:SNP.CG  242 ( 48) F 4180:G>C
    6.7i           42523002:SNP.GA  281 ( 74)   3790:C>T
    6.7i           42523208:SNP.CT  234 ( 51)   3584:G>A
    6.7i           42523408:SNP.TG  366 ( 63)   3384:A>C
    6.6e           42523942:SNP.GA  201 ( 50) F 2850:C>T
    6.3e           42525131:SNP.CG  346 ( 53)   1661:G>C
    6.1i           42525951:SNP.AC  277 ( 45)   843:T>G
    6.1i           42526048:SNP.GC  276 ( 46)   746:C>G
    6.1i           42526483:SNP.CA  261 ( 53)   310:G>T
    6.1i           42526548:SNP.TC  303 ( 60)   CYP2D7:i1:5491
    6.1i           42526560:SNP.TG  316 ( 63)   CYP2D7:i1:5503
    6.1i           42526561:SNP.CG  314 ( 63)   CYP2D7:i1:5504
    6.1i           42526566:SNP.AG  312 ( 62)   CYP2D7:i1:5509
    6.1i           42526570:SNP.GC  311 ( 65)   CYP2D7:i1:5513
    6.1i           42526572:SNP.GT  305 ( 63)   CYP2D7:i1:5515
    6.0i           42527470:SNP.CT  376 ( 70)   -678:G>A
    6.0i           42527532:SNP.GA  250 ( 59)   -740:C>T
    6.0i           42527541:DEL.TC    0 (  0)   -750:delGA
    6.0i           42528027:SNP.TC   10 ( 59)   -1235:A>G
    6.0i           42528381:SNP.GC    4 ( 31) F -1584:C>G
  CYP2D6.2BW
    6.9e           42522612:SNP.CG  242 ( 48) F 4180:G>C
    6.6e           42523942:SNP.GA  201 ( 50) F 2850:C>T
    6.3e           42525131:SNP.CG  346 ( 53)   1661:G>C
    6.2e           42525755:SNP.GA    0 (  0)   1039:C>T
    6.1i           42525951:SNP.AC  277 ( 45)   843:T>G
    6.1i           42526048:SNP.GC  276 ( 46)   746:C>G
    6.1i           42526483:SNP.CA  261 ( 53)   310:G>T
    6.0i           42527470:SNP.CT  376 ( 70)   -678:G>A
    6.0i           42527532:SNP.GA  250 ( 59)   -740:C>T
    6.0i           42528027:SNP.TC   10 ( 59)   -1235:A>G
    6.0i           42528381:SNP.GC    4 ( 31) F -1584:C>G
  CYP2D6.2LW
    6.9e           42522612:SNP.CG  242 ( 48) F 4180:G>C
    6.7i           42523002:SNP.GA  281 ( 74)   3790:C>T
    6.7i           42523208:SNP.CT  234 ( 51)   3584:G>A
    6.7i           42523408:SNP.TG  366 ( 63)   3384:A>C
    6.6e           42523942:SNP.GA  201 ( 50) F 2850:C>T
    6.3e           42525035:SNP.GA    0 (  0)   1757:C>T
    6.3e           42525131:SNP.CG  346 ( 53)   1661:G>C
    6.2i           42525279:SNP.GA    0 (  0)   1513:C>T
    6.1i           42525951:SNP.AC  277 ( 45)   843:T>G
    6.1i           42526048:SNP.GC  276 ( 46)   746:C>G
    6.1i           42526483:SNP.CA  261 ( 53)   310:G>T
    6.0i           42527470:SNP.CT  376 ( 70)   -678:G>A
    6.0i           42527532:SNP.GA  250 ( 59)   -740:C>T
    6.0i           42528027:SNP.TC   10 ( 59)   -1235:A>G
    6.0i           42528095:SNP.CT    0 (  0)   -1298:G>A
    6.0i           42528381:SNP.GC    4 ( 31) F -1584:C>G
  CYP2D6.2EW
    6.9e           42522612:SNP.CG  242 ( 48) F 4180:G>C
    6.6e           42523942:SNP.GA  201 ( 50) F 2850:C>T
    6.3e           42525131:SNP.CG  346 ( 53)   1661:G>C
    6.2e           42525797:SNP.GC    0 (  0)   997:C>G
    6.1i           42525951:SNP.AC  277 ( 45)   843:T>G
    6.1i           42526048:SNP.GC  276 ( 46)   746:C>G
    6.1i           42526483:SNP.CA  261 ( 53)   310:G>T
    6.0i           42527470:SNP.CT  376 ( 70)   -678:G>A
    6.0i           42527532:SNP.GA  250 ( 59)   -740:C>T
    6.0i           42528027:SNP.TC   10 ( 59)   -1235:A>G
    6.0i           42528381:SNP.GC    4 ( 31) F -1584:C>G
  CYP2D6.21B
    6.9e           42522612:SNP.CG  242 ( 48) F 4180:G>C
    6.6e           42523942:SNP.GA  201 ( 50) F 2850:C>T
    6.5e           42524213:INS.g   176 ( 58) F 2579:insC
    6.3e           42525131:SNP.CG  346 ( 53)   1661:G>C
    6.1i           42526548:SNP.TC  303 ( 60)   CYP2D7:i1:5491
    6.1i           42526560:SNP.TG  316 ( 63)   CYP2D7:i1:5503
    6.1i           42526561:SNP.CG  314 ( 63)   CYP2D7:i1:5504
    6.1i           42526566:SNP.AG  312 ( 62)   CYP2D7:i1:5509
    6.1i           42526570:SNP.GC  311 ( 65)   CYP2D7:i1:5513
    6.1i           42526572:SNP.GT  305 ( 63)   CYP2D7:i1:5515
    6.0i           42527470:SNP.CT  376 ( 70)   -678:G>A
    6.0i           42527532:SNP.GA  250 ( 59)   -740:C>T
    6.0i           42528027:SNP.TC   10 ( 59)   -1235:A>G
    6.0i           42528381:SNP.GC    4 ( 31) F -1584:C>G
  CYP2D6.21A
    6.9e           42522612:SNP.CG  242 ( 48) F 4180:G>C
    6.7i           42523208:SNP.CT  234 ( 51)   3584:G>A
    6.6e           42523942:SNP.GA  201 ( 50) F 2850:C>T
    6.5e           42524213:INS.g   176 ( 58) F 2579:insC
    6.3e           42525131:SNP.CG  346 ( 53)   1661:G>C
    6.1i           42526483:SNP.CA  261 ( 53)   310:G>T
    6.1i           42526566:SNP.AG  312 ( 62)   227:T>C
    6.1i           42526570:SNP.GC  311 ( 65)   223:C>G
    6.1i           42526572:SNP.GT  305 ( 63)   221:C>A
    6.1i           42526579:SNP.CG  310 ( 60)   214:G>C
    6.0i           42527421:SNP.TC    0 (  0)   -629:A>G
    6.0i           42527470:SNP.CT  376 ( 70)   -678:G>A
    6.0i           42527532:SNP.GA  250 ( 59)   -740:C>T
    6.0i           42528027:SNP.TC   10 ( 59)   -1235:A>G
    6.0i           42528223:SNP.GA    0 (  0)   -1426:C>T
    6.0i           42528381:SNP.GC    4 ( 31) F -1584:C>G
  CYP2D6.34
    6.6e           42523942:SNP.GA  201 ( 50) F 2850:C>T
  CYP2D6.39
    6.9e           42522612:SNP.CG  242 ( 48) F 4180:G>C
    6.3e           42525131:SNP.CG  346 ( 53)   1661:G>C
  CYP2D6.5
  CYP2D6.61
  CYP2D6.63
    6.7i           42523002:SNP.GA  281 ( 74)   3790:C>T
    6.7i           42523208:SNP.CT  234 ( 51)   3584:G>A
    6.7i           42523408:SNP.TG  366 ( 63)   3384:A>C
    6.6e           42523942:SNP.GA  201 ( 50) F 2850:C>T
    6.3e           42525131:SNP.CG  346 ( 53)   1661:G>C
    6.1i           42525951:SNP.AC  277 ( 45)   843:T>G
    6.1i           42526048:SNP.GC  276 ( 46)   746:C>G
    6.1i           42526483:SNP.CA  261 ( 53)   310:G>T
    6.1i           42526548:SNP.TC  303 ( 60)   CYP2D7:i1:5491
    6.1i           42526560:SNP.TG  316 ( 63)   CYP2D7:i1:5503
    6.1i           42526561:SNP.CG  314 ( 63)   CYP2D7:i1:5504
    6.1i           42526566:SNP.AG  312 ( 62)   CYP2D7:i1:5509
    6.1i           42526570:SNP.GC  311 ( 65)   CYP2D7:i1:5513
    6.1i           42526572:SNP.GT  305 ( 63)   CYP2D7:i1:5515
    6.0i           42527470:SNP.CT  376 ( 70)   -678:G>A
    6.0i           42527532:SNP.GA  250 ( 59)   -740:C>T
    6.0i           42528027:SNP.TC   10 ( 59)   -1235:A>G
    6.0i           42528381:SNP.GC    4 ( 31) F -1584:C>G
  CYP2D6.67$1
  CYP2D6.76$1
  CYP2D6.77$1
  CYP2D6.78$1
  CYP2D6.79$1
  CYP2D6.80$1
  CYP2D6.83
    6.1i           42525951:SNP.AC  277 ( 45)   843:T>G
== Copy Number Estimator ==
CNV factor: 3.27112781368 (0.305704960784)
Coverage per region
  region:  2D6  2D7
  0i   :  2.19  1.90 
  1e   :  1.89  1.73 =  0.15
  1i   :  2.08  1.93 =  0.15
  2e   :  1.63  1.54 =  0.10
  2i   :  1.88  1.58 =  0.30
  3e   :  2.03  1.50 =  0.53
  3i   :  1.86  1.99 
  4e   :  1.53  2.17 
  4i   :  2.02  2.50 
  5e   :  1.89  2.15 = -0.26
  5i   :  1.87  2.27 = -0.40
  6e   :  1.97  2.42 = -0.45
  6i   :  2.00  1.94 =  0.06
  7e   :  1.40  1.63 
  7i   :  2.12  1.78 
  8e   :  1.60  2.28 
  8i   :  2.35  2.57 
  9e   :  2.13  2.26 = -0.13
  ins  :  2.41  1.77 
  pce  :  0.00  2.33 = -2.33
  rep  :  1.64  2.65 
Max. CN = 3
M  Sentinel contraint for 61: A_61^ <= A_61
M  Sentinel contraint for 63: A_63^ <= A_63
M  Sentinel contraint for 67: A_67^ <= A_67
M  Sentinel contraint for 80: A_80^ <= A_80
M  Sentinel contraint for 1: A_1^ <= A_1
M  Sentinel contraint for 5: A_5^ <= A_5
M  Sentinel contraint for 77: A_77^ <= A_77
M  Sentinel contraint for 76: A_76^ <= A_76
M  Sentinel contraint for 79: A_79^ <= A_79
M  Sentinel contraint for 78: A_78^ <= A_78
M  Sentinel contraint for 13: A_13^ <= A_13
M  Sentinel contraint for 16: A_16^ <= A_16
M  Sentinel contraint for 36: A_36^ <= A_36
M  Sentinel contraint for 36: A_36_2 <= A_36
M  Sentinel contraint for 36: A_36_3 <= A_36_2
M  Sentinel contraint for 1: A_1_3 <= A_1_2
M  Contraint for 6e: -0.44597170026 == E_6e + <gurobi.LinExpr: 0.0 A5^ + -1.0 A5^ + A78^ + -0.0 A78^ + A1^ + -1.0 A1^ + A61 + -1.0 A61 + A63 + -1.0 A63 + A1_3 + -0.0 A1_3 + A80^ + -0.0 A80^ + A67 + -0.0 A67 + A80 + -0.0 A80 + A67^ + -0.0 A67^ + A61^ + -1.0 A61^ + 0.0 A77^ + -1.0 A77^ + A63^ + -1.0 A63^ + A1 + -1.0 A1 + 0.0 A16^ + -1.0 A16^ + 0.0 A5 + -1.0 A5 + A36_2 + -0.0 A36_2 + A36_3 + -0.0 A36_3 + A79^ + -0.0 A79^ + 0.0 A77 + -1.0 A77 + 0.0 A76 + -1.0 A76 + A79 + -0.0 A79 + A78 + -0.0 A78 + A36^ + -1.0 A36^ + A13 + -0.0 A13 + 0.0 A76^ + -1.0 A76^ + 0.0 A16 + -1.0 A16 + A36 + -1.0 A36 + A13^ + -0.0 A13^ + A1_2 + -0.0 A1_2>
M  Contraint for 5e: -0.258507184576 == E_5e + <gurobi.LinExpr: 0.0 A5^ + -1.0 A5^ + A78^ + -0.0 A78^ + A1^ + -1.0 A1^ + A61 + -1.0 A61 + A63 + -1.0 A63 + A1_3 + -0.0 A1_3 + A80^ + -0.0 A80^ + 0.5 A67 + -0.5 A67 + A80 + -0.0 A80 + 0.5 A67^ + -0.5 A67^ + A61^ + -1.0 A61^ + 0.0 A77^ + -1.0 A77^ + A63^ + -1.0 A63^ + A1 + -1.0 A1 + 0.0 A16^ + -1.0 A16^ + 0.0 A5 + -1.0 A5 + A36_2 + -0.0 A36_2 + A36_3 + -0.0 A36_3 + A79^ + -0.0 A79^ + 0.0 A77 + -1.0 A77 + 0.0 A76 + -1.0 A76 + A79 + -0.0 A79 + A78 + -0.0 A78 + A36^ + -1.0 A36^ + A13 + -0.0 A13 + 0.0 A76^ + -1.0 A76^ + 0.0 A16 + -1.0 A16 + A36 + -1.0 A36 + A13^ + -0.0 A13^ + A1_2 + -0.0 A1_2>
M  Contraint for 6i: 0.0592397895707 == E_6i + <gurobi.LinExpr: 0.0 A5^ + -1.0 A5^ + A78^ + -0.0 A78^ + A1^ + -1.0 A1^ + A61 + -1.0 A61 + A63 + -1.0 A63 + A1_3 + -0.0 A1_3 + A80^ + -0.0 A80^ + A67 + -0.0 A67 + A80 + -0.0 A80 + A67^ + -0.0 A67^ + A61^ + -1.0 A61^ + 0.0 A77^ + -1.0 A77^ + A63^ + -1.0 A63^ + A1 + -1.0 A1 + 0.0 A16^ + -1.0 A16^ + 0.0 A5 + -1.0 A5 + A36_2 + -0.0 A36_2 + A36_3 + -0.0 A36_3 + A79^ + -0.0 A79^ + 0.0 A77 + -1.0 A77 + 0.0 A76 + -1.0 A76 + A79 + -0.0 A79 + A78 + -0.0 A78 + A36^ + -1.0 A36^ + A13 + -0.0 A13 + 0.0 A76^ + -1.0 A76^ + 0.0 A16 + -1.0 A16 + A36 + -1.0 A36 + A13^ + -0.0 A13^ + A1_2 + -0.0 A1_2>
M  Contraint for 9e: -0.133695874475 == E_9e + <gurobi.LinExpr: 0.0 A5^ + -1.0 A5^ + A78^ + -0.0 A78^ + A1^ + -1.0 A1^ + 0.0 A61 + -2.0 A61 + 0.0 A63 + -2.0 A63 + A1_3 + -0.0 A1_3 + A80^ + -0.0 A80^ + A67 + -0.0 A67 + A80 + -0.0 A80 + A67^ + -0.0 A67^ + 0.0 A61^ + -2.0 A61^ + A77^ + -0.0 A77^ + 0.0 A63^ + -2.0 A63^ + A1 + -1.0 A1 + A16^ + -0.0 A16^ + 0.0 A5 + -1.0 A5 + 0.0 A36_2 + -1.0 A36_2 + 0.0 A36_3 + -1.0 A36_3 + A79^ + -0.0 A79^ + A77 + -0.0 A77 + 0.5 A76 + -0.5 A76 + A79 + -0.0 A79 + A78 + -0.0 A78 + 0.0 A36^ + -2.0 A36^ + A13 + -0.0 A13 + 0.5 A76^ + -0.5 A76^ + A16 + -0.0 A16 + 0.0 A36 + -2.0 A36 + A13^ + -0.0 A13^ + A1_2 + -0.0 A1_2>
M  Contraint for 2e: 0.0977685739224 == E_2e + <gurobi.LinExpr: 0.0 A5^ + -1.0 A5^ + 0.0 A78^ + -1.0 A78^ + A1^ + -1.0 A1^ + A61 + -1.0 A61 + A63 + -1.0 A63 + A1_3 + -0.0 A1_3 + 0.0 A80^ + -1.0 A80^ + 0.0 A67 + -1.0 A67 + 0.0 A80 + -1.0 A80 + 0.0 A67^ + -1.0 A67^ + A61^ + -1.0 A61^ + 0.0 A77^ + -1.0 A77^ + A63^ + -1.0 A63^ + A1 + -1.0 A1 + 0.0 A16^ + -1.0 A16^ + 0.0 A5 + -1.0 A5 + A36_2 + -0.0 A36_2 + A36_3 + -0.0 A36_3 + 0.5 A79^ + -0.5 A79^ + 0.0 A77 + -1.0 A77 + 0.0 A76 + -1.0 A76 + 0.5 A79 + -0.5 A79 + 0.0 A78 + -1.0 A78 + A36^ + -1.0 A36^ + A13 + -0.0 A13 + 0.0 A76^ + -1.0 A76^ + 0.0 A16 + -1.0 A16 + A36 + -1.0 A36 + A13^ + -0.0 A13^ + A1_2 + -0.0 A1_2>
M  Contraint for 1e: 0.151042001605 == E_1e + <gurobi.LinExpr: 0.0 A5^ + -1.0 A5^ + 0.0 A78^ + -1.0 A78^ + A1^ + -1.0 A1^ + A61 + -1.0 A61 + A63 + -1.0 A63 + A1_3 + -0.0 A1_3 + 0.0 A80^ + -1.0 A80^ + 0.0 A67 + -1.0 A67 + 0.0 A80 + -1.0 A80 + 0.0 A67^ + -1.0 A67^ + A61^ + -1.0 A61^ + 0.0 A77^ + -1.0 A77^ + A63^ + -1.0 A63^ + A1 + -1.0 A1 + 0.0 A16^ + -1.0 A16^ + 0.0 A5 + -1.0 A5 + A36_2 + -0.0 A36_2 + A36_3 + -0.0 A36_3 + 0.0 A79^ + -1.0 A79^ + 0.0 A77 + -1.0 A77 + 0.0 A76 + -1.0 A76 + 0.0 A79 + -1.0 A79 + 0.0 A78 + -1.0 A78 + A36^ + -1.0 A36^ + 0.0 A13 + -1.0 A13 + 0.0 A76^ + -1.0 A76^ + 0.0 A16 + -1.0 A16 + A36 + -1.0 A36 + 0.0 A13^ + -1.0 A13^ + A1_2 + -0.0 A1_2>
M  Contraint for 1i: 0.154871223769 == E_1i + <gurobi.LinExpr: 0.0 A5^ + -1.0 A5^ + 0.0 A78^ + -1.0 A78^ + A1^ + -1.0 A1^ + A61 + -1.0 A61 + A63 + -1.0 A63 + A1_3 + -0.0 A1_3 + 0.0 A80^ + -1.0 A80^ + 0.0 A67 + -1.0 A67 + 0.0 A80 + -1.0 A80 + 0.0 A67^ + -1.0 A67^ + A61^ + -1.0 A61^ + 0.0 A77^ + -1.0 A77^ + A63^ + -1.0 A63^ + A1 + -1.0 A1 + 0.0 A16^ + -1.0 A16^ + 0.0 A5 + -1.0 A5 + A36_2 + -0.0 A36_2 + A36_3 + -0.0 A36_3 + 0.0 A79^ + -1.0 A79^ + 0.0 A77 + -1.0 A77 + 0.0 A76 + -1.0 A76 + 0.0 A79 + -1.0 A79 + 0.0 A78 + -1.0 A78 + A36^ + -1.0 A36^ + 0.5 A13 + -0.5 A13 + 0.0 A76^ + -1.0 A76^ + 0.0 A16 + -1.0 A16 + A36 + -1.0 A36 + 0.5 A13^ + -0.5 A13^ + A1_2 + -0.0 A1_2>
M  Contraint for 5i: -0.400566752033 == E_5i + <gurobi.LinExpr: 0.0 A5^ + -1.0 A5^ + A78^ + -0.0 A78^ + A1^ + -1.0 A1^ + A61 + -1.0 A61 + A63 + -1.0 A63 + A1_3 + -0.0 A1_3 + A80^ + -0.0 A80^ + A67 + -0.0 A67 + A80 + -0.0 A80 + A67^ + -0.0 A67^ + A61^ + -1.0 A61^ + 0.0 A77^ + -1.0 A77^ + A63^ + -1.0 A63^ + A1 + -1.0 A1 + 0.0 A16^ + -1.0 A16^ + 0.0 A5 + -1.0 A5 + A36_2 + -0.0 A36_2 + A36_3 + -0.0 A36_3 + A79^ + -0.0 A79^ + 0.0 A77 + -1.0 A77 + 0.0 A76 + -1.0 A76 + A79 + -0.0 A79 + A78 + -0.0 A78 + A36^ + -1.0 A36^ + A13 + -0.0 A13 + 0.0 A76^ + -1.0 A76^ + 0.0 A16 + -1.0 A16 + A36 + -1.0 A36 + A13^ + -0.0 A13^ + A1_2 + -0.0 A1_2>
M  Contraint for 2i: 0.295531632404 == E_2i + <gurobi.LinExpr: 0.0 A5^ + -1.0 A5^ + 0.0 A78^ + -1.0 A78^ + A1^ + -1.0 A1^ + A61 + -1.0 A61 + A63 + -1.0 A63 + A1_3 + -0.0 A1_3 + 0.5 A80^ + -0.5 A80^ + 0.0 A67 + -1.0 A67 + 0.5 A80 + -0.5 A80 + 0.0 A67^ + -1.0 A67^ + A61^ + -1.0 A61^ + 0.0 A77^ + -1.0 A77^ + A63^ + -1.0 A63^ + A1 + -1.0 A1 + 0.0 A16^ + -1.0 A16^ + 0.0 A5 + -1.0 A5 + A36_2 + -0.0 A36_2 + A36_3 + -0.0 A36_3 + A79^ + -0.0 A79^ + 0.0 A77 + -1.0 A77 + 0.0 A76 + -1.0 A76 + A79 + -0.0 A79 + 0.0 A78 + -1.0 A78 + A36^ + -1.0 A36^ + A13 + -0.0 A13 + 0.0 A76^ + -1.0 A76^ + 0.0 A16 + -1.0 A16 + A36 + -1.0 A36 + A13^ + -0.0 A13^ + A1_2 + -0.0 A1_2>
M  Contraint for 3e: 0.529497190774 == E_3e + <gurobi.LinExpr: 0.0 A5^ + -1.0 A5^ + 0.0 A78^ + -1.0 A78^ + A1^ + -1.0 A1^ + A61 + -1.0 A61 + A63 + -1.0 A63 + A1_3 + -0.0 A1_3 + A80^ + -0.0 A80^ + 0.0 A67 + -1.0 A67 + A80 + -0.0 A80 + 0.0 A67^ + -1.0 A67^ + A61^ + -1.0 A61^ + 0.0 A77^ + -1.0 A77^ + A63^ + -1.0 A63^ + A1 + -1.0 A1 + 0.0 A16^ + -1.0 A16^ + 0.0 A5 + -1.0 A5 + A36_2 + -0.0 A36_2 + A36_3 + -0.0 A36_3 + A79^ + -0.0 A79^ + 0.0 A77 + -1.0 A77 + 0.0 A76 + -1.0 A76 + A79 + -0.0 A79 + 0.0 A78 + -1.0 A78 + A36^ + -1.0 A36^ + A13 + -0.0 A13 + 0.0 A76^ + -1.0 A76^ + 0.0 A16 + -1.0 A16 + A36 + -1.0 A36 + A13^ + -0.0 A13^ + A1_2 + -0.0 A1_2>
M  Contraint for pce: -2.32942582371 == E_pce + <gurobi.LinExpr: 0.0 A5^ + -1.0 A5^ + A78^ + -0.0 A78^ + 0.0 A1^ + -1.0 A1^ + 0.0 A61 + -2.0 A61 + 0.0 A63 + -2.0 A63 + 0.0 A1_3 + -0.0 A1_3 + A80^ + -0.0 A80^ + A67 + -0.0 A67 + A80 + -0.0 A80 + A67^ + -0.0 A67^ + 0.0 A61^ + -2.0 A61^ + A77^ + -0.0 A77^ + 0.0 A63^ + -2.0 A63^ + 0.0 A1 + -1.0 A1 + A16^ + -0.0 A16^ + 0.0 A5 + -1.0 A5 + 0.0 A36_2 + -1.0 A36_2 + 0.0 A36_3 + -1.0 A36_3 + A79^ + -0.0 A79^ + A77 + -0.0 A77 + A76 + -0.0 A76 + A79 + -0.0 A79 + A78 + -0.0 A78 + 0.0 A36^ + -2.0 A36^ + A13 + -0.0 A13 + A76^ + -0.0 A76^ + A16 + -0.0 A16 + 0.0 A36 + -2.0 A36 + A13^ + -0.0 A13^ + 0.0 A1_2 + -0.0 A1_2>
M  Objective: <gurobi.LinExpr: C41 + C42 + C43 + C44 + C45 + C46 + C47 + C48 + C49 + C50 + 1.5 C51 + 0.5 A5^ + 0.5 A78^ + 0.5 A1^ + 0.5 A61 + 0.5 A63 + 0.5 A1_3 + 0.5 A80^ + 0.5 A67 + 0.5 A80 + 0.5 A67^ + 0.5 A61^ + 0.5 A77^ + 0.5 A63^ + 0.5 A1 + 0.5 A16^ + 0.5 A5 + 0.5 A36_2 + 0.5 A36_3 + 0.5 A79^ + 0.5 A77 + 0.5 A76 + 0.5 A79 + 0.5 A78 + 0.5 A36^ + 0.5 A13 + 0.5 A76^ + 0.5 A16 + 0.5 A36 + 0.5 A13^ + 0.5 A1_2 + 0.1 A78^ + 0.1 A80^ + 0.1 A67 + 0.1 A80 + 0.1 A67^ + 0.1 A77^ + 0.1 A16^ + 0.1 A79^ + 0.1 A77 + 0.1 A76 + 0.1 A79 + 0.1 A78 + 0.1 A13 + 0.1 A76^ + 0.1 A16 + 0.1 A13^>
CN Solver status: optimal, opt: 4.02083065895
  Solutions:
    ('1', '1^')
== Initial Solver ==
Solving Counter({'1': 2})
Possible candidates:
  CYP2D6.1
  CYP2D6.2A
    6.0i 42528381:SNP.GC    4 ( 31) F -1584:C>G
    6.9e 42522612:SNP.CG  242 ( 48) F 4180:G>C
    6.6e 42523942:SNP.GA  201 ( 50) F 2850:C>T
  CYP2D6.2B
    6.9e 42522612:SNP.CG  242 ( 48) F 4180:G>C
    6.6e 42523942:SNP.GA  201 ( 50) F 2850:C>T
  CYP2D6.21A
    6.0i 42528381:SNP.GC    4 ( 31) F -1584:C>G
    6.9e 42522612:SNP.CG  242 ( 48) F 4180:G>C
    6.6e 42523942:SNP.GA  201 ( 50) F 2850:C>T
    6.5e 42524213:INS.g  176 ( 58) F 2579:insC
  CYP2D6.34
    6.6e 42523942:SNP.GA  201 ( 50) F 2850:C>T
  CYP2D6.39
    6.9e 42522612:SNP.CG  242 ( 48) F 4180:G>C
M  Max. CN for 39 = 2
M  Max. CN for 34 = 2
M  Max. CN for 1 = 2
M  Max. CN for 2A = 2
M  Max. CN for 2B = 2
M  Max. CN for 21A = 2
M  Contraint for 42528381:REF 6.0i: 9 == <gurobi.QuadExpr: 6.5 21A_2 + 6.5 39 + 6.5 39_2 + 6.5 34 + 6.5 1 + 6.5 2A + 6.5 2B + 6.5 21A + 6.5 2A_2 + 6.5 2B_2 + 6.5 34_2 + 6.5 1_2 + [ -6.5 REG_21A_2_42528381:SNP.GC * 21A_2 + -6.5 REG_2A_42528381:SNP.GC * 2A + -6.5 REG_21A_42528381:SNP.GC * 21A + -6.5 REG_2A_2_42528381:SNP.GC * 2A_2 ]> + err
M  Contraint for 42523942:REF 6.6e: 204 == <gurobi.QuadExpr: 202.5 21A_2 + 202.5 39 + 202.5 39_2 + 202.5 34 + 202.5 1 + 202.5 2A + 202.5 2B + 202.5 21A + 202.5 2A_2 + 202.5 2B_2 + 202.5 34_2 + 202.5 1_2 + [ -202.5 REG_21A_2_42523942:SNP.GA * 21A_2 + -202.5 REG_34_42523942:SNP.GA * 34 + -202.5 REG_2A_42523942:SNP.GA * 2A + -202.5 REG_2B_42523942:SNP.GA * 2B + -202.5 REG_21A_42523942:SNP.GA * 21A + -202.5 REG_2A_2_42523942:SNP.GA * 2A_2 + -202.5 REG_2B_2_42523942:SNP.GA * 2B_2 + -202.5 REG_34_2_42523942:SNP.GA * 34_2 ]> + err
M  Contraint for 42524213:INS.g 6.5e: 176 == <gurobi.QuadExpr: 0.0 + [ 153.0 REG_21A_2_42524213:INS.g * 21A_2 + 153.0 REG_21A_42524213:INS.g * 21A ]> + err
M  Contraint for 42522612:REF 6.9e: 261 == <gurobi.QuadExpr: 251.5 21A_2 + 251.5 39 + 251.5 39_2 + 251.5 34 + 251.5 1 + 251.5 2A + 251.5 2B + 251.5 21A + 251.5 2A_2 + 251.5 2B_2 + 251.5 34_2 + 251.5 1_2 + [ -251.5 REG_21A_2_42522612:SNP.CG * 21A_2 + -251.5 REG_39_42522612:SNP.CG * 39 + -251.5 REG_39_2_42522612:SNP.CG * 39_2 + -251.5 REG_2A_42522612:SNP.CG * 2A + -251.5 REG_2B_42522612:SNP.CG * 2B + -251.5 REG_21A_42522612:SNP.CG * 21A + -251.5 REG_2A_2_42522612:SNP.CG * 2A_2 + -251.5 REG_2B_2_42522612:SNP.CG * 2B_2 ]> + err
M  Contraint for 42523942:SNP.GA 6.6e: 201 == <gurobi.QuadExpr: 0.0 + [ 202.5 REG_21A_2_42523942:SNP.GA * 21A_2 + 202.5 REG_34_42523942:SNP.GA * 34 + 202.5 REG_2A_42523942:SNP.GA * 2A + 202.5 REG_2B_42523942:SNP.GA * 2B + 202.5 REG_21A_42523942:SNP.GA * 21A + 202.5 REG_2A_2_42523942:SNP.GA * 2A_2 + 202.5 REG_2B_2_42523942:SNP.GA * 2B_2 + 202.5 REG_34_2_42523942:SNP.GA * 34_2 ]> + err
M  Contraint for 42528381:SNP.GC 6.0i: 4 == <gurobi.QuadExpr: 0.0 + [ 6.5 REG_21A_2_42528381:SNP.GC * 21A_2 + 6.5 REG_2A_42528381:SNP.GC * 2A + 6.5 REG_21A_42528381:SNP.GC * 21A + 6.5 REG_2A_2_42528381:SNP.GC * 2A_2 ]> + err
M  Contraint for 42522612:SNP.CG 6.9e: 242 == <gurobi.QuadExpr: 0.0 + [ 251.5 REG_21A_2_42522612:SNP.CG * 21A_2 + 251.5 REG_39_42522612:SNP.CG * 39 + 251.5 REG_39_2_42522612:SNP.CG * 39_2 + 251.5 REG_2A_42522612:SNP.CG * 2A + 251.5 REG_2B_42522612:SNP.CG * 2B + 251.5 REG_21A_42522612:SNP.CG * 21A + 251.5 REG_2A_2_42522612:SNP.CG * 2A_2 + 251.5 REG_2B_2_42522612:SNP.CG * 2B_2 ]> + err
M  Contraint for 39 42522612:SNP.CG: <gurobi.Var 39> >= <gurobi.Var REG_39_42522612:SNP.CG>
M  Contraint for 34_2 42523942:SNP.GA: <gurobi.Var 34_2> >= <gurobi.Var REG_34_2_42523942:SNP.GA>
M  Contraint for 39_2 42522612:SNP.CG: <gurobi.Var 39_2> >= <gurobi.Var REG_39_2_42522612:SNP.CG>
M  Contraint for 34 42523942:SNP.GA: <gurobi.Var 34> >= <gurobi.Var REG_34_42523942:SNP.GA>
M  Contraint for 2A 42523942:SNP.GA: <gurobi.Var 2A> >= <gurobi.Var REG_2A_42523942:SNP.GA>
M  Contraint for 2A 42528381:SNP.GC: <gurobi.Var 2A> >= <gurobi.Var REG_2A_42528381:SNP.GC>
M  Contraint for 2A 42522612:SNP.CG: <gurobi.Var 2A> >= <gurobi.Var REG_2A_42522612:SNP.CG>
M  Contraint for 2B 42523942:SNP.GA: <gurobi.Var 2B> >= <gurobi.Var REG_2B_42523942:SNP.GA>
M  Contraint for 2B 42522612:SNP.CG: <gurobi.Var 2B> >= <gurobi.Var REG_2B_42522612:SNP.CG>
M  Contraint for 21A 42523942:SNP.GA: <gurobi.Var 21A> >= <gurobi.Var REG_21A_42523942:SNP.GA>
M  Contraint for 21A 42528381:SNP.GC: <gurobi.Var 21A> >= <gurobi.Var REG_21A_42528381:SNP.GC>
M  Contraint for 21A 42524213:INS.g: <gurobi.Var 21A> >= <gurobi.Var REG_21A_42524213:INS.g>
M  Contraint for 21A 42522612:SNP.CG: <gurobi.Var 21A> >= <gurobi.Var REG_21A_42522612:SNP.CG>
M  Contraint for 2A_2 42523942:SNP.GA: <gurobi.Var 2A_2> >= <gurobi.Var REG_2A_2_42523942:SNP.GA>
M  Contraint for 2A_2 42528381:SNP.GC: <gurobi.Var 2A_2> >= <gurobi.Var REG_2A_2_42528381:SNP.GC>
M  Contraint for 2A_2 42522612:SNP.CG: <gurobi.Var 2A_2> >= <gurobi.Var REG_2A_2_42522612:SNP.CG>
M  Contraint for 21A_2 42523942:SNP.GA: <gurobi.Var 21A_2> >= <gurobi.Var REG_21A_2_42523942:SNP.GA>
M  Contraint for 21A_2 42528381:SNP.GC: <gurobi.Var 21A_2> >= <gurobi.Var REG_21A_2_42528381:SNP.GC>
M  Contraint for 21A_2 42524213:INS.g: <gurobi.Var 21A_2> >= <gurobi.Var REG_21A_2_42524213:INS.g>
M  Contraint for 21A_2 42522612:SNP.CG: <gurobi.Var 21A_2> >= <gurobi.Var REG_21A_2_42522612:SNP.CG>
M  Contraint for 2B_2 42523942:SNP.GA: <gurobi.Var 2B_2> >= <gurobi.Var REG_2B_2_42523942:SNP.GA>
M  Contraint for 2B_2 42522612:SNP.CG: <gurobi.Var 2B_2> >= <gurobi.Var REG_2B_2_42522612:SNP.CG>
M  CN contraint for 1: 2 == <gurobi.LinExpr: 39 + 34_2 + 39_2 + 34 + 1 + 2A + 2B + 21A + 2A_2 + 1_2 + 21A_2 + 2B_2>
M  Sentinel contraint for 39: A_39_2 <= A_39
M  Sentinel contraint for 34: A_34_2 <= A_34
M  Sentinel contraint for 1: A_1_2 <= A_1
M  Sentinel contraint for 2A: A_2A_2 <= A_2A
M  Sentinel contraint for 2B: A_2B_2 <= A_2B
M  Sentinel contraint for 21A: A_21A_2 <= A_21A
M  Objective: <gurobi.LinExpr: C59 + C60 + C61 + C62 + C63 + C64 + C65>
M  Contraint for 21A_2: A_21A_2 * (<gurobi.LinExpr: REG_21A_2_42522612:SNP.CG + REG_21A_2_42523942:SNP.GA + REG_21A_2_42524213:INS.g + REG_21A_2_42528381:SNP.GC> - 4) == 0
M  Contraint for 39: A_39 * (<gurobi.LinExpr: REG_39_42522612:SNP.CG> - 1) == 0
M  Contraint for 39_2: A_39_2 * (<gurobi.LinExpr: REG_39_2_42522612:SNP.CG> - 1) == 0
M  Contraint for 34: A_34 * (<gurobi.LinExpr: REG_34_42523942:SNP.GA> - 1) == 0
M  Contraint for 2A: A_2A * (<gurobi.LinExpr: REG_2A_42522612:SNP.CG + REG_2A_42523942:SNP.GA + REG_2A_42528381:SNP.GC> - 3) == 0
M  Contraint for 2B: A_2B * (<gurobi.LinExpr: REG_2B_42522612:SNP.CG + REG_2B_42523942:SNP.GA> - 2) == 0
M  Contraint for 21A: A_21A * (<gurobi.LinExpr: REG_21A_42522612:SNP.CG + REG_21A_42523942:SNP.GA + REG_21A_42524213:INS.g + REG_21A_42528381:SNP.GC> - 4) == 0
M  Contraint for 2A_2: A_2A_2 * (<gurobi.LinExpr: REG_2A_2_42522612:SNP.CG + REG_2A_2_42523942:SNP.GA + REG_2A_2_42528381:SNP.GC> - 3) == 0
M  Contraint for 2B_2: A_2B_2 * (<gurobi.LinExpr: REG_2B_2_42522612:SNP.CG + REG_2B_2_42523942:SNP.GA> - 2) == 0
M  Contraint for 34_2: A_34_2 * (<gurobi.LinExpr: REG_34_2_42523942:SNP.GA> - 1) == 0
M  Contraint for 42522612:SNP.CG: 1 <= <gurobi.QuadExpr: 0.0 + [ 21A_2 * REG_21A_2_42522612:SNP.CG + 39 * REG_39_42522612:SNP.CG + 39_2 * REG_39_2_42522612:SNP.CG + 2A * REG_2A_42522612:SNP.CG + 2B * REG_2B_42522612:SNP.CG + 21A * REG_21A_42522612:SNP.CG + 2A_2 * REG_2A_2_42522612:SNP.CG + 2B_2 * REG_2B_2_42522612:SNP.CG ]>
M  Contraint for 42523942:SNP.GA: 1 <= <gurobi.QuadExpr: 0.0 + [ 21A_2 * REG_21A_2_42523942:SNP.GA + 34 * REG_34_42523942:SNP.GA + 2A * REG_2A_42523942:SNP.GA + 2B * REG_2B_42523942:SNP.GA + 21A * REG_21A_42523942:SNP.GA + 2A_2 * REG_2A_2_42523942:SNP.GA + 2B_2 * REG_2B_2_42523942:SNP.GA + 34_2 * REG_34_2_42523942:SNP.GA ]>
M  Contraint for 42524213:INS.g: 1 <= <gurobi.QuadExpr: 0.0 + [ 21A_2 * REG_21A_2_42524213:INS.g + 21A * REG_21A_42524213:INS.g ]>
M  Contraint for 42528381:SNP.GC: 1 <= <gurobi.QuadExpr: 0.0 + [ 21A_2 * REG_21A_2_42528381:SNP.GC + 2A * REG_2A_42528381:SNP.GC + 21A * REG_21A_42528381:SNP.GC + 2A_2 * REG_2A_2_42528381:SNP.GC ]>
M  Contraint for 42522612:SNP.CG: 1 <= <gurobi.QuadExpr: 0.0 + [ 21A_2 * REG_21A_2_42522612:SNP.CG + 39 * REG_39_42522612:SNP.CG + 39_2 * REG_39_2_42522612:SNP.CG + 2A * REG_2A_42522612:SNP.CG + 2B * REG_2B_42522612:SNP.CG + 21A * REG_21A_42522612:SNP.CG + 2A_2 * REG_2A_2_42522612:SNP.CG + 2B_2 * REG_2B_2_42522612:SNP.CG ]>
M  Contraint for 42522612:SNP.CG: 1 <= <gurobi.QuadExpr: 0.0 + [ 21A_2 * REG_21A_2_42522612:SNP.CG + 39 * REG_39_42522612:SNP.CG + 39_2 * REG_39_2_42522612:SNP.CG + 2A * REG_2A_42522612:SNP.CG + 2B * REG_2B_42522612:SNP.CG + 21A * REG_21A_42522612:SNP.CG + 2A_2 * REG_2A_2_42522612:SNP.CG + 2B_2 * REG_2B_2_42522612:SNP.CG ]>
M  Contraint for 42523942:SNP.GA: 1 <= <gurobi.QuadExpr: 0.0 + [ 21A_2 * REG_21A_2_42523942:SNP.GA + 34 * REG_34_42523942:SNP.GA + 2A * REG_2A_42523942:SNP.GA + 2B * REG_2B_42523942:SNP.GA + 21A * REG_21A_42523942:SNP.GA + 2A_2 * REG_2A_2_42523942:SNP.GA + 2B_2 * REG_2B_2_42523942:SNP.GA + 34_2 * REG_34_2_42523942:SNP.GA ]>
M  Contraint for 42522612:SNP.CG: 1 <= <gurobi.QuadExpr: 0.0 + [ 21A_2 * REG_21A_2_42522612:SNP.CG + 39 * REG_39_42522612:SNP.CG + 39_2 * REG_39_2_42522612:SNP.CG + 2A * REG_2A_42522612:SNP.CG + 2B * REG_2B_42522612:SNP.CG + 21A * REG_21A_42522612:SNP.CG + 2A_2 * REG_2A_2_42522612:SNP.CG + 2B_2 * REG_2B_2_42522612:SNP.CG ]>
M  Contraint for 42523942:SNP.GA: 1 <= <gurobi.QuadExpr: 0.0 + [ 21A_2 * REG_21A_2_42523942:SNP.GA + 34 * REG_34_42523942:SNP.GA + 2A * REG_2A_42523942:SNP.GA + 2B * REG_2B_42523942:SNP.GA + 21A * REG_21A_42523942:SNP.GA + 2A_2 * REG_2A_2_42523942:SNP.GA + 2B_2 * REG_2B_2_42523942:SNP.GA + 34_2 * REG_34_2_42523942:SNP.GA ]>
M  Contraint for 42528381:SNP.GC: 1 <= <gurobi.QuadExpr: 0.0 + [ 21A_2 * REG_21A_2_42528381:SNP.GC + 2A * REG_2A_42528381:SNP.GC + 21A * REG_21A_42528381:SNP.GC + 2A_2 * REG_2A_2_42528381:SNP.GC ]>
M  Contraint for 42522612:SNP.CG: 1 <= <gurobi.QuadExpr: 0.0 + [ 21A_2 * REG_21A_2_42522612:SNP.CG + 39 * REG_39_42522612:SNP.CG + 39_2 * REG_39_2_42522612:SNP.CG + 2A * REG_2A_42522612:SNP.CG + 2B * REG_2B_42522612:SNP.CG + 21A * REG_21A_42522612:SNP.CG + 2A_2 * REG_2A_2_42522612:SNP.CG + 2B_2 * REG_2B_2_42522612:SNP.CG ]>
M  Contraint for 42523942:SNP.GA: 1 <= <gurobi.QuadExpr: 0.0 + [ 21A_2 * REG_21A_2_42523942:SNP.GA + 34 * REG_34_42523942:SNP.GA + 2A * REG_2A_42523942:SNP.GA + 2B * REG_2B_42523942:SNP.GA + 21A * REG_21A_42523942:SNP.GA + 2A_2 * REG_2A_2_42523942:SNP.GA + 2B_2 * REG_2B_2_42523942:SNP.GA + 34_2 * REG_34_2_42523942:SNP.GA ]>
M  Contraint for 42522612:SNP.CG: 1 <= <gurobi.QuadExpr: 0.0 + [ 21A_2 * REG_21A_2_42522612:SNP.CG + 39 * REG_39_42522612:SNP.CG + 39_2 * REG_39_2_42522612:SNP.CG + 2A * REG_2A_42522612:SNP.CG + 2B * REG_2B_42522612:SNP.CG + 21A * REG_21A_42522612:SNP.CG + 2A_2 * REG_2A_2_42522612:SNP.CG + 2B_2 * REG_2B_2_42522612:SNP.CG ]>
M  Contraint for 42523942:SNP.GA: 1 <= <gurobi.QuadExpr: 0.0 + [ 21A_2 * REG_21A_2_42523942:SNP.GA + 34 * REG_34_42523942:SNP.GA + 2A * REG_2A_42523942:SNP.GA + 2B * REG_2B_42523942:SNP.GA + 21A * REG_21A_42523942:SNP.GA + 2A_2 * REG_2A_2_42523942:SNP.GA + 2B_2 * REG_2B_2_42523942:SNP.GA + 34_2 * REG_34_2_42523942:SNP.GA ]>
M  Contraint for 42524213:INS.g: 1 <= <gurobi.QuadExpr: 0.0 + [ 21A_2 * REG_21A_2_42524213:INS.g + 21A * REG_21A_42524213:INS.g ]>
M  Contraint for 42528381:SNP.GC: 1 <= <gurobi.QuadExpr: 0.0 + [ 21A_2 * REG_21A_2_42528381:SNP.GC + 2A * REG_2A_42528381:SNP.GC + 21A * REG_21A_42528381:SNP.GC + 2A_2 * REG_2A_2_42528381:SNP.GC ]>
M  Contraint for 42522612:SNP.CG: 1 <= <gurobi.QuadExpr: 0.0 + [ 21A_2 * REG_21A_2_42522612:SNP.CG + 39 * REG_39_42522612:SNP.CG + 39_2 * REG_39_2_42522612:SNP.CG + 2A * REG_2A_42522612:SNP.CG + 2B * REG_2B_42522612:SNP.CG + 21A * REG_21A_42522612:SNP.CG + 2A_2 * REG_2A_2_42522612:SNP.CG + 2B_2 * REG_2B_2_42522612:SNP.CG ]>
M  Contraint for 42523942:SNP.GA: 1 <= <gurobi.QuadExpr: 0.0 + [ 21A_2 * REG_21A_2_42523942:SNP.GA + 34 * REG_34_42523942:SNP.GA + 2A * REG_2A_42523942:SNP.GA + 2B * REG_2B_42523942:SNP.GA + 21A * REG_21A_42523942:SNP.GA + 2A_2 * REG_2A_2_42523942:SNP.GA + 2B_2 * REG_2B_2_42523942:SNP.GA + 34_2 * REG_34_2_42523942:SNP.GA ]>
M  Contraint for 42528381:SNP.GC: 1 <= <gurobi.QuadExpr: 0.0 + [ 21A_2 * REG_21A_2_42528381:SNP.GC + 2A * REG_2A_42528381:SNP.GC + 21A * REG_21A_42528381:SNP.GC + 2A_2 * REG_2A_2_42528381:SNP.GC ]>
M  Contraint for 42522612:SNP.CG: 1 <= <gurobi.QuadExpr: 0.0 + [ 21A_2 * REG_21A_2_42522612:SNP.CG + 39 * REG_39_42522612:SNP.CG + 39_2 * REG_39_2_42522612:SNP.CG + 2A * REG_2A_42522612:SNP.CG + 2B * REG_2B_42522612:SNP.CG + 21A * REG_21A_42522612:SNP.CG + 2A_2 * REG_2A_2_42522612:SNP.CG + 2B_2 * REG_2B_2_42522612:SNP.CG ]>
M  Contraint for 42523942:SNP.GA: 1 <= <gurobi.QuadExpr: 0.0 + [ 21A_2 * REG_21A_2_42523942:SNP.GA + 34 * REG_34_42523942:SNP.GA + 2A * REG_2A_42523942:SNP.GA + 2B * REG_2B_42523942:SNP.GA + 21A * REG_21A_42523942:SNP.GA + 2A_2 * REG_2A_2_42523942:SNP.GA + 2B_2 * REG_2B_2_42523942:SNP.GA + 34_2 * REG_34_2_42523942:SNP.GA ]>
M  Contraint for 42523942:SNP.GA: 1 <= <gurobi.QuadExpr: 0.0 + [ 21A_2 * REG_21A_2_42523942:SNP.GA + 34 * REG_34_42523942:SNP.GA + 2A * REG_2A_42523942:SNP.GA + 2B * REG_2B_42523942:SNP.GA + 21A * REG_21A_42523942:SNP.GA + 2A_2 * REG_2A_2_42523942:SNP.GA + 2B_2 * REG_2B_2_42523942:SNP.GA + 34_2 * REG_34_2_42523942:SNP.GA ]>
CN Solver status: optimal, opt: 50.0
  solution:
    ('1', '21A')
[32;01mCopy number best structures:[39;49;00m
[32;01m  (1) 2x*1-like[39;49;00m
== Refiner ==
Refining ('1', '21A')
M  CN constraint for 1: 1 == <gurobi.LinExpr: 1 + 1C + 1B + 1D + 1E>
M  CN constraint for 21A: 1 == <gurobi.LinExpr: 21B + 21A>
M  Contraint for 42524923:SNP.AG 6.4e: 0 == <gurobi.QuadExpr: 0.0 + [ 291.5 EXT_1_42524923:SNP.AG * 1 + 291.5 EXT_1C_42524923:SNP.AG * 1C + 291.5 EXT_1B_42524923:SNP.AG * 1B + 291.5 EXT_21B_42524923:SNP.AG * 21B + 291.5 EXT_1D_42524923:SNP.AG * 1D + 291.5 EXT_21A_42524923:SNP.AG * 21A + 291.5 REG_1E_42524923:SNP.AG * 1E ]> + err
M  Contraint for 42525131:SNP.CG 6.3e: 346 == <gurobi.QuadExpr: 0.0 + [ 329.5 EXT_1_42525131:SNP.CG * 1 + 329.5 EXT_1C_42525131:SNP.CG * 1C + 329.5 EXT_1B_42525131:SNP.CG * 1B + 329.5 REG_21B_42525131:SNP.CG * 21B + 329.5 EXT_1D_42525131:SNP.CG * 1D + 329.5 REG_21A_42525131:SNP.CG * 21A + 329.5 EXT_1E_42525131:SNP.CG * 1E ]> + err
M  Contraint for 42522964:SNP.CT 6.8e: 0 == <gurobi.QuadExpr: 0.0 + [ 226.5 EXT_1_42522964:SNP.CT * 1 + 226.5 EXT_1C_42522964:SNP.CT * 1C + 226.5 REG_1B_42522964:SNP.CT * 1B + 226.5 EXT_21B_42522964:SNP.CT * 21B + 226.5 EXT_1D_42522964:SNP.CT * 1D + 226.5 EXT_21A_42522964:SNP.CT * 21A + 226.5 EXT_1E_42522964:SNP.CT * 1E ]> + err
M  Contraint for 42526548:REF 6.1i: 198 == <gurobi.QuadExpr: 250.5 1 + 250.5 1C + 250.5 1B + 250.5 21B + 250.5 1D + 250.5 21A + 250.5 1E + [ -250.5 EXT_1_42526548:SNP.TC * 1 + -250.5 EXT_1C_42526548:SNP.TC * 1C + -250.5 EXT_1B_42526548:SNP.TC * 1B + -250.5 REG_21B_42526548:SNP.TC * 21B + -250.5 EXT_1D_42526548:SNP.TC * 1D + -250.5 EXT_21A_42526548:SNP.TC * 21A + -250.5 EXT_1E_42526548:SNP.TC * 1E ]> + err
M  Contraint for 42526566:SNP.AG 6.1i: 312 == <gurobi.QuadExpr: 0.0 + [ 250.5 EXT_1_42526566:SNP.AG * 1 + 250.5 EXT_1C_42526566:SNP.AG * 1C + 250.5 EXT_1B_42526566:SNP.AG * 1B + 250.5 REG_21B_42526566:SNP.AG * 21B + 250.5 EXT_1D_42526566:SNP.AG * 1D + 250.5 REG_21A_42526566:SNP.AG * 21A + 250.5 EXT_1E_42526566:SNP.AG * 1E ]> + err
M  Contraint for 42526561:REF 6.1i: 183 == <gurobi.QuadExpr: 248.5 1 + 248.5 1C + 248.5 1B + 248.5 21B + 248.5 1D + 248.5 21A + 248.5 1E + [ -248.5 EXT_1_42526561:SNP.CG * 1 + -248.5 EXT_1C_42526561:SNP.CG * 1C + -248.5 EXT_1B_42526561:SNP.CG * 1B + -248.5 REG_21B_42526561:SNP.CG * 21B + -248.5 EXT_1D_42526561:SNP.CG * 1D + -248.5 EXT_21A_42526561:SNP.CG * 21A + -248.5 EXT_1E_42526561:SNP.CG * 1E ]> + err
M  Contraint for 42528381:SNP.GC 6.0i: 4 == <gurobi.QuadExpr: 0.0 + [ 6.5 EXT_1_42528381:SNP.GC * 1 + 6.5 EXT_1C_42528381:SNP.GC * 1C + 6.5 EXT_1B_42528381:SNP.GC * 1B + 6.5 REG_21B_42528381:SNP.GC * 21B + 6.5 EXT_1D_42528381:SNP.GC * 1D + 6.5 REG_21A_42528381:SNP.GC * 21A + 6.5 EXT_1E_42528381:SNP.GC * 1E ]> + err
M  Contraint for 42527470:SNP.CT 6.0i: 376 == <gurobi.QuadExpr: 0.0 + [ 268.5 EXT_1_42527470:SNP.CT * 1 + 268.5 EXT_1C_42527470:SNP.CT * 1C + 268.5 EXT_1B_42527470:SNP.CT * 1B + 268.5 REG_21B_42527470:SNP.CT * 21B + 268.5 EXT_1D_42527470:SNP.CT * 1D + 268.5 REG_21A_42527470:SNP.CT * 21A + 268.5 EXT_1E_42527470:SNP.CT * 1E ]> + err
M  Contraint for 42522612:SNP.CG 6.9e: 242 == <gurobi.QuadExpr: 0.0 + [ 251.5 EXT_1_42522612:SNP.CG * 1 + 251.5 EXT_1C_42522612:SNP.CG * 1C + 251.5 EXT_1B_42522612:SNP.CG * 1B + 251.5 REG_21B_42522612:SNP.CG * 21B + 251.5 EXT_1D_42522612:SNP.CG * 1D + 251.5 REG_21A_42522612:SNP.CG * 21A + 251.5 EXT_1E_42522612:SNP.CG * 1E ]> + err
M  Contraint for 42528223:REF 6.0i: 0 == <gurobi.QuadExpr: 0.0 + [ -0.0 EXT_1_42528223:SNP.GA * 1 + -0.0 EXT_1C_42528223:SNP.GA * 1C + -0.0 EXT_1B_42528223:SNP.GA * 1B + -0.0 EXT_21B_42528223:SNP.GA * 21B + -0.0 EXT_1D_42528223:SNP.GA * 1D + -0.0 REG_21A_42528223:SNP.GA * 21A + -0.0 EXT_1E_42528223:SNP.GA * 1E ]> + err
M  Contraint for 42527470:REF 6.0i: 161 == <gurobi.QuadExpr: 268.5 1 + 268.5 1C + 268.5 1B + 268.5 21B + 268.5 1D + 268.5 21A + 268.5 1E + [ -268.5 EXT_1_42527470:SNP.CT * 1 + -268.5 EXT_1C_42527470:SNP.CT * 1C + -268.5 EXT_1B_42527470:SNP.CT * 1B + -268.5 REG_21B_42527470:SNP.CT * 21B + -268.5 EXT_1D_42527470:SNP.CT * 1D + -268.5 REG_21A_42527470:SNP.CT * 21A + -268.5 EXT_1E_42527470:SNP.CT * 1E ]> + err
M  Contraint for 42527421:REF 6.0i: 594 == <gurobi.QuadExpr: 297.0 1 + 297.0 1C + 297.0 1B + 297.0 21B + 297.0 1D + 297.0 21A + 297.0 1E + [ -297.0 EXT_1_42527421:SNP.TC * 1 + -297.0 EXT_1C_42527421:SNP.TC * 1C + -297.0 EXT_1B_42527421:SNP.TC * 1B + -297.0 EXT_21B_42527421:SNP.TC * 21B + -297.0 EXT_1D_42527421:SNP.TC * 1D + -297.0 REG_21A_42527421:SNP.TC * 21A + -297.0 EXT_1E_42527421:SNP.TC * 1E ]> + err
M  Contraint for 42526572:REF 6.1i: 176 == <gurobi.QuadExpr: 240.5 1 + 240.5 1C + 240.5 1B + 240.5 21B + 240.5 1D + 240.5 21A + 240.5 1E + [ -240.5 EXT_1_42526572:SNP.GT * 1 + -240.5 EXT_1C_42526572:SNP.GT * 1C + -240.5 EXT_1B_42526572:SNP.GT * 1B + -240.5 REG_21B_42526572:SNP.GT * 21B + -240.5 EXT_1D_42526572:SNP.GT * 1D + -240.5 REG_21A_42526572:SNP.GT * 21A + -240.5 EXT_1E_42526572:SNP.GT * 1E ]> + err
M  Contraint for 42526579:REF 6.1i: 203 == <gurobi.QuadExpr: 256.5 1 + 256.5 1C + 256.5 1B + 256.5 21B + 256.5 1D + 256.5 21A + 256.5 1E + [ -256.5 EXT_1_42526579:SNP.CG * 1 + -256.5 EXT_1C_42526579:SNP.CG * 1C + -256.5 EXT_1B_42526579:SNP.CG * 1B + -256.5 EXT_21B_42526579:SNP.CG * 21B + -256.5 EXT_1D_42526579:SNP.CG * 1D + -256.5 REG_21A_42526579:SNP.CG * 21A + -256.5 EXT_1E_42526579:SNP.CG * 1E ]> + err
M  Contraint for 42524923:REF 6.4e: 583 == <gurobi.QuadExpr: 291.5 1 + 291.5 1C + 291.5 1B + 291.5 21B + 291.5 1D + 291.5 21A + 291.5 1E + [ -291.5 EXT_1_42524923:SNP.AG * 1 + -291.5 EXT_1C_42524923:SNP.AG * 1C + -291.5 EXT_1B_42524923:SNP.AG * 1B + -291.5 EXT_21B_42524923:SNP.AG * 21B + -291.5 EXT_1D_42524923:SNP.AG * 1D + -291.5 EXT_21A_42524923:SNP.AG * 21A + -291.5 REG_1E_42524923:SNP.AG * 1E ]> + err
M  Contraint for 42524213:REF 6.5e: 306 == <gurobi.QuadExpr: 153.0 1 + 153.0 1C + 153.0 1B + 153.0 21B + 153.0 1D + 153.0 21A + 153.0 1E + [ -153.0 EXT_1_42524213:INS.g * 1 + -153.0 EXT_1C_42524213:INS.g * 1C + -153.0 EXT_1B_42524213:INS.g * 1B + -153.0 REG_21B_42524213:INS.g * 21B + -153.0 EXT_1D_42524213:INS.g * 1D + -153.0 REG_21A_42524213:INS.g * 21A + -153.0 EXT_1E_42524213:INS.g * 1E ]> + err
M  Contraint for 42528027:SNP.TC 6.0i: 10 == <gurobi.QuadExpr: 0.0 + [ 8.5 EXT_1_42528027:SNP.TC * 1 + 8.5 EXT_1C_42528027:SNP.TC * 1C + 8.5 EXT_1B_42528027:SNP.TC * 1B + 8.5 REG_21B_42528027:SNP.TC * 21B + 8.5 EXT_1D_42528027:SNP.TC * 1D + 8.5 REG_21A_42528027:SNP.TC * 21A + 8.5 EXT_1E_42528027:SNP.TC * 1E ]> + err
M  Contraint for 42522964:REF 6.8e: 453 == <gurobi.QuadExpr: 226.5 1 + 226.5 1C + 226.5 1B + 226.5 21B + 226.5 1D + 226.5 21A + 226.5 1E + [ -226.5 EXT_1_42522964:SNP.CT * 1 + -226.5 EXT_1C_42522964:SNP.CT * 1C + -226.5 REG_1B_42522964:SNP.CT * 1B + -226.5 EXT_21B_42522964:SNP.CT * 21B + -226.5 EXT_1D_42522964:SNP.CT * 1D + -226.5 EXT_21A_42522964:SNP.CT * 21A + -226.5 EXT_1E_42522964:SNP.CT * 1E ]> + err
M  Contraint for 42528027:REF 6.0i: 7 == <gurobi.QuadExpr: 8.5 1 + 8.5 1C + 8.5 1B + 8.5 21B + 8.5 1D + 8.5 21A + 8.5 1E + [ -8.5 EXT_1_42528027:SNP.TC * 1 + -8.5 EXT_1C_42528027:SNP.TC * 1C + -8.5 EXT_1B_42528027:SNP.TC * 1B + -8.5 REG_21B_42528027:SNP.TC * 21B + -8.5 EXT_1D_42528027:SNP.TC * 1D + -8.5 REG_21A_42528027:SNP.TC * 21A + -8.5 EXT_1E_42528027:SNP.TC * 1E ]> + err
M  Contraint for 42526570:REF 6.1i: 167 == <gurobi.QuadExpr: 239.0 1 + 239.0 1C + 239.0 1B + 239.0 21B + 239.0 1D + 239.0 21A + 239.0 1E + [ -239.0 EXT_1_42526570:SNP.GC * 1 + -239.0 EXT_1C_42526570:SNP.GC * 1C + -239.0 EXT_1B_42526570:SNP.GC * 1B + -239.0 REG_21B_42526570:SNP.GC * 21B + -239.0 EXT_1D_42526570:SNP.GC * 1D + -239.0 REG_21A_42526570:SNP.GC * 21A + -239.0 EXT_1E_42526570:SNP.GC * 1E ]> + err
M  Contraint for 42526548:SNP.TC 6.1i: 303 == <gurobi.QuadExpr: 0.0 + [ 250.5 EXT_1_42526548:SNP.TC * 1 + 250.5 EXT_1C_42526548:SNP.TC * 1C + 250.5 EXT_1B_42526548:SNP.TC * 1B + 250.5 REG_21B_42526548:SNP.TC * 21B + 250.5 EXT_1D_42526548:SNP.TC * 1D + 250.5 EXT_21A_42526548:SNP.TC * 21A + 250.5 EXT_1E_42526548:SNP.TC * 1E ]> + err
M  Contraint for 42524814:REF 6.4e: 711 == <gurobi.QuadExpr: 355.5 1 + 355.5 1C + 355.5 1B + 355.5 21B + 355.5 1D + 355.5 21A + 355.5 1E + [ -355.5 EXT_1_42524814:SNP.GA * 1 + -355.5 REG_1C_42524814:SNP.GA * 1C + -355.5 EXT_1B_42524814:SNP.GA * 1B + -355.5 EXT_21B_42524814:SNP.GA * 21B + -355.5 EXT_1D_42524814:SNP.GA * 1D + -355.5 EXT_21A_42524814:SNP.GA * 21A + -355.5 EXT_1E_42524814:SNP.GA * 1E ]> + err
M  Contraint for 42526483:REF 6.1i: 230 == <gurobi.QuadExpr: 245.5 1 + 245.5 1C + 245.5 1B + 245.5 21B + 245.5 1D + 245.5 21A + 245.5 1E + [ -245.5 EXT_1_42526483:SNP.CA * 1 + -245.5 EXT_1C_42526483:SNP.CA * 1C + -245.5 EXT_1B_42526483:SNP.CA * 1B + -245.5 EXT_21B_42526483:SNP.CA * 21B + -245.5 EXT_1D_42526483:SNP.CA * 1D + -245.5 REG_21A_42526483:SNP.CA * 21A + -245.5 EXT_1E_42526483:SNP.CA * 1E ]> + err
M  Contraint for 42526572:SNP.GT 6.1i: 305 == <gurobi.QuadExpr: 0.0 + [ 240.5 EXT_1_42526572:SNP.GT * 1 + 240.5 EXT_1C_42526572:SNP.GT * 1C + 240.5 EXT_1B_42526572:SNP.GT * 1B + 240.5 REG_21B_42526572:SNP.GT * 21B + 240.5 EXT_1D_42526572:SNP.GT * 1D + 240.5 REG_21A_42526572:SNP.GT * 21A + 240.5 EXT_1E_42526572:SNP.GT * 1E ]> + err
M  Contraint for 42527532:SNP.GA 6.0i: 250 == <gurobi.QuadExpr: 0.0 + [ 212.5 EXT_1_42527532:SNP.GA * 1 + 212.5 EXT_1C_42527532:SNP.GA * 1C + 212.5 EXT_1B_42527532:SNP.GA * 1B + 212.5 REG_21B_42527532:SNP.GA * 21B + 212.5 EXT_1D_42527532:SNP.GA * 1D + 212.5 REG_21A_42527532:SNP.GA * 21A + 212.5 EXT_1E_42527532:SNP.GA * 1E ]> + err
M  Contraint for 42526579:SNP.CG 6.1i: 310 == <gurobi.QuadExpr: 0.0 + [ 256.5 EXT_1_42526579:SNP.CG * 1 + 256.5 EXT_1C_42526579:SNP.CG * 1C + 256.5 EXT_1B_42526579:SNP.CG * 1B + 256.5 EXT_21B_42526579:SNP.CG * 21B + 256.5 EXT_1D_42526579:SNP.CG * 1D + 256.5 REG_21A_42526579:SNP.CG * 21A + 256.5 EXT_1E_42526579:SNP.CG * 1E ]> + err
M  Contraint for 42525131:REF 6.3e: 313 == <gurobi.QuadExpr: 329.5 1 + 329.5 1C + 329.5 1B + 329.5 21B + 329.5 1D + 329.5 21A + 329.5 1E + [ -329.5 EXT_1_42525131:SNP.CG * 1 + -329.5 EXT_1C_42525131:SNP.CG * 1C + -329.5 EXT_1B_42525131:SNP.CG * 1B + -329.5 REG_21B_42525131:SNP.CG * 21B + -329.5 EXT_1D_42525131:SNP.CG * 1D + -329.5 REG_21A_42525131:SNP.CG * 21A + -329.5 EXT_1E_42525131:SNP.CG * 1E ]> + err
M  Contraint for 42526561:SNP.CG 6.1i: 314 == <gurobi.QuadExpr: 0.0 + [ 248.5 EXT_1_42526561:SNP.CG * 1 + 248.5 EXT_1C_42526561:SNP.CG * 1C + 248.5 EXT_1B_42526561:SNP.CG * 1B + 248.5 REG_21B_42526561:SNP.CG * 21B + 248.5 EXT_1D_42526561:SNP.CG * 1D + 248.5 EXT_21A_42526561:SNP.CG * 21A + 248.5 EXT_1E_42526561:SNP.CG * 1E ]> + err
M  Contraint for 42524814:SNP.GA 6.4e: 0 == <gurobi.QuadExpr: 0.0 + [ 355.5 EXT_1_42524814:SNP.GA * 1 + 355.5 REG_1C_42524814:SNP.GA * 1C + 355.5 EXT_1B_42524814:SNP.GA * 1B + 355.5 EXT_21B_42524814:SNP.GA * 21B + 355.5 EXT_1D_42524814:SNP.GA * 1D + 355.5 EXT_21A_42524814:SNP.GA * 21A + 355.5 EXT_1E_42524814:SNP.GA * 1E ]> + err
M  Contraint for 42528223:SNP.GA 6.0i: 0 == <gurobi.QuadExpr: 0.0 + [ 0.0 EXT_1_42528223:SNP.GA * 1 + 0.0 EXT_1C_42528223:SNP.GA * 1C + 0.0 EXT_1B_42528223:SNP.GA * 1B + 0.0 EXT_21B_42528223:SNP.GA * 21B + 0.0 EXT_1D_42528223:SNP.GA * 1D + 0.0 REG_21A_42528223:SNP.GA * 21A + 0.0 EXT_1E_42528223:SNP.GA * 1E ]> + err
M  Contraint for 42522612:REF 6.9e: 261 == <gurobi.QuadExpr: 251.5 1 + 251.5 1C + 251.5 1B + 251.5 21B + 251.5 1D + 251.5 21A + 251.5 1E + [ -251.5 EXT_1_42522612:SNP.CG * 1 + -251.5 EXT_1C_42522612:SNP.CG * 1C + -251.5 EXT_1B_42522612:SNP.CG * 1B + -251.5 REG_21B_42522612:SNP.CG * 21B + -251.5 EXT_1D_42522612:SNP.CG * 1D + -251.5 REG_21A_42522612:SNP.CG * 21A + -251.5 EXT_1E_42522612:SNP.CG * 1E ]> + err
M  Contraint for 42524217:SNP.GT 6.5e: 0 == <gurobi.QuadExpr: 0.0 + [ 154.5 EXT_1_42524217:SNP.GT * 1 + 154.5 EXT_1C_42524217:SNP.GT * 1C + 154.5 EXT_1B_42524217:SNP.GT * 1B + 154.5 EXT_21B_42524217:SNP.GT * 21B + 154.5 REG_1D_42524217:SNP.GT * 1D + 154.5 EXT_21A_42524217:SNP.GT * 21A + 154.5 EXT_1E_42524217:SNP.GT * 1E ]> + err
M  Contraint for 42523208:REF 6.7i: 225 == <gurobi.QuadExpr: 229.5 1 + 229.5 1C + 229.5 1B + 229.5 21B + 229.5 1D + 229.5 21A + 229.5 1E + [ -229.5 EXT_1_42523208:SNP.CT * 1 + -229.5 EXT_1C_42523208:SNP.CT * 1C + -229.5 EXT_1B_42523208:SNP.CT * 1B + -229.5 EXT_21B_42523208:SNP.CT * 21B + -229.5 EXT_1D_42523208:SNP.CT * 1D + -229.5 REG_21A_42523208:SNP.CT * 21A + -229.5 EXT_1E_42523208:SNP.CT * 1E ]> + err
M  Contraint for 42526483:SNP.CA 6.1i: 261 == <gurobi.QuadExpr: 0.0 + [ 245.5 EXT_1_42526483:SNP.CA * 1 + 245.5 EXT_1C_42526483:SNP.CA * 1C + 245.5 EXT_1B_42526483:SNP.CA * 1B + 245.5 EXT_21B_42526483:SNP.CA * 21B + 245.5 EXT_1D_42526483:SNP.CA * 1D + 245.5 REG_21A_42526483:SNP.CA * 21A + 245.5 EXT_1E_42526483:SNP.CA * 1E ]> + err
M  Contraint for 42527532:REF 6.0i: 175 == <gurobi.QuadExpr: 212.5 1 + 212.5 1C + 212.5 1B + 212.5 21B + 212.5 1D + 212.5 21A + 212.5 1E + [ -212.5 EXT_1_42527532:SNP.GA * 1 + -212.5 EXT_1C_42527532:SNP.GA * 1C + -212.5 EXT_1B_42527532:SNP.GA * 1B + -212.5 REG_21B_42527532:SNP.GA * 21B + -212.5 EXT_1D_42527532:SNP.GA * 1D + -212.5 REG_21A_42527532:SNP.GA * 21A + -212.5 EXT_1E_42527532:SNP.GA * 1E ]> + err
M  Contraint for 42528381:REF 6.0i: 9 == <gurobi.QuadExpr: 6.5 1 + 6.5 1C + 6.5 1B + 6.5 21B + 6.5 1D + 6.5 21A + 6.5 1E + [ -6.5 EXT_1_42528381:SNP.GC * 1 + -6.5 EXT_1C_42528381:SNP.GC * 1C + -6.5 EXT_1B_42528381:SNP.GC * 1B + -6.5 REG_21B_42528381:SNP.GC * 21B + -6.5 EXT_1D_42528381:SNP.GC * 1D + -6.5 REG_21A_42528381:SNP.GC * 21A + -6.5 EXT_1E_42528381:SNP.GC * 1E ]> + err
M  Contraint for 42523208:SNP.CT 6.7i: 234 == <gurobi.QuadExpr: 0.0 + [ 229.5 EXT_1_42523208:SNP.CT * 1 + 229.5 EXT_1C_42523208:SNP.CT * 1C + 229.5 EXT_1B_42523208:SNP.CT * 1B + 229.5 EXT_21B_42523208:SNP.CT * 21B + 229.5 EXT_1D_42523208:SNP.CT * 1D + 229.5 REG_21A_42523208:SNP.CT * 21A + 229.5 EXT_1E_42523208:SNP.CT * 1E ]> + err
M  Contraint for 42526560:SNP.TG 6.1i: 316 == <gurobi.QuadExpr: 0.0 + [ 251.5 EXT_1_42526560:SNP.TG * 1 + 251.5 EXT_1C_42526560:SNP.TG * 1C + 251.5 EXT_1B_42526560:SNP.TG * 1B + 251.5 REG_21B_42526560:SNP.TG * 21B + 251.5 EXT_1D_42526560:SNP.TG * 1D + 251.5 EXT_21A_42526560:SNP.TG * 21A + 251.5 EXT_1E_42526560:SNP.TG * 1E ]> + err
M  Contraint for 42526566:REF 6.1i: 189 == <gurobi.QuadExpr: 250.5 1 + 250.5 1C + 250.5 1B + 250.5 21B + 250.5 1D + 250.5 21A + 250.5 1E + [ -250.5 EXT_1_42526566:SNP.AG * 1 + -250.5 EXT_1C_42526566:SNP.AG * 1C + -250.5 EXT_1B_42526566:SNP.AG * 1B + -250.5 REG_21B_42526566:SNP.AG * 21B + -250.5 EXT_1D_42526566:SNP.AG * 1D + -250.5 REG_21A_42526566:SNP.AG * 21A + -250.5 EXT_1E_42526566:SNP.AG * 1E ]> + err
M  Contraint for 42524213:INS.g 6.5e: 176 == <gurobi.QuadExpr: 0.0 + [ 153.0 EXT_1_42524213:INS.g * 1 + 153.0 EXT_1C_42524213:INS.g * 1C + 153.0 EXT_1B_42524213:INS.g * 1B + 153.0 REG_21B_42524213:INS.g * 21B + 153.0 EXT_1D_42524213:INS.g * 1D + 153.0 REG_21A_42524213:INS.g * 21A + 153.0 EXT_1E_42524213:INS.g * 1E ]> + err
M  Contraint for 42526570:SNP.GC 6.1i: 311 == <gurobi.QuadExpr: 0.0 + [ 239.0 EXT_1_42526570:SNP.GC * 1 + 239.0 EXT_1C_42526570:SNP.GC * 1C + 239.0 EXT_1B_42526570:SNP.GC * 1B + 239.0 REG_21B_42526570:SNP.GC * 21B + 239.0 EXT_1D_42526570:SNP.GC * 1D + 239.0 REG_21A_42526570:SNP.GC * 21A + 239.0 EXT_1E_42526570:SNP.GC * 1E ]> + err
M  Contraint for 42524217:REF 6.5e: 309 == <gurobi.QuadExpr: 154.5 1 + 154.5 1C + 154.5 1B + 154.5 21B + 154.5 1D + 154.5 21A + 154.5 1E + [ -154.5 EXT_1_42524217:SNP.GT * 1 + -154.5 EXT_1C_42524217:SNP.GT * 1C + -154.5 EXT_1B_42524217:SNP.GT * 1B + -154.5 EXT_21B_42524217:SNP.GT * 21B + -154.5 REG_1D_42524217:SNP.GT * 1D + -154.5 EXT_21A_42524217:SNP.GT * 21A + -154.5 EXT_1E_42524217:SNP.GT * 1E ]> + err
M  Contraint for 42523942:REF 6.6e: 204 == <gurobi.QuadExpr: 202.5 1 + 202.5 1C + 202.5 1B + 202.5 21B + 202.5 1D + 202.5 21A + 202.5 1E + [ -202.5 EXT_1_42523942:SNP.GA * 1 + -202.5 EXT_1C_42523942:SNP.GA * 1C + -202.5 EXT_1B_42523942:SNP.GA * 1B + -202.5 REG_21B_42523942:SNP.GA * 21B + -202.5 EXT_1D_42523942:SNP.GA * 1D + -202.5 REG_21A_42523942:SNP.GA * 21A + -202.5 EXT_1E_42523942:SNP.GA * 1E ]> + err
M  Contraint for 42523942:SNP.GA 6.6e: 201 == <gurobi.QuadExpr: 0.0 + [ 202.5 EXT_1_42523942:SNP.GA * 1 + 202.5 EXT_1C_42523942:SNP.GA * 1C + 202.5 EXT_1B_42523942:SNP.GA * 1B + 202.5 REG_21B_42523942:SNP.GA * 21B + 202.5 EXT_1D_42523942:SNP.GA * 1D + 202.5 REG_21A_42523942:SNP.GA * 21A + 202.5 EXT_1E_42523942:SNP.GA * 1E ]> + err
M  Contraint for 42527421:SNP.TC 6.0i: 0 == <gurobi.QuadExpr: 0.0 + [ 297.0 EXT_1_42527421:SNP.TC * 1 + 297.0 EXT_1C_42527421:SNP.TC * 1C + 297.0 EXT_1B_42527421:SNP.TC * 1B + 297.0 EXT_21B_42527421:SNP.TC * 21B + 297.0 EXT_1D_42527421:SNP.TC * 1D + 297.0 REG_21A_42527421:SNP.TC * 21A + 297.0 EXT_1E_42527421:SNP.TC * 1E ]> + err
M  Contraint for 42526560:REF 6.1i: 187 == <gurobi.QuadExpr: 251.5 1 + 251.5 1C + 251.5 1B + 251.5 21B + 251.5 1D + 251.5 21A + 251.5 1E + [ -251.5 EXT_1_42526560:SNP.TG * 1 + -251.5 EXT_1C_42526560:SNP.TG * 1C + -251.5 EXT_1B_42526560:SNP.TG * 1B + -251.5 REG_21B_42526560:SNP.TG * 21B + -251.5 EXT_1D_42526560:SNP.TG * 1D + -251.5 EXT_21A_42526560:SNP.TG * 21A + -251.5 EXT_1E_42526560:SNP.TG * 1E ]> + err
M  Contraint for MM[missing] 1C 42524814:SNP.GA: <gurobi.Var 1C> >= <gurobi.Var REG_1C_42524814:SNP.GA>
M  Contraint for MM[missing] 1B 42522964:SNP.CT: <gurobi.Var 1B> >= <gurobi.Var REG_1B_42522964:SNP.CT>
M  Contraint for MM[missing] 21B 42525131:SNP.CG: <gurobi.Var 21B> >= <gurobi.Var REG_21B_42525131:SNP.CG>
M  Contraint for MM[missing] 21B 42526572:SNP.GT: <gurobi.Var 21B> >= <gurobi.Var REG_21B_42526572:SNP.GT>
M  Contraint for MM[missing] 21B 42527532:SNP.GA: <gurobi.Var 21B> >= <gurobi.Var REG_21B_42527532:SNP.GA>
M  Contraint for MM[missing] 21B 42526560:SNP.TG: <gurobi.Var 21B> >= <gurobi.Var REG_21B_42526560:SNP.TG>
M  Contraint for MM[missing] 21B 42524213:INS.g: <gurobi.Var 21B> >= <gurobi.Var REG_21B_42524213:INS.g>
M  Contraint for MM[missing] 21B 42526561:SNP.CG: <gurobi.Var 21B> >= <gurobi.Var REG_21B_42526561:SNP.CG>
M  Contraint for MM[missing] 21B 42526570:SNP.GC: <gurobi.Var 21B> >= <gurobi.Var REG_21B_42526570:SNP.GC>
M  Contraint for MM[missing] 21B 42528027:SNP.TC: <gurobi.Var 21B> >= <gurobi.Var REG_21B_42528027:SNP.TC>
M  Contraint for MM[missing] 21B 42526566:SNP.AG: <gurobi.Var 21B> >= <gurobi.Var REG_21B_42526566:SNP.AG>
M  Contraint for MM[missing] 21B 42523942:SNP.GA: <gurobi.Var 21B> >= <gurobi.Var REG_21B_42523942:SNP.GA>
M  Contraint for MM[missing] 21B 42528381:SNP.GC: <gurobi.Var 21B> >= <gurobi.Var REG_21B_42528381:SNP.GC>
M  Contraint for MM[missing] 21B 42527470:SNP.CT: <gurobi.Var 21B> >= <gurobi.Var REG_21B_42527470:SNP.CT>
M  Contraint for MM[missing] 21B 42522612:SNP.CG: <gurobi.Var 21B> >= <gurobi.Var REG_21B_42522612:SNP.CG>
M  Contraint for MM[missing] 21B 42526548:SNP.TC: <gurobi.Var 21B> >= <gurobi.Var REG_21B_42526548:SNP.TC>
M  Contraint for MM[missing] 1D 42524217:SNP.GT: <gurobi.Var 1D> >= <gurobi.Var REG_1D_42524217:SNP.GT>
M  Contraint for MM[missing] 21A 42525131:SNP.CG: <gurobi.Var 21A> >= <gurobi.Var REG_21A_42525131:SNP.CG>
M  Contraint for MM[missing] 21A 42526572:SNP.GT: <gurobi.Var 21A> >= <gurobi.Var REG_21A_42526572:SNP.GT>
M  Contraint for MM[missing] 21A 42527532:SNP.GA: <gurobi.Var 21A> >= <gurobi.Var REG_21A_42527532:SNP.GA>
M  Contraint for MM[missing] 21A 42524213:INS.g: <gurobi.Var 21A> >= <gurobi.Var REG_21A_42524213:INS.g>
M  Contraint for MM[missing] 21A 42526579:SNP.CG: <gurobi.Var 21A> >= <gurobi.Var REG_21A_42526579:SNP.CG>
M  Contraint for MM[missing] 21A 42526570:SNP.GC: <gurobi.Var 21A> >= <gurobi.Var REG_21A_42526570:SNP.GC>
M  Contraint for MM[missing] 21A 42528027:SNP.TC: <gurobi.Var 21A> >= <gurobi.Var REG_21A_42528027:SNP.TC>
M  Contraint for MM[missing] 21A 42528223:SNP.GA: <gurobi.Var 21A> >= <gurobi.Var REG_21A_42528223:SNP.GA>
M  Contraint for MM[missing] 21A 42526566:SNP.AG: <gurobi.Var 21A> >= <gurobi.Var REG_21A_42526566:SNP.AG>
M  Contraint for MM[missing] 21A 42526483:SNP.CA: <gurobi.Var 21A> >= <gurobi.Var REG_21A_42526483:SNP.CA>
M  Contraint for MM[missing] 21A 42523942:SNP.GA: <gurobi.Var 21A> >= <gurobi.Var REG_21A_42523942:SNP.GA>
M  Contraint for MM[missing] 21A 42528381:SNP.GC: <gurobi.Var 21A> >= <gurobi.Var REG_21A_42528381:SNP.GC>
M  Contraint for MM[missing] 21A 42527470:SNP.CT: <gurobi.Var 21A> >= <gurobi.Var REG_21A_42527470:SNP.CT>
M  Contraint for MM[missing] 21A 42522612:SNP.CG: <gurobi.Var 21A> >= <gurobi.Var REG_21A_42522612:SNP.CG>
M  Contraint for MM[missing] 21A 42527421:SNP.TC: <gurobi.Var 21A> >= <gurobi.Var REG_21A_42527421:SNP.TC>
M  Contraint for MM[missing] 21A 42523208:SNP.CT: <gurobi.Var 21A> >= <gurobi.Var REG_21A_42523208:SNP.CT>
M  Contraint for MM[missing] 1E 42524923:SNP.AG: <gurobi.Var 1E> >= <gurobi.Var REG_1E_42524923:SNP.AG>
M  Contraint for MA[extra] 1 42524923:SNP.AG: <gurobi.Var 1> >= <gurobi.Var EXT_1_42524923:SNP.AG>
M  Contraint for MA[extra] 1 42525131:SNP.CG: <gurobi.Var 1> >= <gurobi.Var EXT_1_42525131:SNP.CG>
M  Contraint for MA[extra] 1 42522964:SNP.CT: <gurobi.Var 1> >= <gurobi.Var EXT_1_42522964:SNP.CT>
M  Contraint for MA[extra] 1 42526566:SNP.AG: <gurobi.Var 1> >= <gurobi.Var EXT_1_42526566:SNP.AG>
M  Contraint for MA[extra] 1 42528381:SNP.GC: <gurobi.Var 1> >= <gurobi.Var EXT_1_42528381:SNP.GC>
M  Contraint for MA[extra] 1 42527470:SNP.CT: <gurobi.Var 1> >= <gurobi.Var EXT_1_42527470:SNP.CT>
M  Contraint for MA[extra] 1 42522612:SNP.CG: <gurobi.Var 1> >= <gurobi.Var EXT_1_42522612:SNP.CG>
M  Contraint for MA[extra] 1 42528027:SNP.TC: <gurobi.Var 1> >= <gurobi.Var EXT_1_42528027:SNP.TC>
M  Contraint for MA[extra] 1 42526548:SNP.TC: <gurobi.Var 1> >= <gurobi.Var EXT_1_42526548:SNP.TC>
M  Contraint for MA[extra] 1 42526572:SNP.GT: <gurobi.Var 1> >= <gurobi.Var EXT_1_42526572:SNP.GT>
M  Contraint for MA[extra] 1 42527532:SNP.GA: <gurobi.Var 1> >= <gurobi.Var EXT_1_42527532:SNP.GA>
M  Contraint for MA[extra] 1 42526579:SNP.CG: <gurobi.Var 1> >= <gurobi.Var EXT_1_42526579:SNP.CG>
M  Contraint for MA[extra] 1 42526561:SNP.CG: <gurobi.Var 1> >= <gurobi.Var EXT_1_42526561:SNP.CG>
M  Contraint for MA[extra] 1 42524814:SNP.GA: <gurobi.Var 1> >= <gurobi.Var EXT_1_42524814:SNP.GA>
M  Contraint for MA[extra] 1 42528223:SNP.GA: <gurobi.Var 1> >= <gurobi.Var EXT_1_42528223:SNP.GA>
M  Contraint for MA[extra] 1 42524217:SNP.GT: <gurobi.Var 1> >= <gurobi.Var EXT_1_42524217:SNP.GT>
M  Contraint for MA[extra] 1 42526483:SNP.CA: <gurobi.Var 1> >= <gurobi.Var EXT_1_42526483:SNP.CA>
M  Contraint for MA[extra] 1 42523208:SNP.CT: <gurobi.Var 1> >= <gurobi.Var EXT_1_42523208:SNP.CT>
M  Contraint for MA[extra] 1 42526560:SNP.TG: <gurobi.Var 1> >= <gurobi.Var EXT_1_42526560:SNP.TG>
M  Contraint for MA[extra] 1 42524213:INS.g: <gurobi.Var 1> >= <gurobi.Var EXT_1_42524213:INS.g>
M  Contraint for MA[extra] 1 42526570:SNP.GC: <gurobi.Var 1> >= <gurobi.Var EXT_1_42526570:SNP.GC>
M  Contraint for MA[extra] 1 42523942:SNP.GA: <gurobi.Var 1> >= <gurobi.Var EXT_1_42523942:SNP.GA>
M  Contraint for MA[extra] 1 42527421:SNP.TC: <gurobi.Var 1> >= <gurobi.Var EXT_1_42527421:SNP.TC>
M  Contraint for MA[extra] 1C 42524923:SNP.AG: <gurobi.Var 1C> >= <gurobi.Var EXT_1C_42524923:SNP.AG>
M  Contraint for MA[extra] 1C 42525131:SNP.CG: <gurobi.Var 1C> >= <gurobi.Var EXT_1C_42525131:SNP.CG>
M  Contraint for MA[extra] 1C 42522964:SNP.CT: <gurobi.Var 1C> >= <gurobi.Var EXT_1C_42522964:SNP.CT>
M  Contraint for MA[extra] 1C 42526566:SNP.AG: <gurobi.Var 1C> >= <gurobi.Var EXT_1C_42526566:SNP.AG>
M  Contraint for MA[extra] 1C 42528381:SNP.GC: <gurobi.Var 1C> >= <gurobi.Var EXT_1C_42528381:SNP.GC>
M  Contraint for MA[extra] 1C 42527470:SNP.CT: <gurobi.Var 1C> >= <gurobi.Var EXT_1C_42527470:SNP.CT>
M  Contraint for MA[extra] 1C 42522612:SNP.CG: <gurobi.Var 1C> >= <gurobi.Var EXT_1C_42522612:SNP.CG>
M  Contraint for MA[extra] 1C 42528027:SNP.TC: <gurobi.Var 1C> >= <gurobi.Var EXT_1C_42528027:SNP.TC>
M  Contraint for MA[extra] 1C 42526548:SNP.TC: <gurobi.Var 1C> >= <gurobi.Var EXT_1C_42526548:SNP.TC>
M  Contraint for MA[extra] 1C 42526572:SNP.GT: <gurobi.Var 1C> >= <gurobi.Var EXT_1C_42526572:SNP.GT>
M  Contraint for MA[extra] 1C 42527532:SNP.GA: <gurobi.Var 1C> >= <gurobi.Var EXT_1C_42527532:SNP.GA>
M  Contraint for MA[extra] 1C 42526579:SNP.CG: <gurobi.Var 1C> >= <gurobi.Var EXT_1C_42526579:SNP.CG>
M  Contraint for MA[extra] 1C 42526561:SNP.CG: <gurobi.Var 1C> >= <gurobi.Var EXT_1C_42526561:SNP.CG>
M  Contraint for MA[extra] 1C 42528223:SNP.GA: <gurobi.Var 1C> >= <gurobi.Var EXT_1C_42528223:SNP.GA>
M  Contraint for MA[extra] 1C 42524217:SNP.GT: <gurobi.Var 1C> >= <gurobi.Var EXT_1C_42524217:SNP.GT>
M  Contraint for MA[extra] 1C 42526483:SNP.CA: <gurobi.Var 1C> >= <gurobi.Var EXT_1C_42526483:SNP.CA>
M  Contraint for MA[extra] 1C 42523208:SNP.CT: <gurobi.Var 1C> >= <gurobi.Var EXT_1C_42523208:SNP.CT>
M  Contraint for MA[extra] 1C 42526560:SNP.TG: <gurobi.Var 1C> >= <gurobi.Var EXT_1C_42526560:SNP.TG>
M  Contraint for MA[extra] 1C 42524213:INS.g: <gurobi.Var 1C> >= <gurobi.Var EXT_1C_42524213:INS.g>
M  Contraint for MA[extra] 1C 42526570:SNP.GC: <gurobi.Var 1C> >= <gurobi.Var EXT_1C_42526570:SNP.GC>
M  Contraint for MA[extra] 1C 42523942:SNP.GA: <gurobi.Var 1C> >= <gurobi.Var EXT_1C_42523942:SNP.GA>
M  Contraint for MA[extra] 1C 42527421:SNP.TC: <gurobi.Var 1C> >= <gurobi.Var EXT_1C_42527421:SNP.TC>
M  Contraint for MA[extra] 1B 42524923:SNP.AG: <gurobi.Var 1B> >= <gurobi.Var EXT_1B_42524923:SNP.AG>
M  Contraint for MA[extra] 1B 42525131:SNP.CG: <gurobi.Var 1B> >= <gurobi.Var EXT_1B_42525131:SNP.CG>
M  Contraint for MA[extra] 1B 42526566:SNP.AG: <gurobi.Var 1B> >= <gurobi.Var EXT_1B_42526566:SNP.AG>
M  Contraint for MA[extra] 1B 42528381:SNP.GC: <gurobi.Var 1B> >= <gurobi.Var EXT_1B_42528381:SNP.GC>
M  Contraint for MA[extra] 1B 42527470:SNP.CT: <gurobi.Var 1B> >= <gurobi.Var EXT_1B_42527470:SNP.CT>
M  Contraint for MA[extra] 1B 42522612:SNP.CG: <gurobi.Var 1B> >= <gurobi.Var EXT_1B_42522612:SNP.CG>
M  Contraint for MA[extra] 1B 42528027:SNP.TC: <gurobi.Var 1B> >= <gurobi.Var EXT_1B_42528027:SNP.TC>
M  Contraint for MA[extra] 1B 42526548:SNP.TC: <gurobi.Var 1B> >= <gurobi.Var EXT_1B_42526548:SNP.TC>
M  Contraint for MA[extra] 1B 42526572:SNP.GT: <gurobi.Var 1B> >= <gurobi.Var EXT_1B_42526572:SNP.GT>
M  Contraint for MA[extra] 1B 42527532:SNP.GA: <gurobi.Var 1B> >= <gurobi.Var EXT_1B_42527532:SNP.GA>
M  Contraint for MA[extra] 1B 42526579:SNP.CG: <gurobi.Var 1B> >= <gurobi.Var EXT_1B_42526579:SNP.CG>
M  Contraint for MA[extra] 1B 42526561:SNP.CG: <gurobi.Var 1B> >= <gurobi.Var EXT_1B_42526561:SNP.CG>
M  Contraint for MA[extra] 1B 42524814:SNP.GA: <gurobi.Var 1B> >= <gurobi.Var EXT_1B_42524814:SNP.GA>
M  Contraint for MA[extra] 1B 42528223:SNP.GA: <gurobi.Var 1B> >= <gurobi.Var EXT_1B_42528223:SNP.GA>
M  Contraint for MA[extra] 1B 42524217:SNP.GT: <gurobi.Var 1B> >= <gurobi.Var EXT_1B_42524217:SNP.GT>
M  Contraint for MA[extra] 1B 42526483:SNP.CA: <gurobi.Var 1B> >= <gurobi.Var EXT_1B_42526483:SNP.CA>
M  Contraint for MA[extra] 1B 42523208:SNP.CT: <gurobi.Var 1B> >= <gurobi.Var EXT_1B_42523208:SNP.CT>
M  Contraint for MA[extra] 1B 42526560:SNP.TG: <gurobi.Var 1B> >= <gurobi.Var EXT_1B_42526560:SNP.TG>
M  Contraint for MA[extra] 1B 42524213:INS.g: <gurobi.Var 1B> >= <gurobi.Var EXT_1B_42524213:INS.g>
M  Contraint for MA[extra] 1B 42526570:SNP.GC: <gurobi.Var 1B> >= <gurobi.Var EXT_1B_42526570:SNP.GC>
M  Contraint for MA[extra] 1B 42523942:SNP.GA: <gurobi.Var 1B> >= <gurobi.Var EXT_1B_42523942:SNP.GA>
M  Contraint for MA[extra] 1B 42527421:SNP.TC: <gurobi.Var 1B> >= <gurobi.Var EXT_1B_42527421:SNP.TC>
M  Contraint for MA[extra] 21B 42524923:SNP.AG: <gurobi.Var 21B> >= <gurobi.Var EXT_21B_42524923:SNP.AG>
M  Contraint for MA[extra] 21B 42523208:SNP.CT: <gurobi.Var 21B> >= <gurobi.Var EXT_21B_42523208:SNP.CT>
M  Contraint for MA[extra] 21B 42522964:SNP.CT: <gurobi.Var 21B> >= <gurobi.Var EXT_21B_42522964:SNP.CT>
M  Contraint for MA[extra] 21B 42526579:SNP.CG: <gurobi.Var 21B> >= <gurobi.Var EXT_21B_42526579:SNP.CG>
M  Contraint for MA[extra] 21B 42524814:SNP.GA: <gurobi.Var 21B> >= <gurobi.Var EXT_21B_42524814:SNP.GA>
M  Contraint for MA[extra] 21B 42528223:SNP.GA: <gurobi.Var 21B> >= <gurobi.Var EXT_21B_42528223:SNP.GA>
M  Contraint for MA[extra] 21B 42524217:SNP.GT: <gurobi.Var 21B> >= <gurobi.Var EXT_21B_42524217:SNP.GT>
M  Contraint for MA[extra] 21B 42526483:SNP.CA: <gurobi.Var 21B> >= <gurobi.Var EXT_21B_42526483:SNP.CA>
M  Contraint for MA[extra] 21B 42527421:SNP.TC: <gurobi.Var 21B> >= <gurobi.Var EXT_21B_42527421:SNP.TC>
M  Contraint for MA[extra] 1D 42524923:SNP.AG: <gurobi.Var 1D> >= <gurobi.Var EXT_1D_42524923:SNP.AG>
M  Contraint for MA[extra] 1D 42525131:SNP.CG: <gurobi.Var 1D> >= <gurobi.Var EXT_1D_42525131:SNP.CG>
M  Contraint for MA[extra] 1D 42522964:SNP.CT: <gurobi.Var 1D> >= <gurobi.Var EXT_1D_42522964:SNP.CT>
M  Contraint for MA[extra] 1D 42526566:SNP.AG: <gurobi.Var 1D> >= <gurobi.Var EXT_1D_42526566:SNP.AG>
M  Contraint for MA[extra] 1D 42528381:SNP.GC: <gurobi.Var 1D> >= <gurobi.Var EXT_1D_42528381:SNP.GC>
M  Contraint for MA[extra] 1D 42527470:SNP.CT: <gurobi.Var 1D> >= <gurobi.Var EXT_1D_42527470:SNP.CT>
M  Contraint for MA[extra] 1D 42522612:SNP.CG: <gurobi.Var 1D> >= <gurobi.Var EXT_1D_42522612:SNP.CG>
M  Contraint for MA[extra] 1D 42528027:SNP.TC: <gurobi.Var 1D> >= <gurobi.Var EXT_1D_42528027:SNP.TC>
M  Contraint for MA[extra] 1D 42526548:SNP.TC: <gurobi.Var 1D> >= <gurobi.Var EXT_1D_42526548:SNP.TC>
M  Contraint for MA[extra] 1D 42526572:SNP.GT: <gurobi.Var 1D> >= <gurobi.Var EXT_1D_42526572:SNP.GT>
M  Contraint for MA[extra] 1D 42527532:SNP.GA: <gurobi.Var 1D> >= <gurobi.Var EXT_1D_42527532:SNP.GA>
M  Contraint for MA[extra] 1D 42526579:SNP.CG: <gurobi.Var 1D> >= <gurobi.Var EXT_1D_42526579:SNP.CG>
M  Contraint for MA[extra] 1D 42526561:SNP.CG: <gurobi.Var 1D> >= <gurobi.Var EXT_1D_42526561:SNP.CG>
M  Contraint for MA[extra] 1D 42524814:SNP.GA: <gurobi.Var 1D> >= <gurobi.Var EXT_1D_42524814:SNP.GA>
M  Contraint for MA[extra] 1D 42528223:SNP.GA: <gurobi.Var 1D> >= <gurobi.Var EXT_1D_42528223:SNP.GA>
M  Contraint for MA[extra] 1D 42526483:SNP.CA: <gurobi.Var 1D> >= <gurobi.Var EXT_1D_42526483:SNP.CA>
M  Contraint for MA[extra] 1D 42523208:SNP.CT: <gurobi.Var 1D> >= <gurobi.Var EXT_1D_42523208:SNP.CT>
M  Contraint for MA[extra] 1D 42526560:SNP.TG: <gurobi.Var 1D> >= <gurobi.Var EXT_1D_42526560:SNP.TG>
M  Contraint for MA[extra] 1D 42524213:INS.g: <gurobi.Var 1D> >= <gurobi.Var EXT_1D_42524213:INS.g>
M  Contraint for MA[extra] 1D 42526570:SNP.GC: <gurobi.Var 1D> >= <gurobi.Var EXT_1D_42526570:SNP.GC>
M  Contraint for MA[extra] 1D 42523942:SNP.GA: <gurobi.Var 1D> >= <gurobi.Var EXT_1D_42523942:SNP.GA>
M  Contraint for MA[extra] 1D 42527421:SNP.TC: <gurobi.Var 1D> >= <gurobi.Var EXT_1D_42527421:SNP.TC>
M  Contraint for MA[extra] 21A 42524923:SNP.AG: <gurobi.Var 21A> >= <gurobi.Var EXT_21A_42524923:SNP.AG>
M  Contraint for MA[extra] 21A 42526560:SNP.TG: <gurobi.Var 21A> >= <gurobi.Var EXT_21A_42526560:SNP.TG>
M  Contraint for MA[extra] 21A 42522964:SNP.CT: <gurobi.Var 21A> >= <gurobi.Var EXT_21A_42522964:SNP.CT>
M  Contraint for MA[extra] 21A 42526561:SNP.CG: <gurobi.Var 21A> >= <gurobi.Var EXT_21A_42526561:SNP.CG>
M  Contraint for MA[extra] 21A 42524814:SNP.GA: <gurobi.Var 21A> >= <gurobi.Var EXT_21A_42524814:SNP.GA>
M  Contraint for MA[extra] 21A 42524217:SNP.GT: <gurobi.Var 21A> >= <gurobi.Var EXT_21A_42524217:SNP.GT>
M  Contraint for MA[extra] 21A 42526548:SNP.TC: <gurobi.Var 21A> >= <gurobi.Var EXT_21A_42526548:SNP.TC>
M  Contraint for MA[extra] 1E 42525131:SNP.CG: <gurobi.Var 1E> >= <gurobi.Var EXT_1E_42525131:SNP.CG>
M  Contraint for MA[extra] 1E 42522964:SNP.CT: <gurobi.Var 1E> >= <gurobi.Var EXT_1E_42522964:SNP.CT>
M  Contraint for MA[extra] 1E 42526566:SNP.AG: <gurobi.Var 1E> >= <gurobi.Var EXT_1E_42526566:SNP.AG>
M  Contraint for MA[extra] 1E 42528381:SNP.GC: <gurobi.Var 1E> >= <gurobi.Var EXT_1E_42528381:SNP.GC>
M  Contraint for MA[extra] 1E 42527470:SNP.CT: <gurobi.Var 1E> >= <gurobi.Var EXT_1E_42527470:SNP.CT>
M  Contraint for MA[extra] 1E 42522612:SNP.CG: <gurobi.Var 1E> >= <gurobi.Var EXT_1E_42522612:SNP.CG>
M  Contraint for MA[extra] 1E 42528027:SNP.TC: <gurobi.Var 1E> >= <gurobi.Var EXT_1E_42528027:SNP.TC>
M  Contraint for MA[extra] 1E 42526548:SNP.TC: <gurobi.Var 1E> >= <gurobi.Var EXT_1E_42526548:SNP.TC>
M  Contraint for MA[extra] 1E 42526572:SNP.GT: <gurobi.Var 1E> >= <gurobi.Var EXT_1E_42526572:SNP.GT>
M  Contraint for MA[extra] 1E 42527532:SNP.GA: <gurobi.Var 1E> >= <gurobi.Var EXT_1E_42527532:SNP.GA>
M  Contraint for MA[extra] 1E 42526579:SNP.CG: <gurobi.Var 1E> >= <gurobi.Var EXT_1E_42526579:SNP.CG>
M  Contraint for MA[extra] 1E 42526561:SNP.CG: <gurobi.Var 1E> >= <gurobi.Var EXT_1E_42526561:SNP.CG>
M  Contraint for MA[extra] 1E 42524814:SNP.GA: <gurobi.Var 1E> >= <gurobi.Var EXT_1E_42524814:SNP.GA>
M  Contraint for MA[extra] 1E 42528223:SNP.GA: <gurobi.Var 1E> >= <gurobi.Var EXT_1E_42528223:SNP.GA>
M  Contraint for MA[extra] 1E 42524217:SNP.GT: <gurobi.Var 1E> >= <gurobi.Var EXT_1E_42524217:SNP.GT>
M  Contraint for MA[extra] 1E 42526483:SNP.CA: <gurobi.Var 1E> >= <gurobi.Var EXT_1E_42526483:SNP.CA>
M  Contraint for MA[extra] 1E 42523208:SNP.CT: <gurobi.Var 1E> >= <gurobi.Var EXT_1E_42523208:SNP.CT>
M  Contraint for MA[extra] 1E 42526560:SNP.TG: <gurobi.Var 1E> >= <gurobi.Var EXT_1E_42526560:SNP.TG>
M  Contraint for MA[extra] 1E 42524213:INS.g: <gurobi.Var 1E> >= <gurobi.Var EXT_1E_42524213:INS.g>
M  Contraint for MA[extra] 1E 42526570:SNP.GC: <gurobi.Var 1E> >= <gurobi.Var EXT_1E_42526570:SNP.GC>
M  Contraint for MA[extra] 1E 42523942:SNP.GA: <gurobi.Var 1E> >= <gurobi.Var EXT_1E_42523942:SNP.GA>
M  Contraint for MA[extra] 1E 42527421:SNP.TC: <gurobi.Var 1E> >= <gurobi.Var EXT_1E_42527421:SNP.TC>
M  Objective: <gurobi.LinExpr: C214 + C215 + C216 + C217 + C218 + C219 + C220 + C221 + C222 + C223 + C224 + C225 + C226 + C227 + C228 + C229 + C230 + C231 + C232 + C233 + C234 + C235 + C236 + C237 + C238 + C239 + C240 + C241 + C242 + C243 + C244 + C245 + C246 + C247 + C248 + C249 + C250 + C251 + C252 + C253 + C254 + C255 + C256 + C257 + C258 + C259 + EXT_1_42524923:SNP.AG + EXT_1_42525131:SNP.CG + EXT_1_42522964:SNP.CT + EXT_1_42526566:SNP.AG + EXT_1_42528381:SNP.GC + EXT_1_42527470:SNP.CT + EXT_1_42522612:SNP.CG + EXT_1_42528027:SNP.TC + EXT_1_42526548:SNP.TC + EXT_1_42526572:SNP.GT + EXT_1_42527532:SNP.GA + EXT_1_42526579:SNP.CG + EXT_1_42526561:SNP.CG + EXT_1_42524814:SNP.GA + EXT_1_42528223:SNP.GA + EXT_1_42524217:SNP.GT + EXT_1_42526483:SNP.CA + EXT_1_42523208:SNP.CT + EXT_1_42526560:SNP.TG + EXT_1_42524213:INS.g + EXT_1_42526570:SNP.GC + EXT_1_42523942:SNP.GA + EXT_1_42527421:SNP.TC + EXT_1C_42524923:SNP.AG + EXT_1C_42525131:SNP.CG + EXT_1C_42522964:SNP.CT + EXT_1C_42526566:SNP.AG + EXT_1C_42528381:SNP.GC + EXT_1C_42527470:SNP.CT + EXT_1C_42522612:SNP.CG + EXT_1C_42528027:SNP.TC + EXT_1C_42526548:SNP.TC + EXT_1C_42526572:SNP.GT + EXT_1C_42527532:SNP.GA + EXT_1C_42526579:SNP.CG + EXT_1C_42526561:SNP.CG + EXT_1C_42528223:SNP.GA + EXT_1C_42524217:SNP.GT + EXT_1C_42526483:SNP.CA + EXT_1C_42523208:SNP.CT + EXT_1C_42526560:SNP.TG + EXT_1C_42524213:INS.g + EXT_1C_42526570:SNP.GC + EXT_1C_42523942:SNP.GA + EXT_1C_42527421:SNP.TC + EXT_1B_42524923:SNP.AG + EXT_1B_42525131:SNP.CG + EXT_1B_42526566:SNP.AG + EXT_1B_42528381:SNP.GC + EXT_1B_42527470:SNP.CT + EXT_1B_42522612:SNP.CG + EXT_1B_42528027:SNP.TC + EXT_1B_42526548:SNP.TC + EXT_1B_42526572:SNP.GT + EXT_1B_42527532:SNP.GA + EXT_1B_42526579:SNP.CG + EXT_1B_42526561:SNP.CG + EXT_1B_42524814:SNP.GA + EXT_1B_42528223:SNP.GA + EXT_1B_42524217:SNP.GT + EXT_1B_42526483:SNP.CA + EXT_1B_42523208:SNP.CT + EXT_1B_42526560:SNP.TG + EXT_1B_42524213:INS.g + EXT_1B_42526570:SNP.GC + EXT_1B_42523942:SNP.GA + EXT_1B_42527421:SNP.TC + EXT_21B_42524923:SNP.AG + EXT_21B_42523208:SNP.CT + EXT_21B_42522964:SNP.CT + EXT_21B_42526579:SNP.CG + EXT_21B_42524814:SNP.GA + EXT_21B_42528223:SNP.GA + EXT_21B_42524217:SNP.GT + EXT_21B_42526483:SNP.CA + EXT_21B_42527421:SNP.TC + EXT_1D_42524923:SNP.AG + EXT_1D_42525131:SNP.CG + EXT_1D_42522964:SNP.CT + EXT_1D_42526566:SNP.AG + EXT_1D_42528381:SNP.GC + EXT_1D_42527470:SNP.CT + EXT_1D_42522612:SNP.CG + EXT_1D_42528027:SNP.TC + EXT_1D_42526548:SNP.TC + EXT_1D_42526572:SNP.GT + EXT_1D_42527532:SNP.GA + EXT_1D_42526579:SNP.CG + EXT_1D_42526561:SNP.CG + EXT_1D_42524814:SNP.GA + EXT_1D_42528223:SNP.GA + EXT_1D_42526483:SNP.CA + EXT_1D_42523208:SNP.CT + EXT_1D_42526560:SNP.TG + EXT_1D_42524213:INS.g + EXT_1D_42526570:SNP.GC + EXT_1D_42523942:SNP.GA + EXT_1D_42527421:SNP.TC + EXT_21A_42524923:SNP.AG + EXT_21A_42526560:SNP.TG + EXT_21A_42522964:SNP.CT + EXT_21A_42526561:SNP.CG + EXT_21A_42524814:SNP.GA + EXT_21A_42524217:SNP.GT + EXT_21A_42526548:SNP.TC + EXT_1E_42525131:SNP.CG + EXT_1E_42522964:SNP.CT + EXT_1E_42526566:SNP.AG + EXT_1E_42528381:SNP.GC + EXT_1E_42527470:SNP.CT + EXT_1E_42522612:SNP.CG + EXT_1E_42528027:SNP.TC + EXT_1E_42526548:SNP.TC + EXT_1E_42526572:SNP.GT + EXT_1E_42527532:SNP.GA + EXT_1E_42526579:SNP.CG + EXT_1E_42526561:SNP.CG + EXT_1E_42524814:SNP.GA + EXT_1E_42528223:SNP.GA + EXT_1E_42524217:SNP.GT + EXT_1E_42526483:SNP.CA + EXT_1E_42523208:SNP.CT + EXT_1E_42526560:SNP.TG + EXT_1E_42524213:INS.g + EXT_1E_42526570:SNP.GC + EXT_1E_42523942:SNP.GA + EXT_1E_42527421:SNP.TC + W>
M  Contraint for 21B: <gurobi.LinExpr: REG_21B_42528381:SNP.GC + REG_21B_42524213:INS.g + REG_21B_42523942:SNP.GA + REG_21B_42522612:SNP.CG> = 4 * A_<gurobi.Var 21B>
M  Contraint for 21A: <gurobi.LinExpr: REG_21A_42528381:SNP.GC + REG_21A_42524213:INS.g + REG_21A_42523942:SNP.GA + REG_21A_42522612:SNP.CG> = 4 * A_<gurobi.Var 21A>
M  Contraint for 42524814:SNP.GA: 0 >= <gurobi.LinExpr: REG_1C_42524814:SNP.GA>
M  Contraint for 42522964:SNP.CT: 0 >= <gurobi.LinExpr: REG_1B_42522964:SNP.CT>
M  Contraint for 42524217:SNP.GT: 0 >= <gurobi.LinExpr: REG_1D_42524217:SNP.GT>
M  Contraint for 42528223:SNP.GA: 0 >= <gurobi.LinExpr: REG_21A_42528223:SNP.GA>
M  Contraint for 42527421:SNP.TC: 0 >= <gurobi.LinExpr: REG_21A_42527421:SNP.TC>
M  Contraint for 42524923:SNP.AG: 0 >= <gurobi.LinExpr: REG_1E_42524923:SNP.AG>
M  Contraint for 42524923:SNP.AG: 0 <= <gurobi.QuadExpr: 0.0 + [ REG_1E_42524923:SNP.AG * 1E + EXT_1_42524923:SNP.AG * 1 + EXT_1C_42524923:SNP.AG * 1C + EXT_1B_42524923:SNP.AG * 1B + EXT_21B_42524923:SNP.AG * 21B + EXT_1D_42524923:SNP.AG * 1D + EXT_21A_42524923:SNP.AG * 21A ]> <= 1
M  Contraint for 42525131:SNP.CG: 1 <= <gurobi.QuadExpr: 0.0 + [ REG_21B_42525131:SNP.CG * 21B + REG_21A_42525131:SNP.CG * 21A + EXT_1_42525131:SNP.CG * 1 + EXT_1C_42525131:SNP.CG * 1C + EXT_1B_42525131:SNP.CG * 1B + EXT_1D_42525131:SNP.CG * 1D + EXT_1E_42525131:SNP.CG * 1E ]> <= 2
M  Contraint for 42526572:SNP.GT: 1 <= <gurobi.QuadExpr: 0.0 + [ REG_21B_42526572:SNP.GT * 21B + REG_21A_42526572:SNP.GT * 21A + EXT_1_42526572:SNP.GT * 1 + EXT_1C_42526572:SNP.GT * 1C + EXT_1B_42526572:SNP.GT * 1B + EXT_1D_42526572:SNP.GT * 1D + EXT_1E_42526572:SNP.GT * 1E ]> <= 2
M  Contraint for 42527532:SNP.GA: 1 <= <gurobi.QuadExpr: 0.0 + [ REG_21B_42527532:SNP.GA * 21B + REG_21A_42527532:SNP.GA * 21A + EXT_1_42527532:SNP.GA * 1 + EXT_1C_42527532:SNP.GA * 1C + EXT_1B_42527532:SNP.GA * 1B + EXT_1D_42527532:SNP.GA * 1D + EXT_1E_42527532:SNP.GA * 1E ]> <= 2
M  Contraint for 42522964:SNP.CT: 0 <= <gurobi.QuadExpr: 0.0 + [ REG_1B_42522964:SNP.CT * 1B + EXT_1_42522964:SNP.CT * 1 + EXT_1C_42522964:SNP.CT * 1C + EXT_21B_42522964:SNP.CT * 21B + EXT_1D_42522964:SNP.CT * 1D + EXT_21A_42522964:SNP.CT * 21A + EXT_1E_42522964:SNP.CT * 1E ]> <= 1
M  Contraint for 42526579:SNP.CG: 1 <= <gurobi.QuadExpr: 0.0 + [ REG_21A_42526579:SNP.CG * 21A + EXT_1_42526579:SNP.CG * 1 + EXT_1C_42526579:SNP.CG * 1C + EXT_1B_42526579:SNP.CG * 1B + EXT_21B_42526579:SNP.CG * 21B + EXT_1D_42526579:SNP.CG * 1D + EXT_1E_42526579:SNP.CG * 1E ]> <= 2
M  Contraint for 42526561:SNP.CG: 1 <= <gurobi.QuadExpr: 0.0 + [ REG_21B_42526561:SNP.CG * 21B + EXT_1_42526561:SNP.CG * 1 + EXT_1C_42526561:SNP.CG * 1C + EXT_1B_42526561:SNP.CG * 1B + EXT_1D_42526561:SNP.CG * 1D + EXT_21A_42526561:SNP.CG * 21A + EXT_1E_42526561:SNP.CG * 1E ]> <= 2
M  Contraint for 42524814:SNP.GA: 0 <= <gurobi.QuadExpr: 0.0 + [ REG_1C_42524814:SNP.GA * 1C + EXT_1_42524814:SNP.GA * 1 + EXT_1B_42524814:SNP.GA * 1B + EXT_21B_42524814:SNP.GA * 21B + EXT_1D_42524814:SNP.GA * 1D + EXT_21A_42524814:SNP.GA * 21A + EXT_1E_42524814:SNP.GA * 1E ]> <= 1
M  Contraint for 42528223:SNP.GA: 0 <= <gurobi.QuadExpr: 0.0 + [ REG_21A_42528223:SNP.GA * 21A + EXT_1_42528223:SNP.GA * 1 + EXT_1C_42528223:SNP.GA * 1C + EXT_1B_42528223:SNP.GA * 1B + EXT_21B_42528223:SNP.GA * 21B + EXT_1D_42528223:SNP.GA * 1D + EXT_1E_42528223:SNP.GA * 1E ]> <= 1
M  Contraint for 42524217:SNP.GT: 0 <= <gurobi.QuadExpr: 0.0 + [ REG_1D_42524217:SNP.GT * 1D + EXT_1_42524217:SNP.GT * 1 + EXT_1C_42524217:SNP.GT * 1C + EXT_1B_42524217:SNP.GT * 1B + EXT_21B_42524217:SNP.GT * 21B + EXT_21A_42524217:SNP.GT * 21A + EXT_1E_42524217:SNP.GT * 1E ]> <= 1
M  Contraint for 42526483:SNP.CA: 1 <= <gurobi.QuadExpr: 0.0 + [ REG_21A_42526483:SNP.CA * 21A + EXT_1_42526483:SNP.CA * 1 + EXT_1C_42526483:SNP.CA * 1C + EXT_1B_42526483:SNP.CA * 1B + EXT_21B_42526483:SNP.CA * 21B + EXT_1D_42526483:SNP.CA * 1D + EXT_1E_42526483:SNP.CA * 1E ]> <= 2
M  Contraint for 42528381:SNP.GC: 1 <= <gurobi.QuadExpr: 0.0 + [ REG_21B_42528381:SNP.GC * 21B + REG_21A_42528381:SNP.GC * 21A ]> <= 1
M  Contraint for 42528381:SNP.GC: <gurobi.QuadExpr: 0.0 + [ REG_21B_42528381:SNP.GC * 21B + REG_21A_42528381:SNP.GC * 21A ]> <= 1
M  Contraint for 42527470:SNP.CT: 1 <= <gurobi.QuadExpr: 0.0 + [ REG_21B_42527470:SNP.CT * 21B + REG_21A_42527470:SNP.CT * 21A + EXT_1_42527470:SNP.CT * 1 + EXT_1C_42527470:SNP.CT * 1C + EXT_1B_42527470:SNP.CT * 1B + EXT_1D_42527470:SNP.CT * 1D + EXT_1E_42527470:SNP.CT * 1E ]> <= 2
M  Contraint for 42522612:SNP.CG: 1 <= <gurobi.QuadExpr: 0.0 + [ REG_21B_42522612:SNP.CG * 21B + REG_21A_42522612:SNP.CG * 21A ]> <= 1
M  Contraint for 42522612:SNP.CG: <gurobi.QuadExpr: 0.0 + [ REG_21B_42522612:SNP.CG * 21B + REG_21A_42522612:SNP.CG * 21A ]> <= 1
M  Contraint for 42523208:SNP.CT: 1 <= <gurobi.QuadExpr: 0.0 + [ REG_21A_42523208:SNP.CT * 21A + EXT_1_42523208:SNP.CT * 1 + EXT_1C_42523208:SNP.CT * 1C + EXT_1B_42523208:SNP.CT * 1B + EXT_21B_42523208:SNP.CT * 21B + EXT_1D_42523208:SNP.CT * 1D + EXT_1E_42523208:SNP.CT * 1E ]> <= 2
M  Contraint for 42526560:SNP.TG: 1 <= <gurobi.QuadExpr: 0.0 + [ REG_21B_42526560:SNP.TG * 21B + EXT_1_42526560:SNP.TG * 1 + EXT_1C_42526560:SNP.TG * 1C + EXT_1B_42526560:SNP.TG * 1B + EXT_1D_42526560:SNP.TG * 1D + EXT_21A_42526560:SNP.TG * 21A + EXT_1E_42526560:SNP.TG * 1E ]> <= 2
M  Contraint for 42524213:INS.g: 1 <= <gurobi.QuadExpr: 0.0 + [ REG_21B_42524213:INS.g * 21B + REG_21A_42524213:INS.g * 21A ]> <= 2
M  Contraint for 42524213:INS.g: <gurobi.QuadExpr: 0.0 + [ REG_21B_42524213:INS.g * 21B + REG_21A_42524213:INS.g * 21A ]> <= 2
M  Contraint for 42526570:SNP.GC: 1 <= <gurobi.QuadExpr: 0.0 + [ REG_21B_42526570:SNP.GC * 21B + REG_21A_42526570:SNP.GC * 21A + EXT_1_42526570:SNP.GC * 1 + EXT_1C_42526570:SNP.GC * 1C + EXT_1B_42526570:SNP.GC * 1B + EXT_1D_42526570:SNP.GC * 1D + EXT_1E_42526570:SNP.GC * 1E ]> <= 2
M  Contraint for 42528027:SNP.TC: 1 <= <gurobi.QuadExpr: 0.0 + [ REG_21B_42528027:SNP.TC * 21B + REG_21A_42528027:SNP.TC * 21A + EXT_1_42528027:SNP.TC * 1 + EXT_1C_42528027:SNP.TC * 1C + EXT_1B_42528027:SNP.TC * 1B + EXT_1D_42528027:SNP.TC * 1D + EXT_1E_42528027:SNP.TC * 1E ]> <= 2
M  Contraint for 42523942:SNP.GA: 1 <= <gurobi.QuadExpr: 0.0 + [ REG_21B_42523942:SNP.GA * 21B + REG_21A_42523942:SNP.GA * 21A ]> <= 1
M  Contraint for 42523942:SNP.GA: <gurobi.QuadExpr: 0.0 + [ REG_21B_42523942:SNP.GA * 21B + REG_21A_42523942:SNP.GA * 21A ]> <= 1
M  Contraint for 42526566:SNP.AG: 1 <= <gurobi.QuadExpr: 0.0 + [ REG_21B_42526566:SNP.AG * 21B + REG_21A_42526566:SNP.AG * 21A + EXT_1_42526566:SNP.AG * 1 + EXT_1C_42526566:SNP.AG * 1C + EXT_1B_42526566:SNP.AG * 1B + EXT_1D_42526566:SNP.AG * 1D + EXT_1E_42526566:SNP.AG * 1E ]> <= 2
M  Contraint for 42527421:SNP.TC: 0 <= <gurobi.QuadExpr: 0.0 + [ REG_21A_42527421:SNP.TC * 21A + EXT_1_42527421:SNP.TC * 1 + EXT_1C_42527421:SNP.TC * 1C + EXT_1B_42527421:SNP.TC * 1B + EXT_21B_42527421:SNP.TC * 21B + EXT_1D_42527421:SNP.TC * 1D + EXT_1E_42527421:SNP.TC * 1E ]> <= 1
M  Contraint for 42526548:SNP.TC: 1 <= <gurobi.QuadExpr: 0.0 + [ REG_21B_42526548:SNP.TC * 21B + EXT_1_42526548:SNP.TC * 1 + EXT_1C_42526548:SNP.TC * 1C + EXT_1B_42526548:SNP.TC * 1B + EXT_1D_42526548:SNP.TC * 1D + EXT_21A_42526548:SNP.TC * 21A + EXT_1E_42526548:SNP.TC * 1E ]> <= 2
CN Solver status: optimal, opt: 1440.0
  1: 1
  21B: 1
    6.3e 42525131:SNP.CG  346 ( 53 cp. 1) 
    6.1i 42526572:SNP.GT  305 ( 63 cp. 1) 
    6.0i 42527532:SNP.GA  250 ( 59 cp. 1) 
    6.1i 42526560:SNP.TG  316 ( 63 cp. 1) 
    6.5e 42524213:INS.g  176 ( 58 cp. 1) F
    6.1i 42526561:SNP.CG  314 ( 63 cp. 1) 
    6.1i 42526570:SNP.GC  311 ( 65 cp. 1) 
    6.0i 42528027:SNP.TC   10 ( 59 cp. 1) 
    6.1i 42526566:SNP.AG  312 ( 62 cp. 1) 
    6.6e 42523942:SNP.GA  201 ( 50 cp. 1) F
    6.0i 42528381:SNP.GC    4 ( 31 cp. 1) F
    6.0i 42527470:SNP.CT  376 ( 70 cp. 1) 
    6.9e 42522612:SNP.CG  242 ( 48 cp. 1) F
    6.1i 42526548:SNP.TC  303 ( 60 cp. 1) 
Missing:
  1: 1
  21B: 1
Extra:
  1: 1
  21B: 1
    6.7i 42523208:SNP.CT  234 ( 51)   rs28371730   3584:G>A
    6.1i 42526579:SNP.CG  310 ( 60)   rs1080995    214:G>C
    6.1i 42526483:SNP.CA  261 ( 53)   rs28371699   310:G>T
Time needed: (35.5)
Result is: [('1', '21B')]
