SAM file: bams/PGXT188.bam
File bams/PGXT188.bam has index
Coverage is 37.4021051786
== Allele Filter ==
 6.24e  97543485: SNP.GT                   84 ( 36%) ~     0 (  0)
 6.24e  97543751: SNP.GA                  207 ( 52%) ~     0 (  0)
 6.24e  97543763: SNP.CT                  363 (100%) ~     0 (  0)
 6.24e  97543958: SNP.CT                   96 ( 47%) ~     0 (  0)
 6.23i  97544770: SNP.TC                  149 (100%) ~     0 (  0)
 6.23i  97547830: SNP.GA                  246 (100%) ~     0 (  0)
 6.22i  97550190: SNP.TC                    2 (100%) ~     0 (  0)
 6.21i  97571833: SNP.AG                    2 (100%) ~     0 (  0)
 6.21i  97590795: SNP.GA                    2 (100%) ~     0 (  0)
 6.21i  97613808: DEL.T                     2 (100%) ~     0 (  0)
 6.21i  97643461: SNP.CT                    2 (100%) ~     0 (  0)
 6.21i  97653801: SNP.TC                    4 (100%) ~     0 (  0)
 6.21i  97658394: SNP.CT                    8 (100%) ~     0 (  0)
 6.20i  97658961: SNP.GA                    2 (  8%) ~     0 (  0)
 6.20i  97660276: SNP.CT                    4 (100%) ~     0 (  0)
 6.20i  97664699: SNP.GC                    2 (100%) ~     0 (  0)
 6.20i  97664702: SNP.GC                    2 (100%) ~     0 (  0)
 6.20i  97664702: INS.t                     2 (100%) ~     0 (  0)
 6.20i  97664703: SNP.AT                    2 (100%) ~     0 (  0)
 6.20i  97664755: SNP.GC                    4 (100%) ~     0 (  0)
 6.20i  97664799: SNP.GA                    2 (100%) ~     0 (  0)
 6.20i  97664802: SNP.AT                    2 (100%) ~     0 (  0)
 6.20i  97664803: SNP.AC                    2 (100%) ~     0 (  0)
 6.20i  97668378: SNP.CA                    2 (100%) ~     0 (  0)
 6.20i  97670324: SNP.CT                    2 (100%) ~     0 (  0)
 6.20i  97673403: SNP.CA                    2 (100%) ~     0 (  0)
 6.20i  97676259: SNP.AG                    2 (100%) ~     0 (  0)
 6.20i  97684327: SNP.TC                    2 (100%) ~     0 (  0)
 6.19i  97711451: SNP.AG                    2 (100%) ~     0 (  0)
 6.19i  97719611: SNP.CT                    2 (100%) ~     0 (  0)
 6.19i  97732024: SNP.GT                    2 (100%) ~     0 (  0)
 6.19i  97740268: SNP.GA                    2 (100%) ~     0 (  0)
 6.19i  97759019: SNP.AT                    2 (100%) ~     0 (  0)
 6.17i  97771946: SNP.CA                   68 ( 60%) ~     0 (  0)
 6.17i  97772005: SNP.AG                    2 (  6%) ~     0 (  0)
 6.17i  97782375: SNP.AT                    3 (100%) ~     0 (  0)
 6.17i  97782950: SNP.GC                    2 (100%) ~     0 (  0)
 6.17i  97782984: SNP.CT                    2 (100%) ~     0 (  0)
 6.17i  97800419: DEL.G                     4 (100%) ~     0 (  0)
 6.17i  97838886: SNP.TC                    6 ( 60%) ~     0 (  0)
 6.16i  97839378: SNP.CA                    2 ( 12%) ~     0 (  0)
 6.16i  97839412: SNP.CG                    3 ( 38%) ~     0 (  0)
 6.16i  97842977: SNP.TC                    2 (100%) ~     0 (  0)
 6.15i  97848084: SNP.TC                    2 (  5%) ~     0 (  0)
 6.15i  97861895: INS.t                     2 (100%) ~     0 (  0)
 6.15i  97905259: SNP.CT                    2 (100%) ~     0 (  0)
 6.14i  97968614: SNP.AG                    2 (100%) ~     0 (  0)
 6.14i  97981241: SNP.TC                   81 ( 93%) ~     0 (  0)
 6.14i  97981242: SNP.GA                   86 (100%) ~     0 (  0)
 6.14e  97981394: SNP.TC     1627:T>C     517 (100%) ~     0 (  0)
 6.13i  97981507: SNP.CT                  141 ( 44%) ~     0 (  0)
 6.13i  97981705: SNP.CT                    2 (100%) ~     0 (  0)
 6.13i  97986545: SNP.TC                    2 (100%) ~     0 (  0)
 6.13i  97998306: DEL.T                     2 (100%) ~     0 (  0)
 6.13i  98003299: SNP.AG                    2 (100%) ~     0 (  0)
 6.13i  98003357: SNP.GA                    2 (100%) ~     0 (  0)
 6.11i  98040870: SNP.CT                    2 (100%) ~     0 (  0)
 6.11i  98042395: SNP.GA                    2 (100%) ~     0 (  0)
 6.11i  98046491: SNP.GT                    4 (100%) ~     0 (  0)
 6.11i  98049584: SNP.GC                    2 (100%) ~     0 (  0)
 6.10i  98060488: SNP.AT                    2 (  6%) ~     0 (  0)
 6.10i  98060512: SNP.TG                    4 (  6%) ~     0 (  0)
 6.9i   98089768: SNP.TC                    2 (100%) ~     0 (  0)
 6.9i   98089867: SNP.GA                    2 (100%) ~     0 (  0)
 6.9i   98089868: SNP.AG                    2 (100%) ~     0 (  0)
 6.9i   98089869: SNP.TA                    2 (100%) ~     0 (  0)
 6.9i   98089870: SNP.CT                    2 (100%) ~     0 (  0)
 6.9i   98143265: SNP.GA                    2 (100%) ~     0 (  0)
 6.9i   98144611: SNP.TC                    2 ( 15%) ~     0 (  0)
 6.9i   98144614: SNP.AT                    2 ( 11%) ~     0 (  0)
 6.9i   98144623: SNP.AT                    2 (  8%) ~     0 (  0)
 6.8e   98157331: SNP.CG                  383 (100%) ~     0 (  0)
 6.7i   98157590: SNP.CT                    2 (100%) ~     0 (  0)
 6.6i   98166151: SNP.GA                    2 (100%) ~     0 (  0)
 6.6e   98185526: SNP.AG                  343 (100%) ~     0 (  0)
 6.6e   98185704: SNP.TC                   13 (  7%) ~     0 (  0)
 6.6e   98185719: SNP.TA                   11 (  6%) ~     0 (  0)
 6.6e   98185721: SNP.AT                   11 (  7%) ~     0 (  0)
 6.6e   98185744: SNP.AC                   13 (  7%) ~     0 (  0)
 6.6e   98186076: SNP.TC                  274 (100%) ~     0 (  0)
 6.3i   98214256: SNP.TC                    3 (100%) ~     0 (  0)
 6.3i   98214257: SNP.AT                    3 (100%) ~     0 (  0)
 6.3i   98214357: SNP.GA                    3 (100%) ~     0 (  0)
 6.3i   98214358: SNP.AG                    3 (100%) ~     0 (  0)
 6.3i   98220373: SNP.TA                    2 (100%) ~     0 (  0)
 6.3i   98236755: SNP.GA                    2 (100%) ~     0 (  0)
 6.3i   98271932: SNP.CT                    2 (100%) ~     0 (  0)
 6.3i   98283853: SNP.TC                    2 (100%) ~     0 (  0)
 6.2i   98293832: SNP.TA                    6 (  6%) ~     0 (  0)
 6.2i   98320407: SNP.CT                   39 (100%) ~     0 (  0)
 6.2i   98320491: SNP.CA                  175 (100%) ~     0 (  0)
 6.2i   98348707: SNP.AT                    2 ( 10%) ~     0 (  0)
 6.1i   98354622: SNP.GA                    2 (100%) ~     0 (  0)
 6.1i   98354623: SNP.AG                    2 (100%) ~     0 (  0)
 6.1i   98374778: SNP.TC                    2 (100%) ~     0 (  0)
 6.1i   98386401: SNP.AC                   43 (  9%) ~     0 (  0)
Removing 10    6.24e 97544626:SNP.CA
Removing 11    6.11e 98058898:SNP.CA
Removing 12    6.2e 98348907:SNP.CT,  6.12e 98039498:SNP.CA
Removing 13    6.14e 97981342:SNP.AC
Removing 2B    6.15i 97915613:SNP.CT
Removing 2A    6.15i 97915613:SNP.CT
Removing 3     6.15e 97915621:DEL.G
Removing 4     6.14e 97981420:SNP.CT
Removing 6     6.19e 97770919:SNP.CT
Removing 7     6.4e 98205970:DEL.ATGA
Removing 8     6.8e 98157331:SNP.CT
Removing 9B    6.2e 98348884:SNP.AG
Removing 9     6.2e 98348884:SNP.AG
Initial status
  CYP2D6.1
  CYP2D6.5
    6.14e          97981394:SNP.TC  517 (100) F 1627:T>C
== Copy Number Estimator ==
CNV factor: 2.44868100847 (0.408383124034)
Coverage per region
  region:  2D6  2D7
  1e   :  1.61
  1i   :  2.06
  2e   :  2.31
  2i   :  2.10
  3e   :  1.96
  3i   :  2.15
  4e   :  2.40
  4i   :  2.36
  5e   :  1.97
  5i   :  2.39
  6e   :  2.29
  6i   :  2.57
  7e   :  2.65
  7i   :  2.48
  8e   :  2.47
  8i   :  2.39
  9e   :  3.04
  9i   :  3.11
  10e  :  2.29
  10i  :  2.25
  11e  :  1.72
  11i  :  2.63
  12e  :  2.16
  12i  :  2.03
  13e  :  1.80
  13i  :  2.32
  14e  :  2.34
  14i  :  3.03
  15e  :  2.12
  15i  :  2.30
  16e  :  2.14
  16i  :  3.16
  17e  :  2.46
  17i  :  2.77
  18e  :  2.24
  18i  :  2.28
  19e  :  1.87
  19i  :  2.30
  20e  :  1.97
  20i  :  2.73
  21e  :  2.08
  21i  :  2.78
  22e  :  2.54
  22i  :  2.75
  23e  :  2.12
  23i  :  2.52
  24e  :  2.15
Max. CN = 3
M  Sentinel contraint for 1: A_1^ <= A_1
M  Contraint for 24e: 2.14778655616 == E_24e + <gurobi.LinExpr: A1 + A1^>
M  Contraint for 7e: 2.65260144872 == E_7e + <gurobi.LinExpr: A1 + A1^>
M  Contraint for 12e: 2.16457737346 == E_12e + <gurobi.LinExpr: A1 + A1^>
M  Contraint for 16e: 2.14284662957 == E_16e + <gurobi.LinExpr: A1 + A1^>
M  Contraint for 22e: 2.54164499353 == E_22e + <gurobi.LinExpr: A1 + A1^>
M  Contraint for 9e: 3.04042295597 == E_9e + <gurobi.LinExpr: A1 + A1^>
M  Contraint for 10e: 2.28858727612 == E_10e + <gurobi.LinExpr: A1 + A1^>
M  Contraint for 14e: 2.33508545978 == E_14e + <gurobi.LinExpr: A1 + A1^>
M  Contraint for 20e: 1.96852990214 == E_20e + <gurobi.LinExpr: A1 + A1^>
M  Contraint for 1e: 1.61391428264 == E_1e + <gurobi.LinExpr: A1 + A1^>
M  Contraint for 5e: 1.96627531405 == E_5e + <gurobi.LinExpr: A1 + A1^>
M  Contraint for 3e: 1.9568784093 == E_3e + <gurobi.LinExpr: A1 + A1^>
M  Contraint for 11e: 1.72143785724 == E_11e + <gurobi.LinExpr: A1 + A1^>
M  Contraint for 6e: 2.28969613453 == E_6e + <gurobi.LinExpr: A1 + A1^>
M  Contraint for 13e: 1.79660009984 == E_13e + <gurobi.LinExpr: A1 + A1^>
M  Contraint for 23e: 2.11980228127 == E_23e + <gurobi.LinExpr: A1 + A1^>
M  Contraint for 17e: 2.46301406884 == E_17e + <gurobi.LinExpr: A1 + A1^>
M  Contraint for 8e: 2.47363986652 == E_8e + <gurobi.LinExpr: A1 + A1^>
M  Contraint for 21e: 2.08156557406 == E_21e + <gurobi.LinExpr: A1 + A1^>
M  Contraint for 15e: 2.11721275373 == E_15e + <gurobi.LinExpr: A1 + A1^>
M  Contraint for 19e: 1.86551929542 == E_19e + <gurobi.LinExpr: A1 + A1^>
M  Contraint for 18e: 2.24290753906 == E_18e + <gurobi.LinExpr: A1 + A1^>
M  Contraint for 2e: 2.31254654517 == E_2e + <gurobi.LinExpr: A1 + A1^>
M  Contraint for 4e: 2.40439010024 == E_4e + <gurobi.LinExpr: A1 + A1^>
M  Objective: <gurobi.LinExpr: C26 + C27 + C28 + C29 + C30 + C31 + C32 + C33 + C34 + C35 + C36 + C37 + C38 + C39 + C40 + C41 + C42 + C43 + C44 + C45 + C46 + C47 + C48 + C49 + 0.5 A1 + 0.5 A1^>
CN Solver status: optimal, opt: 7.9291723961
  Solutions:
    ('1', '1^')
== Initial Solver ==
Solving Counter({'1': 2})
Possible candidates:
  CYP2D6.1
  CYP2D6.5
    6.14e 97981394:SNP.TC  517 ( 98) F 1627:T>C
M  Max. CN for 1 = 2
M  Max. CN for 5 = 2
M  Contraint for 97981394:SNP.TC 6.14e: 517 == <gurobi.QuadExpr: 0.0 + [ 263.5 REG_5_2_97981394:SNP.TC * 5_2 + 263.5 REG_5_97981394:SNP.TC * 5 ]> + err
M  Contraint for 97981394:REF 6.14e: 10 == <gurobi.QuadExpr: 263.5 1 + 263.5 5_2 + 263.5 5 + 263.5 1_2 + [ -263.5 REG_5_2_97981394:SNP.TC * 5_2 + -263.5 REG_5_97981394:SNP.TC * 5 ]> + err
M  Contraint for 5_2 97981394:SNP.TC: <gurobi.Var 5_2> >= <gurobi.Var REG_5_2_97981394:SNP.TC>
M  Contraint for 5 97981394:SNP.TC: <gurobi.Var 5> >= <gurobi.Var REG_5_97981394:SNP.TC>
M  CN contraint for 1: 2 == <gurobi.LinExpr: 1 + 5_2 + 5 + 1_2>
M  Sentinel contraint for 1: A_1_2 <= A_1
M  Sentinel contraint for 5: A_5_2 <= A_5
M  Objective: <gurobi.LinExpr: C9 + C10>
M  Contraint for 5_2: A_5_2 * (<gurobi.LinExpr: REG_5_2_97981394:SNP.TC> - 1) == 0
M  Contraint for 5: A_5 * (<gurobi.LinExpr: REG_5_97981394:SNP.TC> - 1) == 0
M  Contraint for 97981394:SNP.TC: 1 <= <gurobi.QuadExpr: 0.0 + [ 5_2 * REG_5_2_97981394:SNP.TC + 5 * REG_5_97981394:SNP.TC ]>
M  Contraint for 97981394:SNP.TC: 1 <= <gurobi.QuadExpr: 0.0 + [ 5_2 * REG_5_2_97981394:SNP.TC + 5 * REG_5_97981394:SNP.TC ]>
CN Solver status: optimal, opt: 20.0
  solution:
    ('5', '5')
[32;01mCopy number best structures:[39;49;00m
[32;01m  (1) 2x*1-like[39;49;00m
== Refiner ==
Refining ('5', '5')
M  Sentinel constraint for 5: A_5_2 <= A_5
M  CN constraint for 5: 2 == <gurobi.LinExpr: 5_2 + 5>
M  Contraint for 97981394:SNP.TC 6.14e: 517 == <gurobi.QuadExpr: 0.0 + [ 263.5 REG_5_2_97981394:SNP.TC * 5_2 + 263.5 REG_5_97981394:SNP.TC * 5 ]> + err
M  Contraint for 97981394:REF 6.14e: 10 == <gurobi.QuadExpr: 263.5 5_2 + 263.5 5 + [ -263.5 REG_5_2_97981394:SNP.TC * 5_2 + -263.5 REG_5_97981394:SNP.TC * 5 ]> + err
M  Contraint for MM[missing] 5_2 97981394:SNP.TC: <gurobi.Var 5_2> >= <gurobi.Var REG_5_2_97981394:SNP.TC>
M  Contraint for MM[missing] 5 97981394:SNP.TC: <gurobi.Var 5> >= <gurobi.Var REG_5_97981394:SNP.TC>
M  Objective: <gurobi.LinExpr: C6 + C7 + W>
M  Contraint for 5_2: <gurobi.LinExpr: REG_5_2_97981394:SNP.TC> = 1 * A_<gurobi.Var 5_2>
M  Contraint for 5: <gurobi.LinExpr: REG_5_97981394:SNP.TC> = 1 * A_<gurobi.Var 5>
M  Contraint for 97981394:SNP.TC: 1 <= <gurobi.QuadExpr: 0.0 + [ REG_5_2_97981394:SNP.TC * 5_2 + REG_5_97981394:SNP.TC * 5 ]> <= 2
M  Contraint for 97981394:SNP.TC: <gurobi.QuadExpr: 0.0 + [ REG_5_2_97981394:SNP.TC * 5_2 + REG_5_97981394:SNP.TC * 5 ]> <= 2
CN Solver status: optimal, opt: 20.0
  5_2: 1
    6.14e 97981394:SNP.TC  517 ( 98 cp. 2) F
  5: 1
    6.14e 97981394:SNP.TC  517 ( 98 cp. 2) F
Missing:
  5_2: 1
  5: 1
Extra:
  5_2: 1
  5: 1
Time needed: (21.9)
Result is: [('5', '5')]
