SAM file: bams/PGXT136.bam
File bams/PGXT136.bam has index
Coverage is 121.475145908
== Allele Filter ==
 6.0i   96521421: SNP.GA     -1041:G>A     39 ( 50%) ~     0 (  0)
 6.0i   96522364: SNP.TC     -98:T>C      445 ( 45%) ~     0 (  0)
 6.1e   96522560: SNP.CT     99:C>T       555 (100%) ~     0 (  0)
 6.1i   96534583: SNP.GA     12122:G>A     10 ( 50%) ~     0 (  0)
 6.2i   96535123: SNP.AG     12662:A>G    441 ( 50%) ~     1 (  0)
 6.3i   96536226: SNP.TA                  125 ( 45%) ~     0 (  0)
 6.3i   96536326: SNP.CA                    3 (  8%) ~     0 (  0)
 6.4i   96540566: SNP.CA                    2 ( 10%) ~     0 (  0)
 6.5e   96541615: SNP.GA     19154:G>A    138 ( 51%) ~     0 (  0)
 6.5i   96541981: SNP.AG     19520:A>G      8 ( 53%) ~     0 (  0)
 6.5i   96557069: SNP.GC                    2 (100%) ~     2 (100)
 6.5i   96557101: SNP.CT                    2 (100%) ~     2 (100)
 6.5i   96557139: SNP.AC                    2 (100%) ~     2 (100)
 6.5i   96564571: SNP.GT                    2 (100%) ~     0 (  0)
 6.5i   96580201: SNP.CG     57740:C>G    132 ( 47%) ~     0 (  0)
 6.6i   96581791: SNP.GT                    2 (100%) ~     0 (  0)
 6.6i   96583627: SNP.TC                    4 (100%) ~     0 (  0)
 6.6i   96585094: SNP.TG                    2 (100%) ~     2 (100)
 6.6i   96589566: SNP.TC                    2 (100%) ~     2 (100)
 6.6i   96592366: SNP.CT                    2 (100%) ~     0 (  0)
 6.6i   96602397: SNP.TA     79936:T>A     15 ( 60%) ~     0 (  0)
 6.7e   96602621: SNP.CT     80160:C>T    509 ( 48%) ~     0 (  0)
 6.7e   96602622: SNP.AG     80161:A>G   1060 (100%) ~     0 (  0)
 6.8i   96609983: SNP.CT                   31 ( 40%) ~     0 (  0)
 6.8i   96612169: SNP.TC                    2 ( 10%) ~     0 (  0)
Removing 10    6.5e 96541614:SNP.CT
Removing 11    6.3e 96535263:SNP.GA
Removing 12    6.9e 96612670:SNP.AC
Removing 13    6.8e 96609751:SNP.CT
Removing 14    6.1e 96522511:SNP.TC
Removing 15    6.1e 96522516:SNP.AC
Removing 16    6.9e 96612521:SNP.CT
Removing 17    6.0i 96521656:SNP.CT
Removing 18    6.7e 96602617:SNP.GA
Removing 19    6.1e 96522612:SNP.AG
Removing 2H    6.8e 96609709:SNP.CG
Removing 2D    6.8e 96609736:SNP.GA
Removing 2E    6.5e 96541747:SNP.GA
Removing 2F    6.7e 96602652:SNP.GA
Removing 2G    6.7e 96602710:SNP.AT
Removing 2B    6.2e 96534921:SNP.GC
Removing 2C    6.3e 96535295:SNP.GC
Removing 2J    6.8e 96609784:SNP.AC
Removing 22    6.4e 96540330:SNP.GC
Removing 23    6.2e 96534916:SNP.GC
Removing 24    6.7e 96602635:SNP.GA
Removing 25    6.9e 96612541:SNP.CG
Removing 26    6.5e 96541700:SNP.GA
Removing 28    6.1e 96522516:SNP.AC,  6.7e 96602751:SNP.GA
Removing 29    6.1e 96522544:SNP.AT
Removing 3C    6.3e 96535221:SNP.TA,  6.4e 96540409:SNP.GA
Removing 3B    6.4e 96540409:SNP.GA,  6.7e 96602709:SNP.GA
Removing 3A    6.4e 96540409:SNP.GA
Removing 30    6.2e 96534862:SNP.CT
Removing 31    6.2e 96534877:SNP.CT
Removing 32    6.2e 96534941:SNP.AG
Removing 33    6.4e 96540335:SNP.GA
Removing 34    6.1e 96522468:SNP.CT,  6.1e 96522471:SNP.TC
Removing 4B    6.0i 96521656:SNP.CT,  6.1e 96522462:SNP.AG
Removing 4A    6.1e 96522462:SNP.AG
Removing 5A    6.9e 96612494:SNP.CT
Removing 5B    6.9e 96612494:SNP.CT
Removing 6     6.3e 96535209:SNP.GA
Removing 7     6.5i 96541755:SNP.TA
Removing 8     6.3e 96535172:SNP.TC
Removing 8X    6.3e 96535172:SNP.TC
Removing 9     6.3e 96535245:SNP.GA
Initial status
  CYP2D6.1C
    6.7e           96602622:SNP.AG 1060 (100) F 80161:A>G
  CYP2D6.1B
    6.1e           96522560:SNP.CT  555 (100)   99:C>T
    6.7e           96602622:SNP.AG 1060 (100) F 80161:A>G
  CYP2D6.1
  CYP2D6.2A
    6.1e           96522560:SNP.CT  555 (100)   99:C>T
    6.2i           96535123:SNP.AG  441 ( 50) F 12662:A>G
    6.5e           96541615:SNP.GA  138 ( 51) F 19154:G>A
    6.7e           96602621:SNP.CT  509 ( 48) F 80160:C>T
    6.7e           96602622:SNP.AG 1060 (100) F 80161:A>G
  CYP2D6.27
    6.0i           96521421:SNP.GA   39 ( 50) F -1041:G>A
    6.7e           96602622:SNP.AG 1060 (100) F 80161:A>G
  CYP2D6.35
    6.1e           96522560:SNP.CT  555 (100)   99:C>T
    6.2i           96535123:SNP.AG  441 ( 50) F 12662:A>G
    6.7e           96602622:SNP.AG 1060 (100) F 80161:A>G
== Copy Number Estimator ==
CNV factor: 1.84412204563 (0.54226345939)
Coverage per region
  region:  2D6  2D7
  0i   :  2.40
  1e   :  2.51
  1i   :  2.44
  2e   :  2.25
  2i   :  2.07
  3e   :  2.04
  3i   :  2.30
  4e   :  2.63
  4i   :  2.58
  5e   :  2.53
  5i   :  2.36
  6e   :  2.24
  6i   :  2.43
  7e   :  1.89
  7i   :  2.44
  8e   :  2.37
  8i   :  2.59
  9e   :  2.73
Max. CN = 3
M  Sentinel contraint for 1: A_1^ <= A_1
M  Contraint for 7e: 1.89110022988 == E_7e + <gurobi.LinExpr: A1 + A1^>
M  Contraint for 6e: 2.24013606036 == E_6e + <gurobi.LinExpr: A1 + A1^>
M  Contraint for 9e: 2.73324641048 == E_9e + <gurobi.LinExpr: A1 + A1^>
M  Contraint for 8e: 2.36934139421 == E_8e + <gurobi.LinExpr: A1 + A1^>
M  Contraint for 2e: 2.24923177331 == E_2e + <gurobi.LinExpr: A1 + A1^>
M  Contraint for 1e: 2.50940241772 == E_1e + <gurobi.LinExpr: A1 + A1^>
M  Contraint for 5e: 2.53366407369 == E_5e + <gurobi.LinExpr: A1 + A1^>
M  Contraint for 4e: 2.63330516855 == E_4e + <gurobi.LinExpr: A1 + A1^>
M  Contraint for 3e: 2.04357151743 == E_3e + <gurobi.LinExpr: A1 + A1^>
M  Objective: <gurobi.LinExpr: C11 + C12 + C13 + C14 + C15 + C16 + C17 + C18 + C19 + 0.5 A1 + 0.5 A1^>
CN Solver status: optimal, opt: 4.42079858588
  Solutions:
    ('1', '1^')
== Initial Solver ==
Solving Counter({'1': 2})
Possible candidates:
  CYP2D6.1
  CYP2D6.1B
    6.7e 96602622:SNP.AG 1060 (100) F 80161:A>G
  CYP2D6.2A
    6.7e 96602621:SNP.CT  509 ( 48) F 80160:C>T
    6.2i 96535123:SNP.AG  441 ( 50) F 12662:A>G
    6.5e 96541615:SNP.GA  138 ( 51) F 19154:G>A
    6.7e 96602622:SNP.AG 1060 (100) F 80161:A>G
  CYP2D6.27
    6.0i 96521421:SNP.GA   39 ( 50) F -1041:G>A
    6.7e 96602622:SNP.AG 1060 (100) F 80161:A>G
  CYP2D6.35
    6.2i 96535123:SNP.AG  441 ( 50) F 12662:A>G
    6.7e 96602622:SNP.AG 1060 (100) F 80161:A>G
M  Max. CN for 1 = 2
M  Max. CN for 27 = 2
M  Max. CN for 1B = 2
M  Max. CN for 2A = 2
M  Max. CN for 35 = 2
M  Contraint for 96541615:SNP.GA 6.5e: 138 == <gurobi.QuadExpr: 0.0 + [ 135.5 REG_2A_96541615:SNP.GA * 2A + 135.5 REG_2A_2_96541615:SNP.GA * 2A_2 ]> + err
M  Contraint for 96602621:REF 6.7e: 544 == <gurobi.QuadExpr: 526.5 27_2 + 526.5 27 + 526.5 35_2 + 526.5 35 + 526.5 1 + 526.5 1B_2 + 526.5 1B + 526.5 2A + 526.5 2A_2 + 526.5 1_2 + [ -526.5 REG_2A_96602621:SNP.CT * 2A + -526.5 REG_2A_2_96602621:SNP.CT * 2A_2 ]> + err
M  Contraint for 96535123:REF 6.2i: 443 == <gurobi.QuadExpr: 442.0 27_2 + 442.0 27 + 442.0 35_2 + 442.0 35 + 442.0 1 + 442.0 1B_2 + 442.0 1B + 442.0 2A + 442.0 2A_2 + 442.0 1_2 + [ -442.0 REG_35_2_96535123:SNP.AG * 35_2 + -442.0 REG_35_96535123:SNP.AG * 35 + -442.0 REG_2A_96535123:SNP.AG * 2A + -442.0 REG_2A_2_96535123:SNP.AG * 2A_2 ]> + err
M  Contraint for 96602622:SNP.AG 6.7e: 1060 == <gurobi.QuadExpr: 0.0 + [ 531.0 REG_27_2_96602622:SNP.AG * 27_2 + 531.0 REG_27_96602622:SNP.AG * 27 + 531.0 REG_35_2_96602622:SNP.AG * 35_2 + 531.0 REG_35_96602622:SNP.AG * 35 + 531.0 REG_1B_2_96602622:SNP.AG * 1B_2 + 531.0 REG_1B_96602622:SNP.AG * 1B + 531.0 REG_2A_96602622:SNP.AG * 2A + 531.0 REG_2A_2_96602622:SNP.AG * 2A_2 ]> + err
M  Contraint for 96521421:SNP.GA 6.0i: 39 == <gurobi.QuadExpr: 0.0 + [ 39.0 REG_27_2_96521421:SNP.GA * 27_2 + 39.0 REG_27_96521421:SNP.GA * 27 ]> + err
M  Contraint for 96541615:REF 6.5e: 133 == <gurobi.QuadExpr: 135.5 27_2 + 135.5 27 + 135.5 35_2 + 135.5 35 + 135.5 1 + 135.5 1B_2 + 135.5 1B + 135.5 2A + 135.5 2A_2 + 135.5 1_2 + [ -135.5 REG_2A_96541615:SNP.GA * 2A + -135.5 REG_2A_2_96541615:SNP.GA * 2A_2 ]> + err
M  Contraint for 96602622:REF 6.7e: 2 == <gurobi.QuadExpr: 531.0 27_2 + 531.0 27 + 531.0 35_2 + 531.0 35 + 531.0 1 + 531.0 1B_2 + 531.0 1B + 531.0 2A + 531.0 2A_2 + 531.0 1_2 + [ -531.0 REG_27_2_96602622:SNP.AG * 27_2 + -531.0 REG_27_96602622:SNP.AG * 27 + -531.0 REG_35_2_96602622:SNP.AG * 35_2 + -531.0 REG_35_96602622:SNP.AG * 35 + -531.0 REG_1B_2_96602622:SNP.AG * 1B_2 + -531.0 REG_1B_96602622:SNP.AG * 1B + -531.0 REG_2A_96602622:SNP.AG * 2A + -531.0 REG_2A_2_96602622:SNP.AG * 2A_2 ]> + err
M  Contraint for 96521421:REF 6.0i: 39 == <gurobi.QuadExpr: 39.0 27_2 + 39.0 27 + 39.0 35_2 + 39.0 35 + 39.0 1 + 39.0 1B_2 + 39.0 1B + 39.0 2A + 39.0 2A_2 + 39.0 1_2 + [ -39.0 REG_27_2_96521421:SNP.GA * 27_2 + -39.0 REG_27_96521421:SNP.GA * 27 ]> + err
M  Contraint for 96602621:SNP.CT 6.7e: 509 == <gurobi.QuadExpr: 0.0 + [ 526.5 REG_2A_96602621:SNP.CT * 2A + 526.5 REG_2A_2_96602621:SNP.CT * 2A_2 ]> + err
M  Contraint for 96535123:SNP.AG 6.2i: 441 == <gurobi.QuadExpr: 0.0 + [ 442.0 REG_35_2_96535123:SNP.AG * 35_2 + 442.0 REG_35_96535123:SNP.AG * 35 + 442.0 REG_2A_96535123:SNP.AG * 2A + 442.0 REG_2A_2_96535123:SNP.AG * 2A_2 ]> + err
M  Contraint for 27_2 96602622:SNP.AG: <gurobi.Var 27_2> >= <gurobi.Var REG_27_2_96602622:SNP.AG>
M  Contraint for 27_2 96521421:SNP.GA: <gurobi.Var 27_2> >= <gurobi.Var REG_27_2_96521421:SNP.GA>
M  Contraint for 27 96602622:SNP.AG: <gurobi.Var 27> >= <gurobi.Var REG_27_96602622:SNP.AG>
M  Contraint for 27 96521421:SNP.GA: <gurobi.Var 27> >= <gurobi.Var REG_27_96521421:SNP.GA>
M  Contraint for 35_2 96535123:SNP.AG: <gurobi.Var 35_2> >= <gurobi.Var REG_35_2_96535123:SNP.AG>
M  Contraint for 35_2 96602622:SNP.AG: <gurobi.Var 35_2> >= <gurobi.Var REG_35_2_96602622:SNP.AG>
M  Contraint for 35 96535123:SNP.AG: <gurobi.Var 35> >= <gurobi.Var REG_35_96535123:SNP.AG>
M  Contraint for 35 96602622:SNP.AG: <gurobi.Var 35> >= <gurobi.Var REG_35_96602622:SNP.AG>
M  Contraint for 1B_2 96602622:SNP.AG: <gurobi.Var 1B_2> >= <gurobi.Var REG_1B_2_96602622:SNP.AG>
M  Contraint for 1B 96602622:SNP.AG: <gurobi.Var 1B> >= <gurobi.Var REG_1B_96602622:SNP.AG>
M  Contraint for 2A 96535123:SNP.AG: <gurobi.Var 2A> >= <gurobi.Var REG_2A_96535123:SNP.AG>
M  Contraint for 2A 96602621:SNP.CT: <gurobi.Var 2A> >= <gurobi.Var REG_2A_96602621:SNP.CT>
M  Contraint for 2A 96602622:SNP.AG: <gurobi.Var 2A> >= <gurobi.Var REG_2A_96602622:SNP.AG>
M  Contraint for 2A 96541615:SNP.GA: <gurobi.Var 2A> >= <gurobi.Var REG_2A_96541615:SNP.GA>
M  Contraint for 2A_2 96535123:SNP.AG: <gurobi.Var 2A_2> >= <gurobi.Var REG_2A_2_96535123:SNP.AG>
M  Contraint for 2A_2 96602621:SNP.CT: <gurobi.Var 2A_2> >= <gurobi.Var REG_2A_2_96602621:SNP.CT>
M  Contraint for 2A_2 96602622:SNP.AG: <gurobi.Var 2A_2> >= <gurobi.Var REG_2A_2_96602622:SNP.AG>
M  Contraint for 2A_2 96541615:SNP.GA: <gurobi.Var 2A_2> >= <gurobi.Var REG_2A_2_96541615:SNP.GA>
M  CN contraint for 1: 2 == <gurobi.LinExpr: 27_2 + 27 + 35_2 + 35 + 1 + 1B_2 + 1B + 2A + 2A_2 + 1_2>
M  Sentinel contraint for 27: A_27_2 <= A_27
M  Sentinel contraint for 35: A_35_2 <= A_35
M  Sentinel contraint for 1: A_1_2 <= A_1
M  Sentinel contraint for 1B: A_1B_2 <= A_1B
M  Sentinel contraint for 2A: A_2A_2 <= A_2A
M  Objective: <gurobi.LinExpr: C51 + C52 + C53 + C54 + C55 + C56 + C57 + C58 + C59 + C60>
M  Contraint for 27_2: A_27_2 * (<gurobi.LinExpr: REG_27_2_96521421:SNP.GA + REG_27_2_96602622:SNP.AG> - 2) == 0
M  Contraint for 27: A_27 * (<gurobi.LinExpr: REG_27_96521421:SNP.GA + REG_27_96602622:SNP.AG> - 2) == 0
M  Contraint for 35_2: A_35_2 * (<gurobi.LinExpr: REG_35_2_96535123:SNP.AG + REG_35_2_96602622:SNP.AG> - 2) == 0
M  Contraint for 35: A_35 * (<gurobi.LinExpr: REG_35_96535123:SNP.AG + REG_35_96602622:SNP.AG> - 2) == 0
M  Contraint for 1B_2: A_1B_2 * (<gurobi.LinExpr: REG_1B_2_96602622:SNP.AG> - 1) == 0
M  Contraint for 1B: A_1B * (<gurobi.LinExpr: REG_1B_96602622:SNP.AG> - 1) == 0
M  Contraint for 2A: A_2A * (<gurobi.LinExpr: REG_2A_96535123:SNP.AG + REG_2A_96541615:SNP.GA + REG_2A_96602621:SNP.CT + REG_2A_96602622:SNP.AG> - 4) == 0
M  Contraint for 2A_2: A_2A_2 * (<gurobi.LinExpr: REG_2A_2_96535123:SNP.AG + REG_2A_2_96541615:SNP.GA + REG_2A_2_96602621:SNP.CT + REG_2A_2_96602622:SNP.AG> - 4) == 0
M  Contraint for 96521421:SNP.GA: 1 <= <gurobi.QuadExpr: 0.0 + [ 27_2 * REG_27_2_96521421:SNP.GA + 27 * REG_27_96521421:SNP.GA ]>
M  Contraint for 96602622:SNP.AG: 1 <= <gurobi.QuadExpr: 0.0 + [ 27_2 * REG_27_2_96602622:SNP.AG + 27 * REG_27_96602622:SNP.AG + 35_2 * REG_35_2_96602622:SNP.AG + 35 * REG_35_96602622:SNP.AG + 1B_2 * REG_1B_2_96602622:SNP.AG + 1B * REG_1B_96602622:SNP.AG + 2A * REG_2A_96602622:SNP.AG + 2A_2 * REG_2A_2_96602622:SNP.AG ]>
M  Contraint for 96521421:SNP.GA: 1 <= <gurobi.QuadExpr: 0.0 + [ 27_2 * REG_27_2_96521421:SNP.GA + 27 * REG_27_96521421:SNP.GA ]>
M  Contraint for 96602622:SNP.AG: 1 <= <gurobi.QuadExpr: 0.0 + [ 27_2 * REG_27_2_96602622:SNP.AG + 27 * REG_27_96602622:SNP.AG + 35_2 * REG_35_2_96602622:SNP.AG + 35 * REG_35_96602622:SNP.AG + 1B_2 * REG_1B_2_96602622:SNP.AG + 1B * REG_1B_96602622:SNP.AG + 2A * REG_2A_96602622:SNP.AG + 2A_2 * REG_2A_2_96602622:SNP.AG ]>
M  Contraint for 96535123:SNP.AG: 1 <= <gurobi.QuadExpr: 0.0 + [ 35_2 * REG_35_2_96535123:SNP.AG + 35 * REG_35_96535123:SNP.AG + 2A * REG_2A_96535123:SNP.AG + 2A_2 * REG_2A_2_96535123:SNP.AG ]>
M  Contraint for 96602622:SNP.AG: 1 <= <gurobi.QuadExpr: 0.0 + [ 27_2 * REG_27_2_96602622:SNP.AG + 27 * REG_27_96602622:SNP.AG + 35_2 * REG_35_2_96602622:SNP.AG + 35 * REG_35_96602622:SNP.AG + 1B_2 * REG_1B_2_96602622:SNP.AG + 1B * REG_1B_96602622:SNP.AG + 2A * REG_2A_96602622:SNP.AG + 2A_2 * REG_2A_2_96602622:SNP.AG ]>
M  Contraint for 96535123:SNP.AG: 1 <= <gurobi.QuadExpr: 0.0 + [ 35_2 * REG_35_2_96535123:SNP.AG + 35 * REG_35_96535123:SNP.AG + 2A * REG_2A_96535123:SNP.AG + 2A_2 * REG_2A_2_96535123:SNP.AG ]>
M  Contraint for 96602622:SNP.AG: 1 <= <gurobi.QuadExpr: 0.0 + [ 27_2 * REG_27_2_96602622:SNP.AG + 27 * REG_27_96602622:SNP.AG + 35_2 * REG_35_2_96602622:SNP.AG + 35 * REG_35_96602622:SNP.AG + 1B_2 * REG_1B_2_96602622:SNP.AG + 1B * REG_1B_96602622:SNP.AG + 2A * REG_2A_96602622:SNP.AG + 2A_2 * REG_2A_2_96602622:SNP.AG ]>
M  Contraint for 96602622:SNP.AG: 1 <= <gurobi.QuadExpr: 0.0 + [ 27_2 * REG_27_2_96602622:SNP.AG + 27 * REG_27_96602622:SNP.AG + 35_2 * REG_35_2_96602622:SNP.AG + 35 * REG_35_96602622:SNP.AG + 1B_2 * REG_1B_2_96602622:SNP.AG + 1B * REG_1B_96602622:SNP.AG + 2A * REG_2A_96602622:SNP.AG + 2A_2 * REG_2A_2_96602622:SNP.AG ]>
M  Contraint for 96602622:SNP.AG: 1 <= <gurobi.QuadExpr: 0.0 + [ 27_2 * REG_27_2_96602622:SNP.AG + 27 * REG_27_96602622:SNP.AG + 35_2 * REG_35_2_96602622:SNP.AG + 35 * REG_35_96602622:SNP.AG + 1B_2 * REG_1B_2_96602622:SNP.AG + 1B * REG_1B_96602622:SNP.AG + 2A * REG_2A_96602622:SNP.AG + 2A_2 * REG_2A_2_96602622:SNP.AG ]>
M  Contraint for 96535123:SNP.AG: 1 <= <gurobi.QuadExpr: 0.0 + [ 35_2 * REG_35_2_96535123:SNP.AG + 35 * REG_35_96535123:SNP.AG + 2A * REG_2A_96535123:SNP.AG + 2A_2 * REG_2A_2_96535123:SNP.AG ]>
M  Contraint for 96541615:SNP.GA: 1 <= <gurobi.QuadExpr: 0.0 + [ 2A * REG_2A_96541615:SNP.GA + 2A_2 * REG_2A_2_96541615:SNP.GA ]>
M  Contraint for 96602621:SNP.CT: 1 <= <gurobi.QuadExpr: 0.0 + [ 2A * REG_2A_96602621:SNP.CT + 2A_2 * REG_2A_2_96602621:SNP.CT ]>
M  Contraint for 96602622:SNP.AG: 1 <= <gurobi.QuadExpr: 0.0 + [ 27_2 * REG_27_2_96602622:SNP.AG + 27 * REG_27_96602622:SNP.AG + 35_2 * REG_35_2_96602622:SNP.AG + 35 * REG_35_96602622:SNP.AG + 1B_2 * REG_1B_2_96602622:SNP.AG + 1B * REG_1B_96602622:SNP.AG + 2A * REG_2A_96602622:SNP.AG + 2A_2 * REG_2A_2_96602622:SNP.AG ]>
M  Contraint for 96535123:SNP.AG: 1 <= <gurobi.QuadExpr: 0.0 + [ 35_2 * REG_35_2_96535123:SNP.AG + 35 * REG_35_96535123:SNP.AG + 2A * REG_2A_96535123:SNP.AG + 2A_2 * REG_2A_2_96535123:SNP.AG ]>
M  Contraint for 96541615:SNP.GA: 1 <= <gurobi.QuadExpr: 0.0 + [ 2A * REG_2A_96541615:SNP.GA + 2A_2 * REG_2A_2_96541615:SNP.GA ]>
M  Contraint for 96602621:SNP.CT: 1 <= <gurobi.QuadExpr: 0.0 + [ 2A * REG_2A_96602621:SNP.CT + 2A_2 * REG_2A_2_96602621:SNP.CT ]>
M  Contraint for 96602622:SNP.AG: 1 <= <gurobi.QuadExpr: 0.0 + [ 27_2 * REG_27_2_96602622:SNP.AG + 27 * REG_27_96602622:SNP.AG + 35_2 * REG_35_2_96602622:SNP.AG + 35 * REG_35_96602622:SNP.AG + 1B_2 * REG_1B_2_96602622:SNP.AG + 1B * REG_1B_96602622:SNP.AG + 2A * REG_2A_96602622:SNP.AG + 2A_2 * REG_2A_2_96602622:SNP.AG ]>
CN Solver status: optimal, opt: 46.0
  solution:
    ('27', '2A')
[32;01mCopy number best structures:[39;49;00m
[32;01m  (1) 2x*1-like[39;49;00m
== Refiner ==
Refining ('27', '2A')
M  CN constraint for 27: 1 == <gurobi.LinExpr: 27>
M  CN constraint for 2A: 1 == <gurobi.LinExpr: 2A>
M  Contraint for 96541615:SNP.GA 6.5e: 138 == <gurobi.QuadExpr: 0.0 + [ 135.5 EXT_27_96541615:SNP.GA * 27 + 135.5 REG_2A_96541615:SNP.GA * 2A ]> + err
M  Contraint for 96602621:REF 6.7e: 544 == <gurobi.QuadExpr: 526.5 27 + 526.5 2A + [ -526.5 EXT_27_96602621:SNP.CT * 27 + -526.5 REG_2A_96602621:SNP.CT * 2A ]> + err
M  Contraint for 96535123:REF 6.2i: 443 == <gurobi.QuadExpr: 442.0 27 + 442.0 2A + [ -442.0 EXT_27_96535123:SNP.AG * 27 + -442.0 REG_2A_96535123:SNP.AG * 2A ]> + err
M  Contraint for 96602622:SNP.AG 6.7e: 1060 == <gurobi.QuadExpr: 0.0 + [ 531.0 REG_27_96602622:SNP.AG * 27 + 531.0 REG_2A_96602622:SNP.AG * 2A ]> + err
M  Contraint for 96521421:SNP.GA 6.0i: 39 == <gurobi.QuadExpr: 0.0 + [ 39.0 REG_27_96521421:SNP.GA * 27 + 39.0 EXT_2A_96521421:SNP.GA * 2A ]> + err
M  Contraint for 96541615:REF 6.5e: 133 == <gurobi.QuadExpr: 135.5 27 + 135.5 2A + [ -135.5 EXT_27_96541615:SNP.GA * 27 + -135.5 REG_2A_96541615:SNP.GA * 2A ]> + err
M  Contraint for 96602622:REF 6.7e: 2 == <gurobi.QuadExpr: 531.0 27 + 531.0 2A + [ -531.0 REG_27_96602622:SNP.AG * 27 + -531.0 REG_2A_96602622:SNP.AG * 2A ]> + err
M  Contraint for 96521421:REF 6.0i: 39 == <gurobi.QuadExpr: 39.0 27 + 39.0 2A + [ -39.0 REG_27_96521421:SNP.GA * 27 + -39.0 EXT_2A_96521421:SNP.GA * 2A ]> + err
M  Contraint for 96602621:SNP.CT 6.7e: 509 == <gurobi.QuadExpr: 0.0 + [ 526.5 EXT_27_96602621:SNP.CT * 27 + 526.5 REG_2A_96602621:SNP.CT * 2A ]> + err
M  Contraint for 96535123:SNP.AG 6.2i: 441 == <gurobi.QuadExpr: 0.0 + [ 442.0 EXT_27_96535123:SNP.AG * 27 + 442.0 REG_2A_96535123:SNP.AG * 2A ]> + err
M  Contraint for 96522560:SNP.CT 6.1e: 555 == <gurobi.QuadExpr: 0.0 + [ 278.0 EXT_27_96522560:SNP.CT * 27 + 278.0 REG_2A_96522560:SNP.CT * 2A ]> + err
M  Contraint for 96522560:REF 6.1e: 1 == <gurobi.QuadExpr: 278.0 27 + 278.0 2A + [ -278.0 EXT_27_96522560:SNP.CT * 27 + -278.0 REG_2A_96522560:SNP.CT * 2A ]> + err
M  Contraint for MM[missing] 27 96602622:SNP.AG: <gurobi.Var 27> >= <gurobi.Var REG_27_96602622:SNP.AG>
M  Contraint for MM[missing] 27 96521421:SNP.GA: <gurobi.Var 27> >= <gurobi.Var REG_27_96521421:SNP.GA>
M  Contraint for MM[missing] 2A 96535123:SNP.AG: <gurobi.Var 2A> >= <gurobi.Var REG_2A_96535123:SNP.AG>
M  Contraint for MM[missing] 2A 96541615:SNP.GA: <gurobi.Var 2A> >= <gurobi.Var REG_2A_96541615:SNP.GA>
M  Contraint for MM[missing] 2A 96602621:SNP.CT: <gurobi.Var 2A> >= <gurobi.Var REG_2A_96602621:SNP.CT>
M  Contraint for MM[missing] 2A 96522560:SNP.CT: <gurobi.Var 2A> >= <gurobi.Var REG_2A_96522560:SNP.CT>
M  Contraint for MM[missing] 2A 96602622:SNP.AG: <gurobi.Var 2A> >= <gurobi.Var REG_2A_96602622:SNP.AG>
M  Contraint for MA[extra] 27 96541615:SNP.GA: <gurobi.Var 27> >= <gurobi.Var EXT_27_96541615:SNP.GA>
M  Contraint for MA[extra] 27 96602621:SNP.CT: <gurobi.Var 27> >= <gurobi.Var EXT_27_96602621:SNP.CT>
M  Contraint for MA[extra] 27 96522560:SNP.CT: <gurobi.Var 27> >= <gurobi.Var EXT_27_96522560:SNP.CT>
M  Contraint for MA[extra] 27 96535123:SNP.AG: <gurobi.Var 27> >= <gurobi.Var EXT_27_96535123:SNP.AG>
M  Contraint for MA[extra] 2A 96521421:SNP.GA: <gurobi.Var 2A> >= <gurobi.Var EXT_2A_96521421:SNP.GA>
M  Objective: <gurobi.LinExpr: C26 + C27 + C28 + C29 + C30 + C31 + C32 + C33 + C34 + C35 + C36 + C37 + EXT_27_96541615:SNP.GA + EXT_27_96602621:SNP.CT + EXT_27_96522560:SNP.CT + EXT_27_96535123:SNP.AG + EXT_2A_96521421:SNP.GA + W>
M  Contraint for 27: <gurobi.LinExpr: REG_27_96521421:SNP.GA + REG_27_96602622:SNP.AG> = 2 * A_<gurobi.Var 27>
M  Contraint for 2A: <gurobi.LinExpr: REG_2A_96541615:SNP.GA + REG_2A_96602621:SNP.CT + REG_2A_96602622:SNP.AG + REG_2A_96535123:SNP.AG> = 4 * A_<gurobi.Var 2A>
M  Contraint for 96541615:SNP.GA: 1 <= <gurobi.QuadExpr: 0.0 + [ REG_2A_96541615:SNP.GA * 2A ]> <= 2
M  Contraint for 96541615:SNP.GA: <gurobi.QuadExpr: 0.0 + [ REG_2A_96541615:SNP.GA * 2A ]> <= 2
M  Contraint for 96602621:SNP.CT: 1 <= <gurobi.QuadExpr: 0.0 + [ REG_2A_96602621:SNP.CT * 2A ]> <= 1
M  Contraint for 96602621:SNP.CT: <gurobi.QuadExpr: 0.0 + [ REG_2A_96602621:SNP.CT * 2A ]> <= 1
M  Contraint for 96535123:SNP.AG: 1 <= <gurobi.QuadExpr: 0.0 + [ REG_2A_96535123:SNP.AG * 2A ]> <= 1
M  Contraint for 96535123:SNP.AG: <gurobi.QuadExpr: 0.0 + [ REG_2A_96535123:SNP.AG * 2A ]> <= 1
M  Contraint for 96602622:SNP.AG: 1 <= <gurobi.QuadExpr: 0.0 + [ REG_27_96602622:SNP.AG * 27 + REG_2A_96602622:SNP.AG * 2A ]> <= 2
M  Contraint for 96602622:SNP.AG: <gurobi.QuadExpr: 0.0 + [ REG_27_96602622:SNP.AG * 27 + REG_2A_96602622:SNP.AG * 2A ]> <= 2
M  Contraint for 96522560:SNP.CT: 1 <= <gurobi.QuadExpr: 0.0 + [ REG_2A_96522560:SNP.CT * 2A + EXT_27_96522560:SNP.CT * 27 ]> <= 2
M  Contraint for 96521421:SNP.GA: 1 <= <gurobi.QuadExpr: 0.0 + [ REG_27_96521421:SNP.GA * 27 ]> <= 2
M  Contraint for 96521421:SNP.GA: <gurobi.QuadExpr: 0.0 + [ REG_27_96521421:SNP.GA * 27 ]> <= 2
CN Solver status: optimal, opt: 49.0
  27: 1
    6.7e 96602622:SNP.AG 1060 (100 cp. 2) F
    6.0i 96521421:SNP.GA   39 ( 50 cp. 1) F
  2A: 1
    6.2i 96535123:SNP.AG  441 ( 50 cp. 1) F
    6.5e 96541615:SNP.GA  138 ( 51 cp. 1) F
    6.7e 96602621:SNP.CT  509 ( 48 cp. 1) F
    6.1e 96522560:SNP.CT  555 (100 cp. 2) 
    6.7e 96602622:SNP.AG 1060 (100 cp. 2) F
Missing:
  27: 1
  2A: 1
Extra:
  27: 1
    6.1e 96522560:SNP.CT  555 (100)   rs17885098   99:C>T
  2A: 1
Time needed: (12.9)
Result is: [('2A', '27')]
