SAM file: bams/PGXT221.bam
File bams/PGXT221.bam has index
Coverage is 309.732346072
== Allele Filter ==
 6.rep  42519311: SNP.GA                    2 (100%) ~     0 (  0)
 6.rep  42519314: SNP.CT                    2 (100%) ~     0 (  0)
 6.rep  42519315: SNP.AG                    2 (100%) ~     0 (  0)
 6.rep  42521256: SNP.CT                    3 ( 21%) ~     3 (100)
 6.rep  42521623: SNP.CG                    6 (  5%) ~     6 (100)
 6.rep  42521628: SNP.TG                    7 (  7%) ~     5 ( 71)
 6.rep  42521648: SNP.TG                    6 (  5%) ~     3 ( 50)
 6.rep  42521928: SNP.AG                  392 (100%) ~     0 (  0)
 6.ins  42522026: SNP.CT                  384 (100%) ~     3 (  1)
 6.ins  42522073: SNP.AC                  340 (100%) ~     3 (  1)
 6.ins  42522083: SNP.CT                  331 ( 97%) ~     3 (  1)
 6.ins  42522137: INS.tgt                 176 ( 85%) ~     7 (  4)
 6.ins  42522497: SNP.GA                   39 ( 13%) ~    37 ( 95)
 6.9e   42522612: SNP.CG     4180:G>C     294 (100%) ~     0 (  0)
 6.9e   42522716: SNP.CT                   28 (  5%) ~    27 ( 96)
 6.8e   42522878: SNP.GA                   35 (  6%) ~    34 ( 97)
 6.7i   42523002: SNP.GA     3790:C>T     396 (100%) ~     0 (  0)
 6.7i   42523208: SNP.CT     3584:G>A     274 ( 93%) ~     0 (  0)
 6.7i   42523210: SNP.TC     3582:A>G      15 (  5%) ~    11 ( 73)
 6.7i   42523240: SNP.GA                   15 (  5%) ~    14 ( 93)
 6.7i   42523247: INS.t                    16 (  6%) ~    15 ( 94)
 6.7i   42523308: SNP.CT                   27 (  8%) ~    13 ( 48)
 6.7i   42523314: SNP.TC                   42 ( 12%) ~    18 ( 43)
 6.7i   42523408: SNP.TG     3384:A>C     502 (100%) ~    53 ( 11)
 6.7e   42523482: SNP.CT                   57 ( 12%) ~     8 ( 14)
 6.7e   42523504: SNP.CT     3288:G>A      27 (  6%) ~    18 ( 67)
 6.7e   42523538: SNP.AG     3254:T>C      26 (  5%) ~    18 ( 69)
 6.7e   42523635: SNP.CA                   25 (  5%) ~     4 ( 16)
 6.6e   42523942: SNP.GA     2850:C>T     308 (100%) ~     0 (  0)
 6.5i   42524079: SNP.TG                   25 (  9%) ~     0 (  0)
 6.5i   42524142: SNP.AC                   14 (  6%) ~     0 (  0)
 6.5e   42524190: SNP.CA                  238 ( 96%) ~     0 (  0)
 6.3e   42525131: SNP.CG     1661:G>C     475 (100%) ~     0 (  0)
 6.2i   42525504: SNP.CG                  453 (100%) ~     0 (  0)
 6.2i   42525505: SNP.GC                  453 (100%) ~     0 (  0)
 6.2e   42525771: SNP.GA     1023:C>T     345 (100%) ~     0 (  0)
 6.1i   42525951: SNP.AC     843:T>G      575 (100%) ~   530 ( 92)
 6.1i   42526048: SNP.GC     746:C>G      423 ( 65%) ~   423 (100)
 6.1i   42526483: SNP.CA     310:G>T      408 (100%) ~     0 (  0)
 6.1i   42526548: SNP.TC     CYP2D7:i1:5491   486 (100%) ~    26 (  5)
 6.1i   42526560: SNP.TG     CYP2D7:i1:5503   507 (100%) ~    39 (  8)
 6.1i   42526561: SNP.CG     CYP2D7:i1:5504   506 (100%) ~    39 (  8)
 6.1i   42526566: SNP.AG     CYP2D7:i1:5509   497 (100%) ~    39 (  8)
 6.1i   42526570: SNP.GC     CYP2D7:i1:5513   481 (100%) ~    39 (  8)
 6.1i   42526572: SNP.GT     CYP2D7:i1:5515   477 (100%) ~    39 (  8)
 6.1i   42526579: SNP.CG     214:G>C      475 (100%) ~    37 (  8)
 6.0i   42527470: SNP.CT     -678:G>A     162 ( 38%) ~   159 ( 98)
 6.0i   42527532: SNP.GA     -740:C>T     293 (100%) ~     1 (  0)
 6.0i   42527978: SNP.AG                    2 (  7%) ~     0 (  0)
 6.0i   42527988: SNP.TC                    2 (  7%) ~     0 (  0)
 6.0i   42528003: SNP.AC                    2 (  9%) ~     0 (  0)
 6.0i   42528012: SNP.AC                    4 ( 16%) ~     0 (  0)
 6.0i   42528015: SNP.AC                    4 ( 16%) ~     0 (  0)
 6.0i   42528019: SNP.AC                    4 ( 18%) ~     0 (  0)
 6.0i   42528020: SNP.GC                    3 ( 16%) ~     0 (  0)
 6.0i   42528027: SNP.TC     -1235:A>G     12 (100%) ~     0 (  0)
 6.0i   42528029: DEL.TTTT                  2 ( 20%) ~     0 (  0)
 7.rep  42533412: SNP.CT                    4 ( 27%) ~     4 (100)
 7.rep  42533784: SNP.TG                    7 (  7%) ~     6 ( 86)
 7.rep  42533804: SNP.TG                    5 (  5%) ~     4 ( 80)
 7.rep  42533814: SNP.TG                    5 (  5%) ~     3 ( 60)
 7.rep  42533904: SNP.AG                   51 ( 17%) ~     0 (  0)
 7.rep  42534050: SNP.AG                  139 ( 42%) ~     0 (  0)
 7.rep  42534074: SNP.GA                  148 ( 48%) ~     0 (  0)
 7.pce  42534125: SNP.GT                  103 ( 49%) ~     0 (  0)
 7.pce  42534147: SNP.CT                   81 ( 52%) ~     0 (  0)
 7.pce  42534236: SNP.GA                    2 (  5%) ~     0 (  0)
 7.pce  42534275: SNP.CG                   13 ( 52%) ~     0 (  0)
 7.ins  42535807: SNP.TC                  167 ( 40%) ~     0 (  0)
 7.ins  42535817: SNP.AG                   70 ( 14%) ~     0 (  0)
 7.ins  42536210: SNP.GA                  203 ( 43%) ~    55 ( 27)
 7.9e   42536410: SNP.TG                   86 ( 14%) ~     0 (  0)
 7.7i   42536985: DEL.TGGACAGGCCAGCCCTGCCTATACTC               35 ( 11%) ~     0 (  0)
 7.7i   42537022: SNP.TC                  109 ( 30%) ~     1 (  1)
 7.7i   42537114: SNP.CT                   86 ( 24%) ~    38 ( 44)
 7.7i   42537119: INS.a                    84 ( 23%) ~    38 ( 45)
 7.7i   42537126: SNP.AG                   91 ( 24%) ~    34 ( 37)
 7.7e   42537195: SNP.TC                  399 ( 52%) ~     0 (  0)
 7.6i   42537403: SNP.GC                  722 (100%) ~     0 (  0)
 7.6e   42537596: SNP.AG                  208 ( 58%) ~     0 (  0)
 7.6e   42537642: SNP.GA                  195 ( 56%) ~     0 (  0)
 7.6e   42537645: SNP.GC                  196 ( 55%) ~     0 (  0)
 7.5i   42537781: SNP.TG                   66 ( 13%) ~     1 (  2)
 7.5i   42537844: SNP.AC                   39 (  7%) ~     1 (  3)
 7.4i   42538246: SNP.CA                  222 ( 52%) ~     0 (  0)
 7.4i   42538398: SNP.CT                  255 ( 48%) ~     4 (  2)
 7.4e   42538507: SNP.AG                  540 ( 94%) ~     4 (  1)
 7.4e   42538508: SNP.GA                  541 ( 94%) ~     4 (  1)
 7.4e   42538514: INS.c                   557 ( 89%) ~     9 (  2)
 7.3e   42538875: SNP.AT                  425 (100%) ~     0 (  0)
 7.2i   42538929: SNP.AC                   15 (  7%) ~     0 (  0)
 7.2i   42538957: SNP.GT                   10 (  5%) ~     0 (  0)
 7.2i   42539108: SNP.GA                    2 (  8%) ~     0 (  0)
 7.1i   42539719: SNP.CG                  208 ( 33%) ~   208 (100)
 7.1i   42540210: SNP.AC                  354 ( 51%) ~    36 ( 10)
 7.1e   42540367: SNP.TG                   97 ( 11%) ~     0 (  0)
 7.0i   42541142: SNP.TC                   69 ( 11%) ~    68 ( 99)
 7.0i   42541584: SNP.TA                    4 (  6%) ~     0 (  0)
 7.0i   42544306: SNP.CT                    2 ( 50%) ~     0 (  0)
Removing 10B   6.1e 42526693:SNP.GA
Removing 10A   6.1e 42526693:SNP.GA
Removing 10D   6.1e 42526693:SNP.GA
Removing 10DW  6.1e 42526693:SNP.GA
Removing 10BW  6.1e 42526693:SNP.GA
Removing 10AW  6.1e 42526693:SNP.GA
Removing 100   6.1e 42526693:SNP.GA,  6.6e 42523964:DEL.G
Removing 101   6.1e 42526693:SNP.GA,  6.6e 42523847:DEL.CACATCCGGATGTAGGATC
Removing 102   6.2e 42525822:SNP.GA
Removing 103   6.2e 42525822:SNP.GA,  6.3e 42525043:SNP.TC
Removing 104   6.3e 42525072:SNP.TA
Removing 105   6.7e 42523524:SNP.AG
Removing 107   6.3e 42525133:SNP.CT
Removing 108   6.7e 42523566:SNP.TC,  6.7e 42523557:SNP.TC
Removing 109   6.5e 42524175:DEL.CTT,  6.7e 42523609:SNP.CT
Removing 11W   6.1i 42525911:SNP.CG,  6.0i 42528381:SNP.GC
Removing 11    6.1i 42525911:SNP.CG
Removing 12    6.1e 42526669:SNP.CT
Removing 14BW  6.3e 42525034:SNP.CT,  6.0i 42528381:SNP.GC
Removing 14AW  6.1e 42526693:SNP.GA,  6.3e 42525034:SNP.CT,  6.0i 42528381:SNP.GC
Removing 14B   6.3e 42525034:SNP.CT
Removing 14A   6.1e 42526693:SNP.GA,  6.3e 42525034:SNP.CT
Removing 15    6.1e 42526656:INS.a
Removing 18    6.9e 42522667:INS.agtgggcac
Removing 19    6.5e 42524250:DEL.AGTT
Removing 2KW   6.0i 42528381:SNP.GC
Removing 2A    6.0i 42528381:SNP.GC
Removing 2CW   6.0i 42528381:SNP.GC
Removing 2AW   6.0i 42528381:SNP.GC
Removing 2FW   6.0i 42528381:SNP.GC
Removing 2HW   6.0i 42528381:SNP.GC
Removing 2DW   6.0i 42528381:SNP.GC
Removing 2GW   6.0i 42528381:SNP.GC
Removing 2MW   6.0i 42528381:SNP.GC
Removing 2BW   6.0i 42528381:SNP.GC
Removing 2LW   6.0i 42528381:SNP.GC
Removing 2EW   6.0i 42528381:SNP.GC
Removing 20    6.4e 42524819:INS.c,  6.4e 42524814:SNP.GA,  6.4e 42524813:SNP.AG
Removing 21B   6.0i 42528381:SNP.GC,  6.5e 42524213:INS.g
Removing 21A   6.0i 42528381:SNP.GC,  6.5e 42524213:INS.g
Removing 22    6.1e 42526711:SNP.GA
Removing 23    6.2e 42525837:SNP.GA
Removing 24    6.6e 42523939:SNP.TG
Removing 25    6.7e 42523594:SNP.GC
Removing 26    6.7e 42523515:SNP.AG
Removing 27    6.8e 42522939:SNP.CT
Removing 28    6.1e 42526774:SNP.CT,  6.3e 42525088:SNP.GC
Removing 28W   6.1e 42526774:SNP.CT,  6.3e 42525088:SNP.GC,  6.0i 42528381:SNP.GC
Removing 29    6.3e 42525133:SNP.CT,  6.7e 42523609:SNP.CT
Removing 3B    6.3e 42525043:SNP.TC,  6.5e 42524243:DEL.T
Removing 3A    6.5e 42524243:DEL.T
Removing 30    6.4e 42524929:INS.ggggcgaaa
Removing 31    6.0i 42528381:SNP.GC,  6.9e 42522750:SNP.CT
Removing 32    6.8e 42522939:SNP.CT
Removing 33    6.5e 42524309:SNP.CA
Removing 35B   6.0i 42528381:SNP.GC,  6.1e 42526762:SNP.CT
Removing 35A   6.0i 42528381:SNP.GC,  6.1e 42526762:SNP.CT
Removing 36    6.1e 42526693:SNP.GA
Removing 37    6.1e 42526693:SNP.GA,  6.4e 42524849:SNP.CT
Removing 38    6.5e 42524202:DEL.AGTC
Removing 4GW   6.1e 42526693:SNP.GA,  6.2e 42525820:SNP.GT,  6.2e 42525810:SNP.TC,  6.3i 42524946:SNP.CT,  6.6e 42523854:SNP.GA
Removing 4HW   6.1e 42526693:SNP.GA,  6.2e 42525820:SNP.GT,  6.2e 42525810:SNP.TC,  6.3i 42524946:SNP.CT,  6.8e 42522915:SNP.CG
Removing 4FW   6.1e 42526693:SNP.GA,  6.2e 42525820:SNP.GT,  6.2e 42525810:SNP.TC,  6.3i 42524946:SNP.CT,  6.4e 42524934:SNP.GA
Removing 4KW   6.1e 42526693:SNP.GA,  6.3i 42524946:SNP.CT
Removing 4AW   6.1e 42526693:SNP.GA,  6.2e 42525820:SNP.GT,  6.2e 42525810:SNP.TC,  6.3i 42524946:SNP.CT
Removing 4N    6.1e 42526693:SNP.GA,  6.2e 42525820:SNP.GT,  6.2e 42525810:SNP.TC,  6.3i 42524946:SNP.CT
Removing 4M    6.2e 42525820:SNP.GT,  6.2e 42525810:SNP.TC,  6.3i 42524946:SNP.CT
Removing 4J    6.1e 42526693:SNP.GA,  6.2e 42525820:SNP.GT,  6.2e 42525810:SNP.TC,  6.3i 42524946:SNP.CT
Removing 4K    6.1e 42526693:SNP.GA,  6.3i 42524946:SNP.CT
Removing 4H    6.1e 42526693:SNP.GA,  6.2e 42525820:SNP.GT,  6.2e 42525810:SNP.TC,  6.3i 42524946:SNP.CT,  6.8e 42522915:SNP.CG
Removing 4CW   6.1e 42526693:SNP.GA,  6.3i 42524946:SNP.CT,  6.8e 42522905:SNP.AG
Removing 4D    6.1e 42526693:SNP.GA,  6.3i 42524946:SNP.CT
Removing 4LW   6.1e 42526693:SNP.GA,  6.3i 42524946:SNP.CT
Removing 4B    6.1e 42526693:SNP.GA,  6.2e 42525820:SNP.GT,  6.2e 42525810:SNP.TC,  6.3i 42524946:SNP.CT
Removing 4A    6.1e 42526693:SNP.GA,  6.2e 42525820:SNP.GT,  6.2e 42525810:SNP.TC,  6.3i 42524946:SNP.CT
Removing 4BW   6.1e 42526693:SNP.GA,  6.2e 42525820:SNP.GT,  6.2e 42525810:SNP.TC,  6.3i 42524946:SNP.CT
Removing 4JW   6.1e 42526693:SNP.GA,  6.2e 42525820:SNP.GT,  6.2e 42525810:SNP.TC,  6.3i 42524946:SNP.CT
Removing 4L    6.1e 42526693:SNP.GA,  6.3i 42524946:SNP.CT
Removing 4EW   6.1e 42526693:SNP.GA,  6.3i 42524946:SNP.CT
Removing 4P    6.1e 42526693:SNP.GA,  6.2e 42525820:SNP.GT,  6.2e 42525810:SNP.TC,  6.3i 42524946:SNP.CT,  6.5e 42524216:SNP.GA
Removing 4F    6.1e 42526693:SNP.GA,  6.2e 42525820:SNP.GT,  6.2e 42525810:SNP.TC,  6.3i 42524946:SNP.CT,  6.4e 42524934:SNP.GA
Removing 4G    6.1e 42526693:SNP.GA,  6.2e 42525820:SNP.GT,  6.2e 42525810:SNP.TC,  6.3i 42524946:SNP.CT,  6.6e 42523854:SNP.GA
Removing 4E    6.1e 42526693:SNP.GA,  6.3i 42524946:SNP.CT
Removing 4DW   6.1e 42526693:SNP.GA,  6.3i 42524946:SNP.CT
Removing 4C    6.1e 42526693:SNP.GA,  6.3i 42524946:SNP.CT,  6.8e 42522905:SNP.AG
Removing 40    6.4e 42524929:INS.ggggcgaaaggggcgaaa
Removing 41    6.6i 42523804:SNP.CT
Removing 42    6.7e 42523533:INS.ac
Removing 43    6.1e 42526716:SNP.CT
Removing 44    6.1e 42526711:SNP.GA,  6.6i 42523842:SNP.CG
Removing 45A   6.3e 42525076:SNP.CT
Removing 45B   6.3e 42525076:SNP.CT
Removing 46    6.1e 42526716:SNP.CT,  6.3e 42525076:SNP.CT
Removing 47    6.1e 42526720:SNP.GA,  6.1e 42526693:SNP.GA
Removing 48    6.2e 42525822:SNP.GA
Removing 49    6.1e 42526693:SNP.GA,  6.3e 42525181:SNP.AT
Removing 50    6.3e 42525072:SNP.TG
Removing 51    6.0i 42528381:SNP.GC,  6.7e 42523620:SNP.TG
Removing 52    6.1e 42526693:SNP.GA,  6.8e 42522915:SNP.CT
Removing 53    6.3e 42525181:SNP.AT,  6.3e 42525175:SNP.CA
Removing 54    6.1e 42526693:SNP.GA,  6.5e 42524236:SNP.GA
Removing 55    6.8e 42522957:SNP.TG
Removing 56A   6.0i 42528381:SNP.GC,  6.7e 42523591:SNP.GA
Removing 56B   6.1e 42526693:SNP.GA,  6.7e 42523591:SNP.GA
Removing 57    6.1e 42526693:SNP.GA,  6.2e 42525907:SNP.GA
Removing 58    6.4e 42524929:INS.ggggcgaaa
Removing 59    6.6e 42523853:SNP.CT
Removing 6A    6.3e 42525085:DEL.A
Removing 6B    6.3e 42525085:DEL.A,  6.4e 42524816:SNP.CT
Removing 6C    6.3e 42525085:DEL.A,  6.4e 42524816:SNP.CT
Removing 6D    6.3e 42525085:DEL.A
Removing 60    6.4e 42524905:INS.ta
Removing 62    6.9e 42522748:SNP.GA
Removing 63    6.0i 42528381:SNP.GC
Removing 64    6.1e 42526693:SNP.GA
Removing 65    6.1e 42526693:SNP.GA
Removing 68    6.1e 42526693:SNP.GA
Removing 69    6.1e 42526693:SNP.GA,  6.6i 42523804:SNP.CT
Removing 7     6.6e 42523857:SNP.TG
Removing 70    6.3e 42525184:SNP.CT,  6.3e 42525133:SNP.CT,  6.7e 42523609:SNP.CT
Removing 71    6.0i 42528381:SNP.GC,  6.1e 42526668:SNP.CT
Removing 72    6.1e 42526693:SNP.GA,  6.7e 42523474:SNP.CT
Removing 73    6.2e 42525781:SNP.CT
Removing 74    6.2e 42525820:SNP.GT
Removing 75    6.9e 42522747:SNP.CT
Removing 8     6.3e 42525034:SNP.CA
Removing 81    6.5e 42524213:SNP.GA,  6.5e 42524186:SNP.CT,  6.5e 42524182:SNP.AT
Removing 82    6.2e 42525820:SNP.GT,  6.2e 42525810:SNP.TC,  6.2e 42525780:SNP.AG,  6.2e 42525772:SNP.TA,  6.2e 42525771:SNP.GT,  6.2e 42525766:SNP.TC
Removing 84    6.5e 42524218:SNP.GT
Removing 85    6.9e 42522635:SNP.AC
Removing 86    6.5e 42524186:SNP.CT,  6.5e 42524182:SNP.AT
Removing 87    6.1e 42526779:SNP.GA,  6.1e 42526693:SNP.GA
Removing 88    6.2e 42525780:SNP.AG
Removing 89    6.3e 42525114:SNP.AG
Removing 9     6.5e 42524175:DEL.CTT
Removing 90    6.3e 42525099:SNP.TC
Removing 91    6.3e 42525057:SNP.CG,  6.6i 42523804:SNP.CT
Removing 92    6.4e 42524797:DEL.G
Removing 93    6.5e 42524273:SNP.TG
Removing 94B   6.1e 42526693:SNP.GA,  6.7e 42523611:SNP.TC
Removing 94A   6.1e 42526693:SNP.GA,  6.7e 42523611:SNP.TC
Removing 95    6.1e 42526693:SNP.GA,  6.7e 42523458:SNP.CT
Removing 96    6.8e 42522897:SNP.GA
Removing 97    6.9e 42522698:SNP.GT
Removing 98    6.9e 42522682:SNP.GC
Initial status
  CYP2D6.1B
    6.8e           42522964:SNP.CT    0 (  0)   3828:G>A
  CYP2D6.1E
    6.4e           42524923:SNP.AG    0 (  0)   1869:T>C
  CYP2D6.1C
    6.4e           42524814:SNP.GA    0 (  0)   1978:C>T
  CYP2D6.1D
    6.5e           42524217:SNP.GT    0 (  0)   2575:C>A
  CYP2D6.1
  CYP2D6.13$1
  CYP2D6.16$1
  CYP2D6.17
    6.9e           42522612:SNP.CG  294 (100) F 4180:G>C
    6.6e           42523942:SNP.GA  308 (100) F 2850:C>T
    6.3e           42525131:SNP.CG  475 (100)   1661:G>C
    6.2e           42525771:SNP.GA  345 (100) F 1023:C>T
  CYP2D6.17W
    6.9e           42522612:SNP.CG  294 (100) F 4180:G>C
    6.7i           42523408:SNP.TG  502 (100)   3384:A>C
    6.6e           42523942:SNP.GA  308 (100) F 2850:C>T
    6.3e           42525131:SNP.CG  475 (100)   1661:G>C
    6.2e           42525771:SNP.GA  345 (100) F 1023:C>T
    6.1i           42525951:SNP.AC  575 (100)   843:T>G
    6.1i           42526483:SNP.CA  408 (100)   310:G>T
    6.0i           42528027:SNP.TC   12 (100)   -1235:A>G
  CYP2D6.2D
    6.9e           42522612:SNP.CG  294 (100) F 4180:G>C
    6.6e           42523942:SNP.GA  308 (100) F 2850:C>T
  CYP2D6.2E
    6.9e           42522612:SNP.CG  294 (100) F 4180:G>C
    6.6e           42523942:SNP.GA  308 (100) F 2850:C>T
    6.3e           42525131:SNP.CG  475 (100)   1661:G>C
    6.2e           42525797:SNP.GC    0 (  0)   997:C>G
  CYP2D6.2F
    6.9e           42522612:SNP.CG  294 (100) F 4180:G>C
    6.6e           42523942:SNP.GA  308 (100) F 2850:C>T
    6.3e           42525068:SNP.GA    0 (  0)   1724:C>T
    6.3e           42525131:SNP.CG  475 (100)   1661:G>C
  CYP2D6.2G
    6.9e           42522612:SNP.CG  294 (100) F 4180:G>C
    6.6e           42523942:SNP.GA  308 (100) F 2850:C>T
    6.5e           42524217:SNP.GT    0 (  0)   2575:C>A
    6.5e           42524322:SNP.AG    0 (  0)   2470:T>C
    6.3e           42525131:SNP.CG  475 (100)   1661:G>C
  CYP2D6.2B
    6.9e           42522612:SNP.CG  294 (100) F 4180:G>C
    6.6e           42523942:SNP.GA  308 (100) F 2850:C>T
    6.3e           42525131:SNP.CG  475 (100)   1661:G>C
    6.2e           42525755:SNP.GA    0 (  0)   1039:C>T
  CYP2D6.2C
    6.9e           42522612:SNP.CG  294 (100) F 4180:G>C
    6.6e           42523942:SNP.GA  308 (100) F 2850:C>T
    6.5e           42524322:SNP.AG    0 (  0)   2470:T>C
    6.3e           42525131:SNP.CG  475 (100)   1661:G>C
  CYP2D6.2L
    6.9e           42522612:SNP.CG  294 (100) F 4180:G>C
    6.7i           42523002:SNP.GA  396 (100)   3790:C>T
    6.7i           42523208:SNP.CT  274 ( 93)   3584:G>A
    6.7i           42523408:SNP.TG  502 (100)   3384:A>C
    6.6e           42523942:SNP.GA  308 (100) F 2850:C>T
    6.3e           42525035:SNP.GA    0 (  0)   1757:C>T
    6.3e           42525131:SNP.CG  475 (100)   1661:G>C
    6.2i           42525279:SNP.GA    0 (  0)   1513:C>T
    6.1i           42525951:SNP.AC  575 (100)   843:T>G
    6.1i           42526048:SNP.GC  423 ( 65)   746:C>G
    6.1i           42526483:SNP.CA  408 (100)   310:G>T
    6.0i           42527532:SNP.GA  293 (100)   -740:C>T
    6.0i           42528027:SNP.TC   12 (100)   -1235:A>G
    6.0i           42528095:SNP.CT    0 (  0)   -1298:G>A
  CYP2D6.2M
    6.ins          42522311:SNP.CT    0 (  0)   4481:G>A
    6.9e           42522612:SNP.CG  294 (100) F 4180:G>C
    6.7i           42523002:SNP.GA  396 (100)   3790:C>T
    6.7i           42523208:SNP.CT  274 ( 93)   3584:G>A
    6.7i           42523408:SNP.TG  502 (100)   3384:A>C
    6.6e           42523942:SNP.GA  308 (100) F 2850:C>T
    6.3e           42525131:SNP.CG  475 (100)   1661:G>C
    6.1i           42525951:SNP.AC  575 (100)   843:T>G
    6.1i           42526048:SNP.GC  423 ( 65)   746:C>G
    6.1i           42526483:SNP.CA  408 (100)   310:G>T
    6.1i           42526548:SNP.TC  486 (100)   CYP2D7:i1:5491
    6.1i           42526560:SNP.TG  507 (100)   CYP2D7:i1:5503
    6.1i           42526561:SNP.CG  506 (100)   CYP2D7:i1:5504
    6.1i           42526566:SNP.AG  497 (100)   CYP2D7:i1:5509
    6.1i           42526570:SNP.GC  481 (100)   CYP2D7:i1:5513
    6.1i           42526572:SNP.GT  477 (100)   CYP2D7:i1:5515
    6.0i           42527470:SNP.CT  162 ( 38)   -678:G>A
    6.0i           42527532:SNP.GA  293 (100)   -740:C>T
    6.0i           42527541:DEL.TC    0 (  0)   -750:delGA
    6.0i           42528027:SNP.TC   12 (100)   -1235:A>G
  CYP2D6.2H
    6.9e           42522612:SNP.CG  294 (100) F 4180:G>C
    6.6e           42523942:SNP.GA  308 (100) F 2850:C>T
    6.5e           42524312:SNP.GA    0 (  0)   2480:C>T
    6.3e           42525131:SNP.CG  475 (100)   1661:G>C
  CYP2D6.2K
    6.9e           42522612:SNP.CG  294 (100) F 4180:G>C
    6.9e           42522677:SNP.GA    0 (  0)   4115:C>T
    6.6e           42523942:SNP.GA  308 (100) F 2850:C>T
    6.3e           42525131:SNP.CG  475 (100)   1661:G>C
  CYP2D6.34
    6.6e           42523942:SNP.GA  308 (100) F 2850:C>T
  CYP2D6.39
    6.9e           42522612:SNP.CG  294 (100) F 4180:G>C
    6.3e           42525131:SNP.CG  475 (100)   1661:G>C
  CYP2D6.5
  CYP2D6.61
  CYP2D6.67$1
  CYP2D6.76$1
  CYP2D6.77$1
  CYP2D6.78$1
  CYP2D6.79$1
  CYP2D6.80$1
  CYP2D6.83
    6.1i           42525951:SNP.AC  575 (100)   843:T>G
== Copy Number Estimator ==
CNV factor: 2.52763738306 (0.395626368996)
Coverage per region
  region:  2D6  2D7
  0i   :  1.24  1.89 
  1e   :  1.01  1.97 = -0.96
  1i   :  1.58  1.65 = -0.07
  2e   :  1.58  1.82 = -0.24
  2i   :  1.13  1.66 = -0.53
  3e   :  1.21  1.71 = -0.50
  3i   :  1.07  2.38 
  4e   :  0.84  2.27 
  4i   :  1.03  2.86 
  5e   :  1.05  2.42 = -1.36
  5i   :  0.94  2.48 = -1.54
  6e   :  1.12  2.64 = -1.53
  6i   :  1.18  2.09 = -0.91
  7e   :  0.87  1.77 
  7i   :  1.34  1.53 
  8e   :  1.26  2.10 
  8i   :  2.02  2.54 
  9e   :  1.29  2.22 = -0.93
  ins  :  1.08  1.70 
  pce  :  0.00  2.26 = -2.26
  rep  :  1.15  2.59 
Max. CN = 3
M  Sentinel contraint for 61: A_61^ <= A_61
M  Sentinel contraint for 67: A_67^ <= A_67
M  Sentinel contraint for 80: A_80^ <= A_80
M  Sentinel contraint for 1: A_1^ <= A_1
M  Sentinel contraint for 5: A_5^ <= A_5
M  Sentinel contraint for 77: A_77^ <= A_77
M  Sentinel contraint for 76: A_76^ <= A_76
M  Sentinel contraint for 79: A_79^ <= A_79
M  Sentinel contraint for 78: A_78^ <= A_78
M  Sentinel contraint for 13: A_13^ <= A_13
M  Sentinel contraint for 16: A_16^ <= A_16
M  Sentinel contraint for 36: A_36^ <= A_36
M  Sentinel contraint for 36: A_36_2 <= A_36
M  Sentinel contraint for 36: A_36_3 <= A_36_2
M  Sentinel contraint for 1: A_1_3 <= A_1_2
M  Contraint for 6e: -1.52535807924 == E_6e + <gurobi.LinExpr: 0.0 A5^ + -1.0 A5^ + A78^ + -0.0 A78^ + A1^ + -1.0 A1^ + A61 + -1.0 A61 + A1_3 + -0.0 A1_3 + A80^ + -0.0 A80^ + A67 + -0.0 A67 + A80 + -0.0 A80 + A67^ + -0.0 A67^ + A61^ + -1.0 A61^ + 0.0 A77^ + -1.0 A77^ + A1 + -1.0 A1 + 0.0 A16^ + -1.0 A16^ + 0.0 A5 + -1.0 A5 + A36_2 + -0.0 A36_2 + A36_3 + -0.0 A36_3 + A79^ + -0.0 A79^ + 0.0 A77 + -1.0 A77 + 0.0 A76 + -1.0 A76 + A79 + -0.0 A79 + A78 + -0.0 A78 + A36^ + -1.0 A36^ + A13 + -0.0 A13 + 0.0 A76^ + -1.0 A76^ + 0.0 A16 + -1.0 A16 + A36 + -1.0 A36 + A13^ + -0.0 A13^ + A1_2 + -0.0 A1_2>
M  Contraint for 5e: -1.36221431899 == E_5e + <gurobi.LinExpr: 0.0 A5^ + -1.0 A5^ + A78^ + -0.0 A78^ + A1^ + -1.0 A1^ + A61 + -1.0 A61 + A1_3 + -0.0 A1_3 + A80^ + -0.0 A80^ + 0.5 A67 + -0.5 A67 + A80 + -0.0 A80 + 0.5 A67^ + -0.5 A67^ + A61^ + -1.0 A61^ + 0.0 A77^ + -1.0 A77^ + A1 + -1.0 A1 + 0.0 A16^ + -1.0 A16^ + 0.0 A5 + -1.0 A5 + A36_2 + -0.0 A36_2 + A36_3 + -0.0 A36_3 + A79^ + -0.0 A79^ + 0.0 A77 + -1.0 A77 + 0.0 A76 + -1.0 A76 + A79 + -0.0 A79 + A78 + -0.0 A78 + A36^ + -1.0 A36^ + A13 + -0.0 A13 + 0.0 A76^ + -1.0 A76^ + 0.0 A16 + -1.0 A16 + A36 + -1.0 A36 + A13^ + -0.0 A13^ + A1_2 + -0.0 A1_2>
M  Contraint for 6i: -0.911972982156 == E_6i + <gurobi.LinExpr: 0.0 A5^ + -1.0 A5^ + A78^ + -0.0 A78^ + A1^ + -1.0 A1^ + A61 + -1.0 A61 + A1_3 + -0.0 A1_3 + A80^ + -0.0 A80^ + A67 + -0.0 A67 + A80 + -0.0 A80 + A67^ + -0.0 A67^ + A61^ + -1.0 A61^ + 0.0 A77^ + -1.0 A77^ + A1 + -1.0 A1 + 0.0 A16^ + -1.0 A16^ + 0.0 A5 + -1.0 A5 + A36_2 + -0.0 A36_2 + A36_3 + -0.0 A36_3 + A79^ + -0.0 A79^ + 0.0 A77 + -1.0 A77 + 0.0 A76 + -1.0 A76 + A79 + -0.0 A79 + A78 + -0.0 A78 + A36^ + -1.0 A36^ + A13 + -0.0 A13 + 0.0 A76^ + -1.0 A76^ + 0.0 A16 + -1.0 A16 + A36 + -1.0 A36 + A13^ + -0.0 A13^ + A1_2 + -0.0 A1_2>
M  Contraint for 9e: -0.93218134858 == E_9e + <gurobi.LinExpr: 0.0 A5^ + -1.0 A5^ + A78^ + -0.0 A78^ + A1^ + -1.0 A1^ + 0.0 A61 + -2.0 A61 + A1_3 + -0.0 A1_3 + A80^ + -0.0 A80^ + A67 + -0.0 A67 + A80 + -0.0 A80 + A67^ + -0.0 A67^ + 0.0 A61^ + -2.0 A61^ + A77^ + -0.0 A77^ + A1 + -1.0 A1 + A16^ + -0.0 A16^ + 0.0 A5 + -1.0 A5 + 0.0 A36_2 + -1.0 A36_2 + 0.0 A36_3 + -1.0 A36_3 + A79^ + -0.0 A79^ + A77 + -0.0 A77 + 0.5 A76 + -0.5 A76 + A79 + -0.0 A79 + A78 + -0.0 A78 + 0.0 A36^ + -2.0 A36^ + A13 + -0.0 A13 + 0.5 A76^ + -0.5 A76^ + A16 + -0.0 A16 + 0.0 A36 + -2.0 A36 + A13^ + -0.0 A13^ + A1_2 + -0.0 A1_2>
M  Contraint for 2e: -0.24283754604 == E_2e + <gurobi.LinExpr: 0.0 A5^ + -1.0 A5^ + 0.0 A78^ + -1.0 A78^ + A1^ + -1.0 A1^ + A61 + -1.0 A61 + A1_3 + -0.0 A1_3 + 0.0 A80^ + -1.0 A80^ + 0.0 A67 + -1.0 A67 + 0.0 A80 + -1.0 A80 + 0.0 A67^ + -1.0 A67^ + A61^ + -1.0 A61^ + 0.0 A77^ + -1.0 A77^ + A1 + -1.0 A1 + 0.0 A16^ + -1.0 A16^ + 0.0 A5 + -1.0 A5 + A36_2 + -0.0 A36_2 + A36_3 + -0.0 A36_3 + 0.5 A79^ + -0.5 A79^ + 0.0 A77 + -1.0 A77 + 0.0 A76 + -1.0 A76 + 0.5 A79 + -0.5 A79 + 0.0 A78 + -1.0 A78 + A36^ + -1.0 A36^ + A13 + -0.0 A13 + 0.0 A76^ + -1.0 A76^ + 0.0 A16 + -1.0 A16 + A36 + -1.0 A36 + A13^ + -0.0 A13^ + A1_2 + -0.0 A1_2>
M  Contraint for 1e: -0.957469240685 == E_1e + <gurobi.LinExpr: 0.0 A5^ + -1.0 A5^ + 0.0 A78^ + -1.0 A78^ + A1^ + -1.0 A1^ + A61 + -1.0 A61 + A1_3 + -0.0 A1_3 + 0.0 A80^ + -1.0 A80^ + 0.0 A67 + -1.0 A67 + 0.0 A80 + -1.0 A80 + 0.0 A67^ + -1.0 A67^ + A61^ + -1.0 A61^ + 0.0 A77^ + -1.0 A77^ + A1 + -1.0 A1 + 0.0 A16^ + -1.0 A16^ + 0.0 A5 + -1.0 A5 + A36_2 + -0.0 A36_2 + A36_3 + -0.0 A36_3 + 0.0 A79^ + -1.0 A79^ + 0.0 A77 + -1.0 A77 + 0.0 A76 + -1.0 A76 + 0.0 A79 + -1.0 A79 + 0.0 A78 + -1.0 A78 + A36^ + -1.0 A36^ + 0.0 A13 + -1.0 A13 + 0.0 A76^ + -1.0 A76^ + 0.0 A16 + -1.0 A16 + A36 + -1.0 A36 + 0.0 A13^ + -1.0 A13^ + A1_2 + -0.0 A1_2>
M  Contraint for 1i: -0.0657294532425 == E_1i + <gurobi.LinExpr: 0.0 A5^ + -1.0 A5^ + 0.0 A78^ + -1.0 A78^ + A1^ + -1.0 A1^ + A61 + -1.0 A61 + A1_3 + -0.0 A1_3 + 0.0 A80^ + -1.0 A80^ + 0.0 A67 + -1.0 A67 + 0.0 A80 + -1.0 A80 + 0.0 A67^ + -1.0 A67^ + A61^ + -1.0 A61^ + 0.0 A77^ + -1.0 A77^ + A1 + -1.0 A1 + 0.0 A16^ + -1.0 A16^ + 0.0 A5 + -1.0 A5 + A36_2 + -0.0 A36_2 + A36_3 + -0.0 A36_3 + 0.0 A79^ + -1.0 A79^ + 0.0 A77 + -1.0 A77 + 0.0 A76 + -1.0 A76 + 0.0 A79 + -1.0 A79 + 0.0 A78 + -1.0 A78 + A36^ + -1.0 A36^ + 0.5 A13 + -0.5 A13 + 0.0 A76^ + -1.0 A76^ + 0.0 A16 + -1.0 A16 + A36 + -1.0 A36 + 0.5 A13^ + -0.5 A13^ + A1_2 + -0.0 A1_2>
M  Contraint for 5i: -1.53697733985 == E_5i + <gurobi.LinExpr: 0.0 A5^ + -1.0 A5^ + A78^ + -0.0 A78^ + A1^ + -1.0 A1^ + A61 + -1.0 A61 + A1_3 + -0.0 A1_3 + A80^ + -0.0 A80^ + A67 + -0.0 A67 + A80 + -0.0 A80 + A67^ + -0.0 A67^ + A61^ + -1.0 A61^ + 0.0 A77^ + -1.0 A77^ + A1 + -1.0 A1 + 0.0 A16^ + -1.0 A16^ + 0.0 A5 + -1.0 A5 + A36_2 + -0.0 A36_2 + A36_3 + -0.0 A36_3 + A79^ + -0.0 A79^ + 0.0 A77 + -1.0 A77 + 0.0 A76 + -1.0 A76 + A79 + -0.0 A79 + A78 + -0.0 A78 + A36^ + -1.0 A36^ + A13 + -0.0 A13 + 0.0 A76^ + -1.0 A76^ + 0.0 A16 + -1.0 A16 + A36 + -1.0 A36 + A13^ + -0.0 A13^ + A1_2 + -0.0 A1_2>
M  Contraint for 2i: -0.531538630467 == E_2i + <gurobi.LinExpr: 0.0 A5^ + -1.0 A5^ + 0.0 A78^ + -1.0 A78^ + A1^ + -1.0 A1^ + A61 + -1.0 A61 + A1_3 + -0.0 A1_3 + 0.5 A80^ + -0.5 A80^ + 0.0 A67 + -1.0 A67 + 0.5 A80 + -0.5 A80 + 0.0 A67^ + -1.0 A67^ + A61^ + -1.0 A61^ + 0.0 A77^ + -1.0 A77^ + A1 + -1.0 A1 + 0.0 A16^ + -1.0 A16^ + 0.0 A5 + -1.0 A5 + A36_2 + -0.0 A36_2 + A36_3 + -0.0 A36_3 + A79^ + -0.0 A79^ + 0.0 A77 + -1.0 A77 + 0.0 A76 + -1.0 A76 + A79 + -0.0 A79 + 0.0 A78 + -1.0 A78 + A36^ + -1.0 A36^ + A13 + -0.0 A13 + 0.0 A76^ + -1.0 A76^ + 0.0 A16 + -1.0 A16 + A36 + -1.0 A36 + A13^ + -0.0 A13^ + A1_2 + -0.0 A1_2>
M  Contraint for 3e: -0.503651510117 == E_3e + <gurobi.LinExpr: 0.0 A5^ + -1.0 A5^ + 0.0 A78^ + -1.0 A78^ + A1^ + -1.0 A1^ + A61 + -1.0 A61 + A1_3 + -0.0 A1_3 + A80^ + -0.0 A80^ + 0.0 A67 + -1.0 A67 + A80 + -0.0 A80 + 0.0 A67^ + -1.0 A67^ + A61^ + -1.0 A61^ + 0.0 A77^ + -1.0 A77^ + A1 + -1.0 A1 + 0.0 A16^ + -1.0 A16^ + 0.0 A5 + -1.0 A5 + A36_2 + -0.0 A36_2 + A36_3 + -0.0 A36_3 + A79^ + -0.0 A79^ + 0.0 A77 + -1.0 A77 + 0.0 A76 + -1.0 A76 + A79 + -0.0 A79 + 0.0 A78 + -1.0 A78 + A36^ + -1.0 A36^ + A13 + -0.0 A13 + 0.0 A76^ + -1.0 A76^ + 0.0 A16 + -1.0 A16 + A36 + -1.0 A36 + A13^ + -0.0 A13^ + A1_2 + -0.0 A1_2>
M  Contraint for pce: -2.25519951442 == E_pce + <gurobi.LinExpr: 0.0 A5^ + -1.0 A5^ + A78^ + -0.0 A78^ + 0.0 A1^ + -1.0 A1^ + 0.0 A61 + -2.0 A61 + 0.0 A1_3 + -0.0 A1_3 + A80^ + -0.0 A80^ + A67 + -0.0 A67 + A80 + -0.0 A80 + A67^ + -0.0 A67^ + 0.0 A61^ + -2.0 A61^ + A77^ + -0.0 A77^ + 0.0 A1 + -1.0 A1 + A16^ + -0.0 A16^ + 0.0 A5 + -1.0 A5 + 0.0 A36_2 + -1.0 A36_2 + 0.0 A36_3 + -1.0 A36_3 + A79^ + -0.0 A79^ + A77 + -0.0 A77 + A76 + -0.0 A76 + A79 + -0.0 A79 + A78 + -0.0 A78 + 0.0 A36^ + -2.0 A36^ + A13 + -0.0 A13 + A76^ + -0.0 A76^ + A16 + -0.0 A16 + 0.0 A36 + -2.0 A36 + A13^ + -0.0 A13^ + 0.0 A1_2 + -0.0 A1_2>
M  Objective: <gurobi.LinExpr: C39 + C40 + C41 + C42 + C43 + C44 + C45 + C46 + C47 + C48 + 1.5 C49 + 0.5 A5^ + 0.5 A78^ + 0.5 A1^ + 0.5 A61 + 0.5 A1_3 + 0.5 A80^ + 0.5 A67 + 0.5 A80 + 0.5 A67^ + 0.5 A61^ + 0.5 A77^ + 0.5 A1 + 0.5 A16^ + 0.5 A5 + 0.5 A36_2 + 0.5 A36_3 + 0.5 A79^ + 0.5 A36^ + 0.5 A76 + 0.5 A79 + 0.5 A78 + 0.5 A77 + 0.5 A13 + 0.5 A76^ + 0.5 A16 + 0.5 A36 + 0.5 A13^ + 0.5 A1_2 + 0.1 A78^ + 0.1 A80^ + 0.1 A67 + 0.1 A80 + 0.1 A67^ + 0.1 A77^ + 0.1 A16^ + 0.1 A79^ + 0.1 A76 + 0.1 A79 + 0.1 A78 + 0.1 A77 + 0.1 A13 + 0.1 A76^ + 0.1 A16 + 0.1 A13^>
CN Solver status: optimal, opt: 5.66196829843
  Solutions:
    ('1', '5')
== Initial Solver ==
Solving Counter({'1': 1})
Possible candidates:
  CYP2D6.1
  CYP2D6.17
    6.6e 42523942:SNP.GA  308 ( 98) F 2850:C>T
    6.2e 42525771:SNP.GA  345 ( 99) F 1023:C>T
    6.9e 42522612:SNP.CG  294 (100) F 4180:G>C
  CYP2D6.2B
    6.6e 42523942:SNP.GA  308 ( 98) F 2850:C>T
    6.9e 42522612:SNP.CG  294 (100) F 4180:G>C
  CYP2D6.34
    6.6e 42523942:SNP.GA  308 ( 98) F 2850:C>T
  CYP2D6.39
    6.9e 42522612:SNP.CG  294 (100) F 4180:G>C
M  Max. CN for 1 = 1
M  Max. CN for 39 = 1
M  Max. CN for 17 = 1
M  Max. CN for 2B = 1
M  Max. CN for 34 = 1
M  Contraint for 42523942:REF 6.6e: 6 == <gurobi.QuadExpr: 314.0 1 + 314.0 39 + 314.0 17 + 314.0 2B + 314.0 34 + [ -314.0 REG_17_42523942:SNP.GA * 17 + -314.0 REG_2B_42523942:SNP.GA * 2B + -314.0 REG_34_42523942:SNP.GA * 34 ]> + err
M  Contraint for 42525771:REF 6.2e: 5 == <gurobi.QuadExpr: 350.0 1 + 350.0 39 + 350.0 17 + 350.0 2B + 350.0 34 + [ -350.0 REG_17_42525771:SNP.GA * 17 ]> + err
M  Contraint for 42522612:REF 6.9e: 1 == <gurobi.QuadExpr: 295.0 1 + 295.0 39 + 295.0 17 + 295.0 2B + 295.0 34 + [ -295.0 REG_39_42522612:SNP.CG * 39 + -295.0 REG_17_42522612:SNP.CG * 17 + -295.0 REG_2B_42522612:SNP.CG * 2B ]> + err
M  Contraint for 42525771:SNP.GA 6.2e: 345 == <gurobi.QuadExpr: 0.0 + [ 350.0 REG_17_42525771:SNP.GA * 17 ]> + err
M  Contraint for 42523942:SNP.GA 6.6e: 308 == <gurobi.QuadExpr: 0.0 + [ 314.0 REG_17_42523942:SNP.GA * 17 + 314.0 REG_2B_42523942:SNP.GA * 2B + 314.0 REG_34_42523942:SNP.GA * 34 ]> + err
M  Contraint for 42522612:SNP.CG 6.9e: 294 == <gurobi.QuadExpr: 0.0 + [ 295.0 REG_39_42522612:SNP.CG * 39 + 295.0 REG_17_42522612:SNP.CG * 17 + 295.0 REG_2B_42522612:SNP.CG * 2B ]> + err
M  Contraint for 39 42522612:SNP.CG: <gurobi.Var 39> >= <gurobi.Var REG_39_42522612:SNP.CG>
M  Contraint for 2B 42523942:SNP.GA: <gurobi.Var 2B> >= <gurobi.Var REG_2B_42523942:SNP.GA>
M  Contraint for 2B 42522612:SNP.CG: <gurobi.Var 2B> >= <gurobi.Var REG_2B_42522612:SNP.CG>
M  Contraint for 17 42523942:SNP.GA: <gurobi.Var 17> >= <gurobi.Var REG_17_42523942:SNP.GA>
M  Contraint for 17 42522612:SNP.CG: <gurobi.Var 17> >= <gurobi.Var REG_17_42522612:SNP.CG>
M  Contraint for 17 42525771:SNP.GA: <gurobi.Var 17> >= <gurobi.Var REG_17_42525771:SNP.GA>
M  Contraint for 34 42523942:SNP.GA: <gurobi.Var 34> >= <gurobi.Var REG_34_42523942:SNP.GA>
M  CN contraint for 1: 1 == <gurobi.LinExpr: 1 + 39 + 2B + 17 + 34>
M  Objective: <gurobi.LinExpr: C22 + C23 + C24 + C25 + C26 + C27>
M  Contraint for 39: A_39 * (<gurobi.LinExpr: REG_39_42522612:SNP.CG> - 1) == 0
M  Contraint for 17: A_17 * (<gurobi.LinExpr: REG_17_42522612:SNP.CG + REG_17_42523942:SNP.GA + REG_17_42525771:SNP.GA> - 3) == 0
M  Contraint for 2B: A_2B * (<gurobi.LinExpr: REG_2B_42522612:SNP.CG + REG_2B_42523942:SNP.GA> - 2) == 0
M  Contraint for 34: A_34 * (<gurobi.LinExpr: REG_34_42523942:SNP.GA> - 1) == 0
M  Contraint for 42522612:SNP.CG: 1 <= <gurobi.QuadExpr: 0.0 + [ 39 * REG_39_42522612:SNP.CG + 17 * REG_17_42522612:SNP.CG + 2B * REG_2B_42522612:SNP.CG ]>
M  Contraint for 42522612:SNP.CG: 1 <= <gurobi.QuadExpr: 0.0 + [ 39 * REG_39_42522612:SNP.CG + 17 * REG_17_42522612:SNP.CG + 2B * REG_2B_42522612:SNP.CG ]>
M  Contraint for 42523942:SNP.GA: 1 <= <gurobi.QuadExpr: 0.0 + [ 17 * REG_17_42523942:SNP.GA + 2B * REG_2B_42523942:SNP.GA + 34 * REG_34_42523942:SNP.GA ]>
M  Contraint for 42525771:SNP.GA: 1 <= <gurobi.QuadExpr: 0.0 + [ 17 * REG_17_42525771:SNP.GA ]>
M  Contraint for 42522612:SNP.CG: 1 <= <gurobi.QuadExpr: 0.0 + [ 39 * REG_39_42522612:SNP.CG + 17 * REG_17_42522612:SNP.CG + 2B * REG_2B_42522612:SNP.CG ]>
M  Contraint for 42523942:SNP.GA: 1 <= <gurobi.QuadExpr: 0.0 + [ 17 * REG_17_42523942:SNP.GA + 2B * REG_2B_42523942:SNP.GA + 34 * REG_34_42523942:SNP.GA ]>
M  Contraint for 42523942:SNP.GA: 1 <= <gurobi.QuadExpr: 0.0 + [ 17 * REG_17_42523942:SNP.GA + 2B * REG_2B_42523942:SNP.GA + 34 * REG_34_42523942:SNP.GA ]>
CN Solver status: optimal, opt: 24.0
  solution:
    ('17',)
[32;01mCopy number best structures:[39;49;00m
[32;01m  (1) 1x*1-like[39;49;00m
== Refiner ==
Refining ('17',)
M  CN constraint for 17: 1 == <gurobi.LinExpr: 17W + 17>
M  Contraint for 42525951:REF 6.1i: 7 == <gurobi.QuadExpr: 582.0 17W + 582.0 17 + [ -582.0 REG_17W_42525951:SNP.AC * 17W + -582.0 EXT_17_42525951:SNP.AC * 17 ]> + err
M  Contraint for 42525131:SNP.CG 6.3e: 475 == <gurobi.QuadExpr: 0.0 + [ 482.0 REG_17W_42525131:SNP.CG * 17W + 482.0 REG_17_42525131:SNP.CG * 17 ]> + err
M  Contraint for 42526483:REF 6.1i: 7 == <gurobi.QuadExpr: 415.0 17W + 415.0 17 + [ -415.0 REG_17W_42526483:SNP.CA * 17W + -415.0 EXT_17_42526483:SNP.CA * 17 ]> + err
M  Contraint for 42525771:REF 6.2e: 5 == <gurobi.QuadExpr: 350.0 17W + 350.0 17 + [ -350.0 REG_17W_42525771:SNP.GA * 17W + -350.0 REG_17_42525771:SNP.GA * 17 ]> + err
M  Contraint for 42525951:SNP.AC 6.1i: 575 == <gurobi.QuadExpr: 0.0 + [ 582.0 REG_17W_42525951:SNP.AC * 17W + 582.0 EXT_17_42525951:SNP.AC * 17 ]> + err
M  Contraint for 42525131:REF 6.3e: 7 == <gurobi.QuadExpr: 482.0 17W + 482.0 17 + [ -482.0 REG_17W_42525131:SNP.CG * 17W + -482.0 REG_17_42525131:SNP.CG * 17 ]> + err
M  Contraint for 42523942:REF 6.6e: 6 == <gurobi.QuadExpr: 314.0 17W + 314.0 17 + [ -314.0 REG_17W_42523942:SNP.GA * 17W + -314.0 REG_17_42523942:SNP.GA * 17 ]> + err
M  Contraint for 42528027:REF 6.0i: 0 == <gurobi.QuadExpr: 12.0 17W + 12.0 17 + [ -12.0 REG_17W_42528027:SNP.TC * 17W + -12.0 EXT_17_42528027:SNP.TC * 17 ]> + err
M  Contraint for 42528027:SNP.TC 6.0i: 12 == <gurobi.QuadExpr: 0.0 + [ 12.0 REG_17W_42528027:SNP.TC * 17W + 12.0 EXT_17_42528027:SNP.TC * 17 ]> + err
M  Contraint for 42522612:REF 6.9e: 1 == <gurobi.QuadExpr: 295.0 17W + 295.0 17 + [ -295.0 REG_17W_42522612:SNP.CG * 17W + -295.0 REG_17_42522612:SNP.CG * 17 ]> + err
M  Contraint for 42525771:SNP.GA 6.2e: 345 == <gurobi.QuadExpr: 0.0 + [ 350.0 REG_17W_42525771:SNP.GA * 17W + 350.0 REG_17_42525771:SNP.GA * 17 ]> + err
M  Contraint for 42523408:SNP.TG 6.7i: 502 == <gurobi.QuadExpr: 0.0 + [ 502.0 REG_17W_42523408:SNP.TG * 17W + 502.0 EXT_17_42523408:SNP.TG * 17 ]> + err
M  Contraint for 42523942:SNP.GA 6.6e: 308 == <gurobi.QuadExpr: 0.0 + [ 314.0 REG_17W_42523942:SNP.GA * 17W + 314.0 REG_17_42523942:SNP.GA * 17 ]> + err
M  Contraint for 42526483:SNP.CA 6.1i: 408 == <gurobi.QuadExpr: 0.0 + [ 415.0 REG_17W_42526483:SNP.CA * 17W + 415.0 EXT_17_42526483:SNP.CA * 17 ]> + err
M  Contraint for 42523408:REF 6.7i: 0 == <gurobi.QuadExpr: 502.0 17W + 502.0 17 + [ -502.0 REG_17W_42523408:SNP.TG * 17W + -502.0 EXT_17_42523408:SNP.TG * 17 ]> + err
M  Contraint for 42522612:SNP.CG 6.9e: 294 == <gurobi.QuadExpr: 0.0 + [ 295.0 REG_17W_42522612:SNP.CG * 17W + 295.0 REG_17_42522612:SNP.CG * 17 ]> + err
M  Contraint for MM[missing] 17W 42525131:SNP.CG: <gurobi.Var 17W> >= <gurobi.Var REG_17W_42525131:SNP.CG>
M  Contraint for MM[missing] 17W 42525951:SNP.AC: <gurobi.Var 17W> >= <gurobi.Var REG_17W_42525951:SNP.AC>
M  Contraint for MM[missing] 17W 42528027:SNP.TC: <gurobi.Var 17W> >= <gurobi.Var REG_17W_42528027:SNP.TC>
M  Contraint for MM[missing] 17W 42525771:SNP.GA: <gurobi.Var 17W> >= <gurobi.Var REG_17W_42525771:SNP.GA>
M  Contraint for MM[missing] 17W 42523408:SNP.TG: <gurobi.Var 17W> >= <gurobi.Var REG_17W_42523408:SNP.TG>
M  Contraint for MM[missing] 17W 42523942:SNP.GA: <gurobi.Var 17W> >= <gurobi.Var REG_17W_42523942:SNP.GA>
M  Contraint for MM[missing] 17W 42526483:SNP.CA: <gurobi.Var 17W> >= <gurobi.Var REG_17W_42526483:SNP.CA>
M  Contraint for MM[missing] 17W 42522612:SNP.CG: <gurobi.Var 17W> >= <gurobi.Var REG_17W_42522612:SNP.CG>
M  Contraint for MM[missing] 17 42523942:SNP.GA: <gurobi.Var 17> >= <gurobi.Var REG_17_42523942:SNP.GA>
M  Contraint for MM[missing] 17 42525131:SNP.CG: <gurobi.Var 17> >= <gurobi.Var REG_17_42525131:SNP.CG>
M  Contraint for MM[missing] 17 42522612:SNP.CG: <gurobi.Var 17> >= <gurobi.Var REG_17_42522612:SNP.CG>
M  Contraint for MM[missing] 17 42525771:SNP.GA: <gurobi.Var 17> >= <gurobi.Var REG_17_42525771:SNP.GA>
M  Contraint for MA[extra] 17 42528027:SNP.TC: <gurobi.Var 17> >= <gurobi.Var EXT_17_42528027:SNP.TC>
M  Contraint for MA[extra] 17 42525951:SNP.AC: <gurobi.Var 17> >= <gurobi.Var EXT_17_42525951:SNP.AC>
M  Contraint for MA[extra] 17 42526483:SNP.CA: <gurobi.Var 17> >= <gurobi.Var EXT_17_42526483:SNP.CA>
M  Contraint for MA[extra] 17 42523408:SNP.TG: <gurobi.Var 17> >= <gurobi.Var EXT_17_42523408:SNP.TG>
M  Objective: <gurobi.LinExpr: C34 + C35 + C36 + C37 + C38 + C39 + C40 + C41 + C42 + C43 + C44 + C45 + C46 + C47 + C48 + C49 + EXT_17_42528027:SNP.TC + EXT_17_42525951:SNP.AC + EXT_17_42526483:SNP.CA + EXT_17_42523408:SNP.TG + W>
M  Contraint for 17W: <gurobi.LinExpr: REG_17W_42525771:SNP.GA + REG_17W_42523942:SNP.GA + REG_17W_42522612:SNP.CG> = 3 * A_<gurobi.Var 17W>
M  Contraint for 17: <gurobi.LinExpr: REG_17_42525771:SNP.GA + REG_17_42523942:SNP.GA + REG_17_42522612:SNP.CG> = 3 * A_<gurobi.Var 17>
M  Contraint for 42525131:SNP.CG: 1 <= <gurobi.QuadExpr: 0.0 + [ REG_17W_42525131:SNP.CG * 17W + REG_17_42525131:SNP.CG * 17 ]> <= 1
M  Contraint for 42525951:SNP.AC: 1 <= <gurobi.QuadExpr: 0.0 + [ REG_17W_42525951:SNP.AC * 17W + EXT_17_42525951:SNP.AC * 17 ]> <= 1
M  Contraint for 42528027:SNP.TC: 1 <= <gurobi.QuadExpr: 0.0 + [ REG_17W_42528027:SNP.TC * 17W + EXT_17_42528027:SNP.TC * 17 ]> <= 2
M  Contraint for 42525771:SNP.GA: 1 <= <gurobi.QuadExpr: 0.0 + [ REG_17W_42525771:SNP.GA * 17W + REG_17_42525771:SNP.GA * 17 ]> <= 1
M  Contraint for 42525771:SNP.GA: <gurobi.QuadExpr: 0.0 + [ REG_17W_42525771:SNP.GA * 17W + REG_17_42525771:SNP.GA * 17 ]> <= 1
M  Contraint for 42523408:SNP.TG: 1 <= <gurobi.QuadExpr: 0.0 + [ REG_17W_42523408:SNP.TG * 17W + EXT_17_42523408:SNP.TG * 17 ]> <= 2
M  Contraint for 42523942:SNP.GA: 1 <= <gurobi.QuadExpr: 0.0 + [ REG_17W_42523942:SNP.GA * 17W + REG_17_42523942:SNP.GA * 17 ]> <= 1
M  Contraint for 42523942:SNP.GA: <gurobi.QuadExpr: 0.0 + [ REG_17W_42523942:SNP.GA * 17W + REG_17_42523942:SNP.GA * 17 ]> <= 1
M  Contraint for 42526483:SNP.CA: 1 <= <gurobi.QuadExpr: 0.0 + [ REG_17W_42526483:SNP.CA * 17W + EXT_17_42526483:SNP.CA * 17 ]> <= 1
M  Contraint for 42522612:SNP.CG: 1 <= <gurobi.QuadExpr: 0.0 + [ REG_17W_42522612:SNP.CG * 17W + REG_17_42522612:SNP.CG * 17 ]> <= 1
M  Contraint for 42522612:SNP.CG: <gurobi.QuadExpr: 0.0 + [ REG_17W_42522612:SNP.CG * 17W + REG_17_42522612:SNP.CG * 17 ]> <= 1
CN Solver status: optimal, opt: 66.0
  17W: 1
    6.3e 42525131:SNP.CG  475 ( 99 cp. 1) 
    6.1i 42525951:SNP.AC  575 ( 99 cp. 1) 
    6.0i 42528027:SNP.TC   12 (100 cp. 1) 
    6.2e 42525771:SNP.GA  345 ( 99 cp. 1) F
    6.7i 42523408:SNP.TG  502 (100 cp. 1) 
    6.6e 42523942:SNP.GA  308 ( 98 cp. 1) F
    6.1i 42526483:SNP.CA  408 ( 98 cp. 1) 
    6.9e 42522612:SNP.CG  294 (100 cp. 1) F
Missing:
  17W: 1
Extra:
  17W: 1
Time needed: (27.6)
Result is: [('5', '17W')]
