SAM file: bams/PGXT149.bam
File bams/PGXT149.bam has index
Coverage is 38.3756344184
== Allele Filter ==
 6.24e  97543751: SNP.GA                  193 ( 47%) ~     0 (  0)
 6.24e  97543763: SNP.CT                  398 (100%) ~     0 (  0)
 6.23i  97544770: SNP.TC                  184 (100%) ~     0 (  0)
 6.23i  97547830: SNP.GA                  286 (100%) ~     0 (  0)
 6.21i  97606763: SNP.CT                    2 (100%) ~     0 (  0)
 6.21i  97608891: SNP.TC                    2 (100%) ~     0 (  0)
 6.21i  97613793: DEL.GT                    2 (100%) ~     0 (  0)
 6.21i  97615097: SNP.CT                    3 (100%) ~     0 (  0)
 6.21i  97628366: SNP.CA                    2 (100%) ~     2 (100)
 6.21i  97631229: SNP.CT                    2 (100%) ~     0 (  0)
 6.21i  97638721: SNP.AG                    2 (100%) ~     0 (  0)
 6.21i  97644723: SNP.CT                    2 (100%) ~     0 (  0)
 6.21i  97645882: SNP.TC                    2 (100%) ~     0 (  0)
 6.21i  97658394: SNP.CT                    8 (100%) ~     0 (  0)
 6.20i  97667242: SNP.CT                    2 (100%) ~     0 (  0)
 6.20i  97684327: SNP.TC                    2 (100%) ~     0 (  0)
 6.20i  97700247: SNP.AN                    2 (  6%) ~     0 (  0)
 6.20i  97700329: INS.t                     7 (  5%) ~     0 (  0)
 6.19i  97700884: SNP.TA                    2 (100%) ~     0 (  0)
 6.19i  97705796: DEL.T                     2 (100%) ~     0 (  0)
 6.19i  97706444: SNP.AG                    2 (100%) ~     0 (  0)
 6.19i  97748303: SNP.GA                    2 (100%) ~     0 (  0)
 6.19i  97750525: SNP.TC                    2 (100%) ~     0 (  0)
 6.19i  97750575: SNP.TC                    2 (100%) ~     0 (  0)
 6.19i  97751637: SNP.CT                    2 (100%) ~     0 (  0)
 6.19i  97759019: SNP.AT                    2 (100%) ~     0 (  0)
 6.17i  97771946: SNP.CA                   49 ( 43%) ~     0 (  0)
 6.17i  97787619: SNP.TG                    2 (100%) ~     2 (100)
 6.17i  97788389: SNP.AT                    2 (100%) ~     0 (  0)
 6.17i  97788902: SNP.TA                    2 (100%) ~     0 (  0)
 6.17i  97794264: SNP.CA                    2 (100%) ~     0 (  0)
 6.16i  97845576: SNP.TA                    2 (100%) ~     0 (  0)
 6.16i  97846346: SNP.CT                    2 (100%) ~     0 (  0)
 6.15i  97869732: SNP.TA                    2 (100%) ~     0 (  0)
 6.15i  97869734: SNP.AC                    2 (100%) ~     0 (  0)
 6.15i  97869735: SNP.AT                    2 (100%) ~     0 (  0)
 6.15i  97869833: SNP.GA                    2 (100%) ~     0 (  0)
 6.15i  97869834: SNP.TG                    2 (100%) ~     0 (  0)
 6.15i  97869835: SNP.CA                    2 (100%) ~     0 (  0)
 6.15i  97898231: SNP.TC                    2 (100%) ~     0 (  0)
 6.14i  97915882: SNP.CA                    2 (  5%) ~     0 (  0)
 6.14i  97946040: SNP.TG                    2 (100%) ~     0 (  0)
 6.14i  97951925: SNP.TC                    2 (100%) ~     0 (  0)
 6.14i  97971251: SNP.TC                    2 (100%) ~     0 (  0)
 6.14i  97971439: SNP.GA                    2 (100%) ~     0 (  0)
 6.14i  97974242: SNP.TC                    2 (100%) ~     0 (  0)
 6.14i  97974658: SNP.GA                    2 (100%) ~     0 (  0)
 6.14i  97981241: SNP.TC                   75 ( 97%) ~     0 (  0)
 6.14i  97981242: SNP.GA                   41 ( 53%) ~     0 (  0)
 6.14e  97981394: SNP.TC     1627:T>C     292 ( 48%) ~     0 (  0)
 6.13i  97981705: SNP.CT                    4 (100%) ~     0 (  0)
 6.13i  97992928: SNP.AG                    2 (100%) ~     0 (  0)
 6.13i  98009847: SNP.GT                    2 (100%) ~     0 (  0)
 6.9i   98095023: SNP.GA                    2 (100%) ~     0 (  0)
 6.9i   98136236: SNP.AT                    2 (100%) ~     0 (  0)
 6.9i   98136278: INS.a                     4 (100%) ~     0 (  0)
 6.8e   98157331: SNP.CG                  356 (100%) ~     0 (  0)
 6.7i   98162361: SNP.AG                    2 (100%) ~     0 (  0)
 6.6e   98185526: SNP.AG                  334 (100%) ~     0 (  0)
 6.6e   98185721: SNP.AT                   11 (  6%) ~     0 (  0)
 6.6e   98186076: SNP.TC                  360 (100%) ~     0 (  0)
 6.3i   98206207: SNP.AT                    2 (  8%) ~     0 (  0)
 6.3i   98214227: SNP.GT                    2 (100%) ~     0 (  0)
 6.3i   98240151: SNP.GA                    2 (100%) ~     0 (  0)
 6.3i   98260178: SNP.AG                    2 (100%) ~     0 (  0)
 6.3i   98290576: SNP.CT                    2 (100%) ~     0 (  0)
 6.3i   98291588: INS.tgtg                  2 (100%) ~     0 (  0)
 6.3i   98291839: SNP.TA                    2 (100%) ~     0 (  0)
 6.2i   98317266: DEL.A                     2 (100%) ~     0 (  0)
 6.2i   98320407: SNP.CT                   40 (100%) ~     0 (  0)
 6.2i   98320491: SNP.CA                  121 ( 50%) ~     0 (  0)
 6.2i   98320922: SNP.TG                  129 ( 44%) ~     0 (  0)
 6.2i   98329541: SNP.CA                    2 (100%) ~     0 (  0)
 6.2i   98334989: SNP.GT                    2 (100%) ~     0 (  0)
 6.2i   98335003: SNP.GC                    2 (100%) ~     0 (  0)
 6.2i   98338477: SNP.CT                    2 (100%) ~     0 (  0)
 6.2e   98348884: SNP.AG     85:A>G       286 ( 50%) ~     1 (  0)
 6.1i   98349001: SNP.AT                    3 (  5%) ~     0 (  0)
 6.1i   98349007: SNP.AT                    3 (  9%) ~     0 (  0)
 6.1i   98378558: SNP.TC                    2 (100%) ~     0 (  0)
 6.1i   98386227: SNP.AC                    2 (  5%) ~     0 (  0)
 6.1i   98386368: SNP.TC                   20 (  7%) ~     0 (  0)
 6.1i   98386380: SNP.AC                   23 (  6%) ~     0 (  0)
 6.1i   98386391: SNP.AC                   42 (  9%) ~     0 (  0)
 6.1i   98386393: SNP.TC                   36 (  8%) ~     0 (  0)
 6.1i   98386398: SNP.AC                   44 (  9%) ~     0 (  0)
 6.1i   98386401: SNP.AC                   92 ( 18%) ~     0 (  0)
 6.1e   98386513: SNP.AC                   45 (  7%) ~     0 (  0)
Removing 10    6.24e 97544626:SNP.CA
Removing 11    6.11e 98058898:SNP.CA
Removing 12    6.2e 98348907:SNP.CT,  6.12e 98039498:SNP.CA
Removing 13    6.14e 97981342:SNP.AC
Removing 2B    6.15i 97915613:SNP.CT
Removing 2A    6.15i 97915613:SNP.CT
Removing 3     6.15e 97915621:DEL.G
Removing 4     6.14e 97981420:SNP.CT
Removing 6     6.19e 97770919:SNP.CT
Removing 7     6.4e 98205970:DEL.ATGA
Removing 8     6.8e 98157331:SNP.CT
Initial status
  CYP2D6.1
  CYP2D6.5
    6.14e          97981394:SNP.TC  292 ( 48) F 1627:T>C
  CYP2D6.9B
    6.22e          97564153:SNP.CT    0 (  0)   2657:C>T
    6.2e           98348884:SNP.AG  286 ( 50) F 85:A>G
  CYP2D6.9
    6.2e           98348884:SNP.AG  286 ( 50) F 85:A>G
== Copy Number Estimator ==
CNV factor: 2.52444127771 (0.396127257477)
Coverage per region
  region:  2D6  2D7
  1e   :  1.65
  1i   :  2.41
  2e   :  2.50
  2i   :  2.12
  3e   :  2.15
  3i   :  2.50
  4e   :  2.58
  4i   :  2.49
  5e   :  2.21
  5i   :  2.69
  6e   :  2.47
  6i   :  2.89
  7e   :  2.67
  7i   :  2.72
  8e   :  2.42
  8i   :  2.67
  9e   :  2.78
  9i   :  3.30
  10e  :  2.46
  10i  :  2.28
  11e  :  1.78
  11i  :  2.64
  12e  :  2.24
  12i  :  2.63
  13e  :  2.18
  13i  :  2.77
  14e  :  2.65
  14i  :  3.59
  15e  :  2.39
  15i  :  2.50
  16e  :  2.29
  16i  :  3.30
  17e  :  2.52
  17i  :  2.75
  18e  :  2.33
  18i  :  2.58
  19e  :  1.94
  19i  :  2.60
  20e  :  2.19
  20i  :  2.61
  21e  :  2.30
  21i  :  2.88
  22e  :  2.43
  22i  :  2.98
  23e  :  2.37
  23i  :  3.09
  24e  :  2.34
Max. CN = 4
M  Sentinel contraint for 1: A_1^ <= A_1
M  Contraint for 24e: 2.33677399261 == E_24e + <gurobi.LinExpr: A1 + A1^>
M  Contraint for 7e: 2.66631813776 == E_7e + <gurobi.LinExpr: A1 + A1^>
M  Contraint for 12e: 2.24016324206 == E_12e + <gurobi.LinExpr: A1 + A1^>
M  Contraint for 16e: 2.28741200657 == E_16e + <gurobi.LinExpr: A1 + A1^>
M  Contraint for 22e: 2.43208013434 == E_22e + <gurobi.LinExpr: A1 + A1^>
M  Contraint for 9e: 2.77792887854 == E_9e + <gurobi.LinExpr: A1 + A1^>
M  Contraint for 10e: 2.45631873043 == E_10e + <gurobi.LinExpr: A1 + A1^>
M  Contraint for 14e: 2.64883410716 == E_14e + <gurobi.LinExpr: A1 + A1^>
M  Contraint for 20e: 2.18878759546 == E_20e + <gurobi.LinExpr: A1 + A1^>
M  Contraint for 1e: 1.64679543803 == E_1e + <gurobi.LinExpr: A1 + A1^>
M  Contraint for 5e: 2.20895070033 == E_5e + <gurobi.LinExpr: A1 + A1^>
M  Contraint for 3e: 2.15029584489 == E_3e + <gurobi.LinExpr: A1 + A1^>
M  Contraint for 11e: 1.77527687258 == E_11e + <gurobi.LinExpr: A1 + A1^>
M  Contraint for 6e: 2.47320456333 == E_6e + <gurobi.LinExpr: A1 + A1^>
M  Contraint for 13e: 2.17641392283 == E_13e + <gurobi.LinExpr: A1 + A1^>
M  Contraint for 23e: 2.37080203303 == E_23e + <gurobi.LinExpr: A1 + A1^>
M  Contraint for 17e: 2.5246214791 == E_17e + <gurobi.LinExpr: A1 + A1^>
M  Contraint for 8e: 2.41725181176 == E_8e + <gurobi.LinExpr: A1 + A1^>
M  Contraint for 21e: 2.30182364341 == E_21e + <gurobi.LinExpr: A1 + A1^>
M  Contraint for 15e: 2.39420269135 == E_15e + <gurobi.LinExpr: A1 + A1^>
M  Contraint for 19e: 1.94063786047 == E_19e + <gurobi.LinExpr: A1 + A1^>
M  Contraint for 18e: 2.33077959121 == E_18e + <gurobi.LinExpr: A1 + A1^>
M  Contraint for 2e: 2.50165522228 == E_2e + <gurobi.LinExpr: A1 + A1^>
M  Contraint for 4e: 2.58024236696 == E_4e + <gurobi.LinExpr: A1 + A1^>
M  Objective: <gurobi.LinExpr: C26 + C27 + C28 + C29 + C30 + C31 + C32 + C33 + C34 + C35 + C36 + C37 + C38 + C39 + C40 + C41 + C42 + C43 + C44 + C45 + C46 + C47 + C48 + C49 + 0.5 A1 + 0.5 A1^>
CN Solver status: optimal, opt: 10.1021505243
  Solutions:
    ('1', '1^')
== Initial Solver ==
Solving Counter({'1': 2})
Possible candidates:
  CYP2D6.1
  CYP2D6.5
    6.14e 97981394:SNP.TC  292 ( 48) F 1627:T>C
  CYP2D6.9
    6.2e 98348884:SNP.AG  286 ( 50) F 85:A>G
M  Max. CN for 1 = 2
M  Max. CN for 9 = 2
M  Max. CN for 5 = 2
M  Contraint for 97981394:SNP.TC 6.14e: 292 == <gurobi.QuadExpr: 0.0 + [ 306.5 REG_5_2_97981394:SNP.TC * 5_2 + 306.5 REG_5_97981394:SNP.TC * 5 ]> + err
M  Contraint for 98348884:SNP.AG 6.2e: 286 == <gurobi.QuadExpr: 0.0 + [ 285.0 REG_9_2_98348884:SNP.AG * 9_2 + 285.0 REG_9_98348884:SNP.AG * 9 ]> + err
M  Contraint for 98348884:REF 6.2e: 284 == <gurobi.QuadExpr: 285.0 9_2 + 285.0 1 + 285.0 5_2 + 285.0 5 + 285.0 1_2 + 285.0 9 + [ -285.0 REG_9_2_98348884:SNP.AG * 9_2 + -285.0 REG_9_98348884:SNP.AG * 9 ]> + err
M  Contraint for 97981394:REF 6.14e: 321 == <gurobi.QuadExpr: 306.5 9_2 + 306.5 1 + 306.5 5_2 + 306.5 5 + 306.5 1_2 + 306.5 9 + [ -306.5 REG_5_2_97981394:SNP.TC * 5_2 + -306.5 REG_5_97981394:SNP.TC * 5 ]> + err
M  Contraint for 9_2 98348884:SNP.AG: <gurobi.Var 9_2> >= <gurobi.Var REG_9_2_98348884:SNP.AG>
M  Contraint for 5_2 97981394:SNP.TC: <gurobi.Var 5_2> >= <gurobi.Var REG_5_2_97981394:SNP.TC>
M  Contraint for 5 97981394:SNP.TC: <gurobi.Var 5> >= <gurobi.Var REG_5_97981394:SNP.TC>
M  Contraint for 9 98348884:SNP.AG: <gurobi.Var 9> >= <gurobi.Var REG_9_98348884:SNP.AG>
M  CN contraint for 1: 2 == <gurobi.LinExpr: 9_2 + 1 + 5_2 + 5 + 1_2 + 9>
M  Sentinel contraint for 1: A_1_2 <= A_1
M  Sentinel contraint for 5: A_5_2 <= A_5
M  Sentinel contraint for 9: A_9_2 <= A_9
M  Objective: <gurobi.LinExpr: C16 + C17 + C18 + C19>
M  Contraint for 9_2: A_9_2 * (<gurobi.LinExpr: REG_9_2_98348884:SNP.AG> - 1) == 0
M  Contraint for 5_2: A_5_2 * (<gurobi.LinExpr: REG_5_2_97981394:SNP.TC> - 1) == 0
M  Contraint for 5: A_5 * (<gurobi.LinExpr: REG_5_97981394:SNP.TC> - 1) == 0
M  Contraint for 9: A_9 * (<gurobi.LinExpr: REG_9_98348884:SNP.AG> - 1) == 0
M  Contraint for 98348884:SNP.AG: 1 <= <gurobi.QuadExpr: 0.0 + [ 9_2 * REG_9_2_98348884:SNP.AG + 9 * REG_9_98348884:SNP.AG ]>
M  Contraint for 97981394:SNP.TC: 1 <= <gurobi.QuadExpr: 0.0 + [ 5_2 * REG_5_2_97981394:SNP.TC + 5 * REG_5_97981394:SNP.TC ]>
M  Contraint for 97981394:SNP.TC: 1 <= <gurobi.QuadExpr: 0.0 + [ 5_2 * REG_5_2_97981394:SNP.TC + 5 * REG_5_97981394:SNP.TC ]>
M  Contraint for 98348884:SNP.AG: 1 <= <gurobi.QuadExpr: 0.0 + [ 9_2 * REG_9_2_98348884:SNP.AG + 9 * REG_9_98348884:SNP.AG ]>
CN Solver status: optimal, opt: 31.0
  solution:
    ('5', '9')
[32;01mCopy number best structures:[39;49;00m
[32;01m  (1) 2x*1-like[39;49;00m
== Refiner ==
Refining ('5', '9')
M  CN constraint for 9: 1 == <gurobi.LinExpr: 9 + 9B>
M  CN constraint for 5: 1 == <gurobi.LinExpr: 5>
M  Contraint for 98348884:SNP.AG 6.2e: 286 == <gurobi.QuadExpr: 0.0 + [ 285.0 REG_9_98348884:SNP.AG * 9 + 285.0 REG_9B_98348884:SNP.AG * 9B + 285.0 EXT_5_98348884:SNP.AG * 5 ]> + err
M  Contraint for 97981394:SNP.TC 6.14e: 292 == <gurobi.QuadExpr: 0.0 + [ 306.5 EXT_9_97981394:SNP.TC * 9 + 306.5 EXT_9B_97981394:SNP.TC * 9B + 306.5 REG_5_97981394:SNP.TC * 5 ]> + err
M  Contraint for 98348884:REF 6.2e: 284 == <gurobi.QuadExpr: 285.0 9 + 285.0 9B + 285.0 5 + [ -285.0 REG_9_98348884:SNP.AG * 9 + -285.0 REG_9B_98348884:SNP.AG * 9B + -285.0 EXT_5_98348884:SNP.AG * 5 ]> + err
M  Contraint for 97981394:REF 6.14e: 321 == <gurobi.QuadExpr: 306.5 9 + 306.5 9B + 306.5 5 + [ -306.5 EXT_9_97981394:SNP.TC * 9 + -306.5 EXT_9B_97981394:SNP.TC * 9B + -306.5 REG_5_97981394:SNP.TC * 5 ]> + err
M  Contraint for 97564153:SNP.CT 6.22e: 0 == <gurobi.QuadExpr: 0.0 + [ 204.5 EXT_9_97564153:SNP.CT * 9 + 204.5 REG_9B_97564153:SNP.CT * 9B + 204.5 EXT_5_97564153:SNP.CT * 5 ]> + err
M  Contraint for 97564153:REF 6.22e: 409 == <gurobi.QuadExpr: 204.5 9 + 204.5 9B + 204.5 5 + [ -204.5 EXT_9_97564153:SNP.CT * 9 + -204.5 REG_9B_97564153:SNP.CT * 9B + -204.5 EXT_5_97564153:SNP.CT * 5 ]> + err
M  Contraint for MM[missing] 9 98348884:SNP.AG: <gurobi.Var 9> >= <gurobi.Var REG_9_98348884:SNP.AG>
M  Contraint for MM[missing] 9B 97564153:SNP.CT: <gurobi.Var 9B> >= <gurobi.Var REG_9B_97564153:SNP.CT>
M  Contraint for MM[missing] 9B 98348884:SNP.AG: <gurobi.Var 9B> >= <gurobi.Var REG_9B_98348884:SNP.AG>
M  Contraint for MM[missing] 5 97981394:SNP.TC: <gurobi.Var 5> >= <gurobi.Var REG_5_97981394:SNP.TC>
M  Contraint for MA[extra] 9 97564153:SNP.CT: <gurobi.Var 9> >= <gurobi.Var EXT_9_97564153:SNP.CT>
M  Contraint for MA[extra] 9 97981394:SNP.TC: <gurobi.Var 9> >= <gurobi.Var EXT_9_97981394:SNP.TC>
M  Contraint for MA[extra] 9B 97981394:SNP.TC: <gurobi.Var 9B> >= <gurobi.Var EXT_9B_97981394:SNP.TC>
M  Contraint for MA[extra] 5 97564153:SNP.CT: <gurobi.Var 5> >= <gurobi.Var EXT_5_97564153:SNP.CT>
M  Contraint for MA[extra] 5 98348884:SNP.AG: <gurobi.Var 5> >= <gurobi.Var EXT_5_98348884:SNP.AG>
M  Objective: <gurobi.LinExpr: C18 + C19 + C20 + C21 + C22 + C23 + EXT_9_97564153:SNP.CT + EXT_9_97981394:SNP.TC + EXT_9B_97981394:SNP.TC + EXT_5_97564153:SNP.CT + EXT_5_98348884:SNP.AG + W>
M  Contraint for 9: <gurobi.LinExpr: REG_9_98348884:SNP.AG> = 1 * A_<gurobi.Var 9>
M  Contraint for 9B: <gurobi.LinExpr: REG_9B_98348884:SNP.AG> = 1 * A_<gurobi.Var 9B>
M  Contraint for 5: <gurobi.LinExpr: REG_5_97981394:SNP.TC> = 1 * A_<gurobi.Var 5>
M  Contraint for 97564153:SNP.CT: 0 >= <gurobi.LinExpr: REG_9B_97564153:SNP.CT>
M  Contraint for 97564153:SNP.CT: 0 <= <gurobi.QuadExpr: 0.0 + [ REG_9B_97564153:SNP.CT * 9B + EXT_9_97564153:SNP.CT * 9 + EXT_5_97564153:SNP.CT * 5 ]> <= 1
M  Contraint for 97981394:SNP.TC: 1 <= <gurobi.QuadExpr: 0.0 + [ REG_5_97981394:SNP.TC * 5 ]> <= 1
M  Contraint for 97981394:SNP.TC: <gurobi.QuadExpr: 0.0 + [ REG_5_97981394:SNP.TC * 5 ]> <= 1
M  Contraint for 98348884:SNP.AG: 1 <= <gurobi.QuadExpr: 0.0 + [ REG_9_98348884:SNP.AG * 9 + REG_9B_98348884:SNP.AG * 9B ]> <= 2
M  Contraint for 98348884:SNP.AG: <gurobi.QuadExpr: 0.0 + [ REG_9_98348884:SNP.AG * 9 + REG_9B_98348884:SNP.AG * 9B ]> <= 2
CN Solver status: optimal, opt: 31.0
  9: 1
    6.2e 98348884:SNP.AG  286 ( 50 cp. 1) F
  5: 1
    6.14e 97981394:SNP.TC  292 ( 48 cp. 1) F
Missing:
  9: 1
  5: 1
Extra:
  9: 1
  5: 1
Time needed: (20.9)
Result is: [('5', '9')]
