SAM file: bams/PGXT123.bam
File bams/PGXT123.bam has index
Coverage is 93.3144091393
== Allele Filter ==
 6.0i   96520352: SNP.AG                    2 ( 17%) ~     0 (  0)
 6.0i   96522364: SNP.TC     -98:T>C      616 (100%) ~     0 (  0)
 6.1e   96522560: SNP.CT     99:C>T       355 (100%) ~     0 (  0)
 6.1i   96527721: SNP.CG                    2 (100%) ~     0 (  0)
 6.1i   96533049: SNP.AT                    2 (100%) ~     0 (  0)
 6.1i   96534262: SNP.CT                    2 (100%) ~     0 (  0)
 6.1i   96534327: SNP.AG                    2 (100%) ~     0 (  0)
 6.1i   96534583: SNP.GA     12122:G>A      8 (100%) ~     0 (  0)
 6.2i   96535123: SNP.AG     12662:A>G    624 (100%) ~     0 (  0)
 6.3i   96536226: SNP.TA                  189 (100%) ~     0 (  0)
 6.4i   96541537: SNP.TC                   30 ( 53%) ~     0 (  0)
 6.5e   96541615: SNP.GA     19154:G>A    199 (100%) ~     1 (  1)
 6.5i   96541981: SNP.AG     19520:A>G     11 (100%) ~     0 (  0)
 6.5i   96548315: SNP.TC                    2 (100%) ~     0 (  0)
 6.5i   96554415: SNP.AG                    2 (100%) ~     0 (  0)
 6.5i   96580201: SNP.CG     57740:C>G    157 (100%) ~     0 (  0)
 6.6i   96601575: SNP.CT                    2 (100%) ~     0 (  0)
 6.6i   96602397: SNP.TA     79936:T>A     18 (100%) ~     0 (  0)
 6.7e   96602621: SNP.CT     80160:C>T    743 (100%) ~     0 (  0)
 6.7e   96602622: SNP.AG     80161:A>G    765 (100%) ~     0 (  0)
 6.7i   96608979: SNP.CT                    2 ( 50%) ~     0 (  0)
 6.7i   96608987: SNP.AG                    2 ( 50%) ~     0 (  0)
 6.7i   96609063: SNP.GA                    2 (100%) ~     0 (  0)
 6.8i   96609983: SNP.CT                   16 ( 36%) ~     0 (  0)
 6.8i   96611999: INS.g                     2 ( 67%) ~     0 (  0)
Removing 10    6.5e 96541614:SNP.CT
Removing 11    6.3e 96535263:SNP.GA
Removing 12    6.9e 96612670:SNP.AC
Removing 13    6.8e 96609751:SNP.CT
Removing 14    6.1e 96522511:SNP.TC
Removing 15    6.1e 96522516:SNP.AC
Removing 16    6.9e 96612521:SNP.CT
Removing 17    6.0i 96521656:SNP.CT
Removing 18    6.7e 96602617:SNP.GA
Removing 19    6.1e 96522612:SNP.AG
Removing 2H    6.8e 96609709:SNP.CG
Removing 2D    6.8e 96609736:SNP.GA
Removing 2E    6.5e 96541747:SNP.GA
Removing 2F    6.7e 96602652:SNP.GA
Removing 2G    6.7e 96602710:SNP.AT
Removing 2B    6.2e 96534921:SNP.GC
Removing 2C    6.3e 96535295:SNP.GC
Removing 2J    6.8e 96609784:SNP.AC
Removing 22    6.4e 96540330:SNP.GC
Removing 23    6.2e 96534916:SNP.GC
Removing 24    6.7e 96602635:SNP.GA
Removing 25    6.9e 96612541:SNP.CG
Removing 26    6.5e 96541700:SNP.GA
Removing 27    6.0i 96521421:SNP.GA
Removing 28    6.1e 96522516:SNP.AC,  6.7e 96602751:SNP.GA
Removing 29    6.1e 96522544:SNP.AT
Removing 3C    6.3e 96535221:SNP.TA,  6.4e 96540409:SNP.GA
Removing 3B    6.4e 96540409:SNP.GA,  6.7e 96602709:SNP.GA
Removing 3A    6.4e 96540409:SNP.GA
Removing 30    6.2e 96534862:SNP.CT
Removing 31    6.2e 96534877:SNP.CT
Removing 32    6.2e 96534941:SNP.AG
Removing 33    6.4e 96540335:SNP.GA
Removing 34    6.1e 96522468:SNP.CT,  6.1e 96522471:SNP.TC
Removing 4B    6.0i 96521656:SNP.CT,  6.1e 96522462:SNP.AG
Removing 4A    6.1e 96522462:SNP.AG
Removing 5A    6.9e 96612494:SNP.CT
Removing 5B    6.9e 96612494:SNP.CT
Removing 6     6.3e 96535209:SNP.GA
Removing 7     6.5i 96541755:SNP.TA
Removing 8     6.3e 96535172:SNP.TC
Removing 8X    6.3e 96535172:SNP.TC
Removing 9     6.3e 96535245:SNP.GA
Initial status
  CYP2D6.1C
    6.7e           96602622:SNP.AG  765 (100) F 80161:A>G
  CYP2D6.1B
    6.1e           96522560:SNP.CT  355 (100)   99:C>T
    6.7e           96602622:SNP.AG  765 (100) F 80161:A>G
  CYP2D6.1
  CYP2D6.2A
    6.1e           96522560:SNP.CT  355 (100)   99:C>T
    6.2i           96535123:SNP.AG  624 (100) F 12662:A>G
    6.5e           96541615:SNP.GA  199 (100) F 19154:G>A
    6.7e           96602621:SNP.CT  743 (100) F 80160:C>T
    6.7e           96602622:SNP.AG  765 (100) F 80161:A>G
  CYP2D6.35
    6.1e           96522560:SNP.CT  355 (100)   99:C>T
    6.2i           96535123:SNP.AG  624 (100) F 12662:A>G
    6.7e           96602622:SNP.AG  765 (100) F 80161:A>G
== Copy Number Estimator ==
CNV factor: 2.67783348769 (0.373436214237)
Coverage per region
  region:  2D6  2D7
  0i   :  2.36
  1e   :  2.39
  1i   :  2.30
  2e   :  2.22
  2i   :  2.23
  3e   :  2.04
  3i   :  2.35
  4e   :  2.43
  4i   :  2.54
  5e   :  2.54
  5i   :  2.13
  6e   :  2.12
  6i   :  2.35
  7e   :  2.02
  7i   :  2.44
  8e   :  2.30
  8i   :  2.40
  9e   :  2.33
Max. CN = 3
M  Sentinel contraint for 1: A_1^ <= A_1
M  Contraint for 7e: 2.0201460397 == E_7e + <gurobi.LinExpr: A1 + A1^>
M  Contraint for 6e: 2.11613015856 == E_6e + <gurobi.LinExpr: A1 + A1^>
M  Contraint for 9e: 2.32685640029 == E_9e + <gurobi.LinExpr: A1 + A1^>
M  Contraint for 8e: 2.30483595646 == E_8e + <gurobi.LinExpr: A1 + A1^>
M  Contraint for 2e: 2.21596826253 == E_2e + <gurobi.LinExpr: A1 + A1^>
M  Contraint for 1e: 2.38544010684 == E_1e + <gurobi.LinExpr: A1 + A1^>
M  Contraint for 5e: 2.53949278966 == E_5e + <gurobi.LinExpr: A1 + A1^>
M  Contraint for 4e: 2.42842040992 == E_4e + <gurobi.LinExpr: A1 + A1^>
M  Contraint for 3e: 2.04479713501 == E_3e + <gurobi.LinExpr: A1 + A1^>
M  Objective: <gurobi.LinExpr: C11 + C12 + C13 + C14 + C15 + C16 + C17 + C18 + C19 + 0.5 A1 + 0.5 A1^>
CN Solver status: optimal, opt: 3.38208725898
  Solutions:
    ('1', '1^')
== Initial Solver ==
Solving Counter({'1': 2})
Possible candidates:
  CYP2D6.1
  CYP2D6.1B
    6.7e 96602622:SNP.AG  765 ( 99) F 80161:A>G
  CYP2D6.2A
    6.2i 96535123:SNP.AG  624 ( 98) F 12662:A>G
    6.5e 96541615:SNP.GA  199 ( 99) F 19154:G>A
    6.7e 96602621:SNP.CT  743 ( 99) F 80160:C>T
    6.7e 96602622:SNP.AG  765 ( 99) F 80161:A>G
  CYP2D6.35
    6.2i 96535123:SNP.AG  624 ( 98) F 12662:A>G
    6.7e 96602622:SNP.AG  765 ( 99) F 80161:A>G
M  Max. CN for 1 = 2
M  Max. CN for 1B = 2
M  Max. CN for 2A = 2
M  Max. CN for 35 = 2
M  Contraint for 96541615:SNP.GA 6.5e: 199 == <gurobi.QuadExpr: 0.0 + [ 101.0 REG_2A_96541615:SNP.GA * 2A + 101.0 REG_2A_2_96541615:SNP.GA * 2A_2 ]> + err
M  Contraint for 96602621:REF 6.7e: 11 == <gurobi.QuadExpr: 377.0 35_2 + 377.0 35 + 377.0 1 + 377.0 1B_2 + 377.0 1B + 377.0 2A + 377.0 2A_2 + 377.0 1_2 + [ -377.0 REG_2A_96602621:SNP.CT * 2A + -377.0 REG_2A_2_96602621:SNP.CT * 2A_2 ]> + err
M  Contraint for 96535123:REF 6.2i: 12 == <gurobi.QuadExpr: 318.0 35_2 + 318.0 35 + 318.0 1 + 318.0 1B_2 + 318.0 1B + 318.0 2A + 318.0 2A_2 + 318.0 1_2 + [ -318.0 REG_35_2_96535123:SNP.AG * 35_2 + -318.0 REG_35_96535123:SNP.AG * 35 + -318.0 REG_2A_96535123:SNP.AG * 2A + -318.0 REG_2A_2_96535123:SNP.AG * 2A_2 ]> + err
M  Contraint for 96602622:SNP.AG 6.7e: 765 == <gurobi.QuadExpr: 0.0 + [ 385.0 REG_35_2_96602622:SNP.AG * 35_2 + 385.0 REG_35_96602622:SNP.AG * 35 + 385.0 REG_1B_2_96602622:SNP.AG * 1B_2 + 385.0 REG_1B_96602622:SNP.AG * 1B + 385.0 REG_2A_96602622:SNP.AG * 2A + 385.0 REG_2A_2_96602622:SNP.AG * 2A_2 ]> + err
M  Contraint for 96541615:REF 6.5e: 3 == <gurobi.QuadExpr: 101.0 35_2 + 101.0 35 + 101.0 1 + 101.0 1B_2 + 101.0 1B + 101.0 2A + 101.0 2A_2 + 101.0 1_2 + [ -101.0 REG_2A_96541615:SNP.GA * 2A + -101.0 REG_2A_2_96541615:SNP.GA * 2A_2 ]> + err
M  Contraint for 96602622:REF 6.7e: 5 == <gurobi.QuadExpr: 385.0 35_2 + 385.0 35 + 385.0 1 + 385.0 1B_2 + 385.0 1B + 385.0 2A + 385.0 2A_2 + 385.0 1_2 + [ -385.0 REG_35_2_96602622:SNP.AG * 35_2 + -385.0 REG_35_96602622:SNP.AG * 35 + -385.0 REG_1B_2_96602622:SNP.AG * 1B_2 + -385.0 REG_1B_96602622:SNP.AG * 1B + -385.0 REG_2A_96602622:SNP.AG * 2A + -385.0 REG_2A_2_96602622:SNP.AG * 2A_2 ]> + err
M  Contraint for 96602621:SNP.CT 6.7e: 743 == <gurobi.QuadExpr: 0.0 + [ 377.0 REG_2A_96602621:SNP.CT * 2A + 377.0 REG_2A_2_96602621:SNP.CT * 2A_2 ]> + err
M  Contraint for 96535123:SNP.AG 6.2i: 624 == <gurobi.QuadExpr: 0.0 + [ 318.0 REG_35_2_96535123:SNP.AG * 35_2 + 318.0 REG_35_96535123:SNP.AG * 35 + 318.0 REG_2A_96535123:SNP.AG * 2A + 318.0 REG_2A_2_96535123:SNP.AG * 2A_2 ]> + err
M  Contraint for 35_2 96535123:SNP.AG: <gurobi.Var 35_2> >= <gurobi.Var REG_35_2_96535123:SNP.AG>
M  Contraint for 35_2 96602622:SNP.AG: <gurobi.Var 35_2> >= <gurobi.Var REG_35_2_96602622:SNP.AG>
M  Contraint for 35 96535123:SNP.AG: <gurobi.Var 35> >= <gurobi.Var REG_35_96535123:SNP.AG>
M  Contraint for 35 96602622:SNP.AG: <gurobi.Var 35> >= <gurobi.Var REG_35_96602622:SNP.AG>
M  Contraint for 1B_2 96602622:SNP.AG: <gurobi.Var 1B_2> >= <gurobi.Var REG_1B_2_96602622:SNP.AG>
M  Contraint for 1B 96602622:SNP.AG: <gurobi.Var 1B> >= <gurobi.Var REG_1B_96602622:SNP.AG>
M  Contraint for 2A 96535123:SNP.AG: <gurobi.Var 2A> >= <gurobi.Var REG_2A_96535123:SNP.AG>
M  Contraint for 2A 96602621:SNP.CT: <gurobi.Var 2A> >= <gurobi.Var REG_2A_96602621:SNP.CT>
M  Contraint for 2A 96602622:SNP.AG: <gurobi.Var 2A> >= <gurobi.Var REG_2A_96602622:SNP.AG>
M  Contraint for 2A 96541615:SNP.GA: <gurobi.Var 2A> >= <gurobi.Var REG_2A_96541615:SNP.GA>
M  Contraint for 2A_2 96535123:SNP.AG: <gurobi.Var 2A_2> >= <gurobi.Var REG_2A_2_96535123:SNP.AG>
M  Contraint for 2A_2 96602621:SNP.CT: <gurobi.Var 2A_2> >= <gurobi.Var REG_2A_2_96602621:SNP.CT>
M  Contraint for 2A_2 96602622:SNP.AG: <gurobi.Var 2A_2> >= <gurobi.Var REG_2A_2_96602622:SNP.AG>
M  Contraint for 2A_2 96541615:SNP.GA: <gurobi.Var 2A_2> >= <gurobi.Var REG_2A_2_96541615:SNP.GA>
M  CN contraint for 1: 2 == <gurobi.LinExpr: 35_2 + 35 + 1 + 1B_2 + 1B + 2A + 2A_2 + 1_2>
M  Sentinel contraint for 35: A_35_2 <= A_35
M  Sentinel contraint for 1: A_1_2 <= A_1
M  Sentinel contraint for 1B: A_1B_2 <= A_1B
M  Sentinel contraint for 2A: A_2A_2 <= A_2A
M  Objective: <gurobi.LinExpr: C40 + C41 + C42 + C43 + C44 + C45 + C46 + C47>
M  Contraint for 35_2: A_35_2 * (<gurobi.LinExpr: REG_35_2_96535123:SNP.AG + REG_35_2_96602622:SNP.AG> - 2) == 0
M  Contraint for 35: A_35 * (<gurobi.LinExpr: REG_35_96535123:SNP.AG + REG_35_96602622:SNP.AG> - 2) == 0
M  Contraint for 1B_2: A_1B_2 * (<gurobi.LinExpr: REG_1B_2_96602622:SNP.AG> - 1) == 0
M  Contraint for 1B: A_1B * (<gurobi.LinExpr: REG_1B_96602622:SNP.AG> - 1) == 0
M  Contraint for 2A: A_2A * (<gurobi.LinExpr: REG_2A_96535123:SNP.AG + REG_2A_96541615:SNP.GA + REG_2A_96602621:SNP.CT + REG_2A_96602622:SNP.AG> - 4) == 0
M  Contraint for 2A_2: A_2A_2 * (<gurobi.LinExpr: REG_2A_2_96535123:SNP.AG + REG_2A_2_96541615:SNP.GA + REG_2A_2_96602621:SNP.CT + REG_2A_2_96602622:SNP.AG> - 4) == 0
M  Contraint for 96535123:SNP.AG: 1 <= <gurobi.QuadExpr: 0.0 + [ 35_2 * REG_35_2_96535123:SNP.AG + 35 * REG_35_96535123:SNP.AG + 2A * REG_2A_96535123:SNP.AG + 2A_2 * REG_2A_2_96535123:SNP.AG ]>
M  Contraint for 96602622:SNP.AG: 1 <= <gurobi.QuadExpr: 0.0 + [ 35_2 * REG_35_2_96602622:SNP.AG + 35 * REG_35_96602622:SNP.AG + 1B_2 * REG_1B_2_96602622:SNP.AG + 1B * REG_1B_96602622:SNP.AG + 2A * REG_2A_96602622:SNP.AG + 2A_2 * REG_2A_2_96602622:SNP.AG ]>
M  Contraint for 96535123:SNP.AG: 1 <= <gurobi.QuadExpr: 0.0 + [ 35_2 * REG_35_2_96535123:SNP.AG + 35 * REG_35_96535123:SNP.AG + 2A * REG_2A_96535123:SNP.AG + 2A_2 * REG_2A_2_96535123:SNP.AG ]>
M  Contraint for 96602622:SNP.AG: 1 <= <gurobi.QuadExpr: 0.0 + [ 35_2 * REG_35_2_96602622:SNP.AG + 35 * REG_35_96602622:SNP.AG + 1B_2 * REG_1B_2_96602622:SNP.AG + 1B * REG_1B_96602622:SNP.AG + 2A * REG_2A_96602622:SNP.AG + 2A_2 * REG_2A_2_96602622:SNP.AG ]>
M  Contraint for 96602622:SNP.AG: 1 <= <gurobi.QuadExpr: 0.0 + [ 35_2 * REG_35_2_96602622:SNP.AG + 35 * REG_35_96602622:SNP.AG + 1B_2 * REG_1B_2_96602622:SNP.AG + 1B * REG_1B_96602622:SNP.AG + 2A * REG_2A_96602622:SNP.AG + 2A_2 * REG_2A_2_96602622:SNP.AG ]>
M  Contraint for 96602622:SNP.AG: 1 <= <gurobi.QuadExpr: 0.0 + [ 35_2 * REG_35_2_96602622:SNP.AG + 35 * REG_35_96602622:SNP.AG + 1B_2 * REG_1B_2_96602622:SNP.AG + 1B * REG_1B_96602622:SNP.AG + 2A * REG_2A_96602622:SNP.AG + 2A_2 * REG_2A_2_96602622:SNP.AG ]>
M  Contraint for 96535123:SNP.AG: 1 <= <gurobi.QuadExpr: 0.0 + [ 35_2 * REG_35_2_96535123:SNP.AG + 35 * REG_35_96535123:SNP.AG + 2A * REG_2A_96535123:SNP.AG + 2A_2 * REG_2A_2_96535123:SNP.AG ]>
M  Contraint for 96541615:SNP.GA: 1 <= <gurobi.QuadExpr: 0.0 + [ 2A * REG_2A_96541615:SNP.GA + 2A_2 * REG_2A_2_96541615:SNP.GA ]>
M  Contraint for 96602621:SNP.CT: 1 <= <gurobi.QuadExpr: 0.0 + [ 2A * REG_2A_96602621:SNP.CT + 2A_2 * REG_2A_2_96602621:SNP.CT ]>
M  Contraint for 96602622:SNP.AG: 1 <= <gurobi.QuadExpr: 0.0 + [ 35_2 * REG_35_2_96602622:SNP.AG + 35 * REG_35_96602622:SNP.AG + 1B_2 * REG_1B_2_96602622:SNP.AG + 1B * REG_1B_96602622:SNP.AG + 2A * REG_2A_96602622:SNP.AG + 2A_2 * REG_2A_2_96602622:SNP.AG ]>
M  Contraint for 96535123:SNP.AG: 1 <= <gurobi.QuadExpr: 0.0 + [ 35_2 * REG_35_2_96535123:SNP.AG + 35 * REG_35_96535123:SNP.AG + 2A * REG_2A_96535123:SNP.AG + 2A_2 * REG_2A_2_96535123:SNP.AG ]>
M  Contraint for 96541615:SNP.GA: 1 <= <gurobi.QuadExpr: 0.0 + [ 2A * REG_2A_96541615:SNP.GA + 2A_2 * REG_2A_2_96541615:SNP.GA ]>
M  Contraint for 96602621:SNP.CT: 1 <= <gurobi.QuadExpr: 0.0 + [ 2A * REG_2A_96602621:SNP.CT + 2A_2 * REG_2A_2_96602621:SNP.CT ]>
M  Contraint for 96602622:SNP.AG: 1 <= <gurobi.QuadExpr: 0.0 + [ 35_2 * REG_35_2_96602622:SNP.AG + 35 * REG_35_96602622:SNP.AG + 1B_2 * REG_1B_2_96602622:SNP.AG + 1B * REG_1B_96602622:SNP.AG + 2A * REG_2A_96602622:SNP.AG + 2A_2 * REG_2A_2_96602622:SNP.AG ]>
CN Solver status: optimal, opt: 62.0
  solution:
    ('2A', '2A')
[32;01mCopy number best structures:[39;49;00m
[32;01m  (1) 2x*1-like[39;49;00m
== Refiner ==
Refining ('2A', '2A')
M  Sentinel constraint for 2A: A_2A_2 <= A_2A
M  CN constraint for 2A: 2 == <gurobi.LinExpr: 2A_2 + 2A>
M  Contraint for 96541615:SNP.GA 6.5e: 199 == <gurobi.QuadExpr: 0.0 + [ 101.0 REG_2A_2_96541615:SNP.GA * 2A_2 + 101.0 REG_2A_96541615:SNP.GA * 2A ]> + err
M  Contraint for 96602621:REF 6.7e: 11 == <gurobi.QuadExpr: 377.0 2A_2 + 377.0 2A + [ -377.0 REG_2A_2_96602621:SNP.CT * 2A_2 + -377.0 REG_2A_96602621:SNP.CT * 2A ]> + err
M  Contraint for 96535123:REF 6.2i: 12 == <gurobi.QuadExpr: 318.0 2A_2 + 318.0 2A + [ -318.0 REG_2A_2_96535123:SNP.AG * 2A_2 + -318.0 REG_2A_96535123:SNP.AG * 2A ]> + err
M  Contraint for 96602622:SNP.AG 6.7e: 765 == <gurobi.QuadExpr: 0.0 + [ 385.0 REG_2A_2_96602622:SNP.AG * 2A_2 + 385.0 REG_2A_96602622:SNP.AG * 2A ]> + err
M  Contraint for 96541615:REF 6.5e: 3 == <gurobi.QuadExpr: 101.0 2A_2 + 101.0 2A + [ -101.0 REG_2A_2_96541615:SNP.GA * 2A_2 + -101.0 REG_2A_96541615:SNP.GA * 2A ]> + err
M  Contraint for 96602622:REF 6.7e: 5 == <gurobi.QuadExpr: 385.0 2A_2 + 385.0 2A + [ -385.0 REG_2A_2_96602622:SNP.AG * 2A_2 + -385.0 REG_2A_96602622:SNP.AG * 2A ]> + err
M  Contraint for 96602621:SNP.CT 6.7e: 743 == <gurobi.QuadExpr: 0.0 + [ 377.0 REG_2A_2_96602621:SNP.CT * 2A_2 + 377.0 REG_2A_96602621:SNP.CT * 2A ]> + err
M  Contraint for 96535123:SNP.AG 6.2i: 624 == <gurobi.QuadExpr: 0.0 + [ 318.0 REG_2A_2_96535123:SNP.AG * 2A_2 + 318.0 REG_2A_96535123:SNP.AG * 2A ]> + err
M  Contraint for 96522560:SNP.CT 6.1e: 355 == <gurobi.QuadExpr: 0.0 + [ 177.5 REG_2A_2_96522560:SNP.CT * 2A_2 + 177.5 REG_2A_96522560:SNP.CT * 2A ]> + err
M  Contraint for 96522560:REF 6.1e: 0 == <gurobi.QuadExpr: 177.5 2A_2 + 177.5 2A + [ -177.5 REG_2A_2_96522560:SNP.CT * 2A_2 + -177.5 REG_2A_96522560:SNP.CT * 2A ]> + err
M  Contraint for MM[missing] 2A_2 96535123:SNP.AG: <gurobi.Var 2A_2> >= <gurobi.Var REG_2A_2_96535123:SNP.AG>
M  Contraint for MM[missing] 2A_2 96541615:SNP.GA: <gurobi.Var 2A_2> >= <gurobi.Var REG_2A_2_96541615:SNP.GA>
M  Contraint for MM[missing] 2A_2 96602621:SNP.CT: <gurobi.Var 2A_2> >= <gurobi.Var REG_2A_2_96602621:SNP.CT>
M  Contraint for MM[missing] 2A_2 96522560:SNP.CT: <gurobi.Var 2A_2> >= <gurobi.Var REG_2A_2_96522560:SNP.CT>
M  Contraint for MM[missing] 2A_2 96602622:SNP.AG: <gurobi.Var 2A_2> >= <gurobi.Var REG_2A_2_96602622:SNP.AG>
M  Contraint for MM[missing] 2A 96535123:SNP.AG: <gurobi.Var 2A> >= <gurobi.Var REG_2A_96535123:SNP.AG>
M  Contraint for MM[missing] 2A 96541615:SNP.GA: <gurobi.Var 2A> >= <gurobi.Var REG_2A_96541615:SNP.GA>
M  Contraint for MM[missing] 2A 96602621:SNP.CT: <gurobi.Var 2A> >= <gurobi.Var REG_2A_96602621:SNP.CT>
M  Contraint for MM[missing] 2A 96522560:SNP.CT: <gurobi.Var 2A> >= <gurobi.Var REG_2A_96522560:SNP.CT>
M  Contraint for MM[missing] 2A 96602622:SNP.AG: <gurobi.Var 2A> >= <gurobi.Var REG_2A_96602622:SNP.AG>
M  Objective: <gurobi.LinExpr: C22 + C23 + C24 + C25 + C26 + C27 + C28 + C29 + C30 + C31 + W>
M  Contraint for 2A_2: <gurobi.LinExpr: REG_2A_2_96541615:SNP.GA + REG_2A_2_96602621:SNP.CT + REG_2A_2_96602622:SNP.AG + REG_2A_2_96535123:SNP.AG> = 4 * A_<gurobi.Var 2A_2>
M  Contraint for 2A: <gurobi.LinExpr: REG_2A_96541615:SNP.GA + REG_2A_96602621:SNP.CT + REG_2A_96602622:SNP.AG + REG_2A_96535123:SNP.AG> = 4 * A_<gurobi.Var 2A>
M  Contraint for 96535123:SNP.AG: 1 <= <gurobi.QuadExpr: 0.0 + [ REG_2A_2_96535123:SNP.AG * 2A_2 + REG_2A_96535123:SNP.AG * 2A ]> <= 2
M  Contraint for 96535123:SNP.AG: <gurobi.QuadExpr: 0.0 + [ REG_2A_2_96535123:SNP.AG * 2A_2 + REG_2A_96535123:SNP.AG * 2A ]> <= 2
M  Contraint for 96602622:SNP.AG: 1 <= <gurobi.QuadExpr: 0.0 + [ REG_2A_2_96602622:SNP.AG * 2A_2 + REG_2A_96602622:SNP.AG * 2A ]> <= 2
M  Contraint for 96602622:SNP.AG: <gurobi.QuadExpr: 0.0 + [ REG_2A_2_96602622:SNP.AG * 2A_2 + REG_2A_96602622:SNP.AG * 2A ]> <= 2
M  Contraint for 96602621:SNP.CT: 1 <= <gurobi.QuadExpr: 0.0 + [ REG_2A_2_96602621:SNP.CT * 2A_2 + REG_2A_96602621:SNP.CT * 2A ]> <= 2
M  Contraint for 96602621:SNP.CT: <gurobi.QuadExpr: 0.0 + [ REG_2A_2_96602621:SNP.CT * 2A_2 + REG_2A_96602621:SNP.CT * 2A ]> <= 2
M  Contraint for 96522560:SNP.CT: 2 <= <gurobi.QuadExpr: 0.0 + [ REG_2A_2_96522560:SNP.CT * 2A_2 + REG_2A_96522560:SNP.CT * 2A ]> <= 3
M  Contraint for 96541615:SNP.GA: 1 <= <gurobi.QuadExpr: 0.0 + [ REG_2A_2_96541615:SNP.GA * 2A_2 + REG_2A_96541615:SNP.GA * 2A ]> <= 2
M  Contraint for 96541615:SNP.GA: <gurobi.QuadExpr: 0.0 + [ REG_2A_2_96541615:SNP.GA * 2A_2 + REG_2A_96541615:SNP.GA * 2A ]> <= 2
CN Solver status: optimal, opt: 62.0
  2A_2: 1
    6.2i 96535123:SNP.AG  624 ( 98 cp. 2) F
    6.5e 96541615:SNP.GA  199 ( 99 cp. 2) F
    6.7e 96602621:SNP.CT  743 ( 99 cp. 2) F
    6.1e 96522560:SNP.CT  355 (100 cp. 2) 
    6.7e 96602622:SNP.AG  765 ( 99 cp. 2) F
  2A: 1
    6.2i 96535123:SNP.AG  624 ( 98 cp. 2) F
    6.5e 96541615:SNP.GA  199 ( 99 cp. 2) F
    6.7e 96602621:SNP.CT  743 ( 99 cp. 2) F
    6.1e 96522560:SNP.CT  355 (100 cp. 2) 
    6.7e 96602622:SNP.AG  765 ( 99 cp. 2) F
Missing:
  2A_2: 1
  2A: 1
Extra:
  2A_2: 1
  2A: 1
Time needed: (10.6)
Result is: [('2A', '2A')]
