SAM file: bams/PGXT125.bam
File bams/PGXT125.bam has index
Coverage is 400.425127035
== Allele Filter ==
Refining indel 42527886:INS.t: from 5 of 281.0 to 8 (indel:total = 5:159)
 6.rep  42521441: SNP.GA                   52 ( 22%) ~    51 ( 98)
 6.rep  42521864: SNP.CT                  207 ( 37%) ~     3 (  1)
 6.rep  42521928: SNP.AG                  338 ( 50%) ~     0 (  0)
 6.ins  42522026: SNP.CT                  302 ( 46%) ~     1 (  0)
 6.ins  42522073: SNP.AC                  291 ( 49%) ~     1 (  0)
 6.ins  42522083: SNP.CT                  280 ( 47%) ~     1 (  0)
 6.ins  42522137: INS.tgt                 319 ( 82%) ~     9 (  3)
 6.ins  42522140: SNP.GT                   25 (  7%) ~     0 (  0)
 6.ins  42522141: SNP.AG                   25 (  7%) ~     1 (  4)
 6.ins  42522497: SNP.GA                   39 (  9%) ~    39 (100)
 6.9e   42522612: SNP.CG     4180:G>C     318 ( 50%) ~     0 (  0)
 6.7i   42523002: SNP.GA     3790:C>T     341 ( 75%) ~     0 (  0)
 6.7i   42523208: SNP.CT     3584:G>A     247 ( 46%) ~     0 (  0)
 6.7i   42523314: SNP.TC                   35 (  5%) ~    10 ( 29)
 6.7i   42523408: SNP.TG     3384:A>C     475 ( 65%) ~    22 (  5)
 6.7e   42523504: SNP.CT     3288:G>A     208 ( 23%) ~    66 ( 32)
 6.7e   42523513: SNP.CT                  216 ( 22%) ~    77 ( 36)
 6.6i   42523786: SNP.GC                   36 (  8%) ~     0 (  0)
 6.6e   42523942: SNP.GA     2850:C>T     237 ( 46%) ~     0 (  0)
 6.5i   42524079: SNP.TG                   84 ( 17%) ~     2 (  2)
 6.5i   42524090: SNP.TG                   29 (  6%) ~     2 (  7)
 6.5i   42524094: SNP.AC                   29 (  6%) ~     0 (  0)
 6.5i   42524135: SNP.AC                   24 (  5%) ~     0 (  0)
 6.5i   42524139: SNP.AC                   26 (  6%) ~     0 (  0)
 6.5i   42524142: SNP.AC                   51 ( 12%) ~     0 (  0)
 6.5i   42524155: SNP.AC                   27 (  6%) ~     0 (  0)
 6.4i   42524707: SNP.TC                  168 ( 21%) ~    14 (  8)
 6.4i   42524712: SNP.CG                  159 ( 20%) ~     5 (  3)
 6.4i   42524742: SNP.GA                  203 ( 25%) ~     7 (  3)
 6.4e   42524794: SNP.AG                  237 ( 27%) ~     7 (  3)
 6.4e   42524923: SNP.AG     1869:T>C     122 ( 14%) ~    61 ( 50)
 6.3e   42525131: SNP.CG     1661:G>C     431 ( 53%) ~     0 (  0)
 6.2i   42525408: SNP.AC                   44 (  5%) ~     0 (  0)
 6.2i   42525504: SNP.CG                  779 (100%) ~     1 (  0)
 6.2i   42525505: SNP.GC                  790 (100%) ~     1 (  0)
 6.2e   42525771: SNP.GA     1023:C>T     288 ( 50%) ~     0 (  0)
 6.2e   42525792: SNP.TG                   38 (  8%) ~     0 (  0)
 6.2e   42525799: SNP.TG                   25 (  6%) ~     0 (  0)
 6.1i   42525951: SNP.AC     843:T>G      419 ( 51%) ~   386 ( 92)
 6.1i   42526048: SNP.GC     746:C>G      215 ( 28%) ~   215 (100)
 6.1i   42526060: SNP.TG                   39 (  5%) ~    39 (100)
 6.1i   42526140: SNP.GA                  186 ( 25%) ~   180 ( 97)
 6.1i   42526483: SNP.CA     310:G>T      341 ( 53%) ~     0 (  0)
 6.1i   42526548: SNP.TC     CYP2D7:i1:5491   412 ( 65%) ~    10 (  2)
 6.1i   42526560: SNP.TG     CYP2D7:i1:5503   421 ( 69%) ~    14 (  3)
 6.1i   42526561: SNP.CG     CYP2D7:i1:5504   426 ( 69%) ~    14 (  3)
 6.1i   42526566: SNP.AG     CYP2D7:i1:5509   422 ( 65%) ~    14 (  3)
 6.1i   42526570: SNP.GC     CYP2D7:i1:5513   418 ( 66%) ~    14 (  3)
 6.1i   42526572: SNP.GT     CYP2D7:i1:5515   416 ( 65%) ~    14 (  3)
 6.1i   42526579: SNP.CG     214:G>C      411 ( 62%) ~    14 (  3)
 6.1e   42526686: SNP.CG                   48 (  5%) ~     0 (  0)
 6.1e   42526691: SNP.TG                   51 (  6%) ~     0 (  0)
 6.1e   42526695: SNP.TG                   94 ( 10%) ~     0 (  0)
 6.0i   42526835: SNP.AC                   30 (  5%) ~     1 (  3)
 6.0i   42526836: INS.c                   259 ( 44%) ~     9 (  3)
 6.0i   42526841: SNP.AC                   51 (  9%) ~     0 (  0)
 6.0i   42526998: SNP.TG                   30 (  6%) ~     0 (  0)
 6.0i   42527016: SNP.TG                   26 (  6%) ~     0 (  0)
 6.0i   42527470: SNP.CT     -678:G>A     118 ( 19%) ~   118 (100)
 6.0i   42527532: SNP.GA     -740:C>T     283 ( 58%) ~     2 (  1)
 6.0i   42527590: SNP.AC                   24 (  5%) ~     0 (  0)
 6.0i   42527655: SNP.AC                   29 (  7%) ~     0 (  0)
 6.0i   42527984: SNP.TC                    4 (  7%) ~     0 (  0)
 6.0i   42527988: SNP.TC                    7 ( 13%) ~     0 (  0)
 6.0i   42527998: SNP.CG                    3 (  6%) ~     0 (  0)
 6.0i   42528003: SNP.AG                    3 (  7%) ~     0 (  0)
 6.0i   42528012: SNP.AC                    6 ( 14%) ~     0 (  0)
 6.0i   42528015: SNP.AC                    8 ( 20%) ~     0 (  0)
 6.0i   42528019: SNP.AC                    3 (  8%) ~     0 (  0)
 6.0i   42528023: SNP.TC                    2 (  6%) ~     0 (  0)
 6.0i   42528026: DEL.TTCTT                 2 (  9%) ~     0 (  0)
 6.0i   42528027: SNP.TC     -1235:A>G     12 ( 63%) ~     0 (  0)
 7.rep  42533597: SNP.GA                   58 ( 22%) ~    58 (100)
 7.rep  42533784: SNP.TG                    6 (  5%) ~     6 (100)
 7.rep  42533794: SNP.TG                   10 ( 12%) ~     8 ( 80)
 7.rep  42533804: SNP.TG                    5 (  6%) ~     3 ( 60)
 7.rep  42533814: SNP.TG                    6 (  7%) ~     1 ( 17)
 7.rep  42533904: SNP.AG                   37 ( 16%) ~     0 (  0)
 7.rep  42534050: SNP.AG                  156 ( 52%) ~     1 (  1)
 7.rep  42534055: SNP.CT                  145 ( 46%) ~     0 (  0)
 7.rep  42534074: SNP.GA                  155 ( 54%) ~     0 (  0)
 7.pce  42534125: SNP.GT                   93 ( 46%) ~     0 (  0)
 7.pce  42534147: SNP.CT                   71 ( 48%) ~     0 (  0)
 7.pce  42534275: SNP.CG                   12 ( 55%) ~     0 (  0)
 7.ins  42535817: SNP.AG                  102 ( 18%) ~     1 (  1)
 7.ins  42536159: SNP.TG                   29 (  5%) ~     3 ( 10)
 7.ins  42536210: SNP.GA                  216 ( 43%) ~    53 ( 25)
 7.9e   42536360: SNP.CG                   31 (  7%) ~     0 (  0)
 7.9e   42536366: SNP.CG                   36 (  8%) ~     0 (  0)
 7.9e   42536407: SNP.AG                   34 (  5%) ~     1 (  3)
 7.9e   42536410: SNP.TG                   62 ( 10%) ~     0 (  0)
 7.8e   42536652: SNP.TC                   87 ( 10%) ~    57 ( 66)
 7.7i   42536923: SNP.CT                   24 (  5%) ~    12 ( 50)
 7.7i   42537022: SNP.TC                  105 ( 34%) ~    14 ( 13)
 7.7i   42537028: SNP.CT                  107 ( 35%) ~    13 ( 12)
 7.7i   42537114: SNP.CT                   50 ( 17%) ~    23 ( 46)
 7.7i   42537119: INS.a                    44 ( 15%) ~    23 ( 52)
 7.7i   42537126: SNP.AG                   47 ( 15%) ~    22 ( 47)
 7.7e   42537195: SNP.TC                  535 (100%) ~    51 ( 10)
 7.7e   42537251: SNP.GA                  634 (100%) ~    86 ( 14)
 7.6i   42537403: SNP.GC                  602 (100%) ~     0 (  0)
 7.6e   42537596: SNP.AG                  315 (100%) ~     0 (  0)
 7.6e   42537642: SNP.GA                  180 ( 52%) ~     0 (  0)
 7.6e   42537645: SNP.GC                  180 ( 51%) ~     0 (  0)
 7.5i   42537781: SNP.TG                   70 ( 18%) ~     2 (  3)
 7.5i   42537783: SNP.AG                   22 (  6%) ~     0 (  0)
 7.5i   42537811: SNP.TC                   22 (  5%) ~     0 (  0)
 7.5i   42537837: SNP.AC                   26 (  6%) ~     0 (  0)
 7.5i   42537841: SNP.AC                   27 (  6%) ~     0 (  0)
 7.5i   42537844: SNP.AC                   52 ( 12%) ~     0 (  0)
 7.5i   42537857: SNP.AC                   25 (  6%) ~     0 (  0)
 7.4i   42538102: SNP.TC                  247 ( 56%) ~     4 (  2)
 7.4i   42538228: SNP.GA                  205 ( 54%) ~     3 (  1)
 7.4i   42538246: SNP.CA                  172 ( 45%) ~     0 (  0)
 7.4i   42538398: SNP.CT                  413 (100%) ~    16 (  4)
 7.4i   42538461: SNP.AG                   21 (  8%) ~     7 ( 33)
 7.4e   42538507: SNP.AG                  235 ( 57%) ~     4 (  2)
 7.4e   42538508: SNP.GA                  235 ( 58%) ~     7 (  3)
 7.4e   42538514: INS.c                   228 ( 50%) ~    14 (  6)
 7.4e   42538617: SNP.AG                  313 ( 42%) ~    74 ( 24)
 7.3e   42538764: SNP.CG                   57 (  7%) ~     0 (  0)
 7.3e   42538875: SNP.AT                  442 (100%) ~     0 (  0)
 7.2i   42538896: SNP.AG                  192 ( 51%) ~     0 (  0)
 7.2i   42538929: SNP.AC                   21 (  8%) ~     0 (  0)
 7.2i   42539060: SNP.AC                    7 (  6%) ~     0 (  0)
 7.2i   42539155: SNP.AC                    2 (  9%) ~     0 (  0)
 7.2i   42539201: SNP.TG                    2 (  9%) ~     0 (  0)
 7.2i   42539258: SNP.TG                    3 (  5%) ~     0 (  0)
 7.2i   42539261: SNP.TG                    3 (  5%) ~     0 (  0)
 7.1i   42539622: SNP.CA                  340 ( 48%) ~   298 ( 88)
 7.1i   42539719: SNP.CG                  515 ( 74%) ~   506 ( 98)
 7.1i   42539731: SNP.TG                   41 (  6%) ~    41 (100)
 7.1i   42539811: SNP.GA                  165 ( 20%) ~   165 (100)
 7.1e   42540367: SNP.TG                  136 ( 18%) ~     0 (  0)
 7.1e   42540394: SNP.TG                   38 (  5%) ~     0 (  0)
 7.1e   42540403: SNP.TG                   40 (  5%) ~     0 (  0)
 7.0i   42540550: SNP.AG                  199 ( 45%) ~     3 (  2)
 7.0i   42540667: SNP.AG                  245 ( 52%) ~     5 (  2)
 7.0i   42541142: SNP.TC                  195 ( 26%) ~   195 (100)
 7.0i   42541201: SNP.CT                   71 ( 12%) ~    71 (100)
 7.0i   42541262: SNP.AC                   29 (  8%) ~     0 (  0)
 7.0i   42541655: SNP.TC                   11 ( 46%) ~     0 (  0)
Removing 10B   6.1e 42526693:SNP.GA
Removing 10A   6.1e 42526693:SNP.GA
Removing 10D   6.1e 42526693:SNP.GA
Removing 10DW  6.1e 42526693:SNP.GA
Removing 10BW  6.1e 42526693:SNP.GA
Removing 10AW  6.1e 42526693:SNP.GA
Removing 100   6.1e 42526693:SNP.GA,  6.6e 42523964:DEL.G
Removing 101   6.1e 42526693:SNP.GA,  6.6e 42523847:DEL.CACATCCGGATGTAGGATC
Removing 102   6.2e 42525822:SNP.GA
Removing 103   6.2e 42525822:SNP.GA,  6.3e 42525043:SNP.TC
Removing 104   6.3e 42525072:SNP.TA
Removing 105   6.7e 42523524:SNP.AG
Removing 107   6.3e 42525133:SNP.CT
Removing 108   6.7e 42523566:SNP.TC,  6.7e 42523557:SNP.TC
Removing 109   6.5e 42524175:DEL.CTT,  6.7e 42523609:SNP.CT
Removing 11W   6.1i 42525911:SNP.CG,  6.0i 42528381:SNP.GC
Removing 11    6.1i 42525911:SNP.CG
Removing 12    6.1e 42526669:SNP.CT
Removing 14BW  6.3e 42525034:SNP.CT,  6.0i 42528381:SNP.GC
Removing 14AW  6.1e 42526693:SNP.GA,  6.3e 42525034:SNP.CT,  6.0i 42528381:SNP.GC
Removing 14B   6.3e 42525034:SNP.CT
Removing 14A   6.1e 42526693:SNP.GA,  6.3e 42525034:SNP.CT
Removing 15    6.1e 42526656:INS.a
Removing 18    6.9e 42522667:INS.agtgggcac
Removing 19    6.5e 42524250:DEL.AGTT
Removing 2KW   6.0i 42528381:SNP.GC
Removing 2A    6.0i 42528381:SNP.GC
Removing 2CW   6.0i 42528381:SNP.GC
Removing 2AW   6.0i 42528381:SNP.GC
Removing 2FW   6.0i 42528381:SNP.GC
Removing 2HW   6.0i 42528381:SNP.GC
Removing 2DW   6.0i 42528381:SNP.GC
Removing 2GW   6.0i 42528381:SNP.GC
Removing 2MW   6.0i 42528381:SNP.GC
Removing 2BW   6.0i 42528381:SNP.GC
Removing 2LW   6.0i 42528381:SNP.GC
Removing 2EW   6.0i 42528381:SNP.GC
Removing 20    6.4e 42524819:INS.c,  6.4e 42524814:SNP.GA,  6.4e 42524813:SNP.AG
Removing 21B   6.0i 42528381:SNP.GC,  6.5e 42524213:INS.g
Removing 21A   6.0i 42528381:SNP.GC,  6.5e 42524213:INS.g
Removing 22    6.1e 42526711:SNP.GA
Removing 23    6.2e 42525837:SNP.GA
Removing 24    6.6e 42523939:SNP.TG
Removing 25    6.7e 42523594:SNP.GC
Removing 26    6.7e 42523515:SNP.AG
Removing 27    6.8e 42522939:SNP.CT
Removing 28    6.1e 42526774:SNP.CT,  6.3e 42525088:SNP.GC
Removing 28W   6.1e 42526774:SNP.CT,  6.3e 42525088:SNP.GC,  6.0i 42528381:SNP.GC
Removing 29    6.3e 42525133:SNP.CT,  6.7e 42523609:SNP.CT
Removing 3B    6.3e 42525043:SNP.TC,  6.5e 42524243:DEL.T
Removing 3A    6.5e 42524243:DEL.T
Removing 30    6.4e 42524929:INS.ggggcgaaa
Removing 31    6.0i 42528381:SNP.GC,  6.9e 42522750:SNP.CT
Removing 32    6.8e 42522939:SNP.CT
Removing 33    6.5e 42524309:SNP.CA
Removing 35B   6.0i 42528381:SNP.GC,  6.1e 42526762:SNP.CT
Removing 35A   6.0i 42528381:SNP.GC,  6.1e 42526762:SNP.CT
Removing 36    6.1e 42526693:SNP.GA
Removing 37    6.1e 42526693:SNP.GA,  6.4e 42524849:SNP.CT
Removing 38    6.5e 42524202:DEL.AGTC
Removing 4GW   6.1e 42526693:SNP.GA,  6.2e 42525820:SNP.GT,  6.2e 42525810:SNP.TC,  6.3i 42524946:SNP.CT,  6.6e 42523854:SNP.GA
Removing 4HW   6.1e 42526693:SNP.GA,  6.2e 42525820:SNP.GT,  6.2e 42525810:SNP.TC,  6.3i 42524946:SNP.CT,  6.8e 42522915:SNP.CG
Removing 4FW   6.1e 42526693:SNP.GA,  6.2e 42525820:SNP.GT,  6.2e 42525810:SNP.TC,  6.3i 42524946:SNP.CT,  6.4e 42524934:SNP.GA
Removing 4KW   6.1e 42526693:SNP.GA,  6.3i 42524946:SNP.CT
Removing 4AW   6.1e 42526693:SNP.GA,  6.2e 42525820:SNP.GT,  6.2e 42525810:SNP.TC,  6.3i 42524946:SNP.CT
Removing 4N    6.1e 42526693:SNP.GA,  6.2e 42525820:SNP.GT,  6.2e 42525810:SNP.TC,  6.3i 42524946:SNP.CT
Removing 4M    6.2e 42525820:SNP.GT,  6.2e 42525810:SNP.TC,  6.3i 42524946:SNP.CT
Removing 4J    6.1e 42526693:SNP.GA,  6.2e 42525820:SNP.GT,  6.2e 42525810:SNP.TC,  6.3i 42524946:SNP.CT
Removing 4K    6.1e 42526693:SNP.GA,  6.3i 42524946:SNP.CT
Removing 4H    6.1e 42526693:SNP.GA,  6.2e 42525820:SNP.GT,  6.2e 42525810:SNP.TC,  6.3i 42524946:SNP.CT,  6.8e 42522915:SNP.CG
Removing 4CW   6.1e 42526693:SNP.GA,  6.3i 42524946:SNP.CT,  6.8e 42522905:SNP.AG
Removing 4D    6.1e 42526693:SNP.GA,  6.3i 42524946:SNP.CT
Removing 4LW   6.1e 42526693:SNP.GA,  6.3i 42524946:SNP.CT
Removing 4B    6.1e 42526693:SNP.GA,  6.2e 42525820:SNP.GT,  6.2e 42525810:SNP.TC,  6.3i 42524946:SNP.CT
Removing 4A    6.1e 42526693:SNP.GA,  6.2e 42525820:SNP.GT,  6.2e 42525810:SNP.TC,  6.3i 42524946:SNP.CT
Removing 4BW   6.1e 42526693:SNP.GA,  6.2e 42525820:SNP.GT,  6.2e 42525810:SNP.TC,  6.3i 42524946:SNP.CT
Removing 4JW   6.1e 42526693:SNP.GA,  6.2e 42525820:SNP.GT,  6.2e 42525810:SNP.TC,  6.3i 42524946:SNP.CT
Removing 4L    6.1e 42526693:SNP.GA,  6.3i 42524946:SNP.CT
Removing 4EW   6.1e 42526693:SNP.GA,  6.3i 42524946:SNP.CT
Removing 4P    6.1e 42526693:SNP.GA,  6.2e 42525820:SNP.GT,  6.2e 42525810:SNP.TC,  6.3i 42524946:SNP.CT,  6.5e 42524216:SNP.GA
Removing 4F    6.1e 42526693:SNP.GA,  6.2e 42525820:SNP.GT,  6.2e 42525810:SNP.TC,  6.3i 42524946:SNP.CT,  6.4e 42524934:SNP.GA
Removing 4G    6.1e 42526693:SNP.GA,  6.2e 42525820:SNP.GT,  6.2e 42525810:SNP.TC,  6.3i 42524946:SNP.CT,  6.6e 42523854:SNP.GA
Removing 4E    6.1e 42526693:SNP.GA,  6.3i 42524946:SNP.CT
Removing 4DW   6.1e 42526693:SNP.GA,  6.3i 42524946:SNP.CT
Removing 4C    6.1e 42526693:SNP.GA,  6.3i 42524946:SNP.CT,  6.8e 42522905:SNP.AG
Removing 40    6.4e 42524929:INS.ggggcgaaaggggcgaaa
Removing 41    6.6i 42523804:SNP.CT
Removing 42    6.7e 42523533:INS.ac
Removing 43    6.1e 42526716:SNP.CT
Removing 44    6.1e 42526711:SNP.GA,  6.6i 42523842:SNP.CG
Removing 45A   6.3e 42525076:SNP.CT
Removing 45B   6.3e 42525076:SNP.CT
Removing 46    6.1e 42526716:SNP.CT,  6.3e 42525076:SNP.CT
Removing 47    6.1e 42526720:SNP.GA,  6.1e 42526693:SNP.GA
Removing 48    6.2e 42525822:SNP.GA
Removing 49    6.1e 42526693:SNP.GA,  6.3e 42525181:SNP.AT
Removing 50    6.3e 42525072:SNP.TG
Removing 51    6.0i 42528381:SNP.GC,  6.7e 42523620:SNP.TG
Removing 52    6.1e 42526693:SNP.GA,  6.8e 42522915:SNP.CT
Removing 53    6.3e 42525181:SNP.AT,  6.3e 42525175:SNP.CA
Removing 54    6.1e 42526693:SNP.GA,  6.5e 42524236:SNP.GA
Removing 55    6.8e 42522957:SNP.TG
Removing 56A   6.0i 42528381:SNP.GC,  6.7e 42523591:SNP.GA
Removing 56B   6.1e 42526693:SNP.GA,  6.7e 42523591:SNP.GA
Removing 57    6.1e 42526693:SNP.GA,  6.2e 42525907:SNP.GA
Removing 58    6.4e 42524929:INS.ggggcgaaa
Removing 59    6.6e 42523853:SNP.CT
Removing 6A    6.3e 42525085:DEL.A
Removing 6B    6.3e 42525085:DEL.A,  6.4e 42524816:SNP.CT
Removing 6C    6.3e 42525085:DEL.A,  6.4e 42524816:SNP.CT
Removing 6D    6.3e 42525085:DEL.A
Removing 60    6.4e 42524905:INS.ta
Removing 62    6.9e 42522748:SNP.GA
Removing 63    6.0i 42528381:SNP.GC
Removing 64    6.1e 42526693:SNP.GA
Removing 65    6.1e 42526693:SNP.GA
Removing 68    6.1e 42526693:SNP.GA
Removing 69    6.1e 42526693:SNP.GA,  6.6i 42523804:SNP.CT
Removing 7     6.6e 42523857:SNP.TG
Removing 70    6.3e 42525184:SNP.CT,  6.3e 42525133:SNP.CT,  6.7e 42523609:SNP.CT
Removing 71    6.0i 42528381:SNP.GC,  6.1e 42526668:SNP.CT
Removing 72    6.1e 42526693:SNP.GA,  6.7e 42523474:SNP.CT
Removing 73    6.2e 42525781:SNP.CT
Removing 74    6.2e 42525820:SNP.GT
Removing 75    6.9e 42522747:SNP.CT
Removing 8     6.3e 42525034:SNP.CA
Removing 81    6.5e 42524213:SNP.GA,  6.5e 42524186:SNP.CT,  6.5e 42524182:SNP.AT
Removing 82    6.2e 42525820:SNP.GT,  6.2e 42525810:SNP.TC,  6.2e 42525780:SNP.AG,  6.2e 42525772:SNP.TA,  6.2e 42525771:SNP.GT,  6.2e 42525766:SNP.TC
Removing 84    6.5e 42524218:SNP.GT
Removing 85    6.9e 42522635:SNP.AC
Removing 86    6.5e 42524186:SNP.CT,  6.5e 42524182:SNP.AT
Removing 87    6.1e 42526779:SNP.GA,  6.1e 42526693:SNP.GA
Removing 88    6.2e 42525780:SNP.AG
Removing 89    6.3e 42525114:SNP.AG
Removing 9     6.5e 42524175:DEL.CTT
Removing 90    6.3e 42525099:SNP.TC
Removing 91    6.3e 42525057:SNP.CG,  6.6i 42523804:SNP.CT
Removing 92    6.4e 42524797:DEL.G
Removing 93    6.5e 42524273:SNP.TG
Removing 94B   6.1e 42526693:SNP.GA,  6.7e 42523611:SNP.TC
Removing 94A   6.1e 42526693:SNP.GA,  6.7e 42523611:SNP.TC
Removing 95    6.1e 42526693:SNP.GA,  6.7e 42523458:SNP.CT
Removing 96    6.8e 42522897:SNP.GA
Removing 97    6.9e 42522698:SNP.GT
Removing 98    6.9e 42522682:SNP.GC
Initial status
  CYP2D6.1B
    6.8e           42522964:SNP.CT    0 (  0)   3828:G>A
  CYP2D6.1E
    6.4e           42524923:SNP.AG  122 ( 14)   1869:T>C
  CYP2D6.1C
    6.4e           42524814:SNP.GA    0 (  0)   1978:C>T
  CYP2D6.1D
    6.5e           42524217:SNP.GT    0 (  0)   2575:C>A
  CYP2D6.1
  CYP2D6.13$1
  CYP2D6.16$1
  CYP2D6.17
    6.9e           42522612:SNP.CG  318 ( 50) F 4180:G>C
    6.6e           42523942:SNP.GA  237 ( 46) F 2850:C>T
    6.3e           42525131:SNP.CG  431 ( 53)   1661:G>C
    6.2e           42525771:SNP.GA  288 ( 50) F 1023:C>T
  CYP2D6.17W
    6.9e           42522612:SNP.CG  318 ( 50) F 4180:G>C
    6.7i           42523408:SNP.TG  475 ( 65)   3384:A>C
    6.6e           42523942:SNP.GA  237 ( 46) F 2850:C>T
    6.3e           42525131:SNP.CG  431 ( 53)   1661:G>C
    6.2e           42525771:SNP.GA  288 ( 50) F 1023:C>T
    6.1i           42525951:SNP.AC  419 ( 51)   843:T>G
    6.1i           42526483:SNP.CA  341 ( 53)   310:G>T
    6.0i           42528027:SNP.TC   12 ( 63)   -1235:A>G
  CYP2D6.2D
    6.9e           42522612:SNP.CG  318 ( 50) F 4180:G>C
    6.6e           42523942:SNP.GA  237 ( 46) F 2850:C>T
  CYP2D6.2E
    6.9e           42522612:SNP.CG  318 ( 50) F 4180:G>C
    6.6e           42523942:SNP.GA  237 ( 46) F 2850:C>T
    6.3e           42525131:SNP.CG  431 ( 53)   1661:G>C
    6.2e           42525797:SNP.GC    0 (  0)   997:C>G
  CYP2D6.2F
    6.9e           42522612:SNP.CG  318 ( 50) F 4180:G>C
    6.6e           42523942:SNP.GA  237 ( 46) F 2850:C>T
    6.3e           42525068:SNP.GA    0 (  0)   1724:C>T
    6.3e           42525131:SNP.CG  431 ( 53)   1661:G>C
  CYP2D6.2G
    6.9e           42522612:SNP.CG  318 ( 50) F 4180:G>C
    6.6e           42523942:SNP.GA  237 ( 46) F 2850:C>T
    6.5e           42524217:SNP.GT    0 (  0)   2575:C>A
    6.5e           42524322:SNP.AG    0 (  0)   2470:T>C
    6.3e           42525131:SNP.CG  431 ( 53)   1661:G>C
  CYP2D6.2B
    6.9e           42522612:SNP.CG  318 ( 50) F 4180:G>C
    6.6e           42523942:SNP.GA  237 ( 46) F 2850:C>T
    6.3e           42525131:SNP.CG  431 ( 53)   1661:G>C
    6.2e           42525755:SNP.GA    0 (  0)   1039:C>T
  CYP2D6.2C
    6.9e           42522612:SNP.CG  318 ( 50) F 4180:G>C
    6.6e           42523942:SNP.GA  237 ( 46) F 2850:C>T
    6.5e           42524322:SNP.AG    0 (  0)   2470:T>C
    6.3e           42525131:SNP.CG  431 ( 53)   1661:G>C
  CYP2D6.2L
    6.9e           42522612:SNP.CG  318 ( 50) F 4180:G>C
    6.7i           42523002:SNP.GA  341 ( 75)   3790:C>T
    6.7i           42523208:SNP.CT  247 ( 46)   3584:G>A
    6.7i           42523408:SNP.TG  475 ( 65)   3384:A>C
    6.6e           42523942:SNP.GA  237 ( 46) F 2850:C>T
    6.3e           42525035:SNP.GA    0 (  0)   1757:C>T
    6.3e           42525131:SNP.CG  431 ( 53)   1661:G>C
    6.2i           42525279:SNP.GA    0 (  0)   1513:C>T
    6.1i           42525951:SNP.AC  419 ( 51)   843:T>G
    6.1i           42526048:SNP.GC  215 ( 28)   746:C>G
    6.1i           42526483:SNP.CA  341 ( 53)   310:G>T
    6.0i           42527532:SNP.GA  283 ( 58)   -740:C>T
    6.0i           42528027:SNP.TC   12 ( 63)   -1235:A>G
    6.0i           42528095:SNP.CT    0 (  0)   -1298:G>A
  CYP2D6.2M
    6.ins          42522311:SNP.CT    0 (  0)   4481:G>A
    6.9e           42522612:SNP.CG  318 ( 50) F 4180:G>C
    6.7i           42523002:SNP.GA  341 ( 75)   3790:C>T
    6.7i           42523208:SNP.CT  247 ( 46)   3584:G>A
    6.7i           42523408:SNP.TG  475 ( 65)   3384:A>C
    6.6e           42523942:SNP.GA  237 ( 46) F 2850:C>T
    6.3e           42525131:SNP.CG  431 ( 53)   1661:G>C
    6.1i           42525951:SNP.AC  419 ( 51)   843:T>G
    6.1i           42526048:SNP.GC  215 ( 28)   746:C>G
    6.1i           42526483:SNP.CA  341 ( 53)   310:G>T
    6.1i           42526548:SNP.TC  412 ( 65)   CYP2D7:i1:5491
    6.1i           42526560:SNP.TG  421 ( 69)   CYP2D7:i1:5503
    6.1i           42526561:SNP.CG  426 ( 69)   CYP2D7:i1:5504
    6.1i           42526566:SNP.AG  422 ( 65)   CYP2D7:i1:5509
    6.1i           42526570:SNP.GC  418 ( 66)   CYP2D7:i1:5513
    6.1i           42526572:SNP.GT  416 ( 65)   CYP2D7:i1:5515
    6.0i           42527470:SNP.CT  118 ( 19)   -678:G>A
    6.0i           42527532:SNP.GA  283 ( 58)   -740:C>T
    6.0i           42527541:DEL.TC    0 (  0)   -750:delGA
    6.0i           42528027:SNP.TC   12 ( 63)   -1235:A>G
  CYP2D6.2H
    6.9e           42522612:SNP.CG  318 ( 50) F 4180:G>C
    6.6e           42523942:SNP.GA  237 ( 46) F 2850:C>T
    6.5e           42524312:SNP.GA    0 (  0)   2480:C>T
    6.3e           42525131:SNP.CG  431 ( 53)   1661:G>C
  CYP2D6.2K
    6.9e           42522612:SNP.CG  318 ( 50) F 4180:G>C
    6.9e           42522677:SNP.GA    0 (  0)   4115:C>T
    6.6e           42523942:SNP.GA  237 ( 46) F 2850:C>T
    6.3e           42525131:SNP.CG  431 ( 53)   1661:G>C
  CYP2D6.34
    6.6e           42523942:SNP.GA  237 ( 46) F 2850:C>T
  CYP2D6.39
    6.9e           42522612:SNP.CG  318 ( 50) F 4180:G>C
    6.3e           42525131:SNP.CG  431 ( 53)   1661:G>C
  CYP2D6.5
  CYP2D6.61
  CYP2D6.67$1
  CYP2D6.76$1
  CYP2D6.77$1
  CYP2D6.78$1
  CYP2D6.79$1
  CYP2D6.80$1
  CYP2D6.83
    6.1i           42525951:SNP.AC  419 ( 51)   843:T>G
== Copy Number Estimator ==
CNV factor: 2.46263265066 (0.406069496289)
Coverage per region
  region:  2D6  2D7
  0i   :  1.92  1.79 
  1e   :  1.90  1.71 =  0.18
  1i   :  1.95  1.80 =  0.15
  2e   :  2.17  1.82 =  0.34
  2i   :  1.85  2.11 = -0.26
  3e   :  2.08  1.68 =  0.40
  3i   :  1.94  2.07 
  4e   :  1.47  1.88 
  4i   :  1.86  2.28 
  5e   :  1.89  2.05 = -0.17
  5i   :  1.74  1.99 = -0.24
  6e   :  1.91  2.32 = -0.42
  6i   :  1.89  1.76 =  0.13
  7e   :  1.69  1.22 
  7i   :  1.98  1.53 
  8e   :  1.43  2.08 
  8i   :  2.16  2.34 
  9e   :  2.22  2.13 =  0.09
  ins  :  1.74  1.82 
  pce  :  0.00  1.88 = -1.88
  rep  :  1.45  2.59 
Max. CN = 3
M  Sentinel contraint for 61: A_61^ <= A_61
M  Sentinel contraint for 67: A_67^ <= A_67
M  Sentinel contraint for 80: A_80^ <= A_80
M  Sentinel contraint for 1: A_1^ <= A_1
M  Sentinel contraint for 5: A_5^ <= A_5
M  Sentinel contraint for 77: A_77^ <= A_77
M  Sentinel contraint for 76: A_76^ <= A_76
M  Sentinel contraint for 79: A_79^ <= A_79
M  Sentinel contraint for 78: A_78^ <= A_78
M  Sentinel contraint for 13: A_13^ <= A_13
M  Sentinel contraint for 16: A_16^ <= A_16
M  Sentinel contraint for 36: A_36^ <= A_36
M  Sentinel contraint for 36: A_36_2 <= A_36
M  Sentinel contraint for 36: A_36_3 <= A_36_2
M  Sentinel contraint for 1: A_1_3 <= A_1_2
M  Contraint for 6e: -0.415354430436 == E_6e + <gurobi.LinExpr: 0.0 A5^ + -1.0 A5^ + A78^ + -0.0 A78^ + A1^ + -1.0 A1^ + A61 + -1.0 A61 + A1_3 + -0.0 A1_3 + A80^ + -0.0 A80^ + A67 + -0.0 A67 + A80 + -0.0 A80 + A67^ + -0.0 A67^ + A61^ + -1.0 A61^ + 0.0 A77^ + -1.0 A77^ + A1 + -1.0 A1 + 0.0 A16^ + -1.0 A16^ + 0.0 A5 + -1.0 A5 + A36_2 + -0.0 A36_2 + A36_3 + -0.0 A36_3 + A79^ + -0.0 A79^ + 0.0 A77 + -1.0 A77 + 0.0 A76 + -1.0 A76 + A79 + -0.0 A79 + A78 + -0.0 A78 + A36^ + -1.0 A36^ + A13 + -0.0 A13 + 0.0 A76^ + -1.0 A76^ + 0.0 A16 + -1.0 A16 + A36 + -1.0 A36 + A13^ + -0.0 A13^ + A1_2 + -0.0 A1_2>
M  Contraint for 5e: -0.165144493489 == E_5e + <gurobi.LinExpr: 0.0 A5^ + -1.0 A5^ + A78^ + -0.0 A78^ + A1^ + -1.0 A1^ + A61 + -1.0 A61 + A1_3 + -0.0 A1_3 + A80^ + -0.0 A80^ + 0.5 A67 + -0.5 A67 + A80 + -0.0 A80 + 0.5 A67^ + -0.5 A67^ + A61^ + -1.0 A61^ + 0.0 A77^ + -1.0 A77^ + A1 + -1.0 A1 + 0.0 A16^ + -1.0 A16^ + 0.0 A5 + -1.0 A5 + A36_2 + -0.0 A36_2 + A36_3 + -0.0 A36_3 + A79^ + -0.0 A79^ + 0.0 A77 + -1.0 A77 + 0.0 A76 + -1.0 A76 + A79 + -0.0 A79 + A78 + -0.0 A78 + A36^ + -1.0 A36^ + A13 + -0.0 A13 + 0.0 A76^ + -1.0 A76^ + 0.0 A16 + -1.0 A16 + A36 + -1.0 A36 + A13^ + -0.0 A13^ + A1_2 + -0.0 A1_2>
M  Contraint for 6i: 0.126850217443 == E_6i + <gurobi.LinExpr: 0.0 A5^ + -1.0 A5^ + A78^ + -0.0 A78^ + A1^ + -1.0 A1^ + A61 + -1.0 A61 + A1_3 + -0.0 A1_3 + A80^ + -0.0 A80^ + A67 + -0.0 A67 + A80 + -0.0 A80 + A67^ + -0.0 A67^ + A61^ + -1.0 A61^ + 0.0 A77^ + -1.0 A77^ + A1 + -1.0 A1 + 0.0 A16^ + -1.0 A16^ + 0.0 A5 + -1.0 A5 + A36_2 + -0.0 A36_2 + A36_3 + -0.0 A36_3 + A79^ + -0.0 A79^ + 0.0 A77 + -1.0 A77 + 0.0 A76 + -1.0 A76 + A79 + -0.0 A79 + A78 + -0.0 A78 + A36^ + -1.0 A36^ + A13 + -0.0 A13 + 0.0 A76^ + -1.0 A76^ + 0.0 A16 + -1.0 A16 + A36 + -1.0 A36 + A13^ + -0.0 A13^ + A1_2 + -0.0 A1_2>
M  Contraint for 9e: 0.0907081184331 == E_9e + <gurobi.LinExpr: 0.0 A5^ + -1.0 A5^ + A78^ + -0.0 A78^ + A1^ + -1.0 A1^ + 0.0 A61 + -2.0 A61 + A1_3 + -0.0 A1_3 + A80^ + -0.0 A80^ + A67 + -0.0 A67 + A80 + -0.0 A80 + A67^ + -0.0 A67^ + 0.0 A61^ + -2.0 A61^ + A77^ + -0.0 A77^ + A1 + -1.0 A1 + A16^ + -0.0 A16^ + 0.0 A5 + -1.0 A5 + 0.0 A36_2 + -1.0 A36_2 + 0.0 A36_3 + -1.0 A36_3 + A79^ + -0.0 A79^ + A77 + -0.0 A77 + 0.5 A76 + -0.5 A76 + A79 + -0.0 A79 + A78 + -0.0 A78 + 0.0 A36^ + -2.0 A36^ + A13 + -0.0 A13 + 0.5 A76^ + -0.5 A76^ + A16 + -0.0 A16 + 0.0 A36 + -2.0 A36 + A13^ + -0.0 A13^ + A1_2 + -0.0 A1_2>
M  Contraint for 2e: 0.344855316941 == E_2e + <gurobi.LinExpr: 0.0 A5^ + -1.0 A5^ + 0.0 A78^ + -1.0 A78^ + A1^ + -1.0 A1^ + A61 + -1.0 A61 + A1_3 + -0.0 A1_3 + 0.0 A80^ + -1.0 A80^ + 0.0 A67 + -1.0 A67 + 0.0 A80 + -1.0 A80 + 0.0 A67^ + -1.0 A67^ + A61^ + -1.0 A61^ + 0.0 A77^ + -1.0 A77^ + A1 + -1.0 A1 + 0.0 A16^ + -1.0 A16^ + 0.0 A5 + -1.0 A5 + A36_2 + -0.0 A36_2 + A36_3 + -0.0 A36_3 + 0.5 A79^ + -0.5 A79^ + 0.0 A77 + -1.0 A77 + 0.0 A76 + -1.0 A76 + 0.5 A79 + -0.5 A79 + 0.0 A78 + -1.0 A78 + A36^ + -1.0 A36^ + A13 + -0.0 A13 + 0.0 A76^ + -1.0 A76^ + 0.0 A16 + -1.0 A16 + A36 + -1.0 A36 + A13^ + -0.0 A13^ + A1_2 + -0.0 A1_2>
M  Contraint for 1e: 0.182675327206 == E_1e + <gurobi.LinExpr: 0.0 A5^ + -1.0 A5^ + 0.0 A78^ + -1.0 A78^ + A1^ + -1.0 A1^ + A61 + -1.0 A61 + A1_3 + -0.0 A1_3 + 0.0 A80^ + -1.0 A80^ + 0.0 A67 + -1.0 A67 + 0.0 A80 + -1.0 A80 + 0.0 A67^ + -1.0 A67^ + A61^ + -1.0 A61^ + 0.0 A77^ + -1.0 A77^ + A1 + -1.0 A1 + 0.0 A16^ + -1.0 A16^ + 0.0 A5 + -1.0 A5 + A36_2 + -0.0 A36_2 + A36_3 + -0.0 A36_3 + 0.0 A79^ + -1.0 A79^ + 0.0 A77 + -1.0 A77 + 0.0 A76 + -1.0 A76 + 0.0 A79 + -1.0 A79 + 0.0 A78 + -1.0 A78 + A36^ + -1.0 A36^ + 0.0 A13 + -1.0 A13 + 0.0 A76^ + -1.0 A76^ + 0.0 A16 + -1.0 A16 + A36 + -1.0 A36 + 0.0 A13^ + -1.0 A13^ + A1_2 + -0.0 A1_2>
M  Contraint for 1i: 0.151737611357 == E_1i + <gurobi.LinExpr: 0.0 A5^ + -1.0 A5^ + 0.0 A78^ + -1.0 A78^ + A1^ + -1.0 A1^ + A61 + -1.0 A61 + A1_3 + -0.0 A1_3 + 0.0 A80^ + -1.0 A80^ + 0.0 A67 + -1.0 A67 + 0.0 A80 + -1.0 A80 + 0.0 A67^ + -1.0 A67^ + A61^ + -1.0 A61^ + 0.0 A77^ + -1.0 A77^ + A1 + -1.0 A1 + 0.0 A16^ + -1.0 A16^ + 0.0 A5 + -1.0 A5 + A36_2 + -0.0 A36_2 + A36_3 + -0.0 A36_3 + 0.0 A79^ + -1.0 A79^ + 0.0 A77 + -1.0 A77 + 0.0 A76 + -1.0 A76 + 0.0 A79 + -1.0 A79 + 0.0 A78 + -1.0 A78 + A36^ + -1.0 A36^ + 0.5 A13 + -0.5 A13 + 0.0 A76^ + -1.0 A76^ + 0.0 A16 + -1.0 A16 + A36 + -1.0 A36 + 0.5 A13^ + -0.5 A13^ + A1_2 + -0.0 A1_2>
M  Contraint for 5i: -0.244512718939 == E_5i + <gurobi.LinExpr: 0.0 A5^ + -1.0 A5^ + A78^ + -0.0 A78^ + A1^ + -1.0 A1^ + A61 + -1.0 A61 + A1_3 + -0.0 A1_3 + A80^ + -0.0 A80^ + A67 + -0.0 A67 + A80 + -0.0 A80 + A67^ + -0.0 A67^ + A61^ + -1.0 A61^ + 0.0 A77^ + -1.0 A77^ + A1 + -1.0 A1 + 0.0 A16^ + -1.0 A16^ + 0.0 A5 + -1.0 A5 + A36_2 + -0.0 A36_2 + A36_3 + -0.0 A36_3 + A79^ + -0.0 A79^ + 0.0 A77 + -1.0 A77 + 0.0 A76 + -1.0 A76 + A79 + -0.0 A79 + A78 + -0.0 A78 + A36^ + -1.0 A36^ + A13 + -0.0 A13 + 0.0 A76^ + -1.0 A76^ + 0.0 A16 + -1.0 A16 + A36 + -1.0 A36 + A13^ + -0.0 A13^ + A1_2 + -0.0 A1_2>
M  Contraint for 2i: -0.262557886657 == E_2i + <gurobi.LinExpr: 0.0 A5^ + -1.0 A5^ + 0.0 A78^ + -1.0 A78^ + A1^ + -1.0 A1^ + A61 + -1.0 A61 + A1_3 + -0.0 A1_3 + 0.5 A80^ + -0.5 A80^ + 0.0 A67 + -1.0 A67 + 0.5 A80 + -0.5 A80 + 0.0 A67^ + -1.0 A67^ + A61^ + -1.0 A61^ + 0.0 A77^ + -1.0 A77^ + A1 + -1.0 A1 + 0.0 A16^ + -1.0 A16^ + 0.0 A5 + -1.0 A5 + A36_2 + -0.0 A36_2 + A36_3 + -0.0 A36_3 + A79^ + -0.0 A79^ + 0.0 A77 + -1.0 A77 + 0.0 A76 + -1.0 A76 + A79 + -0.0 A79 + 0.0 A78 + -1.0 A78 + A36^ + -1.0 A36^ + A13 + -0.0 A13 + 0.0 A76^ + -1.0 A76^ + 0.0 A16 + -1.0 A16 + A36 + -1.0 A36 + A13^ + -0.0 A13^ + A1_2 + -0.0 A1_2>
M  Contraint for 3e: 0.400657425313 == E_3e + <gurobi.LinExpr: 0.0 A5^ + -1.0 A5^ + 0.0 A78^ + -1.0 A78^ + A1^ + -1.0 A1^ + A61 + -1.0 A61 + A1_3 + -0.0 A1_3 + A80^ + -0.0 A80^ + 0.0 A67 + -1.0 A67 + A80 + -0.0 A80 + 0.0 A67^ + -1.0 A67^ + A61^ + -1.0 A61^ + 0.0 A77^ + -1.0 A77^ + A1 + -1.0 A1 + 0.0 A16^ + -1.0 A16^ + 0.0 A5 + -1.0 A5 + A36_2 + -0.0 A36_2 + A36_3 + -0.0 A36_3 + A79^ + -0.0 A79^ + 0.0 A77 + -1.0 A77 + 0.0 A76 + -1.0 A76 + A79 + -0.0 A79 + 0.0 A78 + -1.0 A78 + A36^ + -1.0 A36^ + A13 + -0.0 A13 + 0.0 A76^ + -1.0 A76^ + 0.0 A16 + -1.0 A16 + A36 + -1.0 A36 + A13^ + -0.0 A13^ + A1_2 + -0.0 A1_2>
M  Contraint for pce: -1.8849369593 == E_pce + <gurobi.LinExpr: 0.0 A5^ + -1.0 A5^ + A78^ + -0.0 A78^ + 0.0 A1^ + -1.0 A1^ + 0.0 A61 + -2.0 A61 + 0.0 A1_3 + -0.0 A1_3 + A80^ + -0.0 A80^ + A67 + -0.0 A67 + A80 + -0.0 A80 + A67^ + -0.0 A67^ + 0.0 A61^ + -2.0 A61^ + A77^ + -0.0 A77^ + 0.0 A1 + -1.0 A1 + A16^ + -0.0 A16^ + 0.0 A5 + -1.0 A5 + 0.0 A36_2 + -1.0 A36_2 + 0.0 A36_3 + -1.0 A36_3 + A79^ + -0.0 A79^ + A77 + -0.0 A77 + A76 + -0.0 A76 + A79 + -0.0 A79 + A78 + -0.0 A78 + 0.0 A36^ + -2.0 A36^ + A13 + -0.0 A13 + A76^ + -0.0 A76^ + A16 + -0.0 A16 + 0.0 A36 + -2.0 A36 + A13^ + -0.0 A13^ + 0.0 A1_2 + -0.0 A1_2>
M  Objective: <gurobi.LinExpr: C39 + C40 + C41 + C42 + C43 + C44 + C45 + C46 + C47 + C48 + 1.5 C49 + 0.5 A5^ + 0.5 A78^ + 0.5 A1^ + 0.5 A61 + 0.5 A1_3 + 0.5 A80^ + 0.5 A67 + 0.5 A80 + 0.5 A67^ + 0.5 A61^ + 0.5 A77^ + 0.5 A1 + 0.5 A16^ + 0.5 A5 + 0.5 A36_2 + 0.5 A36_3 + 0.5 A79^ + 0.5 A36^ + 0.5 A76 + 0.5 A79 + 0.5 A78 + 0.5 A77 + 0.5 A13 + 0.5 A76^ + 0.5 A16 + 0.5 A36 + 0.5 A13^ + 0.5 A1_2 + 0.1 A78^ + 0.1 A80^ + 0.1 A67 + 0.1 A80 + 0.1 A67^ + 0.1 A77^ + 0.1 A16^ + 0.1 A79^ + 0.1 A76 + 0.1 A79 + 0.1 A78 + 0.1 A77 + 0.1 A13 + 0.1 A76^ + 0.1 A16 + 0.1 A13^>
CN Solver status: optimal, opt: 3.55764810726
  Solutions:
    ('1', '1^')
== Initial Solver ==
Solving Counter({'1': 2})
Possible candidates:
  CYP2D6.1
  CYP2D6.17
    6.6e 42523942:SNP.GA  237 ( 46) F 2850:C>T
    6.2e 42525771:SNP.GA  288 ( 50) F 1023:C>T
    6.9e 42522612:SNP.CG  318 ( 50) F 4180:G>C
  CYP2D6.2B
    6.6e 42523942:SNP.GA  237 ( 46) F 2850:C>T
    6.9e 42522612:SNP.CG  318 ( 50) F 4180:G>C
  CYP2D6.34
    6.6e 42523942:SNP.GA  237 ( 46) F 2850:C>T
  CYP2D6.39
    6.9e 42522612:SNP.CG  318 ( 50) F 4180:G>C
M  Max. CN for 1 = 2
M  Max. CN for 39 = 2
M  Max. CN for 17 = 2
M  Max. CN for 2B = 2
M  Max. CN for 34 = 2
M  Contraint for 42523942:REF 6.6e: 283 == <gurobi.QuadExpr: 260.0 39 + 260.0 17 + 260.0 39_2 + 260.0 34 + 260.0 1 + 260.0 1_2 + 260.0 2B + 260.0 17_2 + 260.0 34_2 + 260.0 2B_2 + [ -260.0 REG_17_42523942:SNP.GA * 17 + -260.0 REG_34_42523942:SNP.GA * 34 + -260.0 REG_2B_42523942:SNP.GA * 2B + -260.0 REG_17_2_42523942:SNP.GA * 17_2 + -260.0 REG_34_2_42523942:SNP.GA * 34_2 + -260.0 REG_2B_2_42523942:SNP.GA * 2B_2 ]> + err
M  Contraint for 42525771:REF 6.2e: 289 == <gurobi.QuadExpr: 288.5 39 + 288.5 17 + 288.5 39_2 + 288.5 34 + 288.5 1 + 288.5 1_2 + 288.5 2B + 288.5 17_2 + 288.5 34_2 + 288.5 2B_2 + [ -288.5 REG_17_42525771:SNP.GA * 17 + -288.5 REG_17_2_42525771:SNP.GA * 17_2 ]> + err
M  Contraint for 42522612:REF 6.9e: 317 == <gurobi.QuadExpr: 317.5 39 + 317.5 17 + 317.5 39_2 + 317.5 34 + 317.5 1 + 317.5 1_2 + 317.5 2B + 317.5 17_2 + 317.5 34_2 + 317.5 2B_2 + [ -317.5 REG_39_42522612:SNP.CG * 39 + -317.5 REG_17_42522612:SNP.CG * 17 + -317.5 REG_39_2_42522612:SNP.CG * 39_2 + -317.5 REG_2B_42522612:SNP.CG * 2B + -317.5 REG_17_2_42522612:SNP.CG * 17_2 + -317.5 REG_2B_2_42522612:SNP.CG * 2B_2 ]> + err
M  Contraint for 42525771:SNP.GA 6.2e: 288 == <gurobi.QuadExpr: 0.0 + [ 288.5 REG_17_42525771:SNP.GA * 17 + 288.5 REG_17_2_42525771:SNP.GA * 17_2 ]> + err
M  Contraint for 42523942:SNP.GA 6.6e: 237 == <gurobi.QuadExpr: 0.0 + [ 260.0 REG_17_42523942:SNP.GA * 17 + 260.0 REG_34_42523942:SNP.GA * 34 + 260.0 REG_2B_42523942:SNP.GA * 2B + 260.0 REG_17_2_42523942:SNP.GA * 17_2 + 260.0 REG_34_2_42523942:SNP.GA * 34_2 + 260.0 REG_2B_2_42523942:SNP.GA * 2B_2 ]> + err
M  Contraint for 42522612:SNP.CG 6.9e: 318 == <gurobi.QuadExpr: 0.0 + [ 317.5 REG_39_42522612:SNP.CG * 39 + 317.5 REG_17_42522612:SNP.CG * 17 + 317.5 REG_39_2_42522612:SNP.CG * 39_2 + 317.5 REG_2B_42522612:SNP.CG * 2B + 317.5 REG_17_2_42522612:SNP.CG * 17_2 + 317.5 REG_2B_2_42522612:SNP.CG * 2B_2 ]> + err
M  Contraint for 39 42522612:SNP.CG: <gurobi.Var 39> >= <gurobi.Var REG_39_42522612:SNP.CG>
M  Contraint for 17 42523942:SNP.GA: <gurobi.Var 17> >= <gurobi.Var REG_17_42523942:SNP.GA>
M  Contraint for 17 42522612:SNP.CG: <gurobi.Var 17> >= <gurobi.Var REG_17_42522612:SNP.CG>
M  Contraint for 17 42525771:SNP.GA: <gurobi.Var 17> >= <gurobi.Var REG_17_42525771:SNP.GA>
M  Contraint for 39_2 42522612:SNP.CG: <gurobi.Var 39_2> >= <gurobi.Var REG_39_2_42522612:SNP.CG>
M  Contraint for 34 42523942:SNP.GA: <gurobi.Var 34> >= <gurobi.Var REG_34_42523942:SNP.GA>
M  Contraint for 2B 42523942:SNP.GA: <gurobi.Var 2B> >= <gurobi.Var REG_2B_42523942:SNP.GA>
M  Contraint for 2B 42522612:SNP.CG: <gurobi.Var 2B> >= <gurobi.Var REG_2B_42522612:SNP.CG>
M  Contraint for 17_2 42523942:SNP.GA: <gurobi.Var 17_2> >= <gurobi.Var REG_17_2_42523942:SNP.GA>
M  Contraint for 17_2 42522612:SNP.CG: <gurobi.Var 17_2> >= <gurobi.Var REG_17_2_42522612:SNP.CG>
M  Contraint for 17_2 42525771:SNP.GA: <gurobi.Var 17_2> >= <gurobi.Var REG_17_2_42525771:SNP.GA>
M  Contraint for 34_2 42523942:SNP.GA: <gurobi.Var 34_2> >= <gurobi.Var REG_34_2_42523942:SNP.GA>
M  Contraint for 2B_2 42523942:SNP.GA: <gurobi.Var 2B_2> >= <gurobi.Var REG_2B_2_42523942:SNP.GA>
M  Contraint for 2B_2 42522612:SNP.CG: <gurobi.Var 2B_2> >= <gurobi.Var REG_2B_2_42522612:SNP.CG>
M  CN contraint for 1: 2 == <gurobi.LinExpr: 39 + 17 + 39_2 + 34 + 1 + 1_2 + 2B + 17_2 + 34_2 + 2B_2>
M  Sentinel contraint for 39: A_39_2 <= A_39
M  Sentinel contraint for 17: A_17_2 <= A_17
M  Sentinel contraint for 34: A_34_2 <= A_34
M  Sentinel contraint for 1: A_1_2 <= A_1
M  Sentinel contraint for 2B: A_2B_2 <= A_2B
M  Objective: <gurobi.LinExpr: C41 + C42 + C43 + C44 + C45 + C46>
M  Contraint for 39: A_39 * (<gurobi.LinExpr: REG_39_42522612:SNP.CG> - 1) == 0
M  Contraint for 17: A_17 * (<gurobi.LinExpr: REG_17_42522612:SNP.CG + REG_17_42523942:SNP.GA + REG_17_42525771:SNP.GA> - 3) == 0
M  Contraint for 39_2: A_39_2 * (<gurobi.LinExpr: REG_39_2_42522612:SNP.CG> - 1) == 0
M  Contraint for 34: A_34 * (<gurobi.LinExpr: REG_34_42523942:SNP.GA> - 1) == 0
M  Contraint for 2B: A_2B * (<gurobi.LinExpr: REG_2B_42522612:SNP.CG + REG_2B_42523942:SNP.GA> - 2) == 0
M  Contraint for 17_2: A_17_2 * (<gurobi.LinExpr: REG_17_2_42522612:SNP.CG + REG_17_2_42523942:SNP.GA + REG_17_2_42525771:SNP.GA> - 3) == 0
M  Contraint for 34_2: A_34_2 * (<gurobi.LinExpr: REG_34_2_42523942:SNP.GA> - 1) == 0
M  Contraint for 2B_2: A_2B_2 * (<gurobi.LinExpr: REG_2B_2_42522612:SNP.CG + REG_2B_2_42523942:SNP.GA> - 2) == 0
M  Contraint for 42522612:SNP.CG: 1 <= <gurobi.QuadExpr: 0.0 + [ 39 * REG_39_42522612:SNP.CG + 17 * REG_17_42522612:SNP.CG + 39_2 * REG_39_2_42522612:SNP.CG + 2B * REG_2B_42522612:SNP.CG + 17_2 * REG_17_2_42522612:SNP.CG + 2B_2 * REG_2B_2_42522612:SNP.CG ]>
M  Contraint for 42522612:SNP.CG: 1 <= <gurobi.QuadExpr: 0.0 + [ 39 * REG_39_42522612:SNP.CG + 17 * REG_17_42522612:SNP.CG + 39_2 * REG_39_2_42522612:SNP.CG + 2B * REG_2B_42522612:SNP.CG + 17_2 * REG_17_2_42522612:SNP.CG + 2B_2 * REG_2B_2_42522612:SNP.CG ]>
M  Contraint for 42523942:SNP.GA: 1 <= <gurobi.QuadExpr: 0.0 + [ 17 * REG_17_42523942:SNP.GA + 34 * REG_34_42523942:SNP.GA + 2B * REG_2B_42523942:SNP.GA + 17_2 * REG_17_2_42523942:SNP.GA + 34_2 * REG_34_2_42523942:SNP.GA + 2B_2 * REG_2B_2_42523942:SNP.GA ]>
M  Contraint for 42525771:SNP.GA: 1 <= <gurobi.QuadExpr: 0.0 + [ 17 * REG_17_42525771:SNP.GA + 17_2 * REG_17_2_42525771:SNP.GA ]>
M  Contraint for 42522612:SNP.CG: 1 <= <gurobi.QuadExpr: 0.0 + [ 39 * REG_39_42522612:SNP.CG + 17 * REG_17_42522612:SNP.CG + 39_2 * REG_39_2_42522612:SNP.CG + 2B * REG_2B_42522612:SNP.CG + 17_2 * REG_17_2_42522612:SNP.CG + 2B_2 * REG_2B_2_42522612:SNP.CG ]>
M  Contraint for 42523942:SNP.GA: 1 <= <gurobi.QuadExpr: 0.0 + [ 17 * REG_17_42523942:SNP.GA + 34 * REG_34_42523942:SNP.GA + 2B * REG_2B_42523942:SNP.GA + 17_2 * REG_17_2_42523942:SNP.GA + 34_2 * REG_34_2_42523942:SNP.GA + 2B_2 * REG_2B_2_42523942:SNP.GA ]>
M  Contraint for 42522612:SNP.CG: 1 <= <gurobi.QuadExpr: 0.0 + [ 39 * REG_39_42522612:SNP.CG + 17 * REG_17_42522612:SNP.CG + 39_2 * REG_39_2_42522612:SNP.CG + 2B * REG_2B_42522612:SNP.CG + 17_2 * REG_17_2_42522612:SNP.CG + 2B_2 * REG_2B_2_42522612:SNP.CG ]>
M  Contraint for 42523942:SNP.GA: 1 <= <gurobi.QuadExpr: 0.0 + [ 17 * REG_17_42523942:SNP.GA + 34 * REG_34_42523942:SNP.GA + 2B * REG_2B_42523942:SNP.GA + 17_2 * REG_17_2_42523942:SNP.GA + 34_2 * REG_34_2_42523942:SNP.GA + 2B_2 * REG_2B_2_42523942:SNP.GA ]>
M  Contraint for 42522612:SNP.CG: 1 <= <gurobi.QuadExpr: 0.0 + [ 39 * REG_39_42522612:SNP.CG + 17 * REG_17_42522612:SNP.CG + 39_2 * REG_39_2_42522612:SNP.CG + 2B * REG_2B_42522612:SNP.CG + 17_2 * REG_17_2_42522612:SNP.CG + 2B_2 * REG_2B_2_42522612:SNP.CG ]>
M  Contraint for 42523942:SNP.GA: 1 <= <gurobi.QuadExpr: 0.0 + [ 17 * REG_17_42523942:SNP.GA + 34 * REG_34_42523942:SNP.GA + 2B * REG_2B_42523942:SNP.GA + 17_2 * REG_17_2_42523942:SNP.GA + 34_2 * REG_34_2_42523942:SNP.GA + 2B_2 * REG_2B_2_42523942:SNP.GA ]>
M  Contraint for 42525771:SNP.GA: 1 <= <gurobi.QuadExpr: 0.0 + [ 17 * REG_17_42525771:SNP.GA + 17_2 * REG_17_2_42525771:SNP.GA ]>
M  Contraint for 42523942:SNP.GA: 1 <= <gurobi.QuadExpr: 0.0 + [ 17 * REG_17_42523942:SNP.GA + 34 * REG_34_42523942:SNP.GA + 2B * REG_2B_42523942:SNP.GA + 17_2 * REG_17_2_42523942:SNP.GA + 34_2 * REG_34_2_42523942:SNP.GA + 2B_2 * REG_2B_2_42523942:SNP.GA ]>
M  Contraint for 42522612:SNP.CG: 1 <= <gurobi.QuadExpr: 0.0 + [ 39 * REG_39_42522612:SNP.CG + 17 * REG_17_42522612:SNP.CG + 39_2 * REG_39_2_42522612:SNP.CG + 2B * REG_2B_42522612:SNP.CG + 17_2 * REG_17_2_42522612:SNP.CG + 2B_2 * REG_2B_2_42522612:SNP.CG ]>
M  Contraint for 42523942:SNP.GA: 1 <= <gurobi.QuadExpr: 0.0 + [ 17 * REG_17_42523942:SNP.GA + 34 * REG_34_42523942:SNP.GA + 2B * REG_2B_42523942:SNP.GA + 17_2 * REG_17_2_42523942:SNP.GA + 34_2 * REG_34_2_42523942:SNP.GA + 2B_2 * REG_2B_2_42523942:SNP.GA ]>
CN Solver status: optimal, opt: 48.0
  solution:
    ('1', '17')
[32;01mCopy number best structures:[39;49;00m
[32;01m  (1) 2x*1-like[39;49;00m
== Refiner ==
Refining ('1', '17')
M  CN constraint for 1: 1 == <gurobi.LinExpr: 1 + 1C + 1B + 1E + 1D>
M  CN constraint for 17: 1 == <gurobi.LinExpr: 17 + 17W>
M  Contraint for 42524923:SNP.AG 6.4e: 0 == <gurobi.QuadExpr: 0.0 + [ 384.0 EXT_17_42524923:SNP.AG * 17 + 384.0 EXT_1_42524923:SNP.AG * 1 + 384.0 EXT_1C_42524923:SNP.AG * 1C + 384.0 EXT_1B_42524923:SNP.AG * 1B + 384.0 REG_1E_42524923:SNP.AG * 1E + 384.0 EXT_1D_42524923:SNP.AG * 1D + 384.0 EXT_17W_42524923:SNP.AG * 17W ]> + err
M  Contraint for 42525131:SNP.CG 6.3e: 431 == <gurobi.QuadExpr: 0.0 + [ 408.5 REG_17_42525131:SNP.CG * 17 + 408.5 EXT_1_42525131:SNP.CG * 1 + 408.5 EXT_1C_42525131:SNP.CG * 1C + 408.5 EXT_1B_42525131:SNP.CG * 1B + 408.5 EXT_1E_42525131:SNP.CG * 1E + 408.5 EXT_1D_42525131:SNP.CG * 1D + 408.5 REG_17W_42525131:SNP.CG * 17W ]> + err
M  Contraint for 42525771:REF 6.2e: 289 == <gurobi.QuadExpr: 288.5 17 + 288.5 1 + 288.5 1C + 288.5 1B + 288.5 1E + 288.5 1D + 288.5 17W + [ -288.5 REG_17_42525771:SNP.GA * 17 + -288.5 EXT_1_42525771:SNP.GA * 1 + -288.5 EXT_1C_42525771:SNP.GA * 1C + -288.5 EXT_1B_42525771:SNP.GA * 1B + -288.5 EXT_1E_42525771:SNP.GA * 1E + -288.5 EXT_1D_42525771:SNP.GA * 1D + -288.5 REG_17W_42525771:SNP.GA * 17W ]> + err
M  Contraint for 42522964:SNP.CT 6.8e: 0 == <gurobi.QuadExpr: 0.0 + [ 285.0 EXT_17_42522964:SNP.CT * 17 + 285.0 EXT_1_42522964:SNP.CT * 1 + 285.0 EXT_1C_42522964:SNP.CT * 1C + 285.0 REG_1B_42522964:SNP.CT * 1B + 285.0 EXT_1E_42522964:SNP.CT * 1E + 285.0 EXT_1D_42522964:SNP.CT * 1D + 285.0 EXT_17W_42522964:SNP.CT * 17W ]> + err
M  Contraint for 42523408:REF 6.7i: 253 == <gurobi.QuadExpr: 364.0 17 + 364.0 1 + 364.0 1C + 364.0 1B + 364.0 1E + 364.0 1D + 364.0 17W + [ -364.0 EXT_17_42523408:SNP.TG * 17 + -364.0 EXT_1_42523408:SNP.TG * 1 + -364.0 EXT_1C_42523408:SNP.TG * 1C + -364.0 EXT_1B_42523408:SNP.TG * 1B + -364.0 EXT_1E_42523408:SNP.TG * 1E + -364.0 EXT_1D_42523408:SNP.TG * 1D + -364.0 REG_17W_42523408:SNP.TG * 17W ]> + err
M  Contraint for 42524923:REF 6.4e: 768 == <gurobi.QuadExpr: 384.0 17 + 384.0 1 + 384.0 1C + 384.0 1B + 384.0 1E + 384.0 1D + 384.0 17W + [ -384.0 EXT_17_42524923:SNP.AG * 17 + -384.0 EXT_1_42524923:SNP.AG * 1 + -384.0 EXT_1C_42524923:SNP.AG * 1C + -384.0 EXT_1B_42524923:SNP.AG * 1B + -384.0 REG_1E_42524923:SNP.AG * 1E + -384.0 EXT_1D_42524923:SNP.AG * 1D + -384.0 EXT_17W_42524923:SNP.AG * 17W ]> + err
M  Contraint for 42522612:SNP.CG 6.9e: 318 == <gurobi.QuadExpr: 0.0 + [ 317.5 REG_17_42522612:SNP.CG * 17 + 317.5 EXT_1_42522612:SNP.CG * 1 + 317.5 EXT_1C_42522612:SNP.CG * 1C + 317.5 EXT_1B_42522612:SNP.CG * 1B + 317.5 EXT_1E_42522612:SNP.CG * 1E + 317.5 EXT_1D_42522612:SNP.CG * 1D + 317.5 REG_17W_42522612:SNP.CG * 17W ]> + err
M  Contraint for 42523942:REF 6.6e: 283 == <gurobi.QuadExpr: 260.0 17 + 260.0 1 + 260.0 1C + 260.0 1B + 260.0 1E + 260.0 1D + 260.0 17W + [ -260.0 REG_17_42523942:SNP.GA * 17 + -260.0 EXT_1_42523942:SNP.GA * 1 + -260.0 EXT_1C_42523942:SNP.GA * 1C + -260.0 EXT_1B_42523942:SNP.GA * 1B + -260.0 EXT_1E_42523942:SNP.GA * 1E + -260.0 EXT_1D_42523942:SNP.GA * 1D + -260.0 REG_17W_42523942:SNP.GA * 17W ]> + err
M  Contraint for 42528027:SNP.TC 6.0i: 12 == <gurobi.QuadExpr: 0.0 + [ 9.5 EXT_17_42528027:SNP.TC * 17 + 9.5 EXT_1_42528027:SNP.TC * 1 + 9.5 EXT_1C_42528027:SNP.TC * 1C + 9.5 EXT_1B_42528027:SNP.TC * 1B + 9.5 EXT_1E_42528027:SNP.TC * 1E + 9.5 EXT_1D_42528027:SNP.TC * 1D + 9.5 REG_17W_42528027:SNP.TC * 17W ]> + err
M  Contraint for 42522964:REF 6.8e: 570 == <gurobi.QuadExpr: 285.0 17 + 285.0 1 + 285.0 1C + 285.0 1B + 285.0 1E + 285.0 1D + 285.0 17W + [ -285.0 EXT_17_42522964:SNP.CT * 17 + -285.0 EXT_1_42522964:SNP.CT * 1 + -285.0 EXT_1C_42522964:SNP.CT * 1C + -285.0 REG_1B_42522964:SNP.CT * 1B + -285.0 EXT_1E_42522964:SNP.CT * 1E + -285.0 EXT_1D_42522964:SNP.CT * 1D + -285.0 EXT_17W_42522964:SNP.CT * 17W ]> + err
M  Contraint for 42528027:REF 6.0i: 7 == <gurobi.QuadExpr: 9.5 17 + 9.5 1 + 9.5 1C + 9.5 1B + 9.5 1E + 9.5 1D + 9.5 17W + [ -9.5 EXT_17_42528027:SNP.TC * 17 + -9.5 EXT_1_42528027:SNP.TC * 1 + -9.5 EXT_1C_42528027:SNP.TC * 1C + -9.5 EXT_1B_42528027:SNP.TC * 1B + -9.5 EXT_1E_42528027:SNP.TC * 1E + -9.5 EXT_1D_42528027:SNP.TC * 1D + -9.5 REG_17W_42528027:SNP.TC * 17W ]> + err
M  Contraint for 42525951:REF 6.1i: 397 == <gurobi.QuadExpr: 408.0 17 + 408.0 1 + 408.0 1C + 408.0 1B + 408.0 1E + 408.0 1D + 408.0 17W + [ -408.0 EXT_17_42525951:SNP.AC * 17 + -408.0 EXT_1_42525951:SNP.AC * 1 + -408.0 EXT_1C_42525951:SNP.AC * 1C + -408.0 EXT_1B_42525951:SNP.AC * 1B + -408.0 EXT_1E_42525951:SNP.AC * 1E + -408.0 EXT_1D_42525951:SNP.AC * 1D + -408.0 REG_17W_42525951:SNP.AC * 17W ]> + err
M  Contraint for 42524814:REF 6.4e: 868 == <gurobi.QuadExpr: 434.0 17 + 434.0 1 + 434.0 1C + 434.0 1B + 434.0 1E + 434.0 1D + 434.0 17W + [ -434.0 EXT_17_42524814:SNP.GA * 17 + -434.0 EXT_1_42524814:SNP.GA * 1 + -434.0 REG_1C_42524814:SNP.GA * 1C + -434.0 EXT_1B_42524814:SNP.GA * 1B + -434.0 EXT_1E_42524814:SNP.GA * 1E + -434.0 EXT_1D_42524814:SNP.GA * 1D + -434.0 EXT_17W_42524814:SNP.GA * 17W ]> + err
M  Contraint for 42526483:REF 6.1i: 301 == <gurobi.QuadExpr: 321.0 17 + 321.0 1 + 321.0 1C + 321.0 1B + 321.0 1E + 321.0 1D + 321.0 17W + [ -321.0 EXT_17_42526483:SNP.CA * 17 + -321.0 EXT_1_42526483:SNP.CA * 1 + -321.0 EXT_1C_42526483:SNP.CA * 1C + -321.0 EXT_1B_42526483:SNP.CA * 1B + -321.0 EXT_1E_42526483:SNP.CA * 1E + -321.0 EXT_1D_42526483:SNP.CA * 1D + -321.0 REG_17W_42526483:SNP.CA * 17W ]> + err
M  Contraint for 42525951:SNP.AC 6.1i: 419 == <gurobi.QuadExpr: 0.0 + [ 408.0 EXT_17_42525951:SNP.AC * 17 + 408.0 EXT_1_42525951:SNP.AC * 1 + 408.0 EXT_1C_42525951:SNP.AC * 1C + 408.0 EXT_1B_42525951:SNP.AC * 1B + 408.0 EXT_1E_42525951:SNP.AC * 1E + 408.0 EXT_1D_42525951:SNP.AC * 1D + 408.0 REG_17W_42525951:SNP.AC * 17W ]> + err
M  Contraint for 42525131:REF 6.3e: 386 == <gurobi.QuadExpr: 408.5 17 + 408.5 1 + 408.5 1C + 408.5 1B + 408.5 1E + 408.5 1D + 408.5 17W + [ -408.5 REG_17_42525131:SNP.CG * 17 + -408.5 EXT_1_42525131:SNP.CG * 1 + -408.5 EXT_1C_42525131:SNP.CG * 1C + -408.5 EXT_1B_42525131:SNP.CG * 1B + -408.5 EXT_1E_42525131:SNP.CG * 1E + -408.5 EXT_1D_42525131:SNP.CG * 1D + -408.5 REG_17W_42525131:SNP.CG * 17W ]> + err
M  Contraint for 42524814:SNP.GA 6.4e: 0 == <gurobi.QuadExpr: 0.0 + [ 434.0 EXT_17_42524814:SNP.GA * 17 + 434.0 EXT_1_42524814:SNP.GA * 1 + 434.0 REG_1C_42524814:SNP.GA * 1C + 434.0 EXT_1B_42524814:SNP.GA * 1B + 434.0 EXT_1E_42524814:SNP.GA * 1E + 434.0 EXT_1D_42524814:SNP.GA * 1D + 434.0 EXT_17W_42524814:SNP.GA * 17W ]> + err
M  Contraint for 42522612:REF 6.9e: 317 == <gurobi.QuadExpr: 317.5 17 + 317.5 1 + 317.5 1C + 317.5 1B + 317.5 1E + 317.5 1D + 317.5 17W + [ -317.5 REG_17_42522612:SNP.CG * 17 + -317.5 EXT_1_42522612:SNP.CG * 1 + -317.5 EXT_1C_42522612:SNP.CG * 1C + -317.5 EXT_1B_42522612:SNP.CG * 1B + -317.5 EXT_1E_42522612:SNP.CG * 1E + -317.5 EXT_1D_42522612:SNP.CG * 1D + -317.5 REG_17W_42522612:SNP.CG * 17W ]> + err
M  Contraint for 42524217:SNP.GT 6.5e: 0 == <gurobi.QuadExpr: 0.0 + [ 189.5 EXT_17_42524217:SNP.GT * 17 + 189.5 EXT_1_42524217:SNP.GT * 1 + 189.5 EXT_1C_42524217:SNP.GT * 1C + 189.5 EXT_1B_42524217:SNP.GT * 1B + 189.5 EXT_1E_42524217:SNP.GT * 1E + 189.5 REG_1D_42524217:SNP.GT * 1D + 189.5 EXT_17W_42524217:SNP.GT * 17W ]> + err
M  Contraint for 42525771:SNP.GA 6.2e: 288 == <gurobi.QuadExpr: 0.0 + [ 288.5 REG_17_42525771:SNP.GA * 17 + 288.5 EXT_1_42525771:SNP.GA * 1 + 288.5 EXT_1C_42525771:SNP.GA * 1C + 288.5 EXT_1B_42525771:SNP.GA * 1B + 288.5 EXT_1E_42525771:SNP.GA * 1E + 288.5 EXT_1D_42525771:SNP.GA * 1D + 288.5 REG_17W_42525771:SNP.GA * 17W ]> + err
M  Contraint for 42526483:SNP.CA 6.1i: 341 == <gurobi.QuadExpr: 0.0 + [ 321.0 EXT_17_42526483:SNP.CA * 17 + 321.0 EXT_1_42526483:SNP.CA * 1 + 321.0 EXT_1C_42526483:SNP.CA * 1C + 321.0 EXT_1B_42526483:SNP.CA * 1B + 321.0 EXT_1E_42526483:SNP.CA * 1E + 321.0 EXT_1D_42526483:SNP.CA * 1D + 321.0 REG_17W_42526483:SNP.CA * 17W ]> + err
M  Contraint for 42523408:SNP.TG 6.7i: 475 == <gurobi.QuadExpr: 0.0 + [ 364.0 EXT_17_42523408:SNP.TG * 17 + 364.0 EXT_1_42523408:SNP.TG * 1 + 364.0 EXT_1C_42523408:SNP.TG * 1C + 364.0 EXT_1B_42523408:SNP.TG * 1B + 364.0 EXT_1E_42523408:SNP.TG * 1E + 364.0 EXT_1D_42523408:SNP.TG * 1D + 364.0 REG_17W_42523408:SNP.TG * 17W ]> + err
M  Contraint for 42523942:SNP.GA 6.6e: 237 == <gurobi.QuadExpr: 0.0 + [ 260.0 REG_17_42523942:SNP.GA * 17 + 260.0 EXT_1_42523942:SNP.GA * 1 + 260.0 EXT_1C_42523942:SNP.GA * 1C + 260.0 EXT_1B_42523942:SNP.GA * 1B + 260.0 EXT_1E_42523942:SNP.GA * 1E + 260.0 EXT_1D_42523942:SNP.GA * 1D + 260.0 REG_17W_42523942:SNP.GA * 17W ]> + err
M  Contraint for 42524217:REF 6.5e: 379 == <gurobi.QuadExpr: 189.5 17 + 189.5 1 + 189.5 1C + 189.5 1B + 189.5 1E + 189.5 1D + 189.5 17W + [ -189.5 EXT_17_42524217:SNP.GT * 17 + -189.5 EXT_1_42524217:SNP.GT * 1 + -189.5 EXT_1C_42524217:SNP.GT * 1C + -189.5 EXT_1B_42524217:SNP.GT * 1B + -189.5 EXT_1E_42524217:SNP.GT * 1E + -189.5 REG_1D_42524217:SNP.GT * 1D + -189.5 EXT_17W_42524217:SNP.GT * 17W ]> + err
M  Contraint for MM[missing] 17 42523942:SNP.GA: <gurobi.Var 17> >= <gurobi.Var REG_17_42523942:SNP.GA>
M  Contraint for MM[missing] 17 42525131:SNP.CG: <gurobi.Var 17> >= <gurobi.Var REG_17_42525131:SNP.CG>
M  Contraint for MM[missing] 17 42522612:SNP.CG: <gurobi.Var 17> >= <gurobi.Var REG_17_42522612:SNP.CG>
M  Contraint for MM[missing] 17 42525771:SNP.GA: <gurobi.Var 17> >= <gurobi.Var REG_17_42525771:SNP.GA>
M  Contraint for MM[missing] 1C 42524814:SNP.GA: <gurobi.Var 1C> >= <gurobi.Var REG_1C_42524814:SNP.GA>
M  Contraint for MM[missing] 1B 42522964:SNP.CT: <gurobi.Var 1B> >= <gurobi.Var REG_1B_42522964:SNP.CT>
M  Contraint for MM[missing] 1E 42524923:SNP.AG: <gurobi.Var 1E> >= <gurobi.Var REG_1E_42524923:SNP.AG>
M  Contraint for MM[missing] 1D 42524217:SNP.GT: <gurobi.Var 1D> >= <gurobi.Var REG_1D_42524217:SNP.GT>
M  Contraint for MM[missing] 17W 42525131:SNP.CG: <gurobi.Var 17W> >= <gurobi.Var REG_17W_42525131:SNP.CG>
M  Contraint for MM[missing] 17W 42525951:SNP.AC: <gurobi.Var 17W> >= <gurobi.Var REG_17W_42525951:SNP.AC>
M  Contraint for MM[missing] 17W 42528027:SNP.TC: <gurobi.Var 17W> >= <gurobi.Var REG_17W_42528027:SNP.TC>
M  Contraint for MM[missing] 17W 42525771:SNP.GA: <gurobi.Var 17W> >= <gurobi.Var REG_17W_42525771:SNP.GA>
M  Contraint for MM[missing] 17W 42523408:SNP.TG: <gurobi.Var 17W> >= <gurobi.Var REG_17W_42523408:SNP.TG>
M  Contraint for MM[missing] 17W 42523942:SNP.GA: <gurobi.Var 17W> >= <gurobi.Var REG_17W_42523942:SNP.GA>
M  Contraint for MM[missing] 17W 42526483:SNP.CA: <gurobi.Var 17W> >= <gurobi.Var REG_17W_42526483:SNP.CA>
M  Contraint for MM[missing] 17W 42522612:SNP.CG: <gurobi.Var 17W> >= <gurobi.Var REG_17W_42522612:SNP.CG>
M  Contraint for MA[extra] 17 42524814:SNP.GA: <gurobi.Var 17> >= <gurobi.Var EXT_17_42524814:SNP.GA>
M  Contraint for MA[extra] 17 42524923:SNP.AG: <gurobi.Var 17> >= <gurobi.Var EXT_17_42524923:SNP.AG>
M  Contraint for MA[extra] 17 42525951:SNP.AC: <gurobi.Var 17> >= <gurobi.Var EXT_17_42525951:SNP.AC>
M  Contraint for MA[extra] 17 42522964:SNP.CT: <gurobi.Var 17> >= <gurobi.Var EXT_17_42522964:SNP.CT>
M  Contraint for MA[extra] 17 42528027:SNP.TC: <gurobi.Var 17> >= <gurobi.Var EXT_17_42528027:SNP.TC>
M  Contraint for MA[extra] 17 42524217:SNP.GT: <gurobi.Var 17> >= <gurobi.Var EXT_17_42524217:SNP.GT>
M  Contraint for MA[extra] 17 42523408:SNP.TG: <gurobi.Var 17> >= <gurobi.Var EXT_17_42523408:SNP.TG>
M  Contraint for MA[extra] 17 42526483:SNP.CA: <gurobi.Var 17> >= <gurobi.Var EXT_17_42526483:SNP.CA>
M  Contraint for MA[extra] 1 42524814:SNP.GA: <gurobi.Var 1> >= <gurobi.Var EXT_1_42524814:SNP.GA>
M  Contraint for MA[extra] 1 42524923:SNP.AG: <gurobi.Var 1> >= <gurobi.Var EXT_1_42524923:SNP.AG>
M  Contraint for MA[extra] 1 42525951:SNP.AC: <gurobi.Var 1> >= <gurobi.Var EXT_1_42525951:SNP.AC>
M  Contraint for MA[extra] 1 42525131:SNP.CG: <gurobi.Var 1> >= <gurobi.Var EXT_1_42525131:SNP.CG>
M  Contraint for MA[extra] 1 42522964:SNP.CT: <gurobi.Var 1> >= <gurobi.Var EXT_1_42522964:SNP.CT>
M  Contraint for MA[extra] 1 42528027:SNP.TC: <gurobi.Var 1> >= <gurobi.Var EXT_1_42528027:SNP.TC>
M  Contraint for MA[extra] 1 42524217:SNP.GT: <gurobi.Var 1> >= <gurobi.Var EXT_1_42524217:SNP.GT>
M  Contraint for MA[extra] 1 42525771:SNP.GA: <gurobi.Var 1> >= <gurobi.Var EXT_1_42525771:SNP.GA>
M  Contraint for MA[extra] 1 42523408:SNP.TG: <gurobi.Var 1> >= <gurobi.Var EXT_1_42523408:SNP.TG>
M  Contraint for MA[extra] 1 42523942:SNP.GA: <gurobi.Var 1> >= <gurobi.Var EXT_1_42523942:SNP.GA>
M  Contraint for MA[extra] 1 42526483:SNP.CA: <gurobi.Var 1> >= <gurobi.Var EXT_1_42526483:SNP.CA>
M  Contraint for MA[extra] 1 42522612:SNP.CG: <gurobi.Var 1> >= <gurobi.Var EXT_1_42522612:SNP.CG>
M  Contraint for MA[extra] 1C 42524923:SNP.AG: <gurobi.Var 1C> >= <gurobi.Var EXT_1C_42524923:SNP.AG>
M  Contraint for MA[extra] 1C 42525951:SNP.AC: <gurobi.Var 1C> >= <gurobi.Var EXT_1C_42525951:SNP.AC>
M  Contraint for MA[extra] 1C 42525131:SNP.CG: <gurobi.Var 1C> >= <gurobi.Var EXT_1C_42525131:SNP.CG>
M  Contraint for MA[extra] 1C 42522964:SNP.CT: <gurobi.Var 1C> >= <gurobi.Var EXT_1C_42522964:SNP.CT>
M  Contraint for MA[extra] 1C 42528027:SNP.TC: <gurobi.Var 1C> >= <gurobi.Var EXT_1C_42528027:SNP.TC>
M  Contraint for MA[extra] 1C 42524217:SNP.GT: <gurobi.Var 1C> >= <gurobi.Var EXT_1C_42524217:SNP.GT>
M  Contraint for MA[extra] 1C 42525771:SNP.GA: <gurobi.Var 1C> >= <gurobi.Var EXT_1C_42525771:SNP.GA>
M  Contraint for MA[extra] 1C 42523408:SNP.TG: <gurobi.Var 1C> >= <gurobi.Var EXT_1C_42523408:SNP.TG>
M  Contraint for MA[extra] 1C 42523942:SNP.GA: <gurobi.Var 1C> >= <gurobi.Var EXT_1C_42523942:SNP.GA>
M  Contraint for MA[extra] 1C 42526483:SNP.CA: <gurobi.Var 1C> >= <gurobi.Var EXT_1C_42526483:SNP.CA>
M  Contraint for MA[extra] 1C 42522612:SNP.CG: <gurobi.Var 1C> >= <gurobi.Var EXT_1C_42522612:SNP.CG>
M  Contraint for MA[extra] 1B 42524814:SNP.GA: <gurobi.Var 1B> >= <gurobi.Var EXT_1B_42524814:SNP.GA>
M  Contraint for MA[extra] 1B 42524923:SNP.AG: <gurobi.Var 1B> >= <gurobi.Var EXT_1B_42524923:SNP.AG>
M  Contraint for MA[extra] 1B 42525131:SNP.CG: <gurobi.Var 1B> >= <gurobi.Var EXT_1B_42525131:SNP.CG>
M  Contraint for MA[extra] 1B 42525951:SNP.AC: <gurobi.Var 1B> >= <gurobi.Var EXT_1B_42525951:SNP.AC>
M  Contraint for MA[extra] 1B 42528027:SNP.TC: <gurobi.Var 1B> >= <gurobi.Var EXT_1B_42528027:SNP.TC>
M  Contraint for MA[extra] 1B 42524217:SNP.GT: <gurobi.Var 1B> >= <gurobi.Var EXT_1B_42524217:SNP.GT>
M  Contraint for MA[extra] 1B 42525771:SNP.GA: <gurobi.Var 1B> >= <gurobi.Var EXT_1B_42525771:SNP.GA>
M  Contraint for MA[extra] 1B 42523408:SNP.TG: <gurobi.Var 1B> >= <gurobi.Var EXT_1B_42523408:SNP.TG>
M  Contraint for MA[extra] 1B 42523942:SNP.GA: <gurobi.Var 1B> >= <gurobi.Var EXT_1B_42523942:SNP.GA>
M  Contraint for MA[extra] 1B 42526483:SNP.CA: <gurobi.Var 1B> >= <gurobi.Var EXT_1B_42526483:SNP.CA>
M  Contraint for MA[extra] 1B 42522612:SNP.CG: <gurobi.Var 1B> >= <gurobi.Var EXT_1B_42522612:SNP.CG>
M  Contraint for MA[extra] 1E 42524814:SNP.GA: <gurobi.Var 1E> >= <gurobi.Var EXT_1E_42524814:SNP.GA>
M  Contraint for MA[extra] 1E 42525951:SNP.AC: <gurobi.Var 1E> >= <gurobi.Var EXT_1E_42525951:SNP.AC>
M  Contraint for MA[extra] 1E 42525131:SNP.CG: <gurobi.Var 1E> >= <gurobi.Var EXT_1E_42525131:SNP.CG>
M  Contraint for MA[extra] 1E 42522964:SNP.CT: <gurobi.Var 1E> >= <gurobi.Var EXT_1E_42522964:SNP.CT>
M  Contraint for MA[extra] 1E 42528027:SNP.TC: <gurobi.Var 1E> >= <gurobi.Var EXT_1E_42528027:SNP.TC>
M  Contraint for MA[extra] 1E 42524217:SNP.GT: <gurobi.Var 1E> >= <gurobi.Var EXT_1E_42524217:SNP.GT>
M  Contraint for MA[extra] 1E 42525771:SNP.GA: <gurobi.Var 1E> >= <gurobi.Var EXT_1E_42525771:SNP.GA>
M  Contraint for MA[extra] 1E 42523408:SNP.TG: <gurobi.Var 1E> >= <gurobi.Var EXT_1E_42523408:SNP.TG>
M  Contraint for MA[extra] 1E 42523942:SNP.GA: <gurobi.Var 1E> >= <gurobi.Var EXT_1E_42523942:SNP.GA>
M  Contraint for MA[extra] 1E 42526483:SNP.CA: <gurobi.Var 1E> >= <gurobi.Var EXT_1E_42526483:SNP.CA>
M  Contraint for MA[extra] 1E 42522612:SNP.CG: <gurobi.Var 1E> >= <gurobi.Var EXT_1E_42522612:SNP.CG>
M  Contraint for MA[extra] 1D 42524814:SNP.GA: <gurobi.Var 1D> >= <gurobi.Var EXT_1D_42524814:SNP.GA>
M  Contraint for MA[extra] 1D 42524923:SNP.AG: <gurobi.Var 1D> >= <gurobi.Var EXT_1D_42524923:SNP.AG>
M  Contraint for MA[extra] 1D 42525951:SNP.AC: <gurobi.Var 1D> >= <gurobi.Var EXT_1D_42525951:SNP.AC>
M  Contraint for MA[extra] 1D 42525131:SNP.CG: <gurobi.Var 1D> >= <gurobi.Var EXT_1D_42525131:SNP.CG>
M  Contraint for MA[extra] 1D 42522964:SNP.CT: <gurobi.Var 1D> >= <gurobi.Var EXT_1D_42522964:SNP.CT>
M  Contraint for MA[extra] 1D 42528027:SNP.TC: <gurobi.Var 1D> >= <gurobi.Var EXT_1D_42528027:SNP.TC>
M  Contraint for MA[extra] 1D 42525771:SNP.GA: <gurobi.Var 1D> >= <gurobi.Var EXT_1D_42525771:SNP.GA>
M  Contraint for MA[extra] 1D 42523408:SNP.TG: <gurobi.Var 1D> >= <gurobi.Var EXT_1D_42523408:SNP.TG>
M  Contraint for MA[extra] 1D 42523942:SNP.GA: <gurobi.Var 1D> >= <gurobi.Var EXT_1D_42523942:SNP.GA>
M  Contraint for MA[extra] 1D 42526483:SNP.CA: <gurobi.Var 1D> >= <gurobi.Var EXT_1D_42526483:SNP.CA>
M  Contraint for MA[extra] 1D 42522612:SNP.CG: <gurobi.Var 1D> >= <gurobi.Var EXT_1D_42522612:SNP.CG>
M  Contraint for MA[extra] 17W 42524814:SNP.GA: <gurobi.Var 17W> >= <gurobi.Var EXT_17W_42524814:SNP.GA>
M  Contraint for MA[extra] 17W 42524923:SNP.AG: <gurobi.Var 17W> >= <gurobi.Var EXT_17W_42524923:SNP.AG>
M  Contraint for MA[extra] 17W 42524217:SNP.GT: <gurobi.Var 17W> >= <gurobi.Var EXT_17W_42524217:SNP.GT>
M  Contraint for MA[extra] 17W 42522964:SNP.CT: <gurobi.Var 17W> >= <gurobi.Var EXT_17W_42522964:SNP.CT>
M  Objective: <gurobi.LinExpr: C115 + C116 + C117 + C118 + C119 + C120 + C121 + C122 + C123 + C124 + C125 + C126 + C127 + C128 + C129 + C130 + C131 + C132 + C133 + C134 + C135 + C136 + C137 + C138 + EXT_17_42524814:SNP.GA + EXT_17_42524923:SNP.AG + EXT_17_42525951:SNP.AC + EXT_17_42522964:SNP.CT + EXT_17_42528027:SNP.TC + EXT_17_42524217:SNP.GT + EXT_17_42523408:SNP.TG + EXT_17_42526483:SNP.CA + EXT_1_42524814:SNP.GA + EXT_1_42524923:SNP.AG + EXT_1_42525951:SNP.AC + EXT_1_42525131:SNP.CG + EXT_1_42522964:SNP.CT + EXT_1_42528027:SNP.TC + EXT_1_42524217:SNP.GT + EXT_1_42525771:SNP.GA + EXT_1_42523408:SNP.TG + EXT_1_42523942:SNP.GA + EXT_1_42526483:SNP.CA + EXT_1_42522612:SNP.CG + EXT_1C_42524923:SNP.AG + EXT_1C_42525951:SNP.AC + EXT_1C_42525131:SNP.CG + EXT_1C_42522964:SNP.CT + EXT_1C_42528027:SNP.TC + EXT_1C_42524217:SNP.GT + EXT_1C_42525771:SNP.GA + EXT_1C_42523408:SNP.TG + EXT_1C_42523942:SNP.GA + EXT_1C_42526483:SNP.CA + EXT_1C_42522612:SNP.CG + EXT_1B_42524814:SNP.GA + EXT_1B_42524923:SNP.AG + EXT_1B_42525131:SNP.CG + EXT_1B_42525951:SNP.AC + EXT_1B_42528027:SNP.TC + EXT_1B_42524217:SNP.GT + EXT_1B_42525771:SNP.GA + EXT_1B_42523408:SNP.TG + EXT_1B_42523942:SNP.GA + EXT_1B_42526483:SNP.CA + EXT_1B_42522612:SNP.CG + EXT_1E_42524814:SNP.GA + EXT_1E_42525951:SNP.AC + EXT_1E_42525131:SNP.CG + EXT_1E_42522964:SNP.CT + EXT_1E_42528027:SNP.TC + EXT_1E_42524217:SNP.GT + EXT_1E_42525771:SNP.GA + EXT_1E_42523408:SNP.TG + EXT_1E_42523942:SNP.GA + EXT_1E_42526483:SNP.CA + EXT_1E_42522612:SNP.CG + EXT_1D_42524814:SNP.GA + EXT_1D_42524923:SNP.AG + EXT_1D_42525951:SNP.AC + EXT_1D_42525131:SNP.CG + EXT_1D_42522964:SNP.CT + EXT_1D_42528027:SNP.TC + EXT_1D_42525771:SNP.GA + EXT_1D_42523408:SNP.TG + EXT_1D_42523942:SNP.GA + EXT_1D_42526483:SNP.CA + EXT_1D_42522612:SNP.CG + EXT_17W_42524814:SNP.GA + EXT_17W_42524923:SNP.AG + EXT_17W_42524217:SNP.GT + EXT_17W_42522964:SNP.CT + W>
M  Contraint for 17: <gurobi.LinExpr: REG_17_42525771:SNP.GA + REG_17_42523942:SNP.GA + REG_17_42522612:SNP.CG> = 3 * A_<gurobi.Var 17>
M  Contraint for 17W: <gurobi.LinExpr: REG_17W_42525771:SNP.GA + REG_17W_42523942:SNP.GA + REG_17W_42522612:SNP.CG> = 3 * A_<gurobi.Var 17W>
M  Contraint for 42524814:SNP.GA: 0 >= <gurobi.LinExpr: REG_1C_42524814:SNP.GA>
M  Contraint for 42522964:SNP.CT: 0 >= <gurobi.LinExpr: REG_1B_42522964:SNP.CT>
M  Contraint for 42524923:SNP.AG: 0 >= <gurobi.LinExpr: REG_1E_42524923:SNP.AG>
M  Contraint for 42524217:SNP.GT: 0 >= <gurobi.LinExpr: REG_1D_42524217:SNP.GT>
M  Contraint for 42524923:SNP.AG: 0 <= <gurobi.QuadExpr: 0.0 + [ REG_1E_42524923:SNP.AG * 1E + EXT_17_42524923:SNP.AG * 17 + EXT_1_42524923:SNP.AG * 1 + EXT_1C_42524923:SNP.AG * 1C + EXT_1B_42524923:SNP.AG * 1B + EXT_1D_42524923:SNP.AG * 1D + EXT_17W_42524923:SNP.AG * 17W ]> <= 1
M  Contraint for 42525131:SNP.CG: 1 <= <gurobi.QuadExpr: 0.0 + [ REG_17_42525131:SNP.CG * 17 + REG_17W_42525131:SNP.CG * 17W + EXT_1_42525131:SNP.CG * 1 + EXT_1C_42525131:SNP.CG * 1C + EXT_1B_42525131:SNP.CG * 1B + EXT_1E_42525131:SNP.CG * 1E + EXT_1D_42525131:SNP.CG * 1D ]> <= 2
M  Contraint for 42522964:SNP.CT: 0 <= <gurobi.QuadExpr: 0.0 + [ REG_1B_42522964:SNP.CT * 1B + EXT_17_42522964:SNP.CT * 17 + EXT_1_42522964:SNP.CT * 1 + EXT_1C_42522964:SNP.CT * 1C + EXT_1E_42522964:SNP.CT * 1E + EXT_1D_42522964:SNP.CT * 1D + EXT_17W_42522964:SNP.CT * 17W ]> <= 1
M  Contraint for 42523408:SNP.TG: 1 <= <gurobi.QuadExpr: 0.0 + [ REG_17W_42523408:SNP.TG * 17W + EXT_17_42523408:SNP.TG * 17 + EXT_1_42523408:SNP.TG * 1 + EXT_1C_42523408:SNP.TG * 1C + EXT_1B_42523408:SNP.TG * 1B + EXT_1E_42523408:SNP.TG * 1E + EXT_1D_42523408:SNP.TG * 1D ]> <= 2
M  Contraint for 42528027:SNP.TC: 1 <= <gurobi.QuadExpr: 0.0 + [ REG_17W_42528027:SNP.TC * 17W + EXT_17_42528027:SNP.TC * 17 + EXT_1_42528027:SNP.TC * 1 + EXT_1C_42528027:SNP.TC * 1C + EXT_1B_42528027:SNP.TC * 1B + EXT_1E_42528027:SNP.TC * 1E + EXT_1D_42528027:SNP.TC * 1D ]> <= 2
M  Contraint for 42524814:SNP.GA: 0 <= <gurobi.QuadExpr: 0.0 + [ REG_1C_42524814:SNP.GA * 1C + EXT_17_42524814:SNP.GA * 17 + EXT_1_42524814:SNP.GA * 1 + EXT_1B_42524814:SNP.GA * 1B + EXT_1E_42524814:SNP.GA * 1E + EXT_1D_42524814:SNP.GA * 1D + EXT_17W_42524814:SNP.GA * 17W ]> <= 1
M  Contraint for 42524217:SNP.GT: 0 <= <gurobi.QuadExpr: 0.0 + [ REG_1D_42524217:SNP.GT * 1D + EXT_17_42524217:SNP.GT * 17 + EXT_1_42524217:SNP.GT * 1 + EXT_1C_42524217:SNP.GT * 1C + EXT_1B_42524217:SNP.GT * 1B + EXT_1E_42524217:SNP.GT * 1E + EXT_17W_42524217:SNP.GT * 17W ]> <= 1
M  Contraint for 42525771:SNP.GA: 1 <= <gurobi.QuadExpr: 0.0 + [ REG_17_42525771:SNP.GA * 17 + REG_17W_42525771:SNP.GA * 17W ]> <= 1
M  Contraint for 42525771:SNP.GA: <gurobi.QuadExpr: 0.0 + [ REG_17_42525771:SNP.GA * 17 + REG_17W_42525771:SNP.GA * 17W ]> <= 1
M  Contraint for 42525951:SNP.AC: 1 <= <gurobi.QuadExpr: 0.0 + [ REG_17W_42525951:SNP.AC * 17W + EXT_17_42525951:SNP.AC * 17 + EXT_1_42525951:SNP.AC * 1 + EXT_1C_42525951:SNP.AC * 1C + EXT_1B_42525951:SNP.AC * 1B + EXT_1E_42525951:SNP.AC * 1E + EXT_1D_42525951:SNP.AC * 1D ]> <= 2
M  Contraint for 42523942:SNP.GA: 1 <= <gurobi.QuadExpr: 0.0 + [ REG_17_42523942:SNP.GA * 17 + REG_17W_42523942:SNP.GA * 17W ]> <= 1
M  Contraint for 42523942:SNP.GA: <gurobi.QuadExpr: 0.0 + [ REG_17_42523942:SNP.GA * 17 + REG_17W_42523942:SNP.GA * 17W ]> <= 1
M  Contraint for 42526483:SNP.CA: 1 <= <gurobi.QuadExpr: 0.0 + [ REG_17W_42526483:SNP.CA * 17W + EXT_17_42526483:SNP.CA * 17 + EXT_1_42526483:SNP.CA * 1 + EXT_1C_42526483:SNP.CA * 1C + EXT_1B_42526483:SNP.CA * 1B + EXT_1E_42526483:SNP.CA * 1E + EXT_1D_42526483:SNP.CA * 1D ]> <= 2
M  Contraint for 42522612:SNP.CG: 1 <= <gurobi.QuadExpr: 0.0 + [ REG_17_42522612:SNP.CG * 17 + REG_17W_42522612:SNP.CG * 17W ]> <= 2
M  Contraint for 42522612:SNP.CG: <gurobi.QuadExpr: 0.0 + [ REG_17_42522612:SNP.CG * 17 + REG_17W_42522612:SNP.CG * 17W ]> <= 2
CN Solver status: optimal, opt: 382.0
  1: 1
  17W: 1
    6.3e 42525131:SNP.CG  431 ( 53 cp. 1) 
    6.1i 42525951:SNP.AC  419 ( 51 cp. 1) 
    6.0i 42528027:SNP.TC   12 ( 63 cp. 1) 
    6.2e 42525771:SNP.GA  288 ( 50 cp. 1) F
    6.7i 42523408:SNP.TG  475 ( 65 cp. 1) 
    6.6e 42523942:SNP.GA  237 ( 46 cp. 1) F
    6.1i 42526483:SNP.CA  341 ( 53 cp. 1) 
    6.9e 42522612:SNP.CG  318 ( 50 cp. 1) F
Missing:
  1: 1
  17W: 1
Extra:
  1: 1
  17W: 1
Time needed: (39.0)
Result is: [('1', '17W')]
