SAM file: bams/PGXT131.bam
File bams/PGXT131.bam has index
Coverage is 204.630530973
== Allele Filter ==
 6.0i   99245012: SNP.TG                   46 ( 50%) ~     0 (  0)
 6.0i   99245079: SNP.AC                  285 ( 49%) ~     0 (  0)
 6.0i   99245274: SNP.AG                  178 ( 47%) ~     0 (  0)
 6.0i   99245913: SNP.GA     31611:C>T    223 ( 49%) ~     0 (  0)
 6.11i  99249845: SNP.GT                    3 (  8%) ~     0 (  0)
 6.10i  99251867: SNP.AC                    4 (100%) ~     0 (  0)
 6.10i  99257830: SNP.AC                    4 (  8%) ~     0 (  0)
 6.10i  99257832: SNP.AC                    6 ( 11%) ~     0 (  0)
 6.10i  99257834: SNP.TC                    5 (  9%) ~     0 (  0)
 6.10i  99257835: SNP.CT                    4 (  7%) ~     0 (  0)
 6.10i  99257836: SNP.CT                    6 ( 10%) ~     0 (  0)
 6.10i  99257838: SNP.TC                    3 (  5%) ~     0 (  0)
 6.10i  99257868: SNP.AT                    7 (  7%) ~     1 ( 14)
 6.9i   99260091: SNP.TC                    4 (100%) ~     0 (  0)
 6.9i   99260361: SNP.CA     17163:G>T    124 ( 41%) ~     0 (  0)
 6.9i   99260385: SNP.GC                   44 ( 11%) ~     0 (  0)
 6.9i   99260389: SNP.TC                   28 (  7%) ~     0 (  0)
 6.9i   99260401: SNP.TC                   77 ( 16%) ~     0 (  0)
 6.7i   99262571: SNP.GA                   25 (100%) ~     0 (  0)
 6.6i   99263138: SNP.TG                   75 ( 42%) ~     0 (  0)
 6.4i   99264809: SNP.CA                    3 (  6%) ~     0 (  0)
 6.4i   99268389: SNP.CT                   22 ( 61%) ~     0 (  0)
 6.4i   99268740: DEL.TG                   19 (  6%) ~     0 (  0)
 6.4i   99268740: DEL.TGTGTGTGTGTGTGTG               48 ( 14%) ~     0 (  0)
 6.4i   99268787: SNP.AT                   19 (  7%) ~     0 (  0)
 6.4i   99268886: SNP.TG                   98 ( 27%) ~     0 (  0)
 6.4i   99268893: SNP.GT                   30 (  9%) ~     0 (  0)
 6.4i   99268895: SNP.AT                   21 (  6%) ~     0 (  0)
 6.4i   99268924: SNP.AT                   21 (  6%) ~     0 (  0)
 6.3i   99270538: SNP.TC     6986:A>G     304 ( 56%) ~     0 (  0)
 6.2i   99272381: SNP.TA                    2 (  6%) ~     0 (  0)
 6.1i   99274338: SNP.TA                    2 (  5%) ~     0 (  0)
 6.1i   99276578: SNP.CT                    2 ( 22%) ~     0 (  0)
Removing 2     6.11e 99250235:SNP.GT
Removing 3K    6.12e 99247771:SNP.AG
Removing 3J    6.12e 99247742:SNP.TC
Removing 3L    6.2e 99273744:SNP.TC
Removing 3B    6.2e 99273814:SNP.GA,  6.2e 99273810:INS.c
Removing 3G    6.5i 99264572:SNP.AG
Removing 3F    6.13e 99245973:SNP.AG
Removing 3D    6.4e 99270275:SNP.AC
Removing 4     6.7e 99262859:SNP.TC
Removing 5     6.5i 99264572:SNP.AG
Removing 6     6.7e 99262834:SNP.CT
Removing 7     6.11e 99250393:INS.a
Removing 8     6.2e 99273820:SNP.GA
Removing 9X    6.10e 99258138:SNP.CT
Removing 9     6.10e 99258138:SNP.CT
Initial status
  CYP2D6.1C
                   99277592:SNP.GA    0 (  0)   -74:C>T
  CYP2D6.1E
    6.9i           99260361:SNP.CA  124 ( 41)   17163:G>T
  CYP2D6.1D
    6.0i           99245913:SNP.GA  223 ( 49)   31611:C>T
  CYP2D6.1
  CYP2D6.1B
                   99277604:SNP.CT    0 (  0)   -86:G>A
  CYP2D6.3H
    6.0i           99245913:SNP.GA  223 ( 49)   31611:C>T
    6.5i           99264416:SNP.AG    0 (  0)   13108:T>C
    6.3i           99270538:SNP.TC  304 ( 56) F 6986:A>G
  CYP2D6.3C
    6.3i           99270538:SNP.TC  304 ( 56) F 6986:A>G
  CYP2D6.3A
    6.0i           99245913:SNP.GA  223 ( 49)   31611:C>T
    6.3i           99270538:SNP.TC  304 ( 56) F 6986:A>G
  CYP2D6.3E
    6.0i           99245913:SNP.GA  223 ( 49)   31611:C>T
    6.10i          99250474:SNP.TC    0 (  0)   27050:A>G
    6.3i           99270538:SNP.TC  304 ( 56) F 6986:A>G
  CYP2D6.3I
    6.0i           99245913:SNP.GA  223 ( 49)   31611:C>T
    6.8i           99260621:SNP.TC    0 (  0)   16903:A>G
    6.3i           99270538:SNP.TC  304 ( 56) F 6986:A>G
== Copy Number Estimator ==
CNV factor: 2.31547312224 (0.431877178964)
Coverage per region
  region:  2D6  2D7
  0i   :  2.33
  1e   :  2.33
  1i   :  2.77
  2e   :  2.92
  2i   :  3.65
  3e   :  4.14
  3i   :  2.37
  4e   :  1.95
  4i   :  2.74
  5e   :  2.77
  5i   :  2.39
  6e   :  1.97
  6i   :  2.26
  7e   :  2.55
  7i   :  3.41
  8e   :  3.72
  8i   :  2.59
  9e   :  2.78
  9i   :  2.43
  10e  :  2.67
  10i  :  2.90
  11e  :  2.32
  11i  :  2.45
  12e  :  2.06
  12i  :  3.67
  13e  :  2.98
Max. CN = 4
M  Sentinel contraint for 1: A_1^ <= A_1
M  Contraint for 7e: 2.54848695509 == E_7e + <gurobi.LinExpr: A1 + A1^>
M  Contraint for 6e: 1.97396211384 == E_6e + <gurobi.LinExpr: A1 + A1^>
M  Contraint for 9e: 2.77630387649 == E_9e + <gurobi.LinExpr: A1 + A1^>
M  Contraint for 8e: 3.71866003345 == E_8e + <gurobi.LinExpr: A1 + A1^>
M  Contraint for 2e: 2.91739307068 == E_2e + <gurobi.LinExpr: A1 + A1^>
M  Contraint for 1e: 2.32624777613 == E_1e + <gurobi.LinExpr: A1 + A1^>
M  Contraint for 5e: 2.76678324799 == E_5e + <gurobi.LinExpr: A1 + A1^>
M  Contraint for 4e: 1.95427995315 == E_4e + <gurobi.LinExpr: A1 + A1^>
M  Contraint for 3e: 4.14125028046 == E_3e + <gurobi.LinExpr: A1 + A1^>
M  Objective: <gurobi.LinExpr: C11 + C12 + C13 + C14 + C15 + C16 + C17 + C18 + C19 + 0.5 A1 + 0.5 A1^>
CN Solver status: optimal, opt: 8.2668831733
  Solutions:
    ('1', '1^')
== Initial Solver ==
Solving Counter({'1': 2})
Possible candidates:
  CYP2D6.1
  CYP2D6.3A
    6.3i 99270538:SNP.TC  304 ( 56) F 6986:A>G
M  Max. CN for 1 = 2
M  Max. CN for 3A = 2
M  Contraint for 99270538:SNP.TC 6.3i: 304 == <gurobi.QuadExpr: 0.0 + [ 272.0 REG_3A_99270538:SNP.TC * 3A + 272.0 REG_3A_2_99270538:SNP.TC * 3A_2 ]> + err
M  Contraint for 99270538:REF 6.3i: 240 == <gurobi.QuadExpr: 272.0 1 + 272.0 3A + 272.0 3A_2 + 272.0 1_2 + [ -272.0 REG_3A_99270538:SNP.TC * 3A + -272.0 REG_3A_2_99270538:SNP.TC * 3A_2 ]> + err
M  Contraint for 3A 99270538:SNP.TC: <gurobi.Var 3A> >= <gurobi.Var REG_3A_99270538:SNP.TC>
M  Contraint for 3A_2 99270538:SNP.TC: <gurobi.Var 3A_2> >= <gurobi.Var REG_3A_2_99270538:SNP.TC>
M  CN contraint for 1: 2 == <gurobi.LinExpr: 1 + 3A + 3A_2 + 1_2>
M  Sentinel contraint for 1: A_1_2 <= A_1
M  Sentinel contraint for 3A: A_3A_2 <= A_3A
M  Objective: <gurobi.LinExpr: C9 + C10>
M  Contraint for 3A: A_3A * (<gurobi.LinExpr: REG_3A_99270538:SNP.TC> - 1) == 0
M  Contraint for 3A_2: A_3A_2 * (<gurobi.LinExpr: REG_3A_2_99270538:SNP.TC> - 1) == 0
M  Contraint for 99270538:SNP.TC: 1 <= <gurobi.QuadExpr: 0.0 + [ 3A * REG_3A_99270538:SNP.TC + 3A_2 * REG_3A_2_99270538:SNP.TC ]>
M  Contraint for 99270538:SNP.TC: 1 <= <gurobi.QuadExpr: 0.0 + [ 3A * REG_3A_99270538:SNP.TC + 3A_2 * REG_3A_2_99270538:SNP.TC ]>
CN Solver status: optimal, opt: 64.0
  solution:
    ('1', '3A')
[32;01mCopy number best structures:[39;49;00m
[32;01m  (1) 2x*1-like[39;49;00m
== Refiner ==
Refining ('1', '3A')
M  CN constraint for 1: 1 == <gurobi.LinExpr: 1C + 1 + 1E + 1D + 1B>
M  CN constraint for 3A: 1 == <gurobi.LinExpr: 3C + 3I + 3H + 3A + 3E>
M  Contraint for 99277604:REF : 470 == <gurobi.QuadExpr: 0.0 + [ -0.0 EXT_3H_99277604:SNP.CT * 3H + -0.0 EXT_3I_99277604:SNP.CT * 3I + -0.0 EXT_1_99277604:SNP.CT * 1 + -0.0 EXT_1C_99277604:SNP.CT * 1C + -0.0 REG_1B_99277604:SNP.CT * 1B + -0.0 EXT_1E_99277604:SNP.CT * 1E + -0.0 EXT_1D_99277604:SNP.CT * 1D + -0.0 EXT_3C_99277604:SNP.CT * 3C + -0.0 EXT_3A_99277604:SNP.CT * 3A + -0.0 EXT_3E_99277604:SNP.CT * 3E ]> + err
M  Contraint for 99260361:REF 6.9i: 175 == <gurobi.QuadExpr: 149.5 3H + 149.5 3I + 149.5 1 + 149.5 1C + 149.5 1B + 149.5 1E + 149.5 1D + 149.5 3C + 149.5 3A + 149.5 3E + [ -149.5 EXT_3H_99260361:SNP.CA * 3H + -149.5 EXT_3I_99260361:SNP.CA * 3I + -149.5 EXT_1_99260361:SNP.CA * 1 + -149.5 EXT_1C_99260361:SNP.CA * 1C + -149.5 EXT_1B_99260361:SNP.CA * 1B + -149.5 REG_1E_99260361:SNP.CA * 1E + -149.5 EXT_1D_99260361:SNP.CA * 1D + -149.5 EXT_3C_99260361:SNP.CA * 3C + -149.5 EXT_3A_99260361:SNP.CA * 3A + -149.5 EXT_3E_99260361:SNP.CA * 3E ]> + err
M  Contraint for 99277592:REF : 475 == <gurobi.QuadExpr: 0.0 + [ -0.0 EXT_3H_99277592:SNP.GA * 3H + -0.0 EXT_3I_99277592:SNP.GA * 3I + -0.0 EXT_1_99277592:SNP.GA * 1 + -0.0 REG_1C_99277592:SNP.GA * 1C + -0.0 EXT_1B_99277592:SNP.GA * 1B + -0.0 EXT_1E_99277592:SNP.GA * 1E + -0.0 EXT_1D_99277592:SNP.GA * 1D + -0.0 EXT_3C_99277592:SNP.GA * 3C + -0.0 EXT_3A_99277592:SNP.GA * 3A + -0.0 EXT_3E_99277592:SNP.GA * 3E ]> + err
M  Contraint for 99270538:SNP.TC 6.3i: 304 == <gurobi.QuadExpr: 0.0 + [ 272.0 REG_3H_99270538:SNP.TC * 3H + 272.0 REG_3I_99270538:SNP.TC * 3I + 272.0 EXT_1_99270538:SNP.TC * 1 + 272.0 EXT_1C_99270538:SNP.TC * 1C + 272.0 EXT_1B_99270538:SNP.TC * 1B + 272.0 EXT_1E_99270538:SNP.TC * 1E + 272.0 EXT_1D_99270538:SNP.TC * 1D + 272.0 REG_3C_99270538:SNP.TC * 3C + 272.0 REG_3A_99270538:SNP.TC * 3A + 272.0 REG_3E_99270538:SNP.TC * 3E ]> + err
M  Contraint for 99277592:SNP.GA : 0 == <gurobi.QuadExpr: 0.0 + [ 0.0 EXT_3H_99277592:SNP.GA * 3H + 0.0 EXT_3I_99277592:SNP.GA * 3I + 0.0 EXT_1_99277592:SNP.GA * 1 + 0.0 REG_1C_99277592:SNP.GA * 1C + 0.0 EXT_1B_99277592:SNP.GA * 1B + 0.0 EXT_1E_99277592:SNP.GA * 1E + 0.0 EXT_1D_99277592:SNP.GA * 1D + 0.0 EXT_3C_99277592:SNP.GA * 3C + 0.0 EXT_3A_99277592:SNP.GA * 3A + 0.0 EXT_3E_99277592:SNP.GA * 3E ]> + err
M  Contraint for 99250474:REF 6.10i: 381 == <gurobi.QuadExpr: 190.5 3H + 190.5 3I + 190.5 1 + 190.5 1C + 190.5 1B + 190.5 1E + 190.5 1D + 190.5 3C + 190.5 3A + 190.5 3E + [ -190.5 EXT_3H_99250474:SNP.TC * 3H + -190.5 EXT_3I_99250474:SNP.TC * 3I + -190.5 EXT_1_99250474:SNP.TC * 1 + -190.5 EXT_1C_99250474:SNP.TC * 1C + -190.5 EXT_1B_99250474:SNP.TC * 1B + -190.5 EXT_1E_99250474:SNP.TC * 1E + -190.5 EXT_1D_99250474:SNP.TC * 1D + -190.5 EXT_3C_99250474:SNP.TC * 3C + -190.5 EXT_3A_99250474:SNP.TC * 3A + -190.5 REG_3E_99250474:SNP.TC * 3E ]> + err
M  Contraint for 99260621:SNP.TC 6.8i: 0 == <gurobi.QuadExpr: 0.0 + [ 406.5 EXT_3H_99260621:SNP.TC * 3H + 406.5 REG_3I_99260621:SNP.TC * 3I + 406.5 EXT_1_99260621:SNP.TC * 1 + 406.5 EXT_1C_99260621:SNP.TC * 1C + 406.5 EXT_1B_99260621:SNP.TC * 1B + 406.5 EXT_1E_99260621:SNP.TC * 1E + 406.5 EXT_1D_99260621:SNP.TC * 1D + 406.5 EXT_3C_99260621:SNP.TC * 3C + 406.5 EXT_3A_99260621:SNP.TC * 3A + 406.5 EXT_3E_99260621:SNP.TC * 3E ]> + err
M  Contraint for 99260361:SNP.CA 6.9i: 124 == <gurobi.QuadExpr: 0.0 + [ 149.5 EXT_3H_99260361:SNP.CA * 3H + 149.5 EXT_3I_99260361:SNP.CA * 3I + 149.5 EXT_1_99260361:SNP.CA * 1 + 149.5 EXT_1C_99260361:SNP.CA * 1C + 149.5 EXT_1B_99260361:SNP.CA * 1B + 149.5 REG_1E_99260361:SNP.CA * 1E + 149.5 EXT_1D_99260361:SNP.CA * 1D + 149.5 EXT_3C_99260361:SNP.CA * 3C + 149.5 EXT_3A_99260361:SNP.CA * 3A + 149.5 EXT_3E_99260361:SNP.CA * 3E ]> + err
M  Contraint for 99260621:REF 6.8i: 813 == <gurobi.QuadExpr: 406.5 3H + 406.5 3I + 406.5 1 + 406.5 1C + 406.5 1B + 406.5 1E + 406.5 1D + 406.5 3C + 406.5 3A + 406.5 3E + [ -406.5 EXT_3H_99260621:SNP.TC * 3H + -406.5 REG_3I_99260621:SNP.TC * 3I + -406.5 EXT_1_99260621:SNP.TC * 1 + -406.5 EXT_1C_99260621:SNP.TC * 1C + -406.5 EXT_1B_99260621:SNP.TC * 1B + -406.5 EXT_1E_99260621:SNP.TC * 1E + -406.5 EXT_1D_99260621:SNP.TC * 1D + -406.5 EXT_3C_99260621:SNP.TC * 3C + -406.5 EXT_3A_99260621:SNP.TC * 3A + -406.5 EXT_3E_99260621:SNP.TC * 3E ]> + err
M  Contraint for 99245913:SNP.GA 6.0i: 223 == <gurobi.QuadExpr: 0.0 + [ 228.5 REG_3H_99245913:SNP.GA * 3H + 228.5 REG_3I_99245913:SNP.GA * 3I + 228.5 EXT_1_99245913:SNP.GA * 1 + 228.5 EXT_1C_99245913:SNP.GA * 1C + 228.5 EXT_1B_99245913:SNP.GA * 1B + 228.5 EXT_1E_99245913:SNP.GA * 1E + 228.5 REG_1D_99245913:SNP.GA * 1D + 228.5 EXT_3C_99245913:SNP.GA * 3C + 228.5 REG_3A_99245913:SNP.GA * 3A + 228.5 REG_3E_99245913:SNP.GA * 3E ]> + err
M  Contraint for 99245913:REF 6.0i: 234 == <gurobi.QuadExpr: 228.5 3H + 228.5 3I + 228.5 1 + 228.5 1C + 228.5 1B + 228.5 1E + 228.5 1D + 228.5 3C + 228.5 3A + 228.5 3E + [ -228.5 REG_3H_99245913:SNP.GA * 3H + -228.5 REG_3I_99245913:SNP.GA * 3I + -228.5 EXT_1_99245913:SNP.GA * 1 + -228.5 EXT_1C_99245913:SNP.GA * 1C + -228.5 EXT_1B_99245913:SNP.GA * 1B + -228.5 EXT_1E_99245913:SNP.GA * 1E + -228.5 REG_1D_99245913:SNP.GA * 1D + -228.5 EXT_3C_99245913:SNP.GA * 3C + -228.5 REG_3A_99245913:SNP.GA * 3A + -228.5 REG_3E_99245913:SNP.GA * 3E ]> + err
M  Contraint for 99250474:SNP.TC 6.10i: 0 == <gurobi.QuadExpr: 0.0 + [ 190.5 EXT_3H_99250474:SNP.TC * 3H + 190.5 EXT_3I_99250474:SNP.TC * 3I + 190.5 EXT_1_99250474:SNP.TC * 1 + 190.5 EXT_1C_99250474:SNP.TC * 1C + 190.5 EXT_1B_99250474:SNP.TC * 1B + 190.5 EXT_1E_99250474:SNP.TC * 1E + 190.5 EXT_1D_99250474:SNP.TC * 1D + 190.5 EXT_3C_99250474:SNP.TC * 3C + 190.5 EXT_3A_99250474:SNP.TC * 3A + 190.5 REG_3E_99250474:SNP.TC * 3E ]> + err
M  Contraint for 99277604:SNP.CT : 0 == <gurobi.QuadExpr: 0.0 + [ 0.0 EXT_3H_99277604:SNP.CT * 3H + 0.0 EXT_3I_99277604:SNP.CT * 3I + 0.0 EXT_1_99277604:SNP.CT * 1 + 0.0 EXT_1C_99277604:SNP.CT * 1C + 0.0 REG_1B_99277604:SNP.CT * 1B + 0.0 EXT_1E_99277604:SNP.CT * 1E + 0.0 EXT_1D_99277604:SNP.CT * 1D + 0.0 EXT_3C_99277604:SNP.CT * 3C + 0.0 EXT_3A_99277604:SNP.CT * 3A + 0.0 EXT_3E_99277604:SNP.CT * 3E ]> + err
M  Contraint for 99270538:REF 6.3i: 240 == <gurobi.QuadExpr: 272.0 3H + 272.0 3I + 272.0 1 + 272.0 1C + 272.0 1B + 272.0 1E + 272.0 1D + 272.0 3C + 272.0 3A + 272.0 3E + [ -272.0 REG_3H_99270538:SNP.TC * 3H + -272.0 REG_3I_99270538:SNP.TC * 3I + -272.0 EXT_1_99270538:SNP.TC * 1 + -272.0 EXT_1C_99270538:SNP.TC * 1C + -272.0 EXT_1B_99270538:SNP.TC * 1B + -272.0 EXT_1E_99270538:SNP.TC * 1E + -272.0 EXT_1D_99270538:SNP.TC * 1D + -272.0 REG_3C_99270538:SNP.TC * 3C + -272.0 REG_3A_99270538:SNP.TC * 3A + -272.0 REG_3E_99270538:SNP.TC * 3E ]> + err
M  Contraint for 99264416:SNP.AG 6.5i: 0 == <gurobi.QuadExpr: 0.0 + [ 346.0 REG_3H_99264416:SNP.AG * 3H + 346.0 EXT_3I_99264416:SNP.AG * 3I + 346.0 EXT_1_99264416:SNP.AG * 1 + 346.0 EXT_1C_99264416:SNP.AG * 1C + 346.0 EXT_1B_99264416:SNP.AG * 1B + 346.0 EXT_1E_99264416:SNP.AG * 1E + 346.0 EXT_1D_99264416:SNP.AG * 1D + 346.0 EXT_3C_99264416:SNP.AG * 3C + 346.0 EXT_3A_99264416:SNP.AG * 3A + 346.0 EXT_3E_99264416:SNP.AG * 3E ]> + err
M  Contraint for 99264416:REF 6.5i: 692 == <gurobi.QuadExpr: 346.0 3H + 346.0 3I + 346.0 1 + 346.0 1C + 346.0 1B + 346.0 1E + 346.0 1D + 346.0 3C + 346.0 3A + 346.0 3E + [ -346.0 REG_3H_99264416:SNP.AG * 3H + -346.0 EXT_3I_99264416:SNP.AG * 3I + -346.0 EXT_1_99264416:SNP.AG * 1 + -346.0 EXT_1C_99264416:SNP.AG * 1C + -346.0 EXT_1B_99264416:SNP.AG * 1B + -346.0 EXT_1E_99264416:SNP.AG * 1E + -346.0 EXT_1D_99264416:SNP.AG * 1D + -346.0 EXT_3C_99264416:SNP.AG * 3C + -346.0 EXT_3A_99264416:SNP.AG * 3A + -346.0 EXT_3E_99264416:SNP.AG * 3E ]> + err
M  Contraint for MM[missing] 1C 99277592:SNP.GA: <gurobi.Var 1C> >= <gurobi.Var REG_1C_99277592:SNP.GA>
M  Contraint for MM[missing] 3C 99270538:SNP.TC: <gurobi.Var 3C> >= <gurobi.Var REG_3C_99270538:SNP.TC>
M  Contraint for MM[missing] 3I 99270538:SNP.TC: <gurobi.Var 3I> >= <gurobi.Var REG_3I_99270538:SNP.TC>
M  Contraint for MM[missing] 3I 99245913:SNP.GA: <gurobi.Var 3I> >= <gurobi.Var REG_3I_99245913:SNP.GA>
M  Contraint for MM[missing] 3I 99260621:SNP.TC: <gurobi.Var 3I> >= <gurobi.Var REG_3I_99260621:SNP.TC>
M  Contraint for MM[missing] 3H 99270538:SNP.TC: <gurobi.Var 3H> >= <gurobi.Var REG_3H_99270538:SNP.TC>
M  Contraint for MM[missing] 3H 99245913:SNP.GA: <gurobi.Var 3H> >= <gurobi.Var REG_3H_99245913:SNP.GA>
M  Contraint for MM[missing] 3H 99264416:SNP.AG: <gurobi.Var 3H> >= <gurobi.Var REG_3H_99264416:SNP.AG>
M  Contraint for MM[missing] 1E 99260361:SNP.CA: <gurobi.Var 1E> >= <gurobi.Var REG_1E_99260361:SNP.CA>
M  Contraint for MM[missing] 1D 99245913:SNP.GA: <gurobi.Var 1D> >= <gurobi.Var REG_1D_99245913:SNP.GA>
M  Contraint for MM[missing] 1B 99277604:SNP.CT: <gurobi.Var 1B> >= <gurobi.Var REG_1B_99277604:SNP.CT>
M  Contraint for MM[missing] 3A 99270538:SNP.TC: <gurobi.Var 3A> >= <gurobi.Var REG_3A_99270538:SNP.TC>
M  Contraint for MM[missing] 3A 99245913:SNP.GA: <gurobi.Var 3A> >= <gurobi.Var REG_3A_99245913:SNP.GA>
M  Contraint for MM[missing] 3E 99270538:SNP.TC: <gurobi.Var 3E> >= <gurobi.Var REG_3E_99270538:SNP.TC>
M  Contraint for MM[missing] 3E 99245913:SNP.GA: <gurobi.Var 3E> >= <gurobi.Var REG_3E_99245913:SNP.GA>
M  Contraint for MM[missing] 3E 99250474:SNP.TC: <gurobi.Var 3E> >= <gurobi.Var REG_3E_99250474:SNP.TC>
M  Contraint for MA[extra] 1C 99270538:SNP.TC: <gurobi.Var 1C> >= <gurobi.Var EXT_1C_99270538:SNP.TC>
M  Contraint for MA[extra] 1C 99260621:SNP.TC: <gurobi.Var 1C> >= <gurobi.Var EXT_1C_99260621:SNP.TC>
M  Contraint for MA[extra] 1C 99260361:SNP.CA: <gurobi.Var 1C> >= <gurobi.Var EXT_1C_99260361:SNP.CA>
M  Contraint for MA[extra] 1C 99245913:SNP.GA: <gurobi.Var 1C> >= <gurobi.Var EXT_1C_99245913:SNP.GA>
M  Contraint for MA[extra] 1C 99250474:SNP.TC: <gurobi.Var 1C> >= <gurobi.Var EXT_1C_99250474:SNP.TC>
M  Contraint for MA[extra] 1C 99277604:SNP.CT: <gurobi.Var 1C> >= <gurobi.Var EXT_1C_99277604:SNP.CT>
M  Contraint for MA[extra] 1C 99264416:SNP.AG: <gurobi.Var 1C> >= <gurobi.Var EXT_1C_99264416:SNP.AG>
M  Contraint for MA[extra] 1 99270538:SNP.TC: <gurobi.Var 1> >= <gurobi.Var EXT_1_99270538:SNP.TC>
M  Contraint for MA[extra] 1 99277592:SNP.GA: <gurobi.Var 1> >= <gurobi.Var EXT_1_99277592:SNP.GA>
M  Contraint for MA[extra] 1 99260621:SNP.TC: <gurobi.Var 1> >= <gurobi.Var EXT_1_99260621:SNP.TC>
M  Contraint for MA[extra] 1 99260361:SNP.CA: <gurobi.Var 1> >= <gurobi.Var EXT_1_99260361:SNP.CA>
M  Contraint for MA[extra] 1 99245913:SNP.GA: <gurobi.Var 1> >= <gurobi.Var EXT_1_99245913:SNP.GA>
M  Contraint for MA[extra] 1 99250474:SNP.TC: <gurobi.Var 1> >= <gurobi.Var EXT_1_99250474:SNP.TC>
M  Contraint for MA[extra] 1 99277604:SNP.CT: <gurobi.Var 1> >= <gurobi.Var EXT_1_99277604:SNP.CT>
M  Contraint for MA[extra] 1 99264416:SNP.AG: <gurobi.Var 1> >= <gurobi.Var EXT_1_99264416:SNP.AG>
M  Contraint for MA[extra] 3C 99250474:SNP.TC: <gurobi.Var 3C> >= <gurobi.Var EXT_3C_99250474:SNP.TC>
M  Contraint for MA[extra] 3C 99277592:SNP.GA: <gurobi.Var 3C> >= <gurobi.Var EXT_3C_99277592:SNP.GA>
M  Contraint for MA[extra] 3C 99260621:SNP.TC: <gurobi.Var 3C> >= <gurobi.Var EXT_3C_99260621:SNP.TC>
M  Contraint for MA[extra] 3C 99260361:SNP.CA: <gurobi.Var 3C> >= <gurobi.Var EXT_3C_99260361:SNP.CA>
M  Contraint for MA[extra] 3C 99245913:SNP.GA: <gurobi.Var 3C> >= <gurobi.Var EXT_3C_99245913:SNP.GA>
M  Contraint for MA[extra] 3C 99277604:SNP.CT: <gurobi.Var 3C> >= <gurobi.Var EXT_3C_99277604:SNP.CT>
M  Contraint for MA[extra] 3C 99264416:SNP.AG: <gurobi.Var 3C> >= <gurobi.Var EXT_3C_99264416:SNP.AG>
M  Contraint for MA[extra] 3I 99277604:SNP.CT: <gurobi.Var 3I> >= <gurobi.Var EXT_3I_99277604:SNP.CT>
M  Contraint for MA[extra] 3I 99277592:SNP.GA: <gurobi.Var 3I> >= <gurobi.Var EXT_3I_99277592:SNP.GA>
M  Contraint for MA[extra] 3I 99260361:SNP.CA: <gurobi.Var 3I> >= <gurobi.Var EXT_3I_99260361:SNP.CA>
M  Contraint for MA[extra] 3I 99264416:SNP.AG: <gurobi.Var 3I> >= <gurobi.Var EXT_3I_99264416:SNP.AG>
M  Contraint for MA[extra] 3I 99250474:SNP.TC: <gurobi.Var 3I> >= <gurobi.Var EXT_3I_99250474:SNP.TC>
M  Contraint for MA[extra] 3H 99277604:SNP.CT: <gurobi.Var 3H> >= <gurobi.Var EXT_3H_99277604:SNP.CT>
M  Contraint for MA[extra] 3H 99277592:SNP.GA: <gurobi.Var 3H> >= <gurobi.Var EXT_3H_99277592:SNP.GA>
M  Contraint for MA[extra] 3H 99260361:SNP.CA: <gurobi.Var 3H> >= <gurobi.Var EXT_3H_99260361:SNP.CA>
M  Contraint for MA[extra] 3H 99260621:SNP.TC: <gurobi.Var 3H> >= <gurobi.Var EXT_3H_99260621:SNP.TC>
M  Contraint for MA[extra] 3H 99250474:SNP.TC: <gurobi.Var 3H> >= <gurobi.Var EXT_3H_99250474:SNP.TC>
M  Contraint for MA[extra] 1E 99270538:SNP.TC: <gurobi.Var 1E> >= <gurobi.Var EXT_1E_99270538:SNP.TC>
M  Contraint for MA[extra] 1E 99277592:SNP.GA: <gurobi.Var 1E> >= <gurobi.Var EXT_1E_99277592:SNP.GA>
M  Contraint for MA[extra] 1E 99260621:SNP.TC: <gurobi.Var 1E> >= <gurobi.Var EXT_1E_99260621:SNP.TC>
M  Contraint for MA[extra] 1E 99245913:SNP.GA: <gurobi.Var 1E> >= <gurobi.Var EXT_1E_99245913:SNP.GA>
M  Contraint for MA[extra] 1E 99250474:SNP.TC: <gurobi.Var 1E> >= <gurobi.Var EXT_1E_99250474:SNP.TC>
M  Contraint for MA[extra] 1E 99277604:SNP.CT: <gurobi.Var 1E> >= <gurobi.Var EXT_1E_99277604:SNP.CT>
M  Contraint for MA[extra] 1E 99264416:SNP.AG: <gurobi.Var 1E> >= <gurobi.Var EXT_1E_99264416:SNP.AG>
M  Contraint for MA[extra] 1D 99270538:SNP.TC: <gurobi.Var 1D> >= <gurobi.Var EXT_1D_99270538:SNP.TC>
M  Contraint for MA[extra] 1D 99277592:SNP.GA: <gurobi.Var 1D> >= <gurobi.Var EXT_1D_99277592:SNP.GA>
M  Contraint for MA[extra] 1D 99260621:SNP.TC: <gurobi.Var 1D> >= <gurobi.Var EXT_1D_99260621:SNP.TC>
M  Contraint for MA[extra] 1D 99260361:SNP.CA: <gurobi.Var 1D> >= <gurobi.Var EXT_1D_99260361:SNP.CA>
M  Contraint for MA[extra] 1D 99250474:SNP.TC: <gurobi.Var 1D> >= <gurobi.Var EXT_1D_99250474:SNP.TC>
M  Contraint for MA[extra] 1D 99277604:SNP.CT: <gurobi.Var 1D> >= <gurobi.Var EXT_1D_99277604:SNP.CT>
M  Contraint for MA[extra] 1D 99264416:SNP.AG: <gurobi.Var 1D> >= <gurobi.Var EXT_1D_99264416:SNP.AG>
M  Contraint for MA[extra] 1B 99270538:SNP.TC: <gurobi.Var 1B> >= <gurobi.Var EXT_1B_99270538:SNP.TC>
M  Contraint for MA[extra] 1B 99277592:SNP.GA: <gurobi.Var 1B> >= <gurobi.Var EXT_1B_99277592:SNP.GA>
M  Contraint for MA[extra] 1B 99260621:SNP.TC: <gurobi.Var 1B> >= <gurobi.Var EXT_1B_99260621:SNP.TC>
M  Contraint for MA[extra] 1B 99260361:SNP.CA: <gurobi.Var 1B> >= <gurobi.Var EXT_1B_99260361:SNP.CA>
M  Contraint for MA[extra] 1B 99245913:SNP.GA: <gurobi.Var 1B> >= <gurobi.Var EXT_1B_99245913:SNP.GA>
M  Contraint for MA[extra] 1B 99250474:SNP.TC: <gurobi.Var 1B> >= <gurobi.Var EXT_1B_99250474:SNP.TC>
M  Contraint for MA[extra] 1B 99264416:SNP.AG: <gurobi.Var 1B> >= <gurobi.Var EXT_1B_99264416:SNP.AG>
M  Contraint for MA[extra] 3A 99250474:SNP.TC: <gurobi.Var 3A> >= <gurobi.Var EXT_3A_99250474:SNP.TC>
M  Contraint for MA[extra] 3A 99277592:SNP.GA: <gurobi.Var 3A> >= <gurobi.Var EXT_3A_99277592:SNP.GA>
M  Contraint for MA[extra] 3A 99260621:SNP.TC: <gurobi.Var 3A> >= <gurobi.Var EXT_3A_99260621:SNP.TC>
M  Contraint for MA[extra] 3A 99260361:SNP.CA: <gurobi.Var 3A> >= <gurobi.Var EXT_3A_99260361:SNP.CA>
M  Contraint for MA[extra] 3A 99277604:SNP.CT: <gurobi.Var 3A> >= <gurobi.Var EXT_3A_99277604:SNP.CT>
M  Contraint for MA[extra] 3A 99264416:SNP.AG: <gurobi.Var 3A> >= <gurobi.Var EXT_3A_99264416:SNP.AG>
M  Contraint for MA[extra] 3E 99277604:SNP.CT: <gurobi.Var 3E> >= <gurobi.Var EXT_3E_99277604:SNP.CT>
M  Contraint for MA[extra] 3E 99277592:SNP.GA: <gurobi.Var 3E> >= <gurobi.Var EXT_3E_99277592:SNP.GA>
M  Contraint for MA[extra] 3E 99264416:SNP.AG: <gurobi.Var 3E> >= <gurobi.Var EXT_3E_99264416:SNP.AG>
M  Contraint for MA[extra] 3E 99260621:SNP.TC: <gurobi.Var 3E> >= <gurobi.Var EXT_3E_99260621:SNP.TC>
M  Contraint for MA[extra] 3E 99260361:SNP.CA: <gurobi.Var 3E> >= <gurobi.Var EXT_3E_99260361:SNP.CA>
M  Objective: <gurobi.LinExpr: C106 + C107 + C108 + C109 + C110 + C111 + C112 + C113 + C114 + C115 + C116 + C117 + C118 + C119 + C120 + C121 + EXT_3H_99277604:SNP.CT + EXT_3H_99277592:SNP.GA + EXT_3H_99260361:SNP.CA + EXT_3H_99260621:SNP.TC + EXT_3H_99250474:SNP.TC + EXT_3I_99277604:SNP.CT + EXT_3I_99277592:SNP.GA + EXT_3I_99260361:SNP.CA + EXT_3I_99264416:SNP.AG + EXT_3I_99250474:SNP.TC + EXT_1_99270538:SNP.TC + EXT_1_99277592:SNP.GA + EXT_1_99260621:SNP.TC + EXT_1_99260361:SNP.CA + EXT_1_99245913:SNP.GA + EXT_1_99250474:SNP.TC + EXT_1_99277604:SNP.CT + EXT_1_99264416:SNP.AG + EXT_1C_99270538:SNP.TC + EXT_1C_99260621:SNP.TC + EXT_1C_99260361:SNP.CA + EXT_1C_99245913:SNP.GA + EXT_1C_99250474:SNP.TC + EXT_1C_99277604:SNP.CT + EXT_1C_99264416:SNP.AG + EXT_1B_99270538:SNP.TC + EXT_1B_99277592:SNP.GA + EXT_1B_99260621:SNP.TC + EXT_1B_99260361:SNP.CA + EXT_1B_99245913:SNP.GA + EXT_1B_99250474:SNP.TC + EXT_1B_99264416:SNP.AG + EXT_1E_99270538:SNP.TC + EXT_1E_99277592:SNP.GA + EXT_1E_99260621:SNP.TC + EXT_1E_99245913:SNP.GA + EXT_1E_99250474:SNP.TC + EXT_1E_99277604:SNP.CT + EXT_1E_99264416:SNP.AG + EXT_1D_99270538:SNP.TC + EXT_1D_99277592:SNP.GA + EXT_1D_99260621:SNP.TC + EXT_1D_99260361:SNP.CA + EXT_1D_99250474:SNP.TC + EXT_1D_99277604:SNP.CT + EXT_1D_99264416:SNP.AG + EXT_3C_99250474:SNP.TC + EXT_3C_99277592:SNP.GA + EXT_3C_99260621:SNP.TC + EXT_3C_99260361:SNP.CA + EXT_3C_99245913:SNP.GA + EXT_3C_99277604:SNP.CT + EXT_3C_99264416:SNP.AG + EXT_3A_99250474:SNP.TC + EXT_3A_99277592:SNP.GA + EXT_3A_99260621:SNP.TC + EXT_3A_99260361:SNP.CA + EXT_3A_99277604:SNP.CT + EXT_3A_99264416:SNP.AG + EXT_3E_99277604:SNP.CT + EXT_3E_99277592:SNP.GA + EXT_3E_99264416:SNP.AG + EXT_3E_99260621:SNP.TC + EXT_3E_99260361:SNP.CA + W>
M  Contraint for 3H: <gurobi.LinExpr: REG_3H_99270538:SNP.TC> = 1 * A_<gurobi.Var 3H>
M  Contraint for 3I: <gurobi.LinExpr: REG_3I_99270538:SNP.TC> = 1 * A_<gurobi.Var 3I>
M  Contraint for 3C: <gurobi.LinExpr: REG_3C_99270538:SNP.TC> = 1 * A_<gurobi.Var 3C>
M  Contraint for 3A: <gurobi.LinExpr: REG_3A_99270538:SNP.TC> = 1 * A_<gurobi.Var 3A>
M  Contraint for 3E: <gurobi.LinExpr: REG_3E_99270538:SNP.TC> = 1 * A_<gurobi.Var 3E>
M  Contraint for 99264416:SNP.AG: 0 >= <gurobi.LinExpr: REG_3H_99264416:SNP.AG>
M  Contraint for 99260621:SNP.TC: 0 >= <gurobi.LinExpr: REG_3I_99260621:SNP.TC>
M  Contraint for 99277592:SNP.GA: 0 >= <gurobi.LinExpr: REG_1C_99277592:SNP.GA>
M  Contraint for 99277604:SNP.CT: 0 >= <gurobi.LinExpr: REG_1B_99277604:SNP.CT>
M  Contraint for 99250474:SNP.TC: 0 >= <gurobi.LinExpr: REG_3E_99250474:SNP.TC>
M  Contraint for 99245913:SNP.GA: 1 <= <gurobi.QuadExpr: 0.0 + [ REG_3H_99245913:SNP.GA * 3H + REG_3I_99245913:SNP.GA * 3I + REG_1D_99245913:SNP.GA * 1D + REG_3A_99245913:SNP.GA * 3A + REG_3E_99245913:SNP.GA * 3E + EXT_1_99245913:SNP.GA * 1 + EXT_1C_99245913:SNP.GA * 1C + EXT_1B_99245913:SNP.GA * 1B + EXT_1E_99245913:SNP.GA * 1E + EXT_3C_99245913:SNP.GA * 3C ]> <= 1
M  Contraint for 99260621:SNP.TC: 0 <= <gurobi.QuadExpr: 0.0 + [ REG_3I_99260621:SNP.TC * 3I + EXT_3H_99260621:SNP.TC * 3H + EXT_1_99260621:SNP.TC * 1 + EXT_1C_99260621:SNP.TC * 1C + EXT_1B_99260621:SNP.TC * 1B + EXT_1E_99260621:SNP.TC * 1E + EXT_1D_99260621:SNP.TC * 1D + EXT_3C_99260621:SNP.TC * 3C + EXT_3A_99260621:SNP.TC * 3A + EXT_3E_99260621:SNP.TC * 3E ]> <= 1
M  Contraint for 99270538:SNP.TC: 1 <= <gurobi.QuadExpr: 0.0 + [ REG_3H_99270538:SNP.TC * 3H + REG_3I_99270538:SNP.TC * 3I + REG_3C_99270538:SNP.TC * 3C + REG_3A_99270538:SNP.TC * 3A + REG_3E_99270538:SNP.TC * 3E ]> <= 2
M  Contraint for 99270538:SNP.TC: <gurobi.QuadExpr: 0.0 + [ REG_3H_99270538:SNP.TC * 3H + REG_3I_99270538:SNP.TC * 3I + REG_3C_99270538:SNP.TC * 3C + REG_3A_99270538:SNP.TC * 3A + REG_3E_99270538:SNP.TC * 3E ]> <= 2
M  Contraint for 99277604:SNP.CT: 0 <= <gurobi.QuadExpr: 0.0 + [ REG_1B_99277604:SNP.CT * 1B + EXT_3H_99277604:SNP.CT * 3H + EXT_3I_99277604:SNP.CT * 3I + EXT_1_99277604:SNP.CT * 1 + EXT_1C_99277604:SNP.CT * 1C + EXT_1E_99277604:SNP.CT * 1E + EXT_1D_99277604:SNP.CT * 1D + EXT_3C_99277604:SNP.CT * 3C + EXT_3A_99277604:SNP.CT * 3A + EXT_3E_99277604:SNP.CT * 3E ]> <= 0
M  Contraint for 99277592:SNP.GA: 0 <= <gurobi.QuadExpr: 0.0 + [ REG_1C_99277592:SNP.GA * 1C + EXT_3H_99277592:SNP.GA * 3H + EXT_3I_99277592:SNP.GA * 3I + EXT_1_99277592:SNP.GA * 1 + EXT_1B_99277592:SNP.GA * 1B + EXT_1E_99277592:SNP.GA * 1E + EXT_1D_99277592:SNP.GA * 1D + EXT_3C_99277592:SNP.GA * 3C + EXT_3A_99277592:SNP.GA * 3A + EXT_3E_99277592:SNP.GA * 3E ]> <= 0
M  Contraint for 99250474:SNP.TC: 0 <= <gurobi.QuadExpr: 0.0 + [ REG_3E_99250474:SNP.TC * 3E + EXT_3H_99250474:SNP.TC * 3H + EXT_3I_99250474:SNP.TC * 3I + EXT_1_99250474:SNP.TC * 1 + EXT_1C_99250474:SNP.TC * 1C + EXT_1B_99250474:SNP.TC * 1B + EXT_1E_99250474:SNP.TC * 1E + EXT_1D_99250474:SNP.TC * 1D + EXT_3C_99250474:SNP.TC * 3C + EXT_3A_99250474:SNP.TC * 3A ]> <= 1
M  Contraint for 99264416:SNP.AG: 0 <= <gurobi.QuadExpr: 0.0 + [ REG_3H_99264416:SNP.AG * 3H + EXT_3I_99264416:SNP.AG * 3I + EXT_1_99264416:SNP.AG * 1 + EXT_1C_99264416:SNP.AG * 1C + EXT_1B_99264416:SNP.AG * 1B + EXT_1E_99264416:SNP.AG * 1E + EXT_1D_99264416:SNP.AG * 1D + EXT_3C_99264416:SNP.AG * 3C + EXT_3A_99264416:SNP.AG * 3A + EXT_3E_99264416:SNP.AG * 3E ]> <= 1
M  Contraint for 99260361:SNP.CA: 1 <= <gurobi.QuadExpr: 0.0 + [ REG_1E_99260361:SNP.CA * 1E + EXT_3H_99260361:SNP.CA * 3H + EXT_3I_99260361:SNP.CA * 3I + EXT_1_99260361:SNP.CA * 1 + EXT_1C_99260361:SNP.CA * 1C + EXT_1B_99260361:SNP.CA * 1B + EXT_1D_99260361:SNP.CA * 1D + EXT_3C_99260361:SNP.CA * 3C + EXT_3A_99260361:SNP.CA * 3A + EXT_3E_99260361:SNP.CA * 3E ]> <= 1
CN Solver status: optimal, opt: 1071.0
  1E: 1
    6.9i 99260361:SNP.CA  124 ( 41 cp. 1) 
  3A: 1
    6.3i 99270538:SNP.TC  304 ( 56 cp. 1) F
    6.0i 99245913:SNP.GA  223 ( 49 cp. 1) 
Missing:
  1E: 1
  3A: 1
Extra:
  1E: 1
  3A: 1
Time needed: (7.6)
Result is: [('1E', '3A')]
