SAM file: bams/PGXT190.bam
File bams/PGXT190.bam has index
Coverage is 40.274974401
== Allele Filter ==
 6.24e  97543763: SNP.CT                  208 ( 49%) ~     0 (  0)
 6.23i  97544770: SNP.TC                   73 ( 49%) ~     0 (  0)
 6.23i  97547830: SNP.GA                  226 (100%) ~     0 (  0)
 6.21i  97584684: SNP.CG                    2 (100%) ~     0 (  0)
 6.21i  97605667: SNP.CT                    2 (100%) ~     0 (  0)
 6.21i  97619585: SNP.CG                    2 (100%) ~     0 (  0)
 6.21i  97620314: SNP.GC                    4 (100%) ~     0 (  0)
 6.21i  97631468: INS.a                     2 (100%) ~     0 (  0)
 6.21i  97652119: SNP.CA                    2 (100%) ~     0 (  0)
 6.21i  97656607: SNP.AG                    2 (100%) ~     0 (  0)
 6.21i  97658394: SNP.CT                    4 ( 50%) ~     0 (  0)
 6.20i  97676518: SNP.GA                    3 (100%) ~     0 (  0)
 6.20i  97693691: SNP.AT                    2 (100%) ~     0 (  0)
 6.20i  97700329: DEL.T                     7 (  6%) ~     0 (  0)
 6.19i  97754990: SNP.TA                    2 (100%) ~     2 (100)
 6.19i  97766865: SNP.CG                    2 (100%) ~     0 (  0)
 6.17i  97785496: SNP.TC                    6 (100%) ~     6 (100)
 6.17i  97821473: SNP.CT                    4 (100%) ~     0 (  0)
 6.17i  97837705: SNP.TC                    2 (100%) ~     0 (  0)
 6.17i  97838852: SNP.GA                    4 ( 57%) ~     0 (  0)
 6.16i  97839412: SNP.CG                    3 ( 50%) ~     0 (  0)
 6.16i  97846346: SNP.CT                    2 (100%) ~     0 (  0)
 6.15i  97848040: SNP.TG                   79 ( 54%) ~     0 (  0)
 6.15i  97848065: SNP.GA                    5 (  6%) ~     0 (  0)
 6.15i  97895761: SNP.TC                    2 (100%) ~     0 (  0)
 6.15i  97900551: SNP.AT                    2 (100%) ~     0 (  0)
 6.14i  97932321: SNP.CT                    2 (100%) ~     0 (  0)
 6.14i  97937068: SNP.GA                    2 (100%) ~     0 (  0)
 6.14i  97948978: SNP.AT                    2 (100%) ~     0 (  0)
 6.14i  97949374: SNP.AC                    2 (100%) ~     0 (  0)
 6.14i  97963034: SNP.TG                    2 (100%) ~     0 (  0)
 6.14i  97970617: SNP.GA                    2 (100%) ~     0 (  0)
 6.14i  97974984: SNP.GT                    2 (100%) ~     0 (  0)
 6.14i  97981152: SNP.GT                    2 ( 12%) ~     0 (  0)
 6.14i  97981193: SNP.CT                    2 (  9%) ~     0 (  0)
 6.14i  97981199: INS.a                    13 ( 45%) ~     0 (  0)
 6.14i  97981241: SNP.TC                  114 (100%) ~     0 (  0)
 6.13i  97981586: SNP.CT                   37 ( 55%) ~     0 (  0)
 6.13i  97981622: INS.a                    16 ( 42%) ~     0 (  0)
 6.13i  97981705: SNP.CT                    3 (100%) ~     0 (  0)
 6.13i  97999443: SNP.AG                    3 (100%) ~     0 (  0)
 6.13i  98006083: SNP.TC                    3 (100%) ~     0 (  0)
 6.13i  98006221: SNP.TC                    4 (100%) ~     0 (  0)
 6.13i  98006226: SNP.TA                    3 (100%) ~     0 (  0)
 6.13i  98014939: SNP.CA                   13 ( 65%) ~     0 (  0)
 6.12i  98015480: SNP.GT                    2 (100%) ~     0 (  0)
 6.12i  98024084: SNP.GT                    2 (100%) ~     0 (  0)
 6.12i  98028716: SNP.TC                    2 (100%) ~     0 (  0)
 6.10i  98060480: SNP.AC                   14 ( 52%) ~     0 (  0)
 6.9i   98060752: SNP.GA                   94 ( 47%) ~     0 (  0)
 6.9i   98063371: SNP.TG                    2 (100%) ~     0 (  0)
 6.9i   98071094: SNP.AT                    2 (100%) ~     0 (  0)
 6.9i   98095871: SNP.GT                    2 (100%) ~     0 (  0)
 6.9i   98096347: SNP.AG                    2 (100%) ~     0 (  0)
 6.9i   98097047: SNP.GT                    2 (100%) ~     0 (  0)
 6.9i   98109982: DEL.TTTG                  2 (100%) ~     0 (  0)
 6.9i   98116963: SNP.CT                    2 (100%) ~     0 (  0)
 6.9i   98122374: DEL.T                     2 (100%) ~     0 (  0)
 6.9i   98122380: SNP.TA                    2 (100%) ~     0 (  0)
 6.9i   98144609: SNP.AG                   14 ( 67%) ~     0 (  0)
 6.9i   98144622: SNP.TC                    2 (  5%) ~     0 (  0)
 6.8i   98144815: SNP.TG                    2 (  6%) ~     0 (  0)
 6.8i   98156774: SNP.AT                   88 ( 56%) ~     0 (  0)
 6.8i   98156891: SNP.AG                  155 ( 49%) ~     0 (  0)
 6.8e   98157331: SNP.CG                  430 (100%) ~     0 (  0)
 6.7i   98157361: SNP.GA                  130 ( 40%) ~     0 (  0)
 6.7i   98157590: SNP.CT                    2 (100%) ~     0 (  0)
 6.7i   98164767: SNP.CT                   17 ( 55%) ~     0 (  0)
 6.6i   98165247: SNP.AT                   14 ( 40%) ~     0 (  0)
 6.6i   98171195: SNP.TG                    2 (100%) ~     1 ( 50)
 6.6i   98183643: SNP.AG                    2 (100%) ~     0 (  0)
 6.6e   98185526: SNP.AG                  368 (100%) ~     0 (  0)
 6.6e   98185704: SNP.TC                   11 (  6%) ~     0 (  0)
 6.6e   98186076: SNP.TC                  367 (100%) ~     0 (  0)
 6.3i   98209147: SNP.AT                    2 (100%) ~     0 (  0)
 6.3i   98210265: SNP.CG                    2 (100%) ~     0 (  0)
 6.3i   98244250: SNP.GA                    3 (100%) ~     0 (  0)
 6.2i   98298487: DEL.A                     2 (100%) ~     0 (  0)
 6.2i   98305393: SNP.GA                    2 (100%) ~     0 (  0)
 6.2i   98320407: SNP.CT                   28 (100%) ~     0 (  0)
 6.2i   98320491: SNP.CA                   77 ( 42%) ~     0 (  0)
 6.2e   98348884: SNP.AG     85:A>G       312 ( 54%) ~     0 (  0)
 6.1i   98375176: INS.t                     2 (100%) ~     0 (  0)
 6.1i   98376177: SNP.TA                    2 (100%) ~     0 (  0)
 6.1i   98376181: SNP.CA                    2 (100%) ~     0 (  0)
 6.1i   98386401: SNP.AC                   32 (  9%) ~     0 (  0)
Removing 10    6.24e 97544626:SNP.CA
Removing 11    6.11e 98058898:SNP.CA
Removing 12    6.2e 98348907:SNP.CT,  6.12e 98039498:SNP.CA
Removing 13    6.14e 97981342:SNP.AC
Removing 2B    6.15i 97915613:SNP.CT,  6.14e 97981394:SNP.TC
Removing 2A    6.15i 97915613:SNP.CT
Removing 3     6.15e 97915621:DEL.G
Removing 4     6.14e 97981420:SNP.CT
Removing 5     6.14e 97981394:SNP.TC
Removing 6     6.19e 97770919:SNP.CT
Removing 7     6.4e 98205970:DEL.ATGA
Removing 8     6.8e 98157331:SNP.CT
Initial status
  CYP2D6.1
  CYP2D6.9B
    6.22e          97564153:SNP.CT    0 (  0)   2657:C>T
    6.2e           98348884:SNP.AG  312 ( 54) F 85:A>G
  CYP2D6.9
    6.2e           98348884:SNP.AG  312 ( 54) F 85:A>G
== Copy Number Estimator ==
CNV factor: 2.20924084873 (0.452644174389)
Coverage per region
  region:  2D6  2D7
  1e   :  1.49
  1i   :  1.46
  2e   :  2.26
  2i   :  1.78
  3e   :  2.11
  3i   :  2.16
  4e   :  2.47
  4i   :  2.41
  5e   :  1.99
  5i   :  2.21
  6e   :  2.22
  6i   :  2.68
  7e   :  2.21
  7i   :  2.49
  8e   :  2.37
  8i   :  2.30
  9e   :  3.15
  9i   :  2.68
  10e  :  2.47
  10i  :  2.36
  11e  :  1.75
  11i  :  2.26
  12e  :  1.88
  12i  :  2.00
  13e  :  1.79
  13i  :  2.35
  14e  :  2.20
  14i  :  3.39
  15e  :  2.27
  15i  :  2.16
  16e  :  1.88
  16i  :  2.36
  17e  :  2.00
  17i  :  2.55
  18e  :  2.04
  18i  :  2.23
  19e  :  1.60
  19i  :  1.99
  20e  :  1.79
  20i  :  2.34
  21e  :  1.95
  21i  :  2.70
  22e  :  2.56
  22i  :  2.78
  23e  :  1.87
  23i  :  2.27
  24e  :  2.09
Max. CN = 3
M  Sentinel contraint for 1: A_1^ <= A_1
M  Contraint for 24e: 2.09427167627 == E_24e + <gurobi.LinExpr: A1 + A1^>
M  Contraint for 7e: 2.21039687545 == E_7e + <gurobi.LinExpr: A1 + A1^>
M  Contraint for 12e: 1.88196117095 == E_12e + <gurobi.LinExpr: A1 + A1^>
M  Contraint for 16e: 1.87637205616 == E_16e + <gurobi.LinExpr: A1 + A1^>
M  Contraint for 22e: 2.55847278221 == E_22e + <gurobi.LinExpr: A1 + A1^>
M  Contraint for 9e: 3.15427652987 == E_9e + <gurobi.LinExpr: A1 + A1^>
M  Contraint for 10e: 2.47032736992 == E_10e + <gurobi.LinExpr: A1 + A1^>
M  Contraint for 14e: 2.19595935394 == E_14e + <gurobi.LinExpr: A1 + A1^>
M  Contraint for 20e: 1.7905969517 == E_20e + <gurobi.LinExpr: A1 + A1^>
M  Contraint for 1e: 1.49249096834 == E_1e + <gurobi.LinExpr: A1 + A1^>
M  Contraint for 5e: 1.98653694119 == E_5e + <gurobi.LinExpr: A1 + A1^>
M  Contraint for 3e: 2.10765609142 == E_3e + <gurobi.LinExpr: A1 + A1^>
M  Contraint for 11e: 1.749387867 == E_11e + <gurobi.LinExpr: A1 + A1^>
M  Contraint for 6e: 2.21938457011 == E_6e + <gurobi.LinExpr: A1 + A1^>
M  Contraint for 13e: 1.78704594532 == E_13e + <gurobi.LinExpr: A1 + A1^>
M  Contraint for 23e: 1.87200234624 == E_23e + <gurobi.LinExpr: A1 + A1^>
M  Contraint for 17e: 2.00307237112 == E_17e + <gurobi.LinExpr: A1 + A1^>
M  Contraint for 8e: 2.36674655294 == E_8e + <gurobi.LinExpr: A1 + A1^>
M  Contraint for 21e: 1.94789776547 == E_21e + <gurobi.LinExpr: A1 + A1^>
M  Contraint for 15e: 2.27395416896 == E_15e + <gurobi.LinExpr: A1 + A1^>
M  Contraint for 19e: 1.60150156984 == E_19e + <gurobi.LinExpr: A1 + A1^>
M  Contraint for 18e: 2.03508685151 == E_18e + <gurobi.LinExpr: A1 + A1^>
M  Contraint for 2e: 2.25539986302 == E_2e + <gurobi.LinExpr: A1 + A1^>
M  Contraint for 4e: 2.46803205286 == E_4e + <gurobi.LinExpr: A1 + A1^>
M  Objective: <gurobi.LinExpr: C26 + C27 + C28 + C29 + C30 + C31 + C32 + C33 + C34 + C35 + C36 + C37 + C38 + C39 + C40 + C41 + C42 + C43 + C44 + C45 + C46 + C47 + C48 + C49 + 0.5 A1 + 0.5 A1^>
CN Solver status: optimal, opt: 7.42724352739
  Solutions:
    ('1', '1^')
== Initial Solver ==
Solving Counter({'1': 2})
Possible candidates:
  CYP2D6.1
  CYP2D6.9
    6.2e 98348884:SNP.AG  312 ( 54) F 85:A>G
M  Max. CN for 1 = 2
M  Max. CN for 9 = 2
M  Contraint for 98348884:SNP.AG 6.2e: 312 == <gurobi.QuadExpr: 0.0 + [ 287.0 REG_9_98348884:SNP.AG * 9 + 287.0 REG_9_2_98348884:SNP.AG * 9_2 ]> + err
M  Contraint for 98348884:REF 6.2e: 262 == <gurobi.QuadExpr: 287.0 1 + 287.0 9 + 287.0 1_2 + 287.0 9_2 + [ -287.0 REG_9_98348884:SNP.AG * 9 + -287.0 REG_9_2_98348884:SNP.AG * 9_2 ]> + err
M  Contraint for 9 98348884:SNP.AG: <gurobi.Var 9> >= <gurobi.Var REG_9_98348884:SNP.AG>
M  Contraint for 9_2 98348884:SNP.AG: <gurobi.Var 9_2> >= <gurobi.Var REG_9_2_98348884:SNP.AG>
M  CN contraint for 1: 2 == <gurobi.LinExpr: 1 + 9 + 1_2 + 9_2>
M  Sentinel contraint for 1: A_1_2 <= A_1
M  Sentinel contraint for 9: A_9_2 <= A_9
M  Objective: <gurobi.LinExpr: C9 + C10>
M  Contraint for 9: A_9 * (<gurobi.LinExpr: REG_9_98348884:SNP.AG> - 1) == 0
M  Contraint for 9_2: A_9_2 * (<gurobi.LinExpr: REG_9_2_98348884:SNP.AG> - 1) == 0
M  Contraint for 98348884:SNP.AG: 1 <= <gurobi.QuadExpr: 0.0 + [ 9 * REG_9_98348884:SNP.AG + 9_2 * REG_9_2_98348884:SNP.AG ]>
M  Contraint for 98348884:SNP.AG: 1 <= <gurobi.QuadExpr: 0.0 + [ 9 * REG_9_98348884:SNP.AG + 9_2 * REG_9_2_98348884:SNP.AG ]>
CN Solver status: optimal, opt: 50.0
  solution:
    ('1', '9')
[32;01mCopy number best structures:[39;49;00m
[32;01m  (1) 2x*1-like[39;49;00m
== Refiner ==
Refining ('1', '9')
M  CN constraint for 1: 1 == <gurobi.LinExpr: 1>
M  CN constraint for 9: 1 == <gurobi.LinExpr: 9 + 9B>
M  Contraint for 97564153:SNP.CT 6.22e: 0 == <gurobi.QuadExpr: 0.0 + [ 274.0 EXT_1_97564153:SNP.CT * 1 + 274.0 EXT_9_97564153:SNP.CT * 9 + 274.0 REG_9B_97564153:SNP.CT * 9B ]> + err
M  Contraint for 98348884:SNP.AG 6.2e: 312 == <gurobi.QuadExpr: 0.0 + [ 287.0 EXT_1_98348884:SNP.AG * 1 + 287.0 REG_9_98348884:SNP.AG * 9 + 287.0 REG_9B_98348884:SNP.AG * 9B ]> + err
M  Contraint for 98348884:REF 6.2e: 262 == <gurobi.QuadExpr: 287.0 1 + 287.0 9 + 287.0 9B + [ -287.0 EXT_1_98348884:SNP.AG * 1 + -287.0 REG_9_98348884:SNP.AG * 9 + -287.0 REG_9B_98348884:SNP.AG * 9B ]> + err
M  Contraint for 97564153:REF 6.22e: 548 == <gurobi.QuadExpr: 274.0 1 + 274.0 9 + 274.0 9B + [ -274.0 EXT_1_97564153:SNP.CT * 1 + -274.0 EXT_9_97564153:SNP.CT * 9 + -274.0 REG_9B_97564153:SNP.CT * 9B ]> + err
M  Contraint for MM[missing] 9 98348884:SNP.AG: <gurobi.Var 9> >= <gurobi.Var REG_9_98348884:SNP.AG>
M  Contraint for MM[missing] 9B 97564153:SNP.CT: <gurobi.Var 9B> >= <gurobi.Var REG_9B_97564153:SNP.CT>
M  Contraint for MM[missing] 9B 98348884:SNP.AG: <gurobi.Var 9B> >= <gurobi.Var REG_9B_98348884:SNP.AG>
M  Contraint for MA[extra] 1 97564153:SNP.CT: <gurobi.Var 1> >= <gurobi.Var EXT_1_97564153:SNP.CT>
M  Contraint for MA[extra] 1 98348884:SNP.AG: <gurobi.Var 1> >= <gurobi.Var EXT_1_98348884:SNP.AG>
M  Contraint for MA[extra] 9 97564153:SNP.CT: <gurobi.Var 9> >= <gurobi.Var EXT_9_97564153:SNP.CT>
M  Objective: <gurobi.LinExpr: C13 + C14 + C15 + C16 + EXT_1_97564153:SNP.CT + EXT_1_98348884:SNP.AG + EXT_9_97564153:SNP.CT + W>
M  Contraint for 9: <gurobi.LinExpr: REG_9_98348884:SNP.AG> = 1 * A_<gurobi.Var 9>
M  Contraint for 9B: <gurobi.LinExpr: REG_9B_98348884:SNP.AG> = 1 * A_<gurobi.Var 9B>
M  Contraint for 97564153:SNP.CT: 0 >= <gurobi.LinExpr: REG_9B_97564153:SNP.CT>
M  Contraint for 97564153:SNP.CT: 0 <= <gurobi.QuadExpr: 0.0 + [ REG_9B_97564153:SNP.CT * 9B + EXT_1_97564153:SNP.CT * 1 + EXT_9_97564153:SNP.CT * 9 ]> <= 1
M  Contraint for 98348884:SNP.AG: 1 <= <gurobi.QuadExpr: 0.0 + [ REG_9_98348884:SNP.AG * 9 + REG_9B_98348884:SNP.AG * 9B ]> <= 2
M  Contraint for 98348884:SNP.AG: <gurobi.QuadExpr: 0.0 + [ REG_9_98348884:SNP.AG * 9 + REG_9B_98348884:SNP.AG * 9B ]> <= 2
CN Solver status: optimal, opt: 50.0
  1: 1
  9: 1
    6.2e 98348884:SNP.AG  312 ( 54 cp. 1) F
Missing:
  1: 1
  9: 1
Extra:
  1: 1
  9: 1
Time needed: (22.3)
Result is: [('1', '9')]
