SAM file: bams/PGXT140.bam
File bams/PGXT140.bam has index
Coverage is 182.553069807
== Allele Filter ==
 6.9e   18128658: SNP.TA                  579 (100%) ~     0 (  0)
 6.9e   18128998: SNP.TG                   82 (100%) ~     0 (  0)
 6.9e   18129439: SNP.TG                   38 (  6%) ~     0 (  0)
 6.9e   18130343: SNP.GA                    2 (  6%) ~     0 (  0)
 6.9e   18130376: SNP.GA                    2 ( 10%) ~     0 (  0)
 6.9e   18130452: SNP.TG                    2 (  5%) ~     0 (  0)
 6.7i   18132664: SNP.CA                    2 ( 11%) ~     0 (  0)
 6.7i   18132821: SNP.CT                    4 (100%) ~     0 (  0)
 6.7i   18134007: SNP.GA                   22 (  9%) ~     0 (  0)
 6.7i   18134008: INS.a                    83 ( 34%) ~     0 (  0)
 6.7i   18134008: DEL.A                    13 (  5%) ~     0 (  0)
 6.7i   18134020: SNP.CA                  165 ( 49%) ~     0 (  0)
 6.7i   18134025: SNP.CA                   20 (  5%) ~     0 (  0)
 6.6i   18134300: SNP.GA                    2 (  7%) ~     0 (  0)
 6.6i   18135992: SNP.TG                    2 (100%) ~     0 (  0)
 6.6i   18137035: SNP.TC                   14 (100%) ~     0 (  0)
 6.6i   18138826: SNP.AC                    3 (100%) ~     0 (  0)
 6.6e   18139213: SNP.GA     474C:>T*     266 ( 54%) ~     0 (  0)
 6.5i   18139466: SNP.AC                    2 (  6%) ~     0 (  0)
 6.4i   18139964: DEL.A                   104 ( 73%) ~     0 (  0)
 6.4i   18140174: SNP.TC                    2 (100%) ~     0 (  0)
 6.4i   18140249: SNP.TC                    2 (100%) ~     0 (  0)
 6.4i   18141329: SNP.TC                    2 (100%) ~     0 (  0)
 6.4i   18142421: SNP.AC                    2 (100%) ~     0 (  0)
 6.3i   18145410: SNP.AG                    2 (100%) ~     0 (  0)
 6.2i   18148155: DEL.A                    18 (  6%) ~     0 (  0)
 6.2i   18149077: SNP.CA                    2 (  6%) ~     0 (  0)
 6.1i   18155232: SNP.AC                   50 (  7%) ~     0 (  0)
 6.1i   18155238: SNP.AC                   63 (  9%) ~     0 (  0)
 6.1e   18155323: SNP.TG                   47 ( 10%) ~     0 (  0)
 6.1e   18155338: SNP.AC                   43 ( 12%) ~     0 (  0)
 6.1e   18155347: SNP.AC                   15 (  5%) ~     0 (  0)
 6.1e   18155387: SNP.CT                    3 (  7%) ~     0 (  0)
 6.1e   18155389: SNP.GC                    3 (  8%) ~     0 (  0)
 6.1e   18155397: SNP.CT                    2 (  8%) ~     0 (  0)
Removing 10    6.6e 18139257:SNP.CG
Removing 11    6.5e 18139919:SNP.CT
Removing 12    6.5e 18139940:SNP.GA
Removing 13    6.2e 18149275:SNP.TA
Removing 14    6.2e 18149357:SNP.TC
Removing 15    6.6i 18134120:SNP.CT
Removing 16    6.6e 18139199:SNP.CT
Removing 17    6.2e 18149234:SNP.GC
Removing 18    6.3e 18148075:SNP.CT
Removing 19    6.4i 18143825:SNP.TG
Removing 2     6.4e 18143954:SNP.CG
Removing 20    6.9e 18130924:SNP.TC
Removing 21    6.3e 18148081:SNP.GC
Removing 22    6.6e 18139199:SNP.CG
Removing 23    6.7e 18134114:SNP.GC
Removing 24    6.7e 18134077:SNP.CA
Removing 25    6.9e 18131002:SNP.AG
Removing 26    6.8e 18132366:SNP.AG
Removing 27    6.4e 18143873:SNP.AC
Removing 28    6.4e 18143843:SNP.CG
Removing 29    6.2e 18149356:SNP.AG
Removing 3C    6.9e 18130917:SNP.TC
Removing 3B    6.6e 18139227:SNP.CT
Removing 3A    6.9e 18130917:SNP.TC,  6.6e 18139227:SNP.CT
Removing 3E    6.9e 18130917:SNP.TC,  6.6e 18139227:SNP.CT
Removing 3D    6.9e 18130917:SNP.TC,  6.6e 18139227:SNP.CT,  6.4e 18143900:SNP.CA
Removing 30    6.2e 18149252:SNP.CT
Removing 31    6.8e 18132377:SNP.AG
Removing 32    6.4e 18143852:SNP.CT
Removing 33    6.6e 18139200:SNP.GA
Removing 34    6.4e 18143948:SNP.GC
Removing 35    6.3e 18148086:SNP.AG
Removing 36    6.8e 18132393:SNP.CT
Removing 37    6.9e 18130988:SNP.AT
Removing 38    6.7e 18134100:SNP.AG
Removing 4     6.8i 18131011:SNP.CT
Removing 5     6.3e 18148140:SNP.AG
Removing 6     6.7e 18134075:SNP.TA
Removing 7     6.9e 18130955:SNP.AC
Removing 8     6.9e 18130992:SNP.CT
Removing 9     6.4e 18143836:SNP.TG
Initial status
  CYP2D6.1S
    6.6e           18139213:SNP.GA  266 ( 54)   474C:>T*
  CYP2D6.1
== Copy Number Estimator ==
CNV factor: 1.94207430054 (0.514913358219)
Coverage per region
  region:  2D6  2D7
  1e   :  1.65
  1i   :  2.07
  2e   :  1.80
  2i   :  2.60
  3e   :  2.54
  3i   :  2.61
  4e   :  2.67
  4i   :  3.02
  5e   :  2.59
  5i   :  2.38
  6e   :  2.48
  6i   :  2.49
  7e   :  2.43
  7i   :  2.46
  8e   :  2.41
  8i   :  2.48
  9e   :  2.45
Max. CN = 3
M  Sentinel contraint for 1: A_1^ <= A_1
M  Contraint for 7e: 2.42856825771 == E_7e + <gurobi.LinExpr: A1 + A1^>
M  Contraint for 6e: 2.478771813 == E_6e + <gurobi.LinExpr: A1 + A1^>
M  Contraint for 9e: 2.44526136885 == E_9e + <gurobi.LinExpr: A1 + A1^>
M  Contraint for 8e: 2.40787056155 == E_8e + <gurobi.LinExpr: A1 + A1^>
M  Contraint for 2e: 1.80429440463 == E_2e + <gurobi.LinExpr: A1 + A1^>
M  Contraint for 1e: 1.64886053766 == E_1e + <gurobi.LinExpr: A1 + A1^>
M  Contraint for 5e: 2.58500774293 == E_5e + <gurobi.LinExpr: A1 + A1^>
M  Contraint for 4e: 2.67068353 == E_4e + <gurobi.LinExpr: A1 + A1^>
M  Contraint for 3e: 2.54388048339 == E_3e + <gurobi.LinExpr: A1 + A1^>
M  Objective: <gurobi.LinExpr: C11 + C12 + C13 + C14 + C15 + C16 + C17 + C18 + C19 + 0.5 A1 + 0.5 A1^>
CN Solver status: optimal, opt: 5.10688881513
  Solutions:
    ('1', '1^')
== Initial Solver ==
Solving Counter({'1': 2})
Possible candidates:
  CYP2D6.1
M  Max. CN for 1 = 2
M  CN contraint for 1: 2 == <gurobi.LinExpr: 1 + 1_2>
M  Sentinel contraint for 1: A_1_2 <= A_1
M  Objective: 0
CN Solver status: optimal, opt: 0.0
  solution:
    ('1', '1')
[32;01mCopy number best structures:[39;49;00m
[32;01m  (1) 2x*1-like[39;49;00m
== Refiner ==
Refining ('1', '1')
M  Sentinel constraint for 1: A_1_2 <= A_1
M  Sentinel constraint for 1S: A_1S_2 <= A_1S
M  CN constraint for 1: 2 == <gurobi.LinExpr: 1 + 1S + 1S_2 + 1_2>
M  Contraint for 18139213:REF 6.6e: 227 == <gurobi.QuadExpr: 246.5 1 + 246.5 1S + 246.5 1S_2 + 246.5 1_2 + [ -246.5 EXT_1_18139213:SNP.GA * 1 + -246.5 REG_1S_18139213:SNP.GA * 1S + -246.5 REG_1S_2_18139213:SNP.GA * 1S_2 + -246.5 EXT_1_2_18139213:SNP.GA * 1_2 ]> + err
M  Contraint for 18139213:SNP.GA 6.6e: 266 == <gurobi.QuadExpr: 0.0 + [ 246.5 EXT_1_18139213:SNP.GA * 1 + 246.5 REG_1S_18139213:SNP.GA * 1S + 246.5 REG_1S_2_18139213:SNP.GA * 1S_2 + 246.5 EXT_1_2_18139213:SNP.GA * 1_2 ]> + err
M  Contraint for MM[missing] 1S 18139213:SNP.GA: <gurobi.Var 1S> >= <gurobi.Var REG_1S_18139213:SNP.GA>
M  Contraint for MM[missing] 1S_2 18139213:SNP.GA: <gurobi.Var 1S_2> >= <gurobi.Var REG_1S_2_18139213:SNP.GA>
M  Contraint for MA[extra] 1 18139213:SNP.GA: <gurobi.Var 1> >= <gurobi.Var EXT_1_18139213:SNP.GA>
M  Contraint for MA[extra] 1_2 18139213:SNP.GA: <gurobi.Var 1_2> >= <gurobi.Var EXT_1_2_18139213:SNP.GA>
M  Objective: <gurobi.LinExpr: C10 + C11 + EXT_1_18139213:SNP.GA + EXT_1_2_18139213:SNP.GA + W>
M  Contraint for 18139213:SNP.GA: 1 <= <gurobi.QuadExpr: 0.0 + [ REG_1S_18139213:SNP.GA * 1S + REG_1S_2_18139213:SNP.GA * 1S_2 + EXT_1_18139213:SNP.GA * 1 + EXT_1_2_18139213:SNP.GA * 1_2 ]> <= 2
CN Solver status: optimal, opt: 39.0
  1: 1
  1S: 1
    6.6e 18139213:SNP.GA  266 ( 54 cp. 1) 
Missing:
  1: 1
  1S: 1
Extra:
  1: 1
  1S: 1
Time needed: (7.3)
Result is: [('1', '1S')]
