SAM file: bams/PGXT176.bam
File bams/PGXT176.bam has index
Coverage is 227.9421432
== Allele Filter ==
 6.0i   99245004: SNP.AT                    2 (  5%) ~     0 (  0)
 6.0i   99245012: SNP.TG                   93 (100%) ~     0 (  0)
 6.0i   99245079: SNP.AC                  667 (100%) ~     0 (  0)
 6.0i   99245274: SNP.AG                  445 (100%) ~     0 (  0)
 6.10i  99251706: SNP.AG                    2 (100%) ~     0 (  0)
 6.10i  99253556: SNP.CG                    2 (100%) ~     0 (  0)
 6.10i  99257837: INS.tt                    4 (  7%) ~     0 (  0)
 6.10i  99257862: SNP.TC                    4 (  5%) ~     0 (  0)
 6.10i  99257868: SNP.AT                    7 (  7%) ~     0 (  0)
 6.9i   99260091: SNP.TC                    6 (100%) ~     0 (  0)
 6.9i   99260361: SNP.CA     17163:G>T    394 (100%) ~     0 (  0)
 6.9i   99260385: SNP.GC                   35 (  7%) ~     0 (  0)
 6.9i   99260401: SNP.TC                   46 (  8%) ~     0 (  0)
 6.7i   99262083: SNP.AC                    3 ( 60%) ~     0 (  0)
 6.7i   99262084: SNP.GT                    3 ( 60%) ~     0 (  0)
 6.7i   99262182: SNP.CG                    3 (100%) ~     0 (  0)
 6.7i   99262184: SNP.AT                    3 (100%) ~     0 (  0)
 6.7i   99262185: SNP.TC                    3 (100%) ~     0 (  0)
 6.7i   99262571: SNP.GA                   27 (100%) ~     0 (  0)
 6.4i   99264809: SNP.CA                    4 (  6%) ~     0 (  0)
 6.4i   99264855: SNP.CT                    2 (  8%) ~     0 (  0)
 6.4i   99264869: SNP.TG                    2 ( 13%) ~     0 (  0)
 6.4i   99264874: SNP.CG                    2 ( 20%) ~     0 (  0)
 6.4i   99266442: SNP.CT                    2 (100%) ~     0 (  0)
 6.4i   99268389: SNP.CT                   40 (100%) ~     0 (  0)
 6.4i   99268740: DEL.TG                   36 (  9%) ~     0 (  0)
 6.4i   99268740: DEL.TGTGTGTGTGTGTGTG               55 ( 14%) ~     0 (  0)
 6.4i   99268787: SNP.AT                   19 (  6%) ~     0 (  0)
 6.4i   99268792: SNP.AG                   18 (  6%) ~     0 (  0)
 6.4i   99268886: SNP.TG                  154 ( 29%) ~     0 (  0)
 6.3i   99271415: SNP.AT                    2 (100%) ~     0 (  0)
 6.2i   99273232: SNP.TC                    2 (100%) ~     0 (  0)
 6.2i   99273233: SNP.CT                    2 (100%) ~     0 (  0)
 6.2i   99273241: SNP.TC                    2 (100%) ~     0 (  0)
 6.2i   99273243: SNP.TC                    2 (100%) ~     0 (  0)
 6.2i   99273246: SNP.CT                    2 (100%) ~     0 (  0)
 6.2i   99273248: SNP.CT                    2 (100%) ~     0 (  0)
 6.1i   99277275: SNP.CA                    2 ( 12%) ~     0 (  0)
 6.1i   99277276: SNP.AT                    2 ( 12%) ~     0 (  0)
 6.1i   99277277: SNP.TC                    2 ( 12%) ~     0 (  0)
Removing 2     6.11e 99250235:SNP.GT
Removing 3K    6.3i 99270538:SNP.TC,  6.12e 99247771:SNP.AG
Removing 3J    6.3i 99270538:SNP.TC,  6.12e 99247742:SNP.TC
Removing 3H    6.3i 99270538:SNP.TC
Removing 3L    6.2e 99273744:SNP.TC,  6.3i 99270538:SNP.TC
Removing 3C    6.3i 99270538:SNP.TC
Removing 3B    6.2e 99273814:SNP.GA,  6.2e 99273810:INS.c,  6.3i 99270538:SNP.TC
Removing 3A    6.3i 99270538:SNP.TC
Removing 3G    6.3i 99270538:SNP.TC,  6.5i 99264572:SNP.AG
Removing 3F    6.3i 99270538:SNP.TC,  6.13e 99245973:SNP.AG
Removing 3E    6.3i 99270538:SNP.TC
Removing 3D    6.3i 99270538:SNP.TC,  6.4e 99270275:SNP.AC
Removing 3I    6.3i 99270538:SNP.TC
Removing 4     6.7e 99262859:SNP.TC
Removing 5     6.5i 99264572:SNP.AG
Removing 6     6.7e 99262834:SNP.CT
Removing 7     6.11e 99250393:INS.a
Removing 8     6.2e 99273820:SNP.GA
Removing 9X    6.10e 99258138:SNP.CT
Removing 9     6.10e 99258138:SNP.CT,  6.3i 99270538:SNP.TC
Initial status
  CYP2D6.1C
                   99277592:SNP.GA    0 (  0)   -74:C>T
  CYP2D6.1E
    6.9i           99260361:SNP.CA  394 (100)   17163:G>T
  CYP2D6.1D
    6.0i           99245913:SNP.GA    0 (  0)   31611:C>T
  CYP2D6.1
  CYP2D6.1B
                   99277604:SNP.CT    0 (  0)   -86:G>A
== Copy Number Estimator ==
CNV factor: 1.95677336549 (0.511045386062)
Coverage per region
  region:  2D6  2D7
  0i   :  2.21
  1e   :  1.91
  1i   :  2.66
  2e   :  2.73
  2i   :  2.98
  3e   :  3.57
  3i   :  2.14
  4e   :  1.87
  4i   :  2.64
  5e   :  2.55
  5i   :  2.37
  6e   :  2.00
  6i   :  2.28
  7e   :  2.28
  7i   :  3.52
  8e   :  3.56
  8i   :  2.25
  9e   :  2.71
  9i   :  2.51
  10e  :  2.46
  10i  :  3.02
  11e  :  2.21
  11i  :  2.27
  12e  :  1.93
  12i  :  3.30
  13e  :  2.68
Max. CN = 4
M  Sentinel contraint for 1: A_1^ <= A_1
M  Contraint for 7e: 2.28196988913 == E_7e + <gurobi.LinExpr: A1 + A1^>
M  Contraint for 6e: 2.00113139647 == E_6e + <gurobi.LinExpr: A1 + A1^>
M  Contraint for 9e: 2.70949104514 == E_9e + <gurobi.LinExpr: A1 + A1^>
M  Contraint for 8e: 3.56341275409 == E_8e + <gurobi.LinExpr: A1 + A1^>
M  Contraint for 2e: 2.72593611186 == E_2e + <gurobi.LinExpr: A1 + A1^>
M  Contraint for 1e: 1.91022146306 == E_1e + <gurobi.LinExpr: A1 + A1^>
M  Contraint for 5e: 2.5474003425 == E_5e + <gurobi.LinExpr: A1 + A1^>
M  Contraint for 4e: 1.87197800611 == E_4e + <gurobi.LinExpr: A1 + A1^>
M  Contraint for 3e: 3.56637095703 == E_3e + <gurobi.LinExpr: A1 + A1^>
M  Objective: <gurobi.LinExpr: C11 + C12 + C13 + C14 + C15 + C16 + C17 + C18 + C19 + 0.5 A1 + 0.5 A1^>
CN Solver status: optimal, opt: 6.61351302705
  Solutions:
    ('1', '1^')
== Initial Solver ==
Solving Counter({'1': 2})
Possible candidates:
  CYP2D6.1
M  Max. CN for 1 = 2
M  CN contraint for 1: 2 == <gurobi.LinExpr: 1 + 1_2>
M  Sentinel contraint for 1: A_1_2 <= A_1
M  Objective: 0
CN Solver status: optimal, opt: 0.0
  solution:
    ('1', '1')
[32;01mCopy number best structures:[39;49;00m
[32;01m  (1) 2x*1-like[39;49;00m
== Refiner ==
Refining ('1', '1')
M  Sentinel constraint for 1: A_1_2 <= A_1
M  Sentinel constraint for 1C: A_1C_2 <= A_1C
M  Sentinel constraint for 1B: A_1B_2 <= A_1B
M  Sentinel constraint for 1E: A_1E_2 <= A_1E
M  Sentinel constraint for 1D: A_1D_2 <= A_1D
M  CN constraint for 1: 2 == <gurobi.LinExpr: 1E_2 + 1C + 1 + 1B_2 + 1B + 1E + 1D + 1D_2 + 1C_2 + 1_2>
M  Contraint for 99277604:REF : 514 == <gurobi.QuadExpr: 0.0 + [ -0.0 EXT_1E_2_99277604:SNP.CT * 1E_2 + -0.0 REG_1B_2_99277604:SNP.CT * 1B_2 + -0.0 EXT_1_99277604:SNP.CT * 1 + -0.0 EXT_1C_99277604:SNP.CT * 1C + -0.0 REG_1B_99277604:SNP.CT * 1B + -0.0 EXT_1E_99277604:SNP.CT * 1E + -0.0 EXT_1D_99277604:SNP.CT * 1D + -0.0 EXT_1D_2_99277604:SNP.CT * 1D_2 + -0.0 EXT_1C_2_99277604:SNP.CT * 1C_2 + -0.0 EXT_1_2_99277604:SNP.CT * 1_2 ]> + err
M  Contraint for 99277592:REF : 493 == <gurobi.QuadExpr: 0.0 + [ -0.0 EXT_1E_2_99277592:SNP.GA * 1E_2 + -0.0 EXT_1B_2_99277592:SNP.GA * 1B_2 + -0.0 EXT_1_99277592:SNP.GA * 1 + -0.0 REG_1C_99277592:SNP.GA * 1C + -0.0 EXT_1B_99277592:SNP.GA * 1B + -0.0 EXT_1E_99277592:SNP.GA * 1E + -0.0 EXT_1D_99277592:SNP.GA * 1D + -0.0 EXT_1D_2_99277592:SNP.GA * 1D_2 + -0.0 REG_1C_2_99277592:SNP.GA * 1C_2 + -0.0 EXT_1_2_99277592:SNP.GA * 1_2 ]> + err
M  Contraint for 99277592:SNP.GA : 0 == <gurobi.QuadExpr: 0.0 + [ 0.0 EXT_1E_2_99277592:SNP.GA * 1E_2 + 0.0 EXT_1B_2_99277592:SNP.GA * 1B_2 + 0.0 EXT_1_99277592:SNP.GA * 1 + 0.0 REG_1C_99277592:SNP.GA * 1C + 0.0 EXT_1B_99277592:SNP.GA * 1B + 0.0 EXT_1E_99277592:SNP.GA * 1E + 0.0 EXT_1D_99277592:SNP.GA * 1D + 0.0 EXT_1D_2_99277592:SNP.GA * 1D_2 + 0.0 REG_1C_2_99277592:SNP.GA * 1C_2 + 0.0 EXT_1_2_99277592:SNP.GA * 1_2 ]> + err
M  Contraint for 99260361:REF 6.9i: 7 == <gurobi.QuadExpr: 200.5 1E_2 + 200.5 1B_2 + 200.5 1 + 200.5 1C + 200.5 1B + 200.5 1E + 200.5 1D + 200.5 1D_2 + 200.5 1C_2 + 200.5 1_2 + [ -200.5 REG_1E_2_99260361:SNP.CA * 1E_2 + -200.5 EXT_1B_2_99260361:SNP.CA * 1B_2 + -200.5 EXT_1_99260361:SNP.CA * 1 + -200.5 EXT_1C_99260361:SNP.CA * 1C + -200.5 EXT_1B_99260361:SNP.CA * 1B + -200.5 REG_1E_99260361:SNP.CA * 1E + -200.5 EXT_1D_99260361:SNP.CA * 1D + -200.5 EXT_1D_2_99260361:SNP.CA * 1D_2 + -200.5 EXT_1C_2_99260361:SNP.CA * 1C_2 + -200.5 EXT_1_2_99260361:SNP.CA * 1_2 ]> + err
M  Contraint for 99260361:SNP.CA 6.9i: 394 == <gurobi.QuadExpr: 0.0 + [ 200.5 REG_1E_2_99260361:SNP.CA * 1E_2 + 200.5 EXT_1B_2_99260361:SNP.CA * 1B_2 + 200.5 EXT_1_99260361:SNP.CA * 1 + 200.5 EXT_1C_99260361:SNP.CA * 1C + 200.5 EXT_1B_99260361:SNP.CA * 1B + 200.5 REG_1E_99260361:SNP.CA * 1E + 200.5 EXT_1D_99260361:SNP.CA * 1D + 200.5 EXT_1D_2_99260361:SNP.CA * 1D_2 + 200.5 EXT_1C_2_99260361:SNP.CA * 1C_2 + 200.5 EXT_1_2_99260361:SNP.CA * 1_2 ]> + err
M  Contraint for 99245913:SNP.GA 6.0i: 0 == <gurobi.QuadExpr: 0.0 + [ 286.5 EXT_1E_2_99245913:SNP.GA * 1E_2 + 286.5 EXT_1B_2_99245913:SNP.GA * 1B_2 + 286.5 EXT_1_99245913:SNP.GA * 1 + 286.5 EXT_1C_99245913:SNP.GA * 1C + 286.5 EXT_1B_99245913:SNP.GA * 1B + 286.5 EXT_1E_99245913:SNP.GA * 1E + 286.5 REG_1D_99245913:SNP.GA * 1D + 286.5 REG_1D_2_99245913:SNP.GA * 1D_2 + 286.5 EXT_1C_2_99245913:SNP.GA * 1C_2 + 286.5 EXT_1_2_99245913:SNP.GA * 1_2 ]> + err
M  Contraint for 99277604:SNP.CT : 0 == <gurobi.QuadExpr: 0.0 + [ 0.0 EXT_1E_2_99277604:SNP.CT * 1E_2 + 0.0 REG_1B_2_99277604:SNP.CT * 1B_2 + 0.0 EXT_1_99277604:SNP.CT * 1 + 0.0 EXT_1C_99277604:SNP.CT * 1C + 0.0 REG_1B_99277604:SNP.CT * 1B + 0.0 EXT_1E_99277604:SNP.CT * 1E + 0.0 EXT_1D_99277604:SNP.CT * 1D + 0.0 EXT_1D_2_99277604:SNP.CT * 1D_2 + 0.0 EXT_1C_2_99277604:SNP.CT * 1C_2 + 0.0 EXT_1_2_99277604:SNP.CT * 1_2 ]> + err
M  Contraint for 99245913:REF 6.0i: 573 == <gurobi.QuadExpr: 286.5 1E_2 + 286.5 1B_2 + 286.5 1 + 286.5 1C + 286.5 1B + 286.5 1E + 286.5 1D + 286.5 1D_2 + 286.5 1C_2 + 286.5 1_2 + [ -286.5 EXT_1E_2_99245913:SNP.GA * 1E_2 + -286.5 EXT_1B_2_99245913:SNP.GA * 1B_2 + -286.5 EXT_1_99245913:SNP.GA * 1 + -286.5 EXT_1C_99245913:SNP.GA * 1C + -286.5 EXT_1B_99245913:SNP.GA * 1B + -286.5 EXT_1E_99245913:SNP.GA * 1E + -286.5 REG_1D_99245913:SNP.GA * 1D + -286.5 REG_1D_2_99245913:SNP.GA * 1D_2 + -286.5 EXT_1C_2_99245913:SNP.GA * 1C_2 + -286.5 EXT_1_2_99245913:SNP.GA * 1_2 ]> + err
M  Contraint for MM[missing] 1E_2 99260361:SNP.CA: <gurobi.Var 1E_2> >= <gurobi.Var REG_1E_2_99260361:SNP.CA>
M  Contraint for MM[missing] 1C 99277592:SNP.GA: <gurobi.Var 1C> >= <gurobi.Var REG_1C_99277592:SNP.GA>
M  Contraint for MM[missing] 1B_2 99277604:SNP.CT: <gurobi.Var 1B_2> >= <gurobi.Var REG_1B_2_99277604:SNP.CT>
M  Contraint for MM[missing] 1B 99277604:SNP.CT: <gurobi.Var 1B> >= <gurobi.Var REG_1B_99277604:SNP.CT>
M  Contraint for MM[missing] 1E 99260361:SNP.CA: <gurobi.Var 1E> >= <gurobi.Var REG_1E_99260361:SNP.CA>
M  Contraint for MM[missing] 1D 99245913:SNP.GA: <gurobi.Var 1D> >= <gurobi.Var REG_1D_99245913:SNP.GA>
M  Contraint for MM[missing] 1D_2 99245913:SNP.GA: <gurobi.Var 1D_2> >= <gurobi.Var REG_1D_2_99245913:SNP.GA>
M  Contraint for MM[missing] 1C_2 99277592:SNP.GA: <gurobi.Var 1C_2> >= <gurobi.Var REG_1C_2_99277592:SNP.GA>
M  Contraint for MA[extra] 1E_2 99277604:SNP.CT: <gurobi.Var 1E_2> >= <gurobi.Var EXT_1E_2_99277604:SNP.CT>
M  Contraint for MA[extra] 1E_2 99277592:SNP.GA: <gurobi.Var 1E_2> >= <gurobi.Var EXT_1E_2_99277592:SNP.GA>
M  Contraint for MA[extra] 1E_2 99245913:SNP.GA: <gurobi.Var 1E_2> >= <gurobi.Var EXT_1E_2_99245913:SNP.GA>
M  Contraint for MA[extra] 1C 99277604:SNP.CT: <gurobi.Var 1C> >= <gurobi.Var EXT_1C_99277604:SNP.CT>
M  Contraint for MA[extra] 1C 99245913:SNP.GA: <gurobi.Var 1C> >= <gurobi.Var EXT_1C_99245913:SNP.GA>
M  Contraint for MA[extra] 1C 99260361:SNP.CA: <gurobi.Var 1C> >= <gurobi.Var EXT_1C_99260361:SNP.CA>
M  Contraint for MA[extra] 1 99277604:SNP.CT: <gurobi.Var 1> >= <gurobi.Var EXT_1_99277604:SNP.CT>
M  Contraint for MA[extra] 1 99277592:SNP.GA: <gurobi.Var 1> >= <gurobi.Var EXT_1_99277592:SNP.GA>
M  Contraint for MA[extra] 1 99245913:SNP.GA: <gurobi.Var 1> >= <gurobi.Var EXT_1_99245913:SNP.GA>
M  Contraint for MA[extra] 1 99260361:SNP.CA: <gurobi.Var 1> >= <gurobi.Var EXT_1_99260361:SNP.CA>
M  Contraint for MA[extra] 1B_2 99277592:SNP.GA: <gurobi.Var 1B_2> >= <gurobi.Var EXT_1B_2_99277592:SNP.GA>
M  Contraint for MA[extra] 1B_2 99245913:SNP.GA: <gurobi.Var 1B_2> >= <gurobi.Var EXT_1B_2_99245913:SNP.GA>
M  Contraint for MA[extra] 1B_2 99260361:SNP.CA: <gurobi.Var 1B_2> >= <gurobi.Var EXT_1B_2_99260361:SNP.CA>
M  Contraint for MA[extra] 1B 99277592:SNP.GA: <gurobi.Var 1B> >= <gurobi.Var EXT_1B_99277592:SNP.GA>
M  Contraint for MA[extra] 1B 99245913:SNP.GA: <gurobi.Var 1B> >= <gurobi.Var EXT_1B_99245913:SNP.GA>
M  Contraint for MA[extra] 1B 99260361:SNP.CA: <gurobi.Var 1B> >= <gurobi.Var EXT_1B_99260361:SNP.CA>
M  Contraint for MA[extra] 1E 99277604:SNP.CT: <gurobi.Var 1E> >= <gurobi.Var EXT_1E_99277604:SNP.CT>
M  Contraint for MA[extra] 1E 99277592:SNP.GA: <gurobi.Var 1E> >= <gurobi.Var EXT_1E_99277592:SNP.GA>
M  Contraint for MA[extra] 1E 99245913:SNP.GA: <gurobi.Var 1E> >= <gurobi.Var EXT_1E_99245913:SNP.GA>
M  Contraint for MA[extra] 1D 99277604:SNP.CT: <gurobi.Var 1D> >= <gurobi.Var EXT_1D_99277604:SNP.CT>
M  Contraint for MA[extra] 1D 99277592:SNP.GA: <gurobi.Var 1D> >= <gurobi.Var EXT_1D_99277592:SNP.GA>
M  Contraint for MA[extra] 1D 99260361:SNP.CA: <gurobi.Var 1D> >= <gurobi.Var EXT_1D_99260361:SNP.CA>
M  Contraint for MA[extra] 1D_2 99277604:SNP.CT: <gurobi.Var 1D_2> >= <gurobi.Var EXT_1D_2_99277604:SNP.CT>
M  Contraint for MA[extra] 1D_2 99277592:SNP.GA: <gurobi.Var 1D_2> >= <gurobi.Var EXT_1D_2_99277592:SNP.GA>
M  Contraint for MA[extra] 1D_2 99260361:SNP.CA: <gurobi.Var 1D_2> >= <gurobi.Var EXT_1D_2_99260361:SNP.CA>
M  Contraint for MA[extra] 1C_2 99277604:SNP.CT: <gurobi.Var 1C_2> >= <gurobi.Var EXT_1C_2_99277604:SNP.CT>
M  Contraint for MA[extra] 1C_2 99245913:SNP.GA: <gurobi.Var 1C_2> >= <gurobi.Var EXT_1C_2_99245913:SNP.GA>
M  Contraint for MA[extra] 1C_2 99260361:SNP.CA: <gurobi.Var 1C_2> >= <gurobi.Var EXT_1C_2_99260361:SNP.CA>
M  Contraint for MA[extra] 1_2 99277604:SNP.CT: <gurobi.Var 1_2> >= <gurobi.Var EXT_1_2_99277604:SNP.CT>
M  Contraint for MA[extra] 1_2 99277592:SNP.GA: <gurobi.Var 1_2> >= <gurobi.Var EXT_1_2_99277592:SNP.GA>
M  Contraint for MA[extra] 1_2 99245913:SNP.GA: <gurobi.Var 1_2> >= <gurobi.Var EXT_1_2_99245913:SNP.GA>
M  Contraint for MA[extra] 1_2 99260361:SNP.CA: <gurobi.Var 1_2> >= <gurobi.Var EXT_1_2_99260361:SNP.CA>
M  Objective: <gurobi.LinExpr: C58 + C59 + C60 + C61 + C62 + C63 + C64 + C65 + EXT_1E_2_99277604:SNP.CT + EXT_1E_2_99277592:SNP.GA + EXT_1E_2_99245913:SNP.GA + EXT_1B_2_99277592:SNP.GA + EXT_1B_2_99245913:SNP.GA + EXT_1B_2_99260361:SNP.CA + EXT_1_99277604:SNP.CT + EXT_1_99277592:SNP.GA + EXT_1_99245913:SNP.GA + EXT_1_99260361:SNP.CA + EXT_1C_99277604:SNP.CT + EXT_1C_99245913:SNP.GA + EXT_1C_99260361:SNP.CA + EXT_1B_99277592:SNP.GA + EXT_1B_99245913:SNP.GA + EXT_1B_99260361:SNP.CA + EXT_1E_99277604:SNP.CT + EXT_1E_99277592:SNP.GA + EXT_1E_99245913:SNP.GA + EXT_1D_99277604:SNP.CT + EXT_1D_99277592:SNP.GA + EXT_1D_99260361:SNP.CA + EXT_1D_2_99277604:SNP.CT + EXT_1D_2_99277592:SNP.GA + EXT_1D_2_99260361:SNP.CA + EXT_1C_2_99277604:SNP.CT + EXT_1C_2_99245913:SNP.GA + EXT_1C_2_99260361:SNP.CA + EXT_1_2_99277604:SNP.CT + EXT_1_2_99277592:SNP.GA + EXT_1_2_99245913:SNP.GA + EXT_1_2_99260361:SNP.CA + W>
M  Contraint for 99277604:SNP.CT: 0 >= <gurobi.LinExpr: REG_1B_2_99277604:SNP.CT + REG_1B_99277604:SNP.CT>
M  Contraint for 99277592:SNP.GA: 0 >= <gurobi.LinExpr: REG_1C_99277592:SNP.GA + REG_1C_2_99277592:SNP.GA>
M  Contraint for 99277604:SNP.CT: 0 >= <gurobi.LinExpr: REG_1B_2_99277604:SNP.CT + REG_1B_99277604:SNP.CT>
M  Contraint for 99245913:SNP.GA: 0 >= <gurobi.LinExpr: REG_1D_99245913:SNP.GA + REG_1D_2_99245913:SNP.GA>
M  Contraint for 99245913:SNP.GA: 0 >= <gurobi.LinExpr: REG_1D_99245913:SNP.GA + REG_1D_2_99245913:SNP.GA>
M  Contraint for 99277592:SNP.GA: 0 >= <gurobi.LinExpr: REG_1C_99277592:SNP.GA + REG_1C_2_99277592:SNP.GA>
M  Contraint for 99277604:SNP.CT: 0 <= <gurobi.QuadExpr: 0.0 + [ REG_1B_2_99277604:SNP.CT * 1B_2 + REG_1B_99277604:SNP.CT * 1B + EXT_1E_2_99277604:SNP.CT * 1E_2 + EXT_1_99277604:SNP.CT * 1 + EXT_1C_99277604:SNP.CT * 1C + EXT_1E_99277604:SNP.CT * 1E + EXT_1D_99277604:SNP.CT * 1D + EXT_1D_2_99277604:SNP.CT * 1D_2 + EXT_1C_2_99277604:SNP.CT * 1C_2 + EXT_1_2_99277604:SNP.CT * 1_2 ]> <= 0
M  Contraint for 99277592:SNP.GA: 0 <= <gurobi.QuadExpr: 0.0 + [ REG_1C_99277592:SNP.GA * 1C + REG_1C_2_99277592:SNP.GA * 1C_2 + EXT_1E_2_99277592:SNP.GA * 1E_2 + EXT_1B_2_99277592:SNP.GA * 1B_2 + EXT_1_99277592:SNP.GA * 1 + EXT_1B_99277592:SNP.GA * 1B + EXT_1E_99277592:SNP.GA * 1E + EXT_1D_99277592:SNP.GA * 1D + EXT_1D_2_99277592:SNP.GA * 1D_2 + EXT_1_2_99277592:SNP.GA * 1_2 ]> <= 0
M  Contraint for 99245913:SNP.GA: 0 <= <gurobi.QuadExpr: 0.0 + [ REG_1D_99245913:SNP.GA * 1D + REG_1D_2_99245913:SNP.GA * 1D_2 + EXT_1E_2_99245913:SNP.GA * 1E_2 + EXT_1B_2_99245913:SNP.GA * 1B_2 + EXT_1_99245913:SNP.GA * 1 + EXT_1C_99245913:SNP.GA * 1C + EXT_1B_99245913:SNP.GA * 1B + EXT_1E_99245913:SNP.GA * 1E + EXT_1C_2_99245913:SNP.GA * 1C_2 + EXT_1_2_99245913:SNP.GA * 1_2 ]> <= 1
M  Contraint for 99260361:SNP.CA: 1 <= <gurobi.QuadExpr: 0.0 + [ REG_1E_2_99260361:SNP.CA * 1E_2 + REG_1E_99260361:SNP.CA * 1E + EXT_1B_2_99260361:SNP.CA * 1B_2 + EXT_1_99260361:SNP.CA * 1 + EXT_1C_99260361:SNP.CA * 1C + EXT_1B_99260361:SNP.CA * 1B + EXT_1D_99260361:SNP.CA * 1D + EXT_1D_2_99260361:SNP.CA * 1D_2 + EXT_1C_2_99260361:SNP.CA * 1C_2 + EXT_1_2_99260361:SNP.CA * 1_2 ]> <= 2
CN Solver status: optimal, opt: 1021.0
  1E_2: 1
    6.9i 99260361:SNP.CA  394 ( 98 cp. 2) 
  1E: 1
    6.9i 99260361:SNP.CA  394 ( 98 cp. 2) 
Missing:
  1E_2: 1
  1E: 1
Extra:
  1E_2: 1
  1E: 1
Time needed: (8.3)
Result is: [('1E', '1E')]
