SAM file: bams/PGXT195.bam
File bams/PGXT195.bam has index
Coverage is 307.750566182
== Allele Filter ==
 6.3flank 41349067: SNP.CT                  157 ( 19%) ~   157 (100)
 6.3flank 41349171: SNP.TC     7160:A>G     364 ( 74%) ~   113 ( 31)
 6.3utr 41349549: SNP.GC     6782:C>G     183 ( 26%) ~     4 (  2)
 6.9e   41349873: SNP.TA     6458:A>T     523 ( 48%) ~   214 ( 41)
 6.8i   41349905: SNP.TG                   77 ( 12%) ~    39 ( 51)
 6.8i   41349911: SNP.TG                   60 ( 10%) ~    19 ( 32)
 6.8i   41349942: SNP.GC     6389:C>G     100 ( 25%) ~    27 ( 27)
 6.8i   41349977: SNP.AG     6354:T>C      21 ( 10%) ~    19 ( 90)
 6.8i   41350038: SNP.AG     6293:T>C       5 ( 11%) ~     5 (100)
 6.8i   41350049: SNP.TC     6282:A>G       3 (  9%) ~     3 (100)
 6.8i   41350113: SNP.TC     6218:A>G       5 ( 28%) ~     1 ( 20)
 6.8i   41350506: SNP.TC     5825:A>G     319 ( 53%) ~     0 (  0)
 6.8e   41350614: SNP.GA     5717:C>T     430 ( 53%) ~     0 (  0)
 6.7i   41351168: SNP.CT     5163:G>A     164 ( 49%) ~     0 (  0)
 6.7i   41351169: SNP.GA                  163 ( 49%) ~     0 (  0)
 6.7e   41351266: SNP.CT     5065:G>A     280 ( 41%) ~     0 (  0)
 6.6i   41351842: SNP.GA     4489:C>T     377 ( 46%) ~     0 (  0)
 6.5i   41352170: SNP.TC                    4 (  5%) ~     3 ( 75)
 6.5i   41352194: SNP.AC                    3 (  5%) ~     0 (  0)
 6.5i   41352257: DEL.T      4074:delA      6 ( 43%) ~     0 (  0)
 6.5i   41352761: SNP.GC                   63 (  7%) ~    45 ( 71)
 6.5e   41352782: SNP.CT                  111 ( 10%) ~    43 ( 39)
 6.5e   41352806: SNP.AG                  241 ( 20%) ~   103 ( 43)
 6.4i   41353070: SNP.GA                    8 (  8%) ~     7 ( 88)
 6.4i   41353106: SNP.TC     3225:A>G      23 ( 56%) ~     0 (  0)
 6.4i   41353622: SNP.TC                    3 (  9%) ~     0 (  0)
 6.4i   41353741: SNP.TC                   20 (  7%) ~    19 ( 95)
 6.4i   41353753: SNP.CG                   21 (  7%) ~    19 ( 90)
 6.4i   41353768: SNP.CT                   44 ( 11%) ~    20 ( 45)
 6.4i   41353848: SNP.CT     2483:G>A     671 ( 61%) ~   110 ( 16)
 6.3i   41354300: SNP.AG                  144 ( 22%) ~     0 (  0)
 6.3i   41354302: SNP.AG                   86 ( 14%) ~     0 (  0)
 6.3i   41354309: SNP.TG                  122 ( 21%) ~     0 (  0)
 6.3i   41354315: SNP.AG                   70 ( 13%) ~     0 (  0)
 6.3i   41354317: SNP.AG                   30 (  6%) ~     0 (  0)
 6.3i   41354321: SNP.TG                   46 (  9%) ~     0 (  0)
 6.3i   41354333: SNP.TG                   49 (  9%) ~     0 (  0)
 6.3e   41354552: SNP.CT     1779:G>A     294 ( 54%) ~     0 (  0)
 6.2i   41354711: SNP.AG     1620:T>C     134 (100%) ~     0 (  0)
 6.2i   41354798: SNP.TA                    2 (  6%) ~     0 (  0)
 6.2i   41354810: SNP.CG                    2 (  7%) ~     0 (  0)
 6.2i   41354818: SNP.TA                    3 ( 12%) ~     0 (  0)
 6.2i   41354822: SNP.TA                    3 ( 15%) ~     0 (  0)
 6.2i   41354833: DEL.CG                    2 ( 11%) ~     0 (  0)
 6.2i   41354834: SNP.GA                    2 ( 12%) ~     0 (  0)
 6.2i   41354835: SNP.AC                    2 ( 11%) ~     0 (  0)
 6.2i   41354836: SNP.TG                    4 ( 22%) ~     0 (  0)
 6.2i   41354845: DEL.AGAGAG 1481:delCTCTCT     2 ( 12%) ~     0 (  0)
 6.2i   41354881: DEL.A                     3 ( 33%) ~     0 (  0)
 6.2i   41354938: SNP.GA                    2 (100%) ~     0 (  0)
 6.2i   41354948: SNP.AG                    2 (100%) ~     0 (  0)
 6.2i   41354949: SNP.GA                    2 (100%) ~     0 (  0)
 6.2i   41355418: SNP.AG                    8 ( 50%) ~     0 (  0)
 6.2i   41355529: SNP.AG                    3 (  6%) ~     0 (  0)
 6.2i   41355536: SNP.AG                    3 (  6%) ~     0 (  0)
 6.2i   41355611: SNP.CT     720:G>A       54 ( 41%) ~     0 (  0)
 6.2i   41355713: DEL.C                   258 ( 55%) ~     4 (  2)
 6.2e   41355737: SNP.CG     594:G>C      215 ( 37%) ~    14 (  7)
 6.2e   41355753: SNP.TC     578:A>G      236 ( 37%) ~    18 (  8)
 6.2e   41355764: SNP.GA                   43 (  6%) ~    27 ( 63)
 6.2e   41355819: SNP.AG                  173 ( 15%) ~    70 ( 40)
 6.2e   41355827: SNP.CT                  178 ( 15%) ~    72 ( 40)
 6.1i   41355895: SNP.TC                   79 (  9%) ~    36 ( 46)
 6.1i   41355918: SNP.AC                  298 ( 50%) ~     7 (  2)
 6.1i   41356122: SNP.GA     209:C>T      187 ( 46%) ~     0 (  0)
 6.0i   41356366: SNP.TG                   48 (  5%) ~     0 (  0)
 6.0i   41356750: SNP.AG                  231 ( 50%) ~     0 (  0)
 6.0i   41357152: SNP.GA                   88 ( 14%) ~    86 ( 98)
 6.0i   41357163: SNP.GT                  101 ( 16%) ~    99 ( 98)
 6.0i   41357176: SNP.CG                   62 ( 10%) ~    62 (100)
 6.0i   41357343: SNP.TC     -1013:A>G    165 ( 26%) ~   122 ( 74)
 6.0i   41357417: SNP.TC                  102 ( 11%) ~   100 ( 98)
 6.0i   41357420: SNP.AC                  103 ( 11%) ~    99 ( 96)
 6.0i   41357599: SNP.AG     -1269:T>C    102 ( 18%) ~    37 ( 36)
 6.0i   41357619: SNP.CT     -1289:G>A    444 ( 77%) ~     0 (  0)
 6.0i   41357631: SNP.TG     -1301:A>C    493 ( 81%) ~    23 (  5)
 6.0i   41357668: SNP.CT                   98 ( 11%) ~     7 (  7)
 6.0i   41357777: SNP.AG                  429 ( 55%) ~    64 ( 15)
 6.0i   41357793: SNP.AG                  333 ( 49%) ~    80 ( 24)
 6.0i   41357794: SNP.TA     -1464:A>T    331 ( 49%) ~     8 (  2)
 6.0i   41357838: SNP.TC                   31 (  5%) ~    22 ( 71)
 6.0i   41357909: SNP.AG     -1579:T>C    331 ( 49%) ~     1 (  0)
 6.0i   41358010: SNP.TC     -1680:A>G    236 ( 34%) ~    91 ( 39)
 6.0i   41358014: SNP.TG                   47 (  7%) ~    27 ( 57)
 6.0i   41358220: SNP.GA                  136 ( 15%) ~    66 ( 49)
 6.0i   41358432: SNP.GA                   44 ( 28%) ~     7 ( 16)
 6.0i   41358533: SNP.AG                   13 ( 29%) ~     1 (  8)
 6.0i   41358623: SNP.TC                   12 (100%) ~     0 (  0)
 6.0i   41358633: SNP.TC                   10 (100%) ~     0 (  0)
 6.0i   41358920: SNP.TC                    2 (100%) ~     2 (100)
 7.3flank 41380950: SNP.CT                  230 ( 25%) ~   197 ( 86)
 7.3flank 41381054: SNP.TC                  135 ( 23%) ~   131 ( 97)
 7.3utr 41381309: SNP.AG                  323 ( 50%) ~     1 (  0)
 7.3utr 41381397: SNP.CT                   39 (  5%) ~     2 (  5)
 7.3utr 41381414: SNP.GC                  721 ( 86%) ~     4 (  1)
 7.3utr 41381416: SNP.TA                  726 ( 85%) ~     4 (  1)
 7.3utr 41381447: SNP.GC                  962 (100%) ~     4 (  0)
 7.3utr 41381464: SNP.TC                   67 (  7%) ~     0 (  0)
 7.3utr 41381475: SNP.AC                   84 (  8%) ~     0 (  0)
 7.3utr 41381478: SNP.AC                   66 (  7%) ~     0 (  0)
 7.3utr 41381491: SNP.TC                   75 (  7%) ~     0 (  0)
 7.3utr 41381501: SNP.TC                  128 ( 13%) ~     0 (  0)
 7.3utr 41381516: SNP.AC                  235 ( 24%) ~     0 (  0)
 7.9e   41381646: SNP.AC                  347 ( 34%) ~    17 (  5)
 7.9e   41381770: SNP.TA                  431 ( 52%) ~   255 ( 59)
 7.8i   41381797: SNP.AG                   40 (  6%) ~    22 ( 55)
 7.8i   41381802: SNP.TG                  115 ( 20%) ~    48 ( 42)
 7.8i   41381808: SNP.TG                   87 ( 16%) ~    36 ( 41)
 7.8i   41381839: SNP.GC                   65 ( 16%) ~    29 ( 45)
 7.8i   41381874: SNP.GA                   37 ( 12%) ~    15 ( 41)
 7.8i   41382086: SNP.TG                    2 (  6%) ~     0 (  0)
 7.8e   41382475: SNP.TA                  403 ( 52%) ~     1 (  0)
 7.7i   41382606: INS.c                    36 (  6%) ~     0 (  0)
 7.7i   41382606: SNP.AC                  537 ( 88%) ~    10 (  2)
 7.7i   41382607: SNP.GA                  519 ( 88%) ~    10 (  2)
 7.7i   41382609: SNP.GT                   29 (  5%) ~     0 (  0)
 7.7i   41382611: SNP.CT                  480 ( 89%) ~    10 (  2)
 7.7i   41382612: SNP.GA                  478 ( 89%) ~    10 (  2)
 7.7i   41382644: SNP.GA                  398 ( 92%) ~     8 (  2)
 7.7i   41382652: SNP.AG                  288 ( 93%) ~     0 (  0)
 7.7i   41382654: SNP.TG                  290 ( 92%) ~     0 (  0)
 7.7i   41382664: SNP.GA                  285 ( 94%) ~     0 (  0)
 7.7i   41382894: SNP.CT                  245 ( 55%) ~     0 (  0)
 7.7e   41383216: SNP.TC                  300 (100%) ~    28 (  9)
 7.6i   41383343: SNP.TC                  148 (100%) ~     0 (  0)
 7.6i   41383377: SNP.CA                   94 ( 97%) ~     0 (  0)
 7.6i   41383420: SNP.GA                   35 ( 48%) ~     2 (  6)
 7.6i   41383516: SNP.GC                   56 (100%) ~     1 (  2)
 7.6i   41383591: SNP.GT                   65 ( 44%) ~     5 (  8)
 7.5i   41384066: SNP.TC                   29 ( 48%) ~     0 (  0)
 7.5i   41384083: SNP.TC                   43 (100%) ~     2 (  5)
 7.5i   41384090: SNP.AC                    2 (  5%) ~     0 (  0)
 7.5i   41384384: SNP.TG                   32 (100%) ~     0 (  0)
 7.5i   41384385: SNP.CG                   32 (100%) ~     0 (  0)
 7.5i   41384532: SNP.GA                  202 ( 49%) ~     7 (  3)
 7.5i   41384577: SNP.GC                  353 ( 49%) ~     1 (  0)
 7.5e   41384667: SNP.CT                  356 ( 45%) ~     8 (  2)
 7.5e   41384674: SNP.TC                  739 (100%) ~    37 (  5)
 7.5e   41384701: SNP.TC                  593 ( 97%) ~    44 (  7)
 7.5e   41384780: SNP.TG                   56 ( 14%) ~    12 ( 21)
 7.4i   41385222: SNP.AG                    8 ( 67%) ~     2 ( 25)
 7.4i   41385359: SNP.CG                    7 ( 35%) ~     0 (  0)
 7.4i   41385529: SNP.GA                    3 (  6%) ~     0 (  0)
 7.4i   41385532: SNP.GT                    4 (  7%) ~     1 ( 25)
 7.4i   41385767: SNP.TC                  229 (100%) ~    36 ( 16)
 7.4i   41385773: SNP.AG                  237 (100%) ~    33 ( 14)
 7.4e   41386032: SNP.TC                  333 ( 47%) ~     1 (  0)
 7.3i   41386170: SNP.GC                  308 ( 44%) ~     0 (  0)
 7.3i   41386365: SNP.TG                  392 ( 51%) ~     0 (  0)
 7.2i   41386621: SNP.CT                   18 ( 49%) ~     0 (  0)
 7.2i   41386813: SNP.AG                    2 (100%) ~     0 (  0)
 7.2i   41386856: SNP.GA                    4 (100%) ~     0 (  0)
 7.2i   41387153: SNP.AG                    5 ( 45%) ~     0 (  0)
 7.2i   41387277: SNP.TG                    3 (  9%) ~     0 (  0)
 7.2i   41387396: SNP.AG                   82 ( 51%) ~     0 (  0)
 7.1i   41387668: SNP.AG                  607 (100%) ~     3 (  0)
 7.0i   41388561: SNP.AG                  162 (100%) ~     8 (  5)
 7.0i   41388574: SNP.CT                   81 ( 50%) ~     9 ( 11)
 7.0i   41388734: SNP.AC                   87 ( 40%) ~     0 (  0)
 7.0i   41388739: SNP.CT                   91 ( 43%) ~     0 (  0)
 7.0i   41388800: SNP.TC                  133 ( 44%) ~     0 (  0)
 7.0i   41388842: SNP.CA                  175 ( 50%) ~     0 (  0)
 7.0i   41388937: SNP.GA                  385 ( 77%) ~    93 ( 24)
 7.0i   41388948: SNP.GT                  390 ( 74%) ~   116 ( 30)
 7.0i   41388961: SNP.CG                  180 ( 33%) ~    82 ( 46)
 7.0i   41389128: SNP.TC                  134 ( 21%) ~   134 (100)
 7.0i   41389202: SNP.TC                  214 ( 27%) ~   173 ( 81)
 7.0i   41389205: SNP.AC                  221 ( 28%) ~   176 ( 80)
 7.0i   41389270: SNP.TC                  121 ( 23%) ~    62 ( 51)
 7.0i   41389274: SNP.AG                  130 ( 25%) ~    58 ( 45)
 7.0i   41389356: SNP.CG                  209 ( 47%) ~    10 (  5)
 7.0i   41389416: SNP.TG                  198 ( 54%) ~    14 (  7)
 7.0i   41389453: SNP.TC                   88 ( 32%) ~    30 ( 34)
 7.0i   41389508: SNP.AG                  331 ( 84%) ~    80 ( 24)
 7.0i   41389513: SNP.TC                  368 ( 84%) ~    78 ( 21)
 7.0i   41389528: SNP.TC                   79 ( 14%) ~    12 ( 15)
 7.0i   41389623: SNP.CT                  131 ( 18%) ~    90 ( 69)
 7.0i   41389624: SNP.CT                  290 ( 39%) ~     6 (  2)
 7.0i   41389758: SNP.AG                  276 ( 50%) ~    37 ( 13)
 7.0i   41389799: SNP.TG                  104 ( 15%) ~    11 ( 11)
 7.0i   41389818: SNP.TG                   72 (  9%) ~    11 ( 15)
 7.0i   41389829: SNP.AG                   52 (  6%) ~     7 ( 13)
 7.0i   41389833: SNP.AG                   50 (  6%) ~     7 ( 14)
 7.0i   41390050: SNP.CG                  122 ( 31%) ~    62 ( 51)
 7.0i   41390152: SNP.CG                    9 (  7%) ~     9 (100)
 7.0i   41390217: SNP.GA                   62 ( 90%) ~    13 ( 21)
 7.0i   41390318: SNP.AG                    4 ( 17%) ~     4 (100)
Removing 10    6.9e 41349773:SNP.AG,  6.9e 41349731:SNP.CA
Removing 11    6.5e 41352940:SNP.AG
Removing 13    6.0i 41356378:SNP.AC,  6.1e 41356318:SNP.CT
Removing 14    6.1e 41356245:SNP.CT
Removing 15    6.0i 41356378:SNP.AC,  6.4e 41354197:SNP.TC
Removing 16    6.4e 41354170:SNP.GT
Removing 18A   6.8e 41350663:SNP.TA
Removing 18B   6.8e 41350663:SNP.TA
Removing 18C   6.8e 41350663:SNP.TA
Removing 19    6.8e 41350663:SNP.TA,  6.9e 41349773:SNP.AG
Removing 2     6.3e 41354532:SNP.AT
Removing 20    6.4e 41354189:DEL.TT
Removing 21    6.9e 41349758:SNP.TC
Removing 22    6.3e 41354537:SNP.GC,  6.3e 41354533:SNP.GT
Removing 23    6.4e 41354170:SNP.GA
Removing 25    6.3e 41354659:SNP.AG
Removing 26    6.3e 41354659:SNP.AG,  6.3e 41354628:SNP.CA,  6.3e 41354620:SNP.AC
Removing 27    6.3e 41354659:SNP.AG,  6.4e 41354169:DEL.C,  6.4e 41354168:SNP.GT
Removing 28A   6.8e 41350586:SNP.TC,  6.8e 41350581:SNP.CG
Removing 28B   6.8e 41350586:SNP.TC,  6.8e 41350581:SNP.CG
Removing 3     6.1e 41356242:SNP.TC,  6.1e 41356293:SNP.AG,  6.1e 41356315:SNP.TG,  6.1e 41356242:SNP.TC,  6.1e 41356293:SNP.AG,  6.1e 41356315:SNP.TG,  6.1e 41356242:SNP.TC,  6.1e 41356293:SNP.AG,  6.1e 41356315:SNP.TG
Removing 31B   6.1e 41356315:SNP.TG
Removing 31A   6.1e 41356315:SNP.TG
Removing 36    6.9e 41349773:SNP.AG
Removing 37    6.9e 41349773:SNP.AG,  6.9e 41349731:SNP.CA
Removing 38    6.7e 41351308:SNP.AG
Removing 39    6.2e 41355863:SNP.CT
Removing 40    6.3e 41354564:SNP.GC
Removing 41    6.5e 41352816:SNP.CT
Removing 42    6.5e 41352807:SNP.AG
Removing 43    6.6e 41351925:SNP.GA
Removing 44    6.8e 41350670:SNP.CT,  6.8e 41350586:SNP.TC,  6.8e 41350581:SNP.CG
Removing 45    6.9e 41349800:SNP.AG
Removing 5     6.9e 41349749:SNP.CA
Removing 6     6.3e 41354628:SNP.CT
Removing 7     6.9e 41349773:SNP.AG
Removing 8     6.9e 41349731:SNP.CA
Removing 9B    6.0i 41356378:SNP.AC
Removing 9A    6.0i 41356378:SNP.AC
Initial status
  CYP2D6.1B7
    6.2i           41354711:SNP.AG  134 (100)   1620:T>C
    6.0i           41357619:SNP.CT  444 ( 77)   -1289:G>A
    6.0i           41357631:SNP.TG  493 ( 81)   -1301:A>C
    6.0i           41357794:SNP.TA  331 ( 49)   -1464:A>T
    6.0i           41357909:SNP.AG  331 ( 49)   -1579:T>C
    6.0i           41358010:SNP.TC  236 ( 34)   -1680:A>G
  CYP2D6.1G
    6.8i           41350506:SNP.TC  319 ( 53)   5825:A>G
    6.8e           41350614:SNP.GA  430 ( 53)   5717:C>T
  CYP2D6.1F
    6.8e           41350614:SNP.GA  430 ( 53)   5717:C>T
  CYP2D6.1H
    6.0i           41357075:SNP.TC    0 (  0)   -745:A>G
  CYP2D6.1K
    6.3flank       41349171:SNP.TC  364 ( 74)   7160:A>G
    6.8i           41349977:SNP.AG   21 ( 10)   6354:T>C
    6.8e           41350663:SNP.TT    0 (  0)   5668:A>A
    6.5i           41352257:DEL.T     6 ( 43)   4074:delA
    6.5i           41352427:SNP.CT    0 (  0)   3904:G>A
    6.5e           41352953:SNP.GA    0 (  0)   3378:C>T
    6.4i           41353337:SNP.AG    0 (  0)   2994:T>C
    6.4i           41353848:SNP.CT  671 ( 61)   2483:G>A
    6.3e           41354552:SNP.CT  294 ( 54)   1779:G>A
    6.2i           41354711:SNP.AG  134 (100)   1620:T>C
    6.1i           41355900:SNP.GA    0 (  0)   431:C>T
    6.1e           41356280:SNP.TC    0 (  0)   51:A>G
    6.0i           41357016:SNP.TC    0 (  0)   -686:A>G
    6.0i           41357529:INS.alupv613    0 (  0)   -1199:ins316bpAlu
    6.0i           41357619:SNP.CT  444 ( 77)   -1289:G>A
    6.0i           41357631:SNP.TG  493 ( 81)   -1301:A>C
  CYP2D6.1J
    6.0i           41357075:SNP.TC    0 (  0)   -745:A>G
    6.0i           41357343:SNP.TC  165 ( 26)   -1013:A>G
  CYP2D6.1
  CYP2D6.1B2
    6.0i           41357343:SNP.TC  165 ( 26)   -1013:A>G
  CYP2D6.1B3
    6.0i           41356725:SNP.CT    0 (  0)   -395:G>A
  CYP2D6.1B5
    6.2i           41354711:SNP.AG  134 (100)   1620:T>C
    6.0i           41357343:SNP.TC  165 ( 26)   -1013:A>G
    6.0i           41357619:SNP.CT  444 ( 77)   -1289:G>A
    6.0i           41357631:SNP.TG  493 ( 81)   -1301:A>C
    6.0i           41357909:SNP.AG  331 ( 49)   -1579:T>C
    6.0i           41358010:SNP.TC  236 ( 34)   -1680:A>G
  CYP2D6.1B6
    6.8i           41350038:SNP.AG    5 ( 11)   6293:T>C
    6.8i           41350046:SNP.TC    0 (  0)   6285:A>G
    6.2i           41354711:SNP.AG  134 (100)   1620:T>C
    6.0i           41357343:SNP.TC  165 ( 26)   -1013:A>G
    6.0i           41357619:SNP.CT  444 ( 77)   -1289:G>A
    6.0i           41357631:SNP.TG  493 ( 81)   -1301:A>C
    6.0i           41357909:SNP.AG  331 ( 49)   -1579:T>C
    6.0i           41358010:SNP.TC  236 ( 34)   -1680:A>G
  CYP2D6.1B8
    6.2i           41354711:SNP.AG  134 (100)   1620:T>C
    6.0i           41357343:SNP.TC  165 ( 26)   -1013:A>G
    6.0i           41357619:SNP.CT  444 ( 77)   -1289:G>A
    6.0i           41357631:SNP.TG  493 ( 81)   -1301:A>C
    6.0i           41357794:SNP.TA  331 ( 49)   -1464:A>T
    6.0i           41357909:SNP.AG  331 ( 49)   -1579:T>C
    6.0i           41358010:SNP.TC  236 ( 34)   -1680:A>G
  CYP2D6.1B9
    6.8i           41349941:SNP.GC    0 (  0)   6390:C>G
    6.2i           41354711:SNP.AG  134 (100)   1620:T>C
    6.0i           41357343:SNP.TC  165 ( 26)   -1013:A>G
    6.0i           41357619:SNP.CT  444 ( 77)   -1289:G>A
    6.0i           41357631:SNP.TG  493 ( 81)   -1301:A>C
    6.0i           41357794:SNP.TA  331 ( 49)   -1464:A>T
    6.0i           41357909:SNP.AG  331 ( 49)   -1579:T>C
    6.0i           41358010:SNP.TC  236 ( 34)   -1680:A>G
  CYP2D6.1B12
    6.1e           41356280:SNP.CT    0 (  0)   51:G>A
  CYP2D6.1B13
    6.3utr         41349640:SNP.GC    0 (  0)   6691:C>G
    6.1e           41356309:SNP.GA    0 (  0)   22:C>T
    6.0i           41357075:SNP.TC    0 (  0)   -745:A>G
  CYP2D6.1B10
    6.8i           41349942:SNP.GC  100 ( 25)   6389:C>G
    6.2i           41354711:SNP.AG  134 (100)   1620:T>C
    6.0i           41357343:SNP.TC  165 ( 26)   -1013:A>G
    6.0i           41357619:SNP.CT  444 ( 77)   -1289:G>A
    6.0i           41357631:SNP.TG  493 ( 81)   -1301:A>C
    6.0i           41357794:SNP.TA  331 ( 49)   -1464:A>T
    6.0i           41357909:SNP.AG  331 ( 49)   -1579:T>C
    6.0i           41358010:SNP.TC  236 ( 34)   -1680:A>G
  CYP2D6.1B11
    6.7i           41350703:SNP.GA    0 (  0)   5628:C>T
    6.2i           41354711:SNP.AG  134 (100)   1620:T>C
    6.0i           41357343:SNP.TC  165 ( 26)   -1013:A>G
    6.0i           41357619:SNP.CT  444 ( 77)   -1289:G>A
    6.0i           41357631:SNP.TG  493 ( 81)   -1301:A>C
    6.0i           41357794:SNP.TA  331 ( 49)   -1464:A>T
    6.0i           41357909:SNP.AG  331 ( 49)   -1579:T>C
    6.0i           41358010:SNP.TC  236 ( 34)   -1680:A>G
  CYP2D6.1B16
    6.3flank       41349171:SNP.TC  364 ( 74)   7160:A>G
    6.3flank       41349342:SNP.TC    0 (  0)   6989:A>G
    6.3flank       41349371:INS.cttttc    0 (  0)   6960:insGAAAAG
    6.3flank       41349396:INS.aagtg    0 (  0)   6935:insCACTT
    6.3utr         41349549:SNP.GC  183 ( 26)   6782:C>G
    6.8e           41350647:SNP.AG    0 (  0)   5684:T>C
    6.2i           41354701:SNP.AG    0 (  0)   1630:T>C
    6.1e           41356309:SNP.GA    0 (  0)   22:C>T
    6.0i           41357075:SNP.TC    0 (  0)   -745:A>G
    6.0i           41357619:SNP.CT  444 ( 77)   -1289:G>A
    6.0i           41357631:SNP.TG  493 ( 81)   -1301:A>C
  CYP2D6.1B17
    6.3flank       41349171:SNP.TC  364 ( 74)   7160:A>G
    6.3flank       41349342:SNP.TC    0 (  0)   6989:A>G
    6.3flank       41349371:INS.cttttc    0 (  0)   6960:insGAAAAG
    6.3flank       41349396:INS.aagtg    0 (  0)   6935:insCACTT
    6.3utr         41349496:SNP.GT    0 (  0)   6835:C>A
    6.3utr         41349499:SNP.TC    0 (  0)   6832:A>G
    6.3utr         41349549:SNP.GC  183 ( 26)   6782:C>G
    6.8i           41350188:SNP.GT    0 (  0)   6143:C>A
    6.8e           41350663:SNP.TT    0 (  0)   5668:A>A
    6.7e           41351354:SNP.GA    0 (  0)   4977:C>T
    6.6i           41351481:SNP.GA    0 (  0)   4850:C>T
    6.6i           41351695:SNP.TG    0 (  0)   4636:A>C
    6.5i           41352260:DEL.T     0 (  0)   4071:delA
    6.5i           41352543:SNP.GA    0 (  0)   3788:C>T
    6.4i           41353337:SNP.AG    0 (  0)   2994:T>C
    6.4i           41353848:SNP.CT  671 ( 61)   2483:G>A
    6.4i           41354035:SNP.GA    0 (  0)   2296:C>T
    6.2i           41354685:SNP.GA    0 (  0)   1646:C>T
    6.2i           41354711:SNP.AG  134 (100)   1620:T>C
    6.1e           41356280:SNP.CT    0 (  0)   51:G>A
  CYP2D6.1B14
    6.3flank       41349171:SNP.TC  364 ( 74)   7160:A>G
    6.3flank       41349396:INS.aagtg    0 (  0)   6935:insCACTT
    6.3utr         41349549:SNP.GC  183 ( 26)   6782:C>G
    6.1i           41355993:SNP.AG    0 (  0)   338:T>C
    6.1e           41356280:SNP.CT    0 (  0)   51:G>A
  CYP2D6.1B15
    6.3flank       41349171:SNP.TC  364 ( 74)   7160:A>G
    6.3flank       41349371:INS.cttttc    0 (  0)   6960:insGAAAAG
    6.3flank       41349396:INS.aagtg    0 (  0)   6935:insCACTT
    6.3utr         41349549:SNP.GC  183 ( 26)   6782:C>G
    6.4i           41353106:SNP.TC   23 ( 56)   3225:A>G
    6.2i           41354711:SNP.AG  134 (100)   1620:T>C
    6.2i           41354855:DEL.AGAGAG    0 (  0)   1471:delCTCTCT
    6.2i           41354949:SNP.AG    0 (  0)   1382:T>C
    6.2i           41354950:SNP.GA    0 (  0)   1381:C>T
    6.0i           41357297:SNP.TG    0 (  0)   -967:A>C
    6.0i           41357619:SNP.CT  444 ( 77)   -1289:G>A
    6.0i           41357631:SNP.TG  493 ( 81)   -1301:A>C
  CYP2D6.12B
    6.3utr         41349639:SNP.GC    0 (  0)   6692:C>G
    6.8e           41350614:SNP.GC    0 (  0)   5717:C>G
    6.7i           41350786:SNP.CG    0 (  0)   5545:G>C
    6.7i           41351168:SNP.CT  164 ( 49)   5163:G>A
    6.6i           41351842:SNP.GA  377 ( 46)   4489:C>T
    6.5e           41352935:SNP.CT    0 (  0)   3396:G>A
    6.2i           41354711:SNP.AG  134 (100)   1620:T>C
  CYP2D6.12C
    6.3utr         41349639:SNP.GC    0 (  0)   6692:C>G
    6.8e           41350614:SNP.GC    0 (  0)   5717:C>G
    6.7i           41350786:SNP.CG    0 (  0)   5545:G>C
    6.7i           41351168:SNP.CT  164 ( 49)   5163:G>A
    6.6i           41351842:SNP.GA  377 ( 46)   4489:C>T
    6.5e           41352935:SNP.CT    0 (  0)   3396:G>A
    6.2i           41354701:SNP.CG    0 (  0)   1630:G>C
    6.2i           41354711:SNP.AG  134 (100)   1620:T>C
  CYP2D6.12A$1
  CYP2D6.17
    6.8i           41350506:SNP.TC  319 ( 53)   5825:A>G
    6.8e           41350614:SNP.GA  430 ( 53)   5717:C>T
    6.7i           41351168:SNP.CT  164 ( 49)   5163:G>A
    6.7e           41351266:SNP.CT  280 ( 41) F 5065:G>A
    6.6i           41351842:SNP.GA  377 ( 46)   4489:C>T
    6.3e           41354552:SNP.CT  294 ( 54)   1779:G>A
    6.1i           41356122:SNP.GA  187 ( 46)   209:C>T
  CYP2D6.24B
    6.3flank       41349171:SNP.TC  364 ( 74)   7160:A>G
    6.3utr         41349549:SNP.GC  183 ( 26)   6782:C>G
    6.9e           41349873:SNP.TA  523 ( 48) F 6458:A>T
    6.8i           41349977:SNP.AG   21 ( 10)   6354:T>C
    6.8i           41350038:SNP.AG    5 ( 11)   6293:T>C
    6.8i           41350049:SNP.TC    3 (  9)   6282:A>G
    6.8i           41350113:SNP.TC    5 ( 28)   6218:A>G
    6.8e           41350663:SNP.TT    0 (  0)   5668:A>A
    6.4i           41353106:SNP.TC   23 ( 56)   3225:A>G
    6.4i           41353848:SNP.CT  671 ( 61)   2483:G>A
    6.2i           41354711:SNP.AG  134 (100)   1620:T>C
    6.2i           41354845:DEL.AGAGAG    2 ( 12)   1481:delCTCTCT
    6.2i           41354949:SNP.AG    0 (  0)   1382:T>C
    6.2i           41354950:SNP.GA    0 (  0)   1381:C>T
    6.2i           41355194:SNP.GC    0 (  0)   1137:C>G
    6.2i           41355611:SNP.CT   54 ( 41)   720:G>A
    6.2e           41355737:SNP.CG  215 ( 37) F 594:G>C
    6.2e           41355753:SNP.TC  236 ( 37)   578:A>G
    6.1e           41356280:SNP.TC    0 (  0)   51:A>G
    6.0i           41357343:SNP.TC  165 ( 26)   -1013:A>G
    6.0i           41357619:SNP.CT  444 ( 77)   -1289:G>A
    6.0i           41357631:SNP.TG  493 ( 81)   -1301:A>C
  CYP2D6.24A
    6.3flank       41349171:SNP.TC  364 ( 74)   7160:A>G
    6.3utr         41349549:SNP.GC  183 ( 26)   6782:C>G
    6.9e           41349873:SNP.TA  523 ( 48) F 6458:A>T
    6.8i           41349977:SNP.AG   21 ( 10)   6354:T>C
    6.8i           41350038:SNP.AG    5 ( 11)   6293:T>C
    6.8i           41350049:SNP.TC    3 (  9)   6282:A>G
    6.8i           41350113:SNP.TC    5 ( 28)   6218:A>G
    6.8e           41350663:SNP.TT    0 (  0)   5668:A>A
    6.4i           41353106:SNP.TC   23 ( 56)   3225:A>G
    6.4i           41353848:SNP.CT  671 ( 61)   2483:G>A
    6.2i           41354711:SNP.AG  134 (100)   1620:T>C
    6.2i           41355194:SNP.GC    0 (  0)   1137:C>G
    6.2i           41355611:SNP.CT   54 ( 41)   720:G>A
    6.2e           41355737:SNP.CG  215 ( 37) F 594:G>C
    6.2e           41355753:SNP.TC  236 ( 37)   578:A>G
    6.1e           41356280:SNP.TC    0 (  0)   51:A>G
    6.0i           41357343:SNP.TC  165 ( 26)   -1013:A>G
    6.0i           41357619:SNP.CT  444 ( 77)   -1289:G>A
    6.0i           41357631:SNP.TG  493 ( 81)   -1301:A>C
  CYP2D6.34$1
  CYP2D6.35B
    6.3flank       41349171:SNP.TC  364 ( 74)   7160:A>G
    6.3flank       41349332:SNP.AG    0 (  0)   6999:T>C
    6.3utr         41349496:SNP.GT    0 (  0)   6835:C>A
    6.3utr         41349549:SNP.GC  183 ( 26)   6782:C>G
    6.9e           41349873:SNP.TA  523 ( 48) F 6458:A>T
    6.5i           41352247:DEL.T     0 (  0)   4084:delA
    6.2i           41354711:SNP.AG  134 (100)   1620:T>C
    6.1e           41356309:SNP.GA    0 (  0)   22:C>T
    6.0i           41357075:SNP.TC    0 (  0)   -745:A>G
    6.0i           41357619:SNP.CT  444 ( 77)   -1289:G>A
    6.0i           41357631:SNP.TG  493 ( 81)   -1301:A>C
  CYP2D6.35A
    6.3flank       41349171:SNP.TC  364 ( 74)   7160:A>G
    6.3utr         41349549:SNP.GC  183 ( 26)   6782:C>G
    6.9e           41349873:SNP.TA  523 ( 48) F 6458:A>T
    6.8i           41349977:SNP.AG   21 ( 10)   6354:T>C
    6.8i           41350038:SNP.AG    5 ( 11)   6293:T>C
    6.8i           41350049:SNP.TC    3 (  9)   6282:A>G
    6.8i           41350113:SNP.TC    5 ( 28)   6218:A>G
    6.4i           41353106:SNP.TC   23 ( 56)   3225:A>G
    6.4i           41353848:SNP.CT  671 ( 61)   2483:G>A
    6.2i           41354711:SNP.AG  134 (100)   1620:T>C
    6.2i           41355194:SNP.GC    0 (  0)   1137:C>G
    6.2i           41355611:SNP.CT   54 ( 41)   720:G>A
    6.0i           41357343:SNP.TC  165 ( 26)   -1013:A>G
    6.0i           41357619:SNP.CT  444 ( 77)   -1289:G>A
    6.0i           41357631:SNP.TG  493 ( 81)   -1301:A>C
  CYP2D6.4
== Copy Number Estimator ==
CNV factor: 2.07925972459 (0.480940398246)
Coverage per region
  region:  2D6  2D7
  0i   :  2.22  1.85 
  1e   :  2.06  2.02 =  0.03
  1i   :  2.31  2.46 = -0.15
  2e   :  1.77  2.42 = -0.65
  2i   :  1.98  2.21 = -0.24
  3e   :  1.78  2.63 = -0.85
  3i   :  2.31  2.29 =  0.02
  4e   :  2.21  2.11 =  0.11
  4i   :  2.04  2.04 = -0.00
  5e   :  2.62  1.31 =  1.31
  5i   :  2.00  2.17 = -0.17
  6e   :  1.90  2.03 = -0.13
  6i   :  1.96  1.78 =  0.18
  7e   :  2.27  1.92 =  0.35
  7i   :  2.06  1.95 =  0.11
  8e   :  2.32  2.12 =  0.19
  8i   :  2.16  1.82 =  0.34
  9e   :  1.54  3.01 = -1.48
  3flank:  2.06  2.06 
  3utr :  1.77  2.02 
Max. CN = 3
M  Sentinel contraint for 12A: A_12A^ <= A_12A
M  Sentinel contraint for 1: A_1^ <= A_1
M  Sentinel contraint for 4: A_4^ <= A_4
M  Sentinel contraint for 34: A_34^ <= A_34
M  Contraint for 7e: 0.354927516689 == E_7e + <gurobi.LinExpr: 0.0 A4^ + -1.0 A4^ + A12A + -0.0 A12A + A1^ + -1.0 A1^ + A1 + -1.0 A1 + 0.0 A4 + -1.0 A4 + A34^ + -0.0 A34^ + A34 + -0.0 A34 + A12A^ + -0.0 A12A^>
M  Contraint for 8i: 0.337136888128 == E_8i + <gurobi.LinExpr: 0.0 A4^ + -1.0 A4^ + A12A + -0.0 A12A + A1^ + -1.0 A1^ + A1 + -1.0 A1 + 0.0 A4 + -1.0 A4 + A34^ + -0.0 A34^ + A34 + -0.0 A34 + A12A^ + -0.0 A12A^>
M  Contraint for 6e: -0.133419136855 == E_6e + <gurobi.LinExpr: 0.0 A4^ + -1.0 A4^ + A12A + -0.0 A12A + A1^ + -1.0 A1^ + A1 + -1.0 A1 + 0.0 A4 + -1.0 A4 + A34^ + -0.0 A34^ + A34 + -0.0 A34 + A12A^ + -0.0 A12A^>
M  Contraint for 5e: 1.30893373832 == E_5e + <gurobi.LinExpr: 0.0 A4^ + -1.0 A4^ + A12A + -0.0 A12A + A1^ + -1.0 A1^ + A1 + -1.0 A1 + 0.0 A4 + -1.0 A4 + A34^ + -0.0 A34^ + A34 + -0.0 A34 + A12A^ + -0.0 A12A^>
M  Contraint for 6i: 0.178277821742 == E_6i + <gurobi.LinExpr: 0.0 A4^ + -1.0 A4^ + A12A + -0.0 A12A + A1^ + -1.0 A1^ + A1 + -1.0 A1 + 0.0 A4 + -1.0 A4 + A34^ + -0.0 A34^ + A34 + -0.0 A34 + A12A^ + -0.0 A12A^>
M  Contraint for 9e: -1.47551610027 == E_9e + <gurobi.LinExpr: 0.0 A4^ + -1.0 A4^ + A12A + -0.0 A12A + A1^ + -1.0 A1^ + A1 + -1.0 A1 + 0.0 A4 + -1.0 A4 + A34^ + -0.0 A34^ + A34 + -0.0 A34 + A12A^ + -0.0 A12A^>
M  Contraint for 7i: 0.107248775664 == E_7i + <gurobi.LinExpr: 0.0 A4^ + -1.0 A4^ + A12A + -0.0 A12A + A1^ + -1.0 A1^ + A1 + -1.0 A1 + 0.0 A4 + -1.0 A4 + A34^ + -0.0 A34^ + A34 + -0.0 A34 + A12A^ + -0.0 A12A^>
M  Contraint for 8e: 0.193702172871 == E_8e + <gurobi.LinExpr: 0.0 A4^ + -1.0 A4^ + A12A + -0.0 A12A + A1^ + -1.0 A1^ + A1 + -1.0 A1 + 0.0 A4 + -1.0 A4 + A34^ + -0.0 A34^ + A34 + -0.0 A34 + A12A^ + -0.0 A12A^>
M  Contraint for 2e: -0.649915877527 == E_2e + <gurobi.LinExpr: 0.0 A4^ + -1.0 A4^ + 0.5 A12A + -0.5 A12A + A1^ + -1.0 A1^ + A1 + -1.0 A1 + 0.0 A4 + -1.0 A4 + 0.0 A34^ + -1.0 A34^ + 0.0 A34 + -1.0 A34 + 0.5 A12A^ + -0.5 A12A^>
M  Contraint for 3i: 0.0248522138103 == E_3i + <gurobi.LinExpr: 0.0 A4^ + -1.0 A4^ + A12A + -0.0 A12A + A1^ + -1.0 A1^ + A1 + -1.0 A1 + 0.0 A4 + -1.0 A4 + 0.0 A34^ + -1.0 A34^ + 0.0 A34 + -1.0 A34 + A12A^ + -0.0 A12A^>
M  Contraint for 1e: 0.0347423623359 == E_1e + <gurobi.LinExpr: 0.0 A4^ + -1.0 A4^ + 0.0 A12A + -1.0 A12A + A1^ + -1.0 A1^ + A1 + -1.0 A1 + 0.0 A4 + -1.0 A4 + 0.0 A34^ + -1.0 A34^ + 0.0 A34 + -1.0 A34 + 0.0 A12A^ + -1.0 A12A^>
M  Contraint for 4i: -0.000881887920887 == E_4i + <gurobi.LinExpr: 0.0 A4^ + -1.0 A4^ + A12A + -0.0 A12A + A1^ + -1.0 A1^ + A1 + -1.0 A1 + 0.0 A4 + -1.0 A4 + 0.5 A34^ + -0.5 A34^ + 0.5 A34 + -0.5 A34 + A12A^ + -0.0 A12A^>
M  Contraint for 1i: -0.150983446677 == E_1i + <gurobi.LinExpr: 0.0 A4^ + -1.0 A4^ + 0.0 A12A + -1.0 A12A + A1^ + -1.0 A1^ + A1 + -1.0 A1 + 0.0 A4 + -1.0 A4 + 0.0 A34^ + -1.0 A34^ + 0.0 A34 + -1.0 A34 + 0.0 A12A^ + -1.0 A12A^>
M  Contraint for 5i: -0.173937384608 == E_5i + <gurobi.LinExpr: 0.0 A4^ + -1.0 A4^ + A12A + -0.0 A12A + A1^ + -1.0 A1^ + A1 + -1.0 A1 + 0.0 A4 + -1.0 A4 + A34^ + -0.0 A34^ + A34 + -0.0 A34 + A12A^ + -0.0 A12A^>
M  Contraint for 4e: 0.10931786228 == E_4e + <gurobi.LinExpr: 0.0 A4^ + -1.0 A4^ + A12A + -0.0 A12A + A1^ + -1.0 A1^ + A1 + -1.0 A1 + 0.0 A4 + -1.0 A4 + 0.0 A34^ + -1.0 A34^ + 0.0 A34 + -1.0 A34 + A12A^ + -0.0 A12A^>
M  Contraint for 2i: -0.23500072954 == E_2i + <gurobi.LinExpr: 0.0 A4^ + -1.0 A4^ + A12A + -0.0 A12A + A1^ + -1.0 A1^ + A1 + -1.0 A1 + 0.0 A4 + -1.0 A4 + 0.0 A34^ + -1.0 A34^ + 0.0 A34 + -1.0 A34 + A12A^ + -0.0 A12A^>
M  Contraint for 3e: -0.848278447549 == E_3e + <gurobi.LinExpr: 0.0 A4^ + -1.0 A4^ + A12A + -0.0 A12A + A1^ + -1.0 A1^ + A1 + -1.0 A1 + 0.0 A4 + -1.0 A4 + 0.0 A34^ + -1.0 A34^ + 0.0 A34 + -1.0 A34 + A12A^ + -0.0 A12A^>
M  Objective: <gurobi.LinExpr: C25 + C26 + C27 + C28 + C29 + C30 + C31 + C32 + C33 + C34 + C35 + C36 + C37 + C38 + C39 + C40 + C41 + 0.5 A4^ + 0.5 A12A + 0.5 A1^ + 0.5 A1 + 0.5 A4 + 0.5 A34^ + 0.5 A34 + 0.5 A12A^ + 0.1 A12A + 0.1 A34^ + 0.1 A34 + 0.1 A12A^>
CN Solver status: optimal, opt: 7.31707236278
  Solutions:
    ('1', '1^')
== Initial Solver ==
Solving Counter({'1': 2})
Possible candidates:
  CYP2D6.1
  CYP2D6.17
    6.7e 41351266:SNP.CT  280 ( 41) F 5065:G>A
  CYP2D6.24A
    6.2e 41355737:SNP.CG  215 ( 37) F 594:G>C
    6.9e 41349873:SNP.TA  523 ( 48) F 6458:A>T
  CYP2D6.35A
    6.9e 41349873:SNP.TA  523 ( 48) F 6458:A>T
M  Max. CN for 1 = 2
M  Max. CN for 24A = 2
M  Max. CN for 35A = 2
M  Max. CN for 17 = 2
M  Contraint for 41349873:SNP.TA 6.9e: 523 == <gurobi.QuadExpr: 0.0 + [ 540.5 REG_24A_41349873:SNP.TA * 24A + 540.5 REG_35A_41349873:SNP.TA * 35A + 540.5 REG_35A_2_41349873:SNP.TA * 35A_2 + 540.5 REG_24A_2_41349873:SNP.TA * 24A_2 ]> + err
M  Contraint for 41351266:REF 6.7e: 408 == <gurobi.QuadExpr: 344.0 24A + 344.0 17 + 344.0 35A + 344.0 35A_2 + 344.0 24A_2 + 344.0 17_2 + 344.0 1 + 344.0 1_2 + [ -344.0 REG_17_41351266:SNP.CT * 17 + -344.0 REG_17_2_41351266:SNP.CT * 17_2 ]> + err
M  Contraint for 41349873:REF 6.9e: 558 == <gurobi.QuadExpr: 540.5 24A + 540.5 17 + 540.5 35A + 540.5 35A_2 + 540.5 24A_2 + 540.5 17_2 + 540.5 1 + 540.5 1_2 + [ -540.5 REG_24A_41349873:SNP.TA * 24A + -540.5 REG_35A_41349873:SNP.TA * 35A + -540.5 REG_35A_2_41349873:SNP.TA * 35A_2 + -540.5 REG_24A_2_41349873:SNP.TA * 24A_2 ]> + err
M  Contraint for 41351266:SNP.CT 6.7e: 280 == <gurobi.QuadExpr: 0.0 + [ 344.0 REG_17_41351266:SNP.CT * 17 + 344.0 REG_17_2_41351266:SNP.CT * 17_2 ]> + err
M  Contraint for 41355737:REF 6.2e: 361 == <gurobi.QuadExpr: 288.0 24A + 288.0 17 + 288.0 35A + 288.0 35A_2 + 288.0 24A_2 + 288.0 17_2 + 288.0 1 + 288.0 1_2 + [ -288.0 REG_24A_41355737:SNP.CG * 24A + -288.0 REG_24A_2_41355737:SNP.CG * 24A_2 ]> + err
M  Contraint for 41355737:SNP.CG 6.2e: 215 == <gurobi.QuadExpr: 0.0 + [ 288.0 REG_24A_41355737:SNP.CG * 24A + 288.0 REG_24A_2_41355737:SNP.CG * 24A_2 ]> + err
M  Contraint for 24A 41349873:SNP.TA: <gurobi.Var 24A> >= <gurobi.Var REG_24A_41349873:SNP.TA>
M  Contraint for 24A 41355737:SNP.CG: <gurobi.Var 24A> >= <gurobi.Var REG_24A_41355737:SNP.CG>
M  Contraint for 17 41351266:SNP.CT: <gurobi.Var 17> >= <gurobi.Var REG_17_41351266:SNP.CT>
M  Contraint for 35A 41349873:SNP.TA: <gurobi.Var 35A> >= <gurobi.Var REG_35A_41349873:SNP.TA>
M  Contraint for 35A_2 41349873:SNP.TA: <gurobi.Var 35A_2> >= <gurobi.Var REG_35A_2_41349873:SNP.TA>
M  Contraint for 24A_2 41349873:SNP.TA: <gurobi.Var 24A_2> >= <gurobi.Var REG_24A_2_41349873:SNP.TA>
M  Contraint for 24A_2 41355737:SNP.CG: <gurobi.Var 24A_2> >= <gurobi.Var REG_24A_2_41355737:SNP.CG>
M  Contraint for 17_2 41351266:SNP.CT: <gurobi.Var 17_2> >= <gurobi.Var REG_17_2_41351266:SNP.CT>
M  CN contraint for 1: 2 == <gurobi.LinExpr: 24A + 17 + 35A + 35A_2 + 24A_2 + 17_2 + 1 + 1_2>
M  Sentinel contraint for 24A: A_24A_2 <= A_24A
M  Sentinel contraint for 17: A_17_2 <= A_17
M  Sentinel contraint for 35A: A_35A_2 <= A_35A
M  Sentinel contraint for 1: A_1_2 <= A_1
M  Objective: <gurobi.LinExpr: C27 + C28 + C29 + C30 + C31 + C32>
M  Contraint for 24A: A_24A * (<gurobi.LinExpr: REG_24A_41349873:SNP.TA + REG_24A_41355737:SNP.CG> - 2) == 0
M  Contraint for 17: A_17 * (<gurobi.LinExpr: REG_17_41351266:SNP.CT> - 1) == 0
M  Contraint for 35A: A_35A * (<gurobi.LinExpr: REG_35A_41349873:SNP.TA> - 1) == 0
M  Contraint for 35A_2: A_35A_2 * (<gurobi.LinExpr: REG_35A_2_41349873:SNP.TA> - 1) == 0
M  Contraint for 24A_2: A_24A_2 * (<gurobi.LinExpr: REG_24A_2_41349873:SNP.TA + REG_24A_2_41355737:SNP.CG> - 2) == 0
M  Contraint for 17_2: A_17_2 * (<gurobi.LinExpr: REG_17_2_41351266:SNP.CT> - 1) == 0
M  Contraint for 41349873:SNP.TA: 1 <= <gurobi.QuadExpr: 0.0 + [ 24A * REG_24A_41349873:SNP.TA + 35A * REG_35A_41349873:SNP.TA + 35A_2 * REG_35A_2_41349873:SNP.TA + 24A_2 * REG_24A_2_41349873:SNP.TA ]>
M  Contraint for 41355737:SNP.CG: 1 <= <gurobi.QuadExpr: 0.0 + [ 24A * REG_24A_41355737:SNP.CG + 24A_2 * REG_24A_2_41355737:SNP.CG ]>
M  Contraint for 41351266:SNP.CT: 1 <= <gurobi.QuadExpr: 0.0 + [ 17 * REG_17_41351266:SNP.CT + 17_2 * REG_17_2_41351266:SNP.CT ]>
M  Contraint for 41349873:SNP.TA: 1 <= <gurobi.QuadExpr: 0.0 + [ 24A * REG_24A_41349873:SNP.TA + 35A * REG_35A_41349873:SNP.TA + 35A_2 * REG_35A_2_41349873:SNP.TA + 24A_2 * REG_24A_2_41349873:SNP.TA ]>
M  Contraint for 41349873:SNP.TA: 1 <= <gurobi.QuadExpr: 0.0 + [ 24A * REG_24A_41349873:SNP.TA + 35A * REG_35A_41349873:SNP.TA + 35A_2 * REG_35A_2_41349873:SNP.TA + 24A_2 * REG_24A_2_41349873:SNP.TA ]>
M  Contraint for 41349873:SNP.TA: 1 <= <gurobi.QuadExpr: 0.0 + [ 24A * REG_24A_41349873:SNP.TA + 35A * REG_35A_41349873:SNP.TA + 35A_2 * REG_35A_2_41349873:SNP.TA + 24A_2 * REG_24A_2_41349873:SNP.TA ]>
M  Contraint for 41355737:SNP.CG: 1 <= <gurobi.QuadExpr: 0.0 + [ 24A * REG_24A_41355737:SNP.CG + 24A_2 * REG_24A_2_41355737:SNP.CG ]>
M  Contraint for 41351266:SNP.CT: 1 <= <gurobi.QuadExpr: 0.0 + [ 17 * REG_17_41351266:SNP.CT + 17_2 * REG_17_2_41351266:SNP.CT ]>
CN Solver status: optimal, opt: 309.0
  solution:
    ('17', '24A')
[32;01mCopy number best structures:[39;49;00m
[32;01m  (1) 2x*1-like[39;49;00m
== Refiner ==
Refining ('17', '24A')
M  CN constraint for 24A: 1 == <gurobi.LinExpr: 24A + 24B>
M  CN constraint for 17: 1 == <gurobi.LinExpr: 17>
M  Contraint for 41357631:REF 6.0i: 115 == <gurobi.QuadExpr: 304.0 24A + 304.0 17 + 304.0 24B + [ -304.0 REG_24A_41357631:SNP.TG * 24A + -304.0 EXT_17_41357631:SNP.TG * 17 + -304.0 REG_24B_41357631:SNP.TG * 24B ]> + err
M  Contraint for 41351842:REF 6.6i: 441 == <gurobi.QuadExpr: 409.0 24A + 409.0 17 + 409.0 24B + [ -409.0 EXT_24A_41351842:SNP.GA * 24A + -409.0 REG_17_41351842:SNP.GA * 17 + -409.0 EXT_24B_41351842:SNP.GA * 24B ]> + err
M  Contraint for 41349873:REF 6.9e: 558 == <gurobi.QuadExpr: 540.5 24A + 540.5 17 + 540.5 24B + [ -540.5 REG_24A_41349873:SNP.TA * 24A + -540.5 EXT_17_41349873:SNP.TA * 17 + -540.5 REG_24B_41349873:SNP.TA * 24B ]> + err
M  Contraint for 41349171:SNP.TC 6.3flank: 364 == <gurobi.QuadExpr: 0.0 + [ 246.0 REG_24A_41349171:SNP.TC * 24A + 246.0 EXT_17_41349171:SNP.TC * 17 + 246.0 REG_24B_41349171:SNP.TC * 24B ]> + err
M  Contraint for 41350113:SNP.TC 6.8i: 5 == <gurobi.QuadExpr: 0.0 + [ 9.0 REG_24A_41350113:SNP.TC * 24A + 9.0 EXT_17_41350113:SNP.TC * 17 + 9.0 REG_24B_41350113:SNP.TC * 24B ]> + err
M  Contraint for 41350663:SNP.TT 6.8e: 0 == <gurobi.QuadExpr: 0.0 + [ 391.5 REG_24A_41350663:SNP.TT * 24A + 391.5 EXT_17_41350663:SNP.TT * 17 + 391.5 REG_24B_41350663:SNP.TT * 24B ]> + err
M  Contraint for 41355753:REF 6.2e: 408 == <gurobi.QuadExpr: 322.0 24A + 322.0 17 + 322.0 24B + [ -322.0 REG_24A_41355753:SNP.TC * 24A + -322.0 EXT_17_41355753:SNP.TC * 17 + -322.0 REG_24B_41355753:SNP.TC * 24B ]> + err
M  Contraint for 41357619:SNP.CT 6.0i: 444 == <gurobi.QuadExpr: 0.0 + [ 289.5 REG_24A_41357619:SNP.CT * 24A + 289.5 EXT_17_41357619:SNP.CT * 17 + 289.5 REG_24B_41357619:SNP.CT * 24B ]> + err
M  Contraint for 41353848:SNP.CT 6.4i: 671 == <gurobi.QuadExpr: 0.0 + [ 549.5 REG_24A_41353848:SNP.CT * 24A + 549.5 EXT_17_41353848:SNP.CT * 17 + 549.5 REG_24B_41353848:SNP.CT * 24B ]> + err
M  Contraint for 41350113:REF 6.8i: 13 == <gurobi.QuadExpr: 9.0 24A + 9.0 17 + 9.0 24B + [ -9.0 REG_24A_41350113:SNP.TC * 24A + -9.0 EXT_17_41350113:SNP.TC * 17 + -9.0 REG_24B_41350113:SNP.TC * 24B ]> + err
M  Contraint for 41357631:SNP.TG 6.0i: 493 == <gurobi.QuadExpr: 0.0 + [ 304.0 REG_24A_41357631:SNP.TG * 24A + 304.0 EXT_17_41357631:SNP.TG * 17 + 304.0 REG_24B_41357631:SNP.TG * 24B ]> + err
M  Contraint for 41354949:REF 6.2i: 1 == <gurobi.QuadExpr: 1.5 24A + 1.5 17 + 1.5 24B + [ -1.5 EXT_24A_41354949:SNP.AG * 24A + -1.5 EXT_17_41354949:SNP.AG * 17 + -1.5 REG_24B_41354949:SNP.AG * 24B ]> + err
M  Contraint for 41351168:SNP.CT 6.7i: 164 == <gurobi.QuadExpr: 0.0 + [ 166.5 EXT_24A_41351168:SNP.CT * 24A + 166.5 REG_17_41351168:SNP.CT * 17 + 166.5 EXT_24B_41351168:SNP.CT * 24B ]> + err
M  Contraint for 41355194:SNP.GC 6.2i: 0 == <gurobi.QuadExpr: 0.0 + [ 0.5 REG_24A_41355194:SNP.GC * 24A + 0.5 EXT_17_41355194:SNP.GC * 17 + 0.5 REG_24B_41355194:SNP.GC * 24B ]> + err
M  Contraint for 41351168:REF 6.7i: 169 == <gurobi.QuadExpr: 166.5 24A + 166.5 17 + 166.5 24B + [ -166.5 EXT_24A_41351168:SNP.CT * 24A + -166.5 REG_17_41351168:SNP.CT * 17 + -166.5 EXT_24B_41351168:SNP.CT * 24B ]> + err
M  Contraint for 41356280:REF 6.1e: 815 == <gurobi.QuadExpr: 407.5 24A + 407.5 17 + 407.5 24B + [ -407.5 REG_24A_41356280:SNP.TC * 24A + -407.5 EXT_17_41356280:SNP.TC * 17 + -407.5 REG_24B_41356280:SNP.TC * 24B ]> + err
M  Contraint for 41354711:REF 6.2i: 0 == <gurobi.QuadExpr: 67.0 24A + 67.0 17 + 67.0 24B + [ -67.0 REG_24A_41354711:SNP.AG * 24A + -67.0 EXT_17_41354711:SNP.AG * 17 + -67.0 REG_24B_41354711:SNP.AG * 24B ]> + err
M  Contraint for 41353106:REF 6.4i: 18 == <gurobi.QuadExpr: 20.5 24A + 20.5 17 + 20.5 24B + [ -20.5 REG_24A_41353106:SNP.TC * 24A + -20.5 EXT_17_41353106:SNP.TC * 17 + -20.5 REG_24B_41353106:SNP.TC * 24B ]> + err
M  Contraint for 41355194:REF 6.2i: 1 == <gurobi.QuadExpr: 0.5 24A + 0.5 17 + 0.5 24B + [ -0.5 REG_24A_41355194:SNP.GC * 24A + -0.5 EXT_17_41355194:SNP.GC * 17 + -0.5 REG_24B_41355194:SNP.GC * 24B ]> + err
M  Contraint for 41353106:SNP.TC 6.4i: 23 == <gurobi.QuadExpr: 0.0 + [ 20.5 REG_24A_41353106:SNP.TC * 24A + 20.5 EXT_17_41353106:SNP.TC * 17 + 20.5 REG_24B_41353106:SNP.TC * 24B ]> + err
M  Contraint for 41355753:SNP.TC 6.2e: 236 == <gurobi.QuadExpr: 0.0 + [ 322.0 REG_24A_41355753:SNP.TC * 24A + 322.0 EXT_17_41355753:SNP.TC * 17 + 322.0 REG_24B_41355753:SNP.TC * 24B ]> + err
M  Contraint for 41355737:REF 6.2e: 361 == <gurobi.QuadExpr: 288.0 24A + 288.0 17 + 288.0 24B + [ -288.0 REG_24A_41355737:SNP.CG * 24A + -288.0 EXT_17_41355737:SNP.CG * 17 + -288.0 REG_24B_41355737:SNP.CG * 24B ]> + err
M  Contraint for 41354950:REF 6.2i: 3 == <gurobi.QuadExpr: 1.5 24A + 1.5 17 + 1.5 24B + [ -1.5 EXT_24A_41354950:SNP.GA * 24A + -1.5 EXT_17_41354950:SNP.GA * 17 + -1.5 REG_24B_41354950:SNP.GA * 24B ]> + err
M  Contraint for 41350663:REF 6.8e: 783 == <gurobi.QuadExpr: 391.5 24A + 391.5 17 + 391.5 24B + [ -391.5 REG_24A_41350663:SNP.TT * 24A + -391.5 EXT_17_41350663:SNP.TT * 17 + -391.5 REG_24B_41350663:SNP.TT * 24B ]> + err
M  Contraint for 41350038:REF 6.8i: 42 == <gurobi.QuadExpr: 21.0 24A + 21.0 17 + 21.0 24B + [ -21.0 REG_24A_41350038:SNP.AG * 24A + -21.0 EXT_17_41350038:SNP.AG * 17 + -21.0 REG_24B_41350038:SNP.AG * 24B ]> + err
M  Contraint for 41349977:REF 6.8i: 193 == <gurobi.QuadExpr: 96.5 24A + 96.5 17 + 96.5 24B + [ -96.5 REG_24A_41349977:SNP.AG * 24A + -96.5 EXT_17_41349977:SNP.AG * 17 + -96.5 REG_24B_41349977:SNP.AG * 24B ]> + err
M  Contraint for 41351842:SNP.GA 6.6i: 377 == <gurobi.QuadExpr: 0.0 + [ 409.0 EXT_24A_41351842:SNP.GA * 24A + 409.0 REG_17_41351842:SNP.GA * 17 + 409.0 EXT_24B_41351842:SNP.GA * 24B ]> + err
M  Contraint for 41350506:REF 6.8i: 283 == <gurobi.QuadExpr: 301.0 24A + 301.0 17 + 301.0 24B + [ -301.0 EXT_24A_41350506:SNP.TC * 24A + -301.0 REG_17_41350506:SNP.TC * 17 + -301.0 EXT_24B_41350506:SNP.TC * 24B ]> + err
M  Contraint for 41349873:SNP.TA 6.9e: 523 == <gurobi.QuadExpr: 0.0 + [ 540.5 REG_24A_41349873:SNP.TA * 24A + 540.5 EXT_17_41349873:SNP.TA * 17 + 540.5 REG_24B_41349873:SNP.TA * 24B ]> + err
M  Contraint for 41354845:REF 6.2i: 15 == <gurobi.QuadExpr: 7.5 24A + 7.5 17 + 7.5 24B + [ -7.5 EXT_24A_41354845:DEL.AGAGAG * 24A + -7.5 EXT_17_41354845:DEL.AGAGAG * 17 + -7.5 REG_24B_41354845:DEL.AGAGAG * 24B ]> + err
M  Contraint for 41356122:SNP.GA 6.1i: 187 == <gurobi.QuadExpr: 0.0 + [ 203.5 EXT_24A_41356122:SNP.GA * 24A + 203.5 REG_17_41356122:SNP.GA * 17 + 203.5 EXT_24B_41356122:SNP.GA * 24B ]> + err
M  Contraint for 41355737:SNP.CG 6.2e: 215 == <gurobi.QuadExpr: 0.0 + [ 288.0 REG_24A_41355737:SNP.CG * 24A + 288.0 EXT_17_41355737:SNP.CG * 17 + 288.0 REG_24B_41355737:SNP.CG * 24B ]> + err
M  Contraint for 41350614:SNP.GA 6.8e: 430 == <gurobi.QuadExpr: 0.0 + [ 409.0 EXT_24A_41350614:SNP.GA * 24A + 409.0 REG_17_41350614:SNP.GA * 17 + 409.0 EXT_24B_41350614:SNP.GA * 24B ]> + err
M  Contraint for 41350506:SNP.TC 6.8i: 319 == <gurobi.QuadExpr: 0.0 + [ 301.0 EXT_24A_41350506:SNP.TC * 24A + 301.0 REG_17_41350506:SNP.TC * 17 + 301.0 EXT_24B_41350506:SNP.TC * 24B ]> + err
M  Contraint for 41350049:SNP.TC 6.8i: 0 == <gurobi.QuadExpr: 0.0 + [ 15.0 REG_24A_41350049:SNP.TC * 24A + 15.0 EXT_17_41350049:SNP.TC * 17 + 15.0 REG_24B_41350049:SNP.TC * 24B ]> + err
M  Contraint for 41356280:SNP.TC 6.1e: 0 == <gurobi.QuadExpr: 0.0 + [ 407.5 REG_24A_41356280:SNP.TC * 24A + 407.5 EXT_17_41356280:SNP.TC * 17 + 407.5 REG_24B_41356280:SNP.TC * 24B ]> + err
M  Contraint for 41356122:REF 6.1i: 220 == <gurobi.QuadExpr: 203.5 24A + 203.5 17 + 203.5 24B + [ -203.5 EXT_24A_41356122:SNP.GA * 24A + -203.5 REG_17_41356122:SNP.GA * 17 + -203.5 EXT_24B_41356122:SNP.GA * 24B ]> + err
M  Contraint for 41354711:SNP.AG 6.2i: 134 == <gurobi.QuadExpr: 0.0 + [ 67.0 REG_24A_41354711:SNP.AG * 24A + 67.0 EXT_17_41354711:SNP.AG * 17 + 67.0 REG_24B_41354711:SNP.AG * 24B ]> + err
M  Contraint for 41351266:REF 6.7e: 408 == <gurobi.QuadExpr: 344.0 24A + 344.0 17 + 344.0 24B + [ -344.0 EXT_24A_41351266:SNP.CT * 24A + -344.0 REG_17_41351266:SNP.CT * 17 + -344.0 EXT_24B_41351266:SNP.CT * 24B ]> + err
M  Contraint for 41354552:SNP.CT 6.3e: 294 == <gurobi.QuadExpr: 0.0 + [ 273.0 EXT_24A_41354552:SNP.CT * 24A + 273.0 REG_17_41354552:SNP.CT * 17 + 273.0 EXT_24B_41354552:SNP.CT * 24B ]> + err
M  Contraint for 41350049:REF 6.8i: 30 == <gurobi.QuadExpr: 15.0 24A + 15.0 17 + 15.0 24B + [ -15.0 REG_24A_41350049:SNP.TC * 24A + -15.0 EXT_17_41350049:SNP.TC * 17 + -15.0 REG_24B_41350049:SNP.TC * 24B ]> + err
M  Contraint for 41354950:SNP.GA 6.2i: 0 == <gurobi.QuadExpr: 0.0 + [ 1.5 EXT_24A_41354950:SNP.GA * 24A + 1.5 EXT_17_41354950:SNP.GA * 17 + 1.5 REG_24B_41354950:SNP.GA * 24B ]> + err
M  Contraint for 41349171:REF 6.3flank: 128 == <gurobi.QuadExpr: 246.0 24A + 246.0 17 + 246.0 24B + [ -246.0 REG_24A_41349171:SNP.TC * 24A + -246.0 EXT_17_41349171:SNP.TC * 17 + -246.0 REG_24B_41349171:SNP.TC * 24B ]> + err
M  Contraint for 41357343:REF 6.0i: 479 == <gurobi.QuadExpr: 322.0 24A + 322.0 17 + 322.0 24B + [ -322.0 REG_24A_41357343:SNP.TC * 24A + -322.0 EXT_17_41357343:SNP.TC * 17 + -322.0 REG_24B_41357343:SNP.TC * 24B ]> + err
M  Contraint for 41350038:SNP.AG 6.8i: 0 == <gurobi.QuadExpr: 0.0 + [ 21.0 REG_24A_41350038:SNP.AG * 24A + 21.0 EXT_17_41350038:SNP.AG * 17 + 21.0 REG_24B_41350038:SNP.AG * 24B ]> + err
M  Contraint for 41354845:DEL.AGAGAG 6.2i: 0 == <gurobi.QuadExpr: 0.0 + [ 7.5 EXT_24A_41354845:DEL.AGAGAG * 24A + 7.5 EXT_17_41354845:DEL.AGAGAG * 17 + 7.5 REG_24B_41354845:DEL.AGAGAG * 24B ]> + err
M  Contraint for 41354552:REF 6.3e: 252 == <gurobi.QuadExpr: 273.0 24A + 273.0 17 + 273.0 24B + [ -273.0 EXT_24A_41354552:SNP.CT * 24A + -273.0 REG_17_41354552:SNP.CT * 17 + -273.0 EXT_24B_41354552:SNP.CT * 24B ]> + err
M  Contraint for 41349549:SNP.GC 6.3utr: 183 == <gurobi.QuadExpr: 0.0 + [ 345.5 REG_24A_41349549:SNP.GC * 24A + 345.5 EXT_17_41349549:SNP.GC * 17 + 345.5 REG_24B_41349549:SNP.GC * 24B ]> + err
M  Contraint for 41353848:REF 6.4i: 428 == <gurobi.QuadExpr: 549.5 24A + 549.5 17 + 549.5 24B + [ -549.5 REG_24A_41353848:SNP.CT * 24A + -549.5 EXT_17_41353848:SNP.CT * 17 + -549.5 REG_24B_41353848:SNP.CT * 24B ]> + err
M  Contraint for 41357343:SNP.TC 6.0i: 165 == <gurobi.QuadExpr: 0.0 + [ 322.0 REG_24A_41357343:SNP.TC * 24A + 322.0 EXT_17_41357343:SNP.TC * 17 + 322.0 REG_24B_41357343:SNP.TC * 24B ]> + err
M  Contraint for 41349549:REF 6.3utr: 508 == <gurobi.QuadExpr: 345.5 24A + 345.5 17 + 345.5 24B + [ -345.5 REG_24A_41349549:SNP.GC * 24A + -345.5 EXT_17_41349549:SNP.GC * 17 + -345.5 REG_24B_41349549:SNP.GC * 24B ]> + err
M  Contraint for 41351266:SNP.CT 6.7e: 280 == <gurobi.QuadExpr: 0.0 + [ 344.0 EXT_24A_41351266:SNP.CT * 24A + 344.0 REG_17_41351266:SNP.CT * 17 + 344.0 EXT_24B_41351266:SNP.CT * 24B ]> + err
M  Contraint for 41350614:REF 6.8e: 388 == <gurobi.QuadExpr: 409.0 24A + 409.0 17 + 409.0 24B + [ -409.0 EXT_24A_41350614:SNP.GA * 24A + -409.0 REG_17_41350614:SNP.GA * 17 + -409.0 EXT_24B_41350614:SNP.GA * 24B ]> + err
M  Contraint for 41355611:SNP.CT 6.2i: 54 == <gurobi.QuadExpr: 0.0 + [ 66.5 REG_24A_41355611:SNP.CT * 24A + 66.5 EXT_17_41355611:SNP.CT * 17 + 66.5 REG_24B_41355611:SNP.CT * 24B ]> + err
M  Contraint for 41354949:SNP.AG 6.2i: 0 == <gurobi.QuadExpr: 0.0 + [ 1.5 EXT_24A_41354949:SNP.AG * 24A + 1.5 EXT_17_41354949:SNP.AG * 17 + 1.5 REG_24B_41354949:SNP.AG * 24B ]> + err
M  Contraint for 41355611:REF 6.2i: 79 == <gurobi.QuadExpr: 66.5 24A + 66.5 17 + 66.5 24B + [ -66.5 REG_24A_41355611:SNP.CT * 24A + -66.5 EXT_17_41355611:SNP.CT * 17 + -66.5 REG_24B_41355611:SNP.CT * 24B ]> + err
M  Contraint for 41357619:REF 6.0i: 135 == <gurobi.QuadExpr: 289.5 24A + 289.5 17 + 289.5 24B + [ -289.5 REG_24A_41357619:SNP.CT * 24A + -289.5 EXT_17_41357619:SNP.CT * 17 + -289.5 REG_24B_41357619:SNP.CT * 24B ]> + err
M  Contraint for 41349977:SNP.AG 6.8i: 0 == <gurobi.QuadExpr: 0.0 + [ 96.5 REG_24A_41349977:SNP.AG * 24A + 96.5 EXT_17_41349977:SNP.AG * 17 + 96.5 REG_24B_41349977:SNP.AG * 24B ]> + err
M  Contraint for MM[missing] 24A 41349873:SNP.TA: <gurobi.Var 24A> >= <gurobi.Var REG_24A_41349873:SNP.TA>
M  Contraint for MM[missing] 24A 41350663:SNP.TT: <gurobi.Var 24A> >= <gurobi.Var REG_24A_41350663:SNP.TT>
M  Contraint for MM[missing] 24A 41355737:SNP.CG: <gurobi.Var 24A> >= <gurobi.Var REG_24A_41355737:SNP.CG>
M  Contraint for MM[missing] 24A 41349171:SNP.TC: <gurobi.Var 24A> >= <gurobi.Var REG_24A_41349171:SNP.TC>
M  Contraint for MM[missing] 24A 41349549:SNP.GC: <gurobi.Var 24A> >= <gurobi.Var REG_24A_41349549:SNP.GC>
M  Contraint for MM[missing] 24A 41350113:SNP.TC: <gurobi.Var 24A> >= <gurobi.Var REG_24A_41350113:SNP.TC>
M  Contraint for MM[missing] 24A 41356280:SNP.TC: <gurobi.Var 24A> >= <gurobi.Var REG_24A_41356280:SNP.TC>
M  Contraint for MM[missing] 24A 41357343:SNP.TC: <gurobi.Var 24A> >= <gurobi.Var REG_24A_41357343:SNP.TC>
M  Contraint for MM[missing] 24A 41355753:SNP.TC: <gurobi.Var 24A> >= <gurobi.Var REG_24A_41355753:SNP.TC>
M  Contraint for MM[missing] 24A 41354711:SNP.AG: <gurobi.Var 24A> >= <gurobi.Var REG_24A_41354711:SNP.AG>
M  Contraint for MM[missing] 24A 41353106:SNP.TC: <gurobi.Var 24A> >= <gurobi.Var REG_24A_41353106:SNP.TC>
M  Contraint for MM[missing] 24A 41357619:SNP.CT: <gurobi.Var 24A> >= <gurobi.Var REG_24A_41357619:SNP.CT>
M  Contraint for MM[missing] 24A 41353848:SNP.CT: <gurobi.Var 24A> >= <gurobi.Var REG_24A_41353848:SNP.CT>
M  Contraint for MM[missing] 24A 41357631:SNP.TG: <gurobi.Var 24A> >= <gurobi.Var REG_24A_41357631:SNP.TG>
M  Contraint for MM[missing] 24A 41350038:SNP.AG: <gurobi.Var 24A> >= <gurobi.Var REG_24A_41350038:SNP.AG>
M  Contraint for MM[missing] 24A 41355611:SNP.CT: <gurobi.Var 24A> >= <gurobi.Var REG_24A_41355611:SNP.CT>
M  Contraint for MM[missing] 24A 41350049:SNP.TC: <gurobi.Var 24A> >= <gurobi.Var REG_24A_41350049:SNP.TC>
M  Contraint for MM[missing] 24A 41355194:SNP.GC: <gurobi.Var 24A> >= <gurobi.Var REG_24A_41355194:SNP.GC>
M  Contraint for MM[missing] 24A 41349977:SNP.AG: <gurobi.Var 24A> >= <gurobi.Var REG_24A_41349977:SNP.AG>
M  Contraint for MM[missing] 17 41356122:SNP.GA: <gurobi.Var 17> >= <gurobi.Var REG_17_41356122:SNP.GA>
M  Contraint for MM[missing] 17 41350614:SNP.GA: <gurobi.Var 17> >= <gurobi.Var REG_17_41350614:SNP.GA>
M  Contraint for MM[missing] 17 41350506:SNP.TC: <gurobi.Var 17> >= <gurobi.Var REG_17_41350506:SNP.TC>
M  Contraint for MM[missing] 17 41354552:SNP.CT: <gurobi.Var 17> >= <gurobi.Var REG_17_41354552:SNP.CT>
M  Contraint for MM[missing] 17 41351266:SNP.CT: <gurobi.Var 17> >= <gurobi.Var REG_17_41351266:SNP.CT>
M  Contraint for MM[missing] 17 41351842:SNP.GA: <gurobi.Var 17> >= <gurobi.Var REG_17_41351842:SNP.GA>
M  Contraint for MM[missing] 17 41351168:SNP.CT: <gurobi.Var 17> >= <gurobi.Var REG_17_41351168:SNP.CT>
M  Contraint for MM[missing] 24B 41349171:SNP.TC: <gurobi.Var 24B> >= <gurobi.Var REG_24B_41349171:SNP.TC>
M  Contraint for MM[missing] 24B 41350113:SNP.TC: <gurobi.Var 24B> >= <gurobi.Var REG_24B_41350113:SNP.TC>
M  Contraint for MM[missing] 24B 41350663:SNP.TT: <gurobi.Var 24B> >= <gurobi.Var REG_24B_41350663:SNP.TT>
M  Contraint for MM[missing] 24B 41357619:SNP.CT: <gurobi.Var 24B> >= <gurobi.Var REG_24B_41357619:SNP.CT>
M  Contraint for MM[missing] 24B 41353848:SNP.CT: <gurobi.Var 24B> >= <gurobi.Var REG_24B_41353848:SNP.CT>
M  Contraint for MM[missing] 24B 41357631:SNP.TG: <gurobi.Var 24B> >= <gurobi.Var REG_24B_41357631:SNP.TG>
M  Contraint for MM[missing] 24B 41355194:SNP.GC: <gurobi.Var 24B> >= <gurobi.Var REG_24B_41355194:SNP.GC>
M  Contraint for MM[missing] 24B 41353106:SNP.TC: <gurobi.Var 24B> >= <gurobi.Var REG_24B_41353106:SNP.TC>
M  Contraint for MM[missing] 24B 41355753:SNP.TC: <gurobi.Var 24B> >= <gurobi.Var REG_24B_41355753:SNP.TC>
M  Contraint for MM[missing] 24B 41349873:SNP.TA: <gurobi.Var 24B> >= <gurobi.Var REG_24B_41349873:SNP.TA>
M  Contraint for MM[missing] 24B 41355737:SNP.CG: <gurobi.Var 24B> >= <gurobi.Var REG_24B_41355737:SNP.CG>
M  Contraint for MM[missing] 24B 41350049:SNP.TC: <gurobi.Var 24B> >= <gurobi.Var REG_24B_41350049:SNP.TC>
M  Contraint for MM[missing] 24B 41356280:SNP.TC: <gurobi.Var 24B> >= <gurobi.Var REG_24B_41356280:SNP.TC>
M  Contraint for MM[missing] 24B 41354711:SNP.AG: <gurobi.Var 24B> >= <gurobi.Var REG_24B_41354711:SNP.AG>
M  Contraint for MM[missing] 24B 41354950:SNP.GA: <gurobi.Var 24B> >= <gurobi.Var REG_24B_41354950:SNP.GA>
M  Contraint for MM[missing] 24B 41350038:SNP.AG: <gurobi.Var 24B> >= <gurobi.Var REG_24B_41350038:SNP.AG>
M  Contraint for MM[missing] 24B 41354845:DEL.AGAGAG: <gurobi.Var 24B> >= <gurobi.Var REG_24B_41354845:DEL.AGAGAG>
M  Contraint for MM[missing] 24B 41349549:SNP.GC: <gurobi.Var 24B> >= <gurobi.Var REG_24B_41349549:SNP.GC>
M  Contraint for MM[missing] 24B 41357343:SNP.TC: <gurobi.Var 24B> >= <gurobi.Var REG_24B_41357343:SNP.TC>
M  Contraint for MM[missing] 24B 41355611:SNP.CT: <gurobi.Var 24B> >= <gurobi.Var REG_24B_41355611:SNP.CT>
M  Contraint for MM[missing] 24B 41354949:SNP.AG: <gurobi.Var 24B> >= <gurobi.Var REG_24B_41354949:SNP.AG>
M  Contraint for MM[missing] 24B 41349977:SNP.AG: <gurobi.Var 24B> >= <gurobi.Var REG_24B_41349977:SNP.AG>
M  Contraint for MA[extra] 24A 41356122:SNP.GA: <gurobi.Var 24A> >= <gurobi.Var EXT_24A_41356122:SNP.GA>
M  Contraint for MA[extra] 24A 41354845:DEL.AGAGAG: <gurobi.Var 24A> >= <gurobi.Var EXT_24A_41354845:DEL.AGAGAG>
M  Contraint for MA[extra] 24A 41350614:SNP.GA: <gurobi.Var 24A> >= <gurobi.Var EXT_24A_41350614:SNP.GA>
M  Contraint for MA[extra] 24A 41350506:SNP.TC: <gurobi.Var 24A> >= <gurobi.Var EXT_24A_41350506:SNP.TC>
M  Contraint for MA[extra] 24A 41354552:SNP.CT: <gurobi.Var 24A> >= <gurobi.Var EXT_24A_41354552:SNP.CT>
M  Contraint for MA[extra] 24A 41351266:SNP.CT: <gurobi.Var 24A> >= <gurobi.Var EXT_24A_41351266:SNP.CT>
M  Contraint for MA[extra] 24A 41354950:SNP.GA: <gurobi.Var 24A> >= <gurobi.Var EXT_24A_41354950:SNP.GA>
M  Contraint for MA[extra] 24A 41354949:SNP.AG: <gurobi.Var 24A> >= <gurobi.Var EXT_24A_41354949:SNP.AG>
M  Contraint for MA[extra] 24A 41351842:SNP.GA: <gurobi.Var 24A> >= <gurobi.Var EXT_24A_41351842:SNP.GA>
M  Contraint for MA[extra] 24A 41351168:SNP.CT: <gurobi.Var 24A> >= <gurobi.Var EXT_24A_41351168:SNP.CT>
M  Contraint for MA[extra] 17 41349171:SNP.TC: <gurobi.Var 17> >= <gurobi.Var EXT_17_41349171:SNP.TC>
M  Contraint for MA[extra] 17 41350113:SNP.TC: <gurobi.Var 17> >= <gurobi.Var EXT_17_41350113:SNP.TC>
M  Contraint for MA[extra] 17 41350663:SNP.TT: <gurobi.Var 17> >= <gurobi.Var EXT_17_41350663:SNP.TT>
M  Contraint for MA[extra] 17 41357619:SNP.CT: <gurobi.Var 17> >= <gurobi.Var EXT_17_41357619:SNP.CT>
M  Contraint for MA[extra] 17 41353848:SNP.CT: <gurobi.Var 17> >= <gurobi.Var EXT_17_41353848:SNP.CT>
M  Contraint for MA[extra] 17 41357631:SNP.TG: <gurobi.Var 17> >= <gurobi.Var EXT_17_41357631:SNP.TG>
M  Contraint for MA[extra] 17 41355194:SNP.GC: <gurobi.Var 17> >= <gurobi.Var EXT_17_41355194:SNP.GC>
M  Contraint for MA[extra] 17 41353106:SNP.TC: <gurobi.Var 17> >= <gurobi.Var EXT_17_41353106:SNP.TC>
M  Contraint for MA[extra] 17 41355753:SNP.TC: <gurobi.Var 17> >= <gurobi.Var EXT_17_41355753:SNP.TC>
M  Contraint for MA[extra] 17 41349873:SNP.TA: <gurobi.Var 17> >= <gurobi.Var EXT_17_41349873:SNP.TA>
M  Contraint for MA[extra] 17 41355737:SNP.CG: <gurobi.Var 17> >= <gurobi.Var EXT_17_41355737:SNP.CG>
M  Contraint for MA[extra] 17 41350049:SNP.TC: <gurobi.Var 17> >= <gurobi.Var EXT_17_41350049:SNP.TC>
M  Contraint for MA[extra] 17 41356280:SNP.TC: <gurobi.Var 17> >= <gurobi.Var EXT_17_41356280:SNP.TC>
M  Contraint for MA[extra] 17 41354711:SNP.AG: <gurobi.Var 17> >= <gurobi.Var EXT_17_41354711:SNP.AG>
M  Contraint for MA[extra] 17 41354950:SNP.GA: <gurobi.Var 17> >= <gurobi.Var EXT_17_41354950:SNP.GA>
M  Contraint for MA[extra] 17 41350038:SNP.AG: <gurobi.Var 17> >= <gurobi.Var EXT_17_41350038:SNP.AG>
M  Contraint for MA[extra] 17 41354845:DEL.AGAGAG: <gurobi.Var 17> >= <gurobi.Var EXT_17_41354845:DEL.AGAGAG>
M  Contraint for MA[extra] 17 41349549:SNP.GC: <gurobi.Var 17> >= <gurobi.Var EXT_17_41349549:SNP.GC>
M  Contraint for MA[extra] 17 41357343:SNP.TC: <gurobi.Var 17> >= <gurobi.Var EXT_17_41357343:SNP.TC>
M  Contraint for MA[extra] 17 41355611:SNP.CT: <gurobi.Var 17> >= <gurobi.Var EXT_17_41355611:SNP.CT>
M  Contraint for MA[extra] 17 41354949:SNP.AG: <gurobi.Var 17> >= <gurobi.Var EXT_17_41354949:SNP.AG>
M  Contraint for MA[extra] 17 41349977:SNP.AG: <gurobi.Var 17> >= <gurobi.Var EXT_17_41349977:SNP.AG>
M  Contraint for MA[extra] 24B 41356122:SNP.GA: <gurobi.Var 24B> >= <gurobi.Var EXT_24B_41356122:SNP.GA>
M  Contraint for MA[extra] 24B 41350614:SNP.GA: <gurobi.Var 24B> >= <gurobi.Var EXT_24B_41350614:SNP.GA>
M  Contraint for MA[extra] 24B 41350506:SNP.TC: <gurobi.Var 24B> >= <gurobi.Var EXT_24B_41350506:SNP.TC>
M  Contraint for MA[extra] 24B 41354552:SNP.CT: <gurobi.Var 24B> >= <gurobi.Var EXT_24B_41354552:SNP.CT>
M  Contraint for MA[extra] 24B 41351266:SNP.CT: <gurobi.Var 24B> >= <gurobi.Var EXT_24B_41351266:SNP.CT>
M  Contraint for MA[extra] 24B 41351842:SNP.GA: <gurobi.Var 24B> >= <gurobi.Var EXT_24B_41351842:SNP.GA>
M  Contraint for MA[extra] 24B 41351168:SNP.CT: <gurobi.Var 24B> >= <gurobi.Var EXT_24B_41351168:SNP.CT>
M  Objective: <gurobi.LinExpr: C148 + C149 + C150 + C151 + C152 + C153 + C154 + C155 + C156 + C157 + C158 + C159 + C160 + C161 + C162 + C163 + C164 + C165 + C166 + C167 + C168 + C169 + C170 + C171 + C172 + C173 + C174 + C175 + C176 + C177 + C178 + C179 + C180 + C181 + C182 + C183 + C184 + C185 + C186 + C187 + C188 + C189 + C190 + C191 + C192 + C193 + C194 + C195 + C196 + C197 + C198 + C199 + C200 + C201 + C202 + C203 + C204 + C205 + EXT_24A_41356122:SNP.GA + EXT_24A_41354845:DEL.AGAGAG + EXT_24A_41350614:SNP.GA + EXT_24A_41350506:SNP.TC + EXT_24A_41354552:SNP.CT + EXT_24A_41351266:SNP.CT + EXT_24A_41354950:SNP.GA + EXT_24A_41354949:SNP.AG + EXT_24A_41351842:SNP.GA + EXT_24A_41351168:SNP.CT + EXT_17_41349171:SNP.TC + EXT_17_41350113:SNP.TC + EXT_17_41350663:SNP.TT + EXT_17_41357619:SNP.CT + EXT_17_41353848:SNP.CT + EXT_17_41357631:SNP.TG + EXT_17_41355194:SNP.GC + EXT_17_41353106:SNP.TC + EXT_17_41355753:SNP.TC + EXT_17_41349873:SNP.TA + EXT_17_41355737:SNP.CG + EXT_17_41350049:SNP.TC + EXT_17_41356280:SNP.TC + EXT_17_41354711:SNP.AG + EXT_17_41354950:SNP.GA + EXT_17_41350038:SNP.AG + EXT_17_41354845:DEL.AGAGAG + EXT_17_41349549:SNP.GC + EXT_17_41357343:SNP.TC + EXT_17_41355611:SNP.CT + EXT_17_41354949:SNP.AG + EXT_17_41349977:SNP.AG + EXT_24B_41356122:SNP.GA + EXT_24B_41350614:SNP.GA + EXT_24B_41350506:SNP.TC + EXT_24B_41354552:SNP.CT + EXT_24B_41351266:SNP.CT + EXT_24B_41351842:SNP.GA + EXT_24B_41351168:SNP.CT + W>
M  Contraint for 24A: <gurobi.LinExpr: REG_24A_41355737:SNP.CG + REG_24A_41349873:SNP.TA> = 2 * A_<gurobi.Var 24A>
M  Contraint for 17: <gurobi.LinExpr: REG_17_41351266:SNP.CT> = 1 * A_<gurobi.Var 17>
M  Contraint for 24B: <gurobi.LinExpr: REG_24B_41355737:SNP.CG + REG_24B_41349873:SNP.TA> = 2 * A_<gurobi.Var 24B>
M  Contraint for 41356280:SNP.TC: 0 >= <gurobi.LinExpr: REG_24A_41356280:SNP.TC + REG_24B_41356280:SNP.TC>
M  Contraint for 41355194:SNP.GC: 0 >= <gurobi.LinExpr: REG_24A_41355194:SNP.GC + REG_24B_41355194:SNP.GC>
M  Contraint for 41350663:SNP.TT: 0 >= <gurobi.LinExpr: REG_24A_41350663:SNP.TT + REG_24B_41350663:SNP.TT>
M  Contraint for 41350049:SNP.TC: 0 >= <gurobi.LinExpr: REG_24A_41350049:SNP.TC + REG_24B_41350049:SNP.TC>
M  Contraint for 41350038:SNP.AG: 0 >= <gurobi.LinExpr: REG_24A_41350038:SNP.AG + REG_24B_41350038:SNP.AG>
M  Contraint for 41349977:SNP.AG: 0 >= <gurobi.LinExpr: REG_24A_41349977:SNP.AG + REG_24B_41349977:SNP.AG>
M  Contraint for 41356280:SNP.TC: 0 >= <gurobi.LinExpr: REG_24A_41356280:SNP.TC + REG_24B_41356280:SNP.TC>
M  Contraint for 41355194:SNP.GC: 0 >= <gurobi.LinExpr: REG_24A_41355194:SNP.GC + REG_24B_41355194:SNP.GC>
M  Contraint for 41354950:SNP.GA: 0 >= <gurobi.LinExpr: REG_24B_41354950:SNP.GA>
M  Contraint for 41354949:SNP.AG: 0 >= <gurobi.LinExpr: REG_24B_41354949:SNP.AG>
M  Contraint for 41354845:DEL.AGAGAG: 0 >= <gurobi.LinExpr: REG_24B_41354845:DEL.AGAGAG>
M  Contraint for 41350663:SNP.TT: 0 >= <gurobi.LinExpr: REG_24A_41350663:SNP.TT + REG_24B_41350663:SNP.TT>
M  Contraint for 41350049:SNP.TC: 0 >= <gurobi.LinExpr: REG_24A_41350049:SNP.TC + REG_24B_41350049:SNP.TC>
M  Contraint for 41350038:SNP.AG: 0 >= <gurobi.LinExpr: REG_24A_41350038:SNP.AG + REG_24B_41350038:SNP.AG>
M  Contraint for 41349977:SNP.AG: 0 >= <gurobi.LinExpr: REG_24A_41349977:SNP.AG + REG_24B_41349977:SNP.AG>
M  Contraint for 41349873:SNP.TA: 1 <= <gurobi.QuadExpr: 0.0 + [ REG_24A_41349873:SNP.TA * 24A + REG_24B_41349873:SNP.TA * 24B ]> <= 1
M  Contraint for 41349873:SNP.TA: <gurobi.QuadExpr: 0.0 + [ REG_24A_41349873:SNP.TA * 24A + REG_24B_41349873:SNP.TA * 24B ]> <= 1
M  Contraint for 41356122:SNP.GA: 1 <= <gurobi.QuadExpr: 0.0 + [ REG_17_41356122:SNP.GA * 17 + EXT_24A_41356122:SNP.GA * 24A + EXT_24B_41356122:SNP.GA * 24B ]> <= 1
M  Contraint for 41355737:SNP.CG: 1 <= <gurobi.QuadExpr: 0.0 + [ REG_24A_41355737:SNP.CG * 24A + REG_24B_41355737:SNP.CG * 24B ]> <= 1
M  Contraint for 41355737:SNP.CG: <gurobi.QuadExpr: 0.0 + [ REG_24A_41355737:SNP.CG * 24A + REG_24B_41355737:SNP.CG * 24B ]> <= 1
M  Contraint for 41354552:SNP.CT: 1 <= <gurobi.QuadExpr: 0.0 + [ REG_17_41354552:SNP.CT * 17 + EXT_24A_41354552:SNP.CT * 24A + EXT_24B_41354552:SNP.CT * 24B ]> <= 2
M  Contraint for 41349171:SNP.TC: 1 <= <gurobi.QuadExpr: 0.0 + [ REG_24A_41349171:SNP.TC * 24A + REG_24B_41349171:SNP.TC * 24B + EXT_17_41349171:SNP.TC * 17 ]> <= 2
M  Contraint for 41350506:SNP.TC: 1 <= <gurobi.QuadExpr: 0.0 + [ REG_17_41350506:SNP.TC * 17 + EXT_24A_41350506:SNP.TC * 24A + EXT_24B_41350506:SNP.TC * 24B ]> <= 2
M  Contraint for 41350113:SNP.TC: 1 <= <gurobi.QuadExpr: 0.0 + [ REG_24A_41350113:SNP.TC * 24A + REG_24B_41350113:SNP.TC * 24B + EXT_17_41350113:SNP.TC * 17 ]> <= 1
M  Contraint for 41356280:SNP.TC: 0 <= <gurobi.QuadExpr: 0.0 + [ REG_24A_41356280:SNP.TC * 24A + REG_24B_41356280:SNP.TC * 24B + EXT_17_41356280:SNP.TC * 17 ]> <= 1
M  Contraint for 41350663:SNP.TT: 0 <= <gurobi.QuadExpr: 0.0 + [ REG_24A_41350663:SNP.TT * 24A + REG_24B_41350663:SNP.TT * 24B + EXT_17_41350663:SNP.TT * 17 ]> <= 1
M  Contraint for 41354711:SNP.AG: 2 <= <gurobi.QuadExpr: 0.0 + [ REG_24A_41354711:SNP.AG * 24A + REG_24B_41354711:SNP.AG * 24B + EXT_17_41354711:SNP.AG * 17 ]> <= 3
M  Contraint for 41354950:SNP.GA: 0 <= <gurobi.QuadExpr: 0.0 + [ REG_24B_41354950:SNP.GA * 24B + EXT_24A_41354950:SNP.GA * 24A + EXT_17_41354950:SNP.GA * 17 ]> <= 1
M  Contraint for 41357619:SNP.CT: 1 <= <gurobi.QuadExpr: 0.0 + [ REG_24A_41357619:SNP.CT * 24A + REG_24B_41357619:SNP.CT * 24B + EXT_17_41357619:SNP.CT * 17 ]> <= 2
M  Contraint for 41353848:SNP.CT: 1 <= <gurobi.QuadExpr: 0.0 + [ REG_24A_41353848:SNP.CT * 24A + REG_24B_41353848:SNP.CT * 24B + EXT_17_41353848:SNP.CT * 17 ]> <= 2
M  Contraint for 41357631:SNP.TG: 1 <= <gurobi.QuadExpr: 0.0 + [ REG_24A_41357631:SNP.TG * 24A + REG_24B_41357631:SNP.TG * 24B + EXT_17_41357631:SNP.TG * 17 ]> <= 2
M  Contraint for 41351168:SNP.CT: 1 <= <gurobi.QuadExpr: 0.0 + [ REG_17_41351168:SNP.CT * 17 + EXT_24A_41351168:SNP.CT * 24A + EXT_24B_41351168:SNP.CT * 24B ]> <= 1
M  Contraint for 41355194:SNP.GC: 0 <= <gurobi.QuadExpr: 0.0 + [ REG_24A_41355194:SNP.GC * 24A + REG_24B_41355194:SNP.GC * 24B + EXT_17_41355194:SNP.GC * 17 ]> <= 1
M  Contraint for 41350038:SNP.AG: 0 <= <gurobi.QuadExpr: 0.0 + [ REG_24A_41350038:SNP.AG * 24A + REG_24B_41350038:SNP.AG * 24B + EXT_17_41350038:SNP.AG * 17 ]> <= 1
M  Contraint for 41354845:DEL.AGAGAG: 0 <= <gurobi.QuadExpr: 0.0 + [ REG_24B_41354845:DEL.AGAGAG * 24B + EXT_24A_41354845:DEL.AGAGAG * 24A + EXT_17_41354845:DEL.AGAGAG * 17 ]> <= 1
M  Contraint for 41349549:SNP.GC: 1 <= <gurobi.QuadExpr: 0.0 + [ REG_24A_41349549:SNP.GC * 24A + REG_24B_41349549:SNP.GC * 24B + EXT_17_41349549:SNP.GC * 17 ]> <= 1
M  Contraint for 41357343:SNP.TC: 1 <= <gurobi.QuadExpr: 0.0 + [ REG_24A_41357343:SNP.TC * 24A + REG_24B_41357343:SNP.TC * 24B + EXT_17_41357343:SNP.TC * 17 ]> <= 1
M  Contraint for 41353106:SNP.TC: 1 <= <gurobi.QuadExpr: 0.0 + [ REG_24A_41353106:SNP.TC * 24A + REG_24B_41353106:SNP.TC * 24B + EXT_17_41353106:SNP.TC * 17 ]> <= 2
M  Contraint for 41355753:SNP.TC: 1 <= <gurobi.QuadExpr: 0.0 + [ REG_24A_41355753:SNP.TC * 24A + REG_24B_41355753:SNP.TC * 24B + EXT_17_41355753:SNP.TC * 17 ]> <= 1
M  Contraint for 41350614:SNP.GA: 1 <= <gurobi.QuadExpr: 0.0 + [ REG_17_41350614:SNP.GA * 17 + EXT_24A_41350614:SNP.GA * 24A + EXT_24B_41350614:SNP.GA * 24B ]> <= 2
M  Contraint for 41351266:SNP.CT: 1 <= <gurobi.QuadExpr: 0.0 + [ REG_17_41351266:SNP.CT * 17 ]> <= 1
M  Contraint for 41351266:SNP.CT: <gurobi.QuadExpr: 0.0 + [ REG_17_41351266:SNP.CT * 17 ]> <= 1
M  Contraint for 41355611:SNP.CT: 1 <= <gurobi.QuadExpr: 0.0 + [ REG_24A_41355611:SNP.CT * 24A + REG_24B_41355611:SNP.CT * 24B + EXT_17_41355611:SNP.CT * 17 ]> <= 1
M  Contraint for 41354949:SNP.AG: 0 <= <gurobi.QuadExpr: 0.0 + [ REG_24B_41354949:SNP.AG * 24B + EXT_24A_41354949:SNP.AG * 24A + EXT_17_41354949:SNP.AG * 17 ]> <= 1
M  Contraint for 41351842:SNP.GA: 1 <= <gurobi.QuadExpr: 0.0 + [ REG_17_41351842:SNP.GA * 17 + EXT_24A_41351842:SNP.GA * 24A + EXT_24B_41351842:SNP.GA * 24B ]> <= 1
M  Contraint for 41350049:SNP.TC: 0 <= <gurobi.QuadExpr: 0.0 + [ REG_24A_41350049:SNP.TC * 24A + REG_24B_41350049:SNP.TC * 24B + EXT_17_41350049:SNP.TC * 17 ]> <= 1
M  Contraint for 41349977:SNP.AG: 0 <= <gurobi.QuadExpr: 0.0 + [ REG_24A_41349977:SNP.AG * 24A + REG_24B_41349977:SNP.AG * 24B + EXT_17_41349977:SNP.AG * 17 ]> <= 1
CN Solver status: optimal, opt: 2376.0
  24A: 1
    6.9e 41349873:SNP.TA  523 ( 48 cp. 1) F
    6.2e 41355737:SNP.CG  215 ( 37 cp. 1) F
    6.3flank 41349171:SNP.TC  364 ( 74 cp. 1) 
    6.3utr 41349549:SNP.GC  183 ( 26 cp. 1) 
    6.8i 41350113:SNP.TC    5 ( 28 cp. 1) 
    6.0i 41357343:SNP.TC  165 ( 26 cp. 1) 
    6.2e 41355753:SNP.TC  236 ( 37 cp. 1) 
    6.2i 41354711:SNP.AG  134 (100 cp. 2) 
    6.4i 41353106:SNP.TC   23 ( 56 cp. 1) 
    6.0i 41357619:SNP.CT  444 ( 77 cp. 2) 
    6.4i 41353848:SNP.CT  671 ( 61 cp. 1) 
    6.0i 41357631:SNP.TG  493 ( 81 cp. 2) 
    6.2i 41355611:SNP.CT   54 ( 41 cp. 1) 
  17: 1
    6.1i 41356122:SNP.GA  187 ( 46 cp. 1) 
    6.8e 41350614:SNP.GA  430 ( 53 cp. 1) 
    6.8i 41350506:SNP.TC  319 ( 53 cp. 1) 
    6.3e 41354552:SNP.CT  294 ( 54 cp. 1) 
    6.7e 41351266:SNP.CT  280 ( 41 cp. 1) F
    6.6i 41351842:SNP.GA  377 ( 46 cp. 1) 
    6.7i 41351168:SNP.CT  164 ( 49 cp. 1) 
Missing:
  24A: 1
    6.8e 41350663:SNP.TT    0 (  0)                5668:A>A
    6.1e 41356280:SNP.TC    0 (  0)   rs1137115    51:A>G
    6.8i 41350038:SNP.AG    0 (  0)   rs2431414    6293:T>C
    6.8i 41350049:SNP.TC    0 (  0)   rs72547581   6282:A>G
    6.2i 41355194:SNP.GC    0 (  0)   rs7250713    1137:C>G
    6.8i 41349977:SNP.AG    0 (  0)   rs2431413    6354:T>C
  17: 1
Extra:
  24A: 1
  17: 1
    6.0i 41357619:SNP.CT  444 ( 77)   rs7259706    -1289:G>A
    6.0i 41357631:SNP.TG  493 ( 81)   rs7260629    -1301:A>C
    6.2i 41354711:SNP.AG  134 (100)   rs8192725    1620:T>C
Time needed: (98.8)
Result is: [('17', '24A')]
