SAM file: bams/PGXT208.bam
File bams/PGXT208.bam has index
Coverage is 37.085876189
== Allele Filter ==
 6.24e  97543751: SNP.GA                  139 ( 44%) ~     0 (  0)
 6.24e  97543763: SNP.CT                  144 ( 44%) ~     0 (  0)
 6.24e  97544257: SNP.AG                  154 ( 50%) ~     0 (  0)
 6.23i  97544759: SNP.CG                   94 ( 53%) ~     0 (  0)
 6.23i  97544770: SNP.TC                   65 ( 49%) ~     0 (  0)
 6.23i  97547524: SNP.GT                    2 ( 50%) ~     0 (  0)
 6.23i  97547529: SNP.TC                    6 (100%) ~     0 (  0)
 6.23i  97547830: SNP.GA                  173 (100%) ~     0 (  0)
 6.22i  97552628: SNP.CT                    2 ( 50%) ~     0 (  0)
 6.22i  97559638: SNP.AC                    2 (100%) ~     0 (  0)
 6.21i  97601647: SNP.AG                    4 (100%) ~     0 (  0)
 6.21i  97614371: SNP.TC                    2 (100%) ~     0 (  0)
 6.21i  97617788: SNP.CT                    2 (100%) ~     0 (  0)
 6.21i  97619929: SNP.AT                    2 (100%) ~     0 (  0)
 6.21i  97641770: SNP.GA                    2 (100%) ~     0 (  0)
 6.21i  97647337: SNP.CT                    2 (100%) ~     0 (  0)
 6.21i  97648817: SNP.CT                    2 (100%) ~     0 (  0)
 6.21i  97649034: SNP.CA                    2 (100%) ~     0 (  0)
 6.21i  97649057: SNP.CT                    2 (100%) ~     0 (  0)
 6.21i  97658394: SNP.CT                    2 (100%) ~     0 (  0)
 6.20i  97659350: DEL.A                     2 (100%) ~     0 (  0)
 6.20i  97668220: SNP.TC                    2 (100%) ~     0 (  0)
 6.20i  97699225: SNP.CT                    2 (100%) ~     0 (  0)
 6.19i  97717898: SNP.TC                    2 (100%) ~     0 (  0)
 6.19i  97723618: SNP.CA                    4 (100%) ~     0 (  0)
 6.19i  97732024: SNP.GT                    2 (100%) ~     0 (  0)
 6.19i  97752921: SNP.GA                    2 (100%) ~     0 (  0)
 6.19i  97755887: SNP.CG                    2 (100%) ~     2 (100)
 6.19i  97755940: SNP.CT                    2 (100%) ~     2 (100)
 6.19i  97765075: SNP.AG                    2 (100%) ~     0 (  0)
 6.18i  97771528: SNP.CG                    2 ( 12%) ~     0 (  0)
 6.17i  97819656: SNP.TC                    2 (100%) ~     0 (  0)
 6.17i  97823751: SNP.TC                    2 (100%) ~     0 (  0)
 6.17i  97839015: SNP.AG                   37 ( 41%) ~     0 (  0)
 6.16i  97839412: SNP.CG                    4 ( 50%) ~     0 (  0)
 6.16i  97845576: SNP.TA                    3 (100%) ~     0 (  0)
 6.15i  97850044: SNP.AC                    2 (100%) ~     0 (  0)
 6.15i  97857831: SNP.TC                    2 ( 50%) ~     0 (  0)
 6.15i  97857855: SNP.TC                    2 ( 50%) ~     0 (  0)
 6.15i  97863757: SNP.AT                    2 (100%) ~     0 (  0)
 6.15i  97866780: SNP.CA                    2 (100%) ~     0 (  0)
 6.15i  97874340: SNP.CT                    2 (100%) ~     0 (  0)
 6.15i  97875307: SNP.AT                    2 (100%) ~     0 (  0)
 6.15i  97875407: SNP.CA                    2 (100%) ~     0 (  0)
 6.15i  97878928: SNP.AT                    2 (100%) ~     0 (  0)
 6.14i  97915888: SNP.TA                    2 (  6%) ~     0 (  0)
 6.14i  97946040: SNP.TG                    2 (100%) ~     0 (  0)
 6.14i  97972042: SNP.CT                    2 (100%) ~     0 (  0)
 6.14i  97979674: SNP.CG                    2 (100%) ~     0 (  0)
 6.14i  97981199: INS.a                    17 ( 59%) ~     0 (  0)
 6.14i  97981241: SNP.TC                   85 (100%) ~     0 (  0)
 6.14i  97981242: SNP.GA                   42 ( 48%) ~     0 (  0)
 6.14e  97981394: SNP.TC     1627:T>C     197 ( 46%) ~     0 (  0)
 6.13i  97981622: INS.a                     9 ( 38%) ~     0 (  0)
 6.13i  97981705: SNP.CT                    2 (100%) ~     0 (  0)
 6.13i  97982015: SNP.CG                    2 (100%) ~     0 (  0)
 6.13i  97990574: SNP.TC                    4 (100%) ~     0 (  0)
 6.12i  98022228: SNP.AG                    2 (100%) ~     2 (100)
 6.12i  98033258: SNP.TC                    4 (100%) ~     0 (  0)
 6.12i  98035252: SNP.CA                    2 (100%) ~     0 (  0)
 6.10i  98059122: SNP.GA                    5 ( 50%) ~     0 (  0)
 6.10i  98060480: SNP.AC                   18 ( 69%) ~     0 (  0)
 6.9i   98060820: SNP.CA                    2 (  9%) ~     0 (  0)
 6.9i   98144611: SNP.TC                    2 (  6%) ~     0 (  0)
 6.9i   98144612: SNP.AC                    2 (  6%) ~     0 (  0)
 6.9i   98144613: SNP.CG                    2 (  6%) ~     0 (  0)
 6.9i   98144616: INS.c                     2 (  6%) ~     0 (  0)
 6.8i   98156642: SNP.TC                    2 (  9%) ~     0 (  0)
 6.8e   98157331: SNP.CG                  314 (100%) ~     0 (  0)
 6.6i   98165262: SNP.TG                    2 (  8%) ~     0 (  0)
 6.6i   98165273: SNP.GT                    2 (  8%) ~     0 (  0)
 6.6e   98185526: SNP.AG                  346 (100%) ~     0 (  0)
 6.6e   98185720: DEL.CA                   10 (  5%) ~     0 (  0)
 6.6e   98185744: SNP.AC                   10 (  5%) ~     0 (  0)
 6.6e   98186076: SNP.TC                  249 (100%) ~     0 (  0)
 6.3i   98225499: SNP.CT                    2 (100%) ~     0 (  0)
 6.3i   98239226: SNP.CT                    2 (100%) ~     0 (  0)
 6.3i   98240151: SNP.GA                    2 (100%) ~     0 (  0)
 6.3i   98247641: SNP.TC                    2 (100%) ~     0 (  0)
 6.3i   98285319: SNP.AG                    2 (100%) ~     0 (  0)
 6.2i   98320407: SNP.CT                   29 (100%) ~     0 (  0)
 6.2i   98320491: SNP.CA                  174 (100%) ~     0 (  0)
 6.2i   98325110: SNP.AG                    2 (100%) ~     0 (  0)
 6.1i   98367866: SNP.TC                    2 (100%) ~     0 (  0)
 6.1i   98371448: SNP.AT                    2 (100%) ~     0 (  0)
 6.1i   98386401: SNP.AC                   18 (  9%) ~     0 (  0)
Removing 10    6.24e 97544626:SNP.CA
Removing 11    6.11e 98058898:SNP.CA
Removing 12    6.2e 98348907:SNP.CT,  6.12e 98039498:SNP.CA
Removing 13    6.14e 97981342:SNP.AC
Removing 2B    6.15i 97915613:SNP.CT
Removing 2A    6.15i 97915613:SNP.CT
Removing 3     6.15e 97915621:DEL.G
Removing 4     6.14e 97981420:SNP.CT
Removing 6     6.19e 97770919:SNP.CT
Removing 7     6.4e 98205970:DEL.ATGA
Removing 8     6.8e 98157331:SNP.CT
Removing 9B    6.2e 98348884:SNP.AG
Removing 9     6.2e 98348884:SNP.AG
Initial status
  CYP2D6.1
  CYP2D6.5
    6.14e          97981394:SNP.TC  197 ( 46) F 1627:T>C
== Copy Number Estimator ==
CNV factor: 3.11961158788 (0.320552726463)
Coverage per region
  region:  2D6  2D7
  1e   :  1.52
  1i   :  1.43
  2e   :  2.52
  2i   :  2.48
  3e   :  2.42
  3i   :  2.47
  4e   :  2.70
  4i   :  2.74
  5e   :  2.25
  5i   :  2.31
  6e   :  2.66
  6i   :  2.88
  7e   :  2.53
  7i   :  2.46
  8e   :  2.58
  8i   :  2.76
  9e   :  4.18
  9i   :  3.53
  10e  :  2.61
  10i  :  2.76
  11e  :  2.13
  11i  :  2.99
  12e  :  2.38
  12i  :  3.06
  13e  :  2.22
  13i  :  2.57
  14e  :  2.50
  14i  :  4.02
  15e  :  2.60
  15i  :  3.23
  16e  :  3.01
  16i  :  3.43
  17e  :  2.66
  17i  :  2.82
  18e  :  2.51
  18i  :  2.57
  19e  :  1.96
  19i  :  2.33
  20e  :  2.21
  20i  :  2.72
  21e  :  2.48
  21i  :  2.84
  22e  :  2.89
  22i  :  3.54
  23e  :  2.20
  23i  :  2.63
  24e  :  2.52
Max. CN = 4
M  Sentinel contraint for 1: A_1^ <= A_1
M  Contraint for 24e: 2.51816487276 == E_24e + <gurobi.LinExpr: A1 + A1^>
M  Contraint for 7e: 2.52732995341 == E_7e + <gurobi.LinExpr: A1 + A1^>
M  Contraint for 12e: 2.37567387041 == E_12e + <gurobi.LinExpr: A1 + A1^>
M  Contraint for 16e: 3.01089993572 == E_16e + <gurobi.LinExpr: A1 + A1^>
M  Contraint for 22e: 2.88877947255 == E_22e + <gurobi.LinExpr: A1 + A1^>
M  Contraint for 9e: 4.18390895791 == E_9e + <gurobi.LinExpr: A1 + A1^>
M  Contraint for 10e: 2.61494486944 == E_10e + <gurobi.LinExpr: A1 + A1^>
M  Contraint for 14e: 2.4954597472 == E_14e + <gurobi.LinExpr: A1 + A1^>
M  Contraint for 20e: 2.20664935306 == E_20e + <gurobi.LinExpr: A1 + A1^>
M  Contraint for 1e: 1.51986097281 == E_1e + <gurobi.LinExpr: A1 + A1^>
M  Contraint for 5e: 2.2532978819 == E_5e + <gurobi.LinExpr: A1 + A1^>
M  Contraint for 3e: 2.41677298462 == E_3e + <gurobi.LinExpr: A1 + A1^>
M  Contraint for 11e: 2.12844494716 == E_11e + <gurobi.LinExpr: A1 + A1^>
M  Contraint for 6e: 2.66206540638 == E_6e + <gurobi.LinExpr: A1 + A1^>
M  Contraint for 13e: 2.22017191879 == E_13e + <gurobi.LinExpr: A1 + A1^>
M  Contraint for 23e: 2.19927173601 == E_23e + <gurobi.LinExpr: A1 + A1^>
M  Contraint for 17e: 2.66199135709 == E_17e + <gurobi.LinExpr: A1 + A1^>
M  Contraint for 8e: 2.57706668536 == E_8e + <gurobi.LinExpr: A1 + A1^>
M  Contraint for 21e: 2.47777298585 == E_21e + <gurobi.LinExpr: A1 + A1^>
M  Contraint for 15e: 2.60429563242 == E_15e + <gurobi.LinExpr: A1 + A1^>
M  Contraint for 19e: 1.96235285415 == E_19e + <gurobi.LinExpr: A1 + A1^>
M  Contraint for 18e: 2.50896752581 == E_18e + <gurobi.LinExpr: A1 + A1^>
M  Contraint for 2e: 2.52110188215 == E_2e + <gurobi.LinExpr: A1 + A1^>
M  Contraint for 4e: 2.7001958276 == E_4e + <gurobi.LinExpr: A1 + A1^>
M  Objective: <gurobi.LinExpr: C26 + C27 + C28 + C29 + C30 + C31 + C32 + C33 + C34 + C35 + C36 + C37 + C38 + C39 + C40 + C41 + C42 + C43 + C44 + C45 + C46 + C47 + C48 + C49 + 0.5 A1 + 0.5 A1^>
CN Solver status: optimal, opt: 14.2710139767
  Solutions:
    ('1', '1^')
== Initial Solver ==
Solving Counter({'1': 2})
Possible candidates:
  CYP2D6.1
  CYP2D6.5
    6.14e 97981394:SNP.TC  197 ( 46) F 1627:T>C
M  Max. CN for 1 = 2
M  Max. CN for 5 = 2
M  Contraint for 97981394:SNP.TC 6.14e: 197 == <gurobi.QuadExpr: 0.0 + [ 213.5 REG_5_2_97981394:SNP.TC * 5_2 + 213.5 REG_5_97981394:SNP.TC * 5 ]> + err
M  Contraint for 97981394:REF 6.14e: 230 == <gurobi.QuadExpr: 213.5 1 + 213.5 5_2 + 213.5 5 + 213.5 1_2 + [ -213.5 REG_5_2_97981394:SNP.TC * 5_2 + -213.5 REG_5_97981394:SNP.TC * 5 ]> + err
M  Contraint for 5_2 97981394:SNP.TC: <gurobi.Var 5_2> >= <gurobi.Var REG_5_2_97981394:SNP.TC>
M  Contraint for 5 97981394:SNP.TC: <gurobi.Var 5> >= <gurobi.Var REG_5_97981394:SNP.TC>
M  CN contraint for 1: 2 == <gurobi.LinExpr: 1 + 5_2 + 5 + 1_2>
M  Sentinel contraint for 1: A_1_2 <= A_1
M  Sentinel contraint for 5: A_5_2 <= A_5
M  Objective: <gurobi.LinExpr: C9 + C10>
M  Contraint for 5_2: A_5_2 * (<gurobi.LinExpr: REG_5_2_97981394:SNP.TC> - 1) == 0
M  Contraint for 5: A_5 * (<gurobi.LinExpr: REG_5_97981394:SNP.TC> - 1) == 0
M  Contraint for 97981394:SNP.TC: 1 <= <gurobi.QuadExpr: 0.0 + [ 5_2 * REG_5_2_97981394:SNP.TC + 5 * REG_5_97981394:SNP.TC ]>
M  Contraint for 97981394:SNP.TC: 1 <= <gurobi.QuadExpr: 0.0 + [ 5_2 * REG_5_2_97981394:SNP.TC + 5 * REG_5_97981394:SNP.TC ]>
CN Solver status: optimal, opt: 33.0
  solution:
    ('1', '5')
[32;01mCopy number best structures:[39;49;00m
[32;01m  (1) 2x*1-like[39;49;00m
== Refiner ==
Refining ('1', '5')
M  CN constraint for 1: 1 == <gurobi.LinExpr: 1>
M  CN constraint for 5: 1 == <gurobi.LinExpr: 5>
M  Contraint for 97981394:SNP.TC 6.14e: 197 == <gurobi.QuadExpr: 0.0 + [ 213.5 EXT_1_97981394:SNP.TC * 1 + 213.5 REG_5_97981394:SNP.TC * 5 ]> + err
M  Contraint for 97981394:REF 6.14e: 230 == <gurobi.QuadExpr: 213.5 1 + 213.5 5 + [ -213.5 EXT_1_97981394:SNP.TC * 1 + -213.5 REG_5_97981394:SNP.TC * 5 ]> + err
M  Contraint for MM[missing] 5 97981394:SNP.TC: <gurobi.Var 5> >= <gurobi.Var REG_5_97981394:SNP.TC>
M  Contraint for MA[extra] 1 97981394:SNP.TC: <gurobi.Var 1> >= <gurobi.Var EXT_1_97981394:SNP.TC>
M  Objective: <gurobi.LinExpr: C6 + C7 + EXT_1_97981394:SNP.TC + W>
M  Contraint for 5: <gurobi.LinExpr: REG_5_97981394:SNP.TC> = 1 * A_<gurobi.Var 5>
M  Contraint for 97981394:SNP.TC: 1 <= <gurobi.QuadExpr: 0.0 + [ REG_5_97981394:SNP.TC * 5 ]> <= 1
M  Contraint for 97981394:SNP.TC: <gurobi.QuadExpr: 0.0 + [ REG_5_97981394:SNP.TC * 5 ]> <= 1
CN Solver status: optimal, opt: 33.0
  1: 1
  5: 1
    6.14e 97981394:SNP.TC  197 ( 46 cp. 1) F
Missing:
  1: 1
  5: 1
Extra:
  1: 1
  5: 1
Time needed: (19.2)
Result is: [('1', '5')]
