SAM file: bams/PGXT120.bam
File bams/PGXT120.bam has index
Coverage is 421.833602922
== Allele Filter ==
Refining indel 42524213:INS.g: from 1 of 379.0 to 1 (indel:total = 1:215)
Refining indel 42527886:INS.t: from 7 of 285.0 to 13 (indel:total = 7:143)
 6.rep  42521293: SNP.GA                   23 ( 59%) ~    23 (100)
 6.rep  42521441: SNP.GA                   69 ( 27%) ~    68 ( 99)
 6.rep  42521559: SNP.GA                  105 ( 25%) ~   100 ( 95)
 6.rep  42521625: DEL.GGGTGGGGAA                9 (  8%) ~     0 (  0)
 6.rep  42521864: SNP.CT                  280 ( 37%) ~     6 (  2)
 6.ins  42522137: INS.tgt                 408 ( 84%) ~    12 (  3)
 6.ins  42522140: SNP.GT                   28 (  6%) ~     0 (  0)
 6.ins  42522141: SNP.AG                   27 (  6%) ~     0 (  0)
 6.ins  42522497: SNP.GA                   79 ( 16%) ~    79 (100)
 6.8i   42522757: SNP.TC                   65 (  9%) ~    65 (100)
 6.7i   42523085: SNP.CT                  142 ( 32%) ~    65 ( 46)
 6.7i   42523308: SNP.CT                   60 (  9%) ~    20 ( 33)
 6.7i   42523314: SNP.TC                   90 ( 13%) ~    22 ( 24)
 6.7i   42523408: SNP.TG     3384:A>C     501 ( 46%) ~    53 ( 11)
 6.7e   42523504: SNP.CT     3288:G>A      63 (  6%) ~    10 ( 16)
 6.7e   42523538: SNP.AG     3254:T>C     300 ( 23%) ~    34 ( 11)
 6.7e   42523635: SNP.CA                  100 ( 10%) ~    14 ( 14)
 6.5i   42524079: SNP.TG                   53 ( 10%) ~     0 (  0)
 6.5i   42524142: SNP.AC                   41 ( 10%) ~     0 (  0)
 6.4i   42524707: SNP.TC                  148 ( 20%) ~    18 ( 12)
 6.4i   42524712: SNP.CG                  153 ( 21%) ~    12 (  8)
 6.4i   42524742: SNP.GA                  202 ( 25%) ~     9 (  4)
 6.4e   42524794: SNP.AG                  246 ( 26%) ~    10 (  4)
 6.4e   42524923: SNP.AG     1869:T>C     171 ( 19%) ~    95 ( 56)
 6.2i   42525504: SNP.CG                  720 (100%) ~     0 (  0)
 6.2i   42525505: SNP.GC                  723 (100%) ~     0 (  0)
 6.2i   42525727: SNP.AC                  304 ( 50%) ~     0 (  0)
 6.1i   42525951: SNP.AC     843:T>G      348 ( 48%) ~   344 ( 99)
 6.1i   42526460: SNP.TC                  322 ( 49%) ~    24 (  7)
 6.1i   42526483: SNP.CA     310:G>T      267 ( 48%) ~     0 (  0)
 6.0i   42526836: INS.c                   249 ( 40%) ~     0 (  0)
 6.0i   42526841: SNP.AC                   38 (  6%) ~     0 (  0)
 6.0i   42527470: SNP.CT     -678:G>A     164 ( 25%) ~   160 ( 98)
 6.0i   42527988: SNP.TC                    5 (  7%) ~     0 (  0)
 6.0i   42528012: SNP.AC                    3 (  7%) ~     0 (  0)
 6.0i   42528015: SNP.AC                    4 (  9%) ~     0 (  0)
 6.0i   42528023: SNP.TC                    2 (  6%) ~     0 (  0)
 6.0i   42528390: SNP.CT                    2 ( 11%) ~     0 (  0)
 7.rep  42533404: SNP.AT                    2 ( 17%) ~     2 (100)
 7.rep  42533420: SNP.GT                    2 ( 14%) ~     2 (100)
 7.rep  42533449: SNP.GA                    9 ( 38%) ~     9 (100)
 7.rep  42533597: SNP.GA                   68 ( 26%) ~    68 (100)
 7.rep  42533715: SNP.GA                   87 ( 23%) ~    87 (100)
 7.rep  42533784: SNP.TG                    5 (  6%) ~     5 (100)
 7.rep  42533794: SNP.TG                    6 ( 10%) ~     6 (100)
 7.rep  42533814: SNP.TG                    2 (  7%) ~     2 (100)
 7.rep  42533821: SNP.GT                    2 (  6%) ~     0 (  0)
 7.rep  42533904: SNP.AG                   77 ( 96%) ~     0 (  0)
 7.rep  42534050: SNP.AG                  341 (100%) ~     0 (  0)
 7.rep  42534074: SNP.GA                  365 (100%) ~     0 (  0)
 7.pce  42534125: SNP.GT                  264 (100%) ~     0 (  0)
 7.pce  42534147: SNP.CT                  107 ( 54%) ~     0 (  0)
 7.pce  42534275: SNP.CG                   31 (100%) ~     0 (  0)
 7.ins  42535802: INS.cgc                  36 (  8%) ~     7 ( 19)
 7.ins  42535817: SNP.AG                  177 ( 29%) ~     7 (  4)
 7.ins  42536210: SNP.GA                  449 ( 76%) ~   106 ( 24)
 7.9e   42536410: SNP.TG                   64 ( 11%) ~     2 (  3)
 7.8i   42536470: SNP.TC                  215 ( 32%) ~    53 ( 25)
 7.8e   42536652: SNP.TC                  221 ( 20%) ~   144 ( 65)
 7.7i   42536798: SNP.CT                  202 ( 17%) ~    79 ( 39)
 7.7i   42536923: SNP.CT                   71 ( 13%) ~    48 ( 68)
 7.7i   42537114: SNP.CT                  121 ( 95%) ~    58 ( 48)
 7.7i   42537119: INS.a                   106 ( 91%) ~    56 ( 53)
 7.7i   42537126: SNP.AG                  124 ( 95%) ~    57 ( 46)
 7.7e   42537195: SNP.TC                  415 (100%) ~    12 (  3)
 7.7e   42537217: SNP.TC                  116 ( 22%) ~     7 (  6)
 7.7e   42537226: SNP.TC                  136 ( 24%) ~     7 (  5)
 7.6i   42537403: SNP.GC                  663 (100%) ~     2 (  0)
 7.6e   42537596: SNP.AG                  352 (100%) ~     0 (  0)
 7.5i   42537720: SNP.CT                  162 ( 48%) ~     0 (  0)
 7.5i   42537781: SNP.TG                   65 ( 15%) ~     1 (  2)
 7.5i   42537832: SNP.GA                  242 ( 51%) ~     0 (  0)
 7.5i   42537844: SNP.AC                   33 (  7%) ~     0 (  0)
 7.4i   42538102: SNP.TC                  470 (100%) ~     1 (  0)
 7.4i   42538204: SNP.CA                  255 ( 56%) ~     1 (  0)
 7.4i   42538228: SNP.GA                  416 (100%) ~     2 (  0)
 7.4i   42538398: SNP.CT                  421 (100%) ~    21 (  5)
 7.4i   42538461: SNP.AG                   21 (  7%) ~     9 ( 43)
 7.4e   42538617: SNP.AG                  630 ( 85%) ~   133 ( 21)
 7.3i   42538703: SNP.GT                  339 ( 51%) ~    23 (  7)
 7.3e   42538869: SNP.AC                   20 (  9%) ~    10 ( 50)
 7.3e   42538875: SNP.AT                  180 ( 90%) ~     0 (  0)
 7.2i   42538896: SNP.AG                   62 ( 42%) ~     0 (  0)
 7.2i   42539084: SNP.AC                    2 (  6%) ~     0 (  0)
 7.2i   42539084: SNP.AG                    2 (  6%) ~     0 (  0)
 7.2i   42539104: SNP.TC                    2 ( 11%) ~     0 (  0)
 7.2i   42539227: SNP.AC                    2 (  7%) ~     0 (  0)
 7.2i   42539231: SNP.CG                   13 ( 43%) ~     0 (  0)
 7.2i   42539245: SNP.TC                    3 (  8%) ~     0 (  0)
 7.2i   42539393: DEL.C                    65 ( 59%) ~     0 (  0)
 7.2e   42539418: SNP.CG                   33 ( 37%) ~     0 (  0)
 7.2e   42539475: SNP.TG                    2 ( 29%) ~     0 (  0)
 7.2e   42539476: SNP.CA                    2 ( 29%) ~     0 (  0)
 7.2e   42539477: SNP.GT                    2 ( 40%) ~     0 (  0)
 7.2e   42539479: SNP.CT                    2 ( 40%) ~     0 (  0)
 7.2e   42539498: SNP.GA                    2 (  7%) ~     1 ( 50)
 7.1i   42539622: SNP.CA                  387 ( 52%) ~   385 ( 99)
 7.1i   42539719: SNP.CG                  704 (100%) ~   702 (100)
 7.1e   42540367: SNP.TG                   94 ( 10%) ~     0 (  0)
 7.0i   42540550: SNP.AG                  240 ( 48%) ~     0 (  0)
 7.0i   42541142: SNP.TC                  284 ( 32%) ~   284 (100)
 7.0i   42541201: SNP.CT                  158 ( 21%) ~   157 ( 99)
Removing 10B   6.1e 42526693:SNP.GA,  6.9e 42522612:SNP.CG
Removing 10A   6.1e 42526693:SNP.GA,  6.9e 42522612:SNP.CG
Removing 10D   6.1e 42526693:SNP.GA,  6.9e 42522612:SNP.CG
Removing 10DW  6.1e 42526693:SNP.GA,  6.9e 42522612:SNP.CG
Removing 10BW  6.1e 42526693:SNP.GA,  6.9e 42522612:SNP.CG
Removing 10AW  6.1e 42526693:SNP.GA,  6.9e 42522612:SNP.CG
Removing 100   6.1e 42526693:SNP.GA,  6.6e 42523964:DEL.G,  6.9e 42522612:SNP.CG
Removing 101   6.1e 42526693:SNP.GA,  6.6e 42523847:DEL.CACATCCGGATGTAGGATC,  6.9e 42522612:SNP.CG
Removing 102   6.2e 42525822:SNP.GA,  6.6e 42523942:SNP.GA,  6.9e 42522612:SNP.CG
Removing 103   6.2e 42525822:SNP.GA,  6.3e 42525043:SNP.TC,  6.6e 42523942:SNP.GA,  6.9e 42522612:SNP.CG
Removing 104   6.3e 42525072:SNP.TA,  6.6e 42523942:SNP.GA,  6.9e 42522612:SNP.CG
Removing 105   6.6e 42523942:SNP.GA,  6.7e 42523524:SNP.AG,  6.9e 42522612:SNP.CG
Removing 107   6.3e 42525133:SNP.CT
Removing 108   6.7e 42523566:SNP.TC,  6.7e 42523557:SNP.TC
Removing 109   6.5e 42524175:DEL.CTT,  6.7e 42523609:SNP.CT
Removing 11W   6.1i 42525911:SNP.CG,  6.6e 42523942:SNP.GA,  6.9e 42522612:SNP.CG,  6.0i 42528381:SNP.GC
Removing 11    6.1i 42525911:SNP.CG,  6.6e 42523942:SNP.GA,  6.9e 42522612:SNP.CG
Removing 12    6.1e 42526669:SNP.CT,  6.6e 42523942:SNP.GA,  6.9e 42522612:SNP.CG
Removing 14BW  6.3e 42525034:SNP.CT,  6.6e 42523942:SNP.GA,  6.9e 42522612:SNP.CG,  6.0i 42528381:SNP.GC
Removing 14AW  6.1e 42526693:SNP.GA,  6.3e 42525034:SNP.CT,  6.6e 42523942:SNP.GA,  6.9e 42522612:SNP.CG,  6.0i 42528381:SNP.GC
Removing 14B   6.3e 42525034:SNP.CT,  6.6e 42523942:SNP.GA,  6.9e 42522612:SNP.CG
Removing 14A   6.1e 42526693:SNP.GA,  6.3e 42525034:SNP.CT,  6.6e 42523942:SNP.GA,  6.9e 42522612:SNP.CG
Removing 15    6.1e 42526656:INS.a
Removing 17    6.2e 42525771:SNP.GA,  6.6e 42523942:SNP.GA,  6.9e 42522612:SNP.CG
Removing 17W   6.2e 42525771:SNP.GA,  6.6e 42523942:SNP.GA,  6.9e 42522612:SNP.CG
Removing 18    6.9e 42522667:INS.agtgggcac
Removing 19    6.5e 42524250:DEL.AGTT,  6.6e 42523942:SNP.GA,  6.9e 42522612:SNP.CG
Removing 2KW   6.6e 42523942:SNP.GA,  6.9e 42522612:SNP.CG,  6.0i 42528381:SNP.GC
Removing 2D    6.6e 42523942:SNP.GA,  6.9e 42522612:SNP.CG
Removing 2E    6.6e 42523942:SNP.GA,  6.9e 42522612:SNP.CG
Removing 2F    6.6e 42523942:SNP.GA,  6.9e 42522612:SNP.CG
Removing 2G    6.6e 42523942:SNP.GA,  6.9e 42522612:SNP.CG
Removing 2A    6.0i 42528381:SNP.GC,  6.6e 42523942:SNP.GA,  6.9e 42522612:SNP.CG
Removing 2B    6.6e 42523942:SNP.GA,  6.9e 42522612:SNP.CG
Removing 2C    6.6e 42523942:SNP.GA,  6.9e 42522612:SNP.CG
Removing 2L    6.6e 42523942:SNP.GA,  6.9e 42522612:SNP.CG
Removing 2M    6.6e 42523942:SNP.GA,  6.9e 42522612:SNP.CG
Removing 2H    6.6e 42523942:SNP.GA,  6.9e 42522612:SNP.CG
Removing 2K    6.6e 42523942:SNP.GA,  6.9e 42522612:SNP.CG
Removing 2CW   6.6e 42523942:SNP.GA,  6.9e 42522612:SNP.CG,  6.0i 42528381:SNP.GC
Removing 2AW   6.0i 42528381:SNP.GC,  6.6e 42523942:SNP.GA,  6.9e 42522612:SNP.CG
Removing 2FW   6.6e 42523942:SNP.GA,  6.9e 42522612:SNP.CG,  6.0i 42528381:SNP.GC
Removing 2HW   6.6e 42523942:SNP.GA,  6.9e 42522612:SNP.CG,  6.0i 42528381:SNP.GC
Removing 2DW   6.6e 42523942:SNP.GA,  6.9e 42522612:SNP.CG,  6.0i 42528381:SNP.GC
Removing 2GW   6.6e 42523942:SNP.GA,  6.9e 42522612:SNP.CG,  6.0i 42528381:SNP.GC
Removing 2MW   6.6e 42523942:SNP.GA,  6.9e 42522612:SNP.CG,  6.0i 42528381:SNP.GC
Removing 2BW   6.6e 42523942:SNP.GA,  6.9e 42522612:SNP.CG,  6.0i 42528381:SNP.GC
Removing 2LW   6.6e 42523942:SNP.GA,  6.9e 42522612:SNP.CG,  6.0i 42528381:SNP.GC
Removing 2EW   6.6e 42523942:SNP.GA,  6.9e 42522612:SNP.CG,  6.0i 42528381:SNP.GC
Removing 20    6.4e 42524819:INS.c,  6.4e 42524814:SNP.GA,  6.4e 42524813:SNP.AG,  6.6e 42523942:SNP.GA,  6.9e 42522612:SNP.CG
Removing 21B   6.0i 42528381:SNP.GC,  6.5e 42524213:INS.g,  6.6e 42523942:SNP.GA,  6.9e 42522612:SNP.CG
Removing 21A   6.0i 42528381:SNP.GC,  6.5e 42524213:INS.g,  6.6e 42523942:SNP.GA,  6.9e 42522612:SNP.CG
Removing 22    6.1e 42526711:SNP.GA
Removing 23    6.2e 42525837:SNP.GA
Removing 24    6.6e 42523939:SNP.TG
Removing 25    6.7e 42523594:SNP.GC
Removing 26    6.7e 42523515:SNP.AG
Removing 27    6.8e 42522939:SNP.CT
Removing 28    6.1e 42526774:SNP.CT,  6.3e 42525088:SNP.GC,  6.6e 42523942:SNP.GA,  6.9e 42522612:SNP.CG
Removing 28W   6.1e 42526774:SNP.CT,  6.3e 42525088:SNP.GC,  6.6e 42523942:SNP.GA,  6.9e 42522612:SNP.CG,  6.0i 42528381:SNP.GC
Removing 29    6.3e 42525133:SNP.CT,  6.6e 42523942:SNP.GA,  6.7e 42523609:SNP.CT,  6.9e 42522612:SNP.CG
Removing 3B    6.3e 42525043:SNP.TC,  6.5e 42524243:DEL.T
Removing 3A    6.5e 42524243:DEL.T
Removing 30    6.4e 42524929:INS.ggggcgaaa,  6.6e 42523942:SNP.GA,  6.9e 42522612:SNP.CG
Removing 31    6.0i 42528381:SNP.GC,  6.6e 42523942:SNP.GA,  6.9e 42522750:SNP.CT,  6.9e 42522612:SNP.CG
Removing 32    6.6e 42523942:SNP.GA,  6.8e 42522939:SNP.CT,  6.9e 42522612:SNP.CG
Removing 33    6.5e 42524309:SNP.CA
Removing 34    6.6e 42523942:SNP.GA
Removing 35B   6.0i 42528381:SNP.GC,  6.1e 42526762:SNP.CT,  6.6e 42523942:SNP.GA,  6.9e 42522612:SNP.CG
Removing 35A   6.0i 42528381:SNP.GC,  6.1e 42526762:SNP.CT,  6.6e 42523942:SNP.GA,  6.9e 42522612:SNP.CG
Removing 36    6.1e 42526693:SNP.GA
Removing 37    6.1e 42526693:SNP.GA,  6.4e 42524849:SNP.CT,  6.9e 42522612:SNP.CG
Removing 38    6.5e 42524202:DEL.AGTC
Removing 39    6.9e 42522612:SNP.CG
Removing 4GW   6.1e 42526693:SNP.GA,  6.2e 42525820:SNP.GT,  6.2e 42525810:SNP.TC,  6.3i 42524946:SNP.CT,  6.6e 42523854:SNP.GA,  6.9e 42522612:SNP.CG
Removing 4HW   6.1e 42526693:SNP.GA,  6.2e 42525820:SNP.GT,  6.2e 42525810:SNP.TC,  6.3i 42524946:SNP.CT,  6.8e 42522915:SNP.CG,  6.9e 42522612:SNP.CG
Removing 4FW   6.1e 42526693:SNP.GA,  6.2e 42525820:SNP.GT,  6.2e 42525810:SNP.TC,  6.3i 42524946:SNP.CT,  6.4e 42524934:SNP.GA,  6.9e 42522612:SNP.CG
Removing 4KW   6.1e 42526693:SNP.GA,  6.3i 42524946:SNP.CT,  6.6e 42523942:SNP.GA,  6.9e 42522612:SNP.CG
Removing 4AW   6.1e 42526693:SNP.GA,  6.2e 42525820:SNP.GT,  6.2e 42525810:SNP.TC,  6.3i 42524946:SNP.CT,  6.9e 42522612:SNP.CG
Removing 4N    6.1e 42526693:SNP.GA,  6.2e 42525820:SNP.GT,  6.2e 42525810:SNP.TC,  6.3i 42524946:SNP.CT
Removing 4M    6.2e 42525820:SNP.GT,  6.2e 42525810:SNP.TC,  6.3i 42524946:SNP.CT
Removing 4J    6.1e 42526693:SNP.GA,  6.2e 42525820:SNP.GT,  6.2e 42525810:SNP.TC,  6.3i 42524946:SNP.CT
Removing 4K    6.1e 42526693:SNP.GA,  6.3i 42524946:SNP.CT,  6.6e 42523942:SNP.GA,  6.9e 42522612:SNP.CG
Removing 4H    6.1e 42526693:SNP.GA,  6.2e 42525820:SNP.GT,  6.2e 42525810:SNP.TC,  6.3i 42524946:SNP.CT,  6.8e 42522915:SNP.CG,  6.9e 42522612:SNP.CG
Removing 4CW   6.1e 42526693:SNP.GA,  6.3i 42524946:SNP.CT,  6.8e 42522905:SNP.AG,  6.9e 42522612:SNP.CG
Removing 4D    6.1e 42526693:SNP.GA,  6.3i 42524946:SNP.CT,  6.9e 42522612:SNP.CG
Removing 4LW   6.1e 42526693:SNP.GA,  6.3i 42524946:SNP.CT,  6.9e 42522612:SNP.CG
Removing 4B    6.1e 42526693:SNP.GA,  6.2e 42525820:SNP.GT,  6.2e 42525810:SNP.TC,  6.3i 42524946:SNP.CT,  6.9e 42522612:SNP.CG
Removing 4A    6.1e 42526693:SNP.GA,  6.2e 42525820:SNP.GT,  6.2e 42525810:SNP.TC,  6.3i 42524946:SNP.CT,  6.9e 42522612:SNP.CG
Removing 4BW   6.1e 42526693:SNP.GA,  6.2e 42525820:SNP.GT,  6.2e 42525810:SNP.TC,  6.3i 42524946:SNP.CT,  6.9e 42522612:SNP.CG
Removing 4JW   6.1e 42526693:SNP.GA,  6.2e 42525820:SNP.GT,  6.2e 42525810:SNP.TC,  6.3i 42524946:SNP.CT
Removing 4L    6.1e 42526693:SNP.GA,  6.3i 42524946:SNP.CT,  6.9e 42522612:SNP.CG
Removing 4EW   6.1e 42526693:SNP.GA,  6.3i 42524946:SNP.CT,  6.9e 42522612:SNP.CG
Removing 4P    6.1e 42526693:SNP.GA,  6.2e 42525820:SNP.GT,  6.2e 42525810:SNP.TC,  6.3i 42524946:SNP.CT,  6.5e 42524216:SNP.GA,  6.9e 42522612:SNP.CG
Removing 4F    6.1e 42526693:SNP.GA,  6.2e 42525820:SNP.GT,  6.2e 42525810:SNP.TC,  6.3i 42524946:SNP.CT,  6.4e 42524934:SNP.GA,  6.9e 42522612:SNP.CG
Removing 4G    6.1e 42526693:SNP.GA,  6.2e 42525820:SNP.GT,  6.2e 42525810:SNP.TC,  6.3i 42524946:SNP.CT,  6.6e 42523854:SNP.GA,  6.9e 42522612:SNP.CG
Removing 4E    6.1e 42526693:SNP.GA,  6.3i 42524946:SNP.CT,  6.9e 42522612:SNP.CG
Removing 4DW   6.1e 42526693:SNP.GA,  6.3i 42524946:SNP.CT,  6.9e 42522612:SNP.CG
Removing 4C    6.1e 42526693:SNP.GA,  6.3i 42524946:SNP.CT,  6.8e 42522905:SNP.AG,  6.9e 42522612:SNP.CG
Removing 40    6.2e 42525771:SNP.GA,  6.4e 42524929:INS.ggggcgaaaggggcgaaa,  6.6e 42523942:SNP.GA,  6.9e 42522612:SNP.CG
Removing 41    6.6e 42523942:SNP.GA,  6.6i 42523804:SNP.CT,  6.9e 42522612:SNP.CG
Removing 42    6.6e 42523942:SNP.GA,  6.7e 42523533:INS.ac,  6.9e 42522612:SNP.CG
Removing 43    6.1e 42526716:SNP.CT
Removing 44    6.1e 42526711:SNP.GA,  6.6i 42523842:SNP.CG
Removing 45A   6.3e 42525076:SNP.CT,  6.6e 42523942:SNP.GA,  6.9e 42522612:SNP.CG
Removing 45B   6.3e 42525076:SNP.CT,  6.6e 42523942:SNP.GA,  6.9e 42522612:SNP.CG
Removing 46    6.1e 42526716:SNP.CT,  6.3e 42525076:SNP.CT,  6.6e 42523942:SNP.GA,  6.9e 42522612:SNP.CG
Removing 47    6.1e 42526720:SNP.GA,  6.1e 42526693:SNP.GA,  6.9e 42522612:SNP.CG
Removing 48    6.2e 42525822:SNP.GA
Removing 49    6.1e 42526693:SNP.GA,  6.3e 42525181:SNP.AT,  6.9e 42522612:SNP.CG
Removing 50    6.3e 42525072:SNP.TG
Removing 51    6.0i 42528381:SNP.GC,  6.6e 42523942:SNP.GA,  6.7e 42523620:SNP.TG,  6.9e 42522612:SNP.CG
Removing 52    6.1e 42526693:SNP.GA,  6.8e 42522915:SNP.CT,  6.9e 42522612:SNP.CG
Removing 53    6.3e 42525181:SNP.AT,  6.3e 42525175:SNP.CA
Removing 54    6.1e 42526693:SNP.GA,  6.5e 42524236:SNP.GA,  6.9e 42522612:SNP.CG
Removing 55    6.6e 42523942:SNP.GA,  6.8e 42522957:SNP.TG,  6.9e 42522612:SNP.CG
Removing 56A   6.0i 42528381:SNP.GC,  6.6e 42523942:SNP.GA,  6.7e 42523591:SNP.GA,  6.9e 42522612:SNP.CG
Removing 56B   6.1e 42526693:SNP.GA,  6.7e 42523591:SNP.GA,  6.9e 42522612:SNP.CG
Removing 57    6.1e 42526693:SNP.GA,  6.2e 42525907:SNP.GA
Removing 58    6.2e 42525771:SNP.GA,  6.4e 42524929:INS.ggggcgaaa,  6.6e 42523942:SNP.GA,  6.9e 42522612:SNP.CG
Removing 59    6.6e 42523942:SNP.GA,  6.6e 42523853:SNP.CT,  6.9e 42522612:SNP.CG
Removing 6A    6.3e 42525085:DEL.A
Removing 6B    6.3e 42525085:DEL.A,  6.4e 42524816:SNP.CT
Removing 6C    6.3e 42525085:DEL.A,  6.4e 42524816:SNP.CT,  6.9e 42522612:SNP.CG
Removing 6D    6.3e 42525085:DEL.A
Removing 60    6.4e 42524905:INS.ta
Removing 62    6.9e 42522748:SNP.GA
Removing 63    6.0i 42528381:SNP.GC,  6.6e 42523942:SNP.GA
Removing 64    6.1e 42526693:SNP.GA,  6.2e 42525771:SNP.GA,  6.9e 42522612:SNP.CG
Removing 65    6.1e 42526693:SNP.GA,  6.6e 42523942:SNP.GA,  6.9e 42522612:SNP.CG
Removing 68    6.1e 42526693:SNP.GA
Removing 69    6.1e 42526693:SNP.GA,  6.6e 42523942:SNP.GA,  6.6i 42523804:SNP.CT,  6.9e 42522612:SNP.CG
Removing 7     6.6e 42523857:SNP.TG
Removing 70    6.3e 42525184:SNP.CT,  6.3e 42525133:SNP.CT,  6.7e 42523609:SNP.CT,  6.9e 42522612:SNP.CG
Removing 71    6.0i 42528381:SNP.GC,  6.1e 42526668:SNP.CT
Removing 72    6.1e 42526693:SNP.GA,  6.7e 42523474:SNP.CT,  6.9e 42522612:SNP.CG
Removing 73    6.2e 42525781:SNP.CT,  6.6e 42523942:SNP.GA,  6.9e 42522612:SNP.CG
Removing 74    6.2e 42525820:SNP.GT
Removing 75    6.9e 42522747:SNP.CT
Removing 8     6.3e 42525034:SNP.CA,  6.6e 42523942:SNP.GA,  6.9e 42522612:SNP.CG
Removing 81    6.5e 42524213:SNP.GA,  6.5e 42524186:SNP.CT,  6.5e 42524182:SNP.AT
Removing 82    6.2e 42525820:SNP.GT,  6.2e 42525810:SNP.TC,  6.2e 42525780:SNP.AG,  6.2e 42525772:SNP.TA,  6.2e 42525771:SNP.GT,  6.2e 42525766:SNP.TC
Removing 84    6.5e 42524218:SNP.GT,  6.6e 42523942:SNP.GA,  6.9e 42522612:SNP.CG
Removing 85    6.6e 42523942:SNP.GA,  6.9e 42522635:SNP.AC,  6.9e 42522612:SNP.CG
Removing 86    6.5e 42524186:SNP.CT,  6.5e 42524182:SNP.AT
Removing 87    6.1e 42526779:SNP.GA,  6.1e 42526693:SNP.GA,  6.9e 42522612:SNP.CG
Removing 88    6.2e 42525780:SNP.AG,  6.9e 42522612:SNP.CG
Removing 89    6.3e 42525114:SNP.AG
Removing 9     6.5e 42524175:DEL.CTT
Removing 90    6.3e 42525099:SNP.TC
Removing 91    6.3e 42525057:SNP.CG,  6.6e 42523942:SNP.GA,  6.6i 42523804:SNP.CT
Removing 92    6.4e 42524797:DEL.G
Removing 93    6.5e 42524273:SNP.TG
Removing 94B   6.1e 42526693:SNP.GA,  6.7e 42523611:SNP.TC,  6.9e 42522612:SNP.CG
Removing 94A   6.1e 42526693:SNP.GA,  6.7e 42523611:SNP.TC,  6.9e 42522612:SNP.CG
Removing 95    6.1e 42526693:SNP.GA,  6.7e 42523458:SNP.CT,  6.9e 42522612:SNP.CG
Removing 96    6.8e 42522897:SNP.GA
Removing 97    6.9e 42522698:SNP.GT
Removing 98    6.6e 42523942:SNP.GA,  6.9e 42522682:SNP.GC,  6.9e 42522612:SNP.CG
Initial status
  CYP2D6.1B
    6.8e           42522964:SNP.CT    0 (  0)   3828:G>A
  CYP2D6.1E
    6.4e           42524923:SNP.AG  171 ( 19)   1869:T>C
  CYP2D6.1C
    6.4e           42524814:SNP.GA    0 (  0)   1978:C>T
  CYP2D6.1D
    6.5e           42524217:SNP.GT    0 (  0)   2575:C>A
  CYP2D6.1
  CYP2D6.13$1
  CYP2D6.16$1
  CYP2D6.5
  CYP2D6.61
  CYP2D6.67$1
  CYP2D6.76$1
  CYP2D6.77$1
  CYP2D6.78$1
  CYP2D6.79$1
  CYP2D6.80$1
  CYP2D6.83
    6.1i           42525951:SNP.AC  348 ( 48)   843:T>G
== Copy Number Estimator ==
CNV factor: 2.29861015927 (0.43504549737)
Coverage per region
  region:  2D6  2D7
  0i   :  1.90  1.82 
  1e   :  1.75  1.89 = -0.14
  1i   :  1.81  1.77 =  0.05
  2e   :  1.09  0.89 =  0.20
  2i   :  1.57  1.00 =  0.57
  3e   :  1.31  1.20 =  0.11
  3i   :  1.62  1.81 
  4e   :  1.47  1.90 
  4i   :  1.79  2.27 
  5e   :  1.66  2.32 = -0.67
  5i   :  1.62  1.96 = -0.34
  6e   :  1.88  2.24 = -0.36
  6i   :  2.02  1.69 =  0.34
  7e   :  1.89  1.15 
  7i   :  1.91  1.91 
  8e   :  1.36  2.58 
  8i   :  2.00  2.37 
  9e   :  2.13  1.99 =  0.13
  ins  :  1.96  1.92 
  pce  :  0.00  2.21 = -2.21
  rep  :  1.73  2.06 
Max. CN = 3
M  Sentinel contraint for 61: A_61^ <= A_61
M  Sentinel contraint for 67: A_67^ <= A_67
M  Sentinel contraint for 80: A_80^ <= A_80
M  Sentinel contraint for 1: A_1^ <= A_1
M  Sentinel contraint for 5: A_5^ <= A_5
M  Sentinel contraint for 77: A_77^ <= A_77
M  Sentinel contraint for 76: A_76^ <= A_76
M  Sentinel contraint for 79: A_79^ <= A_79
M  Sentinel contraint for 78: A_78^ <= A_78
M  Sentinel contraint for 13: A_13^ <= A_13
M  Sentinel contraint for 16: A_16^ <= A_16
M  Sentinel contraint for 36: A_36^ <= A_36
M  Sentinel contraint for 36: A_36_2 <= A_36
M  Sentinel contraint for 36: A_36_3 <= A_36_2
M  Sentinel contraint for 1: A_1_3 <= A_1_2
M  Contraint for 6e: -0.363286868046 == E_6e + <gurobi.LinExpr: 0.0 A5^ + -1.0 A5^ + A78^ + -0.0 A78^ + A1^ + -1.0 A1^ + A61 + -1.0 A61 + A1_3 + -0.0 A1_3 + A80^ + -0.0 A80^ + A67 + -0.0 A67 + A80 + -0.0 A80 + A67^ + -0.0 A67^ + A61^ + -1.0 A61^ + 0.0 A77^ + -1.0 A77^ + A1 + -1.0 A1 + 0.0 A16^ + -1.0 A16^ + 0.0 A5 + -1.0 A5 + A36_2 + -0.0 A36_2 + A36_3 + -0.0 A36_3 + A79^ + -0.0 A79^ + 0.0 A77 + -1.0 A77 + 0.0 A76 + -1.0 A76 + A79 + -0.0 A79 + A78 + -0.0 A78 + A36^ + -1.0 A36^ + A13 + -0.0 A13 + 0.0 A76^ + -1.0 A76^ + 0.0 A16 + -1.0 A16 + A36 + -1.0 A36 + A13^ + -0.0 A13^ + A1_2 + -0.0 A1_2>
M  Contraint for 5e: -0.665942528137 == E_5e + <gurobi.LinExpr: 0.0 A5^ + -1.0 A5^ + A78^ + -0.0 A78^ + A1^ + -1.0 A1^ + A61 + -1.0 A61 + A1_3 + -0.0 A1_3 + A80^ + -0.0 A80^ + 0.5 A67 + -0.5 A67 + A80 + -0.0 A80 + 0.5 A67^ + -0.5 A67^ + A61^ + -1.0 A61^ + 0.0 A77^ + -1.0 A77^ + A1 + -1.0 A1 + 0.0 A16^ + -1.0 A16^ + 0.0 A5 + -1.0 A5 + A36_2 + -0.0 A36_2 + A36_3 + -0.0 A36_3 + A79^ + -0.0 A79^ + 0.0 A77 + -1.0 A77 + 0.0 A76 + -1.0 A76 + A79 + -0.0 A79 + A78 + -0.0 A78 + A36^ + -1.0 A36^ + A13 + -0.0 A13 + 0.0 A76^ + -1.0 A76^ + 0.0 A16 + -1.0 A16 + A36 + -1.0 A36 + A13^ + -0.0 A13^ + A1_2 + -0.0 A1_2>
M  Contraint for 6i: 0.336791369186 == E_6i + <gurobi.LinExpr: 0.0 A5^ + -1.0 A5^ + A78^ + -0.0 A78^ + A1^ + -1.0 A1^ + A61 + -1.0 A61 + A1_3 + -0.0 A1_3 + A80^ + -0.0 A80^ + A67 + -0.0 A67 + A80 + -0.0 A80 + A67^ + -0.0 A67^ + A61^ + -1.0 A61^ + 0.0 A77^ + -1.0 A77^ + A1 + -1.0 A1 + 0.0 A16^ + -1.0 A16^ + 0.0 A5 + -1.0 A5 + A36_2 + -0.0 A36_2 + A36_3 + -0.0 A36_3 + A79^ + -0.0 A79^ + 0.0 A77 + -1.0 A77 + 0.0 A76 + -1.0 A76 + A79 + -0.0 A79 + A78 + -0.0 A78 + A36^ + -1.0 A36^ + A13 + -0.0 A13 + 0.0 A76^ + -1.0 A76^ + 0.0 A16 + -1.0 A16 + A36 + -1.0 A36 + A13^ + -0.0 A13^ + A1_2 + -0.0 A1_2>
M  Contraint for 9e: 0.13439777062 == E_9e + <gurobi.LinExpr: 0.0 A5^ + -1.0 A5^ + A78^ + -0.0 A78^ + A1^ + -1.0 A1^ + 0.0 A61 + -2.0 A61 + A1_3 + -0.0 A1_3 + A80^ + -0.0 A80^ + A67 + -0.0 A67 + A80 + -0.0 A80 + A67^ + -0.0 A67^ + 0.0 A61^ + -2.0 A61^ + A77^ + -0.0 A77^ + A1 + -1.0 A1 + A16^ + -0.0 A16^ + 0.0 A5 + -1.0 A5 + 0.0 A36_2 + -1.0 A36_2 + 0.0 A36_3 + -1.0 A36_3 + A79^ + -0.0 A79^ + A77 + -0.0 A77 + 0.5 A76 + -0.5 A76 + A79 + -0.0 A79 + A78 + -0.0 A78 + 0.0 A36^ + -2.0 A36^ + A13 + -0.0 A13 + 0.5 A76^ + -0.5 A76^ + A16 + -0.0 A16 + 0.0 A36 + -2.0 A36 + A13^ + -0.0 A13^ + A1_2 + -0.0 A1_2>
M  Contraint for 2e: 0.199292351104 == E_2e + <gurobi.LinExpr: 0.0 A5^ + -1.0 A5^ + 0.0 A78^ + -1.0 A78^ + A1^ + -1.0 A1^ + A61 + -1.0 A61 + A1_3 + -0.0 A1_3 + 0.0 A80^ + -1.0 A80^ + 0.0 A67 + -1.0 A67 + 0.0 A80 + -1.0 A80 + 0.0 A67^ + -1.0 A67^ + A61^ + -1.0 A61^ + 0.0 A77^ + -1.0 A77^ + A1 + -1.0 A1 + 0.0 A16^ + -1.0 A16^ + 0.0 A5 + -1.0 A5 + A36_2 + -0.0 A36_2 + A36_3 + -0.0 A36_3 + 0.5 A79^ + -0.5 A79^ + 0.0 A77 + -1.0 A77 + 0.0 A76 + -1.0 A76 + 0.5 A79 + -0.5 A79 + 0.0 A78 + -1.0 A78 + A36^ + -1.0 A36^ + A13 + -0.0 A13 + 0.0 A76^ + -1.0 A76^ + 0.0 A16 + -1.0 A16 + A36 + -1.0 A36 + A13^ + -0.0 A13^ + A1_2 + -0.0 A1_2>
M  Contraint for 1e: -0.136695009633 == E_1e + <gurobi.LinExpr: 0.0 A5^ + -1.0 A5^ + 0.0 A78^ + -1.0 A78^ + A1^ + -1.0 A1^ + A61 + -1.0 A61 + A1_3 + -0.0 A1_3 + 0.0 A80^ + -1.0 A80^ + 0.0 A67 + -1.0 A67 + 0.0 A80 + -1.0 A80 + 0.0 A67^ + -1.0 A67^ + A61^ + -1.0 A61^ + 0.0 A77^ + -1.0 A77^ + A1 + -1.0 A1 + 0.0 A16^ + -1.0 A16^ + 0.0 A5 + -1.0 A5 + A36_2 + -0.0 A36_2 + A36_3 + -0.0 A36_3 + 0.0 A79^ + -1.0 A79^ + 0.0 A77 + -1.0 A77 + 0.0 A76 + -1.0 A76 + 0.0 A79 + -1.0 A79 + 0.0 A78 + -1.0 A78 + A36^ + -1.0 A36^ + 0.0 A13 + -1.0 A13 + 0.0 A76^ + -1.0 A76^ + 0.0 A16 + -1.0 A16 + A36 + -1.0 A36 + 0.0 A13^ + -1.0 A13^ + A1_2 + -0.0 A1_2>
M  Contraint for 1i: 0.0458309511656 == E_1i + <gurobi.LinExpr: 0.0 A5^ + -1.0 A5^ + 0.0 A78^ + -1.0 A78^ + A1^ + -1.0 A1^ + A61 + -1.0 A61 + A1_3 + -0.0 A1_3 + 0.0 A80^ + -1.0 A80^ + 0.0 A67 + -1.0 A67 + 0.0 A80 + -1.0 A80 + 0.0 A67^ + -1.0 A67^ + A61^ + -1.0 A61^ + 0.0 A77^ + -1.0 A77^ + A1 + -1.0 A1 + 0.0 A16^ + -1.0 A16^ + 0.0 A5 + -1.0 A5 + A36_2 + -0.0 A36_2 + A36_3 + -0.0 A36_3 + 0.0 A79^ + -1.0 A79^ + 0.0 A77 + -1.0 A77 + 0.0 A76 + -1.0 A76 + 0.0 A79 + -1.0 A79 + 0.0 A78 + -1.0 A78 + A36^ + -1.0 A36^ + 0.5 A13 + -0.5 A13 + 0.0 A76^ + -1.0 A76^ + 0.0 A16 + -1.0 A16 + A36 + -1.0 A36 + 0.5 A13^ + -0.5 A13^ + A1_2 + -0.0 A1_2>
M  Contraint for 5i: -0.342827014554 == E_5i + <gurobi.LinExpr: 0.0 A5^ + -1.0 A5^ + A78^ + -0.0 A78^ + A1^ + -1.0 A1^ + A61 + -1.0 A61 + A1_3 + -0.0 A1_3 + A80^ + -0.0 A80^ + A67 + -0.0 A67 + A80 + -0.0 A80 + A67^ + -0.0 A67^ + A61^ + -1.0 A61^ + 0.0 A77^ + -1.0 A77^ + A1 + -1.0 A1 + 0.0 A16^ + -1.0 A16^ + 0.0 A5 + -1.0 A5 + A36_2 + -0.0 A36_2 + A36_3 + -0.0 A36_3 + A79^ + -0.0 A79^ + 0.0 A77 + -1.0 A77 + 0.0 A76 + -1.0 A76 + A79 + -0.0 A79 + A78 + -0.0 A78 + A36^ + -1.0 A36^ + A13 + -0.0 A13 + 0.0 A76^ + -1.0 A76^ + 0.0 A16 + -1.0 A16 + A36 + -1.0 A36 + A13^ + -0.0 A13^ + A1_2 + -0.0 A1_2>
M  Contraint for 2i: 0.569883509571 == E_2i + <gurobi.LinExpr: 0.0 A5^ + -1.0 A5^ + 0.0 A78^ + -1.0 A78^ + A1^ + -1.0 A1^ + A61 + -1.0 A61 + A1_3 + -0.0 A1_3 + 0.5 A80^ + -0.5 A80^ + 0.0 A67 + -1.0 A67 + 0.5 A80 + -0.5 A80 + 0.0 A67^ + -1.0 A67^ + A61^ + -1.0 A61^ + 0.0 A77^ + -1.0 A77^ + A1 + -1.0 A1 + 0.0 A16^ + -1.0 A16^ + 0.0 A5 + -1.0 A5 + A36_2 + -0.0 A36_2 + A36_3 + -0.0 A36_3 + A79^ + -0.0 A79^ + 0.0 A77 + -1.0 A77 + 0.0 A76 + -1.0 A76 + A79 + -0.0 A79 + 0.0 A78 + -1.0 A78 + A36^ + -1.0 A36^ + A13 + -0.0 A13 + 0.0 A76^ + -1.0 A76^ + 0.0 A16 + -1.0 A16 + A36 + -1.0 A36 + A13^ + -0.0 A13^ + A1_2 + -0.0 A1_2>
M  Contraint for 3e: 0.105912579322 == E_3e + <gurobi.LinExpr: 0.0 A5^ + -1.0 A5^ + 0.0 A78^ + -1.0 A78^ + A1^ + -1.0 A1^ + A61 + -1.0 A61 + A1_3 + -0.0 A1_3 + A80^ + -0.0 A80^ + 0.0 A67 + -1.0 A67 + A80 + -0.0 A80 + 0.0 A67^ + -1.0 A67^ + A61^ + -1.0 A61^ + 0.0 A77^ + -1.0 A77^ + A1 + -1.0 A1 + 0.0 A16^ + -1.0 A16^ + 0.0 A5 + -1.0 A5 + A36_2 + -0.0 A36_2 + A36_3 + -0.0 A36_3 + A79^ + -0.0 A79^ + 0.0 A77 + -1.0 A77 + 0.0 A76 + -1.0 A76 + A79 + -0.0 A79 + 0.0 A78 + -1.0 A78 + A36^ + -1.0 A36^ + A13 + -0.0 A13 + 0.0 A76^ + -1.0 A76^ + 0.0 A16 + -1.0 A16 + A36 + -1.0 A36 + A13^ + -0.0 A13^ + A1_2 + -0.0 A1_2>
M  Contraint for pce: -2.21410149981 == E_pce + <gurobi.LinExpr: 0.0 A5^ + -1.0 A5^ + A78^ + -0.0 A78^ + 0.0 A1^ + -1.0 A1^ + 0.0 A61 + -2.0 A61 + 0.0 A1_3 + -0.0 A1_3 + A80^ + -0.0 A80^ + A67 + -0.0 A67 + A80 + -0.0 A80 + A67^ + -0.0 A67^ + 0.0 A61^ + -2.0 A61^ + A77^ + -0.0 A77^ + 0.0 A1 + -1.0 A1 + A16^ + -0.0 A16^ + 0.0 A5 + -1.0 A5 + 0.0 A36_2 + -1.0 A36_2 + 0.0 A36_3 + -1.0 A36_3 + A79^ + -0.0 A79^ + A77 + -0.0 A77 + A76 + -0.0 A76 + A79 + -0.0 A79 + A78 + -0.0 A78 + 0.0 A36^ + -2.0 A36^ + A13 + -0.0 A13 + A76^ + -0.0 A76^ + A16 + -0.0 A16 + 0.0 A36 + -2.0 A36 + A13^ + -0.0 A13^ + 0.0 A1_2 + -0.0 A1_2>
M  Objective: <gurobi.LinExpr: C39 + C40 + C41 + C42 + C43 + C44 + C45 + C46 + C47 + C48 + 1.5 C49 + 0.5 A5^ + 0.5 A78^ + 0.5 A1^ + 0.5 A61 + 0.5 A1_3 + 0.5 A80^ + 0.5 A67 + 0.5 A80 + 0.5 A67^ + 0.5 A61^ + 0.5 A77^ + 0.5 A1 + 0.5 A16^ + 0.5 A5 + 0.5 A36_2 + 0.5 A36_3 + 0.5 A79^ + 0.5 A36^ + 0.5 A76 + 0.5 A79 + 0.5 A78 + 0.5 A77 + 0.5 A13 + 0.5 A76^ + 0.5 A16 + 0.5 A36 + 0.5 A13^ + 0.5 A1_2 + 0.1 A78^ + 0.1 A80^ + 0.1 A67 + 0.1 A80 + 0.1 A67^ + 0.1 A77^ + 0.1 A16^ + 0.1 A79^ + 0.1 A76 + 0.1 A79 + 0.1 A78 + 0.1 A77 + 0.1 A13 + 0.1 A76^ + 0.1 A16 + 0.1 A13^>
CN Solver status: optimal, opt: 4.22201220106
  Solutions:
    ('1', '1^')
== Initial Solver ==
Solving Counter({'1': 2})
Possible candidates:
  CYP2D6.1
M  Max. CN for 1 = 2
M  CN contraint for 1: 2 == <gurobi.LinExpr: 1 + 1_2>
M  Sentinel contraint for 1: A_1_2 <= A_1
M  Objective: 0
CN Solver status: optimal, opt: 0.0
  solution:
    ('1', '1')
[32;01mCopy number best structures:[39;49;00m
[32;01m  (1) 2x*1-like[39;49;00m
== Refiner ==
Refining ('1', '1')
M  Sentinel constraint for 1: A_1_2 <= A_1
M  Sentinel constraint for 1C: A_1C_2 <= A_1C
M  Sentinel constraint for 1B: A_1B_2 <= A_1B
M  Sentinel constraint for 1E: A_1E_2 <= A_1E
M  Sentinel constraint for 1D: A_1D_2 <= A_1D
M  CN constraint for 1: 2 == <gurobi.LinExpr: 1E_2 + 1C + 1 + 1B_2 + 1B + 1E + 1D + 1D_2 + 1C_2 + 1_2>
M  Contraint for 42524814:REF 6.4e: 983 == <gurobi.QuadExpr: 491.5 1E_2 + 491.5 1B_2 + 491.5 1 + 491.5 1C + 491.5 1B + 491.5 1E + 491.5 1D + 491.5 1D_2 + 491.5 1C_2 + 491.5 1_2 + [ -491.5 EXT_1E_2_42524814:SNP.GA * 1E_2 + -491.5 EXT_1B_2_42524814:SNP.GA * 1B_2 + -491.5 EXT_1_42524814:SNP.GA * 1 + -491.5 REG_1C_42524814:SNP.GA * 1C + -491.5 EXT_1B_42524814:SNP.GA * 1B + -491.5 EXT_1E_42524814:SNP.GA * 1E + -491.5 EXT_1D_42524814:SNP.GA * 1D + -491.5 EXT_1D_2_42524814:SNP.GA * 1D_2 + -491.5 REG_1C_2_42524814:SNP.GA * 1C_2 + -491.5 EXT_1_2_42524814:SNP.GA * 1_2 ]> + err
M  Contraint for 42524923:SNP.AG 6.4e: 0 == <gurobi.QuadExpr: 0.0 + [ 371.0 REG_1E_2_42524923:SNP.AG * 1E_2 + 371.0 EXT_1B_2_42524923:SNP.AG * 1B_2 + 371.0 EXT_1_42524923:SNP.AG * 1 + 371.0 EXT_1C_42524923:SNP.AG * 1C + 371.0 EXT_1B_42524923:SNP.AG * 1B + 371.0 REG_1E_42524923:SNP.AG * 1E + 371.0 EXT_1D_42524923:SNP.AG * 1D + 371.0 EXT_1D_2_42524923:SNP.AG * 1D_2 + 371.0 EXT_1C_2_42524923:SNP.AG * 1C_2 + 371.0 EXT_1_2_42524923:SNP.AG * 1_2 ]> + err
M  Contraint for 42522964:SNP.CT 6.8e: 0 == <gurobi.QuadExpr: 0.0 + [ 257.0 EXT_1E_2_42522964:SNP.CT * 1E_2 + 257.0 REG_1B_2_42522964:SNP.CT * 1B_2 + 257.0 EXT_1_42522964:SNP.CT * 1 + 257.0 EXT_1C_42522964:SNP.CT * 1C + 257.0 REG_1B_42522964:SNP.CT * 1B + 257.0 EXT_1E_42522964:SNP.CT * 1E + 257.0 EXT_1D_42522964:SNP.CT * 1D + 257.0 EXT_1D_2_42522964:SNP.CT * 1D_2 + 257.0 EXT_1C_2_42522964:SNP.CT * 1C_2 + 257.0 EXT_1_2_42522964:SNP.CT * 1_2 ]> + err
M  Contraint for 42524814:SNP.GA 6.4e: 0 == <gurobi.QuadExpr: 0.0 + [ 491.5 EXT_1E_2_42524814:SNP.GA * 1E_2 + 491.5 EXT_1B_2_42524814:SNP.GA * 1B_2 + 491.5 EXT_1_42524814:SNP.GA * 1 + 491.5 REG_1C_42524814:SNP.GA * 1C + 491.5 EXT_1B_42524814:SNP.GA * 1B + 491.5 EXT_1E_42524814:SNP.GA * 1E + 491.5 EXT_1D_42524814:SNP.GA * 1D + 491.5 EXT_1D_2_42524814:SNP.GA * 1D_2 + 491.5 REG_1C_2_42524814:SNP.GA * 1C_2 + 491.5 EXT_1_2_42524814:SNP.GA * 1_2 ]> + err
M  Contraint for 42522964:REF 6.8e: 514 == <gurobi.QuadExpr: 257.0 1E_2 + 257.0 1B_2 + 257.0 1 + 257.0 1C + 257.0 1B + 257.0 1E + 257.0 1D + 257.0 1D_2 + 257.0 1C_2 + 257.0 1_2 + [ -257.0 EXT_1E_2_42522964:SNP.CT * 1E_2 + -257.0 REG_1B_2_42522964:SNP.CT * 1B_2 + -257.0 EXT_1_42522964:SNP.CT * 1 + -257.0 EXT_1C_42522964:SNP.CT * 1C + -257.0 REG_1B_42522964:SNP.CT * 1B + -257.0 EXT_1E_42522964:SNP.CT * 1E + -257.0 EXT_1D_42522964:SNP.CT * 1D + -257.0 EXT_1D_2_42522964:SNP.CT * 1D_2 + -257.0 EXT_1C_2_42522964:SNP.CT * 1C_2 + -257.0 EXT_1_2_42522964:SNP.CT * 1_2 ]> + err
M  Contraint for 42524217:SNP.GT 6.5e: 0 == <gurobi.QuadExpr: 0.0 + [ 191.5 EXT_1E_2_42524217:SNP.GT * 1E_2 + 191.5 EXT_1B_2_42524217:SNP.GT * 1B_2 + 191.5 EXT_1_42524217:SNP.GT * 1 + 191.5 EXT_1C_42524217:SNP.GT * 1C + 191.5 EXT_1B_42524217:SNP.GT * 1B + 191.5 EXT_1E_42524217:SNP.GT * 1E + 191.5 REG_1D_42524217:SNP.GT * 1D + 191.5 REG_1D_2_42524217:SNP.GT * 1D_2 + 191.5 EXT_1C_2_42524217:SNP.GT * 1C_2 + 191.5 EXT_1_2_42524217:SNP.GT * 1_2 ]> + err
M  Contraint for 42524923:REF 6.4e: 742 == <gurobi.QuadExpr: 371.0 1E_2 + 371.0 1B_2 + 371.0 1 + 371.0 1C + 371.0 1B + 371.0 1E + 371.0 1D + 371.0 1D_2 + 371.0 1C_2 + 371.0 1_2 + [ -371.0 REG_1E_2_42524923:SNP.AG * 1E_2 + -371.0 EXT_1B_2_42524923:SNP.AG * 1B_2 + -371.0 EXT_1_42524923:SNP.AG * 1 + -371.0 EXT_1C_42524923:SNP.AG * 1C + -371.0 EXT_1B_42524923:SNP.AG * 1B + -371.0 REG_1E_42524923:SNP.AG * 1E + -371.0 EXT_1D_42524923:SNP.AG * 1D + -371.0 EXT_1D_2_42524923:SNP.AG * 1D_2 + -371.0 EXT_1C_2_42524923:SNP.AG * 1C_2 + -371.0 EXT_1_2_42524923:SNP.AG * 1_2 ]> + err
M  Contraint for 42524217:REF 6.5e: 383 == <gurobi.QuadExpr: 191.5 1E_2 + 191.5 1B_2 + 191.5 1 + 191.5 1C + 191.5 1B + 191.5 1E + 191.5 1D + 191.5 1D_2 + 191.5 1C_2 + 191.5 1_2 + [ -191.5 EXT_1E_2_42524217:SNP.GT * 1E_2 + -191.5 EXT_1B_2_42524217:SNP.GT * 1B_2 + -191.5 EXT_1_42524217:SNP.GT * 1 + -191.5 EXT_1C_42524217:SNP.GT * 1C + -191.5 EXT_1B_42524217:SNP.GT * 1B + -191.5 EXT_1E_42524217:SNP.GT * 1E + -191.5 REG_1D_42524217:SNP.GT * 1D + -191.5 REG_1D_2_42524217:SNP.GT * 1D_2 + -191.5 EXT_1C_2_42524217:SNP.GT * 1C_2 + -191.5 EXT_1_2_42524217:SNP.GT * 1_2 ]> + err
M  Contraint for MM[missing] 1E_2 42524923:SNP.AG: <gurobi.Var 1E_2> >= <gurobi.Var REG_1E_2_42524923:SNP.AG>
M  Contraint for MM[missing] 1C 42524814:SNP.GA: <gurobi.Var 1C> >= <gurobi.Var REG_1C_42524814:SNP.GA>
M  Contraint for MM[missing] 1B_2 42522964:SNP.CT: <gurobi.Var 1B_2> >= <gurobi.Var REG_1B_2_42522964:SNP.CT>
M  Contraint for MM[missing] 1B 42522964:SNP.CT: <gurobi.Var 1B> >= <gurobi.Var REG_1B_42522964:SNP.CT>
M  Contraint for MM[missing] 1E 42524923:SNP.AG: <gurobi.Var 1E> >= <gurobi.Var REG_1E_42524923:SNP.AG>
M  Contraint for MM[missing] 1D 42524217:SNP.GT: <gurobi.Var 1D> >= <gurobi.Var REG_1D_42524217:SNP.GT>
M  Contraint for MM[missing] 1D_2 42524217:SNP.GT: <gurobi.Var 1D_2> >= <gurobi.Var REG_1D_2_42524217:SNP.GT>
M  Contraint for MM[missing] 1C_2 42524814:SNP.GA: <gurobi.Var 1C_2> >= <gurobi.Var REG_1C_2_42524814:SNP.GA>
M  Contraint for MA[extra] 1E_2 42524814:SNP.GA: <gurobi.Var 1E_2> >= <gurobi.Var EXT_1E_2_42524814:SNP.GA>
M  Contraint for MA[extra] 1E_2 42522964:SNP.CT: <gurobi.Var 1E_2> >= <gurobi.Var EXT_1E_2_42522964:SNP.CT>
M  Contraint for MA[extra] 1E_2 42524217:SNP.GT: <gurobi.Var 1E_2> >= <gurobi.Var EXT_1E_2_42524217:SNP.GT>
M  Contraint for MA[extra] 1C 42522964:SNP.CT: <gurobi.Var 1C> >= <gurobi.Var EXT_1C_42522964:SNP.CT>
M  Contraint for MA[extra] 1C 42524217:SNP.GT: <gurobi.Var 1C> >= <gurobi.Var EXT_1C_42524217:SNP.GT>
M  Contraint for MA[extra] 1C 42524923:SNP.AG: <gurobi.Var 1C> >= <gurobi.Var EXT_1C_42524923:SNP.AG>
M  Contraint for MA[extra] 1 42524814:SNP.GA: <gurobi.Var 1> >= <gurobi.Var EXT_1_42524814:SNP.GA>
M  Contraint for MA[extra] 1 42522964:SNP.CT: <gurobi.Var 1> >= <gurobi.Var EXT_1_42522964:SNP.CT>
M  Contraint for MA[extra] 1 42524217:SNP.GT: <gurobi.Var 1> >= <gurobi.Var EXT_1_42524217:SNP.GT>
M  Contraint for MA[extra] 1 42524923:SNP.AG: <gurobi.Var 1> >= <gurobi.Var EXT_1_42524923:SNP.AG>
M  Contraint for MA[extra] 1B_2 42524814:SNP.GA: <gurobi.Var 1B_2> >= <gurobi.Var EXT_1B_2_42524814:SNP.GA>
M  Contraint for MA[extra] 1B_2 42524923:SNP.AG: <gurobi.Var 1B_2> >= <gurobi.Var EXT_1B_2_42524923:SNP.AG>
M  Contraint for MA[extra] 1B_2 42524217:SNP.GT: <gurobi.Var 1B_2> >= <gurobi.Var EXT_1B_2_42524217:SNP.GT>
M  Contraint for MA[extra] 1B 42524814:SNP.GA: <gurobi.Var 1B> >= <gurobi.Var EXT_1B_42524814:SNP.GA>
M  Contraint for MA[extra] 1B 42524923:SNP.AG: <gurobi.Var 1B> >= <gurobi.Var EXT_1B_42524923:SNP.AG>
M  Contraint for MA[extra] 1B 42524217:SNP.GT: <gurobi.Var 1B> >= <gurobi.Var EXT_1B_42524217:SNP.GT>
M  Contraint for MA[extra] 1E 42524814:SNP.GA: <gurobi.Var 1E> >= <gurobi.Var EXT_1E_42524814:SNP.GA>
M  Contraint for MA[extra] 1E 42522964:SNP.CT: <gurobi.Var 1E> >= <gurobi.Var EXT_1E_42522964:SNP.CT>
M  Contraint for MA[extra] 1E 42524217:SNP.GT: <gurobi.Var 1E> >= <gurobi.Var EXT_1E_42524217:SNP.GT>
M  Contraint for MA[extra] 1D 42524814:SNP.GA: <gurobi.Var 1D> >= <gurobi.Var EXT_1D_42524814:SNP.GA>
M  Contraint for MA[extra] 1D 42522964:SNP.CT: <gurobi.Var 1D> >= <gurobi.Var EXT_1D_42522964:SNP.CT>
M  Contraint for MA[extra] 1D 42524923:SNP.AG: <gurobi.Var 1D> >= <gurobi.Var EXT_1D_42524923:SNP.AG>
M  Contraint for MA[extra] 1D_2 42524814:SNP.GA: <gurobi.Var 1D_2> >= <gurobi.Var EXT_1D_2_42524814:SNP.GA>
M  Contraint for MA[extra] 1D_2 42522964:SNP.CT: <gurobi.Var 1D_2> >= <gurobi.Var EXT_1D_2_42522964:SNP.CT>
M  Contraint for MA[extra] 1D_2 42524923:SNP.AG: <gurobi.Var 1D_2> >= <gurobi.Var EXT_1D_2_42524923:SNP.AG>
M  Contraint for MA[extra] 1C_2 42522964:SNP.CT: <gurobi.Var 1C_2> >= <gurobi.Var EXT_1C_2_42522964:SNP.CT>
M  Contraint for MA[extra] 1C_2 42524217:SNP.GT: <gurobi.Var 1C_2> >= <gurobi.Var EXT_1C_2_42524217:SNP.GT>
M  Contraint for MA[extra] 1C_2 42524923:SNP.AG: <gurobi.Var 1C_2> >= <gurobi.Var EXT_1C_2_42524923:SNP.AG>
M  Contraint for MA[extra] 1_2 42524814:SNP.GA: <gurobi.Var 1_2> >= <gurobi.Var EXT_1_2_42524814:SNP.GA>
M  Contraint for MA[extra] 1_2 42522964:SNP.CT: <gurobi.Var 1_2> >= <gurobi.Var EXT_1_2_42522964:SNP.CT>
M  Contraint for MA[extra] 1_2 42524217:SNP.GT: <gurobi.Var 1_2> >= <gurobi.Var EXT_1_2_42524217:SNP.GT>
M  Contraint for MA[extra] 1_2 42524923:SNP.AG: <gurobi.Var 1_2> >= <gurobi.Var EXT_1_2_42524923:SNP.AG>
M  Objective: <gurobi.LinExpr: C58 + C59 + C60 + C61 + C62 + C63 + C64 + C65 + EXT_1E_2_42524814:SNP.GA + EXT_1E_2_42522964:SNP.CT + EXT_1E_2_42524217:SNP.GT + EXT_1B_2_42524814:SNP.GA + EXT_1B_2_42524923:SNP.AG + EXT_1B_2_42524217:SNP.GT + EXT_1_42524814:SNP.GA + EXT_1_42522964:SNP.CT + EXT_1_42524217:SNP.GT + EXT_1_42524923:SNP.AG + EXT_1C_42522964:SNP.CT + EXT_1C_42524217:SNP.GT + EXT_1C_42524923:SNP.AG + EXT_1B_42524814:SNP.GA + EXT_1B_42524923:SNP.AG + EXT_1B_42524217:SNP.GT + EXT_1E_42524814:SNP.GA + EXT_1E_42522964:SNP.CT + EXT_1E_42524217:SNP.GT + EXT_1D_42524814:SNP.GA + EXT_1D_42522964:SNP.CT + EXT_1D_42524923:SNP.AG + EXT_1D_2_42524814:SNP.GA + EXT_1D_2_42522964:SNP.CT + EXT_1D_2_42524923:SNP.AG + EXT_1C_2_42522964:SNP.CT + EXT_1C_2_42524217:SNP.GT + EXT_1C_2_42524923:SNP.AG + EXT_1_2_42524814:SNP.GA + EXT_1_2_42522964:SNP.CT + EXT_1_2_42524217:SNP.GT + EXT_1_2_42524923:SNP.AG + W>
M  Contraint for 42524923:SNP.AG: 0 >= <gurobi.LinExpr: REG_1E_2_42524923:SNP.AG + REG_1E_42524923:SNP.AG>
M  Contraint for 42522964:SNP.CT: 0 >= <gurobi.LinExpr: REG_1B_2_42522964:SNP.CT + REG_1B_42522964:SNP.CT>
M  Contraint for 42524814:SNP.GA: 0 >= <gurobi.LinExpr: REG_1C_42524814:SNP.GA + REG_1C_2_42524814:SNP.GA>
M  Contraint for 42522964:SNP.CT: 0 >= <gurobi.LinExpr: REG_1B_2_42522964:SNP.CT + REG_1B_42522964:SNP.CT>
M  Contraint for 42524923:SNP.AG: 0 >= <gurobi.LinExpr: REG_1E_2_42524923:SNP.AG + REG_1E_42524923:SNP.AG>
M  Contraint for 42524217:SNP.GT: 0 >= <gurobi.LinExpr: REG_1D_42524217:SNP.GT + REG_1D_2_42524217:SNP.GT>
M  Contraint for 42524217:SNP.GT: 0 >= <gurobi.LinExpr: REG_1D_42524217:SNP.GT + REG_1D_2_42524217:SNP.GT>
M  Contraint for 42524814:SNP.GA: 0 >= <gurobi.LinExpr: REG_1C_42524814:SNP.GA + REG_1C_2_42524814:SNP.GA>
M  Contraint for 42524814:SNP.GA: 0 <= <gurobi.QuadExpr: 0.0 + [ REG_1C_42524814:SNP.GA * 1C + REG_1C_2_42524814:SNP.GA * 1C_2 + EXT_1E_2_42524814:SNP.GA * 1E_2 + EXT_1B_2_42524814:SNP.GA * 1B_2 + EXT_1_42524814:SNP.GA * 1 + EXT_1B_42524814:SNP.GA * 1B + EXT_1E_42524814:SNP.GA * 1E + EXT_1D_42524814:SNP.GA * 1D + EXT_1D_2_42524814:SNP.GA * 1D_2 + EXT_1_2_42524814:SNP.GA * 1_2 ]> <= 1
M  Contraint for 42522964:SNP.CT: 0 <= <gurobi.QuadExpr: 0.0 + [ REG_1B_2_42522964:SNP.CT * 1B_2 + REG_1B_42522964:SNP.CT * 1B + EXT_1E_2_42522964:SNP.CT * 1E_2 + EXT_1_42522964:SNP.CT * 1 + EXT_1C_42522964:SNP.CT * 1C + EXT_1E_42522964:SNP.CT * 1E + EXT_1D_42522964:SNP.CT * 1D + EXT_1D_2_42522964:SNP.CT * 1D_2 + EXT_1C_2_42522964:SNP.CT * 1C_2 + EXT_1_2_42522964:SNP.CT * 1_2 ]> <= 1
M  Contraint for 42524217:SNP.GT: 0 <= <gurobi.QuadExpr: 0.0 + [ REG_1D_42524217:SNP.GT * 1D + REG_1D_2_42524217:SNP.GT * 1D_2 + EXT_1E_2_42524217:SNP.GT * 1E_2 + EXT_1B_2_42524217:SNP.GT * 1B_2 + EXT_1_42524217:SNP.GT * 1 + EXT_1C_42524217:SNP.GT * 1C + EXT_1B_42524217:SNP.GT * 1B + EXT_1E_42524217:SNP.GT * 1E + EXT_1C_2_42524217:SNP.GT * 1C_2 + EXT_1_2_42524217:SNP.GT * 1_2 ]> <= 1
M  Contraint for 42524923:SNP.AG: 0 <= <gurobi.QuadExpr: 0.0 + [ REG_1E_2_42524923:SNP.AG * 1E_2 + REG_1E_42524923:SNP.AG * 1E + EXT_1B_2_42524923:SNP.AG * 1B_2 + EXT_1_42524923:SNP.AG * 1 + EXT_1C_42524923:SNP.AG * 1C + EXT_1B_42524923:SNP.AG * 1B + EXT_1D_42524923:SNP.AG * 1D + EXT_1D_2_42524923:SNP.AG * 1D_2 + EXT_1C_2_42524923:SNP.AG * 1C_2 + EXT_1_2_42524923:SNP.AG * 1_2 ]> <= 1
CN Solver status: optimal, opt: 0.0
  1: 1
  1_2: 1
Missing:
  1: 1
  1_2: 1
Extra:
  1: 1
  1_2: 1
Time needed: (20.1)
Result is: [('1', '1')]
