SAM file: bams/PGXT117.bam
File bams/PGXT117.bam has index
Coverage is 63.0779675071
== Allele Filter ==
 6.0i   15989447: SNP.TA                    2 ( 25%) ~     0 (  0)
 6.12e  15989588: DEL.G                    11 ( 16%) ~     6 ( 55)
 6.12e  15989695: SNP.GC                   30 ( 19%) ~     6 ( 20)
 6.12e  15989729: SNP.TC                   40 ( 27%) ~     7 ( 18)
 6.11i  15989810: SNP.TG                   14 ( 29%) ~     2 ( 14)
 6.11i  15989870: SNP.TA                    8 ( 40%) ~     0 (  0)
 6.11i  15990047: SNP.GA                   59 ( 47%) ~     0 (  0)
 6.8i   15995927: SNP.GA                    2 (100%) ~     0 (  0)
 6.8i   15996244: SNP.GA                    7 (100%) ~     0 (  0)
 6.8i   15996482: INS.g                     6 ( 40%) ~     0 (  0)
 6.8i   15996496: SNP.CT                   12 ( 50%) ~     0 (  0)
 6.7i   15997049: SNP.AG                    2 (  7%) ~     0 (  0)
 6.6i   16000165: SNP.TC                  207 (100%) ~     0 (  0)
 6.5i   16000973: SNP.AT                    3 (  7%) ~     0 (  0)
 6.4i   16001421: SNP.AC                    3 (  5%) ~     0 (  0)
 6.4i   16001476: DEL.CT                   10 ( 33%) ~     0 (  0)
 6.4i   16001739: SNP.AG                    3 (100%) ~     0 (  0)
 6.3i   16003262: SNP.GA                  179 ( 45%) ~     0 (  0)
 6.2i   16004537: SNP.AG                   96 ( 58%) ~     0 (  0)
 6.2i   16004910: SNP.AC                    2 (  5%) ~     0 (  0)
 6.2i   16006073: SNP.TA                   15 ( 45%) ~     0 (  0)
 6.1i   16006626: SNP.CA                    2 (  8%) ~     0 (  0)
Removing 2     6.1e 16008387:SNP.AC
Removing 3     6.10e 15990430:SNP.CT
Removing 4     6.1e 16008387:SNP.AC,  6.10e 15990430:SNP.CT
Initial status
  CYP2D6.1
== Copy Number Estimator ==
CNV factor: 2.82250572236 (0.354295118722)
Coverage per region
  region:  2D6  2D7
  0i   :  2.11
  1e   :  1.79
  1i   :  2.10
  2e   :  2.03
  2i   :  1.96
  3e   :  1.96
  3i   :  1.90
  4e   :  2.04
  4i   :  1.87
  5e   :  1.65
  5i   :  2.10
  6e   :  2.05
  6i   :  2.98
  7e   :  3.68
  7i   :  2.39
  8e   :  2.01
  8i   :  1.96
  9e   :  2.36
  9i   :  1.87
  10e  :  1.99
  10i  :  2.19
  11e  :  2.05
  11i  :  2.23
  12e  :  1.69
Max. CN = 4
M  Sentinel contraint for 1: A_1^ <= A_1
M  Contraint for 7e: 3.67501765483 == E_7e + <gurobi.LinExpr: A1 + A1^>
M  Contraint for 6e: 2.05186741129 == E_6e + <gurobi.LinExpr: A1 + A1^>
M  Contraint for 9e: 2.36150092148 == E_9e + <gurobi.LinExpr: A1 + A1^>
M  Contraint for 8e: 2.01155948631 == E_8e + <gurobi.LinExpr: A1 + A1^>
M  Contraint for 2e: 2.02702319544 == E_2e + <gurobi.LinExpr: A1 + A1^>
M  Contraint for 1e: 1.79223582037 == E_1e + <gurobi.LinExpr: A1 + A1^>
M  Contraint for 5e: 1.64685910648 == E_5e + <gurobi.LinExpr: A1 + A1^>
M  Contraint for 4e: 2.03620948448 == E_4e + <gurobi.LinExpr: A1 + A1^>
M  Contraint for 3e: 1.96196172515 == E_3e + <gurobi.LinExpr: A1 + A1^>
M  Objective: <gurobi.LinExpr: C11 + C12 + C13 + C14 + C15 + C16 + C17 + C18 + C19 + 0.5 A1 + 0.5 A1^>
CN Solver status: optimal, opt: 3.76212150183
  Solutions:
    ('1', '1^')
== Initial Solver ==
Solving Counter({'1': 2})
Possible candidates:
  CYP2D6.1
M  Max. CN for 1 = 2
M  CN contraint for 1: 2 == <gurobi.LinExpr: 1 + 1_2>
M  Sentinel contraint for 1: A_1_2 <= A_1
M  Objective: 0
CN Solver status: optimal, opt: 0.0
  solution:
    ('1', '1')
[32;01mCopy number best structures:[39;49;00m
[32;01m  (1) 2x*1-like[39;49;00m
== Refiner ==
Refining ('1', '1')
M  Sentinel constraint for 1: A_1_2 <= A_1
M  CN constraint for 1: 2 == <gurobi.LinExpr: 1 + 1_2>
M  Objective: <gurobi.LinExpr: W>
CN Solver status: optimal, opt: 0.0
  1: 1
  1_2: 1
Missing:
  1: 1
  1_2: 1
Extra:
  1: 1
  1_2: 1
Time needed: (15.1)
Result is: [('1', '1')]
