SAM file: bams/PGXT119.bam
File bams/PGXT119.bam has index
Coverage is 63.7638736873
== Allele Filter ==
 6.0i   15989453: SNP.AG                    3 ( 60%) ~     0 (  0)
 6.12e  15989695: SNP.GC                   23 ( 17%) ~     5 ( 22)
 6.12e  15989729: SNP.TC                   41 ( 32%) ~     4 ( 10)
 6.11i  15989776: SNP.AC                    5 (  5%) ~     0 (  0)
 6.11i  15989856: SNP.TC                    5 ( 19%) ~     2 ( 40)
 6.11i  15989870: SNP.TA                   12 ( 50%) ~     0 (  0)
 6.8i   15996244: SNP.GA                    2 (100%) ~     0 (  0)
 6.8i   15996482: INS.g                    29 ( 94%) ~     0 (  0)
 6.8i   15996496: SNP.CT                   19 ( 58%) ~     0 (  0)
 6.8e   15996819: SNP.GA                  324 ( 50%) ~     0 (  0)
 6.6i   15997136: INS.c                     2 ( 50%) ~     0 (  0)
 6.6i   15997921: SNP.CT                    2 (100%) ~     0 (  0)
 6.6i   15999917: SNP.AG                    2 ( 29%) ~     0 (  0)
 6.6i   16000165: SNP.TC                   65 ( 53%) ~     0 (  0)
 6.5i   16000608: SNP.TA                    9 ( 47%) ~     0 (  0)
 6.4i   16001476: DEL.CT                    9 ( 41%) ~     0 (  0)
 6.4i   16002733: SNP.CG                    2 ( 40%) ~     0 (  0)
 6.2i   16003751: SNP.TC                    2 ( 50%) ~     0 (  0)
 6.2i   16006073: SNP.TA                   10 ( 71%) ~     0 (  0)
 6.1i   16006878: SNP.CT                    2 (100%) ~     0 (  0)
 6.1i   16007436: SNP.CA                    2 (100%) ~     0 (  0)
Removing 2     6.1e 16008387:SNP.AC
Removing 3     6.10e 15990430:SNP.CT
Removing 4     6.1e 16008387:SNP.AC,  6.10e 15990430:SNP.CT
Initial status
  CYP2D6.1
== Copy Number Estimator ==
CNV factor: 3.14886026512 (0.317575222716)
Coverage per region
  region:  2D6  2D7
  0i   :  1.66
  1e   :  2.03
  1i   :  2.26
  2e   :  2.03
  2i   :  2.00
  3e   :  2.07
  3i   :  2.11
  4e   :  2.22
  4i   :  2.00
  5e   :  1.82
  5i   :  2.14
  6e   :  2.23
  6i   :  2.46
  7e   :  2.91
  7i   :  2.24
  8e   :  2.17
  8i   :  2.07
  9e   :  2.14
  9i   :  1.86
  10e  :  2.00
  10i  :  2.20
  11e  :  2.08
  11i  :  2.47
  12e  :  1.58
Max. CN = 3
M  Sentinel contraint for 1: A_1^ <= A_1
M  Contraint for 7e: 2.91108918388 == E_7e + <gurobi.LinExpr: A1 + A1^>
M  Contraint for 6e: 2.23041132832 == E_6e + <gurobi.LinExpr: A1 + A1^>
M  Contraint for 9e: 2.14245522075 == E_9e + <gurobi.LinExpr: A1 + A1^>
M  Contraint for 8e: 2.167405452 == E_8e + <gurobi.LinExpr: A1 + A1^>
M  Contraint for 2e: 2.03470409752 == E_2e + <gurobi.LinExpr: A1 + A1^>
M  Contraint for 1e: 2.03205541207 == E_1e + <gurobi.LinExpr: A1 + A1^>
M  Contraint for 5e: 1.81539636647 == E_5e + <gurobi.LinExpr: A1 + A1^>
M  Contraint for 4e: 2.21657232893 == E_4e + <gurobi.LinExpr: A1 + A1^>
M  Contraint for 3e: 2.07271838279 == E_3e + <gurobi.LinExpr: A1 + A1^>
M  Objective: <gurobi.LinExpr: C11 + C12 + C13 + C14 + C15 + C16 + C17 + C18 + C19 + 0.5 A1 + 0.5 A1^>
CN Solver status: optimal, opt: 2.99201503978
  Solutions:
    ('1', '1^')
== Initial Solver ==
Solving Counter({'1': 2})
Possible candidates:
  CYP2D6.1
M  Max. CN for 1 = 2
M  CN contraint for 1: 2 == <gurobi.LinExpr: 1 + 1_2>
M  Sentinel contraint for 1: A_1_2 <= A_1
M  Objective: 0
CN Solver status: optimal, opt: 0.0
  solution:
    ('1', '1')
[32;01mCopy number best structures:[39;49;00m
[32;01m  (1) 2x*1-like[39;49;00m
== Refiner ==
Refining ('1', '1')
M  Sentinel constraint for 1: A_1_2 <= A_1
M  CN constraint for 1: 2 == <gurobi.LinExpr: 1 + 1_2>
M  Objective: <gurobi.LinExpr: W>
CN Solver status: optimal, opt: 0.0
  1: 1
  1_2: 1
Missing:
  1: 1
  1_2: 1
Extra:
  1: 1
  1_2: 1
Time needed: (14.0)
Result is: [('1', '1')]
