SAM file: bams/PGXT225.bam
File bams/PGXT225.bam has index
Coverage is 65.8949045887
== Allele Filter ==
 6.12e  15989588: SNP.GT                   19 ( 25%) ~     0 (  0)
 6.12e  15989695: SNP.GC                   53 ( 33%) ~     5 (  9)
 6.12e  15989729: SNP.TC                   83 ( 44%) ~     6 (  7)
 6.11i  15989856: SNP.TC                   10 ( 25%) ~     1 ( 10)
 6.11i  15989870: SNP.TA                   14 ( 40%) ~     0 (  0)
 6.11i  15989890: SNP.CT                    5 ( 14%) ~     1 ( 20)
 6.11i  15989903: SNP.CA                    5 ( 14%) ~     1 ( 20)
 6.11i  15989908: SNP.AG                    5 ( 14%) ~     1 ( 20)
 6.11i  15989918: SNP.GC                    5 ( 12%) ~     0 (  0)
 6.11i  15989921: SNP.CA                    6 ( 15%) ~     0 (  0)
 6.11i  15989926: SNP.AG                    6 ( 15%) ~     0 (  0)
 6.11i  15990047: SNP.GA                   74 ( 48%) ~     0 (  0)
 6.8i   15990880: SNP.AG                    2 ( 10%) ~     0 (  0)
 6.8i   15996482: INS.g                    33 ( 94%) ~     1 (  3)
 6.6i   15997136: INS.c                     4 ( 36%) ~     0 (  0)
 6.6i   15999626: SNP.CT                    2 (100%) ~     0 (  0)
 6.5i   16000561: SNP.AC                    3 (  7%) ~     0 (  0)
 6.5i   16000591: SNP.TC                    2 (  6%) ~     0 (  0)
 6.5i   16000608: SNP.TA                   13 ( 50%) ~     0 (  0)
 6.5i   16000872: SNP.AT                    2 (  7%) ~     0 (  0)
 6.2i   16003650: SNP.TC                   30 ( 47%) ~     0 (  0)
 6.2i   16003694: SNP.CT                   22 ( 59%) ~     0 (  0)
 6.2i   16003919: SNP.GA                    2 ( 50%) ~     0 (  0)
 6.2i   16004370: SNP.AT                   12 ( 52%) ~     0 (  0)
 6.2i   16004395: SNP.CG                   15 ( 47%) ~     0 (  0)
 6.2i   16004799: SNP.CA                   86 ( 40%) ~     0 (  0)
 6.2i   16005002: SNP.CT                    2 ( 20%) ~     0 (  0)
 6.2i   16005975: SNP.GA                   10 ( 53%) ~     0 (  0)
 6.2i   16006073: SNP.TA                   26 ( 46%) ~     0 (  0)
 6.2i   16006097: SNP.GA                   41 ( 49%) ~     0 (  0)
 6.2i   16006100: SNP.TC                   42 ( 48%) ~     0 (  0)
 6.2i   16006177: SNP.AG                  135 ( 53%) ~     0 (  0)
 6.2e   16006412: SNP.GA                  265 ( 46%) ~     0 (  0)
 6.1i   16006610: SNP.TC                   29 ( 62%) ~     0 (  0)
 6.1i   16006677: DEL.TCTG                 10 ( 45%) ~     0 (  0)
 6.1i   16006717: SNP.GA                    2 ( 12%) ~     0 (  0)
 6.1i   16006717: INS.atct                  8 ( 47%) ~     0 (  0)
 6.1i   16006853: SNP.AC                    2 (100%) ~     0 (  0)
 6.1i   16006878: SNP.CT                    2 (100%) ~     0 (  0)
 6.1i   16007969: SNP.AC                    2 (  6%) ~     0 (  0)
 6.1i   16007974: SNP.TA                    2 (  6%) ~     0 (  0)
 6.1i   16008098: SNP.TC                  102 ( 51%) ~     0 (  0)
 6.1e   16008256: SNP.TC                  705 ( 48%) ~     0 (  0)
 6.1e   16008387: SNP.AC     34:T>G       717 ( 47%) ~     0 (  0)
Removing 3     6.10e 15990430:SNP.CT
Removing 4     6.10e 15990430:SNP.CT
Initial status
  CYP2D6.1
  CYP2D6.2
    6.1e           16008387:SNP.AC  717 ( 47) F 34:T>G
== Copy Number Estimator ==
CNV factor: 2.25660692179 (0.443143194476)
Coverage per region
  region:  2D6  2D7
  0i   :  1.95
  1e   :  1.83
  1i   :  2.00
  2e   :  2.06
  2i   :  2.06
  3e   :  2.24
  3i   :  2.27
  4e   :  2.25
  4i   :  2.32
  5e   :  1.76
  5i   :  2.34
  6e   :  1.98
  6i   :  2.70
  7e   :  5.88
  7i   :  2.65
  8e   :  2.20
  8i   :  2.27
  9e   :  2.30
  9i   :  1.95
  10e  :  2.01
  10i  :  2.37
  11e  :  1.97
  11i  :  2.38
  12e  :  1.41
Max. CN = 6
M  Sentinel contraint for 1: A_1^ <= A_1
M  Contraint for 7e: 5.88099395741 == E_7e + <gurobi.LinExpr: A1 + A1^>
M  Contraint for 6e: 1.9777553473 == E_6e + <gurobi.LinExpr: A1 + A1^>
M  Contraint for 9e: 2.30428602755 == E_9e + <gurobi.LinExpr: A1 + A1^>
M  Contraint for 8e: 2.20227385846 == E_8e + <gurobi.LinExpr: A1 + A1^>
M  Contraint for 2e: 2.05540802136 == E_2e + <gurobi.LinExpr: A1 + A1^>
M  Contraint for 1e: 1.82504876605 == E_1e + <gurobi.LinExpr: A1 + A1^>
M  Contraint for 5e: 1.76202481977 == E_5e + <gurobi.LinExpr: A1 + A1^>
M  Contraint for 4e: 2.24859667651 == E_4e + <gurobi.LinExpr: A1 + A1^>
M  Contraint for 3e: 2.24278390849 == E_3e + <gurobi.LinExpr: A1 + A1^>
M  Objective: <gurobi.LinExpr: C11 + C12 + C13 + C14 + C15 + C16 + C17 + C18 + C19 + 0.5 A1 + 0.5 A1^>
CN Solver status: optimal, opt: 6.36951351666
  Solutions:
    ('1', '1^')
== Initial Solver ==
Solving Counter({'1': 2})
Possible candidates:
  CYP2D6.1
  CYP2D6.2
    6.1e 16008387:SNP.AC  717 ( 47) F 34:T>G
M  Max. CN for 1 = 2
M  Max. CN for 2 = 2
M  Contraint for 16008387:REF 6.1e: 794 == <gurobi.QuadExpr: 755.5 1 + 755.5 2_2 + 755.5 2 + 755.5 1_2 + [ -755.5 REG_2_2_16008387:SNP.AC * 2_2 + -755.5 REG_2_16008387:SNP.AC * 2 ]> + err
M  Contraint for 16008387:SNP.AC 6.1e: 717 == <gurobi.QuadExpr: 0.0 + [ 755.5 REG_2_2_16008387:SNP.AC * 2_2 + 755.5 REG_2_16008387:SNP.AC * 2 ]> + err
M  Contraint for 2_2 16008387:SNP.AC: <gurobi.Var 2_2> >= <gurobi.Var REG_2_2_16008387:SNP.AC>
M  Contraint for 2 16008387:SNP.AC: <gurobi.Var 2> >= <gurobi.Var REG_2_16008387:SNP.AC>
M  CN contraint for 1: 2 == <gurobi.LinExpr: 1 + 2_2 + 2 + 1_2>
M  Sentinel contraint for 1: A_1_2 <= A_1
M  Sentinel contraint for 2: A_2_2 <= A_2
M  Objective: <gurobi.LinExpr: C9 + C10>
M  Contraint for 2_2: A_2_2 * (<gurobi.LinExpr: REG_2_2_16008387:SNP.AC> - 1) == 0
M  Contraint for 2: A_2 * (<gurobi.LinExpr: REG_2_16008387:SNP.AC> - 1) == 0
M  Contraint for 16008387:SNP.AC: 1 <= <gurobi.QuadExpr: 0.0 + [ 2_2 * REG_2_2_16008387:SNP.AC + 2 * REG_2_16008387:SNP.AC ]>
M  Contraint for 16008387:SNP.AC: 1 <= <gurobi.QuadExpr: 0.0 + [ 2_2 * REG_2_2_16008387:SNP.AC + 2 * REG_2_16008387:SNP.AC ]>
CN Solver status: optimal, opt: 77.0
  solution:
    ('1', '2')
[32;01mCopy number best structures:[39;49;00m
[32;01m  (1) 2x*1-like[39;49;00m
== Refiner ==
Refining ('1', '2')
M  CN constraint for 1: 1 == <gurobi.LinExpr: 1>
M  CN constraint for 2: 1 == <gurobi.LinExpr: 2>
M  Contraint for 16008387:REF 6.1e: 794 == <gurobi.QuadExpr: 755.5 1 + 755.5 2 + [ -755.5 EXT_1_16008387:SNP.AC * 1 + -755.5 REG_2_16008387:SNP.AC * 2 ]> + err
M  Contraint for 16008387:SNP.AC 6.1e: 717 == <gurobi.QuadExpr: 0.0 + [ 755.5 EXT_1_16008387:SNP.AC * 1 + 755.5 REG_2_16008387:SNP.AC * 2 ]> + err
M  Contraint for MM[missing] 2 16008387:SNP.AC: <gurobi.Var 2> >= <gurobi.Var REG_2_16008387:SNP.AC>
M  Contraint for MA[extra] 1 16008387:SNP.AC: <gurobi.Var 1> >= <gurobi.Var EXT_1_16008387:SNP.AC>
M  Objective: <gurobi.LinExpr: C6 + C7 + EXT_1_16008387:SNP.AC + W>
M  Contraint for 2: <gurobi.LinExpr: REG_2_16008387:SNP.AC> = 1 * A_<gurobi.Var 2>
M  Contraint for 16008387:SNP.AC: 1 <= <gurobi.QuadExpr: 0.0 + [ REG_2_16008387:SNP.AC * 2 ]> <= 1
M  Contraint for 16008387:SNP.AC: <gurobi.QuadExpr: 0.0 + [ REG_2_16008387:SNP.AC * 2 ]> <= 1
CN Solver status: optimal, opt: 77.0
  1: 1
  2: 1
    6.1e 16008387:SNP.AC  717 ( 47 cp. 1) F
Missing:
  1: 1
  2: 1
Extra:
  1: 1
  2: 1
Time needed: (19.7)
Result is: [('1', '2')]
