SAM file: bams/PGXT225.bam
File bams/PGXT225.bam has index
Coverage is 449.35002181
== Allele Filter ==
Refining indel 42526656:INS.a: from 1 of 1107.0 to 1 (indel:total = 1:707)
Refining indel 42527886:INS.t: from 1 of 293.0 to 1 (indel:total = 1:163)
 6.rep  42521441: SNP.GA                   77 ( 26%) ~    77 (100)
 6.rep  42521628: SNP.TG                    9 (  6%) ~     5 ( 56)
 6.rep  42521648: SNP.TG                   10 (  6%) ~     3 ( 30)
 6.rep  42521864: SNP.CT                  277 ( 42%) ~     3 (  1)
 6.rep  42521928: SNP.AG                  376 ( 48%) ~     0 (  0)
 6.ins  42522026: SNP.CT                  399 ( 48%) ~     2 (  1)
 6.ins  42522073: SNP.AC                  351 ( 47%) ~     2 (  1)
 6.ins  42522083: SNP.CT                  353 ( 46%) ~     2 (  1)
 6.ins  42522137: INS.tgt                 406 ( 85%) ~     7 (  2)
 6.ins  42522497: SNP.GA                   44 (  8%) ~    44 (100)
 6.9e   42522612: SNP.CG     4180:G>C     312 ( 47%) ~     0 (  0)
 6.7i   42523002: SNP.GA     3790:C>T     479 ( 75%) ~     0 (  0)
 6.7i   42523208: SNP.CT     3584:G>A     359 ( 54%) ~     0 (  0)
 6.7i   42523314: SNP.TC                   78 ( 11%) ~    16 ( 21)
 6.7i   42523408: SNP.TG     3384:A>C     575 ( 65%) ~    39 (  7)
 6.7e   42523504: SNP.CT     3288:G>A     143 ( 11%) ~    37 ( 26)
 6.7e   42523513: SNP.CT                  149 ( 11%) ~    43 ( 29)
 6.7e   42523635: SNP.CA                  126 ( 12%) ~    24 ( 19)
 6.6e   42523942: SNP.GA     2850:C>T     309 ( 52%) ~     0 (  0)
 6.5i   42524079: SNP.TG                   59 ( 10%) ~     0 (  0)
 6.5i   42524142: SNP.AC                   40 (  8%) ~     0 (  0)
 6.4i   42524707: SNP.TC                  185 ( 19%) ~    21 ( 11)
 6.4i   42524712: SNP.CG                  186 ( 19%) ~    15 (  8)
 6.4i   42524742: SNP.GA                  241 ( 24%) ~    18 (  7)
 6.4e   42524794: SNP.AG                  289 ( 26%) ~    12 (  4)
 6.4e   42524923: SNP.AG     1869:T>C     140 ( 13%) ~    42 ( 30)
 6.3e   42525131: SNP.CG     1661:G>C     545 ( 56%) ~     0 (  0)
 6.2i   42525504: SNP.CG                  938 (100%) ~     1 (  0)
 6.2i   42525505: SNP.GC                  940 (100%) ~     1 (  0)
 6.2e   42525771: SNP.GA     1023:C>T     260 ( 51%) ~     0 (  0)
 6.1i   42525951: SNP.AC     843:T>G      454 ( 48%) ~   433 ( 95)
 6.1i   42526048: SNP.GC     746:C>G      219 ( 25%) ~   219 (100)
 6.1i   42526483: SNP.CA     310:G>T      390 ( 53%) ~     0 (  0)
 6.1i   42526548: SNP.TC     CYP2D7:i1:5491   469 ( 62%) ~     3 (  1)
 6.1i   42526560: SNP.TG     CYP2D7:i1:5503   480 ( 64%) ~    12 (  2)
 6.1i   42526561: SNP.CG     CYP2D7:i1:5504   481 ( 64%) ~    12 (  2)
 6.1i   42526566: SNP.AG     CYP2D7:i1:5509   493 ( 63%) ~    12 (  2)
 6.1i   42526570: SNP.GC     CYP2D7:i1:5513   499 ( 64%) ~    12 (  2)
 6.1i   42526572: SNP.GT     CYP2D7:i1:5515   504 ( 64%) ~    12 (  2)
 6.1i   42526579: SNP.CG     214:G>C      520 ( 63%) ~    12 (  2)
 6.0i   42526836: INS.c                   332 ( 46%) ~     2 (  1)
 6.0i   42527470: SNP.CT     -678:G>A     136 ( 19%) ~   127 ( 93)
 6.0i   42527532: SNP.GA     -740:C>T     313 ( 55%) ~     0 (  0)
 6.0i   42527975: SNP.TG                    5 (  6%) ~     0 (  0)
 6.0i   42527978: SNP.AC                    7 (  9%) ~     0 (  0)
 6.0i   42527978: SNP.AT                    4 (  5%) ~     0 (  0)
 6.0i   42527984: SNP.TC                    4 (  5%) ~     0 (  0)
 6.0i   42527988: SNP.TC                   10 ( 14%) ~     0 (  0)
 6.0i   42527999: SNP.TG                    4 (  6%) ~     0 (  0)
 6.0i   42528003: SNP.AG                    3 (  5%) ~     0 (  0)
 6.0i   42528012: SNP.AC                    8 ( 15%) ~     0 (  0)
 6.0i   42528015: SNP.AC                   13 ( 24%) ~     0 (  0)
 6.0i   42528019: SNP.AC                    3 (  6%) ~     0 (  0)
 6.0i   42528026: DEL.T                     2 (  7%) ~     0 (  0)
 6.0i   42528026: DEL.TTCTTTT                2 (  7%) ~     0 (  0)
 6.0i   42528027: SNP.TC     -1235:A>G     11 ( 52%) ~     0 (  0)
 7.rep  42533597: SNP.GA                   69 ( 27%) ~    69 (100)
 7.rep  42533794: SNP.TG                    9 (  8%) ~     9 (100)
 7.rep  42533800: SNP.AG                    6 (  6%) ~     6 (100)
 7.rep  42533804: SNP.TG                    8 (  8%) ~     7 ( 88)
 7.rep  42533904: SNP.AG                   71 ( 23%) ~     0 (  0)
 7.rep  42534050: SNP.AG                  169 ( 48%) ~     0 (  0)
 7.rep  42534074: SNP.GA                  196 ( 55%) ~     0 (  0)
 7.pce  42534125: SNP.GT                  133 ( 52%) ~     0 (  0)
 7.pce  42534147: SNP.CT                  104 ( 52%) ~     0 (  0)
 7.pce  42534275: SNP.CG                   15 ( 48%) ~     0 (  0)
 7.pce  42534678: SNP.GT                    2 (100%) ~     0 (  0)
 7.pce  42534681: SNP.TC                    3 (100%) ~     0 (  0)
 7.ins  42535801: SNP.AC                   24 (  5%) ~     0 (  0)
 7.ins  42535807: SNP.TC                  222 ( 41%) ~     0 (  0)
 7.ins  42535817: SNP.AG                  156 ( 25%) ~     4 (  3)
 7.ins  42536210: SNP.GA                  223 ( 36%) ~    32 ( 14)
 7.9e   42536410: SNP.TG                   99 ( 13%) ~     0 (  0)
 7.8e   42536652: SNP.TC                  108 ( 10%) ~    78 ( 72)
 7.7i   42536923: SNP.CT                   32 (  6%) ~    18 ( 56)
 7.7i   42536985: DEL.TGGACAGGCCAGCCCTGCCTATACTC               53 ( 14%) ~     0 (  0)
 7.7i   42537022: SNP.TC                  123 ( 30%) ~     5 (  4)
 7.7i   42537114: SNP.CT                   69 ( 20%) ~    22 ( 32)
 7.7i   42537119: INS.a                    57 ( 17%) ~    21 ( 37)
 7.7i   42537126: SNP.AG                   61 ( 18%) ~    18 ( 30)
 7.7e   42537195: SNP.TC                  435 (100%) ~    42 ( 10)
 7.7e   42537217: SNP.TC                  132 ( 28%) ~    19 ( 14)
 7.7e   42537226: SNP.TC                  133 ( 26%) ~    20 ( 15)
 7.7e   42537251: SNP.GA                  535 ( 97%) ~    79 ( 15)
 7.6i   42537403: SNP.GC                  745 (100%) ~     1 (  0)
 7.6e   42537596: SNP.AG                  381 (100%) ~     0 (  0)
 7.6e   42537642: SNP.GA                  215 ( 54%) ~     0 (  0)
 7.6e   42537645: SNP.GC                  217 ( 54%) ~     0 (  0)
 7.5i   42537781: SNP.TG                   56 ( 10%) ~     1 (  2)
 7.5i   42537844: SNP.AC                   31 (  6%) ~     1 (  3)
 7.4i   42538102: SNP.TC                  278 ( 55%) ~     0 (  0)
 7.4i   42538228: SNP.GA                  250 ( 51%) ~     3 (  1)
 7.4i   42538246: SNP.CA                  224 ( 48%) ~     0 (  0)
 7.4i   42538398: SNP.CT                  460 (100%) ~    16 (  3)
 7.4i   42538461: SNP.AG                   32 ( 10%) ~    13 ( 41)
 7.4e   42538507: SNP.AG                  331 ( 65%) ~     2 (  1)
 7.4e   42538508: SNP.GA                  331 ( 65%) ~     4 (  1)
 7.4e   42538514: INS.c                   329 ( 60%) ~     6 (  2)
 7.4e   42538617: SNP.AG                  306 ( 36%) ~    48 ( 16)
 7.3e   42538875: SNP.AT                  442 ( 97%) ~     0 (  0)
 7.2i   42538896: SNP.AG                  148 ( 45%) ~     0 (  0)
 7.2i   42538929: SNP.AC                   13 (  6%) ~     0 (  0)
 7.2i   42539084: SNP.AC                    3 (  7%) ~     0 (  0)
 7.2i   42539194: SNP.TA                    2 ( 11%) ~     0 (  0)
 7.1i   42539622: SNP.CA                  438 ( 48%) ~   409 ( 93)
 7.1i   42539719: SNP.CG                  677 ( 71%) ~   667 ( 99)
 7.1e   42540367: SNP.TG                   97 ( 10%) ~     0 (  0)
 7.0i   42540550: SNP.AG                  274 ( 50%) ~     0 (  0)
 7.0i   42540667: SNP.AG                  234 ( 49%) ~     7 (  3)
 7.0i   42541142: SNP.TC                  199 ( 25%) ~   196 ( 98)
 7.0i   42541201: SNP.CT                   82 ( 12%) ~    81 ( 99)
 7.0i   42541655: SNP.TC                   10 ( 45%) ~     0 (  0)
Removing 10B   6.1e 42526693:SNP.GA
Removing 10A   6.1e 42526693:SNP.GA
Removing 10D   6.1e 42526693:SNP.GA
Removing 10DW  6.1e 42526693:SNP.GA
Removing 10BW  6.1e 42526693:SNP.GA
Removing 10AW  6.1e 42526693:SNP.GA
Removing 100   6.1e 42526693:SNP.GA,  6.6e 42523964:DEL.G
Removing 101   6.1e 42526693:SNP.GA,  6.6e 42523847:DEL.CACATCCGGATGTAGGATC
Removing 102   6.2e 42525822:SNP.GA
Removing 103   6.2e 42525822:SNP.GA,  6.3e 42525043:SNP.TC
Removing 104   6.3e 42525072:SNP.TA
Removing 105   6.7e 42523524:SNP.AG
Removing 107   6.3e 42525133:SNP.CT
Removing 108   6.7e 42523566:SNP.TC,  6.7e 42523557:SNP.TC
Removing 109   6.5e 42524175:DEL.CTT,  6.7e 42523609:SNP.CT
Removing 11W   6.1i 42525911:SNP.CG,  6.0i 42528381:SNP.GC
Removing 11    6.1i 42525911:SNP.CG
Removing 12    6.1e 42526669:SNP.CT
Removing 14BW  6.3e 42525034:SNP.CT,  6.0i 42528381:SNP.GC
Removing 14AW  6.1e 42526693:SNP.GA,  6.3e 42525034:SNP.CT,  6.0i 42528381:SNP.GC
Removing 14B   6.3e 42525034:SNP.CT
Removing 14A   6.1e 42526693:SNP.GA,  6.3e 42525034:SNP.CT
Removing 15    6.1e 42526656:INS.a
Removing 18    6.9e 42522667:INS.agtgggcac
Removing 19    6.5e 42524250:DEL.AGTT
Removing 2KW   6.0i 42528381:SNP.GC
Removing 2A    6.0i 42528381:SNP.GC
Removing 2CW   6.0i 42528381:SNP.GC
Removing 2AW   6.0i 42528381:SNP.GC
Removing 2FW   6.0i 42528381:SNP.GC
Removing 2HW   6.0i 42528381:SNP.GC
Removing 2DW   6.0i 42528381:SNP.GC
Removing 2GW   6.0i 42528381:SNP.GC
Removing 2MW   6.0i 42528381:SNP.GC
Removing 2BW   6.0i 42528381:SNP.GC
Removing 2LW   6.0i 42528381:SNP.GC
Removing 2EW   6.0i 42528381:SNP.GC
Removing 20    6.4e 42524819:INS.c,  6.4e 42524814:SNP.GA,  6.4e 42524813:SNP.AG
Removing 21B   6.0i 42528381:SNP.GC,  6.5e 42524213:INS.g
Removing 21A   6.0i 42528381:SNP.GC,  6.5e 42524213:INS.g
Removing 22    6.1e 42526711:SNP.GA
Removing 23    6.2e 42525837:SNP.GA
Removing 24    6.6e 42523939:SNP.TG
Removing 25    6.7e 42523594:SNP.GC
Removing 26    6.7e 42523515:SNP.AG
Removing 27    6.8e 42522939:SNP.CT
Removing 28    6.1e 42526774:SNP.CT,  6.3e 42525088:SNP.GC
Removing 28W   6.1e 42526774:SNP.CT,  6.3e 42525088:SNP.GC,  6.0i 42528381:SNP.GC
Removing 29    6.3e 42525133:SNP.CT,  6.7e 42523609:SNP.CT
Removing 3B    6.3e 42525043:SNP.TC,  6.5e 42524243:DEL.T
Removing 3A    6.5e 42524243:DEL.T
Removing 30    6.4e 42524929:INS.ggggcgaaa
Removing 31    6.0i 42528381:SNP.GC,  6.9e 42522750:SNP.CT
Removing 32    6.8e 42522939:SNP.CT
Removing 33    6.5e 42524309:SNP.CA
Removing 35B   6.0i 42528381:SNP.GC,  6.1e 42526762:SNP.CT
Removing 35A   6.0i 42528381:SNP.GC,  6.1e 42526762:SNP.CT
Removing 36    6.1e 42526693:SNP.GA
Removing 37    6.1e 42526693:SNP.GA,  6.4e 42524849:SNP.CT
Removing 38    6.5e 42524202:DEL.AGTC
Removing 4GW   6.1e 42526693:SNP.GA,  6.2e 42525820:SNP.GT,  6.2e 42525810:SNP.TC,  6.3i 42524946:SNP.CT,  6.6e 42523854:SNP.GA
Removing 4HW   6.1e 42526693:SNP.GA,  6.2e 42525820:SNP.GT,  6.2e 42525810:SNP.TC,  6.3i 42524946:SNP.CT,  6.8e 42522915:SNP.CG
Removing 4FW   6.1e 42526693:SNP.GA,  6.2e 42525820:SNP.GT,  6.2e 42525810:SNP.TC,  6.3i 42524946:SNP.CT,  6.4e 42524934:SNP.GA
Removing 4KW   6.1e 42526693:SNP.GA,  6.3i 42524946:SNP.CT
Removing 4AW   6.1e 42526693:SNP.GA,  6.2e 42525820:SNP.GT,  6.2e 42525810:SNP.TC,  6.3i 42524946:SNP.CT
Removing 4N    6.1e 42526693:SNP.GA,  6.2e 42525820:SNP.GT,  6.2e 42525810:SNP.TC,  6.3i 42524946:SNP.CT
Removing 4M    6.2e 42525820:SNP.GT,  6.2e 42525810:SNP.TC,  6.3i 42524946:SNP.CT
Removing 4J    6.1e 42526693:SNP.GA,  6.2e 42525820:SNP.GT,  6.2e 42525810:SNP.TC,  6.3i 42524946:SNP.CT
Removing 4K    6.1e 42526693:SNP.GA,  6.3i 42524946:SNP.CT
Removing 4H    6.1e 42526693:SNP.GA,  6.2e 42525820:SNP.GT,  6.2e 42525810:SNP.TC,  6.3i 42524946:SNP.CT,  6.8e 42522915:SNP.CG
Removing 4CW   6.1e 42526693:SNP.GA,  6.3i 42524946:SNP.CT,  6.8e 42522905:SNP.AG
Removing 4D    6.1e 42526693:SNP.GA,  6.3i 42524946:SNP.CT
Removing 4LW   6.1e 42526693:SNP.GA,  6.3i 42524946:SNP.CT
Removing 4B    6.1e 42526693:SNP.GA,  6.2e 42525820:SNP.GT,  6.2e 42525810:SNP.TC,  6.3i 42524946:SNP.CT
Removing 4A    6.1e 42526693:SNP.GA,  6.2e 42525820:SNP.GT,  6.2e 42525810:SNP.TC,  6.3i 42524946:SNP.CT
Removing 4BW   6.1e 42526693:SNP.GA,  6.2e 42525820:SNP.GT,  6.2e 42525810:SNP.TC,  6.3i 42524946:SNP.CT
Removing 4JW   6.1e 42526693:SNP.GA,  6.2e 42525820:SNP.GT,  6.2e 42525810:SNP.TC,  6.3i 42524946:SNP.CT
Removing 4L    6.1e 42526693:SNP.GA,  6.3i 42524946:SNP.CT
Removing 4EW   6.1e 42526693:SNP.GA,  6.3i 42524946:SNP.CT
Removing 4P    6.1e 42526693:SNP.GA,  6.2e 42525820:SNP.GT,  6.2e 42525810:SNP.TC,  6.3i 42524946:SNP.CT,  6.5e 42524216:SNP.GA
Removing 4F    6.1e 42526693:SNP.GA,  6.2e 42525820:SNP.GT,  6.2e 42525810:SNP.TC,  6.3i 42524946:SNP.CT,  6.4e 42524934:SNP.GA
Removing 4G    6.1e 42526693:SNP.GA,  6.2e 42525820:SNP.GT,  6.2e 42525810:SNP.TC,  6.3i 42524946:SNP.CT,  6.6e 42523854:SNP.GA
Removing 4E    6.1e 42526693:SNP.GA,  6.3i 42524946:SNP.CT
Removing 4DW   6.1e 42526693:SNP.GA,  6.3i 42524946:SNP.CT
Removing 4C    6.1e 42526693:SNP.GA,  6.3i 42524946:SNP.CT,  6.8e 42522905:SNP.AG
Removing 40    6.4e 42524929:INS.ggggcgaaaggggcgaaa
Removing 41    6.6i 42523804:SNP.CT
Removing 42    6.7e 42523533:INS.ac
Removing 43    6.1e 42526716:SNP.CT
Removing 44    6.1e 42526711:SNP.GA,  6.6i 42523842:SNP.CG
Removing 45A   6.3e 42525076:SNP.CT
Removing 45B   6.3e 42525076:SNP.CT
Removing 46    6.1e 42526716:SNP.CT,  6.3e 42525076:SNP.CT
Removing 47    6.1e 42526720:SNP.GA,  6.1e 42526693:SNP.GA
Removing 48    6.2e 42525822:SNP.GA
Removing 49    6.1e 42526693:SNP.GA,  6.3e 42525181:SNP.AT
Removing 50    6.3e 42525072:SNP.TG
Removing 51    6.0i 42528381:SNP.GC,  6.7e 42523620:SNP.TG
Removing 52    6.1e 42526693:SNP.GA,  6.8e 42522915:SNP.CT
Removing 53    6.3e 42525181:SNP.AT,  6.3e 42525175:SNP.CA
Removing 54    6.1e 42526693:SNP.GA,  6.5e 42524236:SNP.GA
Removing 55    6.8e 42522957:SNP.TG
Removing 56A   6.0i 42528381:SNP.GC,  6.7e 42523591:SNP.GA
Removing 56B   6.1e 42526693:SNP.GA,  6.7e 42523591:SNP.GA
Removing 57    6.1e 42526693:SNP.GA,  6.2e 42525907:SNP.GA
Removing 58    6.4e 42524929:INS.ggggcgaaa
Removing 59    6.6e 42523853:SNP.CT
Removing 6A    6.3e 42525085:DEL.A
Removing 6B    6.3e 42525085:DEL.A,  6.4e 42524816:SNP.CT
Removing 6C    6.3e 42525085:DEL.A,  6.4e 42524816:SNP.CT
Removing 6D    6.3e 42525085:DEL.A
Removing 60    6.4e 42524905:INS.ta
Removing 62    6.9e 42522748:SNP.GA
Removing 63    6.0i 42528381:SNP.GC
Removing 64    6.1e 42526693:SNP.GA
Removing 65    6.1e 42526693:SNP.GA
Removing 68    6.1e 42526693:SNP.GA
Removing 69    6.1e 42526693:SNP.GA,  6.6i 42523804:SNP.CT
Removing 7     6.6e 42523857:SNP.TG
Removing 70    6.3e 42525184:SNP.CT,  6.3e 42525133:SNP.CT,  6.7e 42523609:SNP.CT
Removing 71    6.0i 42528381:SNP.GC,  6.1e 42526668:SNP.CT
Removing 72    6.1e 42526693:SNP.GA,  6.7e 42523474:SNP.CT
Removing 73    6.2e 42525781:SNP.CT
Removing 74    6.2e 42525820:SNP.GT
Removing 75    6.9e 42522747:SNP.CT
Removing 8     6.3e 42525034:SNP.CA
Removing 81    6.5e 42524213:SNP.GA,  6.5e 42524186:SNP.CT,  6.5e 42524182:SNP.AT
Removing 82    6.2e 42525820:SNP.GT,  6.2e 42525810:SNP.TC,  6.2e 42525780:SNP.AG,  6.2e 42525772:SNP.TA,  6.2e 42525771:SNP.GT,  6.2e 42525766:SNP.TC
Removing 84    6.5e 42524218:SNP.GT
Removing 85    6.9e 42522635:SNP.AC
Removing 86    6.5e 42524186:SNP.CT,  6.5e 42524182:SNP.AT
Removing 87    6.1e 42526779:SNP.GA,  6.1e 42526693:SNP.GA
Removing 88    6.2e 42525780:SNP.AG
Removing 89    6.3e 42525114:SNP.AG
Removing 9     6.5e 42524175:DEL.CTT
Removing 90    6.3e 42525099:SNP.TC
Removing 91    6.3e 42525057:SNP.CG,  6.6i 42523804:SNP.CT
Removing 92    6.4e 42524797:DEL.G
Removing 93    6.5e 42524273:SNP.TG
Removing 94B   6.1e 42526693:SNP.GA,  6.7e 42523611:SNP.TC
Removing 94A   6.1e 42526693:SNP.GA,  6.7e 42523611:SNP.TC
Removing 95    6.1e 42526693:SNP.GA,  6.7e 42523458:SNP.CT
Removing 96    6.8e 42522897:SNP.GA
Removing 97    6.9e 42522698:SNP.GT
Removing 98    6.9e 42522682:SNP.GC
Initial status
  CYP2D6.1B
    6.8e           42522964:SNP.CT    0 (  0)   3828:G>A
  CYP2D6.1E
    6.4e           42524923:SNP.AG  140 ( 13)   1869:T>C
  CYP2D6.1C
    6.4e           42524814:SNP.GA    0 (  0)   1978:C>T
  CYP2D6.1D
    6.5e           42524217:SNP.GT    0 (  0)   2575:C>A
  CYP2D6.1
  CYP2D6.13$1
  CYP2D6.16$1
  CYP2D6.17
    6.9e           42522612:SNP.CG  312 ( 47) F 4180:G>C
    6.6e           42523942:SNP.GA  309 ( 52) F 2850:C>T
    6.3e           42525131:SNP.CG  545 ( 56)   1661:G>C
    6.2e           42525771:SNP.GA  260 ( 51) F 1023:C>T
  CYP2D6.17W
    6.9e           42522612:SNP.CG  312 ( 47) F 4180:G>C
    6.7i           42523408:SNP.TG  575 ( 65)   3384:A>C
    6.6e           42523942:SNP.GA  309 ( 52) F 2850:C>T
    6.3e           42525131:SNP.CG  545 ( 56)   1661:G>C
    6.2e           42525771:SNP.GA  260 ( 51) F 1023:C>T
    6.1i           42525951:SNP.AC  454 ( 48)   843:T>G
    6.1i           42526483:SNP.CA  390 ( 53)   310:G>T
    6.0i           42528027:SNP.TC   11 ( 52)   -1235:A>G
  CYP2D6.2D
    6.9e           42522612:SNP.CG  312 ( 47) F 4180:G>C
    6.6e           42523942:SNP.GA  309 ( 52) F 2850:C>T
  CYP2D6.2E
    6.9e           42522612:SNP.CG  312 ( 47) F 4180:G>C
    6.6e           42523942:SNP.GA  309 ( 52) F 2850:C>T
    6.3e           42525131:SNP.CG  545 ( 56)   1661:G>C
    6.2e           42525797:SNP.GC    0 (  0)   997:C>G
  CYP2D6.2F
    6.9e           42522612:SNP.CG  312 ( 47) F 4180:G>C
    6.6e           42523942:SNP.GA  309 ( 52) F 2850:C>T
    6.3e           42525068:SNP.GA    0 (  0)   1724:C>T
    6.3e           42525131:SNP.CG  545 ( 56)   1661:G>C
  CYP2D6.2G
    6.9e           42522612:SNP.CG  312 ( 47) F 4180:G>C
    6.6e           42523942:SNP.GA  309 ( 52) F 2850:C>T
    6.5e           42524217:SNP.GT    0 (  0)   2575:C>A
    6.5e           42524322:SNP.AG    0 (  0)   2470:T>C
    6.3e           42525131:SNP.CG  545 ( 56)   1661:G>C
  CYP2D6.2B
    6.9e           42522612:SNP.CG  312 ( 47) F 4180:G>C
    6.6e           42523942:SNP.GA  309 ( 52) F 2850:C>T
    6.3e           42525131:SNP.CG  545 ( 56)   1661:G>C
    6.2e           42525755:SNP.GA    0 (  0)   1039:C>T
  CYP2D6.2C
    6.9e           42522612:SNP.CG  312 ( 47) F 4180:G>C
    6.6e           42523942:SNP.GA  309 ( 52) F 2850:C>T
    6.5e           42524322:SNP.AG    0 (  0)   2470:T>C
    6.3e           42525131:SNP.CG  545 ( 56)   1661:G>C
  CYP2D6.2L
    6.9e           42522612:SNP.CG  312 ( 47) F 4180:G>C
    6.7i           42523002:SNP.GA  479 ( 75)   3790:C>T
    6.7i           42523208:SNP.CT  359 ( 54)   3584:G>A
    6.7i           42523408:SNP.TG  575 ( 65)   3384:A>C
    6.6e           42523942:SNP.GA  309 ( 52) F 2850:C>T
    6.3e           42525035:SNP.GA    0 (  0)   1757:C>T
    6.3e           42525131:SNP.CG  545 ( 56)   1661:G>C
    6.2i           42525279:SNP.GA    0 (  0)   1513:C>T
    6.1i           42525951:SNP.AC  454 ( 48)   843:T>G
    6.1i           42526048:SNP.GC  219 ( 25)   746:C>G
    6.1i           42526483:SNP.CA  390 ( 53)   310:G>T
    6.0i           42527532:SNP.GA  313 ( 55)   -740:C>T
    6.0i           42528027:SNP.TC   11 ( 52)   -1235:A>G
    6.0i           42528095:SNP.CT    0 (  0)   -1298:G>A
  CYP2D6.2M
    6.ins          42522311:SNP.CT    0 (  0)   4481:G>A
    6.9e           42522612:SNP.CG  312 ( 47) F 4180:G>C
    6.7i           42523002:SNP.GA  479 ( 75)   3790:C>T
    6.7i           42523208:SNP.CT  359 ( 54)   3584:G>A
    6.7i           42523408:SNP.TG  575 ( 65)   3384:A>C
    6.6e           42523942:SNP.GA  309 ( 52) F 2850:C>T
    6.3e           42525131:SNP.CG  545 ( 56)   1661:G>C
    6.1i           42525951:SNP.AC  454 ( 48)   843:T>G
    6.1i           42526048:SNP.GC  219 ( 25)   746:C>G
    6.1i           42526483:SNP.CA  390 ( 53)   310:G>T
    6.1i           42526548:SNP.TC  469 ( 62)   CYP2D7:i1:5491
    6.1i           42526560:SNP.TG  480 ( 64)   CYP2D7:i1:5503
    6.1i           42526561:SNP.CG  481 ( 64)   CYP2D7:i1:5504
    6.1i           42526566:SNP.AG  493 ( 63)   CYP2D7:i1:5509
    6.1i           42526570:SNP.GC  499 ( 64)   CYP2D7:i1:5513
    6.1i           42526572:SNP.GT  504 ( 64)   CYP2D7:i1:5515
    6.0i           42527470:SNP.CT  136 ( 19)   -678:G>A
    6.0i           42527532:SNP.GA  313 ( 55)   -740:C>T
    6.0i           42527541:DEL.TC    0 (  0)   -750:delGA
    6.0i           42528027:SNP.TC   11 ( 52)   -1235:A>G
  CYP2D6.2H
    6.9e           42522612:SNP.CG  312 ( 47) F 4180:G>C
    6.6e           42523942:SNP.GA  309 ( 52) F 2850:C>T
    6.5e           42524312:SNP.GA    0 (  0)   2480:C>T
    6.3e           42525131:SNP.CG  545 ( 56)   1661:G>C
  CYP2D6.2K
    6.9e           42522612:SNP.CG  312 ( 47) F 4180:G>C
    6.9e           42522677:SNP.GA    0 (  0)   4115:C>T
    6.6e           42523942:SNP.GA  309 ( 52) F 2850:C>T
    6.3e           42525131:SNP.CG  545 ( 56)   1661:G>C
  CYP2D6.34
    6.6e           42523942:SNP.GA  309 ( 52) F 2850:C>T
  CYP2D6.39
    6.9e           42522612:SNP.CG  312 ( 47) F 4180:G>C
    6.3e           42525131:SNP.CG  545 ( 56)   1661:G>C
  CYP2D6.5
  CYP2D6.61
  CYP2D6.67$1
  CYP2D6.76$1
  CYP2D6.77$1
  CYP2D6.78$1
  CYP2D6.79$1
  CYP2D6.80$1
  CYP2D6.83
    6.1i           42525951:SNP.AC  454 ( 48)   843:T>G
== Copy Number Estimator ==
CNV factor: 2.25660692179 (0.443143194476)
Coverage per region
  region:  2D6  2D7
  0i   :  2.13  1.81 
  1e   :  2.03  1.85 =  0.17
  1i   :  2.19  1.99 =  0.21
  2e   :  1.81  1.67 =  0.13
  2i   :  1.98  1.42 =  0.56
  3e   :  2.16  1.64 =  0.52
  3i   :  2.03  1.99 
  4e   :  1.68  1.99 
  4i   :  2.14  2.51 
  5e   :  2.23  2.22 =  0.01
  5i   :  1.84  2.40 = -0.57
  6e   :  2.12  2.56 = -0.43
  6i   :  2.21  1.88 =  0.33
  7e   :  2.04  1.00 
  7i   :  2.25  1.79 
  8e   :  1.76  2.43 
  8i   :  2.53  2.76 
  9e   :  2.52  2.39 =  0.13
  ins  :  2.08  1.96 
  pce  :  0.00  2.34 = -2.34
  rep  :  1.65  2.89 
Max. CN = 3
M  Sentinel contraint for 61: A_61^ <= A_61
M  Sentinel contraint for 67: A_67^ <= A_67
M  Sentinel contraint for 80: A_80^ <= A_80
M  Sentinel contraint for 1: A_1^ <= A_1
M  Sentinel contraint for 5: A_5^ <= A_5
M  Sentinel contraint for 77: A_77^ <= A_77
M  Sentinel contraint for 76: A_76^ <= A_76
M  Sentinel contraint for 79: A_79^ <= A_79
M  Sentinel contraint for 78: A_78^ <= A_78
M  Sentinel contraint for 13: A_13^ <= A_13
M  Sentinel contraint for 16: A_16^ <= A_16
M  Sentinel contraint for 36: A_36^ <= A_36
M  Sentinel contraint for 36: A_36_2 <= A_36
M  Sentinel contraint for 36: A_36_3 <= A_36_2
M  Sentinel contraint for 1: A_1_3 <= A_1_2
M  Contraint for 6e: -0.432420171267 == E_6e + <gurobi.LinExpr: 0.0 A5^ + -1.0 A5^ + A78^ + -0.0 A78^ + A1^ + -1.0 A1^ + A61 + -1.0 A61 + A1_3 + -0.0 A1_3 + A80^ + -0.0 A80^ + A67 + -0.0 A67 + A80 + -0.0 A80 + A67^ + -0.0 A67^ + A61^ + -1.0 A61^ + 0.0 A77^ + -1.0 A77^ + A1 + -1.0 A1 + 0.0 A16^ + -1.0 A16^ + 0.0 A5 + -1.0 A5 + A36_2 + -0.0 A36_2 + A36_3 + -0.0 A36_3 + A79^ + -0.0 A79^ + 0.0 A77 + -1.0 A77 + 0.0 A76 + -1.0 A76 + A79 + -0.0 A79 + A78 + -0.0 A78 + A36^ + -1.0 A36^ + A13 + -0.0 A13 + 0.0 A76^ + -1.0 A76^ + 0.0 A16 + -1.0 A16 + A36 + -1.0 A36 + A13^ + -0.0 A13^ + A1_2 + -0.0 A1_2>
M  Contraint for 5e: 0.00511967073072 == E_5e + <gurobi.LinExpr: 0.0 A5^ + -1.0 A5^ + A78^ + -0.0 A78^ + A1^ + -1.0 A1^ + A61 + -1.0 A61 + A1_3 + -0.0 A1_3 + A80^ + -0.0 A80^ + 0.5 A67 + -0.5 A67 + A80 + -0.0 A80 + 0.5 A67^ + -0.5 A67^ + A61^ + -1.0 A61^ + 0.0 A77^ + -1.0 A77^ + A1 + -1.0 A1 + 0.0 A16^ + -1.0 A16^ + 0.0 A5 + -1.0 A5 + A36_2 + -0.0 A36_2 + A36_3 + -0.0 A36_3 + A79^ + -0.0 A79^ + 0.0 A77 + -1.0 A77 + 0.0 A76 + -1.0 A76 + A79 + -0.0 A79 + A78 + -0.0 A78 + A36^ + -1.0 A36^ + A13 + -0.0 A13 + 0.0 A76^ + -1.0 A76^ + 0.0 A16 + -1.0 A16 + A36 + -1.0 A36 + A13^ + -0.0 A13^ + A1_2 + -0.0 A1_2>
M  Contraint for 6i: 0.33200564458 == E_6i + <gurobi.LinExpr: 0.0 A5^ + -1.0 A5^ + A78^ + -0.0 A78^ + A1^ + -1.0 A1^ + A61 + -1.0 A61 + A1_3 + -0.0 A1_3 + A80^ + -0.0 A80^ + A67 + -0.0 A67 + A80 + -0.0 A80 + A67^ + -0.0 A67^ + A61^ + -1.0 A61^ + 0.0 A77^ + -1.0 A77^ + A1 + -1.0 A1 + 0.0 A16^ + -1.0 A16^ + 0.0 A5 + -1.0 A5 + A36_2 + -0.0 A36_2 + A36_3 + -0.0 A36_3 + A79^ + -0.0 A79^ + 0.0 A77 + -1.0 A77 + 0.0 A76 + -1.0 A76 + A79 + -0.0 A79 + A78 + -0.0 A78 + A36^ + -1.0 A36^ + A13 + -0.0 A13 + 0.0 A76^ + -1.0 A76^ + 0.0 A16 + -1.0 A16 + A36 + -1.0 A36 + A13^ + -0.0 A13^ + A1_2 + -0.0 A1_2>
M  Contraint for 9e: 0.132631050716 == E_9e + <gurobi.LinExpr: 0.0 A5^ + -1.0 A5^ + A78^ + -0.0 A78^ + A1^ + -1.0 A1^ + 0.0 A61 + -2.0 A61 + A1_3 + -0.0 A1_3 + A80^ + -0.0 A80^ + A67 + -0.0 A67 + A80 + -0.0 A80 + A67^ + -0.0 A67^ + 0.0 A61^ + -2.0 A61^ + A77^ + -0.0 A77^ + A1 + -1.0 A1 + A16^ + -0.0 A16^ + 0.0 A5 + -1.0 A5 + 0.0 A36_2 + -1.0 A36_2 + 0.0 A36_3 + -1.0 A36_3 + A79^ + -0.0 A79^ + A77 + -0.0 A77 + 0.5 A76 + -0.5 A76 + A79 + -0.0 A79 + A78 + -0.0 A78 + 0.0 A36^ + -2.0 A36^ + A13 + -0.0 A13 + 0.5 A76^ + -0.5 A76^ + A16 + -0.0 A16 + 0.0 A36 + -2.0 A36 + A13^ + -0.0 A13^ + A1_2 + -0.0 A1_2>
M  Contraint for 2e: 0.131433062762 == E_2e + <gurobi.LinExpr: 0.0 A5^ + -1.0 A5^ + 0.0 A78^ + -1.0 A78^ + A1^ + -1.0 A1^ + A61 + -1.0 A61 + A1_3 + -0.0 A1_3 + 0.0 A80^ + -1.0 A80^ + 0.0 A67 + -1.0 A67 + 0.0 A80 + -1.0 A80 + 0.0 A67^ + -1.0 A67^ + A61^ + -1.0 A61^ + 0.0 A77^ + -1.0 A77^ + A1 + -1.0 A1 + 0.0 A16^ + -1.0 A16^ + 0.0 A5 + -1.0 A5 + A36_2 + -0.0 A36_2 + A36_3 + -0.0 A36_3 + 0.5 A79^ + -0.5 A79^ + 0.0 A77 + -1.0 A77 + 0.0 A76 + -1.0 A76 + 0.5 A79 + -0.5 A79 + 0.0 A78 + -1.0 A78 + A36^ + -1.0 A36^ + A13 + -0.0 A13 + 0.0 A76^ + -1.0 A76^ + 0.0 A16 + -1.0 A16 + A36 + -1.0 A36 + A13^ + -0.0 A13^ + A1_2 + -0.0 A1_2>
M  Contraint for 1e: 0.174591513258 == E_1e + <gurobi.LinExpr: 0.0 A5^ + -1.0 A5^ + 0.0 A78^ + -1.0 A78^ + A1^ + -1.0 A1^ + A61 + -1.0 A61 + A1_3 + -0.0 A1_3 + 0.0 A80^ + -1.0 A80^ + 0.0 A67 + -1.0 A67 + 0.0 A80 + -1.0 A80 + 0.0 A67^ + -1.0 A67^ + A61^ + -1.0 A61^ + 0.0 A77^ + -1.0 A77^ + A1 + -1.0 A1 + 0.0 A16^ + -1.0 A16^ + 0.0 A5 + -1.0 A5 + A36_2 + -0.0 A36_2 + A36_3 + -0.0 A36_3 + 0.0 A79^ + -1.0 A79^ + 0.0 A77 + -1.0 A77 + 0.0 A76 + -1.0 A76 + 0.0 A79 + -1.0 A79 + 0.0 A78 + -1.0 A78 + A36^ + -1.0 A36^ + 0.0 A13 + -1.0 A13 + 0.0 A76^ + -1.0 A76^ + 0.0 A16 + -1.0 A16 + A36 + -1.0 A36 + 0.0 A13^ + -1.0 A13^ + A1_2 + -0.0 A1_2>
M  Contraint for 1i: 0.205673748805 == E_1i + <gurobi.LinExpr: 0.0 A5^ + -1.0 A5^ + 0.0 A78^ + -1.0 A78^ + A1^ + -1.0 A1^ + A61 + -1.0 A61 + A1_3 + -0.0 A1_3 + 0.0 A80^ + -1.0 A80^ + 0.0 A67 + -1.0 A67 + 0.0 A80 + -1.0 A80 + 0.0 A67^ + -1.0 A67^ + A61^ + -1.0 A61^ + 0.0 A77^ + -1.0 A77^ + A1 + -1.0 A1 + 0.0 A16^ + -1.0 A16^ + 0.0 A5 + -1.0 A5 + A36_2 + -0.0 A36_2 + A36_3 + -0.0 A36_3 + 0.0 A79^ + -1.0 A79^ + 0.0 A77 + -1.0 A77 + 0.0 A76 + -1.0 A76 + 0.0 A79 + -1.0 A79 + 0.0 A78 + -1.0 A78 + A36^ + -1.0 A36^ + 0.5 A13 + -0.5 A13 + 0.0 A76^ + -1.0 A76^ + 0.0 A16 + -1.0 A16 + A36 + -1.0 A36 + 0.5 A13^ + -0.5 A13^ + A1_2 + -0.0 A1_2>
M  Contraint for 5i: -0.568632922371 == E_5i + <gurobi.LinExpr: 0.0 A5^ + -1.0 A5^ + A78^ + -0.0 A78^ + A1^ + -1.0 A1^ + A61 + -1.0 A61 + A1_3 + -0.0 A1_3 + A80^ + -0.0 A80^ + A67 + -0.0 A67 + A80 + -0.0 A80 + A67^ + -0.0 A67^ + A61^ + -1.0 A61^ + 0.0 A77^ + -1.0 A77^ + A1 + -1.0 A1 + 0.0 A16^ + -1.0 A16^ + 0.0 A5 + -1.0 A5 + A36_2 + -0.0 A36_2 + A36_3 + -0.0 A36_3 + A79^ + -0.0 A79^ + 0.0 A77 + -1.0 A77 + 0.0 A76 + -1.0 A76 + A79 + -0.0 A79 + A78 + -0.0 A78 + A36^ + -1.0 A36^ + A13 + -0.0 A13 + 0.0 A76^ + -1.0 A76^ + 0.0 A16 + -1.0 A16 + A36 + -1.0 A36 + A13^ + -0.0 A13^ + A1_2 + -0.0 A1_2>
M  Contraint for 2i: 0.560579388004 == E_2i + <gurobi.LinExpr: 0.0 A5^ + -1.0 A5^ + 0.0 A78^ + -1.0 A78^ + A1^ + -1.0 A1^ + A61 + -1.0 A61 + A1_3 + -0.0 A1_3 + 0.5 A80^ + -0.5 A80^ + 0.0 A67 + -1.0 A67 + 0.5 A80 + -0.5 A80 + 0.0 A67^ + -1.0 A67^ + A61^ + -1.0 A61^ + 0.0 A77^ + -1.0 A77^ + A1 + -1.0 A1 + 0.0 A16^ + -1.0 A16^ + 0.0 A5 + -1.0 A5 + A36_2 + -0.0 A36_2 + A36_3 + -0.0 A36_3 + A79^ + -0.0 A79^ + 0.0 A77 + -1.0 A77 + 0.0 A76 + -1.0 A76 + A79 + -0.0 A79 + 0.0 A78 + -1.0 A78 + A36^ + -1.0 A36^ + A13 + -0.0 A13 + 0.0 A76^ + -1.0 A76^ + 0.0 A16 + -1.0 A16 + A36 + -1.0 A36 + A13^ + -0.0 A13^ + A1_2 + -0.0 A1_2>
M  Contraint for 3e: 0.517385338064 == E_3e + <gurobi.LinExpr: 0.0 A5^ + -1.0 A5^ + 0.0 A78^ + -1.0 A78^ + A1^ + -1.0 A1^ + A61 + -1.0 A61 + A1_3 + -0.0 A1_3 + A80^ + -0.0 A80^ + 0.0 A67 + -1.0 A67 + A80 + -0.0 A80 + 0.0 A67^ + -1.0 A67^ + A61^ + -1.0 A61^ + 0.0 A77^ + -1.0 A77^ + A1 + -1.0 A1 + 0.0 A16^ + -1.0 A16^ + 0.0 A5 + -1.0 A5 + A36_2 + -0.0 A36_2 + A36_3 + -0.0 A36_3 + A79^ + -0.0 A79^ + 0.0 A77 + -1.0 A77 + 0.0 A76 + -1.0 A76 + A79 + -0.0 A79 + 0.0 A78 + -1.0 A78 + A36^ + -1.0 A36^ + A13 + -0.0 A13 + 0.0 A76^ + -1.0 A76^ + 0.0 A16 + -1.0 A16 + A36 + -1.0 A36 + A13^ + -0.0 A13^ + A1_2 + -0.0 A1_2>
M  Contraint for pce: -2.33683076157 == E_pce + <gurobi.LinExpr: 0.0 A5^ + -1.0 A5^ + A78^ + -0.0 A78^ + 0.0 A1^ + -1.0 A1^ + 0.0 A61 + -2.0 A61 + 0.0 A1_3 + -0.0 A1_3 + A80^ + -0.0 A80^ + A67 + -0.0 A67 + A80 + -0.0 A80 + A67^ + -0.0 A67^ + 0.0 A61^ + -2.0 A61^ + A77^ + -0.0 A77^ + 0.0 A1 + -1.0 A1 + A16^ + -0.0 A16^ + 0.0 A5 + -1.0 A5 + 0.0 A36_2 + -1.0 A36_2 + 0.0 A36_3 + -1.0 A36_3 + A79^ + -0.0 A79^ + A77 + -0.0 A77 + A76 + -0.0 A76 + A79 + -0.0 A79 + A78 + -0.0 A78 + 0.0 A36^ + -2.0 A36^ + A13 + -0.0 A13 + A76^ + -0.0 A76^ + A16 + -0.0 A16 + 0.0 A36 + -2.0 A36 + A13^ + -0.0 A13^ + 0.0 A1_2 + -0.0 A1_2>
M  Objective: <gurobi.LinExpr: C39 + C40 + C41 + C42 + C43 + C44 + C45 + C46 + C47 + C48 + 1.5 C49 + 0.5 A5^ + 0.5 A78^ + 0.5 A1^ + 0.5 A61 + 0.5 A1_3 + 0.5 A80^ + 0.5 A67 + 0.5 A80 + 0.5 A67^ + 0.5 A61^ + 0.5 A77^ + 0.5 A1 + 0.5 A16^ + 0.5 A5 + 0.5 A36_2 + 0.5 A36_3 + 0.5 A79^ + 0.5 A36^ + 0.5 A76 + 0.5 A79 + 0.5 A78 + 0.5 A77 + 0.5 A13 + 0.5 A76^ + 0.5 A16 + 0.5 A36 + 0.5 A13^ + 0.5 A1_2 + 0.1 A78^ + 0.1 A80^ + 0.1 A67 + 0.1 A80 + 0.1 A67^ + 0.1 A77^ + 0.1 A16^ + 0.1 A79^ + 0.1 A76 + 0.1 A79 + 0.1 A78 + 0.1 A77 + 0.1 A13 + 0.1 A76^ + 0.1 A16 + 0.1 A13^>
CN Solver status: optimal, opt: 4.56571865292
  Solutions:
    ('1', '1^')
== Initial Solver ==
Solving Counter({'1': 2})
Possible candidates:
  CYP2D6.1
  CYP2D6.17
    6.9e 42522612:SNP.CG  312 ( 47) F 4180:G>C
    6.2e 42525771:SNP.GA  260 ( 51) F 1023:C>T
    6.6e 42523942:SNP.GA  309 ( 52) F 2850:C>T
  CYP2D6.2B
    6.9e 42522612:SNP.CG  312 ( 47) F 4180:G>C
    6.6e 42523942:SNP.GA  309 ( 52) F 2850:C>T
  CYP2D6.34
    6.6e 42523942:SNP.GA  309 ( 52) F 2850:C>T
  CYP2D6.39
    6.9e 42522612:SNP.CG  312 ( 47) F 4180:G>C
M  Max. CN for 1 = 2
M  Max. CN for 39 = 2
M  Max. CN for 17 = 2
M  Max. CN for 2B = 2
M  Max. CN for 34 = 2
M  Contraint for 42523942:REF 6.6e: 283 == <gurobi.QuadExpr: 296.0 39 + 296.0 17 + 296.0 39_2 + 296.0 34 + 296.0 1 + 296.0 1_2 + 296.0 2B + 296.0 17_2 + 296.0 34_2 + 296.0 2B_2 + [ -296.0 REG_17_42523942:SNP.GA * 17 + -296.0 REG_34_42523942:SNP.GA * 34 + -296.0 REG_2B_42523942:SNP.GA * 2B + -296.0 REG_17_2_42523942:SNP.GA * 17_2 + -296.0 REG_34_2_42523942:SNP.GA * 34_2 + -296.0 REG_2B_2_42523942:SNP.GA * 2B_2 ]> + err
M  Contraint for 42525771:REF 6.2e: 246 == <gurobi.QuadExpr: 253.0 39 + 253.0 17 + 253.0 39_2 + 253.0 34 + 253.0 1 + 253.0 1_2 + 253.0 2B + 253.0 17_2 + 253.0 34_2 + 253.0 2B_2 + [ -253.0 REG_17_42525771:SNP.GA * 17 + -253.0 REG_17_2_42525771:SNP.GA * 17_2 ]> + err
M  Contraint for 42522612:REF 6.9e: 354 == <gurobi.QuadExpr: 333.0 39 + 333.0 17 + 333.0 39_2 + 333.0 34 + 333.0 1 + 333.0 1_2 + 333.0 2B + 333.0 17_2 + 333.0 34_2 + 333.0 2B_2 + [ -333.0 REG_39_42522612:SNP.CG * 39 + -333.0 REG_17_42522612:SNP.CG * 17 + -333.0 REG_39_2_42522612:SNP.CG * 39_2 + -333.0 REG_2B_42522612:SNP.CG * 2B + -333.0 REG_17_2_42522612:SNP.CG * 17_2 + -333.0 REG_2B_2_42522612:SNP.CG * 2B_2 ]> + err
M  Contraint for 42525771:SNP.GA 6.2e: 260 == <gurobi.QuadExpr: 0.0 + [ 253.0 REG_17_42525771:SNP.GA * 17 + 253.0 REG_17_2_42525771:SNP.GA * 17_2 ]> + err
M  Contraint for 42523942:SNP.GA 6.6e: 309 == <gurobi.QuadExpr: 0.0 + [ 296.0 REG_17_42523942:SNP.GA * 17 + 296.0 REG_34_42523942:SNP.GA * 34 + 296.0 REG_2B_42523942:SNP.GA * 2B + 296.0 REG_17_2_42523942:SNP.GA * 17_2 + 296.0 REG_34_2_42523942:SNP.GA * 34_2 + 296.0 REG_2B_2_42523942:SNP.GA * 2B_2 ]> + err
M  Contraint for 42522612:SNP.CG 6.9e: 312 == <gurobi.QuadExpr: 0.0 + [ 333.0 REG_39_42522612:SNP.CG * 39 + 333.0 REG_17_42522612:SNP.CG * 17 + 333.0 REG_39_2_42522612:SNP.CG * 39_2 + 333.0 REG_2B_42522612:SNP.CG * 2B + 333.0 REG_17_2_42522612:SNP.CG * 17_2 + 333.0 REG_2B_2_42522612:SNP.CG * 2B_2 ]> + err
M  Contraint for 39 42522612:SNP.CG: <gurobi.Var 39> >= <gurobi.Var REG_39_42522612:SNP.CG>
M  Contraint for 17 42523942:SNP.GA: <gurobi.Var 17> >= <gurobi.Var REG_17_42523942:SNP.GA>
M  Contraint for 17 42522612:SNP.CG: <gurobi.Var 17> >= <gurobi.Var REG_17_42522612:SNP.CG>
M  Contraint for 17 42525771:SNP.GA: <gurobi.Var 17> >= <gurobi.Var REG_17_42525771:SNP.GA>
M  Contraint for 39_2 42522612:SNP.CG: <gurobi.Var 39_2> >= <gurobi.Var REG_39_2_42522612:SNP.CG>
M  Contraint for 34 42523942:SNP.GA: <gurobi.Var 34> >= <gurobi.Var REG_34_42523942:SNP.GA>
M  Contraint for 2B 42523942:SNP.GA: <gurobi.Var 2B> >= <gurobi.Var REG_2B_42523942:SNP.GA>
M  Contraint for 2B 42522612:SNP.CG: <gurobi.Var 2B> >= <gurobi.Var REG_2B_42522612:SNP.CG>
M  Contraint for 17_2 42523942:SNP.GA: <gurobi.Var 17_2> >= <gurobi.Var REG_17_2_42523942:SNP.GA>
M  Contraint for 17_2 42522612:SNP.CG: <gurobi.Var 17_2> >= <gurobi.Var REG_17_2_42522612:SNP.CG>
M  Contraint for 17_2 42525771:SNP.GA: <gurobi.Var 17_2> >= <gurobi.Var REG_17_2_42525771:SNP.GA>
M  Contraint for 34_2 42523942:SNP.GA: <gurobi.Var 34_2> >= <gurobi.Var REG_34_2_42523942:SNP.GA>
M  Contraint for 2B_2 42523942:SNP.GA: <gurobi.Var 2B_2> >= <gurobi.Var REG_2B_2_42523942:SNP.GA>
M  Contraint for 2B_2 42522612:SNP.CG: <gurobi.Var 2B_2> >= <gurobi.Var REG_2B_2_42522612:SNP.CG>
M  CN contraint for 1: 2 == <gurobi.LinExpr: 39 + 17 + 39_2 + 34 + 1 + 1_2 + 2B + 17_2 + 34_2 + 2B_2>
M  Sentinel contraint for 39: A_39_2 <= A_39
M  Sentinel contraint for 17: A_17_2 <= A_17
M  Sentinel contraint for 34: A_34_2 <= A_34
M  Sentinel contraint for 1: A_1_2 <= A_1
M  Sentinel contraint for 2B: A_2B_2 <= A_2B
M  Objective: <gurobi.LinExpr: C41 + C42 + C43 + C44 + C45 + C46>
M  Contraint for 39: A_39 * (<gurobi.LinExpr: REG_39_42522612:SNP.CG> - 1) == 0
M  Contraint for 17: A_17 * (<gurobi.LinExpr: REG_17_42522612:SNP.CG + REG_17_42523942:SNP.GA + REG_17_42525771:SNP.GA> - 3) == 0
M  Contraint for 39_2: A_39_2 * (<gurobi.LinExpr: REG_39_2_42522612:SNP.CG> - 1) == 0
M  Contraint for 34: A_34 * (<gurobi.LinExpr: REG_34_42523942:SNP.GA> - 1) == 0
M  Contraint for 2B: A_2B * (<gurobi.LinExpr: REG_2B_42522612:SNP.CG + REG_2B_42523942:SNP.GA> - 2) == 0
M  Contraint for 17_2: A_17_2 * (<gurobi.LinExpr: REG_17_2_42522612:SNP.CG + REG_17_2_42523942:SNP.GA + REG_17_2_42525771:SNP.GA> - 3) == 0
M  Contraint for 34_2: A_34_2 * (<gurobi.LinExpr: REG_34_2_42523942:SNP.GA> - 1) == 0
M  Contraint for 2B_2: A_2B_2 * (<gurobi.LinExpr: REG_2B_2_42522612:SNP.CG + REG_2B_2_42523942:SNP.GA> - 2) == 0
M  Contraint for 42522612:SNP.CG: 1 <= <gurobi.QuadExpr: 0.0 + [ 39 * REG_39_42522612:SNP.CG + 17 * REG_17_42522612:SNP.CG + 39_2 * REG_39_2_42522612:SNP.CG + 2B * REG_2B_42522612:SNP.CG + 17_2 * REG_17_2_42522612:SNP.CG + 2B_2 * REG_2B_2_42522612:SNP.CG ]>
M  Contraint for 42522612:SNP.CG: 1 <= <gurobi.QuadExpr: 0.0 + [ 39 * REG_39_42522612:SNP.CG + 17 * REG_17_42522612:SNP.CG + 39_2 * REG_39_2_42522612:SNP.CG + 2B * REG_2B_42522612:SNP.CG + 17_2 * REG_17_2_42522612:SNP.CG + 2B_2 * REG_2B_2_42522612:SNP.CG ]>
M  Contraint for 42523942:SNP.GA: 1 <= <gurobi.QuadExpr: 0.0 + [ 17 * REG_17_42523942:SNP.GA + 34 * REG_34_42523942:SNP.GA + 2B * REG_2B_42523942:SNP.GA + 17_2 * REG_17_2_42523942:SNP.GA + 34_2 * REG_34_2_42523942:SNP.GA + 2B_2 * REG_2B_2_42523942:SNP.GA ]>
M  Contraint for 42525771:SNP.GA: 1 <= <gurobi.QuadExpr: 0.0 + [ 17 * REG_17_42525771:SNP.GA + 17_2 * REG_17_2_42525771:SNP.GA ]>
M  Contraint for 42522612:SNP.CG: 1 <= <gurobi.QuadExpr: 0.0 + [ 39 * REG_39_42522612:SNP.CG + 17 * REG_17_42522612:SNP.CG + 39_2 * REG_39_2_42522612:SNP.CG + 2B * REG_2B_42522612:SNP.CG + 17_2 * REG_17_2_42522612:SNP.CG + 2B_2 * REG_2B_2_42522612:SNP.CG ]>
M  Contraint for 42523942:SNP.GA: 1 <= <gurobi.QuadExpr: 0.0 + [ 17 * REG_17_42523942:SNP.GA + 34 * REG_34_42523942:SNP.GA + 2B * REG_2B_42523942:SNP.GA + 17_2 * REG_17_2_42523942:SNP.GA + 34_2 * REG_34_2_42523942:SNP.GA + 2B_2 * REG_2B_2_42523942:SNP.GA ]>
M  Contraint for 42522612:SNP.CG: 1 <= <gurobi.QuadExpr: 0.0 + [ 39 * REG_39_42522612:SNP.CG + 17 * REG_17_42522612:SNP.CG + 39_2 * REG_39_2_42522612:SNP.CG + 2B * REG_2B_42522612:SNP.CG + 17_2 * REG_17_2_42522612:SNP.CG + 2B_2 * REG_2B_2_42522612:SNP.CG ]>
M  Contraint for 42523942:SNP.GA: 1 <= <gurobi.QuadExpr: 0.0 + [ 17 * REG_17_42523942:SNP.GA + 34 * REG_34_42523942:SNP.GA + 2B * REG_2B_42523942:SNP.GA + 17_2 * REG_17_2_42523942:SNP.GA + 34_2 * REG_34_2_42523942:SNP.GA + 2B_2 * REG_2B_2_42523942:SNP.GA ]>
M  Contraint for 42522612:SNP.CG: 1 <= <gurobi.QuadExpr: 0.0 + [ 39 * REG_39_42522612:SNP.CG + 17 * REG_17_42522612:SNP.CG + 39_2 * REG_39_2_42522612:SNP.CG + 2B * REG_2B_42522612:SNP.CG + 17_2 * REG_17_2_42522612:SNP.CG + 2B_2 * REG_2B_2_42522612:SNP.CG ]>
M  Contraint for 42523942:SNP.GA: 1 <= <gurobi.QuadExpr: 0.0 + [ 17 * REG_17_42523942:SNP.GA + 34 * REG_34_42523942:SNP.GA + 2B * REG_2B_42523942:SNP.GA + 17_2 * REG_17_2_42523942:SNP.GA + 34_2 * REG_34_2_42523942:SNP.GA + 2B_2 * REG_2B_2_42523942:SNP.GA ]>
M  Contraint for 42525771:SNP.GA: 1 <= <gurobi.QuadExpr: 0.0 + [ 17 * REG_17_42525771:SNP.GA + 17_2 * REG_17_2_42525771:SNP.GA ]>
M  Contraint for 42523942:SNP.GA: 1 <= <gurobi.QuadExpr: 0.0 + [ 17 * REG_17_42523942:SNP.GA + 34 * REG_34_42523942:SNP.GA + 2B * REG_2B_42523942:SNP.GA + 17_2 * REG_17_2_42523942:SNP.GA + 34_2 * REG_34_2_42523942:SNP.GA + 2B_2 * REG_2B_2_42523942:SNP.GA ]>
M  Contraint for 42522612:SNP.CG: 1 <= <gurobi.QuadExpr: 0.0 + [ 39 * REG_39_42522612:SNP.CG + 17 * REG_17_42522612:SNP.CG + 39_2 * REG_39_2_42522612:SNP.CG + 2B * REG_2B_42522612:SNP.CG + 17_2 * REG_17_2_42522612:SNP.CG + 2B_2 * REG_2B_2_42522612:SNP.CG ]>
M  Contraint for 42523942:SNP.GA: 1 <= <gurobi.QuadExpr: 0.0 + [ 17 * REG_17_42523942:SNP.GA + 34 * REG_34_42523942:SNP.GA + 2B * REG_2B_42523942:SNP.GA + 17_2 * REG_17_2_42523942:SNP.GA + 34_2 * REG_34_2_42523942:SNP.GA + 2B_2 * REG_2B_2_42523942:SNP.GA ]>
CN Solver status: optimal, opt: 82.0
  solution:
    ('1', '17')
[32;01mCopy number best structures:[39;49;00m
[32;01m  (1) 2x*1-like[39;49;00m
== Refiner ==
Refining ('1', '17')
M  CN constraint for 1: 1 == <gurobi.LinExpr: 1 + 1C + 1B + 1E + 1D>
M  CN constraint for 17: 1 == <gurobi.LinExpr: 17 + 17W>
M  Contraint for 42524923:SNP.AG 6.4e: 0 == <gurobi.QuadExpr: 0.0 + [ 458.5 EXT_17_42524923:SNP.AG * 17 + 458.5 EXT_1_42524923:SNP.AG * 1 + 458.5 EXT_1C_42524923:SNP.AG * 1C + 458.5 EXT_1B_42524923:SNP.AG * 1B + 458.5 REG_1E_42524923:SNP.AG * 1E + 458.5 EXT_1D_42524923:SNP.AG * 1D + 458.5 EXT_17W_42524923:SNP.AG * 17W ]> + err
M  Contraint for 42525131:SNP.CG 6.3e: 545 == <gurobi.QuadExpr: 0.0 + [ 485.0 REG_17_42525131:SNP.CG * 17 + 485.0 EXT_1_42525131:SNP.CG * 1 + 485.0 EXT_1C_42525131:SNP.CG * 1C + 485.0 EXT_1B_42525131:SNP.CG * 1B + 485.0 EXT_1E_42525131:SNP.CG * 1E + 485.0 EXT_1D_42525131:SNP.CG * 1D + 485.0 REG_17W_42525131:SNP.CG * 17W ]> + err
M  Contraint for 42525771:REF 6.2e: 246 == <gurobi.QuadExpr: 253.0 17 + 253.0 1 + 253.0 1C + 253.0 1B + 253.0 1E + 253.0 1D + 253.0 17W + [ -253.0 REG_17_42525771:SNP.GA * 17 + -253.0 EXT_1_42525771:SNP.GA * 1 + -253.0 EXT_1C_42525771:SNP.GA * 1C + -253.0 EXT_1B_42525771:SNP.GA * 1B + -253.0 EXT_1E_42525771:SNP.GA * 1E + -253.0 EXT_1D_42525771:SNP.GA * 1D + -253.0 REG_17W_42525771:SNP.GA * 17W ]> + err
M  Contraint for 42522964:SNP.CT 6.8e: 0 == <gurobi.QuadExpr: 0.0 + [ 396.5 EXT_17_42522964:SNP.CT * 17 + 396.5 EXT_1_42522964:SNP.CT * 1 + 396.5 EXT_1C_42522964:SNP.CT * 1C + 396.5 REG_1B_42522964:SNP.CT * 1B + 396.5 EXT_1E_42522964:SNP.CT * 1E + 396.5 EXT_1D_42522964:SNP.CT * 1D + 396.5 EXT_17W_42522964:SNP.CT * 17W ]> + err
M  Contraint for 42523408:REF 6.7i: 306 == <gurobi.QuadExpr: 440.5 17 + 440.5 1 + 440.5 1C + 440.5 1B + 440.5 1E + 440.5 1D + 440.5 17W + [ -440.5 EXT_17_42523408:SNP.TG * 17 + -440.5 EXT_1_42523408:SNP.TG * 1 + -440.5 EXT_1C_42523408:SNP.TG * 1C + -440.5 EXT_1B_42523408:SNP.TG * 1B + -440.5 EXT_1E_42523408:SNP.TG * 1E + -440.5 EXT_1D_42523408:SNP.TG * 1D + -440.5 REG_17W_42523408:SNP.TG * 17W ]> + err
M  Contraint for 42524923:REF 6.4e: 917 == <gurobi.QuadExpr: 458.5 17 + 458.5 1 + 458.5 1C + 458.5 1B + 458.5 1E + 458.5 1D + 458.5 17W + [ -458.5 EXT_17_42524923:SNP.AG * 17 + -458.5 EXT_1_42524923:SNP.AG * 1 + -458.5 EXT_1C_42524923:SNP.AG * 1C + -458.5 EXT_1B_42524923:SNP.AG * 1B + -458.5 REG_1E_42524923:SNP.AG * 1E + -458.5 EXT_1D_42524923:SNP.AG * 1D + -458.5 EXT_17W_42524923:SNP.AG * 17W ]> + err
M  Contraint for 42522612:SNP.CG 6.9e: 312 == <gurobi.QuadExpr: 0.0 + [ 333.0 REG_17_42522612:SNP.CG * 17 + 333.0 EXT_1_42522612:SNP.CG * 1 + 333.0 EXT_1C_42522612:SNP.CG * 1C + 333.0 EXT_1B_42522612:SNP.CG * 1B + 333.0 EXT_1E_42522612:SNP.CG * 1E + 333.0 EXT_1D_42522612:SNP.CG * 1D + 333.0 REG_17W_42522612:SNP.CG * 17W ]> + err
M  Contraint for 42523942:REF 6.6e: 283 == <gurobi.QuadExpr: 296.0 17 + 296.0 1 + 296.0 1C + 296.0 1B + 296.0 1E + 296.0 1D + 296.0 17W + [ -296.0 REG_17_42523942:SNP.GA * 17 + -296.0 EXT_1_42523942:SNP.GA * 1 + -296.0 EXT_1C_42523942:SNP.GA * 1C + -296.0 EXT_1B_42523942:SNP.GA * 1B + -296.0 EXT_1E_42523942:SNP.GA * 1E + -296.0 EXT_1D_42523942:SNP.GA * 1D + -296.0 REG_17W_42523942:SNP.GA * 17W ]> + err
M  Contraint for 42528027:SNP.TC 6.0i: 11 == <gurobi.QuadExpr: 0.0 + [ 10.5 EXT_17_42528027:SNP.TC * 17 + 10.5 EXT_1_42528027:SNP.TC * 1 + 10.5 EXT_1C_42528027:SNP.TC * 1C + 10.5 EXT_1B_42528027:SNP.TC * 1B + 10.5 EXT_1E_42528027:SNP.TC * 1E + 10.5 EXT_1D_42528027:SNP.TC * 1D + 10.5 REG_17W_42528027:SNP.TC * 17W ]> + err
M  Contraint for 42522964:REF 6.8e: 793 == <gurobi.QuadExpr: 396.5 17 + 396.5 1 + 396.5 1C + 396.5 1B + 396.5 1E + 396.5 1D + 396.5 17W + [ -396.5 EXT_17_42522964:SNP.CT * 17 + -396.5 EXT_1_42522964:SNP.CT * 1 + -396.5 EXT_1C_42522964:SNP.CT * 1C + -396.5 REG_1B_42522964:SNP.CT * 1B + -396.5 EXT_1E_42522964:SNP.CT * 1E + -396.5 EXT_1D_42522964:SNP.CT * 1D + -396.5 EXT_17W_42522964:SNP.CT * 17W ]> + err
M  Contraint for 42528027:REF 6.0i: 10 == <gurobi.QuadExpr: 10.5 17 + 10.5 1 + 10.5 1C + 10.5 1B + 10.5 1E + 10.5 1D + 10.5 17W + [ -10.5 EXT_17_42528027:SNP.TC * 17 + -10.5 EXT_1_42528027:SNP.TC * 1 + -10.5 EXT_1C_42528027:SNP.TC * 1C + -10.5 EXT_1B_42528027:SNP.TC * 1B + -10.5 EXT_1E_42528027:SNP.TC * 1E + -10.5 EXT_1D_42528027:SNP.TC * 1D + -10.5 REG_17W_42528027:SNP.TC * 17W ]> + err
M  Contraint for 42525951:REF 6.1i: 494 == <gurobi.QuadExpr: 474.0 17 + 474.0 1 + 474.0 1C + 474.0 1B + 474.0 1E + 474.0 1D + 474.0 17W + [ -474.0 EXT_17_42525951:SNP.AC * 17 + -474.0 EXT_1_42525951:SNP.AC * 1 + -474.0 EXT_1C_42525951:SNP.AC * 1C + -474.0 EXT_1B_42525951:SNP.AC * 1B + -474.0 EXT_1E_42525951:SNP.AC * 1E + -474.0 EXT_1D_42525951:SNP.AC * 1D + -474.0 REG_17W_42525951:SNP.AC * 17W ]> + err
M  Contraint for 42524814:REF 6.4e: 1143 == <gurobi.QuadExpr: 571.5 17 + 571.5 1 + 571.5 1C + 571.5 1B + 571.5 1E + 571.5 1D + 571.5 17W + [ -571.5 EXT_17_42524814:SNP.GA * 17 + -571.5 EXT_1_42524814:SNP.GA * 1 + -571.5 REG_1C_42524814:SNP.GA * 1C + -571.5 EXT_1B_42524814:SNP.GA * 1B + -571.5 EXT_1E_42524814:SNP.GA * 1E + -571.5 EXT_1D_42524814:SNP.GA * 1D + -571.5 EXT_17W_42524814:SNP.GA * 17W ]> + err
M  Contraint for 42526483:REF 6.1i: 340 == <gurobi.QuadExpr: 365.0 17 + 365.0 1 + 365.0 1C + 365.0 1B + 365.0 1E + 365.0 1D + 365.0 17W + [ -365.0 EXT_17_42526483:SNP.CA * 17 + -365.0 EXT_1_42526483:SNP.CA * 1 + -365.0 EXT_1C_42526483:SNP.CA * 1C + -365.0 EXT_1B_42526483:SNP.CA * 1B + -365.0 EXT_1E_42526483:SNP.CA * 1E + -365.0 EXT_1D_42526483:SNP.CA * 1D + -365.0 REG_17W_42526483:SNP.CA * 17W ]> + err
M  Contraint for 42525951:SNP.AC 6.1i: 454 == <gurobi.QuadExpr: 0.0 + [ 474.0 EXT_17_42525951:SNP.AC * 17 + 474.0 EXT_1_42525951:SNP.AC * 1 + 474.0 EXT_1C_42525951:SNP.AC * 1C + 474.0 EXT_1B_42525951:SNP.AC * 1B + 474.0 EXT_1E_42525951:SNP.AC * 1E + 474.0 EXT_1D_42525951:SNP.AC * 1D + 474.0 REG_17W_42525951:SNP.AC * 17W ]> + err
M  Contraint for 42525131:REF 6.3e: 425 == <gurobi.QuadExpr: 485.0 17 + 485.0 1 + 485.0 1C + 485.0 1B + 485.0 1E + 485.0 1D + 485.0 17W + [ -485.0 REG_17_42525131:SNP.CG * 17 + -485.0 EXT_1_42525131:SNP.CG * 1 + -485.0 EXT_1C_42525131:SNP.CG * 1C + -485.0 EXT_1B_42525131:SNP.CG * 1B + -485.0 EXT_1E_42525131:SNP.CG * 1E + -485.0 EXT_1D_42525131:SNP.CG * 1D + -485.0 REG_17W_42525131:SNP.CG * 17W ]> + err
M  Contraint for 42524814:SNP.GA 6.4e: 0 == <gurobi.QuadExpr: 0.0 + [ 571.5 EXT_17_42524814:SNP.GA * 17 + 571.5 EXT_1_42524814:SNP.GA * 1 + 571.5 REG_1C_42524814:SNP.GA * 1C + 571.5 EXT_1B_42524814:SNP.GA * 1B + 571.5 EXT_1E_42524814:SNP.GA * 1E + 571.5 EXT_1D_42524814:SNP.GA * 1D + 571.5 EXT_17W_42524814:SNP.GA * 17W ]> + err
M  Contraint for 42522612:REF 6.9e: 354 == <gurobi.QuadExpr: 333.0 17 + 333.0 1 + 333.0 1C + 333.0 1B + 333.0 1E + 333.0 1D + 333.0 17W + [ -333.0 REG_17_42522612:SNP.CG * 17 + -333.0 EXT_1_42522612:SNP.CG * 1 + -333.0 EXT_1C_42522612:SNP.CG * 1C + -333.0 EXT_1B_42522612:SNP.CG * 1B + -333.0 EXT_1E_42522612:SNP.CG * 1E + -333.0 EXT_1D_42522612:SNP.CG * 1D + -333.0 REG_17W_42522612:SNP.CG * 17W ]> + err
M  Contraint for 42524217:SNP.GT 6.5e: 0 == <gurobi.QuadExpr: 0.0 + [ 274.5 EXT_17_42524217:SNP.GT * 17 + 274.5 EXT_1_42524217:SNP.GT * 1 + 274.5 EXT_1C_42524217:SNP.GT * 1C + 274.5 EXT_1B_42524217:SNP.GT * 1B + 274.5 EXT_1E_42524217:SNP.GT * 1E + 274.5 REG_1D_42524217:SNP.GT * 1D + 274.5 EXT_17W_42524217:SNP.GT * 17W ]> + err
M  Contraint for 42525771:SNP.GA 6.2e: 260 == <gurobi.QuadExpr: 0.0 + [ 253.0 REG_17_42525771:SNP.GA * 17 + 253.0 EXT_1_42525771:SNP.GA * 1 + 253.0 EXT_1C_42525771:SNP.GA * 1C + 253.0 EXT_1B_42525771:SNP.GA * 1B + 253.0 EXT_1E_42525771:SNP.GA * 1E + 253.0 EXT_1D_42525771:SNP.GA * 1D + 253.0 REG_17W_42525771:SNP.GA * 17W ]> + err
M  Contraint for 42526483:SNP.CA 6.1i: 390 == <gurobi.QuadExpr: 0.0 + [ 365.0 EXT_17_42526483:SNP.CA * 17 + 365.0 EXT_1_42526483:SNP.CA * 1 + 365.0 EXT_1C_42526483:SNP.CA * 1C + 365.0 EXT_1B_42526483:SNP.CA * 1B + 365.0 EXT_1E_42526483:SNP.CA * 1E + 365.0 EXT_1D_42526483:SNP.CA * 1D + 365.0 REG_17W_42526483:SNP.CA * 17W ]> + err
M  Contraint for 42523408:SNP.TG 6.7i: 575 == <gurobi.QuadExpr: 0.0 + [ 440.5 EXT_17_42523408:SNP.TG * 17 + 440.5 EXT_1_42523408:SNP.TG * 1 + 440.5 EXT_1C_42523408:SNP.TG * 1C + 440.5 EXT_1B_42523408:SNP.TG * 1B + 440.5 EXT_1E_42523408:SNP.TG * 1E + 440.5 EXT_1D_42523408:SNP.TG * 1D + 440.5 REG_17W_42523408:SNP.TG * 17W ]> + err
M  Contraint for 42523942:SNP.GA 6.6e: 309 == <gurobi.QuadExpr: 0.0 + [ 296.0 REG_17_42523942:SNP.GA * 17 + 296.0 EXT_1_42523942:SNP.GA * 1 + 296.0 EXT_1C_42523942:SNP.GA * 1C + 296.0 EXT_1B_42523942:SNP.GA * 1B + 296.0 EXT_1E_42523942:SNP.GA * 1E + 296.0 EXT_1D_42523942:SNP.GA * 1D + 296.0 REG_17W_42523942:SNP.GA * 17W ]> + err
M  Contraint for 42524217:REF 6.5e: 549 == <gurobi.QuadExpr: 274.5 17 + 274.5 1 + 274.5 1C + 274.5 1B + 274.5 1E + 274.5 1D + 274.5 17W + [ -274.5 EXT_17_42524217:SNP.GT * 17 + -274.5 EXT_1_42524217:SNP.GT * 1 + -274.5 EXT_1C_42524217:SNP.GT * 1C + -274.5 EXT_1B_42524217:SNP.GT * 1B + -274.5 EXT_1E_42524217:SNP.GT * 1E + -274.5 REG_1D_42524217:SNP.GT * 1D + -274.5 EXT_17W_42524217:SNP.GT * 17W ]> + err
M  Contraint for MM[missing] 17 42523942:SNP.GA: <gurobi.Var 17> >= <gurobi.Var REG_17_42523942:SNP.GA>
M  Contraint for MM[missing] 17 42525131:SNP.CG: <gurobi.Var 17> >= <gurobi.Var REG_17_42525131:SNP.CG>
M  Contraint for MM[missing] 17 42522612:SNP.CG: <gurobi.Var 17> >= <gurobi.Var REG_17_42522612:SNP.CG>
M  Contraint for MM[missing] 17 42525771:SNP.GA: <gurobi.Var 17> >= <gurobi.Var REG_17_42525771:SNP.GA>
M  Contraint for MM[missing] 1C 42524814:SNP.GA: <gurobi.Var 1C> >= <gurobi.Var REG_1C_42524814:SNP.GA>
M  Contraint for MM[missing] 1B 42522964:SNP.CT: <gurobi.Var 1B> >= <gurobi.Var REG_1B_42522964:SNP.CT>
M  Contraint for MM[missing] 1E 42524923:SNP.AG: <gurobi.Var 1E> >= <gurobi.Var REG_1E_42524923:SNP.AG>
M  Contraint for MM[missing] 1D 42524217:SNP.GT: <gurobi.Var 1D> >= <gurobi.Var REG_1D_42524217:SNP.GT>
M  Contraint for MM[missing] 17W 42525131:SNP.CG: <gurobi.Var 17W> >= <gurobi.Var REG_17W_42525131:SNP.CG>
M  Contraint for MM[missing] 17W 42525951:SNP.AC: <gurobi.Var 17W> >= <gurobi.Var REG_17W_42525951:SNP.AC>
M  Contraint for MM[missing] 17W 42528027:SNP.TC: <gurobi.Var 17W> >= <gurobi.Var REG_17W_42528027:SNP.TC>
M  Contraint for MM[missing] 17W 42525771:SNP.GA: <gurobi.Var 17W> >= <gurobi.Var REG_17W_42525771:SNP.GA>
M  Contraint for MM[missing] 17W 42523408:SNP.TG: <gurobi.Var 17W> >= <gurobi.Var REG_17W_42523408:SNP.TG>
M  Contraint for MM[missing] 17W 42523942:SNP.GA: <gurobi.Var 17W> >= <gurobi.Var REG_17W_42523942:SNP.GA>
M  Contraint for MM[missing] 17W 42526483:SNP.CA: <gurobi.Var 17W> >= <gurobi.Var REG_17W_42526483:SNP.CA>
M  Contraint for MM[missing] 17W 42522612:SNP.CG: <gurobi.Var 17W> >= <gurobi.Var REG_17W_42522612:SNP.CG>
M  Contraint for MA[extra] 17 42524814:SNP.GA: <gurobi.Var 17> >= <gurobi.Var EXT_17_42524814:SNP.GA>
M  Contraint for MA[extra] 17 42524923:SNP.AG: <gurobi.Var 17> >= <gurobi.Var EXT_17_42524923:SNP.AG>
M  Contraint for MA[extra] 17 42525951:SNP.AC: <gurobi.Var 17> >= <gurobi.Var EXT_17_42525951:SNP.AC>
M  Contraint for MA[extra] 17 42522964:SNP.CT: <gurobi.Var 17> >= <gurobi.Var EXT_17_42522964:SNP.CT>
M  Contraint for MA[extra] 17 42528027:SNP.TC: <gurobi.Var 17> >= <gurobi.Var EXT_17_42528027:SNP.TC>
M  Contraint for MA[extra] 17 42524217:SNP.GT: <gurobi.Var 17> >= <gurobi.Var EXT_17_42524217:SNP.GT>
M  Contraint for MA[extra] 17 42523408:SNP.TG: <gurobi.Var 17> >= <gurobi.Var EXT_17_42523408:SNP.TG>
M  Contraint for MA[extra] 17 42526483:SNP.CA: <gurobi.Var 17> >= <gurobi.Var EXT_17_42526483:SNP.CA>
M  Contraint for MA[extra] 1 42524814:SNP.GA: <gurobi.Var 1> >= <gurobi.Var EXT_1_42524814:SNP.GA>
M  Contraint for MA[extra] 1 42524923:SNP.AG: <gurobi.Var 1> >= <gurobi.Var EXT_1_42524923:SNP.AG>
M  Contraint for MA[extra] 1 42525951:SNP.AC: <gurobi.Var 1> >= <gurobi.Var EXT_1_42525951:SNP.AC>
M  Contraint for MA[extra] 1 42525131:SNP.CG: <gurobi.Var 1> >= <gurobi.Var EXT_1_42525131:SNP.CG>
M  Contraint for MA[extra] 1 42522964:SNP.CT: <gurobi.Var 1> >= <gurobi.Var EXT_1_42522964:SNP.CT>
M  Contraint for MA[extra] 1 42528027:SNP.TC: <gurobi.Var 1> >= <gurobi.Var EXT_1_42528027:SNP.TC>
M  Contraint for MA[extra] 1 42524217:SNP.GT: <gurobi.Var 1> >= <gurobi.Var EXT_1_42524217:SNP.GT>
M  Contraint for MA[extra] 1 42525771:SNP.GA: <gurobi.Var 1> >= <gurobi.Var EXT_1_42525771:SNP.GA>
M  Contraint for MA[extra] 1 42523408:SNP.TG: <gurobi.Var 1> >= <gurobi.Var EXT_1_42523408:SNP.TG>
M  Contraint for MA[extra] 1 42523942:SNP.GA: <gurobi.Var 1> >= <gurobi.Var EXT_1_42523942:SNP.GA>
M  Contraint for MA[extra] 1 42526483:SNP.CA: <gurobi.Var 1> >= <gurobi.Var EXT_1_42526483:SNP.CA>
M  Contraint for MA[extra] 1 42522612:SNP.CG: <gurobi.Var 1> >= <gurobi.Var EXT_1_42522612:SNP.CG>
M  Contraint for MA[extra] 1C 42524923:SNP.AG: <gurobi.Var 1C> >= <gurobi.Var EXT_1C_42524923:SNP.AG>
M  Contraint for MA[extra] 1C 42525951:SNP.AC: <gurobi.Var 1C> >= <gurobi.Var EXT_1C_42525951:SNP.AC>
M  Contraint for MA[extra] 1C 42525131:SNP.CG: <gurobi.Var 1C> >= <gurobi.Var EXT_1C_42525131:SNP.CG>
M  Contraint for MA[extra] 1C 42522964:SNP.CT: <gurobi.Var 1C> >= <gurobi.Var EXT_1C_42522964:SNP.CT>
M  Contraint for MA[extra] 1C 42528027:SNP.TC: <gurobi.Var 1C> >= <gurobi.Var EXT_1C_42528027:SNP.TC>
M  Contraint for MA[extra] 1C 42524217:SNP.GT: <gurobi.Var 1C> >= <gurobi.Var EXT_1C_42524217:SNP.GT>
M  Contraint for MA[extra] 1C 42525771:SNP.GA: <gurobi.Var 1C> >= <gurobi.Var EXT_1C_42525771:SNP.GA>
M  Contraint for MA[extra] 1C 42523408:SNP.TG: <gurobi.Var 1C> >= <gurobi.Var EXT_1C_42523408:SNP.TG>
M  Contraint for MA[extra] 1C 42523942:SNP.GA: <gurobi.Var 1C> >= <gurobi.Var EXT_1C_42523942:SNP.GA>
M  Contraint for MA[extra] 1C 42526483:SNP.CA: <gurobi.Var 1C> >= <gurobi.Var EXT_1C_42526483:SNP.CA>
M  Contraint for MA[extra] 1C 42522612:SNP.CG: <gurobi.Var 1C> >= <gurobi.Var EXT_1C_42522612:SNP.CG>
M  Contraint for MA[extra] 1B 42524814:SNP.GA: <gurobi.Var 1B> >= <gurobi.Var EXT_1B_42524814:SNP.GA>
M  Contraint for MA[extra] 1B 42524923:SNP.AG: <gurobi.Var 1B> >= <gurobi.Var EXT_1B_42524923:SNP.AG>
M  Contraint for MA[extra] 1B 42525131:SNP.CG: <gurobi.Var 1B> >= <gurobi.Var EXT_1B_42525131:SNP.CG>
M  Contraint for MA[extra] 1B 42525951:SNP.AC: <gurobi.Var 1B> >= <gurobi.Var EXT_1B_42525951:SNP.AC>
M  Contraint for MA[extra] 1B 42528027:SNP.TC: <gurobi.Var 1B> >= <gurobi.Var EXT_1B_42528027:SNP.TC>
M  Contraint for MA[extra] 1B 42524217:SNP.GT: <gurobi.Var 1B> >= <gurobi.Var EXT_1B_42524217:SNP.GT>
M  Contraint for MA[extra] 1B 42525771:SNP.GA: <gurobi.Var 1B> >= <gurobi.Var EXT_1B_42525771:SNP.GA>
M  Contraint for MA[extra] 1B 42523408:SNP.TG: <gurobi.Var 1B> >= <gurobi.Var EXT_1B_42523408:SNP.TG>
M  Contraint for MA[extra] 1B 42523942:SNP.GA: <gurobi.Var 1B> >= <gurobi.Var EXT_1B_42523942:SNP.GA>
M  Contraint for MA[extra] 1B 42526483:SNP.CA: <gurobi.Var 1B> >= <gurobi.Var EXT_1B_42526483:SNP.CA>
M  Contraint for MA[extra] 1B 42522612:SNP.CG: <gurobi.Var 1B> >= <gurobi.Var EXT_1B_42522612:SNP.CG>
M  Contraint for MA[extra] 1E 42524814:SNP.GA: <gurobi.Var 1E> >= <gurobi.Var EXT_1E_42524814:SNP.GA>
M  Contraint for MA[extra] 1E 42525951:SNP.AC: <gurobi.Var 1E> >= <gurobi.Var EXT_1E_42525951:SNP.AC>
M  Contraint for MA[extra] 1E 42525131:SNP.CG: <gurobi.Var 1E> >= <gurobi.Var EXT_1E_42525131:SNP.CG>
M  Contraint for MA[extra] 1E 42522964:SNP.CT: <gurobi.Var 1E> >= <gurobi.Var EXT_1E_42522964:SNP.CT>
M  Contraint for MA[extra] 1E 42528027:SNP.TC: <gurobi.Var 1E> >= <gurobi.Var EXT_1E_42528027:SNP.TC>
M  Contraint for MA[extra] 1E 42524217:SNP.GT: <gurobi.Var 1E> >= <gurobi.Var EXT_1E_42524217:SNP.GT>
M  Contraint for MA[extra] 1E 42525771:SNP.GA: <gurobi.Var 1E> >= <gurobi.Var EXT_1E_42525771:SNP.GA>
M  Contraint for MA[extra] 1E 42523408:SNP.TG: <gurobi.Var 1E> >= <gurobi.Var EXT_1E_42523408:SNP.TG>
M  Contraint for MA[extra] 1E 42523942:SNP.GA: <gurobi.Var 1E> >= <gurobi.Var EXT_1E_42523942:SNP.GA>
M  Contraint for MA[extra] 1E 42526483:SNP.CA: <gurobi.Var 1E> >= <gurobi.Var EXT_1E_42526483:SNP.CA>
M  Contraint for MA[extra] 1E 42522612:SNP.CG: <gurobi.Var 1E> >= <gurobi.Var EXT_1E_42522612:SNP.CG>
M  Contraint for MA[extra] 1D 42524814:SNP.GA: <gurobi.Var 1D> >= <gurobi.Var EXT_1D_42524814:SNP.GA>
M  Contraint for MA[extra] 1D 42524923:SNP.AG: <gurobi.Var 1D> >= <gurobi.Var EXT_1D_42524923:SNP.AG>
M  Contraint for MA[extra] 1D 42525951:SNP.AC: <gurobi.Var 1D> >= <gurobi.Var EXT_1D_42525951:SNP.AC>
M  Contraint for MA[extra] 1D 42525131:SNP.CG: <gurobi.Var 1D> >= <gurobi.Var EXT_1D_42525131:SNP.CG>
M  Contraint for MA[extra] 1D 42522964:SNP.CT: <gurobi.Var 1D> >= <gurobi.Var EXT_1D_42522964:SNP.CT>
M  Contraint for MA[extra] 1D 42528027:SNP.TC: <gurobi.Var 1D> >= <gurobi.Var EXT_1D_42528027:SNP.TC>
M  Contraint for MA[extra] 1D 42525771:SNP.GA: <gurobi.Var 1D> >= <gurobi.Var EXT_1D_42525771:SNP.GA>
M  Contraint for MA[extra] 1D 42523408:SNP.TG: <gurobi.Var 1D> >= <gurobi.Var EXT_1D_42523408:SNP.TG>
M  Contraint for MA[extra] 1D 42523942:SNP.GA: <gurobi.Var 1D> >= <gurobi.Var EXT_1D_42523942:SNP.GA>
M  Contraint for MA[extra] 1D 42526483:SNP.CA: <gurobi.Var 1D> >= <gurobi.Var EXT_1D_42526483:SNP.CA>
M  Contraint for MA[extra] 1D 42522612:SNP.CG: <gurobi.Var 1D> >= <gurobi.Var EXT_1D_42522612:SNP.CG>
M  Contraint for MA[extra] 17W 42524814:SNP.GA: <gurobi.Var 17W> >= <gurobi.Var EXT_17W_42524814:SNP.GA>
M  Contraint for MA[extra] 17W 42524923:SNP.AG: <gurobi.Var 17W> >= <gurobi.Var EXT_17W_42524923:SNP.AG>
M  Contraint for MA[extra] 17W 42524217:SNP.GT: <gurobi.Var 17W> >= <gurobi.Var EXT_17W_42524217:SNP.GT>
M  Contraint for MA[extra] 17W 42522964:SNP.CT: <gurobi.Var 17W> >= <gurobi.Var EXT_17W_42522964:SNP.CT>
M  Objective: <gurobi.LinExpr: C115 + C116 + C117 + C118 + C119 + C120 + C121 + C122 + C123 + C124 + C125 + C126 + C127 + C128 + C129 + C130 + C131 + C132 + C133 + C134 + C135 + C136 + C137 + C138 + EXT_17_42524814:SNP.GA + EXT_17_42524923:SNP.AG + EXT_17_42525951:SNP.AC + EXT_17_42522964:SNP.CT + EXT_17_42528027:SNP.TC + EXT_17_42524217:SNP.GT + EXT_17_42523408:SNP.TG + EXT_17_42526483:SNP.CA + EXT_1_42524814:SNP.GA + EXT_1_42524923:SNP.AG + EXT_1_42525951:SNP.AC + EXT_1_42525131:SNP.CG + EXT_1_42522964:SNP.CT + EXT_1_42528027:SNP.TC + EXT_1_42524217:SNP.GT + EXT_1_42525771:SNP.GA + EXT_1_42523408:SNP.TG + EXT_1_42523942:SNP.GA + EXT_1_42526483:SNP.CA + EXT_1_42522612:SNP.CG + EXT_1C_42524923:SNP.AG + EXT_1C_42525951:SNP.AC + EXT_1C_42525131:SNP.CG + EXT_1C_42522964:SNP.CT + EXT_1C_42528027:SNP.TC + EXT_1C_42524217:SNP.GT + EXT_1C_42525771:SNP.GA + EXT_1C_42523408:SNP.TG + EXT_1C_42523942:SNP.GA + EXT_1C_42526483:SNP.CA + EXT_1C_42522612:SNP.CG + EXT_1B_42524814:SNP.GA + EXT_1B_42524923:SNP.AG + EXT_1B_42525131:SNP.CG + EXT_1B_42525951:SNP.AC + EXT_1B_42528027:SNP.TC + EXT_1B_42524217:SNP.GT + EXT_1B_42525771:SNP.GA + EXT_1B_42523408:SNP.TG + EXT_1B_42523942:SNP.GA + EXT_1B_42526483:SNP.CA + EXT_1B_42522612:SNP.CG + EXT_1E_42524814:SNP.GA + EXT_1E_42525951:SNP.AC + EXT_1E_42525131:SNP.CG + EXT_1E_42522964:SNP.CT + EXT_1E_42528027:SNP.TC + EXT_1E_42524217:SNP.GT + EXT_1E_42525771:SNP.GA + EXT_1E_42523408:SNP.TG + EXT_1E_42523942:SNP.GA + EXT_1E_42526483:SNP.CA + EXT_1E_42522612:SNP.CG + EXT_1D_42524814:SNP.GA + EXT_1D_42524923:SNP.AG + EXT_1D_42525951:SNP.AC + EXT_1D_42525131:SNP.CG + EXT_1D_42522964:SNP.CT + EXT_1D_42528027:SNP.TC + EXT_1D_42525771:SNP.GA + EXT_1D_42523408:SNP.TG + EXT_1D_42523942:SNP.GA + EXT_1D_42526483:SNP.CA + EXT_1D_42522612:SNP.CG + EXT_17W_42524814:SNP.GA + EXT_17W_42524923:SNP.AG + EXT_17W_42524217:SNP.GT + EXT_17W_42522964:SNP.CT + W>
M  Contraint for 17: <gurobi.LinExpr: REG_17_42525771:SNP.GA + REG_17_42523942:SNP.GA + REG_17_42522612:SNP.CG> = 3 * A_<gurobi.Var 17>
M  Contraint for 17W: <gurobi.LinExpr: REG_17W_42525771:SNP.GA + REG_17W_42523942:SNP.GA + REG_17W_42522612:SNP.CG> = 3 * A_<gurobi.Var 17W>
M  Contraint for 42524814:SNP.GA: 0 >= <gurobi.LinExpr: REG_1C_42524814:SNP.GA>
M  Contraint for 42522964:SNP.CT: 0 >= <gurobi.LinExpr: REG_1B_42522964:SNP.CT>
M  Contraint for 42524923:SNP.AG: 0 >= <gurobi.LinExpr: REG_1E_42524923:SNP.AG>
M  Contraint for 42524217:SNP.GT: 0 >= <gurobi.LinExpr: REG_1D_42524217:SNP.GT>
M  Contraint for 42524923:SNP.AG: 0 <= <gurobi.QuadExpr: 0.0 + [ REG_1E_42524923:SNP.AG * 1E + EXT_17_42524923:SNP.AG * 17 + EXT_1_42524923:SNP.AG * 1 + EXT_1C_42524923:SNP.AG * 1C + EXT_1B_42524923:SNP.AG * 1B + EXT_1D_42524923:SNP.AG * 1D + EXT_17W_42524923:SNP.AG * 17W ]> <= 1
M  Contraint for 42525131:SNP.CG: 1 <= <gurobi.QuadExpr: 0.0 + [ REG_17_42525131:SNP.CG * 17 + REG_17W_42525131:SNP.CG * 17W + EXT_1_42525131:SNP.CG * 1 + EXT_1C_42525131:SNP.CG * 1C + EXT_1B_42525131:SNP.CG * 1B + EXT_1E_42525131:SNP.CG * 1E + EXT_1D_42525131:SNP.CG * 1D ]> <= 2
M  Contraint for 42522964:SNP.CT: 0 <= <gurobi.QuadExpr: 0.0 + [ REG_1B_42522964:SNP.CT * 1B + EXT_17_42522964:SNP.CT * 17 + EXT_1_42522964:SNP.CT * 1 + EXT_1C_42522964:SNP.CT * 1C + EXT_1E_42522964:SNP.CT * 1E + EXT_1D_42522964:SNP.CT * 1D + EXT_17W_42522964:SNP.CT * 17W ]> <= 1
M  Contraint for 42523408:SNP.TG: 1 <= <gurobi.QuadExpr: 0.0 + [ REG_17W_42523408:SNP.TG * 17W + EXT_17_42523408:SNP.TG * 17 + EXT_1_42523408:SNP.TG * 1 + EXT_1C_42523408:SNP.TG * 1C + EXT_1B_42523408:SNP.TG * 1B + EXT_1E_42523408:SNP.TG * 1E + EXT_1D_42523408:SNP.TG * 1D ]> <= 2
M  Contraint for 42528027:SNP.TC: 1 <= <gurobi.QuadExpr: 0.0 + [ REG_17W_42528027:SNP.TC * 17W + EXT_17_42528027:SNP.TC * 17 + EXT_1_42528027:SNP.TC * 1 + EXT_1C_42528027:SNP.TC * 1C + EXT_1B_42528027:SNP.TC * 1B + EXT_1E_42528027:SNP.TC * 1E + EXT_1D_42528027:SNP.TC * 1D ]> <= 2
M  Contraint for 42524814:SNP.GA: 0 <= <gurobi.QuadExpr: 0.0 + [ REG_1C_42524814:SNP.GA * 1C + EXT_17_42524814:SNP.GA * 17 + EXT_1_42524814:SNP.GA * 1 + EXT_1B_42524814:SNP.GA * 1B + EXT_1E_42524814:SNP.GA * 1E + EXT_1D_42524814:SNP.GA * 1D + EXT_17W_42524814:SNP.GA * 17W ]> <= 1
M  Contraint for 42524217:SNP.GT: 0 <= <gurobi.QuadExpr: 0.0 + [ REG_1D_42524217:SNP.GT * 1D + EXT_17_42524217:SNP.GT * 17 + EXT_1_42524217:SNP.GT * 1 + EXT_1C_42524217:SNP.GT * 1C + EXT_1B_42524217:SNP.GT * 1B + EXT_1E_42524217:SNP.GT * 1E + EXT_17W_42524217:SNP.GT * 17W ]> <= 1
M  Contraint for 42525771:SNP.GA: 1 <= <gurobi.QuadExpr: 0.0 + [ REG_17_42525771:SNP.GA * 17 + REG_17W_42525771:SNP.GA * 17W ]> <= 2
M  Contraint for 42525771:SNP.GA: <gurobi.QuadExpr: 0.0 + [ REG_17_42525771:SNP.GA * 17 + REG_17W_42525771:SNP.GA * 17W ]> <= 2
M  Contraint for 42525951:SNP.AC: 1 <= <gurobi.QuadExpr: 0.0 + [ REG_17W_42525951:SNP.AC * 17W + EXT_17_42525951:SNP.AC * 17 + EXT_1_42525951:SNP.AC * 1 + EXT_1C_42525951:SNP.AC * 1C + EXT_1B_42525951:SNP.AC * 1B + EXT_1E_42525951:SNP.AC * 1E + EXT_1D_42525951:SNP.AC * 1D ]> <= 1
M  Contraint for 42523942:SNP.GA: 1 <= <gurobi.QuadExpr: 0.0 + [ REG_17_42523942:SNP.GA * 17 + REG_17W_42523942:SNP.GA * 17W ]> <= 2
M  Contraint for 42523942:SNP.GA: <gurobi.QuadExpr: 0.0 + [ REG_17_42523942:SNP.GA * 17 + REG_17W_42523942:SNP.GA * 17W ]> <= 2
M  Contraint for 42526483:SNP.CA: 1 <= <gurobi.QuadExpr: 0.0 + [ REG_17W_42526483:SNP.CA * 17W + EXT_17_42526483:SNP.CA * 17 + EXT_1_42526483:SNP.CA * 1 + EXT_1C_42526483:SNP.CA * 1C + EXT_1B_42526483:SNP.CA * 1B + EXT_1E_42526483:SNP.CA * 1E + EXT_1D_42526483:SNP.CA * 1D ]> <= 2
M  Contraint for 42522612:SNP.CG: 1 <= <gurobi.QuadExpr: 0.0 + [ REG_17_42522612:SNP.CG * 17 + REG_17W_42522612:SNP.CG * 17W ]> <= 1
M  Contraint for 42522612:SNP.CG: <gurobi.QuadExpr: 0.0 + [ REG_17_42522612:SNP.CG * 17 + REG_17W_42522612:SNP.CG * 17W ]> <= 1
CN Solver status: optimal, opt: 562.0
  1: 1
  17W: 1
    6.3e 42525131:SNP.CG  545 ( 56 cp. 1) 
    6.1i 42525951:SNP.AC  454 ( 48 cp. 1) 
    6.0i 42528027:SNP.TC   11 ( 52 cp. 1) 
    6.2e 42525771:SNP.GA  260 ( 51 cp. 1) F
    6.7i 42523408:SNP.TG  575 ( 65 cp. 1) 
    6.6e 42523942:SNP.GA  309 ( 52 cp. 1) F
    6.1i 42526483:SNP.CA  390 ( 53 cp. 1) 
    6.9e 42522612:SNP.CG  312 ( 47 cp. 1) F
Missing:
  1: 1
  17W: 1
Extra:
  1: 1
  17W: 1
Time needed: (36.2)
Result is: [('1', '17W')]
