SAM file: bams/PGXT183.bam
File bams/PGXT183.bam has index
Coverage is 43.8878507532
== Allele Filter ==
 6.23i  97544770: SNP.TC                  110 ( 54%) ~     0 (  0)
 6.23i  97544909: SNP.TC                    3 (100%) ~     0 (  0)
 6.23i  97547830: SNP.GA                  265 (100%) ~     0 (  0)
 6.22i  97550926: SNP.CT                    2 (100%) ~     0 (  0)
 6.22i  97551252: SNP.GA                    2 (100%) ~     0 (  0)
 6.22i  97559098: SNP.AG                    2 (100%) ~     0 (  0)
 6.21i  97564649: SNP.CT                    2 (100%) ~     0 (  0)
 6.21i  97605850: SNP.TG                    2 (100%) ~     0 (  0)
 6.21i  97607099: SNP.CG                    2 (100%) ~     0 (  0)
 6.21i  97607100: SNP.TA                    2 (100%) ~     0 (  0)
 6.21i  97607102: SNP.TC                    2 (100%) ~     0 (  0)
 6.21i  97607103: SNP.AT                    2 (100%) ~     0 (  0)
 6.21i  97607199: DEL.T                     2 (100%) ~     2 (100)
 6.21i  97607200: SNP.TA                    2 (100%) ~     2 (100)
 6.21i  97607201: SNP.TG                    2 (100%) ~     2 (100)
 6.21i  97613503: SNP.TA                    2 (100%) ~     0 (  0)
 6.21i  97635829: SNP.TC                    2 (100%) ~     0 (  0)
 6.21i  97638549: SNP.GA                    2 (100%) ~     0 (  0)
 6.21i  97642341: SNP.GT                    2 (100%) ~     0 (  0)
 6.21i  97645276: SNP.AG                    2 (100%) ~     0 (  0)
 6.21i  97658394: SNP.CT                    7 (100%) ~     0 (  0)
 6.20i  97659491: SNP.TC                    2 (100%) ~     0 (  0)
 6.20i  97660276: SNP.CT                    3 (100%) ~     0 (  0)
 6.20i  97667242: SNP.CT                    2 (100%) ~     0 (  0)
 6.20i  97670172: SNP.GA                    2 (100%) ~     0 (  0)
 6.20i  97685991: SNP.CA                    2 (100%) ~     0 (  0)
 6.20i  97686035: SNP.TC                    3 (100%) ~     0 (  0)
 6.20i  97700267: SNP.AT                    2 (  8%) ~     0 (  0)
 6.19i  97732316: SNP.TC                    2 (100%) ~     0 (  0)
 6.19i  97732713: SNP.CT                    2 (100%) ~     0 (  0)
 6.19i  97736215: SNP.GA                    2 (100%) ~     0 (  0)
 6.19i  97743804: SNP.AT                    2 (100%) ~     0 (  0)
 6.19i  97751637: SNP.CT                    2 (100%) ~     0 (  0)
 6.19i  97753721: SNP.GA                    2 (100%) ~     0 (  0)
 6.19i  97764125: SNP.CA                    2 (100%) ~     0 (  0)
 6.19i  97766485: SNP.CT                    2 (100%) ~     0 (  0)
 6.19i  97770197: SNP.TA                    2 ( 50%) ~     0 (  0)
 6.17i  97777853: SNP.AG                    2 (100%) ~     0 (  0)
 6.17i  97783297: SNP.AT                    2 ( 40%) ~     0 (  0)
 6.17i  97783298: SNP.TC                    2 ( 40%) ~     0 (  0)
 6.17i  97783299: SNP.GT                    2 ( 40%) ~     0 (  0)
 6.17i  97783398: SNP.TA                    2 (100%) ~     0 (  0)
 6.17i  97783399: SNP.AG                    2 (100%) ~     0 (  0)
 6.17i  97784444: SNP.CA                    2 (100%) ~     2 (100)
 6.17i  97838886: SNP.TC                    6 (100%) ~     0 (  0)
 6.16i  97846346: SNP.CT                    3 (100%) ~     0 (  0)
 6.14i  97965580: SNP.CA                    2 (100%) ~     0 (  0)
 6.14i  97967982: SNP.AC                    2 (100%) ~     0 (  0)
 6.14i  97969061: SNP.AG                    2 (100%) ~     0 (  0)
 6.14i  97976667: SNP.AG                    2 (100%) ~     0 (  0)
 6.14i  97981141: INS.t                     7 ( 37%) ~     0 (  0)
 6.14i  97981241: SNP.TC                   45 ( 55%) ~     0 (  0)
 6.13i  97988199: SNP.GA                    6 (100%) ~     0 (  0)
 6.13i  97991451: DEL.GT                    2 (100%) ~     0 (  0)
 6.12e  98039436: SNP.CT                  371 ( 45%) ~     0 (  0)
 6.11i  98046318: SNP.AT                    2 (100%) ~     0 (  0)
 6.11i  98049948: SNP.TG                    3 (100%) ~     0 (  0)
 6.11i  98050003: SNP.CT                    2 ( 50%) ~     0 (  0)
 6.10i  98060481: SNP.AT                    2 ( 11%) ~     0 (  0)
 6.9i   98106811: SNP.CT                    2 (100%) ~     0 (  0)
 6.9i   98107054: SNP.CT                    2 (100%) ~     0 (  0)
 6.9i   98108070: SNP.TC                    2 (100%) ~     0 (  0)
 6.9i   98120998: SNP.GA                    2 (100%) ~     0 (  0)
 6.9i   98144609: SNP.AG                   21 ( 91%) ~     0 (  0)
 6.8i   98144820: SNP.AG                    2 (  5%) ~     0 (  0)
 6.8i   98156891: SNP.AG                  153 ( 48%) ~     0 (  0)
 6.8e   98157331: SNP.CG                  410 (100%) ~     0 (  0)
 6.7i   98157361: SNP.GA                  127 ( 46%) ~     0 (  0)
 6.7i   98162246: SNP.TC                    2 (100%) ~     0 (  0)
 6.7i   98164767: SNP.CT                   16 ( 53%) ~     0 (  0)
 6.6i   98165247: SNP.AT                    4 ( 18%) ~     0 (  0)
 6.6i   98175931: SNP.TG                    2 (100%) ~     0 (  0)
 6.6i   98175932: SNP.GA                    2 (100%) ~     0 (  0)
 6.6i   98175933: SNP.CT                    2 (100%) ~     0 (  0)
 6.6i   98175934: SNP.AC                    2 (100%) ~     0 (  0)
 6.6i   98176033: SNP.TG                    2 (100%) ~     0 (  0)
 6.6i   98176034: SNP.GA                    2 (100%) ~     0 (  0)
 6.6i   98176036: SNP.AC                    2 (100%) ~     0 (  0)
 6.6e   98185526: SNP.AG                  229 ( 52%) ~     0 (  0)
 6.6e   98185704: SNP.TC                   11 (  5%) ~     0 (  0)
 6.6e   98186076: SNP.TC                  160 ( 49%) ~     0 (  0)
 6.4i   98201601: SNP.CG                    2 ( 50%) ~     0 (  0)
 6.3i   98238020: SNP.TC                    2 (100%) ~     0 (  0)
 6.3i   98288610: SNP.AG                    2 (100%) ~     0 (  0)
 6.3i   98291971: DEL.TTCT                  2 (100%) ~     0 (  0)
 6.2i   98304650: SNP.TA                    2 ( 50%) ~     0 (  0)
 6.2i   98310123: SNP.AT                    2 (100%) ~     0 (  0)
 6.2i   98318603: SNP.CT                    2 (100%) ~     0 (  0)
 6.2i   98320407: SNP.CT                   28 (100%) ~     0 (  0)
 6.2i   98321341: SNP.CA                    2 (100%) ~     0 (  0)
 6.2i   98326231: DEL.A                     2 (100%) ~     0 (  0)
 6.2i   98328702: SNP.TA                    2 (100%) ~     0 (  0)
 6.2i   98328703: SNP.AT                    2 (100%) ~     0 (  0)
 6.2i   98328704: SNP.TC                    2 (100%) ~     0 (  0)
 6.2i   98328705: SNP.GT                    2 (100%) ~     0 (  0)
 6.2i   98328803: SNP.TG                    2 (100%) ~     0 (  0)
 6.2i   98328806: SNP.GC                    2 (100%) ~     0 (  0)
 6.2i   98339543: SNP.AG                    2 (100%) ~     0 (  0)
 6.2i   98339685: SNP.GT                    2 (100%) ~     0 (  0)
 6.2e   98348884: SNP.AG     85:A>G       668 (100%) ~     0 (  0)
 6.1i   98364215: SNP.GA                    2 (100%) ~     0 (  0)
 6.1i   98364429: SNP.CT                    2 (100%) ~     0 (  0)
 6.1i   98374509: SNP.AC                    2 (100%) ~     0 (  0)
 6.1i   98386401: SNP.AC                   27 (  7%) ~     0 (  0)
 6.1e   98386552: SNP.TC                  289 ( 46%) ~     0 (  0)
Removing 10    6.24e 97544626:SNP.CA
Removing 11    6.11e 98058898:SNP.CA
Removing 12    6.2e 98348907:SNP.CT,  6.12e 98039498:SNP.CA
Removing 13    6.14e 97981342:SNP.AC
Removing 2B    6.15i 97915613:SNP.CT,  6.14e 97981394:SNP.TC
Removing 2A    6.15i 97915613:SNP.CT
Removing 3     6.15e 97915621:DEL.G
Removing 4     6.14e 97981420:SNP.CT
Removing 5     6.14e 97981394:SNP.TC
Removing 6     6.19e 97770919:SNP.CT
Removing 7     6.4e 98205970:DEL.ATGA
Removing 8     6.8e 98157331:SNP.CT
Initial status
  CYP2D6.1
  CYP2D6.9B
    6.22e          97564153:SNP.CT    0 (  0)   2657:C>T
    6.2e           98348884:SNP.AG  668 (100) F 85:A>G
  CYP2D6.9
    6.2e           98348884:SNP.AG  668 (100) F 85:A>G
== Copy Number Estimator ==
CNV factor: 1.67388425683 (0.597412871244)
Coverage per region
  region:  2D6  2D7
  1e   :  1.41
  1i   :  1.21
  2e   :  2.03
  2i   :  1.91
  3e   :  1.77
  3i   :  1.81
  4e   :  2.09
  4i   :  1.95
  5e   :  1.91
  5i   :  2.07
  6e   :  2.01
  6i   :  2.02
  7e   :  1.97
  7i   :  1.80
  8e   :  1.91
  8i   :  2.10
  9e   :  2.44
  9i   :  2.68
  10e  :  2.19
  10i  :  2.04
  11e  :  1.77
  11i  :  2.02
  12e  :  1.81
  12i  :  1.89
  13e  :  1.88
  13i  :  1.96
  14e  :  2.06
  14i  :  2.68
  15e  :  2.04
  15i  :  1.98
  16e  :  2.23
  16i  :  2.52
  17e  :  2.25
  17i  :  2.34
  18e  :  2.01
  18i  :  1.86
  19e  :  1.63
  19i  :  1.96
  20e  :  1.73
  20i  :  2.07
  21e  :  1.93
  21i  :  2.25
  22e  :  2.31
  22i  :  2.19
  23e  :  1.96
  23i  :  2.14
  24e  :  1.93
Max. CN = 3
M  Sentinel contraint for 1: A_1^ <= A_1
M  Contraint for 24e: 1.93345205749 == E_24e + <gurobi.LinExpr: A1 + A1^>
M  Contraint for 7e: 1.97248865949 == E_7e + <gurobi.LinExpr: A1 + A1^>
M  Contraint for 12e: 1.80701140671 == E_12e + <gurobi.LinExpr: A1 + A1^>
M  Contraint for 16e: 2.2283999502 == E_16e + <gurobi.LinExpr: A1 + A1^>
M  Contraint for 22e: 2.30712117162 == E_22e + <gurobi.LinExpr: A1 + A1^>
M  Contraint for 9e: 2.44188982723 == E_9e + <gurobi.LinExpr: A1 + A1^>
M  Contraint for 10e: 2.19420392759 == E_10e + <gurobi.LinExpr: A1 + A1^>
M  Contraint for 14e: 2.06135191286 == E_14e + <gurobi.LinExpr: A1 + A1^>
M  Contraint for 20e: 1.73026791865 == E_20e + <gurobi.LinExpr: A1 + A1^>
M  Contraint for 1e: 1.40845244146 == E_1e + <gurobi.LinExpr: A1 + A1^>
M  Contraint for 5e: 1.91319299274 == E_5e + <gurobi.LinExpr: A1 + A1^>
M  Contraint for 3e: 1.76773740807 == E_3e + <gurobi.LinExpr: A1 + A1^>
M  Contraint for 11e: 1.76568270528 == E_11e + <gurobi.LinExpr: A1 + A1^>
M  Contraint for 6e: 2.01081276881 == E_6e + <gurobi.LinExpr: A1 + A1^>
M  Contraint for 13e: 1.88052002517 == E_13e + <gurobi.LinExpr: A1 + A1^>
M  Contraint for 23e: 1.95678557973 == E_23e + <gurobi.LinExpr: A1 + A1^>
M  Contraint for 17e: 2.24630352394 == E_17e + <gurobi.LinExpr: A1 + A1^>
M  Contraint for 8e: 1.908990258 == E_8e + <gurobi.LinExpr: A1 + A1^>
M  Contraint for 21e: 1.9319530577 == E_21e + <gurobi.LinExpr: A1 + A1^>
M  Contraint for 15e: 2.03696470824 == E_15e + <gurobi.LinExpr: A1 + A1^>
M  Contraint for 19e: 1.63189307474 == E_19e + <gurobi.LinExpr: A1 + A1^>
M  Contraint for 18e: 2.01307276664 == E_18e + <gurobi.LinExpr: A1 + A1^>
M  Contraint for 2e: 2.02782402493 == E_2e + <gurobi.LinExpr: A1 + A1^>
M  Contraint for 4e: 2.0910338891 == E_4e + <gurobi.LinExpr: A1 + A1^>
M  Objective: <gurobi.LinExpr: C26 + C27 + C28 + C29 + C30 + C31 + C32 + C33 + C34 + C35 + C36 + C37 + C38 + C39 + C40 + C41 + C42 + C43 + C44 + C45 + C46 + C47 + C48 + C49 + 0.5 A1 + 0.5 A1^>
CN Solver status: optimal, opt: 5.05055088592
  Solutions:
    ('1', '1^')
== Initial Solver ==
Solving Counter({'1': 2})
Possible candidates:
  CYP2D6.1
  CYP2D6.9
    6.2e 98348884:SNP.AG  668 ( 99) F 85:A>G
M  Max. CN for 1 = 2
M  Max. CN for 9 = 2
M  Contraint for 98348884:SNP.AG 6.2e: 668 == <gurobi.QuadExpr: 0.0 + [ 339.0 REG_9_98348884:SNP.AG * 9 + 339.0 REG_9_2_98348884:SNP.AG * 9_2 ]> + err
M  Contraint for 98348884:REF 6.2e: 10 == <gurobi.QuadExpr: 339.0 1 + 339.0 9 + 339.0 1_2 + 339.0 9_2 + [ -339.0 REG_9_98348884:SNP.AG * 9 + -339.0 REG_9_2_98348884:SNP.AG * 9_2 ]> + err
M  Contraint for 9 98348884:SNP.AG: <gurobi.Var 9> >= <gurobi.Var REG_9_98348884:SNP.AG>
M  Contraint for 9_2 98348884:SNP.AG: <gurobi.Var 9_2> >= <gurobi.Var REG_9_2_98348884:SNP.AG>
M  CN contraint for 1: 2 == <gurobi.LinExpr: 1 + 9 + 1_2 + 9_2>
M  Sentinel contraint for 1: A_1_2 <= A_1
M  Sentinel contraint for 9: A_9_2 <= A_9
M  Objective: <gurobi.LinExpr: C9 + C10>
M  Contraint for 9: A_9 * (<gurobi.LinExpr: REG_9_98348884:SNP.AG> - 1) == 0
M  Contraint for 9_2: A_9_2 * (<gurobi.LinExpr: REG_9_2_98348884:SNP.AG> - 1) == 0
M  Contraint for 98348884:SNP.AG: 1 <= <gurobi.QuadExpr: 0.0 + [ 9 * REG_9_98348884:SNP.AG + 9_2 * REG_9_2_98348884:SNP.AG ]>
M  Contraint for 98348884:SNP.AG: 1 <= <gurobi.QuadExpr: 0.0 + [ 9 * REG_9_98348884:SNP.AG + 9_2 * REG_9_2_98348884:SNP.AG ]>
CN Solver status: optimal, opt: 20.0
  solution:
    ('9', '9')
[32;01mCopy number best structures:[39;49;00m
[32;01m  (1) 2x*1-like[39;49;00m
== Refiner ==
Refining ('9', '9')
M  Sentinel constraint for 9: A_9_2 <= A_9
M  Sentinel constraint for 9B: A_9B_2 <= A_9B
M  CN constraint for 9: 2 == <gurobi.LinExpr: 9 + 9B_2 + 9B + 9_2>
M  Contraint for 97564153:SNP.CT 6.22e: 0 == <gurobi.QuadExpr: 0.0 + [ 307.5 EXT_9_97564153:SNP.CT * 9 + 307.5 REG_9B_2_97564153:SNP.CT * 9B_2 + 307.5 REG_9B_97564153:SNP.CT * 9B + 307.5 EXT_9_2_97564153:SNP.CT * 9_2 ]> + err
M  Contraint for 98348884:SNP.AG 6.2e: 668 == <gurobi.QuadExpr: 0.0 + [ 339.0 REG_9_98348884:SNP.AG * 9 + 339.0 REG_9B_2_98348884:SNP.AG * 9B_2 + 339.0 REG_9B_98348884:SNP.AG * 9B + 339.0 REG_9_2_98348884:SNP.AG * 9_2 ]> + err
M  Contraint for 98348884:REF 6.2e: 10 == <gurobi.QuadExpr: 339.0 9 + 339.0 9B_2 + 339.0 9B + 339.0 9_2 + [ -339.0 REG_9_98348884:SNP.AG * 9 + -339.0 REG_9B_2_98348884:SNP.AG * 9B_2 + -339.0 REG_9B_98348884:SNP.AG * 9B + -339.0 REG_9_2_98348884:SNP.AG * 9_2 ]> + err
M  Contraint for 97564153:REF 6.22e: 615 == <gurobi.QuadExpr: 307.5 9 + 307.5 9B_2 + 307.5 9B + 307.5 9_2 + [ -307.5 EXT_9_97564153:SNP.CT * 9 + -307.5 REG_9B_2_97564153:SNP.CT * 9B_2 + -307.5 REG_9B_97564153:SNP.CT * 9B + -307.5 EXT_9_2_97564153:SNP.CT * 9_2 ]> + err
M  Contraint for MM[missing] 9 98348884:SNP.AG: <gurobi.Var 9> >= <gurobi.Var REG_9_98348884:SNP.AG>
M  Contraint for MM[missing] 9B_2 97564153:SNP.CT: <gurobi.Var 9B_2> >= <gurobi.Var REG_9B_2_97564153:SNP.CT>
M  Contraint for MM[missing] 9B_2 98348884:SNP.AG: <gurobi.Var 9B_2> >= <gurobi.Var REG_9B_2_98348884:SNP.AG>
M  Contraint for MM[missing] 9B 97564153:SNP.CT: <gurobi.Var 9B> >= <gurobi.Var REG_9B_97564153:SNP.CT>
M  Contraint for MM[missing] 9B 98348884:SNP.AG: <gurobi.Var 9B> >= <gurobi.Var REG_9B_98348884:SNP.AG>
M  Contraint for MM[missing] 9_2 98348884:SNP.AG: <gurobi.Var 9_2> >= <gurobi.Var REG_9_2_98348884:SNP.AG>
M  Contraint for MA[extra] 9 97564153:SNP.CT: <gurobi.Var 9> >= <gurobi.Var EXT_9_97564153:SNP.CT>
M  Contraint for MA[extra] 9_2 97564153:SNP.CT: <gurobi.Var 9_2> >= <gurobi.Var EXT_9_2_97564153:SNP.CT>
M  Objective: <gurobi.LinExpr: C16 + C17 + C18 + C19 + EXT_9_97564153:SNP.CT + EXT_9_2_97564153:SNP.CT + W>
M  Contraint for 9: <gurobi.LinExpr: REG_9_98348884:SNP.AG> = 1 * A_<gurobi.Var 9>
M  Contraint for 9B_2: <gurobi.LinExpr: REG_9B_2_98348884:SNP.AG> = 1 * A_<gurobi.Var 9B_2>
M  Contraint for 9B: <gurobi.LinExpr: REG_9B_98348884:SNP.AG> = 1 * A_<gurobi.Var 9B>
M  Contraint for 9_2: <gurobi.LinExpr: REG_9_2_98348884:SNP.AG> = 1 * A_<gurobi.Var 9_2>
M  Contraint for 97564153:SNP.CT: 0 >= <gurobi.LinExpr: REG_9B_2_97564153:SNP.CT + REG_9B_97564153:SNP.CT>
M  Contraint for 97564153:SNP.CT: 0 >= <gurobi.LinExpr: REG_9B_2_97564153:SNP.CT + REG_9B_97564153:SNP.CT>
M  Contraint for 97564153:SNP.CT: 0 <= <gurobi.QuadExpr: 0.0 + [ REG_9B_2_97564153:SNP.CT * 9B_2 + REG_9B_97564153:SNP.CT * 9B + EXT_9_97564153:SNP.CT * 9 + EXT_9_2_97564153:SNP.CT * 9_2 ]> <= 1
M  Contraint for 98348884:SNP.AG: 1 <= <gurobi.QuadExpr: 0.0 + [ REG_9_98348884:SNP.AG * 9 + REG_9B_2_98348884:SNP.AG * 9B_2 + REG_9B_98348884:SNP.AG * 9B + REG_9_2_98348884:SNP.AG * 9_2 ]> <= 2
M  Contraint for 98348884:SNP.AG: <gurobi.QuadExpr: 0.0 + [ REG_9_98348884:SNP.AG * 9 + REG_9B_2_98348884:SNP.AG * 9B_2 + REG_9B_98348884:SNP.AG * 9B + REG_9_2_98348884:SNP.AG * 9_2 ]> <= 2
CN Solver status: optimal, opt: 20.0
  9: 1
    6.2e 98348884:SNP.AG  668 ( 99 cp. 2) F
  9_2: 1
    6.2e 98348884:SNP.AG  668 ( 99 cp. 2) F
Missing:
  9: 1
  9_2: 1
Extra:
  9: 1
  9_2: 1
Time needed: (26.3)
Result is: [('9', '9')]
