SAM file: bams/PGXT184.bam
File bams/PGXT184.bam has index
Coverage is 45.4035231535
== Allele Filter ==
 6.24e  97543751: SNP.GA                  292 ( 51%) ~     0 (  0)
 6.24e  97543763: SNP.CT                  286 ( 51%) ~     0 (  0)
 6.24e  97544257: SNP.AG                  234 ( 51%) ~     0 (  0)
 6.23i  97544759: SNP.CG                  152 ( 49%) ~     0 (  0)
 6.23i  97544770: SNP.TC                  115 ( 51%) ~     0 (  0)
 6.23i  97547830: SNP.GA                  277 (100%) ~     0 (  0)
 6.22i  97551436: SNP.GA                    2 (100%) ~     0 (  0)
 6.22i  97552055: SNP.TC                    2 (100%) ~     0 (  0)
 6.22i  97557072: SNP.TG                    2 (100%) ~     0 (  0)
 6.22i  97559638: SNP.AC                    2 (100%) ~     0 (  0)
 6.21i  97572338: INS.ata                   2 (100%) ~     0 (  0)
 6.21i  97594796: SNP.TC                    2 (100%) ~     0 (  0)
 6.21i  97622913: SNP.CT                    2 (100%) ~     0 (  0)
 6.21i  97631229: SNP.CT                    2 (100%) ~     0 (  0)
 6.21i  97640562: SNP.TC                    2 (100%) ~     0 (  0)
 6.21i  97645276: SNP.AG                    2 (100%) ~     0 (  0)
 6.21i  97658394: SNP.CT                    8 (100%) ~     0 (  0)
 6.20i  97660276: SNP.CT                    2 (100%) ~     0 (  0)
 6.20i  97680997: SNP.GT                    3 ( 60%) ~     0 (  0)
 6.20i  97686035: SNP.TC                    4 (100%) ~     0 (  0)
 6.20i  97696710: SNP.AT                    2 (100%) ~     0 (  0)
 6.20i  97698929: SNP.CT                    4 (100%) ~     0 (  0)
 6.19i  97704897: SNP.TC                    2 (100%) ~     0 (  0)
 6.19i  97711560: SNP.GA                    2 (100%) ~     0 (  0)
 6.19i  97738497: SNP.GT                    2 (100%) ~     0 (  0)
 6.19i  97750525: SNP.TC                    2 (100%) ~     0 (  0)
 6.19i  97756095: SNP.CA                    2 (100%) ~     0 (  0)
 6.19i  97756355: SNP.CG                    2 (100%) ~     0 (  0)
 6.19i  97768479: SNP.AG                    2 (100%) ~     0 (  0)
 6.17i  97814578: SNP.GC                    3 (100%) ~     0 (  0)
 6.17i  97822426: SNP.GA                    2 (100%) ~     0 (  0)
 6.17i  97830361: SNP.CA                    2 ( 50%) ~     0 (  0)
 6.17i  97838852: SNP.GA                    3 (100%) ~     0 (  0)
 6.16i  97839412: SNP.CG                   13 ( 87%) ~     0 (  0)
 6.16i  97847894: SNP.TG                    3 ( 12%) ~     0 (  0)
 6.16i  97847896: SNP.AT                    2 (  7%) ~     0 (  0)
 6.16i  97847897: SNP.TC                    3 ( 11%) ~     0 (  0)
 6.16i  97847898: SNP.AT                    2 (  7%) ~     0 (  0)
 6.15i  97848040: SNP.TG                  129 ( 52%) ~     0 (  0)
 6.15i  97851677: SNP.TC                    2 (100%) ~     0 (  0)
 6.15i  97851680: SNP.GT                    2 (100%) ~     0 (  0)
 6.15i  97851682: INS.t                     2 ( 50%) ~     0 (  0)
 6.15i  97851775: INS.a                     2 (100%) ~     0 (  0)
 6.15i  97851779: SNP.AG                    2 (100%) ~     0 (  0)
 6.15i  97851780: SNP.TG                    2 (100%) ~     0 (  0)
 6.15i  97895713: SNP.TC                    2 (100%) ~     0 (  0)
 6.15i  97914659: SNP.TA                    2 (100%) ~     0 (  0)
 6.14i  97928769: SNP.GC                    2 (100%) ~     0 (  0)
 6.14i  97928770: SNP.GT                    2 (100%) ~     0 (  0)
 6.14i  97928869: SNP.GA                    2 (100%) ~     0 (  0)
 6.14i  97928870: SNP.CG                    2 (100%) ~     0 (  0)
 6.14i  97948513: SNP.AT                    2 (100%) ~     0 (  0)
 6.14i  97949374: SNP.AC                    2 (100%) ~     0 (  0)
 6.14i  97974658: SNP.GA                    2 ( 50%) ~     0 (  0)
 6.14i  97981241: SNP.TC                   71 ( 66%) ~     0 (  0)
 6.13i  97981705: SNP.CT                    3 ( 50%) ~     0 (  0)
 6.13i  97982718: SNP.CA                    2 (100%) ~     0 (  0)
 6.13i  97992256: SNP.CT                    2 (100%) ~     0 (  0)
 6.12i  98017286: SNP.GT                    2 ( 40%) ~     0 (  0)
 6.12i  98021884: SNP.TA                    2 (100%) ~     0 (  0)
 6.12i  98026877: SNP.CT                    2 (100%) ~     0 (  0)
 6.11i  98049584: SNP.GC                    2 (100%) ~     0 (  0)
 6.11i  98055580: SNP.TC                    2 (100%) ~     0 (  0)
 6.10i  98060294: SNP.AG                    2 (100%) ~     0 (  0)
 6.9i   98064403: SNP.AT                    2 (100%) ~     0 (  0)
 6.9i   98088157: SNP.CT                    2 (100%) ~     0 (  0)
 6.9i   98100211: SNP.AT                    2 (100%) ~     0 (  0)
 6.9i   98120612: SNP.AG                    2 (100%) ~     0 (  0)
 6.9i   98121362: SNP.GA                    2 (100%) ~     0 (  0)
 6.9i   98143292: SNP.TC                    2 (100%) ~     0 (  0)
 6.9i   98143315: DEL.T                     2 (100%) ~     0 (  0)
 6.9i   98144629: SNP.AT                    2 (  6%) ~     1 ( 50)
 6.8i   98152580: SNP.AC                    2 (100%) ~     0 (  0)
 6.8i   98152603: SNP.GA                    2 (100%) ~     0 (  0)
 6.8e   98157331: SNP.CG                  536 (100%) ~     1 (  0)
 6.6i   98165454: SNP.GT                    4 ( 57%) ~     0 (  0)
 6.6e   98185526: SNP.AG                  450 (100%) ~     0 (  0)
 6.6e   98185721: SNP.AT                   12 (  5%) ~     0 (  0)
 6.6e   98185744: SNP.AC                   13 (  6%) ~     0 (  0)
 6.6e   98186076: SNP.TC                  303 (100%) ~     0 (  0)
 6.3i   98207519: SNP.GT                    2 (100%) ~     0 (  0)
 6.3i   98226469: SNP.CA                    2 ( 50%) ~     0 (  0)
 6.2i   98293874: SNP.TA                    2 (  5%) ~     0 (  0)
 6.2i   98305404: SNP.AG                    2 (100%) ~     0 (  0)
 6.2i   98305405: SNP.GA                    2 (100%) ~     0 (  0)
 6.2i   98305407: SNP.GC                    2 (100%) ~     0 (  0)
 6.2i   98305408: SNP.CT                    2 (100%) ~     0 (  0)
 6.2i   98305410: SNP.AG                    2 ( 50%) ~     0 (  0)
 6.2i   98305504: SNP.TA                    2 (100%) ~     0 (  0)
 6.2i   98305505: SNP.TG                    2 (100%) ~     0 (  0)
 6.2i   98316150: DEL.AG                    2 (100%) ~     0 (  0)
 6.2i   98320407: SNP.CT                   34 (100%) ~     0 (  0)
 6.2i   98320491: SNP.CA                  245 (100%) ~     0 (  0)
 6.2i   98321144: DEL.A                     2 (100%) ~     0 (  0)
 6.2i   98345448: SNP.AT                    2 (100%) ~     0 (  0)
 6.1i   98353415: SNP.AG                    2 (100%) ~     0 (  0)
 6.1i   98360090: SNP.TA                    2 (100%) ~     0 (  0)
 6.1i   98362039: SNP.TC                    3 (100%) ~     0 (  0)
 6.1i   98374778: SNP.TC                    2 (100%) ~     0 (  0)
 6.1i   98381537: SNP.CT                    2 (100%) ~     0 (  0)
 6.1i   98381539: SNP.AT                    2 (100%) ~     0 (  0)
 6.1i   98381638: SNP.GA                    2 (100%) ~     0 (  0)
 6.1i   98381639: SNP.TG                    2 (100%) ~     0 (  0)
 6.1i   98381640: SNP.TA                    2 (100%) ~     0 (  0)
 6.1i   98382112: SNP.GA                    2 (100%) ~     0 (  0)
 6.1i   98382113: SNP.GT                    2 (100%) ~     0 (  0)
Removing 10    6.24e 97544626:SNP.CA
Removing 11    6.11e 98058898:SNP.CA
Removing 12    6.2e 98348907:SNP.CT,  6.12e 98039498:SNP.CA
Removing 13    6.14e 97981342:SNP.AC
Removing 2B    6.15i 97915613:SNP.CT,  6.14e 97981394:SNP.TC
Removing 2A    6.15i 97915613:SNP.CT
Removing 3     6.15e 97915621:DEL.G
Removing 4     6.14e 97981420:SNP.CT
Removing 5     6.14e 97981394:SNP.TC
Removing 6     6.19e 97770919:SNP.CT
Removing 7     6.4e 98205970:DEL.ATGA
Removing 8     6.8e 98157331:SNP.CT
Removing 9B    6.2e 98348884:SNP.AG
Removing 9     6.2e 98348884:SNP.AG
Initial status
  CYP2D6.1
== Copy Number Estimator ==
CNV factor: 1.43650993067 (0.696131630312)
Coverage per region
  region:  2D6  2D7
  1e   :  1.62
  1i   :  1.12
  2e   :  1.76
  2i   :  1.86
  3e   :  1.52
  3i   :  1.60
  4e   :  1.86
  4i   :  1.70
  5e   :  1.63
  5i   :  1.70
  6e   :  1.74
  6i   :  1.82
  7e   :  1.92
  7i   :  1.72
  8e   :  2.04
  8i   :  1.83
  9e   :  2.17
  9i   :  2.29
  10e  :  1.85
  10i  :  1.91
  11e  :  1.72
  11i  :  1.73
  12e  :  1.73
  12i  :  1.50
  13e  :  1.68
  13i  :  1.67
  14e  :  1.82
  14i  :  2.20
  15e  :  1.88
  15i  :  2.02
  16e  :  2.18
  16i  :  2.12
  17e  :  1.88
  17i  :  2.09
  18e  :  1.91
  18i  :  1.78
  19e  :  1.77
  19i  :  1.80
  20e  :  1.69
  20i  :  1.98
  21e  :  1.94
  21i  :  1.99
  22e  :  1.82
  22i  :  1.94
  23e  :  1.83
  23i  :  2.04
  24e  :  1.79
Max. CN = 2
M  Sentinel contraint for 1: A_1^ <= A_1
M  Contraint for 24e: 1.78535346646 == E_24e + <gurobi.LinExpr: A1 + A1^>
M  Contraint for 7e: 1.9183213109 == E_7e + <gurobi.LinExpr: A1 + A1^>
M  Contraint for 12e: 1.72970297013 == E_12e + <gurobi.LinExpr: A1 + A1^>
M  Contraint for 16e: 2.17852719085 == E_16e + <gurobi.LinExpr: A1 + A1^>
M  Contraint for 22e: 1.81506356403 == E_22e + <gurobi.LinExpr: A1 + A1^>
M  Contraint for 9e: 2.16787147417 == E_9e + <gurobi.LinExpr: A1 + A1^>
M  Contraint for 10e: 1.84878183903 == E_10e + <gurobi.LinExpr: A1 + A1^>
M  Contraint for 14e: 1.8233080682 == E_14e + <gurobi.LinExpr: A1 + A1^>
M  Contraint for 20e: 1.69049868787 == E_20e + <gurobi.LinExpr: A1 + A1^>
M  Contraint for 1e: 1.61595856005 == E_1e + <gurobi.LinExpr: A1 + A1^>
M  Contraint for 5e: 1.63399763934 == E_5e + <gurobi.LinExpr: A1 + A1^>
M  Contraint for 3e: 1.51702552997 == E_3e + <gurobi.LinExpr: A1 + A1^>
M  Contraint for 11e: 1.71584937801 == E_11e + <gurobi.LinExpr: A1 + A1^>
M  Contraint for 6e: 1.74284948437 == E_6e + <gurobi.LinExpr: A1 + A1^>
M  Contraint for 13e: 1.684748599 == E_13e + <gurobi.LinExpr: A1 + A1^>
M  Contraint for 23e: 1.83156956109 == E_23e + <gurobi.LinExpr: A1 + A1^>
M  Contraint for 17e: 1.88174700106 == E_17e + <gurobi.LinExpr: A1 + A1^>
M  Contraint for 8e: 2.0353607773 == E_8e + <gurobi.LinExpr: A1 + A1^>
M  Contraint for 21e: 1.9449059299 == E_21e + <gurobi.LinExpr: A1 + A1^>
M  Contraint for 15e: 1.88182390243 == E_15e + <gurobi.LinExpr: A1 + A1^>
M  Contraint for 19e: 1.76715819712 == E_19e + <gurobi.LinExpr: A1 + A1^>
M  Contraint for 18e: 1.91278613303 == E_18e + <gurobi.LinExpr: A1 + A1^>
M  Contraint for 2e: 1.76173492286 == E_2e + <gurobi.LinExpr: A1 + A1^>
M  Contraint for 4e: 1.86352552633 == E_4e + <gurobi.LinExpr: A1 + A1^>
M  Objective: <gurobi.LinExpr: C26 + C27 + C28 + C29 + C30 + C31 + C32 + C33 + C34 + C35 + C36 + C37 + C38 + C39 + C40 + C41 + C42 + C43 + C44 + C45 + C46 + C47 + C48 + C49 + 0.5 A1 + 0.5 A1^>
CN Solver status: optimal, opt: 6.01504917114
  Solutions:
    ('1', '1^')
== Initial Solver ==
Solving Counter({'1': 2})
Possible candidates:
  CYP2D6.1
M  Max. CN for 1 = 2
M  CN contraint for 1: 2 == <gurobi.LinExpr: 1 + 1_2>
M  Sentinel contraint for 1: A_1_2 <= A_1
M  Objective: 0
CN Solver status: optimal, opt: 0.0
  solution:
    ('1', '1')
[32;01mCopy number best structures:[39;49;00m
[32;01m  (1) 2x*1-like[39;49;00m
== Refiner ==
Refining ('1', '1')
M  Sentinel constraint for 1: A_1_2 <= A_1
M  CN constraint for 1: 2 == <gurobi.LinExpr: 1 + 1_2>
M  Objective: <gurobi.LinExpr: W>
CN Solver status: optimal, opt: 0.0
  1: 1
  1_2: 1
Missing:
  1: 1
  1_2: 1
Extra:
  1: 1
  1_2: 1
Time needed: (26.6)
Result is: [('1', '1')]
