SAM file: bams/PGXT185.bam
File bams/PGXT185.bam has index
Coverage is 70.3489912392
== Allele Filter ==
 6.0i   15989404: SNP.CT                    3 (100%) ~     0 (  0)
 6.12e  15989695: SNP.GC                   48 ( 22%) ~     8 ( 17)
 6.12e  15989729: SNP.TC                   68 ( 31%) ~     5 (  7)
 6.11i  15989856: SNP.TC                    6 ( 20%) ~     3 ( 50)
 6.8i   15996482: INS.g                    13 ( 45%) ~     0 (  0)
 6.8e   15996819: SNP.GA                  383 ( 47%) ~     0 (  0)
 6.6i   16000165: SNP.TC                  110 ( 55%) ~     0 (  0)
 6.5i   16000608: SNP.TA                   15 ( 54%) ~     0 (  0)
 6.5i   16000613: INS.a                     2 (  7%) ~     0 (  0)
 6.5i   16000738: SNP.GA                    4 ( 40%) ~     0 (  0)
 6.4i   16002879: SNP.CT                    2 (  8%) ~     0 (  0)
 6.1i   16006878: SNP.CT                    2 ( 50%) ~     0 (  0)
Removing 2     6.1e 16008387:SNP.AC
Removing 3     6.10e 15990430:SNP.CT
Removing 4     6.1e 16008387:SNP.AC,  6.10e 15990430:SNP.CT
Initial status
  CYP2D6.1
== Copy Number Estimator ==
CNV factor: 2.22972398022 (0.448486004937)
Coverage per region
  region:  2D6  2D7
  0i   :  2.05
  1e   :  1.88
  1i   :  2.15
  2e   :  2.17
  2i   :  1.97
  3e   :  2.17
  3i   :  2.09
  4e   :  2.35
  4i   :  2.05
  5e   :  1.72
  5i   :  2.28
  6e   :  2.02
  6i   :  2.51
  7e   :  3.48
  7i   :  2.27
  8e   :  1.92
  8i   :  2.10
  9e   :  2.42
  9i   :  1.82
  10e  :  2.07
  10i  :  2.30
  11e  :  2.06
  11i  :  2.38
  12e  :  1.78
Max. CN = 3
M  Sentinel contraint for 1: A_1^ <= A_1
M  Contraint for 7e: 3.47882445485 == E_7e + <gurobi.LinExpr: A1 + A1^>
M  Contraint for 6e: 2.02099987111 == E_6e + <gurobi.LinExpr: A1 + A1^>
M  Contraint for 9e: 2.4150679901 == E_9e + <gurobi.LinExpr: A1 + A1^>
M  Contraint for 8e: 1.92380889156 == E_8e + <gurobi.LinExpr: A1 + A1^>
M  Contraint for 2e: 2.17368950621 == E_2e + <gurobi.LinExpr: A1 + A1^>
M  Contraint for 1e: 1.88373253594 == E_1e + <gurobi.LinExpr: A1 + A1^>
M  Contraint for 5e: 1.71800376835 == E_5e + <gurobi.LinExpr: A1 + A1^>
M  Contraint for 4e: 2.35105506479 == E_4e + <gurobi.LinExpr: A1 + A1^>
M  Contraint for 3e: 2.17229686949 == E_3e + <gurobi.LinExpr: A1 + A1^>
M  Objective: <gurobi.LinExpr: C11 + C12 + C13 + C14 + C15 + C16 + C17 + C18 + C19 + 0.5 A1 + 0.5 A1^>
CN Solver status: optimal, opt: 4.0863885607
  Solutions:
    ('1', '1^')
== Initial Solver ==
Solving Counter({'1': 2})
Possible candidates:
  CYP2D6.1
M  Max. CN for 1 = 2
M  CN contraint for 1: 2 == <gurobi.LinExpr: 1 + 1_2>
M  Sentinel contraint for 1: A_1_2 <= A_1
M  Objective: 0
CN Solver status: optimal, opt: 0.0
  solution:
    ('1', '1')
[32;01mCopy number best structures:[39;49;00m
[32;01m  (1) 2x*1-like[39;49;00m
== Refiner ==
Refining ('1', '1')
M  Sentinel constraint for 1: A_1_2 <= A_1
M  CN constraint for 1: 2 == <gurobi.LinExpr: 1 + 1_2>
M  Objective: <gurobi.LinExpr: W>
CN Solver status: optimal, opt: 0.0
  1: 1
  1_2: 1
Missing:
  1: 1
  1_2: 1
Extra:
  1: 1
  1_2: 1
Time needed: (19.0)
Result is: [('1', '1')]
