SAM file: bams/PGXT186.bam
File bams/PGXT186.bam has index
Coverage is 223.816436603
== Allele Filter ==
 6.0i   99245012: SNP.TG                   47 ( 45%) ~     0 (  0)
 6.0i   99245079: SNP.AC                  721 (100%) ~     0 (  0)
 6.0i   99245363: SNP.GA                  207 ( 50%) ~     0 (  0)
 6.10i  99251706: SNP.AG                    2 (100%) ~     0 (  0)
 6.10i  99251867: SNP.AC                    2 (100%) ~     0 (  0)
 6.10i  99257785: SNP.GC                    8 ( 47%) ~     0 (  0)
 6.10i  99257868: SNP.AT                    4 (  6%) ~     0 (  0)
 6.9i   99258415: SNP.GT                    2 (  5%) ~     0 (  0)
 6.9i   99260091: SNP.TC                    2 ( 22%) ~     0 (  0)
 6.9i   99260385: SNP.GC                   40 (  7%) ~     0 (  0)
 6.9i   99260401: SNP.TC                   57 ( 10%) ~     0 (  0)
 6.8i   99260918: SNP.CG                  149 ( 48%) ~     0 (  0)
 6.7i   99262571: SNP.GA                   17 (100%) ~     0 (  0)
 6.7e   99262834: SNP.CT     14690:G>A    275 ( 45%) ~     0 (  0)
 6.4i   99264809: SNP.CA                    3 (  7%) ~     0 (  0)
 6.4i   99268775: SNP.GA                   24 (  7%) ~     3 ( 12)
 6.4i   99268777: SNP.GT                   23 (  7%) ~     1 (  4)
 6.4i   99268779: SNP.GT                   18 (  6%) ~     3 ( 17)
 6.4i   99268792: SNP.AT                  152 ( 49%) ~     0 (  0)
 6.4i   99268886: SNP.TG                  135 ( 33%) ~     0 (  0)
 6.4i   99268893: SNP.GT                   22 (  5%) ~     0 (  0)
 6.3i   99271927: SNP.GA                  165 ( 46%) ~     0 (  0)
Removing 2     6.11e 99250235:SNP.GT
Removing 3K    6.3i 99270538:SNP.TC,  6.12e 99247771:SNP.AG
Removing 3J    6.3i 99270538:SNP.TC,  6.12e 99247742:SNP.TC
Removing 3H    6.3i 99270538:SNP.TC
Removing 3L    6.2e 99273744:SNP.TC,  6.3i 99270538:SNP.TC
Removing 3C    6.3i 99270538:SNP.TC
Removing 3B    6.2e 99273814:SNP.GA,  6.2e 99273810:INS.c,  6.3i 99270538:SNP.TC
Removing 3A    6.3i 99270538:SNP.TC
Removing 3G    6.3i 99270538:SNP.TC,  6.5i 99264572:SNP.AG
Removing 3F    6.3i 99270538:SNP.TC,  6.13e 99245973:SNP.AG
Removing 3E    6.3i 99270538:SNP.TC
Removing 3D    6.3i 99270538:SNP.TC,  6.4e 99270275:SNP.AC
Removing 3I    6.3i 99270538:SNP.TC
Removing 4     6.7e 99262859:SNP.TC
Removing 5     6.5i 99264572:SNP.AG
Removing 7     6.11e 99250393:INS.a
Removing 8     6.2e 99273820:SNP.GA
Removing 9X    6.10e 99258138:SNP.CT
Removing 9     6.10e 99258138:SNP.CT,  6.3i 99270538:SNP.TC
Initial status
  CYP2D6.1C
                   99277592:SNP.GA    0 (  0)   -74:C>T
  CYP2D6.1E
    6.9i           99260361:SNP.CA    0 (  0)   17163:G>T
  CYP2D6.1D
    6.0i           99245913:SNP.GA    0 (  0)   31611:C>T
  CYP2D6.1
  CYP2D6.1B
                   99277604:SNP.CT    0 (  0)   -86:G>A
  CYP2D6.6
    6.7e           99262834:SNP.CT  275 ( 45) F 14690:G>A
== Copy Number Estimator ==
CNV factor: 1.53441177009 (0.651715543047)
Coverage per region
  region:  2D6  2D7
  0i   :  1.66
  1e   :  1.76
  1i   :  1.97
  2e   :  2.23
  2i   :  2.25
  3e   :  2.66
  3i   :  1.78
  4e   :  1.77
  4i   :  1.99
  5e   :  1.97
  5i   :  1.86
  6e   :  1.96
  6i   :  2.00
  7e   :  1.89
  7i   :  2.05
  8e   :  2.20
  8i   :  1.87
  9e   :  2.33
  9i   :  2.01
  10e  :  2.04
  10i  :  2.13
  11e  :  2.03
  11i  :  1.97
  12e  :  1.81
  12i  :  2.31
  13e  :  2.28
Max. CN = 3
M  Sentinel contraint for 1: A_1^ <= A_1
M  Contraint for 7e: 1.88691952335 == E_7e + <gurobi.LinExpr: A1 + A1^>
M  Contraint for 6e: 1.95568152318 == E_6e + <gurobi.LinExpr: A1 + A1^>
M  Contraint for 9e: 2.32621677984 == E_9e + <gurobi.LinExpr: A1 + A1^>
M  Contraint for 8e: 2.20477202991 == E_8e + <gurobi.LinExpr: A1 + A1^>
M  Contraint for 2e: 2.23472895899 == E_2e + <gurobi.LinExpr: A1 + A1^>
M  Contraint for 1e: 1.76352036791 == E_1e + <gurobi.LinExpr: A1 + A1^>
M  Contraint for 5e: 1.97468876419 == E_5e + <gurobi.LinExpr: A1 + A1^>
M  Contraint for 4e: 1.76876049308 == E_4e + <gurobi.LinExpr: A1 + A1^>
M  Contraint for 3e: 2.658471861 == E_3e + <gurobi.LinExpr: A1 + A1^>
M  Objective: <gurobi.LinExpr: C11 + C12 + C13 + C14 + C15 + C16 + C17 + C18 + C19 + 0.5 A1 + 0.5 A1^>
CN Solver status: optimal, opt: 3.07461895803
  Solutions:
    ('1', '1^')
== Initial Solver ==
Solving Counter({'1': 2})
Possible candidates:
  CYP2D6.1
  CYP2D6.6
    6.7e 99262834:SNP.CT  275 ( 45) F 14690:G>A
M  Max. CN for 1 = 2
M  Max. CN for 6 = 2
M  Contraint for 99262834:REF 6.7e: 334 == <gurobi.QuadExpr: 304.5 1 + 304.5 1_2 + 304.5 6_2 + 304.5 6 + [ -304.5 REG_6_2_99262834:SNP.CT * 6_2 + -304.5 REG_6_99262834:SNP.CT * 6 ]> + err
M  Contraint for 99262834:SNP.CT 6.7e: 275 == <gurobi.QuadExpr: 0.0 + [ 304.5 REG_6_2_99262834:SNP.CT * 6_2 + 304.5 REG_6_99262834:SNP.CT * 6 ]> + err
M  Contraint for 6_2 99262834:SNP.CT: <gurobi.Var 6_2> >= <gurobi.Var REG_6_2_99262834:SNP.CT>
M  Contraint for 6 99262834:SNP.CT: <gurobi.Var 6> >= <gurobi.Var REG_6_99262834:SNP.CT>
M  CN contraint for 1: 2 == <gurobi.LinExpr: 1 + 1_2 + 6_2 + 6>
M  Sentinel contraint for 1: A_1_2 <= A_1
M  Sentinel contraint for 6: A_6_2 <= A_6
M  Objective: <gurobi.LinExpr: C9 + C10>
M  Contraint for 6_2: A_6_2 * (<gurobi.LinExpr: REG_6_2_99262834:SNP.CT> - 1) == 0
M  Contraint for 6: A_6 * (<gurobi.LinExpr: REG_6_99262834:SNP.CT> - 1) == 0
M  Contraint for 99262834:SNP.CT: 1 <= <gurobi.QuadExpr: 0.0 + [ 6_2 * REG_6_2_99262834:SNP.CT + 6 * REG_6_99262834:SNP.CT ]>
M  Contraint for 99262834:SNP.CT: 1 <= <gurobi.QuadExpr: 0.0 + [ 6_2 * REG_6_2_99262834:SNP.CT + 6 * REG_6_99262834:SNP.CT ]>
CN Solver status: optimal, opt: 59.0
  solution:
    ('1', '6')
[32;01mCopy number best structures:[39;49;00m
[32;01m  (1) 2x*1-like[39;49;00m
== Refiner ==
Refining ('1', '6')
M  CN constraint for 1: 1 == <gurobi.LinExpr: 1 + 1C + 1B + 1E + 1D>
M  CN constraint for 6: 1 == <gurobi.LinExpr: 6>
M  Contraint for 99277604:REF : 700 == <gurobi.QuadExpr: 0.0 + [ -0.0 EXT_1_99277604:SNP.CT * 1 + -0.0 EXT_1C_99277604:SNP.CT * 1C + -0.0 REG_1B_99277604:SNP.CT * 1B + -0.0 EXT_1E_99277604:SNP.CT * 1E + -0.0 EXT_1D_99277604:SNP.CT * 1D + -0.0 EXT_6_99277604:SNP.CT * 6 ]> + err
M  Contraint for 99262834:SNP.CT 6.7e: 275 == <gurobi.QuadExpr: 0.0 + [ 304.5 EXT_1_99262834:SNP.CT * 1 + 304.5 EXT_1C_99262834:SNP.CT * 1C + 304.5 EXT_1B_99262834:SNP.CT * 1B + 304.5 EXT_1E_99262834:SNP.CT * 1E + 304.5 EXT_1D_99262834:SNP.CT * 1D + 304.5 REG_6_99262834:SNP.CT * 6 ]> + err
M  Contraint for 99277592:SNP.GA : 0 == <gurobi.QuadExpr: 0.0 + [ 0.0 EXT_1_99277592:SNP.GA * 1 + 0.0 REG_1C_99277592:SNP.GA * 1C + 0.0 EXT_1B_99277592:SNP.GA * 1B + 0.0 EXT_1E_99277592:SNP.GA * 1E + 0.0 EXT_1D_99277592:SNP.GA * 1D + 0.0 EXT_6_99277592:SNP.GA * 6 ]> + err
M  Contraint for 99277592:REF : 714 == <gurobi.QuadExpr: 0.0 + [ -0.0 EXT_1_99277592:SNP.GA * 1 + -0.0 REG_1C_99277592:SNP.GA * 1C + -0.0 EXT_1B_99277592:SNP.GA * 1B + -0.0 EXT_1E_99277592:SNP.GA * 1E + -0.0 EXT_1D_99277592:SNP.GA * 1D + -0.0 EXT_6_99277592:SNP.GA * 6 ]> + err
M  Contraint for 99260361:REF 6.9i: 422 == <gurobi.QuadExpr: 211.0 1 + 211.0 1C + 211.0 1B + 211.0 1E + 211.0 1D + 211.0 6 + [ -211.0 EXT_1_99260361:SNP.CA * 1 + -211.0 EXT_1C_99260361:SNP.CA * 1C + -211.0 EXT_1B_99260361:SNP.CA * 1B + -211.0 REG_1E_99260361:SNP.CA * 1E + -211.0 EXT_1D_99260361:SNP.CA * 1D + -211.0 EXT_6_99260361:SNP.CA * 6 ]> + err
M  Contraint for 99260361:SNP.CA 6.9i: 0 == <gurobi.QuadExpr: 0.0 + [ 211.0 EXT_1_99260361:SNP.CA * 1 + 211.0 EXT_1C_99260361:SNP.CA * 1C + 211.0 EXT_1B_99260361:SNP.CA * 1B + 211.0 REG_1E_99260361:SNP.CA * 1E + 211.0 EXT_1D_99260361:SNP.CA * 1D + 211.0 EXT_6_99260361:SNP.CA * 6 ]> + err
M  Contraint for 99245913:SNP.GA 6.0i: 0 == <gurobi.QuadExpr: 0.0 + [ 265.5 EXT_1_99245913:SNP.GA * 1 + 265.5 EXT_1C_99245913:SNP.GA * 1C + 265.5 EXT_1B_99245913:SNP.GA * 1B + 265.5 EXT_1E_99245913:SNP.GA * 1E + 265.5 REG_1D_99245913:SNP.GA * 1D + 265.5 EXT_6_99245913:SNP.GA * 6 ]> + err
M  Contraint for 99262834:REF 6.7e: 334 == <gurobi.QuadExpr: 304.5 1 + 304.5 1C + 304.5 1B + 304.5 1E + 304.5 1D + 304.5 6 + [ -304.5 EXT_1_99262834:SNP.CT * 1 + -304.5 EXT_1C_99262834:SNP.CT * 1C + -304.5 EXT_1B_99262834:SNP.CT * 1B + -304.5 EXT_1E_99262834:SNP.CT * 1E + -304.5 EXT_1D_99262834:SNP.CT * 1D + -304.5 REG_6_99262834:SNP.CT * 6 ]> + err
M  Contraint for 99277604:SNP.CT : 0 == <gurobi.QuadExpr: 0.0 + [ 0.0 EXT_1_99277604:SNP.CT * 1 + 0.0 EXT_1C_99277604:SNP.CT * 1C + 0.0 REG_1B_99277604:SNP.CT * 1B + 0.0 EXT_1E_99277604:SNP.CT * 1E + 0.0 EXT_1D_99277604:SNP.CT * 1D + 0.0 EXT_6_99277604:SNP.CT * 6 ]> + err
M  Contraint for 99245913:REF 6.0i: 531 == <gurobi.QuadExpr: 265.5 1 + 265.5 1C + 265.5 1B + 265.5 1E + 265.5 1D + 265.5 6 + [ -265.5 EXT_1_99245913:SNP.GA * 1 + -265.5 EXT_1C_99245913:SNP.GA * 1C + -265.5 EXT_1B_99245913:SNP.GA * 1B + -265.5 EXT_1E_99245913:SNP.GA * 1E + -265.5 REG_1D_99245913:SNP.GA * 1D + -265.5 EXT_6_99245913:SNP.GA * 6 ]> + err
M  Contraint for MM[missing] 1C 99277592:SNP.GA: <gurobi.Var 1C> >= <gurobi.Var REG_1C_99277592:SNP.GA>
M  Contraint for MM[missing] 1B 99277604:SNP.CT: <gurobi.Var 1B> >= <gurobi.Var REG_1B_99277604:SNP.CT>
M  Contraint for MM[missing] 1E 99260361:SNP.CA: <gurobi.Var 1E> >= <gurobi.Var REG_1E_99260361:SNP.CA>
M  Contraint for MM[missing] 1D 99245913:SNP.GA: <gurobi.Var 1D> >= <gurobi.Var REG_1D_99245913:SNP.GA>
M  Contraint for MM[missing] 6 99262834:SNP.CT: <gurobi.Var 6> >= <gurobi.Var REG_6_99262834:SNP.CT>
M  Contraint for MA[extra] 1 99277604:SNP.CT: <gurobi.Var 1> >= <gurobi.Var EXT_1_99277604:SNP.CT>
M  Contraint for MA[extra] 1 99277592:SNP.GA: <gurobi.Var 1> >= <gurobi.Var EXT_1_99277592:SNP.GA>
M  Contraint for MA[extra] 1 99245913:SNP.GA: <gurobi.Var 1> >= <gurobi.Var EXT_1_99245913:SNP.GA>
M  Contraint for MA[extra] 1 99262834:SNP.CT: <gurobi.Var 1> >= <gurobi.Var EXT_1_99262834:SNP.CT>
M  Contraint for MA[extra] 1 99260361:SNP.CA: <gurobi.Var 1> >= <gurobi.Var EXT_1_99260361:SNP.CA>
M  Contraint for MA[extra] 1C 99277604:SNP.CT: <gurobi.Var 1C> >= <gurobi.Var EXT_1C_99277604:SNP.CT>
M  Contraint for MA[extra] 1C 99245913:SNP.GA: <gurobi.Var 1C> >= <gurobi.Var EXT_1C_99245913:SNP.GA>
M  Contraint for MA[extra] 1C 99262834:SNP.CT: <gurobi.Var 1C> >= <gurobi.Var EXT_1C_99262834:SNP.CT>
M  Contraint for MA[extra] 1C 99260361:SNP.CA: <gurobi.Var 1C> >= <gurobi.Var EXT_1C_99260361:SNP.CA>
M  Contraint for MA[extra] 1B 99277592:SNP.GA: <gurobi.Var 1B> >= <gurobi.Var EXT_1B_99277592:SNP.GA>
M  Contraint for MA[extra] 1B 99245913:SNP.GA: <gurobi.Var 1B> >= <gurobi.Var EXT_1B_99245913:SNP.GA>
M  Contraint for MA[extra] 1B 99262834:SNP.CT: <gurobi.Var 1B> >= <gurobi.Var EXT_1B_99262834:SNP.CT>
M  Contraint for MA[extra] 1B 99260361:SNP.CA: <gurobi.Var 1B> >= <gurobi.Var EXT_1B_99260361:SNP.CA>
M  Contraint for MA[extra] 1E 99277604:SNP.CT: <gurobi.Var 1E> >= <gurobi.Var EXT_1E_99277604:SNP.CT>
M  Contraint for MA[extra] 1E 99277592:SNP.GA: <gurobi.Var 1E> >= <gurobi.Var EXT_1E_99277592:SNP.GA>
M  Contraint for MA[extra] 1E 99245913:SNP.GA: <gurobi.Var 1E> >= <gurobi.Var EXT_1E_99245913:SNP.GA>
M  Contraint for MA[extra] 1E 99262834:SNP.CT: <gurobi.Var 1E> >= <gurobi.Var EXT_1E_99262834:SNP.CT>
M  Contraint for MA[extra] 1D 99277604:SNP.CT: <gurobi.Var 1D> >= <gurobi.Var EXT_1D_99277604:SNP.CT>
M  Contraint for MA[extra] 1D 99277592:SNP.GA: <gurobi.Var 1D> >= <gurobi.Var EXT_1D_99277592:SNP.GA>
M  Contraint for MA[extra] 1D 99262834:SNP.CT: <gurobi.Var 1D> >= <gurobi.Var EXT_1D_99262834:SNP.CT>
M  Contraint for MA[extra] 1D 99260361:SNP.CA: <gurobi.Var 1D> >= <gurobi.Var EXT_1D_99260361:SNP.CA>
M  Contraint for MA[extra] 6 99277604:SNP.CT: <gurobi.Var 6> >= <gurobi.Var EXT_6_99277604:SNP.CT>
M  Contraint for MA[extra] 6 99277592:SNP.GA: <gurobi.Var 6> >= <gurobi.Var EXT_6_99277592:SNP.GA>
M  Contraint for MA[extra] 6 99245913:SNP.GA: <gurobi.Var 6> >= <gurobi.Var EXT_6_99245913:SNP.GA>
M  Contraint for MA[extra] 6 99260361:SNP.CA: <gurobi.Var 6> >= <gurobi.Var EXT_6_99260361:SNP.CA>
M  Objective: <gurobi.LinExpr: C46 + C47 + C48 + C49 + C50 + C51 + C52 + C53 + C54 + C55 + EXT_1_99277604:SNP.CT + EXT_1_99277592:SNP.GA + EXT_1_99245913:SNP.GA + EXT_1_99262834:SNP.CT + EXT_1_99260361:SNP.CA + EXT_1C_99277604:SNP.CT + EXT_1C_99245913:SNP.GA + EXT_1C_99262834:SNP.CT + EXT_1C_99260361:SNP.CA + EXT_1B_99277592:SNP.GA + EXT_1B_99245913:SNP.GA + EXT_1B_99262834:SNP.CT + EXT_1B_99260361:SNP.CA + EXT_1E_99277604:SNP.CT + EXT_1E_99277592:SNP.GA + EXT_1E_99245913:SNP.GA + EXT_1E_99262834:SNP.CT + EXT_1D_99277604:SNP.CT + EXT_1D_99277592:SNP.GA + EXT_1D_99262834:SNP.CT + EXT_1D_99260361:SNP.CA + EXT_6_99277604:SNP.CT + EXT_6_99277592:SNP.GA + EXT_6_99245913:SNP.GA + EXT_6_99260361:SNP.CA + W>
M  Contraint for 6: <gurobi.LinExpr: REG_6_99262834:SNP.CT> = 1 * A_<gurobi.Var 6>
M  Contraint for 99277592:SNP.GA: 0 >= <gurobi.LinExpr: REG_1C_99277592:SNP.GA>
M  Contraint for 99277604:SNP.CT: 0 >= <gurobi.LinExpr: REG_1B_99277604:SNP.CT>
M  Contraint for 99260361:SNP.CA: 0 >= <gurobi.LinExpr: REG_1E_99260361:SNP.CA>
M  Contraint for 99245913:SNP.GA: 0 >= <gurobi.LinExpr: REG_1D_99245913:SNP.GA>
M  Contraint for 99245913:SNP.GA: 0 <= <gurobi.QuadExpr: 0.0 + [ REG_1D_99245913:SNP.GA * 1D + EXT_1_99245913:SNP.GA * 1 + EXT_1C_99245913:SNP.GA * 1C + EXT_1B_99245913:SNP.GA * 1B + EXT_1E_99245913:SNP.GA * 1E + EXT_6_99245913:SNP.GA * 6 ]> <= 1
M  Contraint for 99277604:SNP.CT: 0 <= <gurobi.QuadExpr: 0.0 + [ REG_1B_99277604:SNP.CT * 1B + EXT_1_99277604:SNP.CT * 1 + EXT_1C_99277604:SNP.CT * 1C + EXT_1E_99277604:SNP.CT * 1E + EXT_1D_99277604:SNP.CT * 1D + EXT_6_99277604:SNP.CT * 6 ]> <= 0
M  Contraint for 99277592:SNP.GA: 0 <= <gurobi.QuadExpr: 0.0 + [ REG_1C_99277592:SNP.GA * 1C + EXT_1_99277592:SNP.GA * 1 + EXT_1B_99277592:SNP.GA * 1B + EXT_1E_99277592:SNP.GA * 1E + EXT_1D_99277592:SNP.GA * 1D + EXT_6_99277592:SNP.GA * 6 ]> <= 0
M  Contraint for 99260361:SNP.CA: 0 <= <gurobi.QuadExpr: 0.0 + [ REG_1E_99260361:SNP.CA * 1E + EXT_1_99260361:SNP.CA * 1 + EXT_1C_99260361:SNP.CA * 1C + EXT_1B_99260361:SNP.CA * 1B + EXT_1D_99260361:SNP.CA * 1D + EXT_6_99260361:SNP.CA * 6 ]> <= 1
M  Contraint for 99262834:SNP.CT: 1 <= <gurobi.QuadExpr: 0.0 + [ REG_6_99262834:SNP.CT * 6 ]> <= 1
M  Contraint for 99262834:SNP.CT: <gurobi.QuadExpr: 0.0 + [ REG_6_99262834:SNP.CT * 6 ]> <= 1
CN Solver status: optimal, opt: 1473.0
  1: 1
  6: 1
    6.7e 99262834:SNP.CT  275 ( 45 cp. 1) F
Missing:
  1: 1
  6: 1
Extra:
  1: 1
  6: 1
Time needed: (8.3)
Result is: [('1', '6')]
