SAM file: bams/PGXT118.bam
File bams/PGXT118.bam has index
Coverage is 62.4727750571
== Allele Filter ==
 6.0i   15989511: SNP.TA                    2 (  6%) ~     0 (  0)
 6.0i   15989520: SNP.GT                    2 (  6%) ~     0 (  0)
 6.0i   15989522: SNP.TC                    3 (  8%) ~     0 (  0)
 6.12e  15989588: SNP.GT                   25 ( 26%) ~     1 (  4)
 6.12e  15989695: SNP.GC                   63 ( 33%) ~    13 ( 21)
 6.12e  15989729: SNP.TC                   79 ( 42%) ~    12 ( 15)
 6.11i  15989749: SNP.GC                   48 ( 28%) ~     5 ( 10)
 6.11i  15989776: SNP.AC                    8 (  6%) ~     0 (  0)
 6.11i  15989856: SNP.TC                    7 ( 24%) ~     0 (  0)
 6.11i  15989875: SNP.GT                    2 ( 10%) ~     0 (  0)
 6.11i  15989882: SNP.TC                    2 ( 10%) ~     0 (  0)
 6.11i  15989890: SNP.CT                    2 ( 11%) ~     0 (  0)
 6.11i  15989901: SNP.AC                    2 (  8%) ~     0 (  0)
 6.11i  15989903: SNP.CA                    2 (  8%) ~     0 (  0)
 6.11i  15989908: SNP.AG                    2 (  7%) ~     0 (  0)
 6.11i  15989918: SNP.GC                    2 (  7%) ~     0 (  0)
 6.11i  15989921: SNP.CA                    2 (  7%) ~     0 (  0)
 6.11i  15989959: SNP.GA                    2 (  6%) ~     0 (  0)
 6.11i  15990047: SNP.GA                  123 (100%) ~     0 (  0)
 6.8i   15996348: SNP.TA                    2 (100%) ~     0 (  0)
 6.8i   15996482: INS.g                    11 ( 41%) ~     0 (  0)
 6.7i   15997035: SNP.AC                    2 (  5%) ~     0 (  0)
 6.6i   15997921: SNP.CT                    2 (100%) ~     0 (  0)
 6.6i   16000165: SNP.TC                   84 ( 48%) ~     0 (  0)
 6.5i   16000561: SNP.AC                    2 (  6%) ~     0 (  0)
 6.5i   16000603: SNP.GA                    2 (  8%) ~     0 (  0)
 6.5i   16000608: SNP.TA                   10 ( 50%) ~     0 (  0)
 6.5i   16000895: SNP.CT                    2 (  8%) ~     0 (  0)
 6.4i   16001466: SNP.GA                    2 (  6%) ~     0 (  0)
 6.4i   16001502: SNP.AG                    2 ( 10%) ~     0 (  0)
 6.2i   16003694: SNP.CT                   16 ( 52%) ~     0 (  0)
 6.2i   16003732: SNP.AC                    2 (  9%) ~     0 (  0)
 6.2i   16004537: SNP.AG                  101 ( 49%) ~     0 (  0)
 6.2i   16004821: SNP.AC                   10 (  7%) ~     0 (  0)
 6.2i   16005159: SNP.TA                    2 ( 22%) ~     0 (  0)
 6.2i   16006073: SNP.TA                    2 (  6%) ~     0 (  0)
 6.1i   16006878: SNP.CT                    6 (100%) ~     0 (  0)
 6.1i   16008000: SNP.AG                    3 (  8%) ~     0 (  0)
 6.1i   16008007: SNP.TG                    2 (  5%) ~     0 (  0)
Removing 2     6.1e 16008387:SNP.AC
Removing 3     6.10e 15990430:SNP.CT
Removing 4     6.1e 16008387:SNP.AC,  6.10e 15990430:SNP.CT
Initial status
  CYP2D6.1
== Copy Number Estimator ==
CNV factor: 2.65236553811 (0.377021939711)
Coverage per region
  region:  2D6  2D7
  0i   :  2.84
  1e   :  1.91
  1i   :  2.02
  2e   :  1.86
  2i   :  2.02
  3e   :  2.05
  3i   :  2.10
  4e   :  2.36
  4i   :  1.94
  5e   :  1.74
  5i   :  2.26
  6e   :  2.15
  6i   :  2.76
  7e   :  2.42
  7i   :  2.19
  8e   :  2.07
  8i   :  2.04
  9e   :  2.26
  9i   :  2.04
  10e  :  2.03
  10i  :  2.15
  11e  :  1.94
  11i  :  2.28
  12e  :  1.96
Max. CN = 3
M  Sentinel contraint for 1: A_1^ <= A_1
M  Contraint for 7e: 2.42231342511 == E_7e + <gurobi.LinExpr: A1 + A1^>
M  Contraint for 6e: 2.14961874019 == E_6e + <gurobi.LinExpr: A1 + A1^>
M  Contraint for 9e: 2.25917928813 == E_9e + <gurobi.LinExpr: A1 + A1^>
M  Contraint for 8e: 2.07107280065 == E_8e + <gurobi.LinExpr: A1 + A1^>
M  Contraint for 2e: 1.86284513598 == E_2e + <gurobi.LinExpr: A1 + A1^>
M  Contraint for 1e: 1.91201894381 == E_1e + <gurobi.LinExpr: A1 + A1^>
M  Contraint for 5e: 1.73596679563 == E_5e + <gurobi.LinExpr: A1 + A1^>
M  Contraint for 4e: 2.35550173306 == E_4e + <gurobi.LinExpr: A1 + A1^>
M  Contraint for 3e: 2.05103221237 == E_3e + <gurobi.LinExpr: A1 + A1^>
M  Objective: <gurobi.LinExpr: C11 + C12 + C13 + C14 + C15 + C16 + C17 + C18 + C19 + 0.5 A1 + 0.5 A1^>
CN Solver status: optimal, opt: 2.79788732409
  Solutions:
    ('1', '1^')
== Initial Solver ==
Solving Counter({'1': 2})
Possible candidates:
  CYP2D6.1
M  Max. CN for 1 = 2
M  CN contraint for 1: 2 == <gurobi.LinExpr: 1 + 1_2>
M  Sentinel contraint for 1: A_1_2 <= A_1
M  Objective: 0
CN Solver status: optimal, opt: 0.0
  solution:
    ('1', '1')
[32;01mCopy number best structures:[39;49;00m
[32;01m  (1) 2x*1-like[39;49;00m
== Refiner ==
Refining ('1', '1')
M  Sentinel constraint for 1: A_1_2 <= A_1
M  CN constraint for 1: 2 == <gurobi.LinExpr: 1 + 1_2>
M  Objective: <gurobi.LinExpr: W>
CN Solver status: optimal, opt: 0.0
  1: 1
  1_2: 1
Missing:
  1: 1
  1_2: 1
Extra:
  1: 1
  1_2: 1
Time needed: (16.5)
Result is: [('1', '1')]
