SAM file: bams/PGXT160.bam
File bams/PGXT160.bam has index
Coverage is 41.3795261637
== Allele Filter ==
 6.23i  97544770: SNP.TC                  162 (100%) ~     0 (  0)
 6.23i  97547830: SNP.GA                  216 (100%) ~     0 (  0)
 6.22i  97548438: SNP.AT                    2 (100%) ~     0 (  0)
 6.22i  97550190: SNP.TC                    2 (100%) ~     0 (  0)
 6.22i  97555283: SNP.GC                    2 (100%) ~     0 (  0)
 6.22i  97555284: SNP.GT                    2 (100%) ~     0 (  0)
 6.22i  97555382: SNP.GT                    4 (100%) ~     0 (  0)
 6.22i  97555384: SNP.TA                    2 (100%) ~     0 (  0)
 6.22i  97555385: SNP.TG                    2 (100%) ~     0 (  0)
 6.22i  97563339: SNP.GA                    2 (100%) ~     0 (  0)
 6.22i  97563340: SNP.AT                    2 (100%) ~     0 (  0)
 6.22i  97563341: SNP.TC                    2 (100%) ~     0 (  0)
 6.22i  97563342: SNP.TG                    2 (100%) ~     0 (  0)
 6.21i  97564288: SNP.TA                    2 (  6%) ~     0 (  0)
 6.21i  97581946: SNP.GC                    2 (100%) ~     0 (  0)
 6.21i  97597054: DEL.AAG                   5 (100%) ~     0 (  0)
 6.21i  97658385: SNP.TC                    2 ( 14%) ~     0 (  0)
 6.20i  97658964: SNP.TN                    2 (  7%) ~     0 (  0)
 6.20i  97700339: SNP.GT                    9 (  5%) ~     0 (  0)
 6.19i  97700731: SNP.TN                    2 (  8%) ~     0 (  0)
 6.19i  97737439: SNP.TA                    2 ( 50%) ~     0 (  0)
 6.19i  97750837: SNP.CT                    2 (100%) ~     0 (  0)
 6.17i  97771946: SNP.CA                   85 (100%) ~     0 (  0)
 6.17i  97789612: SNP.GA                    2 (100%) ~     0 (  0)
 6.17i  97823751: SNP.TC                    2 (100%) ~     0 (  0)
 6.17i  97826654: SNP.AG                    2 (100%) ~     0 (  0)
 6.17i  97838853: SNP.CT                    2 ( 50%) ~     0 (  0)
 6.17i  97838886: SNP.TC                    4 ( 67%) ~     0 (  0)
 6.17i  97839015: SNP.AG                   42 ( 42%) ~     0 (  0)
 6.16i  97839412: SNP.CG                   11 (100%) ~     0 (  0)
 6.16i  97846383: SNP.GT                    2 (100%) ~     0 (  0)
 6.16i  97846405: SNP.AG                    2 (100%) ~     0 (  0)
 6.16i  97847873: SNP.TC                   11 ( 55%) ~     0 (  0)
 6.15i  97849407: SNP.AT                    2 (100%) ~     0 (  0)
 6.15i  97849480: SNP.GT                    2 (100%) ~     0 (  0)
 6.15i  97856945: SNP.CT                    2 (100%) ~     0 (  0)
 6.15i  97870257: SNP.CT                    2 (100%) ~     0 (  0)
 6.15i  97896488: SNP.AG                    2 (100%) ~     0 (  0)
 6.14i  97922748: DEL.A                     2 (100%) ~     0 (  0)
 6.14i  97944049: SNP.GT                    2 (100%) ~     0 (  0)
 6.14i  97965213: SNP.TC                    2 (100%) ~     0 (  0)
 6.14i  97975881: DEL.T                     2 (100%) ~     0 (  0)
 6.14i  97981241: SNP.TC                   40 ( 49%) ~     0 (  0)
 6.14i  97981242: SNP.GA                   42 ( 50%) ~     0 (  0)
 6.14e  97981394: SNP.TC     1627:T>C     317 ( 57%) ~     0 (  0)
 6.13i  97988068: SNP.TG                    2 (100%) ~     0 (  0)
 6.13i  97991451: DEL.GT                    2 (100%) ~     0 (  0)
 6.13i  98003907: SNP.AG                    2 (100%) ~     0 (  0)
 6.13i  98006115: SNP.AT                    2 (100%) ~     0 (  0)
 6.9i   98060799: SNP.CA                    2 (  6%) ~     0 (  0)
 6.9i   98060806: SNP.CA                    2 (  7%) ~     0 (  0)
 6.9i   98071425: SNP.TC                    2 (100%) ~     0 (  0)
 6.9i   98097884: SNP.AG                    2 (100%) ~     0 (  0)
 6.9i   98104289: SNP.CT                    3 (100%) ~     0 (  0)
 6.8i   98144784: SNP.TA                    3 (  5%) ~     0 (  0)
 6.8e   98157331: SNP.CG                  372 (100%) ~     2 (  1)
 6.6e   98185526: SNP.AG                  335 (100%) ~     0 (  0)
 6.6e   98185673: SNP.GA                   10 (  5%) ~     0 (  0)
 6.6e   98185721: SNP.AT                    9 (  6%) ~     0 (  0)
 6.6e   98185744: SNP.AC                   11 (  6%) ~     0 (  0)
 6.6e   98186076: SNP.TC                  271 (100%) ~     1 (  0)
 6.3i   98229197: SNP.TA                    2 (100%) ~     0 (  0)
 6.3i   98282661: SNP.CT                    2 (100%) ~     0 (  0)
 6.3i   98290576: SNP.CT                    2 (100%) ~     0 (  0)
 6.3i   98290684: SNP.CT                    2 (100%) ~     0 (  0)
 6.3i   98290729: SNP.GA                    2 (100%) ~     0 (  0)
 6.2i   98317266: DEL.A                     2 (100%) ~     0 (  0)
 6.2i   98320407: SNP.CT                   27 (100%) ~     0 (  0)
 6.2i   98320491: SNP.CA                  181 (100%) ~     0 (  0)
 6.2i   98320822: SNP.TC                  432 ( 50%) ~     0 (  0)
 6.2i   98320985: SNP.TA                    3 (  9%) ~     0 (  0)
 6.2i   98320986: SNP.TG                    3 (  9%) ~     0 (  0)
 6.2i   98341058: SNP.GC                    2 (100%) ~     0 (  0)
 6.1i   98386360: SNP.CT                    2 ( 10%) ~     0 (  0)
 6.1i   98386364: SNP.GC                    2 (  5%) ~     0 (  0)
 6.1i   98386398: SNP.AC                   20 (  7%) ~     0 (  0)
 6.1i   98386401: SNP.AC                   38 ( 12%) ~     1 (  3)
 6.1e   98386513: SNP.AC                   44 (  5%) ~     0 (  0)
Removing 10    6.24e 97544626:SNP.CA
Removing 11    6.11e 98058898:SNP.CA
Removing 12    6.2e 98348907:SNP.CT,  6.12e 98039498:SNP.CA
Removing 13    6.14e 97981342:SNP.AC
Removing 2B    6.15i 97915613:SNP.CT
Removing 2A    6.15i 97915613:SNP.CT
Removing 3     6.15e 97915621:DEL.G
Removing 4     6.14e 97981420:SNP.CT
Removing 6     6.19e 97770919:SNP.CT
Removing 7     6.4e 98205970:DEL.ATGA
Removing 8     6.8e 98157331:SNP.CT
Removing 9B    6.2e 98348884:SNP.AG
Removing 9     6.2e 98348884:SNP.AG
Initial status
  CYP2D6.1
  CYP2D6.5
    6.14e          97981394:SNP.TC  317 ( 57) F 1627:T>C
== Copy Number Estimator ==
CNV factor: 2.27981946547 (0.438631222844)
Coverage per region
  region:  2D6  2D7
  1e   :  1.63
  1i   :  1.35
  2e   :  2.11
  2i   :  2.10
  3e   :  1.88
  3i   :  2.12
  4e   :  2.62
  4i   :  2.38
  5e   :  2.15
  5i   :  2.24
  6e   :  2.17
  6i   :  2.62
  7e   :  2.33
  7i   :  2.08
  8e   :  2.22
  8i   :  2.25
  9e   :  2.92
  9i   :  2.89
  10e  :  2.43
  10i  :  2.35
  11e  :  1.87
  11i  :  2.11
  12e  :  1.99
  12i  :  2.17
  13e  :  1.95
  13i  :  2.16
  14e  :  2.34
  14i  :  2.95
  15e  :  2.24
  15i  :  2.40
  16e  :  2.71
  16i  :  2.44
  17e  :  2.41
  17i  :  2.40
  18e  :  2.20
  18i  :  2.12
  19e  :  1.89
  19i  :  2.20
  20e  :  1.85
  20i  :  2.36
  21e  :  2.13
  21i  :  2.59
  22e  :  2.62
  22i  :  2.71
  23e  :  2.02
  23i  :  2.31
  24e  :  2.25
Max. CN = 3
M  Sentinel contraint for 1: A_1^ <= A_1
M  Contraint for 24e: 2.25136189808 == E_24e + <gurobi.LinExpr: A1 + A1^>
M  Contraint for 7e: 2.33489860419 == E_7e + <gurobi.LinExpr: A1 + A1^>
M  Contraint for 12e: 1.98501970495 == E_12e + <gurobi.LinExpr: A1 + A1^>
M  Contraint for 16e: 2.71138904605 == E_16e + <gurobi.LinExpr: A1 + A1^>
M  Contraint for 22e: 2.61716736393 == E_22e + <gurobi.LinExpr: A1 + A1^>
M  Contraint for 9e: 2.9217728647 == E_9e + <gurobi.LinExpr: A1 + A1^>
M  Contraint for 10e: 2.42529943294 == E_10e + <gurobi.LinExpr: A1 + A1^>
M  Contraint for 14e: 2.33592275096 == E_14e + <gurobi.LinExpr: A1 + A1^>
M  Contraint for 20e: 1.84966551937 == E_20e + <gurobi.LinExpr: A1 + A1^>
M  Contraint for 1e: 1.6333544726 == E_1e + <gurobi.LinExpr: A1 + A1^>
M  Contraint for 5e: 2.15144255862 == E_5e + <gurobi.LinExpr: A1 + A1^>
M  Contraint for 3e: 1.88497289923 == E_3e + <gurobi.LinExpr: A1 + A1^>
M  Contraint for 11e: 1.8655372326 == E_11e + <gurobi.LinExpr: A1 + A1^>
M  Contraint for 6e: 2.16567694933 == E_6e + <gurobi.LinExpr: A1 + A1^>
M  Contraint for 13e: 1.95491861454 == E_13e + <gurobi.LinExpr: A1 + A1^>
M  Contraint for 23e: 2.0177204713 == E_23e + <gurobi.LinExpr: A1 + A1^>
M  Contraint for 17e: 2.41131308586 == E_17e + <gurobi.LinExpr: A1 + A1^>
M  Contraint for 8e: 2.21724188153 == E_8e + <gurobi.LinExpr: A1 + A1^>
M  Contraint for 21e: 2.12507641235 == E_21e + <gurobi.LinExpr: A1 + A1^>
M  Contraint for 15e: 2.23675292222 == E_15e + <gurobi.LinExpr: A1 + A1^>
M  Contraint for 19e: 1.88833630178 == E_19e + <gurobi.LinExpr: A1 + A1^>
M  Contraint for 18e: 2.20280146627 == E_18e + <gurobi.LinExpr: A1 + A1^>
M  Contraint for 2e: 2.11179825991 == E_2e + <gurobi.LinExpr: A1 + A1^>
M  Contraint for 4e: 2.61645063322 == E_4e + <gurobi.LinExpr: A1 + A1^>
M  Objective: <gurobi.LinExpr: C26 + C27 + C28 + C29 + C30 + C31 + C32 + C33 + C34 + C35 + C36 + C37 + C38 + C39 + C40 + C41 + C42 + C43 + C44 + C45 + C46 + C47 + C48 + C49 + 0.5 A1 + 0.5 A1^>
CN Solver status: optimal, opt: 7.79228185639
  Solutions:
    ('1', '1^')
== Initial Solver ==
Solving Counter({'1': 2})
Possible candidates:
  CYP2D6.1
  CYP2D6.5
    6.14e 97981394:SNP.TC  317 ( 57) F 1627:T>C
M  Max. CN for 1 = 2
M  Max. CN for 5 = 2
M  Contraint for 97981394:SNP.TC 6.14e: 317 == <gurobi.QuadExpr: 0.0 + [ 280.0 REG_5_2_97981394:SNP.TC * 5_2 + 280.0 REG_5_97981394:SNP.TC * 5 ]> + err
M  Contraint for 97981394:REF 6.14e: 243 == <gurobi.QuadExpr: 280.0 1 + 280.0 5_2 + 280.0 5 + 280.0 1_2 + [ -280.0 REG_5_2_97981394:SNP.TC * 5_2 + -280.0 REG_5_97981394:SNP.TC * 5 ]> + err
M  Contraint for 5_2 97981394:SNP.TC: <gurobi.Var 5_2> >= <gurobi.Var REG_5_2_97981394:SNP.TC>
M  Contraint for 5 97981394:SNP.TC: <gurobi.Var 5> >= <gurobi.Var REG_5_97981394:SNP.TC>
M  CN contraint for 1: 2 == <gurobi.LinExpr: 1 + 5_2 + 5 + 1_2>
M  Sentinel contraint for 1: A_1_2 <= A_1
M  Sentinel contraint for 5: A_5_2 <= A_5
M  Objective: <gurobi.LinExpr: C9 + C10>
M  Contraint for 5_2: A_5_2 * (<gurobi.LinExpr: REG_5_2_97981394:SNP.TC> - 1) == 0
M  Contraint for 5: A_5 * (<gurobi.LinExpr: REG_5_97981394:SNP.TC> - 1) == 0
M  Contraint for 97981394:SNP.TC: 1 <= <gurobi.QuadExpr: 0.0 + [ 5_2 * REG_5_2_97981394:SNP.TC + 5 * REG_5_97981394:SNP.TC ]>
M  Contraint for 97981394:SNP.TC: 1 <= <gurobi.QuadExpr: 0.0 + [ 5_2 * REG_5_2_97981394:SNP.TC + 5 * REG_5_97981394:SNP.TC ]>
CN Solver status: optimal, opt: 74.0
  solution:
    ('1', '5')
[32;01mCopy number best structures:[39;49;00m
[32;01m  (1) 2x*1-like[39;49;00m
== Refiner ==
Refining ('1', '5')
M  CN constraint for 1: 1 == <gurobi.LinExpr: 1>
M  CN constraint for 5: 1 == <gurobi.LinExpr: 5>
M  Contraint for 97981394:SNP.TC 6.14e: 317 == <gurobi.QuadExpr: 0.0 + [ 280.0 EXT_1_97981394:SNP.TC * 1 + 280.0 REG_5_97981394:SNP.TC * 5 ]> + err
M  Contraint for 97981394:REF 6.14e: 243 == <gurobi.QuadExpr: 280.0 1 + 280.0 5 + [ -280.0 EXT_1_97981394:SNP.TC * 1 + -280.0 REG_5_97981394:SNP.TC * 5 ]> + err
M  Contraint for MM[missing] 5 97981394:SNP.TC: <gurobi.Var 5> >= <gurobi.Var REG_5_97981394:SNP.TC>
M  Contraint for MA[extra] 1 97981394:SNP.TC: <gurobi.Var 1> >= <gurobi.Var EXT_1_97981394:SNP.TC>
M  Objective: <gurobi.LinExpr: C6 + C7 + EXT_1_97981394:SNP.TC + W>
M  Contraint for 5: <gurobi.LinExpr: REG_5_97981394:SNP.TC> = 1 * A_<gurobi.Var 5>
M  Contraint for 97981394:SNP.TC: 1 <= <gurobi.QuadExpr: 0.0 + [ REG_5_97981394:SNP.TC * 5 ]> <= 2
M  Contraint for 97981394:SNP.TC: <gurobi.QuadExpr: 0.0 + [ REG_5_97981394:SNP.TC * 5 ]> <= 2
CN Solver status: optimal, opt: 74.0
  1: 1
  5: 1
    6.14e 97981394:SNP.TC  317 ( 57 cp. 1) F
Missing:
  1: 1
  5: 1
Extra:
  1: 1
  5: 1
Time needed: (24.0)
Result is: [('1', '5')]
