SAM file: bams/PGXT227.bam
File bams/PGXT227.bam has index
Coverage is 119.71320383
== Allele Filter ==
 6.0i   96519060: SNP.CT     -3402:C>T      2 (100%) ~     0 (  0)
 6.0i   96520055: SNP.TA                    2 (100%) ~     0 (  0)
 6.0i   96521656: SNP.CT     -806:C>T     223 ( 49%) ~     0 (  0)
 6.1e   96522462: SNP.AG     1:A>G        459 ( 47%) ~     0 (  0)
 6.1e   96522560: SNP.CT     99:C>T       639 (100%) ~     0 (  0)
 6.1i   96534563: SNP.CA                    2 ( 11%) ~     0 (  0)
 6.1i   96534583: SNP.GA     12122:G>A     15 ( 56%) ~     0 (  0)
 6.3i   96535742: SNP.AG                  486 ( 53%) ~     0 (  0)
 6.5i   96555242: SNP.CA                    4 (100%) ~     0 (  0)
 6.5i   96573026: SNP.AG                    2 (100%) ~     0 (  0)
 6.5i   96575849: DEL.T                     3 ( 50%) ~     0 (  0)
 6.6i   96585513: SNP.CT                    2 (100%) ~     2 (100)
 6.6i   96593218: SNP.TA                    2 (100%) ~     0 (  0)
 6.6i   96595965: SNP.CT                    3 (100%) ~     0 (  0)
 6.6i   96600754: SNP.CA                    2 (100%) ~     0 (  0)
 6.7e   96602622: SNP.AG     80161:A>G   1220 (100%) ~     0 (  0)
 6.7i   96609416: SNP.TC                    2 (  9%) ~     0 (  0)
 6.7i   96609567: SNP.TC     87106:T>C     90 ( 47%) ~     0 (  0)
 6.8i   96612370: SNP.CT                  179 ( 52%) ~     0 (  0)
Removing 10    6.5e 96541614:SNP.CT
Removing 11    6.3e 96535263:SNP.GA
Removing 12    6.9e 96612670:SNP.AC
Removing 13    6.8e 96609751:SNP.CT
Removing 14    6.1e 96522511:SNP.TC
Removing 15    6.1e 96522516:SNP.AC
Removing 16    6.9e 96612521:SNP.CT
Removing 18    6.7e 96602617:SNP.GA
Removing 19    6.1e 96522612:SNP.AG
Removing 2H    6.5e 96541615:SNP.GA,  6.7e 96602621:SNP.CT,  6.8e 96609709:SNP.CG,  6.2i 96535123:SNP.AG
Removing 2D    6.2i 96535123:SNP.AG,  6.5e 96541615:SNP.GA,  6.7e 96602621:SNP.CT,  6.8e 96609736:SNP.GA
Removing 2E    6.5e 96541615:SNP.GA,  6.5e 96541747:SNP.GA,  6.7e 96602621:SNP.CT,  6.2i 96535123:SNP.AG
Removing 2F    6.5e 96541615:SNP.GA,  6.7e 96602621:SNP.CT,  6.7e 96602652:SNP.GA,  6.2i 96535123:SNP.AG
Removing 2G    6.5e 96541615:SNP.GA,  6.7e 96602621:SNP.CT,  6.7e 96602710:SNP.AT,  6.2i 96535123:SNP.AG
Removing 2A    6.5e 96541615:SNP.GA,  6.7e 96602621:SNP.CT,  6.2i 96535123:SNP.AG
Removing 2B    6.2e 96534921:SNP.GC,  6.5e 96541615:SNP.GA,  6.7e 96602621:SNP.CT,  6.2i 96535123:SNP.AG
Removing 2C    6.2i 96535123:SNP.AG,  6.3e 96535295:SNP.GC,  6.5e 96541615:SNP.GA,  6.7e 96602621:SNP.CT
Removing 2J    6.5e 96541615:SNP.GA,  6.7e 96602621:SNP.CT,  6.8e 96609784:SNP.AC,  6.2i 96535123:SNP.AG
Removing 22    6.4e 96540330:SNP.GC
Removing 23    6.2e 96534916:SNP.GC
Removing 24    6.7e 96602635:SNP.GA
Removing 25    6.9e 96612541:SNP.CG
Removing 26    6.5e 96541700:SNP.GA
Removing 27    6.0i 96521421:SNP.GA
Removing 28    6.1e 96522516:SNP.AC,  6.7e 96602751:SNP.GA
Removing 29    6.1e 96522544:SNP.AT
Removing 3C    6.3e 96535221:SNP.TA,  6.4e 96540409:SNP.GA
Removing 3B    6.4e 96540409:SNP.GA,  6.7e 96602709:SNP.GA
Removing 3A    6.4e 96540409:SNP.GA
Removing 30    6.2e 96534862:SNP.CT
Removing 31    6.2e 96534877:SNP.CT
Removing 32    6.2e 96534941:SNP.AG
Removing 33    6.4e 96540335:SNP.GA
Removing 34    6.1e 96522468:SNP.CT,  6.1e 96522471:SNP.TC
Removing 35    6.2i 96535123:SNP.AG
Removing 5A    6.9e 96612494:SNP.CT
Removing 5B    6.9e 96612494:SNP.CT
Removing 6     6.3e 96535209:SNP.GA
Removing 7     6.5i 96541755:SNP.TA
Removing 8     6.3e 96535172:SNP.TC
Removing 8X    6.3e 96535172:SNP.TC
Removing 9     6.3e 96535245:SNP.GA
Initial status
  CYP2D6.1C
    6.7e           96602622:SNP.AG 1220 (100) F 80161:A>G
  CYP2D6.1B
    6.1e           96522560:SNP.CT  639 (100)   99:C>T
    6.7e           96602622:SNP.AG 1220 (100) F 80161:A>G
  CYP2D6.1
  CYP2D6.17
    6.0i           96519060:SNP.CT    2 (100)   -3402:C>T
    6.0i           96521656:SNP.CT  223 ( 49) F -806:C>T
    6.1e           96522560:SNP.CT  639 (100)   99:C>T
    6.7e           96602622:SNP.AG 1220 (100) F 80161:A>G
  CYP2D6.4B
    6.0i           96519060:SNP.CT    2 (100)   -3402:C>T
    6.0i           96521656:SNP.CT  223 ( 49) F -806:C>T
    6.1e           96522462:SNP.AG  459 ( 47) F 1:A>G
    6.1e           96522560:SNP.CT  639 (100)   99:C>T
    6.7e           96602622:SNP.AG 1220 (100) F 80161:A>G
  CYP2D6.4A
    6.1e           96522462:SNP.AG  459 ( 47) F 1:A>G
    6.1e           96522560:SNP.CT  639 (100)   99:C>T
    6.7e           96602622:SNP.AG 1220 (100) F 80161:A>G
== Copy Number Estimator ==
CNV factor: 1.68866049971 (0.592185344639)
Coverage per region
  region:  2D6  2D7
  0i   :  2.29
  1e   :  2.45
  1i   :  2.77
  2e   :  2.21
  2i   :  2.26
  3e   :  2.03
  3i   :  2.42
  4e   :  2.73
  4i   :  3.78
  5e   :  2.59
  5i   :  2.18
  6e   :  2.06
  6i   :  2.57
  7e   :  1.85
  7i   :  2.34
  8e   :  2.54
  8i   :  2.46
  9e   :  2.68
Max. CN = 4
M  Sentinel contraint for 1: A_1^ <= A_1
M  Contraint for 7e: 1.85441011323 == E_7e + <gurobi.LinExpr: A1 + A1^>
M  Contraint for 6e: 2.06357022752 == E_6e + <gurobi.LinExpr: A1 + A1^>
M  Contraint for 9e: 2.6751075416 == E_9e + <gurobi.LinExpr: A1 + A1^>
M  Contraint for 8e: 2.54204415796 == E_8e + <gurobi.LinExpr: A1 + A1^>
M  Contraint for 2e: 2.20551601093 == E_2e + <gurobi.LinExpr: A1 + A1^>
M  Contraint for 1e: 2.44818770623 == E_1e + <gurobi.LinExpr: A1 + A1^>
M  Contraint for 5e: 2.58798334614 == E_5e + <gurobi.LinExpr: A1 + A1^>
M  Contraint for 4e: 2.7253723079 == E_4e + <gurobi.LinExpr: A1 + A1^>
M  Contraint for 3e: 2.02698557257 == E_3e + <gurobi.LinExpr: A1 + A1^>
M  Objective: <gurobi.LinExpr: C11 + C12 + C13 + C14 + C15 + C16 + C17 + C18 + C19 + 0.5 A1 + 0.5 A1^>
CN Solver status: optimal, opt: 4.42035675761
  Solutions:
    ('1', '1^')
== Initial Solver ==
Solving Counter({'1': 2})
Possible candidates:
  CYP2D6.1
  CYP2D6.1B
    6.7e 96602622:SNP.AG 1220 (100) F 80161:A>G
  CYP2D6.17
    6.0i 96521656:SNP.CT  223 ( 49) F -806:C>T
    6.7e 96602622:SNP.AG 1220 (100) F 80161:A>G
  CYP2D6.4B
    6.1e 96522462:SNP.AG  459 ( 47) F 1:A>G
    6.0i 96521656:SNP.CT  223 ( 49) F -806:C>T
    6.7e 96602622:SNP.AG 1220 (100) F 80161:A>G
  CYP2D6.4A
    6.1e 96522462:SNP.AG  459 ( 47) F 1:A>G
    6.7e 96602622:SNP.AG 1220 (100) F 80161:A>G
M  Max. CN for 1 = 2
M  Max. CN for 1B = 2
M  Max. CN for 4B = 2
M  Max. CN for 17 = 2
M  Max. CN for 4A = 2
M  Contraint for 96521656:REF 6.0i: 233 == <gurobi.QuadExpr: 228.0 17 + 228.0 4A_2 + 228.0 17_2 + 228.0 1 + 228.0 1B_2 + 228.0 1B + 228.0 1_2 + 228.0 4B_2 + 228.0 4B + 228.0 4A + [ -228.0 REG_17_96521656:SNP.CT * 17 + -228.0 REG_17_2_96521656:SNP.CT * 17_2 + -228.0 REG_4B_2_96521656:SNP.CT * 4B_2 + -228.0 REG_4B_96521656:SNP.CT * 4B ]> + err
M  Contraint for 96602622:SNP.AG 6.7e: 1220 == <gurobi.QuadExpr: 0.0 + [ 610.0 REG_17_96602622:SNP.AG * 17 + 610.0 REG_4A_2_96602622:SNP.AG * 4A_2 + 610.0 REG_17_2_96602622:SNP.AG * 17_2 + 610.0 REG_1B_2_96602622:SNP.AG * 1B_2 + 610.0 REG_1B_96602622:SNP.AG * 1B + 610.0 REG_4B_2_96602622:SNP.AG * 4B_2 + 610.0 REG_4B_96602622:SNP.AG * 4B + 610.0 REG_4A_96602622:SNP.AG * 4A ]> + err
M  Contraint for 96522462:SNP.AG 6.1e: 459 == <gurobi.QuadExpr: 0.0 + [ 484.5 REG_4A_2_96522462:SNP.AG * 4A_2 + 484.5 REG_4B_2_96522462:SNP.AG * 4B_2 + 484.5 REG_4B_96522462:SNP.AG * 4B + 484.5 REG_4A_96522462:SNP.AG * 4A ]> + err
M  Contraint for 96602622:REF 6.7e: 0 == <gurobi.QuadExpr: 610.0 17 + 610.0 4A_2 + 610.0 17_2 + 610.0 1 + 610.0 1B_2 + 610.0 1B + 610.0 1_2 + 610.0 4B_2 + 610.0 4B + 610.0 4A + [ -610.0 REG_17_96602622:SNP.AG * 17 + -610.0 REG_4A_2_96602622:SNP.AG * 4A_2 + -610.0 REG_17_2_96602622:SNP.AG * 17_2 + -610.0 REG_1B_2_96602622:SNP.AG * 1B_2 + -610.0 REG_1B_96602622:SNP.AG * 1B + -610.0 REG_4B_2_96602622:SNP.AG * 4B_2 + -610.0 REG_4B_96602622:SNP.AG * 4B + -610.0 REG_4A_96602622:SNP.AG * 4A ]> + err
M  Contraint for 96521656:SNP.CT 6.0i: 223 == <gurobi.QuadExpr: 0.0 + [ 228.0 REG_17_96521656:SNP.CT * 17 + 228.0 REG_17_2_96521656:SNP.CT * 17_2 + 228.0 REG_4B_2_96521656:SNP.CT * 4B_2 + 228.0 REG_4B_96521656:SNP.CT * 4B ]> + err
M  Contraint for 96522462:REF 6.1e: 510 == <gurobi.QuadExpr: 484.5 17 + 484.5 4A_2 + 484.5 17_2 + 484.5 1 + 484.5 1B_2 + 484.5 1B + 484.5 1_2 + 484.5 4B_2 + 484.5 4B + 484.5 4A + [ -484.5 REG_4A_2_96522462:SNP.AG * 4A_2 + -484.5 REG_4B_2_96522462:SNP.AG * 4B_2 + -484.5 REG_4B_96522462:SNP.AG * 4B + -484.5 REG_4A_96522462:SNP.AG * 4A ]> + err
M  Contraint for 17 96602622:SNP.AG: <gurobi.Var 17> >= <gurobi.Var REG_17_96602622:SNP.AG>
M  Contraint for 17 96521656:SNP.CT: <gurobi.Var 17> >= <gurobi.Var REG_17_96521656:SNP.CT>
M  Contraint for 4A_2 96602622:SNP.AG: <gurobi.Var 4A_2> >= <gurobi.Var REG_4A_2_96602622:SNP.AG>
M  Contraint for 4A_2 96522462:SNP.AG: <gurobi.Var 4A_2> >= <gurobi.Var REG_4A_2_96522462:SNP.AG>
M  Contraint for 17_2 96602622:SNP.AG: <gurobi.Var 17_2> >= <gurobi.Var REG_17_2_96602622:SNP.AG>
M  Contraint for 17_2 96521656:SNP.CT: <gurobi.Var 17_2> >= <gurobi.Var REG_17_2_96521656:SNP.CT>
M  Contraint for 1B_2 96602622:SNP.AG: <gurobi.Var 1B_2> >= <gurobi.Var REG_1B_2_96602622:SNP.AG>
M  Contraint for 1B 96602622:SNP.AG: <gurobi.Var 1B> >= <gurobi.Var REG_1B_96602622:SNP.AG>
M  Contraint for 4B_2 96602622:SNP.AG: <gurobi.Var 4B_2> >= <gurobi.Var REG_4B_2_96602622:SNP.AG>
M  Contraint for 4B_2 96522462:SNP.AG: <gurobi.Var 4B_2> >= <gurobi.Var REG_4B_2_96522462:SNP.AG>
M  Contraint for 4B_2 96521656:SNP.CT: <gurobi.Var 4B_2> >= <gurobi.Var REG_4B_2_96521656:SNP.CT>
M  Contraint for 4B 96602622:SNP.AG: <gurobi.Var 4B> >= <gurobi.Var REG_4B_96602622:SNP.AG>
M  Contraint for 4B 96522462:SNP.AG: <gurobi.Var 4B> >= <gurobi.Var REG_4B_96522462:SNP.AG>
M  Contraint for 4B 96521656:SNP.CT: <gurobi.Var 4B> >= <gurobi.Var REG_4B_96521656:SNP.CT>
M  Contraint for 4A 96602622:SNP.AG: <gurobi.Var 4A> >= <gurobi.Var REG_4A_96602622:SNP.AG>
M  Contraint for 4A 96522462:SNP.AG: <gurobi.Var 4A> >= <gurobi.Var REG_4A_96522462:SNP.AG>
M  CN contraint for 1: 2 == <gurobi.LinExpr: 17 + 4A_2 + 17_2 + 1 + 1B_2 + 1B + 1_2 + 4B_2 + 4B + 4A>
M  Sentinel contraint for 17: A_17_2 <= A_17
M  Sentinel contraint for 1: A_1_2 <= A_1
M  Sentinel contraint for 1B: A_1B_2 <= A_1B
M  Sentinel contraint for 4B: A_4B_2 <= A_4B
M  Sentinel contraint for 4A: A_4A_2 <= A_4A
M  Objective: <gurobi.LinExpr: C45 + C46 + C47 + C48 + C49 + C50>
M  Contraint for 17: A_17 * (<gurobi.LinExpr: REG_17_96521656:SNP.CT + REG_17_96602622:SNP.AG> - 2) == 0
M  Contraint for 4A_2: A_4A_2 * (<gurobi.LinExpr: REG_4A_2_96522462:SNP.AG + REG_4A_2_96602622:SNP.AG> - 2) == 0
M  Contraint for 17_2: A_17_2 * (<gurobi.LinExpr: REG_17_2_96521656:SNP.CT + REG_17_2_96602622:SNP.AG> - 2) == 0
M  Contraint for 1B_2: A_1B_2 * (<gurobi.LinExpr: REG_1B_2_96602622:SNP.AG> - 1) == 0
M  Contraint for 1B: A_1B * (<gurobi.LinExpr: REG_1B_96602622:SNP.AG> - 1) == 0
M  Contraint for 4B_2: A_4B_2 * (<gurobi.LinExpr: REG_4B_2_96521656:SNP.CT + REG_4B_2_96522462:SNP.AG + REG_4B_2_96602622:SNP.AG> - 3) == 0
M  Contraint for 4B: A_4B * (<gurobi.LinExpr: REG_4B_96521656:SNP.CT + REG_4B_96522462:SNP.AG + REG_4B_96602622:SNP.AG> - 3) == 0
M  Contraint for 4A: A_4A * (<gurobi.LinExpr: REG_4A_96522462:SNP.AG + REG_4A_96602622:SNP.AG> - 2) == 0
M  Contraint for 96521656:SNP.CT: 1 <= <gurobi.QuadExpr: 0.0 + [ 17 * REG_17_96521656:SNP.CT + 17_2 * REG_17_2_96521656:SNP.CT + 4B_2 * REG_4B_2_96521656:SNP.CT + 4B * REG_4B_96521656:SNP.CT ]>
M  Contraint for 96602622:SNP.AG: 1 <= <gurobi.QuadExpr: 0.0 + [ 17 * REG_17_96602622:SNP.AG + 4A_2 * REG_4A_2_96602622:SNP.AG + 17_2 * REG_17_2_96602622:SNP.AG + 1B_2 * REG_1B_2_96602622:SNP.AG + 1B * REG_1B_96602622:SNP.AG + 4B_2 * REG_4B_2_96602622:SNP.AG + 4B * REG_4B_96602622:SNP.AG + 4A * REG_4A_96602622:SNP.AG ]>
M  Contraint for 96522462:SNP.AG: 1 <= <gurobi.QuadExpr: 0.0 + [ 4A_2 * REG_4A_2_96522462:SNP.AG + 4B_2 * REG_4B_2_96522462:SNP.AG + 4B * REG_4B_96522462:SNP.AG + 4A * REG_4A_96522462:SNP.AG ]>
M  Contraint for 96602622:SNP.AG: 1 <= <gurobi.QuadExpr: 0.0 + [ 17 * REG_17_96602622:SNP.AG + 4A_2 * REG_4A_2_96602622:SNP.AG + 17_2 * REG_17_2_96602622:SNP.AG + 1B_2 * REG_1B_2_96602622:SNP.AG + 1B * REG_1B_96602622:SNP.AG + 4B_2 * REG_4B_2_96602622:SNP.AG + 4B * REG_4B_96602622:SNP.AG + 4A * REG_4A_96602622:SNP.AG ]>
M  Contraint for 96521656:SNP.CT: 1 <= <gurobi.QuadExpr: 0.0 + [ 17 * REG_17_96521656:SNP.CT + 17_2 * REG_17_2_96521656:SNP.CT + 4B_2 * REG_4B_2_96521656:SNP.CT + 4B * REG_4B_96521656:SNP.CT ]>
M  Contraint for 96602622:SNP.AG: 1 <= <gurobi.QuadExpr: 0.0 + [ 17 * REG_17_96602622:SNP.AG + 4A_2 * REG_4A_2_96602622:SNP.AG + 17_2 * REG_17_2_96602622:SNP.AG + 1B_2 * REG_1B_2_96602622:SNP.AG + 1B * REG_1B_96602622:SNP.AG + 4B_2 * REG_4B_2_96602622:SNP.AG + 4B * REG_4B_96602622:SNP.AG + 4A * REG_4A_96602622:SNP.AG ]>
M  Contraint for 96602622:SNP.AG: 1 <= <gurobi.QuadExpr: 0.0 + [ 17 * REG_17_96602622:SNP.AG + 4A_2 * REG_4A_2_96602622:SNP.AG + 17_2 * REG_17_2_96602622:SNP.AG + 1B_2 * REG_1B_2_96602622:SNP.AG + 1B * REG_1B_96602622:SNP.AG + 4B_2 * REG_4B_2_96602622:SNP.AG + 4B * REG_4B_96602622:SNP.AG + 4A * REG_4A_96602622:SNP.AG ]>
M  Contraint for 96602622:SNP.AG: 1 <= <gurobi.QuadExpr: 0.0 + [ 17 * REG_17_96602622:SNP.AG + 4A_2 * REG_4A_2_96602622:SNP.AG + 17_2 * REG_17_2_96602622:SNP.AG + 1B_2 * REG_1B_2_96602622:SNP.AG + 1B * REG_1B_96602622:SNP.AG + 4B_2 * REG_4B_2_96602622:SNP.AG + 4B * REG_4B_96602622:SNP.AG + 4A * REG_4A_96602622:SNP.AG ]>
M  Contraint for 96521656:SNP.CT: 1 <= <gurobi.QuadExpr: 0.0 + [ 17 * REG_17_96521656:SNP.CT + 17_2 * REG_17_2_96521656:SNP.CT + 4B_2 * REG_4B_2_96521656:SNP.CT + 4B * REG_4B_96521656:SNP.CT ]>
M  Contraint for 96522462:SNP.AG: 1 <= <gurobi.QuadExpr: 0.0 + [ 4A_2 * REG_4A_2_96522462:SNP.AG + 4B_2 * REG_4B_2_96522462:SNP.AG + 4B * REG_4B_96522462:SNP.AG + 4A * REG_4A_96522462:SNP.AG ]>
M  Contraint for 96602622:SNP.AG: 1 <= <gurobi.QuadExpr: 0.0 + [ 17 * REG_17_96602622:SNP.AG + 4A_2 * REG_4A_2_96602622:SNP.AG + 17_2 * REG_17_2_96602622:SNP.AG + 1B_2 * REG_1B_2_96602622:SNP.AG + 1B * REG_1B_96602622:SNP.AG + 4B_2 * REG_4B_2_96602622:SNP.AG + 4B * REG_4B_96602622:SNP.AG + 4A * REG_4A_96602622:SNP.AG ]>
M  Contraint for 96521656:SNP.CT: 1 <= <gurobi.QuadExpr: 0.0 + [ 17 * REG_17_96521656:SNP.CT + 17_2 * REG_17_2_96521656:SNP.CT + 4B_2 * REG_4B_2_96521656:SNP.CT + 4B * REG_4B_96521656:SNP.CT ]>
M  Contraint for 96522462:SNP.AG: 1 <= <gurobi.QuadExpr: 0.0 + [ 4A_2 * REG_4A_2_96522462:SNP.AG + 4B_2 * REG_4B_2_96522462:SNP.AG + 4B * REG_4B_96522462:SNP.AG + 4A * REG_4A_96522462:SNP.AG ]>
M  Contraint for 96602622:SNP.AG: 1 <= <gurobi.QuadExpr: 0.0 + [ 17 * REG_17_96602622:SNP.AG + 4A_2 * REG_4A_2_96602622:SNP.AG + 17_2 * REG_17_2_96602622:SNP.AG + 1B_2 * REG_1B_2_96602622:SNP.AG + 1B * REG_1B_96602622:SNP.AG + 4B_2 * REG_4B_2_96602622:SNP.AG + 4B * REG_4B_96602622:SNP.AG + 4A * REG_4A_96602622:SNP.AG ]>
M  Contraint for 96522462:SNP.AG: 1 <= <gurobi.QuadExpr: 0.0 + [ 4A_2 * REG_4A_2_96522462:SNP.AG + 4B_2 * REG_4B_2_96522462:SNP.AG + 4B * REG_4B_96522462:SNP.AG + 4A * REG_4A_96522462:SNP.AG ]>
M  Contraint for 96602622:SNP.AG: 1 <= <gurobi.QuadExpr: 0.0 + [ 17 * REG_17_96602622:SNP.AG + 4A_2 * REG_4A_2_96602622:SNP.AG + 17_2 * REG_17_2_96602622:SNP.AG + 1B_2 * REG_1B_2_96602622:SNP.AG + 1B * REG_1B_96602622:SNP.AG + 4B_2 * REG_4B_2_96602622:SNP.AG + 4B * REG_4B_96602622:SNP.AG + 4A * REG_4A_96602622:SNP.AG ]>
CN Solver status: optimal, opt: 61.0
  solution:
    ('17', '4A')
    ('1B', '4B')
[32;01mCopy number best structures:[39;49;00m
[32;01m  (1) 2x*1-like[39;49;00m
== Refiner ==
Refining ('17', '4A')
M  CN constraint for 17: 1 == <gurobi.LinExpr: 17>
M  CN constraint for 4A: 1 == <gurobi.LinExpr: 4A>
M  Contraint for 96521656:REF 6.0i: 233 == <gurobi.QuadExpr: 228.0 17 + 228.0 4A + [ -228.0 REG_17_96521656:SNP.CT * 17 + -228.0 EXT_4A_96521656:SNP.CT * 4A ]> + err
M  Contraint for 96519060:SNP.CT 6.0i: 2 == <gurobi.QuadExpr: 0.0 + [ REG_17_96519060:SNP.CT * 17 + EXT_4A_96519060:SNP.CT * 4A ]> + err
M  Contraint for 96522462:SNP.AG 6.1e: 459 == <gurobi.QuadExpr: 0.0 + [ 484.5 EXT_17_96522462:SNP.AG * 17 + 484.5 REG_4A_96522462:SNP.AG * 4A ]> + err
M  Contraint for 96602622:REF 6.7e: 0 == <gurobi.QuadExpr: 610.0 17 + 610.0 4A + [ -610.0 REG_17_96602622:SNP.AG * 17 + -610.0 REG_4A_96602622:SNP.AG * 4A ]> + err
M  Contraint for 96519060:REF 6.0i: 0 == <gurobi.QuadExpr: 17 + 4A + [ -1.0 REG_17_96519060:SNP.CT * 17 + -1.0 EXT_4A_96519060:SNP.CT * 4A ]> + err
M  Contraint for 96521656:SNP.CT 6.0i: 223 == <gurobi.QuadExpr: 0.0 + [ 228.0 REG_17_96521656:SNP.CT * 17 + 228.0 EXT_4A_96521656:SNP.CT * 4A ]> + err
M  Contraint for 96522462:REF 6.1e: 510 == <gurobi.QuadExpr: 484.5 17 + 484.5 4A + [ -484.5 EXT_17_96522462:SNP.AG * 17 + -484.5 REG_4A_96522462:SNP.AG * 4A ]> + err
M  Contraint for 96602622:SNP.AG 6.7e: 1220 == <gurobi.QuadExpr: 0.0 + [ 610.0 REG_17_96602622:SNP.AG * 17 + 610.0 REG_4A_96602622:SNP.AG * 4A ]> + err
M  Contraint for 96522560:SNP.CT 6.1e: 639 == <gurobi.QuadExpr: 0.0 + [ 319.5 REG_17_96522560:SNP.CT * 17 + 319.5 REG_4A_96522560:SNP.CT * 4A ]> + err
M  Contraint for 96522560:REF 6.1e: 0 == <gurobi.QuadExpr: 319.5 17 + 319.5 4A + [ -319.5 REG_17_96522560:SNP.CT * 17 + -319.5 REG_4A_96522560:SNP.CT * 4A ]> + err
M  Contraint for MM[missing] 17 96519060:SNP.CT: <gurobi.Var 17> >= <gurobi.Var REG_17_96519060:SNP.CT>
M  Contraint for MM[missing] 17 96602622:SNP.AG: <gurobi.Var 17> >= <gurobi.Var REG_17_96602622:SNP.AG>
M  Contraint for MM[missing] 17 96521656:SNP.CT: <gurobi.Var 17> >= <gurobi.Var REG_17_96521656:SNP.CT>
M  Contraint for MM[missing] 17 96522560:SNP.CT: <gurobi.Var 17> >= <gurobi.Var REG_17_96522560:SNP.CT>
M  Contraint for MM[missing] 4A 96602622:SNP.AG: <gurobi.Var 4A> >= <gurobi.Var REG_4A_96602622:SNP.AG>
M  Contraint for MM[missing] 4A 96522462:SNP.AG: <gurobi.Var 4A> >= <gurobi.Var REG_4A_96522462:SNP.AG>
M  Contraint for MM[missing] 4A 96522560:SNP.CT: <gurobi.Var 4A> >= <gurobi.Var REG_4A_96522560:SNP.CT>
M  Contraint for MA[extra] 17 96522462:SNP.AG: <gurobi.Var 17> >= <gurobi.Var EXT_17_96522462:SNP.AG>
M  Contraint for MA[extra] 4A 96519060:SNP.CT: <gurobi.Var 4A> >= <gurobi.Var EXT_4A_96519060:SNP.CT>
M  Contraint for MA[extra] 4A 96521656:SNP.CT: <gurobi.Var 4A> >= <gurobi.Var EXT_4A_96521656:SNP.CT>
M  Objective: <gurobi.LinExpr: C22 + C23 + C24 + C25 + C26 + C27 + C28 + C29 + C30 + C31 + EXT_17_96522462:SNP.AG + EXT_4A_96519060:SNP.CT + EXT_4A_96521656:SNP.CT + W>
M  Contraint for 17: <gurobi.LinExpr: REG_17_96521656:SNP.CT + REG_17_96602622:SNP.AG> = 2 * A_<gurobi.Var 17>
M  Contraint for 4A: <gurobi.LinExpr: REG_4A_96522462:SNP.AG + REG_4A_96602622:SNP.AG> = 2 * A_<gurobi.Var 4A>
M  Contraint for 96521656:SNP.CT: 1 <= <gurobi.QuadExpr: 0.0 + [ REG_17_96521656:SNP.CT * 17 ]> <= 1
M  Contraint for 96521656:SNP.CT: <gurobi.QuadExpr: 0.0 + [ REG_17_96521656:SNP.CT * 17 ]> <= 1
M  Contraint for 96519060:SNP.CT: 2 <= <gurobi.QuadExpr: 0.0 + [ REG_17_96519060:SNP.CT * 17 + EXT_4A_96519060:SNP.CT * 4A ]> <= 3
M  Contraint for 96602622:SNP.AG: 2 <= <gurobi.QuadExpr: 0.0 + [ REG_17_96602622:SNP.AG * 17 + REG_4A_96602622:SNP.AG * 4A ]> <= 3
M  Contraint for 96602622:SNP.AG: <gurobi.QuadExpr: 0.0 + [ REG_17_96602622:SNP.AG * 17 + REG_4A_96602622:SNP.AG * 4A ]> <= 3
M  Contraint for 96522462:SNP.AG: 1 <= <gurobi.QuadExpr: 0.0 + [ REG_4A_96522462:SNP.AG * 4A ]> <= 1
M  Contraint for 96522462:SNP.AG: <gurobi.QuadExpr: 0.0 + [ REG_4A_96522462:SNP.AG * 4A ]> <= 1
M  Contraint for 96522560:SNP.CT: 2 <= <gurobi.QuadExpr: 0.0 + [ REG_17_96522560:SNP.CT * 17 + REG_4A_96522560:SNP.CT * 4A ]> <= 3
CN Solver status: optimal, opt: 62.0
  17: 1
    6.0i 96519060:SNP.CT    2 (100 cp. 2) 
    6.7e 96602622:SNP.AG 1220 (100 cp. 2) F
    6.0i 96521656:SNP.CT  223 ( 49 cp. 1) F
    6.1e 96522560:SNP.CT  639 (100 cp. 2) 
  4A: 1
    6.7e 96602622:SNP.AG 1220 (100 cp. 2) F
    6.1e 96522462:SNP.AG  459 ( 47 cp. 1) F
    6.1e 96522560:SNP.CT  639 (100 cp. 2) 
Missing:
  17: 1
  4A: 1
Extra:
  17: 1
  4A: 1
    6.0i 96519060:SNP.CT    2 (100)   rs11188072   -3402:C>T
== Refiner ==
Refining ('1B', '4B')
M  CN constraint for 1B: 1 == <gurobi.LinExpr: 1C + 1B>
M  CN constraint for 4B: 1 == <gurobi.LinExpr: 4B>
M  Contraint for 96521656:REF 6.0i: 233 == <gurobi.QuadExpr: 228.0 1C + 228.0 1B + 228.0 4B + [ -228.0 EXT_1C_96521656:SNP.CT * 1C + -228.0 EXT_1B_96521656:SNP.CT * 1B + -228.0 REG_4B_96521656:SNP.CT * 4B ]> + err
M  Contraint for 96519060:SNP.CT 6.0i: 2 == <gurobi.QuadExpr: 0.0 + [ EXT_1C_96519060:SNP.CT * 1C + EXT_1B_96519060:SNP.CT * 1B + REG_4B_96519060:SNP.CT * 4B ]> + err
M  Contraint for 96522462:SNP.AG 6.1e: 459 == <gurobi.QuadExpr: 0.0 + [ 484.5 EXT_1C_96522462:SNP.AG * 1C + 484.5 EXT_1B_96522462:SNP.AG * 1B + 484.5 REG_4B_96522462:SNP.AG * 4B ]> + err
M  Contraint for 96602622:REF 6.7e: 0 == <gurobi.QuadExpr: 610.0 1C + 610.0 1B + 610.0 4B + [ -610.0 REG_1C_96602622:SNP.AG * 1C + -610.0 REG_1B_96602622:SNP.AG * 1B + -610.0 REG_4B_96602622:SNP.AG * 4B ]> + err
M  Contraint for 96519060:REF 6.0i: 0 == <gurobi.QuadExpr: 1C + 1B + 4B + [ -1.0 EXT_1C_96519060:SNP.CT * 1C + -1.0 EXT_1B_96519060:SNP.CT * 1B + -1.0 REG_4B_96519060:SNP.CT * 4B ]> + err
M  Contraint for 96521656:SNP.CT 6.0i: 223 == <gurobi.QuadExpr: 0.0 + [ 228.0 EXT_1C_96521656:SNP.CT * 1C + 228.0 EXT_1B_96521656:SNP.CT * 1B + 228.0 REG_4B_96521656:SNP.CT * 4B ]> + err
M  Contraint for 96522462:REF 6.1e: 510 == <gurobi.QuadExpr: 484.5 1C + 484.5 1B + 484.5 4B + [ -484.5 EXT_1C_96522462:SNP.AG * 1C + -484.5 EXT_1B_96522462:SNP.AG * 1B + -484.5 REG_4B_96522462:SNP.AG * 4B ]> + err
M  Contraint for 96602622:SNP.AG 6.7e: 1220 == <gurobi.QuadExpr: 0.0 + [ 610.0 REG_1C_96602622:SNP.AG * 1C + 610.0 REG_1B_96602622:SNP.AG * 1B + 610.0 REG_4B_96602622:SNP.AG * 4B ]> + err
M  Contraint for 96522560:SNP.CT 6.1e: 639 == <gurobi.QuadExpr: 0.0 + [ 319.5 EXT_1C_96522560:SNP.CT * 1C + 319.5 REG_1B_96522560:SNP.CT * 1B + 319.5 REG_4B_96522560:SNP.CT * 4B ]> + err
M  Contraint for 96522560:REF 6.1e: 0 == <gurobi.QuadExpr: 319.5 1C + 319.5 1B + 319.5 4B + [ -319.5 EXT_1C_96522560:SNP.CT * 1C + -319.5 REG_1B_96522560:SNP.CT * 1B + -319.5 REG_4B_96522560:SNP.CT * 4B ]> + err
M  Contraint for MM[missing] 1C 96602622:SNP.AG: <gurobi.Var 1C> >= <gurobi.Var REG_1C_96602622:SNP.AG>
M  Contraint for MM[missing] 1B 96602622:SNP.AG: <gurobi.Var 1B> >= <gurobi.Var REG_1B_96602622:SNP.AG>
M  Contraint for MM[missing] 1B 96522560:SNP.CT: <gurobi.Var 1B> >= <gurobi.Var REG_1B_96522560:SNP.CT>
M  Contraint for MM[missing] 4B 96519060:SNP.CT: <gurobi.Var 4B> >= <gurobi.Var REG_4B_96519060:SNP.CT>
M  Contraint for MM[missing] 4B 96602622:SNP.AG: <gurobi.Var 4B> >= <gurobi.Var REG_4B_96602622:SNP.AG>
M  Contraint for MM[missing] 4B 96522462:SNP.AG: <gurobi.Var 4B> >= <gurobi.Var REG_4B_96522462:SNP.AG>
M  Contraint for MM[missing] 4B 96521656:SNP.CT: <gurobi.Var 4B> >= <gurobi.Var REG_4B_96521656:SNP.CT>
M  Contraint for MM[missing] 4B 96522560:SNP.CT: <gurobi.Var 4B> >= <gurobi.Var REG_4B_96522560:SNP.CT>
M  Contraint for MA[extra] 1C 96519060:SNP.CT: <gurobi.Var 1C> >= <gurobi.Var EXT_1C_96519060:SNP.CT>
M  Contraint for MA[extra] 1C 96522462:SNP.AG: <gurobi.Var 1C> >= <gurobi.Var EXT_1C_96522462:SNP.AG>
M  Contraint for MA[extra] 1C 96521656:SNP.CT: <gurobi.Var 1C> >= <gurobi.Var EXT_1C_96521656:SNP.CT>
M  Contraint for MA[extra] 1C 96522560:SNP.CT: <gurobi.Var 1C> >= <gurobi.Var EXT_1C_96522560:SNP.CT>
M  Contraint for MA[extra] 1B 96519060:SNP.CT: <gurobi.Var 1B> >= <gurobi.Var EXT_1B_96519060:SNP.CT>
M  Contraint for MA[extra] 1B 96522462:SNP.AG: <gurobi.Var 1B> >= <gurobi.Var EXT_1B_96522462:SNP.AG>
M  Contraint for MA[extra] 1B 96521656:SNP.CT: <gurobi.Var 1B> >= <gurobi.Var EXT_1B_96521656:SNP.CT>
M  Objective: <gurobi.LinExpr: C28 + C29 + C30 + C31 + C32 + C33 + C34 + C35 + C36 + C37 + EXT_1C_96519060:SNP.CT + EXT_1C_96522462:SNP.AG + EXT_1C_96521656:SNP.CT + EXT_1C_96522560:SNP.CT + EXT_1B_96519060:SNP.CT + EXT_1B_96522462:SNP.AG + EXT_1B_96521656:SNP.CT + W>
M  Contraint for 1C: <gurobi.LinExpr: REG_1C_96602622:SNP.AG> = 1 * A_<gurobi.Var 1C>
M  Contraint for 1B: <gurobi.LinExpr: REG_1B_96602622:SNP.AG> = 1 * A_<gurobi.Var 1B>
M  Contraint for 4B: <gurobi.LinExpr: REG_4B_96521656:SNP.CT + REG_4B_96522462:SNP.AG + REG_4B_96602622:SNP.AG> = 3 * A_<gurobi.Var 4B>
M  Contraint for 96521656:SNP.CT: 1 <= <gurobi.QuadExpr: 0.0 + [ REG_4B_96521656:SNP.CT * 4B ]> <= 1
M  Contraint for 96521656:SNP.CT: <gurobi.QuadExpr: 0.0 + [ REG_4B_96521656:SNP.CT * 4B ]> <= 1
M  Contraint for 96519060:SNP.CT: 2 <= <gurobi.QuadExpr: 0.0 + [ REG_4B_96519060:SNP.CT * 4B + EXT_1C_96519060:SNP.CT * 1C + EXT_1B_96519060:SNP.CT * 1B ]> <= 3
M  Contraint for 96602622:SNP.AG: 2 <= <gurobi.QuadExpr: 0.0 + [ REG_1C_96602622:SNP.AG * 1C + REG_1B_96602622:SNP.AG * 1B + REG_4B_96602622:SNP.AG * 4B ]> <= 3
M  Contraint for 96602622:SNP.AG: <gurobi.QuadExpr: 0.0 + [ REG_1C_96602622:SNP.AG * 1C + REG_1B_96602622:SNP.AG * 1B + REG_4B_96602622:SNP.AG * 4B ]> <= 3
M  Contraint for 96522462:SNP.AG: 1 <= <gurobi.QuadExpr: 0.0 + [ REG_4B_96522462:SNP.AG * 4B ]> <= 1
M  Contraint for 96522462:SNP.AG: <gurobi.QuadExpr: 0.0 + [ REG_4B_96522462:SNP.AG * 4B ]> <= 1
M  Contraint for 96522560:SNP.CT: 2 <= <gurobi.QuadExpr: 0.0 + [ REG_1B_96522560:SNP.CT * 1B + REG_4B_96522560:SNP.CT * 4B + EXT_1C_96522560:SNP.CT * 1C ]> <= 3
CN Solver status: optimal, opt: 62.0
  1B: 1
    6.7e 96602622:SNP.AG 1220 (100 cp. 2) F
    6.1e 96522560:SNP.CT  639 (100 cp. 2) 
  4B: 1
    6.0i 96519060:SNP.CT    2 (100 cp. 2) 
    6.7e 96602622:SNP.AG 1220 (100 cp. 2) F
    6.1e 96522462:SNP.AG  459 ( 47 cp. 1) F
    6.0i 96521656:SNP.CT  223 ( 49 cp. 1) F
    6.1e 96522560:SNP.CT  639 (100 cp. 2) 
Missing:
  1B: 1
  4B: 1
Extra:
  1B: 1
    6.0i 96519060:SNP.CT    2 (100)   rs11188072   -3402:C>T
  4B: 1
Time needed: (13.4)
Result is: [('4A', '17'), ('1B', '4B')]
