SAM file: bams/PGXT155.bam
File bams/PGXT155.bam has index
Coverage is 110.942239376
== Allele Filter ==
 6.0i   96520381: SNP.CN                    2 (  6%) ~     0 (  0)
 6.0i   96520477: SNP.CT                   75 ( 52%) ~     0 (  0)
 6.0i   96521044: SNP.CT                   37 ( 59%) ~     0 (  0)
 6.0i   96521556: SNP.AG                  194 ( 51%) ~     0 (  0)
 6.1e   96522560: SNP.CT     99:C>T       254 ( 54%) ~     0 (  0)
 6.1i   96527137: SNP.AC                    2 (100%) ~     0 (  0)
 6.1i   96534583: SNP.GA     12122:G>A      9 ( 56%) ~     0 (  0)
 6.3e   96535172: SNP.TC     12711:T>C    431 ( 48%) ~     2 (  0)
 6.3i   96535742: SNP.AG                  320 ( 48%) ~     0 (  0)
 6.3i   96536090: SNP.CA                   94 ( 45%) ~     0 (  0)
 6.4i   96540890: SNP.GA                    6 (100%) ~     0 (  0)
 6.5i   96542321: SNP.AT                    2 (100%) ~     0 (  0)
 6.5i   96554048: SNP.CG                    2 (100%) ~     0 (  0)
 6.5i   96573386: SNP.AC                    4 (100%) ~     0 (  0)
 6.6i   96590832: SNP.TC                    2 (100%) ~     0 (  0)
 6.6i   96594032: SNP.TC                    4 (100%) ~     0 (  0)
 6.7e   96602622: SNP.AG     80161:A>G    874 (100%) ~     1 (  0)
 6.7i   96609063: SNP.GA                    2 (100%) ~     0 (  0)
 6.7i   96609236: SNP.TA                    2 (100%) ~     0 (  0)
 6.7i   96609567: SNP.TC     87106:T>C     66 ( 44%) ~     0 (  0)
 6.8i   96610099: SNP.CA                    2 ( 20%) ~     0 (  0)
 6.8i   96611434: SNP.TC                    2 (100%) ~     0 (  0)
 6.8i   96612040: SNP.CG                    2 (100%) ~     0 (  0)
 6.8i   96612147: SNP.TC                    2 ( 50%) ~     0 (  0)
 6.8i   96612277: SNP.TC                   41 ( 51%) ~     0 (  0)
Removing 10    6.5e 96541614:SNP.CT
Removing 11    6.3e 96535263:SNP.GA
Removing 12    6.9e 96612670:SNP.AC
Removing 13    6.8e 96609751:SNP.CT
Removing 14    6.1e 96522511:SNP.TC
Removing 15    6.1e 96522516:SNP.AC
Removing 16    6.9e 96612521:SNP.CT
Removing 17    6.0i 96521656:SNP.CT
Removing 18    6.7e 96602617:SNP.GA
Removing 19    6.1e 96522612:SNP.AG
Removing 2H    6.5e 96541615:SNP.GA,  6.7e 96602621:SNP.CT,  6.8e 96609709:SNP.CG,  6.2i 96535123:SNP.AG
Removing 2D    6.2i 96535123:SNP.AG,  6.5e 96541615:SNP.GA,  6.7e 96602621:SNP.CT,  6.8e 96609736:SNP.GA
Removing 2E    6.5e 96541615:SNP.GA,  6.5e 96541747:SNP.GA,  6.7e 96602621:SNP.CT,  6.2i 96535123:SNP.AG
Removing 2F    6.5e 96541615:SNP.GA,  6.7e 96602621:SNP.CT,  6.7e 96602652:SNP.GA,  6.2i 96535123:SNP.AG
Removing 2G    6.5e 96541615:SNP.GA,  6.7e 96602621:SNP.CT,  6.7e 96602710:SNP.AT,  6.2i 96535123:SNP.AG
Removing 2A    6.5e 96541615:SNP.GA,  6.7e 96602621:SNP.CT,  6.2i 96535123:SNP.AG
Removing 2B    6.2e 96534921:SNP.GC,  6.5e 96541615:SNP.GA,  6.7e 96602621:SNP.CT,  6.2i 96535123:SNP.AG
Removing 2C    6.2i 96535123:SNP.AG,  6.3e 96535295:SNP.GC,  6.5e 96541615:SNP.GA,  6.7e 96602621:SNP.CT
Removing 2J    6.5e 96541615:SNP.GA,  6.7e 96602621:SNP.CT,  6.8e 96609784:SNP.AC,  6.2i 96535123:SNP.AG
Removing 22    6.4e 96540330:SNP.GC
Removing 23    6.2e 96534916:SNP.GC
Removing 24    6.7e 96602635:SNP.GA
Removing 25    6.9e 96612541:SNP.CG
Removing 26    6.5e 96541700:SNP.GA
Removing 27    6.0i 96521421:SNP.GA
Removing 28    6.1e 96522516:SNP.AC,  6.7e 96602751:SNP.GA
Removing 29    6.1e 96522544:SNP.AT
Removing 3C    6.3e 96535221:SNP.TA,  6.4e 96540409:SNP.GA
Removing 3B    6.4e 96540409:SNP.GA,  6.7e 96602709:SNP.GA
Removing 3A    6.4e 96540409:SNP.GA
Removing 30    6.2e 96534862:SNP.CT
Removing 31    6.2e 96534877:SNP.CT
Removing 32    6.2e 96534941:SNP.AG
Removing 33    6.4e 96540335:SNP.GA
Removing 34    6.1e 96522468:SNP.CT,  6.1e 96522471:SNP.TC
Removing 35    6.2i 96535123:SNP.AG
Removing 4B    6.0i 96521656:SNP.CT,  6.1e 96522462:SNP.AG
Removing 4A    6.1e 96522462:SNP.AG
Removing 5A    6.9e 96612494:SNP.CT
Removing 5B    6.9e 96612494:SNP.CT
Removing 6     6.3e 96535209:SNP.GA
Removing 7     6.5i 96541755:SNP.TA
Removing 9     6.3e 96535245:SNP.GA
Initial status
  CYP2D6.1C
    6.7e           96602622:SNP.AG  874 (100) F 80161:A>G
  CYP2D6.1B
    6.1e           96522560:SNP.CT  254 ( 54)   99:C>T
    6.7e           96602622:SNP.AG  874 (100) F 80161:A>G
  CYP2D6.1
  CYP2D6.8
    6.3e           96535172:SNP.TC  431 ( 48) F 12711:T>C
  CYP2D6.8X
    6.3e           96535172:SNP.TC  431 ( 48) F 12711:T>C
    6.7e           96602622:SNP.AG  874 (100) F 80161:A>G
== Copy Number Estimator ==
CNV factor: 2.3497328501 (0.425580295206)
Coverage per region
  region:  2D6  2D7
  0i   :  2.74
  1e   :  2.56
  1i   :  2.73
  2e   :  2.28
  2i   :  2.16
  3e   :  1.97
  3i   :  2.68
  4e   :  3.03
  4i   :  3.69
  5e   :  3.01
  5i   :  2.70
  6e   :  2.47
  6i   :  2.76
  7e   :  1.82
  7i   :  2.31
  8e   :  2.59
  8i   :  2.65
  9e   :  2.73
Max. CN = 4
M  Sentinel contraint for 1: A_1^ <= A_1
M  Contraint for 7e: 1.82082891196 == E_7e + <gurobi.LinExpr: A1 + A1^>
M  Contraint for 6e: 2.46959472179 == E_6e + <gurobi.LinExpr: A1 + A1^>
M  Contraint for 9e: 2.73138424831 == E_9e + <gurobi.LinExpr: A1 + A1^>
M  Contraint for 8e: 2.5908767892 == E_8e + <gurobi.LinExpr: A1 + A1^>
M  Contraint for 2e: 2.28192388655 == E_2e + <gurobi.LinExpr: A1 + A1^>
M  Contraint for 1e: 2.55999227146 == E_1e + <gurobi.LinExpr: A1 + A1^>
M  Contraint for 5e: 3.01325244321 == E_5e + <gurobi.LinExpr: A1 + A1^>
M  Contraint for 4e: 3.03297585053 == E_4e + <gurobi.LinExpr: A1 + A1^>
M  Contraint for 3e: 1.97375395189 == E_3e + <gurobi.LinExpr: A1 + A1^>
M  Objective: <gurobi.LinExpr: C11 + C12 + C13 + C14 + C15 + C16 + C17 + C18 + C19 + 0.5 A1 + 0.5 A1^>
CN Solver status: optimal, opt: 5.8854173472
  Solutions:
    ('1', '1^')
== Initial Solver ==
Solving Counter({'1': 2})
Possible candidates:
  CYP2D6.1
  CYP2D6.1B
    6.7e 96602622:SNP.AG  874 (100) F 80161:A>G
  CYP2D6.8
    6.3e 96535172:SNP.TC  431 ( 48) F 12711:T>C
  CYP2D6.8X
    6.3e 96535172:SNP.TC  431 ( 48) F 12711:T>C
    6.7e 96602622:SNP.AG  874 (100) F 80161:A>G
M  Max. CN for 1 = 2
M  Max. CN for 8 = 2
M  Max. CN for 8X = 2
M  Max. CN for 1B = 2
M  Contraint for 96602622:REF 6.7e: 1 == <gurobi.QuadExpr: 437.5 1B_2 + 437.5 1 + 437.5 8X + 437.5 1B + 437.5 8_2 + 437.5 1_2 + 437.5 8 + 437.5 8X_2 + [ -437.5 REG_1B_2_96602622:SNP.AG * 1B_2 + -437.5 REG_8X_96602622:SNP.AG * 8X + -437.5 REG_1B_96602622:SNP.AG * 1B + -437.5 REG_8X_2_96602622:SNP.AG * 8X_2 ]> + err
M  Contraint for 96535172:REF 6.3e: 470 == <gurobi.QuadExpr: 450.5 1B_2 + 450.5 1 + 450.5 8X + 450.5 1B + 450.5 8_2 + 450.5 1_2 + 450.5 8 + 450.5 8X_2 + [ -450.5 REG_8X_96535172:SNP.TC * 8X + -450.5 REG_8_2_96535172:SNP.TC * 8_2 + -450.5 REG_8_96535172:SNP.TC * 8 + -450.5 REG_8X_2_96535172:SNP.TC * 8X_2 ]> + err
M  Contraint for 96602622:SNP.AG 6.7e: 874 == <gurobi.QuadExpr: 0.0 + [ 437.5 REG_1B_2_96602622:SNP.AG * 1B_2 + 437.5 REG_8X_96602622:SNP.AG * 8X + 437.5 REG_1B_96602622:SNP.AG * 1B + 437.5 REG_8X_2_96602622:SNP.AG * 8X_2 ]> + err
M  Contraint for 96535172:SNP.TC 6.3e: 431 == <gurobi.QuadExpr: 0.0 + [ 450.5 REG_8X_96535172:SNP.TC * 8X + 450.5 REG_8_2_96535172:SNP.TC * 8_2 + 450.5 REG_8_96535172:SNP.TC * 8 + 450.5 REG_8X_2_96535172:SNP.TC * 8X_2 ]> + err
M  Contraint for 8X 96602622:SNP.AG: <gurobi.Var 8X> >= <gurobi.Var REG_8X_96602622:SNP.AG>
M  Contraint for 8X 96535172:SNP.TC: <gurobi.Var 8X> >= <gurobi.Var REG_8X_96535172:SNP.TC>
M  Contraint for 1B_2 96602622:SNP.AG: <gurobi.Var 1B_2> >= <gurobi.Var REG_1B_2_96602622:SNP.AG>
M  Contraint for 1B 96602622:SNP.AG: <gurobi.Var 1B> >= <gurobi.Var REG_1B_96602622:SNP.AG>
M  Contraint for 8_2 96535172:SNP.TC: <gurobi.Var 8_2> >= <gurobi.Var REG_8_2_96535172:SNP.TC>
M  Contraint for 8 96535172:SNP.TC: <gurobi.Var 8> >= <gurobi.Var REG_8_96535172:SNP.TC>
M  Contraint for 8X_2 96602622:SNP.AG: <gurobi.Var 8X_2> >= <gurobi.Var REG_8X_2_96602622:SNP.AG>
M  Contraint for 8X_2 96535172:SNP.TC: <gurobi.Var 8X_2> >= <gurobi.Var REG_8X_2_96535172:SNP.TC>
M  CN contraint for 1: 2 == <gurobi.LinExpr: 8X + 1 + 1B_2 + 1B + 8_2 + 1_2 + 8 + 8X_2>
M  Sentinel contraint for 1: A_1_2 <= A_1
M  Sentinel contraint for 8X: A_8X_2 <= A_8X
M  Sentinel contraint for 1B: A_1B_2 <= A_1B
M  Sentinel contraint for 8: A_8_2 <= A_8
M  Objective: <gurobi.LinExpr: C26 + C27 + C28 + C29>
M  Contraint for 1B_2: A_1B_2 * (<gurobi.LinExpr: REG_1B_2_96602622:SNP.AG> - 1) == 0
M  Contraint for 8X: A_8X * (<gurobi.LinExpr: REG_8X_96535172:SNP.TC + REG_8X_96602622:SNP.AG> - 2) == 0
M  Contraint for 1B: A_1B * (<gurobi.LinExpr: REG_1B_96602622:SNP.AG> - 1) == 0
M  Contraint for 8_2: A_8_2 * (<gurobi.LinExpr: REG_8_2_96535172:SNP.TC> - 1) == 0
M  Contraint for 8: A_8 * (<gurobi.LinExpr: REG_8_96535172:SNP.TC> - 1) == 0
M  Contraint for 8X_2: A_8X_2 * (<gurobi.LinExpr: REG_8X_2_96535172:SNP.TC + REG_8X_2_96602622:SNP.AG> - 2) == 0
M  Contraint for 96602622:SNP.AG: 1 <= <gurobi.QuadExpr: 0.0 + [ 1B_2 * REG_1B_2_96602622:SNP.AG + 8X * REG_8X_96602622:SNP.AG + 1B * REG_1B_96602622:SNP.AG + 8X_2 * REG_8X_2_96602622:SNP.AG ]>
M  Contraint for 96535172:SNP.TC: 1 <= <gurobi.QuadExpr: 0.0 + [ 8X * REG_8X_96535172:SNP.TC + 8_2 * REG_8_2_96535172:SNP.TC + 8 * REG_8_96535172:SNP.TC + 8X_2 * REG_8X_2_96535172:SNP.TC ]>
M  Contraint for 96602622:SNP.AG: 1 <= <gurobi.QuadExpr: 0.0 + [ 1B_2 * REG_1B_2_96602622:SNP.AG + 8X * REG_8X_96602622:SNP.AG + 1B * REG_1B_96602622:SNP.AG + 8X_2 * REG_8X_2_96602622:SNP.AG ]>
M  Contraint for 96602622:SNP.AG: 1 <= <gurobi.QuadExpr: 0.0 + [ 1B_2 * REG_1B_2_96602622:SNP.AG + 8X * REG_8X_96602622:SNP.AG + 1B * REG_1B_96602622:SNP.AG + 8X_2 * REG_8X_2_96602622:SNP.AG ]>
M  Contraint for 96535172:SNP.TC: 1 <= <gurobi.QuadExpr: 0.0 + [ 8X * REG_8X_96535172:SNP.TC + 8_2 * REG_8_2_96535172:SNP.TC + 8 * REG_8_96535172:SNP.TC + 8X_2 * REG_8X_2_96535172:SNP.TC ]>
M  Contraint for 96535172:SNP.TC: 1 <= <gurobi.QuadExpr: 0.0 + [ 8X * REG_8X_96535172:SNP.TC + 8_2 * REG_8_2_96535172:SNP.TC + 8 * REG_8_96535172:SNP.TC + 8X_2 * REG_8X_2_96535172:SNP.TC ]>
M  Contraint for 96535172:SNP.TC: 1 <= <gurobi.QuadExpr: 0.0 + [ 8X * REG_8X_96535172:SNP.TC + 8_2 * REG_8_2_96535172:SNP.TC + 8 * REG_8_96535172:SNP.TC + 8X_2 * REG_8X_2_96535172:SNP.TC ]>
M  Contraint for 96602622:SNP.AG: 1 <= <gurobi.QuadExpr: 0.0 + [ 1B_2 * REG_1B_2_96602622:SNP.AG + 8X * REG_8X_96602622:SNP.AG + 1B * REG_1B_96602622:SNP.AG + 8X_2 * REG_8X_2_96602622:SNP.AG ]>
CN Solver status: optimal, opt: 41.0
  solution:
    ('1B', '8X')
[32;01mCopy number best structures:[39;49;00m
[32;01m  (1) 2x*1-like[39;49;00m
== Refiner ==
Refining ('1B', '8X')
M  CN constraint for 8X: 1 == <gurobi.LinExpr: 8X>
M  CN constraint for 1B: 1 == <gurobi.LinExpr: 1C + 1B>
M  Contraint for 96535172:REF 6.3e: 470 == <gurobi.QuadExpr: 450.5 1C + 450.5 1B + 450.5 8X + [ -450.5 EXT_1C_96535172:SNP.TC * 1C + -450.5 EXT_1B_96535172:SNP.TC * 1B + -450.5 REG_8X_96535172:SNP.TC * 8X ]> + err
M  Contraint for 96602622:SNP.AG 6.7e: 874 == <gurobi.QuadExpr: 0.0 + [ 437.5 REG_1C_96602622:SNP.AG * 1C + 437.5 REG_1B_96602622:SNP.AG * 1B + 437.5 REG_8X_96602622:SNP.AG * 8X ]> + err
M  Contraint for 96535172:SNP.TC 6.3e: 431 == <gurobi.QuadExpr: 0.0 + [ 450.5 EXT_1C_96535172:SNP.TC * 1C + 450.5 EXT_1B_96535172:SNP.TC * 1B + 450.5 REG_8X_96535172:SNP.TC * 8X ]> + err
M  Contraint for 96602622:REF 6.7e: 1 == <gurobi.QuadExpr: 437.5 1C + 437.5 1B + 437.5 8X + [ -437.5 REG_1C_96602622:SNP.AG * 1C + -437.5 REG_1B_96602622:SNP.AG * 1B + -437.5 REG_8X_96602622:SNP.AG * 8X ]> + err
M  Contraint for 96522560:SNP.CT 6.1e: 254 == <gurobi.QuadExpr: 0.0 + [ 234.5 EXT_1C_96522560:SNP.CT * 1C + 234.5 REG_1B_96522560:SNP.CT * 1B + 234.5 EXT_8X_96522560:SNP.CT * 8X ]> + err
M  Contraint for 96522560:REF 6.1e: 215 == <gurobi.QuadExpr: 234.5 1C + 234.5 1B + 234.5 8X + [ -234.5 EXT_1C_96522560:SNP.CT * 1C + -234.5 REG_1B_96522560:SNP.CT * 1B + -234.5 EXT_8X_96522560:SNP.CT * 8X ]> + err
M  Contraint for MM[missing] 1C 96602622:SNP.AG: <gurobi.Var 1C> >= <gurobi.Var REG_1C_96602622:SNP.AG>
M  Contraint for MM[missing] 1B 96602622:SNP.AG: <gurobi.Var 1B> >= <gurobi.Var REG_1B_96602622:SNP.AG>
M  Contraint for MM[missing] 1B 96522560:SNP.CT: <gurobi.Var 1B> >= <gurobi.Var REG_1B_96522560:SNP.CT>
M  Contraint for MM[missing] 8X 96602622:SNP.AG: <gurobi.Var 8X> >= <gurobi.Var REG_8X_96602622:SNP.AG>
M  Contraint for MM[missing] 8X 96535172:SNP.TC: <gurobi.Var 8X> >= <gurobi.Var REG_8X_96535172:SNP.TC>
M  Contraint for MA[extra] 1C 96522560:SNP.CT: <gurobi.Var 1C> >= <gurobi.Var EXT_1C_96522560:SNP.CT>
M  Contraint for MA[extra] 1C 96535172:SNP.TC: <gurobi.Var 1C> >= <gurobi.Var EXT_1C_96535172:SNP.TC>
M  Contraint for MA[extra] 1B 96535172:SNP.TC: <gurobi.Var 1B> >= <gurobi.Var EXT_1B_96535172:SNP.TC>
M  Contraint for MA[extra] 8X 96522560:SNP.CT: <gurobi.Var 8X> >= <gurobi.Var EXT_8X_96522560:SNP.CT>
M  Objective: <gurobi.LinExpr: C18 + C19 + C20 + C21 + C22 + C23 + EXT_1C_96522560:SNP.CT + EXT_1C_96535172:SNP.TC + EXT_1B_96535172:SNP.TC + EXT_8X_96522560:SNP.CT + W>
M  Contraint for 1C: <gurobi.LinExpr: REG_1C_96602622:SNP.AG> = 1 * A_<gurobi.Var 1C>
M  Contraint for 1B: <gurobi.LinExpr: REG_1B_96602622:SNP.AG> = 1 * A_<gurobi.Var 1B>
M  Contraint for 8X: <gurobi.LinExpr: REG_8X_96535172:SNP.TC + REG_8X_96602622:SNP.AG> = 2 * A_<gurobi.Var 8X>
M  Contraint for 96602622:SNP.AG: 1 <= <gurobi.QuadExpr: 0.0 + [ REG_1C_96602622:SNP.AG * 1C + REG_1B_96602622:SNP.AG * 1B + REG_8X_96602622:SNP.AG * 8X ]> <= 2
M  Contraint for 96602622:SNP.AG: <gurobi.QuadExpr: 0.0 + [ REG_1C_96602622:SNP.AG * 1C + REG_1B_96602622:SNP.AG * 1B + REG_8X_96602622:SNP.AG * 8X ]> <= 2
M  Contraint for 96522560:SNP.CT: 1 <= <gurobi.QuadExpr: 0.0 + [ REG_1B_96522560:SNP.CT * 1B + EXT_1C_96522560:SNP.CT * 1C + EXT_8X_96522560:SNP.CT * 8X ]> <= 2
M  Contraint for 96535172:SNP.TC: 1 <= <gurobi.QuadExpr: 0.0 + [ REG_8X_96535172:SNP.TC * 8X ]> <= 1
M  Contraint for 96535172:SNP.TC: <gurobi.QuadExpr: 0.0 + [ REG_8X_96535172:SNP.TC * 8X ]> <= 1
CN Solver status: optimal, opt: 80.0
  1B: 1
    6.7e 96602622:SNP.AG  874 (100 cp. 2) F
    6.1e 96522560:SNP.CT  254 ( 54 cp. 1) 
  8X: 1
    6.7e 96602622:SNP.AG  874 (100 cp. 2) F
    6.3e 96535172:SNP.TC  431 ( 48 cp. 1) F
Missing:
  1B: 1
  8X: 1
Extra:
  1B: 1
  8X: 1
Time needed: (10.7)
Result is: [('1B', '8X')]
