SAM file: bams/PGXT232.bam
File bams/PGXT232.bam has index
Coverage is 67.8890641587
== Allele Filter ==
 6.12e  15989695: SNP.GC                   15 ( 23%) ~     2 ( 13)
 6.12e  15989729: SNP.TC                   33 ( 37%) ~     2 (  6)
 6.11i  15989810: SNP.TG                   25 ( 57%) ~     2 (  8)
 6.11i  15989856: SNP.TC                   10 ( 32%) ~     1 ( 10)
 6.11i  15989870: SNP.TA                   10 ( 34%) ~     0 (  0)
 6.10e  15990430: SNP.CT     18000:G>A    372 ( 49%) ~     0 (  0)
 6.8i   15990842: SNP.GT                    2 ( 11%) ~     0 (  0)
 6.8i   15996244: SNP.GA                    2 ( 50%) ~     0 (  0)
 6.8i   15996291: SNP.AG                    4 ( 67%) ~     0 (  0)
 6.8i   15996348: SNP.TA                    2 ( 40%) ~     0 (  0)
 6.8i   15996464: SNP.TG                    3 ( 11%) ~     0 (  0)
 6.8i   15996482: INS.g                    16 ( 41%) ~     0 (  0)
 6.7i   15996906: SNP.CT                  295 ( 49%) ~     1 (  0)
 6.6i   15998181: SNP.GA                    2 (100%) ~     0 (  0)
 6.6i   16000165: SNP.TC                  129 ( 60%) ~     0 (  0)
 6.4i   16001739: SNP.AG                    4 (100%) ~     0 (  0)
 6.2i   16003650: SNP.TC                   38 ( 59%) ~     0 (  0)
 6.2i   16004370: SNP.AT                   11 ( 48%) ~     0 (  0)
 6.2i   16004391: SNP.AC                    2 (  7%) ~     0 (  0)
 6.2i   16004395: SNP.CG                    9 ( 35%) ~     0 (  0)
 6.2i   16004401: SNP.AG                    2 (  7%) ~     0 (  0)
 6.2i   16004799: SNP.CA                   84 ( 47%) ~     0 (  0)
 6.2i   16005002: SNP.CT                    5 ( 56%) ~     0 (  0)
 6.2i   16005015: SNP.GA                    3 ( 43%) ~     0 (  0)
 6.2i   16005018: SNP.TC                    3 ( 43%) ~     0 (  0)
 6.2i   16005103: SNP.CT                    2 (100%) ~     0 (  0)
 6.2i   16006073: SNP.TA                   21 ( 47%) ~     0 (  0)
 6.2i   16006100: SNP.TC                   36 ( 53%) ~     0 (  0)
 6.2i   16006177: SNP.AG                  145 ( 54%) ~     0 (  0)
 6.2e   16006412: SNP.GA                  285 ( 48%) ~     0 (  0)
 6.1i   16006610: SNP.TC                   21 ( 50%) ~     0 (  0)
 6.1i   16006677: DEL.TCTG                  4 ( 20%) ~     0 (  0)
 6.1i   16006717: INS.atct                  3 ( 33%) ~     0 (  0)
 6.1i   16007783: SNP.AG                    2 (100%) ~     0 (  0)
 6.1i   16008098: SNP.TC                   91 ( 47%) ~     0 (  0)
 6.1e   16008256: SNP.TC                  608 ( 46%) ~     0 (  0)
 6.1e   16008387: SNP.AC     34:T>G       377 ( 36%) ~     0 (  0)
Initial status
  CYP2D6.1
  CYP2D6.2
    6.1e           16008387:SNP.AC  377 ( 36) F 34:T>G
  CYP2D6.3
    6.10e          15990430:SNP.CT  372 ( 49) F 18000:G>A
  CYP2D6.4
    6.10e          15990430:SNP.CT  372 ( 49) F 18000:G>A
    6.1e           16008387:SNP.AC  377 ( 36) F 34:T>G
== Copy Number Estimator ==
CNV factor: 2.49675440686 (0.400519969947)
Coverage per region
  region:  2D6  2D7
  0i   :  1.32
  1e   :  1.60
  1i   :  2.29
  2e   :  2.31
  2i   :  2.17
  3e   :  2.58
  3i   :  2.67
  4e   :  2.61
  4i   :  2.72
  5e   :  2.19
  5i   :  2.72
  6e   :  2.49
  6i   :  3.08
  7e   :  3.59
  7i   :  2.93
  8e   :  2.43
  8i   :  2.69
  9e   :  2.72
  9i   :  2.27
  10e  :  2.46
  10i  :  2.92
  11e  :  2.40
  11i  :  2.33
  12e  :  0.56
Max. CN = 4
M  Sentinel contraint for 1: A_1^ <= A_1
M  Contraint for 7e: 3.59481680416 == E_7e + <gurobi.LinExpr: A1 + A1^>
M  Contraint for 6e: 2.49089208017 == E_6e + <gurobi.LinExpr: A1 + A1^>
M  Contraint for 9e: 2.72317783777 == E_9e + <gurobi.LinExpr: A1 + A1^>
M  Contraint for 8e: 2.43322562888 == E_8e + <gurobi.LinExpr: A1 + A1^>
M  Contraint for 2e: 2.30822544266 == E_2e + <gurobi.LinExpr: A1 + A1^>
M  Contraint for 1e: 1.59691723475 == E_1e + <gurobi.LinExpr: A1 + A1^>
M  Contraint for 5e: 2.18909924926 == E_5e + <gurobi.LinExpr: A1 + A1^>
M  Contraint for 4e: 2.61088015116 == E_4e + <gurobi.LinExpr: A1 + A1^>
M  Contraint for 3e: 2.57814890177 == E_3e + <gurobi.LinExpr: A1 + A1^>
M  Objective: <gurobi.LinExpr: C11 + C12 + C13 + C14 + C15 + C16 + C17 + C18 + C19 + 0.5 A1 + 0.5 A1^>
CN Solver status: optimal, opt: 6.33154886108
  Solutions:
    ('1', '1^')
== Initial Solver ==
Solving Counter({'1': 2})
Possible candidates:
  CYP2D6.1
  CYP2D6.2
    6.1e 16008387:SNP.AC  377 ( 36) F 34:T>G
  CYP2D6.3
    6.10e 15990430:SNP.CT  372 ( 49) F 18000:G>A
  CYP2D6.4
    6.1e 16008387:SNP.AC  377 ( 36) F 34:T>G
    6.10e 15990430:SNP.CT  372 ( 49) F 18000:G>A
M  Max. CN for 1 = 2
M  Max. CN for 3 = 2
M  Max. CN for 2 = 2
M  Max. CN for 4 = 2
M  Contraint for 15990430:REF 6.10e: 382 == <gurobi.QuadExpr: 377.0 3_2 + 377.0 2_2 + 377.0 1 + 377.0 3 + 377.0 2 + 377.0 4 + 377.0 4_2 + 377.0 1_2 + [ -377.0 REG_3_2_15990430:SNP.CT * 3_2 + -377.0 REG_3_15990430:SNP.CT * 3 + -377.0 REG_4_15990430:SNP.CT * 4 + -377.0 REG_4_2_15990430:SNP.CT * 4_2 ]> + err
M  Contraint for 15990430:SNP.CT 6.10e: 372 == <gurobi.QuadExpr: 0.0 + [ 377.0 REG_3_2_15990430:SNP.CT * 3_2 + 377.0 REG_3_15990430:SNP.CT * 3 + 377.0 REG_4_15990430:SNP.CT * 4 + 377.0 REG_4_2_15990430:SNP.CT * 4_2 ]> + err
M  Contraint for 16008387:REF 6.1e: 663 == <gurobi.QuadExpr: 520.0 3_2 + 520.0 2_2 + 520.0 1 + 520.0 3 + 520.0 2 + 520.0 4 + 520.0 4_2 + 520.0 1_2 + [ -520.0 REG_2_2_16008387:SNP.AC * 2_2 + -520.0 REG_2_16008387:SNP.AC * 2 + -520.0 REG_4_16008387:SNP.AC * 4 + -520.0 REG_4_2_16008387:SNP.AC * 4_2 ]> + err
M  Contraint for 16008387:SNP.AC 6.1e: 377 == <gurobi.QuadExpr: 0.0 + [ 520.0 REG_2_2_16008387:SNP.AC * 2_2 + 520.0 REG_2_16008387:SNP.AC * 2 + 520.0 REG_4_16008387:SNP.AC * 4 + 520.0 REG_4_2_16008387:SNP.AC * 4_2 ]> + err
M  Contraint for 3_2 15990430:SNP.CT: <gurobi.Var 3_2> >= <gurobi.Var REG_3_2_15990430:SNP.CT>
M  Contraint for 2_2 16008387:SNP.AC: <gurobi.Var 2_2> >= <gurobi.Var REG_2_2_16008387:SNP.AC>
M  Contraint for 3 15990430:SNP.CT: <gurobi.Var 3> >= <gurobi.Var REG_3_15990430:SNP.CT>
M  Contraint for 2 16008387:SNP.AC: <gurobi.Var 2> >= <gurobi.Var REG_2_16008387:SNP.AC>
M  Contraint for 4 15990430:SNP.CT: <gurobi.Var 4> >= <gurobi.Var REG_4_15990430:SNP.CT>
M  Contraint for 4 16008387:SNP.AC: <gurobi.Var 4> >= <gurobi.Var REG_4_16008387:SNP.AC>
M  Contraint for 4_2 15990430:SNP.CT: <gurobi.Var 4_2> >= <gurobi.Var REG_4_2_15990430:SNP.CT>
M  Contraint for 4_2 16008387:SNP.AC: <gurobi.Var 4_2> >= <gurobi.Var REG_4_2_16008387:SNP.AC>
M  CN contraint for 1: 2 == <gurobi.LinExpr: 3_2 + 2_2 + 1 + 3 + 2 + 4 + 4_2 + 1_2>
M  Sentinel contraint for 1: A_1_2 <= A_1
M  Sentinel contraint for 3: A_3_2 <= A_3
M  Sentinel contraint for 2: A_2_2 <= A_2
M  Sentinel contraint for 4: A_4_2 <= A_4
M  Objective: <gurobi.LinExpr: C26 + C27 + C28 + C29>
M  Contraint for 3_2: A_3_2 * (<gurobi.LinExpr: REG_3_2_15990430:SNP.CT> - 1) == 0
M  Contraint for 2_2: A_2_2 * (<gurobi.LinExpr: REG_2_2_16008387:SNP.AC> - 1) == 0
M  Contraint for 3: A_3 * (<gurobi.LinExpr: REG_3_15990430:SNP.CT> - 1) == 0
M  Contraint for 2: A_2 * (<gurobi.LinExpr: REG_2_16008387:SNP.AC> - 1) == 0
M  Contraint for 4: A_4 * (<gurobi.LinExpr: REG_4_15990430:SNP.CT + REG_4_16008387:SNP.AC> - 2) == 0
M  Contraint for 4_2: A_4_2 * (<gurobi.LinExpr: REG_4_2_15990430:SNP.CT + REG_4_2_16008387:SNP.AC> - 2) == 0
M  Contraint for 15990430:SNP.CT: 1 <= <gurobi.QuadExpr: 0.0 + [ 3_2 * REG_3_2_15990430:SNP.CT + 3 * REG_3_15990430:SNP.CT + 4 * REG_4_15990430:SNP.CT + 4_2 * REG_4_2_15990430:SNP.CT ]>
M  Contraint for 16008387:SNP.AC: 1 <= <gurobi.QuadExpr: 0.0 + [ 2_2 * REG_2_2_16008387:SNP.AC + 2 * REG_2_16008387:SNP.AC + 4 * REG_4_16008387:SNP.AC + 4_2 * REG_4_2_16008387:SNP.AC ]>
M  Contraint for 15990430:SNP.CT: 1 <= <gurobi.QuadExpr: 0.0 + [ 3_2 * REG_3_2_15990430:SNP.CT + 3 * REG_3_15990430:SNP.CT + 4 * REG_4_15990430:SNP.CT + 4_2 * REG_4_2_15990430:SNP.CT ]>
M  Contraint for 16008387:SNP.AC: 1 <= <gurobi.QuadExpr: 0.0 + [ 2_2 * REG_2_2_16008387:SNP.AC + 2 * REG_2_16008387:SNP.AC + 4 * REG_4_16008387:SNP.AC + 4_2 * REG_4_2_16008387:SNP.AC ]>
M  Contraint for 15990430:SNP.CT: 1 <= <gurobi.QuadExpr: 0.0 + [ 3_2 * REG_3_2_15990430:SNP.CT + 3 * REG_3_15990430:SNP.CT + 4 * REG_4_15990430:SNP.CT + 4_2 * REG_4_2_15990430:SNP.CT ]>
M  Contraint for 16008387:SNP.AC: 1 <= <gurobi.QuadExpr: 0.0 + [ 2_2 * REG_2_2_16008387:SNP.AC + 2 * REG_2_16008387:SNP.AC + 4 * REG_4_16008387:SNP.AC + 4_2 * REG_4_2_16008387:SNP.AC ]>
M  Contraint for 15990430:SNP.CT: 1 <= <gurobi.QuadExpr: 0.0 + [ 3_2 * REG_3_2_15990430:SNP.CT + 3 * REG_3_15990430:SNP.CT + 4 * REG_4_15990430:SNP.CT + 4_2 * REG_4_2_15990430:SNP.CT ]>
M  Contraint for 16008387:SNP.AC: 1 <= <gurobi.QuadExpr: 0.0 + [ 2_2 * REG_2_2_16008387:SNP.AC + 2 * REG_2_16008387:SNP.AC + 4 * REG_4_16008387:SNP.AC + 4_2 * REG_4_2_16008387:SNP.AC ]>
CN Solver status: optimal, opt: 296.0
  solution:
    ('2', '3')
    ('1', '4')
[32;01mCopy number best structures:[39;49;00m
[32;01m  (1) 2x*1-like[39;49;00m
== Refiner ==
Refining ('2', '3')
M  CN constraint for 3: 1 == <gurobi.LinExpr: 3>
M  CN constraint for 2: 1 == <gurobi.LinExpr: 2>
M  Contraint for 15990430:REF 6.10e: 382 == <gurobi.QuadExpr: 377.0 3 + 377.0 2 + [ -377.0 REG_3_15990430:SNP.CT * 3 + -377.0 EXT_2_15990430:SNP.CT * 2 ]> + err
M  Contraint for 15990430:SNP.CT 6.10e: 372 == <gurobi.QuadExpr: 0.0 + [ 377.0 REG_3_15990430:SNP.CT * 3 + 377.0 EXT_2_15990430:SNP.CT * 2 ]> + err
M  Contraint for 16008387:REF 6.1e: 663 == <gurobi.QuadExpr: 520.0 3 + 520.0 2 + [ -520.0 EXT_3_16008387:SNP.AC * 3 + -520.0 REG_2_16008387:SNP.AC * 2 ]> + err
M  Contraint for 16008387:SNP.AC 6.1e: 377 == <gurobi.QuadExpr: 0.0 + [ 520.0 EXT_3_16008387:SNP.AC * 3 + 520.0 REG_2_16008387:SNP.AC * 2 ]> + err
M  Contraint for MM[missing] 3 15990430:SNP.CT: <gurobi.Var 3> >= <gurobi.Var REG_3_15990430:SNP.CT>
M  Contraint for MM[missing] 2 16008387:SNP.AC: <gurobi.Var 2> >= <gurobi.Var REG_2_16008387:SNP.AC>
M  Contraint for MA[extra] 3 16008387:SNP.AC: <gurobi.Var 3> >= <gurobi.Var EXT_3_16008387:SNP.AC>
M  Contraint for MA[extra] 2 15990430:SNP.CT: <gurobi.Var 2> >= <gurobi.Var EXT_2_15990430:SNP.CT>
M  Objective: <gurobi.LinExpr: C10 + C11 + C12 + C13 + EXT_3_16008387:SNP.AC + EXT_2_15990430:SNP.CT + W>
M  Contraint for 3: <gurobi.LinExpr: REG_3_15990430:SNP.CT> = 1 * A_<gurobi.Var 3>
M  Contraint for 2: <gurobi.LinExpr: REG_2_16008387:SNP.AC> = 1 * A_<gurobi.Var 2>
M  Contraint for 15990430:SNP.CT: 1 <= <gurobi.QuadExpr: 0.0 + [ REG_3_15990430:SNP.CT * 3 ]> <= 1
M  Contraint for 15990430:SNP.CT: <gurobi.QuadExpr: 0.0 + [ REG_3_15990430:SNP.CT * 3 ]> <= 1
M  Contraint for 16008387:SNP.AC: 1 <= <gurobi.QuadExpr: 0.0 + [ REG_2_16008387:SNP.AC * 2 ]> <= 1
M  Contraint for 16008387:SNP.AC: <gurobi.QuadExpr: 0.0 + [ REG_2_16008387:SNP.AC * 2 ]> <= 1
CN Solver status: optimal, opt: 296.0
  3: 1
    6.10e 15990430:SNP.CT  372 ( 49 cp. 1) F
  2: 1
    6.1e 16008387:SNP.AC  377 ( 36 cp. 1) F
Missing:
  3: 1
  2: 1
Extra:
  3: 1
  2: 1
== Refiner ==
Refining ('1', '4')
M  CN constraint for 1: 1 == <gurobi.LinExpr: 1>
M  CN constraint for 4: 1 == <gurobi.LinExpr: 4>
M  Contraint for 15990430:REF 6.10e: 382 == <gurobi.QuadExpr: 377.0 1 + 377.0 4 + [ -377.0 EXT_1_15990430:SNP.CT * 1 + -377.0 REG_4_15990430:SNP.CT * 4 ]> + err
M  Contraint for 15990430:SNP.CT 6.10e: 372 == <gurobi.QuadExpr: 0.0 + [ 377.0 EXT_1_15990430:SNP.CT * 1 + 377.0 REG_4_15990430:SNP.CT * 4 ]> + err
M  Contraint for 16008387:REF 6.1e: 663 == <gurobi.QuadExpr: 520.0 1 + 520.0 4 + [ -520.0 EXT_1_16008387:SNP.AC * 1 + -520.0 REG_4_16008387:SNP.AC * 4 ]> + err
M  Contraint for 16008387:SNP.AC 6.1e: 377 == <gurobi.QuadExpr: 0.0 + [ 520.0 EXT_1_16008387:SNP.AC * 1 + 520.0 REG_4_16008387:SNP.AC * 4 ]> + err
M  Contraint for MM[missing] 4 15990430:SNP.CT: <gurobi.Var 4> >= <gurobi.Var REG_4_15990430:SNP.CT>
M  Contraint for MM[missing] 4 16008387:SNP.AC: <gurobi.Var 4> >= <gurobi.Var REG_4_16008387:SNP.AC>
M  Contraint for MA[extra] 1 15990430:SNP.CT: <gurobi.Var 1> >= <gurobi.Var EXT_1_15990430:SNP.CT>
M  Contraint for MA[extra] 1 16008387:SNP.AC: <gurobi.Var 1> >= <gurobi.Var EXT_1_16008387:SNP.AC>
M  Objective: <gurobi.LinExpr: C10 + C11 + C12 + C13 + EXT_1_15990430:SNP.CT + EXT_1_16008387:SNP.AC + W>
M  Contraint for 4: <gurobi.LinExpr: REG_4_16008387:SNP.AC + REG_4_15990430:SNP.CT> = 2 * A_<gurobi.Var 4>
M  Contraint for 15990430:SNP.CT: 1 <= <gurobi.QuadExpr: 0.0 + [ REG_4_15990430:SNP.CT * 4 ]> <= 1
M  Contraint for 15990430:SNP.CT: <gurobi.QuadExpr: 0.0 + [ REG_4_15990430:SNP.CT * 4 ]> <= 1
M  Contraint for 16008387:SNP.AC: 1 <= <gurobi.QuadExpr: 0.0 + [ REG_4_16008387:SNP.AC * 4 ]> <= 1
M  Contraint for 16008387:SNP.AC: <gurobi.QuadExpr: 0.0 + [ REG_4_16008387:SNP.AC * 4 ]> <= 1
CN Solver status: optimal, opt: 296.0
  1: 1
  4: 1
    6.10e 15990430:SNP.CT  372 ( 49 cp. 1) F
    6.1e 16008387:SNP.AC  377 ( 36 cp. 1) F
Missing:
  1: 1
  4: 1
Extra:
  1: 1
  4: 1
Time needed: (19.0)
Result is: [('2', '3'), ('1', '4')]
