SAM file: bams/PGXT229.bam
File bams/PGXT229.bam has index
Coverage is 34.8807011793
== Allele Filter ==
 6.24e  97543751: SNP.GA                  145 ( 41%) ~     0 (  0)
 6.24e  97543763: SNP.CT                  149 ( 41%) ~     0 (  0)
 6.24e  97544611: SNP.CT                  230 ( 46%) ~     0 (  0)
 6.23i  97544770: SNP.TC                  138 (100%) ~     0 (  0)
 6.23i  97547830: SNP.GA                  216 (100%) ~     0 (  0)
 6.22i  97552242: SNP.GA                    2 (100%) ~     0 (  0)
 6.22i  97559722: SNP.AG                    2 (100%) ~     0 (  0)
 6.22i  97563864: SNP.TA                    2 ( 13%) ~     0 (  0)
 6.21i  97581079: SNP.CG                    2 (100%) ~     0 (  0)
 6.21i  97610025: SNP.GT                    2 (100%) ~     0 (  0)
 6.21i  97622913: SNP.CT                    2 (100%) ~     0 (  0)
 6.21i  97635582: SNP.CA                    2 (100%) ~     0 (  0)
 6.21i  97642688: SNP.TA                    2 (100%) ~     0 (  0)
 6.21i  97651659: SNP.CT                    2 (100%) ~     0 (  0)
 6.21i  97658394: SNP.CT                   16 (100%) ~     0 (  0)
 6.20i  97668220: SNP.TC                    2 (100%) ~     0 (  0)
 6.20i  97681847: INS.g                     2 (100%) ~     0 (  0)
 6.20i  97683996: SNP.TC                    2 (100%) ~     0 (  0)
 6.20i  97696710: SNP.AT                    2 (100%) ~     0 (  0)
 6.20i  97700172: SNP.TG                    2 ( 18%) ~     0 (  0)
 6.20i  97700227: SNP.AC                    2 (  5%) ~     0 (  0)
 6.19i  97710000: SNP.AG                    2 ( 50%) ~     0 (  0)
 6.19i  97717392: SNP.TC                    2 (100%) ~     0 (  0)
 6.19i  97720873: SNP.GA                    2 (100%) ~     0 (  0)
 6.19i  97720874: SNP.TA                    2 (100%) ~     0 (  0)
 6.19i  97733931: SNP.CT                    4 (100%) ~     0 (  0)
 6.19i  97744477: INS.t                     2 (100%) ~     0 (  0)
 6.19i  97755577: SNP.AG                    2 (100%) ~     0 (  0)
 6.19i  97755581: INS.gg                    2 (100%) ~     0 (  0)
 6.19i  97755582: SNP.CA                    2 (100%) ~     0 (  0)
 6.19i  97755583: SNP.AG                    2 (100%) ~     0 (  0)
 6.17i  97772099: SNP.AG                    2 ( 25%) ~     0 (  0)
 6.17i  97780672: SNP.CT                    2 (100%) ~     0 (  0)
 6.17i  97788901: INS.at                    3 ( 75%) ~     0 (  0)
 6.17i  97791957: SNP.TC                    2 ( 50%) ~     0 (  0)
 6.17i  97808288: SNP.GA                    2 (100%) ~     0 (  0)
 6.17i  97830898: SNP.AG                    3 (100%) ~     0 (  0)
 6.17i  97832497: SNP.TC                    2 (100%) ~     0 (  0)
 6.17i  97839015: SNP.AG                   47 ( 47%) ~     0 (  0)
 6.16i  97839412: SNP.CG                    3 ( 20%) ~     0 (  0)
 6.16i  97843956: SNP.AT                    2 (100%) ~     0 (  0)
 6.15i  97848487: SNP.CT                    2 (100%) ~     0 (  0)
 6.15i  97848658: SNP.CG                    2 (100%) ~     0 (  0)
 6.15i  97851839: INS.t                     2 (100%) ~     0 (  0)
 6.15i  97856486: SNP.TG                    2 (100%) ~     0 (  0)
 6.15i  97863037: SNP.TC                    2 (100%) ~     0 (  0)
 6.15i  97863038: SNP.CT                    2 (100%) ~     0 (  0)
 6.15i  97863137: SNP.GA                    2 (100%) ~     0 (  0)
 6.15i  97863138: SNP.TG                    2 (100%) ~     0 (  0)
 6.15i  97863139: SNP.CA                    2 (100%) ~     0 (  0)
 6.15i  97867311: SNP.TC                    2 (100%) ~     0 (  0)
 6.15i  97875648: DEL.AG                    2 (100%) ~     0 (  0)
 6.14i  97946839: SNP.CT                    2 (100%) ~     0 (  0)
 6.14i  97966204: SNP.CT                    2 (100%) ~     0 (  0)
 6.14i  97975674: SNP.AC                    2 (100%) ~     0 (  0)
 6.14i  97981241: SNP.TC                  120 (100%) ~     0 (  0)
 6.13i  97981705: SNP.CT                    5 (100%) ~     0 (  0)
 6.13i  97986366: SNP.CA                    2 (100%) ~     0 (  0)
 6.13i  97991218: SNP.AG                    2 (100%) ~     0 (  0)
 6.13i  97991452: SNP.TC                    2 (100%) ~     0 (  0)
 6.13i  98002278: SNP.TC                    2 (100%) ~     0 (  0)
 6.12i  98023376: SNP.TC                    2 (100%) ~     0 (  0)
 6.11i  98039540: SNP.AG                  113 ( 49%) ~     0 (  0)
 6.10i  98060480: SNP.AC                   12 ( 57%) ~     0 (  0)
 6.10i  98060486: SNP.AC                    2 (  7%) ~     0 (  0)
 6.10i  98060487: SNP.CA                    2 (  6%) ~     0 (  0)
 6.10i  98060488: SNP.AC                    2 (  5%) ~     0 (  0)
 6.10i  98060512: SNP.TG                    3 (  5%) ~     0 (  0)
 6.9i   98105437: SNP.AC                    2 (100%) ~     0 (  0)
 6.9i   98106272: SNP.GC                    2 (100%) ~     0 (  0)
 6.9i   98107127: SNP.AG                    2 (100%) ~     0 (  0)
 6.8i   98144855: SNP.TC                   12 ( 75%) ~     0 (  0)
 6.8i   98156891: SNP.AG                  110 ( 41%) ~     0 (  0)
 6.8e   98157331: SNP.CG                  272 (100%) ~     0 (  0)
 6.7i   98157590: SNP.CT                    2 (100%) ~     0 (  0)
 6.7i   98164767: SNP.CT                   15 ( 44%) ~     0 (  0)
 6.7e   98165090: SNP.TC                  183 ( 46%) ~     0 (  0)
 6.6e   98185526: SNP.AG                  323 (100%) ~     0 (  0)
 6.6e   98185721: SNP.AT                   71 ( 44%) ~     0 (  0)
 6.6e   98185723: SNP.AT                   68 ( 40%) ~     0 (  0)
 6.6e   98186076: SNP.TC                  292 (100%) ~     0 (  0)
 6.6e   98186228: SNP.TC                  246 ( 54%) ~     0 (  0)
 6.4i   98200146: SNP.GT                    2 (100%) ~     0 (  0)
 6.3i   98214227: SNP.GT                    2 (100%) ~     0 (  0)
 6.3i   98223556: SNP.TA                    2 (100%) ~     0 (  0)
 6.3i   98231503: SNP.TC                    2 (100%) ~     0 (  0)
 6.3i   98236803: SNP.CT                    5 (100%) ~     0 (  0)
 6.3i   98255522: SNP.GT                    2 (100%) ~     0 (  0)
 6.3i   98279221: SNP.CT                    2 (100%) ~     0 (  0)
 6.3i   98290684: SNP.CT                    2 (100%) ~     0 (  0)
 6.2i   98310238: SNP.AG                    2 (100%) ~     0 (  0)
 6.2i   98320407: SNP.CT                   51 (100%) ~     0 (  0)
 6.2i   98320491: SNP.CA                   95 ( 47%) ~     0 (  0)
 6.2i   98331050: SNP.AG                    2 (100%) ~     0 (  0)
 6.2i   98337386: SNP.TC                    2 (100%) ~     0 (  0)
 6.2i   98347939: SNP.GA                    2 (100%) ~     0 (  0)
 6.2e   98348884: SNP.AG     85:A>G       237 ( 50%) ~     0 (  0)
 6.1i   98385829: SNP.TC                    2 (100%) ~     0 (  0)
 6.1i   98386401: SNP.AC                   19 ( 11%) ~     0 (  0)
Removing 10    6.24e 97544626:SNP.CA
Removing 11    6.11e 98058898:SNP.CA
Removing 12    6.2e 98348907:SNP.CT,  6.12e 98039498:SNP.CA
Removing 13    6.14e 97981342:SNP.AC
Removing 2B    6.15i 97915613:SNP.CT,  6.14e 97981394:SNP.TC
Removing 2A    6.15i 97915613:SNP.CT
Removing 3     6.15e 97915621:DEL.G
Removing 4     6.14e 97981420:SNP.CT
Removing 5     6.14e 97981394:SNP.TC
Removing 6     6.19e 97770919:SNP.CT
Removing 7     6.4e 98205970:DEL.ATGA
Removing 8     6.8e 98157331:SNP.CT
Initial status
  CYP2D6.1
  CYP2D6.9B
    6.22e          97564153:SNP.CT    0 (  0)   2657:C>T
    6.2e           98348884:SNP.AG  237 ( 50) F 85:A>G
  CYP2D6.9
    6.2e           98348884:SNP.AG  237 ( 50) F 85:A>G
== Copy Number Estimator ==
CNV factor: 3.36764528696 (0.296943387676)
Coverage per region
  region:  2D6  2D7
  1e   :  1.26
  1i   :  1.66
  2e   :  2.78
  2i   :  2.42
  3e   :  2.25
  3i   :  2.91
  4e   :  3.10
  4i   :  3.43
  5e   :  2.39
  5i   :  3.27
  6e   :  2.89
  6i   :  3.57
  7e   :  3.08
  7i   :  2.58
  8e   :  2.40
  8i   :  3.14
  9e   :  4.37
  9i   :  4.18
  10e  :  2.71
  10i  :  2.83
  11e  :  1.76
  11i  :  2.96
  12e  :  2.62
  12i  :  3.40
  13e  :  2.42
  13i  :  3.28
  14e  :  2.89
  14i  :  5.04
  15e  :  2.85
  15i  :  3.56
  16e  :  3.39
  16i  :  4.36
  17e  :  2.85
  17i  :  3.29
  18e  :  2.49
  18i  :  2.75
  19e  :  1.88
  19i  :  3.06
  20e  :  2.65
  20i  :  3.42
  21e  :  2.45
  21i  :  3.67
  22e  :  3.08
  22i  :  4.31
  23e  :  2.56
  23i  :  3.38
  24e  :  2.88
Max. CN = 5
M  Sentinel contraint for 1: A_1^ <= A_1
M  Contraint for 24e: 2.88086352636 == E_24e + <gurobi.LinExpr: A1 + A1^>
M  Contraint for 7e: 3.07677251768 == E_7e + <gurobi.LinExpr: A1 + A1^>
M  Contraint for 12e: 2.61876782147 == E_12e + <gurobi.LinExpr: A1 + A1^>
M  Contraint for 16e: 3.38865460597 == E_16e + <gurobi.LinExpr: A1 + A1^>
M  Contraint for 22e: 3.08199408955 == E_22e + <gurobi.LinExpr: A1 + A1^>
M  Contraint for 9e: 4.36751577492 == E_9e + <gurobi.LinExpr: A1 + A1^>
M  Contraint for 10e: 2.71119567985 == E_10e + <gurobi.LinExpr: A1 + A1^>
M  Contraint for 14e: 2.89162963467 == E_14e + <gurobi.LinExpr: A1 + A1^>
M  Contraint for 20e: 2.65455364954 == E_20e + <gurobi.LinExpr: A1 + A1^>
M  Contraint for 1e: 1.26394358102 == E_1e + <gurobi.LinExpr: A1 + A1^>
M  Contraint for 5e: 2.39385588053 == E_5e + <gurobi.LinExpr: A1 + A1^>
M  Contraint for 3e: 2.24635257891 == E_3e + <gurobi.LinExpr: A1 + A1^>
M  Contraint for 11e: 1.76437064491 == E_11e + <gurobi.LinExpr: A1 + A1^>
M  Contraint for 6e: 2.8930626842 == E_6e + <gurobi.LinExpr: A1 + A1^>
M  Contraint for 13e: 2.41778536206 == E_13e + <gurobi.LinExpr: A1 + A1^>
M  Contraint for 23e: 2.55702762432 == E_23e + <gurobi.LinExpr: A1 + A1^>
M  Contraint for 17e: 2.85184514153 == E_17e + <gurobi.LinExpr: A1 + A1^>
M  Contraint for 8e: 2.39561361359 == E_8e + <gurobi.LinExpr: A1 + A1^>
M  Contraint for 21e: 2.4505043081 == E_21e + <gurobi.LinExpr: A1 + A1^>
M  Contraint for 15e: 2.85386701901 == E_15e + <gurobi.LinExpr: A1 + A1^>
M  Contraint for 19e: 1.88487393927 == E_19e + <gurobi.LinExpr: A1 + A1^>
M  Contraint for 18e: 2.48759805146 == E_18e + <gurobi.LinExpr: A1 + A1^>
M  Contraint for 2e: 2.78257664751 == E_2e + <gurobi.LinExpr: A1 + A1^>
M  Contraint for 4e: 3.10391659201 == E_4e + <gurobi.LinExpr: A1 + A1^>
M  Objective: <gurobi.LinExpr: C26 + C27 + C28 + C29 + C30 + C31 + C32 + C33 + C34 + C35 + C36 + C37 + C38 + C39 + C40 + C41 + C42 + C43 + C44 + C45 + C46 + C47 + C48 + C49 + 0.5 A1 + 0.5 A1^>
CN Solver status: optimal, opt: 19.192764638
  Solutions:
    ('1', '1^')
== Initial Solver ==
Solving Counter({'1': 2})
Possible candidates:
  CYP2D6.1
  CYP2D6.9
    6.2e 98348884:SNP.AG  237 ( 50) F 85:A>G
M  Max. CN for 1 = 2
M  Max. CN for 9 = 2
M  Contraint for 98348884:SNP.AG 6.2e: 237 == <gurobi.QuadExpr: 0.0 + [ 238.5 REG_9_98348884:SNP.AG * 9 + 238.5 REG_9_2_98348884:SNP.AG * 9_2 ]> + err
M  Contraint for 98348884:REF 6.2e: 240 == <gurobi.QuadExpr: 238.5 1 + 238.5 9 + 238.5 1_2 + 238.5 9_2 + [ -238.5 REG_9_98348884:SNP.AG * 9 + -238.5 REG_9_2_98348884:SNP.AG * 9_2 ]> + err
M  Contraint for 9 98348884:SNP.AG: <gurobi.Var 9> >= <gurobi.Var REG_9_98348884:SNP.AG>
M  Contraint for 9_2 98348884:SNP.AG: <gurobi.Var 9_2> >= <gurobi.Var REG_9_2_98348884:SNP.AG>
M  CN contraint for 1: 2 == <gurobi.LinExpr: 1 + 9 + 1_2 + 9_2>
M  Sentinel contraint for 1: A_1_2 <= A_1
M  Sentinel contraint for 9: A_9_2 <= A_9
M  Objective: <gurobi.LinExpr: C9 + C10>
M  Contraint for 9: A_9 * (<gurobi.LinExpr: REG_9_98348884:SNP.AG> - 1) == 0
M  Contraint for 9_2: A_9_2 * (<gurobi.LinExpr: REG_9_2_98348884:SNP.AG> - 1) == 0
M  Contraint for 98348884:SNP.AG: 1 <= <gurobi.QuadExpr: 0.0 + [ 9 * REG_9_98348884:SNP.AG + 9_2 * REG_9_2_98348884:SNP.AG ]>
M  Contraint for 98348884:SNP.AG: 1 <= <gurobi.QuadExpr: 0.0 + [ 9 * REG_9_98348884:SNP.AG + 9_2 * REG_9_2_98348884:SNP.AG ]>
CN Solver status: optimal, opt: 3.0
  solution:
    ('1', '9')
[32;01mCopy number best structures:[39;49;00m
[32;01m  (1) 2x*1-like[39;49;00m
== Refiner ==
Refining ('1', '9')
M  CN constraint for 1: 1 == <gurobi.LinExpr: 1>
M  CN constraint for 9: 1 == <gurobi.LinExpr: 9 + 9B>
M  Contraint for 97564153:SNP.CT 6.22e: 0 == <gurobi.QuadExpr: 0.0 + [ 170.5 EXT_1_97564153:SNP.CT * 1 + 170.5 EXT_9_97564153:SNP.CT * 9 + 170.5 REG_9B_97564153:SNP.CT * 9B ]> + err
M  Contraint for 98348884:SNP.AG 6.2e: 237 == <gurobi.QuadExpr: 0.0 + [ 238.5 EXT_1_98348884:SNP.AG * 1 + 238.5 REG_9_98348884:SNP.AG * 9 + 238.5 REG_9B_98348884:SNP.AG * 9B ]> + err
M  Contraint for 98348884:REF 6.2e: 240 == <gurobi.QuadExpr: 238.5 1 + 238.5 9 + 238.5 9B + [ -238.5 EXT_1_98348884:SNP.AG * 1 + -238.5 REG_9_98348884:SNP.AG * 9 + -238.5 REG_9B_98348884:SNP.AG * 9B ]> + err
M  Contraint for 97564153:REF 6.22e: 341 == <gurobi.QuadExpr: 170.5 1 + 170.5 9 + 170.5 9B + [ -170.5 EXT_1_97564153:SNP.CT * 1 + -170.5 EXT_9_97564153:SNP.CT * 9 + -170.5 REG_9B_97564153:SNP.CT * 9B ]> + err
M  Contraint for MM[missing] 9 98348884:SNP.AG: <gurobi.Var 9> >= <gurobi.Var REG_9_98348884:SNP.AG>
M  Contraint for MM[missing] 9B 97564153:SNP.CT: <gurobi.Var 9B> >= <gurobi.Var REG_9B_97564153:SNP.CT>
M  Contraint for MM[missing] 9B 98348884:SNP.AG: <gurobi.Var 9B> >= <gurobi.Var REG_9B_98348884:SNP.AG>
M  Contraint for MA[extra] 1 97564153:SNP.CT: <gurobi.Var 1> >= <gurobi.Var EXT_1_97564153:SNP.CT>
M  Contraint for MA[extra] 1 98348884:SNP.AG: <gurobi.Var 1> >= <gurobi.Var EXT_1_98348884:SNP.AG>
M  Contraint for MA[extra] 9 97564153:SNP.CT: <gurobi.Var 9> >= <gurobi.Var EXT_9_97564153:SNP.CT>
M  Objective: <gurobi.LinExpr: C13 + C14 + C15 + C16 + EXT_1_97564153:SNP.CT + EXT_1_98348884:SNP.AG + EXT_9_97564153:SNP.CT + W>
M  Contraint for 9: <gurobi.LinExpr: REG_9_98348884:SNP.AG> = 1 * A_<gurobi.Var 9>
M  Contraint for 9B: <gurobi.LinExpr: REG_9B_98348884:SNP.AG> = 1 * A_<gurobi.Var 9B>
M  Contraint for 97564153:SNP.CT: 0 >= <gurobi.LinExpr: REG_9B_97564153:SNP.CT>
M  Contraint for 97564153:SNP.CT: 0 <= <gurobi.QuadExpr: 0.0 + [ REG_9B_97564153:SNP.CT * 9B + EXT_1_97564153:SNP.CT * 1 + EXT_9_97564153:SNP.CT * 9 ]> <= 1
M  Contraint for 98348884:SNP.AG: 1 <= <gurobi.QuadExpr: 0.0 + [ REG_9_98348884:SNP.AG * 9 + REG_9B_98348884:SNP.AG * 9B ]> <= 1
M  Contraint for 98348884:SNP.AG: <gurobi.QuadExpr: 0.0 + [ REG_9_98348884:SNP.AG * 9 + REG_9B_98348884:SNP.AG * 9B ]> <= 1
CN Solver status: optimal, opt: 3.0
  1: 1
  9: 1
    6.2e 98348884:SNP.AG  237 ( 50 cp. 1) F
Missing:
  1: 1
  9: 1
Extra:
  1: 1
  9: 1
Time needed: (21.7)
Result is: [('1', '9')]
