SAM file: bams/PGXT159.bam
File bams/PGXT159.bam has index
Coverage is 294.478058033
== Allele Filter ==
Refining indel 42527886:INS.t: from 3 of 197.0 to 5 (indel:total = 3:109)
 6.rep  42521330: SNP.AT                    2 (  7%) ~     2 (100)
 6.rep  42521344: SNP.TG                    2 (  6%) ~     2 (100)
 6.rep  42521634: SNP.AG                    4 (  5%) ~     4 (100)
 6.rep  42521648: SNP.TG                    6 (  7%) ~     4 ( 67)
 6.rep  42521928: SNP.AG                  270 ( 51%) ~     0 (  0)
 6.ins  42522073: SNP.AC                  288 ( 54%) ~     0 (  0)
 6.ins  42522137: INS.tgt                 127 ( 28%) ~     7 (  6)
 6.ins  42522311: SNP.CT     4481:G>A     167 ( 62%) ~     0 (  0)
 6.ins  42522446: SNP.TG                   26 (  7%) ~     1 (  4)
 6.9e   42522612: SNP.CG     4180:G>C     228 ( 51%) ~     0 (  0)
 6.7i   42523002: SNP.GA     3790:C>T     296 ( 79%) ~     0 (  0)
 6.7i   42523208: SNP.CT     3584:G>A     206 ( 50%) ~     0 (  0)
 6.7i   42523314: SNP.TC                   42 (  9%) ~    24 ( 57)
 6.7i   42523408: SNP.TG     3384:A>C     383 ( 63%) ~    22 (  6)
 6.7e   42523504: SNP.CT     3288:G>A      42 (  7%) ~     4 ( 10)
 6.6i   42523786: SNP.GC                   18 (  5%) ~     0 (  0)
 6.6e   42523857: SNP.TG     2935:A>C     172 ( 47%) ~     0 (  0)
 6.6e   42523942: SNP.GA     2850:C>T     201 ( 56%) ~     0 (  0)
 6.5i   42524079: SNP.TG                   70 ( 18%) ~     0 (  0)
 6.5i   42524135: SNP.AC                   27 (  8%) ~     0 (  0)
 6.5i   42524139: SNP.AC                   23 (  7%) ~     0 (  0)
 6.5i   42524142: SNP.AC                   45 ( 13%) ~     0 (  0)
 6.5i   42524155: SNP.AC                   24 (  7%) ~     0 (  0)
 6.4i   42524707: SNP.TC                  109 ( 17%) ~    13 ( 12)
 6.4i   42524712: SNP.CG                  109 ( 18%) ~    11 ( 10)
 6.4i   42524742: SNP.GA                  128 ( 21%) ~     7 (  5)
 6.4e   42524794: SNP.AG                  167 ( 25%) ~     2 (  1)
 6.4e   42524923: SNP.AG     1869:T>C     179 ( 23%) ~    53 ( 30)
 6.3e   42525131: SNP.CG     1661:G>C     139 ( 54%) ~     0 (  0)
 6.2i   42525408: SNP.AC                   43 (  8%) ~     0 (  0)
 6.2i   42525504: SNP.CG                  510 (100%) ~     0 (  0)
 6.2i   42525505: SNP.GC                  507 (100%) ~     0 (  0)
 6.2e   42525799: SNP.TG                   11 ( 11%) ~     0 (  0)
 6.2e   42525810: SNP.TG                    3 (  5%) ~     0 (  0)
 6.2e   42525814: SNP.TG                    5 ( 10%) ~     0 (  0)
 6.2e   42525817: SNP.CA                    4 ( 10%) ~     0 (  0)
 6.1i   42525951: SNP.AC     843:T>G      290 ( 55%) ~   290 (100)
 6.1i   42526048: SNP.GC     746:C>G      246 ( 50%) ~   246 (100)
 6.1i   42526483: SNP.CA     310:G>T      254 ( 51%) ~     0 (  0)
 6.1i   42526548: SNP.TC     CYP2D7:i1:5491   291 ( 64%) ~     0 (  0)
 6.1i   42526560: SNP.TG     CYP2D7:i1:5503   297 ( 68%) ~     8 (  3)
 6.1i   42526561: SNP.CG     CYP2D7:i1:5504   295 ( 68%) ~     8 (  3)
 6.1i   42526566: SNP.AG     CYP2D7:i1:5509   290 ( 66%) ~     8 (  3)
 6.1i   42526570: SNP.GC     CYP2D7:i1:5513   282 ( 66%) ~     8 (  3)
 6.1i   42526572: SNP.GT     CYP2D7:i1:5515   284 ( 65%) ~     8 (  3)
 6.1i   42526579: SNP.CG     214:G>C      292 ( 63%) ~     8 (  3)
 6.1e   42526691: SNP.TG                   32 (  5%) ~     0 (  0)
 6.1e   42526695: SNP.TG                   52 (  9%) ~     0 (  0)
 6.1e   42526762: SNP.CT     31:G>A       281 ( 51%) ~     0 (  0)
 6.0i   42527470: SNP.CT     -678:G>A     355 ( 65%) ~   165 ( 46)
 6.0i   42527532: SNP.GA     -740:C>T     232 ( 61%) ~     0 (  0)
 6.0i   42527590: SNP.AC                   29 (  7%) ~     0 (  0)
 6.0i   42527655: SNP.AC                   19 (  6%) ~     0 (  0)
 6.0i   42527988: SNP.TC                    5 (  9%) ~     0 (  0)
 6.0i   42527999: SNP.TG                    4 (  8%) ~     0 (  0)
 6.0i   42528012: SNP.AC                    6 ( 15%) ~     0 (  0)
 6.0i   42528015: SNP.AC                    6 ( 17%) ~     0 (  0)
 6.0i   42528019: SNP.AC                    6 ( 17%) ~     0 (  0)
 6.0i   42528020: SNP.GC                    2 (  6%) ~     0 (  0)
 6.0i   42528023: SNP.TC                    3 ( 10%) ~     0 (  0)
 6.0i   42528027: SNP.TC     -1235:A>G     17 ( 74%) ~     0 (  0)
 6.0i   42528027: DEL.TC                    3 ( 13%) ~     0 (  0)
 6.0i   42528029: DEL.T                     2 (  9%) ~     0 (  0)
 6.0i   42528381: SNP.GC     -1584:C>G      4 ( 29%) ~     0 (  0)
 7.rep  42533784: SNP.TG                    4 (  5%) ~     4 (100)
 7.rep  42533794: SNP.TG                    5 (  8%) ~     4 ( 80)
 7.rep  42533804: SNP.TA                    3 (  6%) ~     2 ( 67)
 7.rep  42533804: SNP.TG                    5 (  9%) ~     5 (100)
 7.rep  42533904: SNP.AG                   35 ( 18%) ~     0 (  0)
 7.rep  42534050: SNP.AG                  130 ( 49%) ~     0 (  0)
 7.rep  42534074: SNP.GA                  136 ( 52%) ~     0 (  0)
 7.pce  42534125: SNP.GT                   94 ( 56%) ~     0 (  0)
 7.pce  42534147: SNP.CT                   68 ( 55%) ~     0 (  0)
 7.pce  42534262: SNP.TN                    2 (  9%) ~     0 (  0)
 7.pce  42534275: SNP.CG                    9 ( 50%) ~     0 (  0)
 7.pce  42535634: SNP.CT                   19 ( 49%) ~     0 (  0)
 7.ins  42535817: SNP.AG                   48 ( 12%) ~     1 (  2)
 7.ins  42536159: SNP.TG                   21 (  5%) ~     3 ( 14)
 7.9e   42536360: SNP.CG                   16 (  5%) ~     0 (  0)
 7.9e   42536366: SNP.CG                   17 (  5%) ~     0 (  0)
 7.9e   42536410: SNP.TG                   36 (  9%) ~     0 (  0)
 7.8e   42536652: SNP.TC                   71 ( 11%) ~    38 ( 54)
 7.7i   42536923: SNP.CT                   25 (  7%) ~    10 ( 40)
 7.7i   42537022: SNP.TC                  146 ( 48%) ~     7 (  5)
 7.7i   42537114: SNP.CT                   42 ( 18%) ~    21 ( 50)
 7.7i   42537119: INS.a                    33 ( 14%) ~    21 ( 64)
 7.7i   42537126: SNP.AG                   51 ( 20%) ~    23 ( 45)
 7.7e   42537195: SNP.TC                  192 ( 42%) ~     3 (  2)
 7.7e   42537270: SNP.TC                  329 ( 46%) ~     6 (  2)
 7.6i   42537403: SNP.GC                  253 ( 46%) ~     0 (  0)
 7.6e   42537596: SNP.AG                  111 ( 46%) ~     0 (  0)
 7.5i   42537781: SNP.TG                   63 ( 18%) ~     1 (  2)
 7.5i   42537837: SNP.AC                   20 (  6%) ~     0 (  0)
 7.5i   42537841: SNP.AC                   24 (  7%) ~     0 (  0)
 7.5i   42537844: SNP.AC                   29 (  9%) ~     0 (  0)
 7.5i   42537857: SNP.AC                   18 (  5%) ~     0 (  0)
 7.5e   42538028: SNP.AG                  192 ( 47%) ~     0 (  0)
 7.4i   42538102: SNP.TC                  149 ( 47%) ~     0 (  0)
 7.4i   42538228: SNP.GA                  145 ( 50%) ~     0 (  0)
 7.4i   42538398: SNP.CT                  117 ( 36%) ~    10 (  9)
 7.4i   42538461: SNP.AG                   18 (  8%) ~     4 ( 22)
 7.4e   42538617: SNP.AG                   90 ( 22%) ~    45 ( 50)
 7.3i   42538675: SNP.TC                   79 ( 28%) ~     4 (  5)
 7.3i   42538703: SNP.GT                  114 ( 37%) ~     1 (  1)
 7.3e   42538875: SNP.AT                   64 (100%) ~     0 (  0)
 7.2i   42538896: SNP.AG                   16 ( 41%) ~     0 (  0)
 7.2i   42538929: SNP.AC                    3 (  6%) ~     0 (  0)
 7.2i   42539242: SNP.AC                    2 (  8%) ~     0 (  0)
 7.2i   42539261: SNP.TG                    3 ( 11%) ~     0 (  0)
 7.2i   42539318: SNP.GT                    2 (  6%) ~     0 (  0)
 7.2e   42539507: SNP.CT                    2 (  5%) ~     2 (100)
 7.1i   42539622: SNP.CA                  229 ( 45%) ~   229 (100)
 7.1i   42539719: SNP.CG                  321 ( 54%) ~   321 (100)
 7.1e   42540367: SNP.TG                  130 ( 20%) ~     0 (  0)
 7.1e   42540372: SNP.TG                   33 (  5%) ~     0 (  0)
 7.0i   42540550: SNP.AG                  147 ( 42%) ~     0 (  0)
 7.0i   42541142: SNP.TC                  111 ( 16%) ~   111 (100)
 7.0i   42541201: SNP.CT                   58 ( 12%) ~    57 ( 98)
 7.0i   42541262: SNP.AC                   20 (  6%) ~     0 (  0)
 7.0i   42541348: SNP.GA                   93 ( 44%) ~     0 (  0)
Removing 10B   6.1e 42526693:SNP.GA
Removing 10A   6.1e 42526693:SNP.GA
Removing 10D   6.1e 42526693:SNP.GA
Removing 10DW  6.1e 42526693:SNP.GA
Removing 10BW  6.1e 42526693:SNP.GA
Removing 10AW  6.1e 42526693:SNP.GA
Removing 100   6.1e 42526693:SNP.GA,  6.6e 42523964:DEL.G
Removing 101   6.1e 42526693:SNP.GA,  6.6e 42523847:DEL.CACATCCGGATGTAGGATC
Removing 102   6.2e 42525822:SNP.GA
Removing 103   6.2e 42525822:SNP.GA,  6.3e 42525043:SNP.TC
Removing 104   6.3e 42525072:SNP.TA
Removing 105   6.7e 42523524:SNP.AG
Removing 107   6.3e 42525133:SNP.CT
Removing 108   6.7e 42523566:SNP.TC
Removing 109   6.5e 42524175:DEL.CTT,  6.7e 42523609:SNP.CT
Removing 11W   6.1i 42525911:SNP.CG
Removing 11    6.1i 42525911:SNP.CG
Removing 12    6.1e 42526669:SNP.CT
Removing 14BW  6.3e 42525034:SNP.CT
Removing 14AW  6.1e 42526693:SNP.GA,  6.3e 42525034:SNP.CT
Removing 14B   6.3e 42525034:SNP.CT
Removing 14A   6.1e 42526693:SNP.GA,  6.3e 42525034:SNP.CT
Removing 15    6.1e 42526656:INS.a
Removing 17    6.2e 42525771:SNP.GA
Removing 17W   6.2e 42525771:SNP.GA
Removing 18    6.9e 42522667:INS.agtgggcac
Removing 19    6.5e 42524250:DEL.AGTT
Removing 20    6.4e 42524819:INS.c,  6.4e 42524814:SNP.GA,  6.4e 42524813:SNP.AG
Removing 21B   6.5e 42524213:INS.g
Removing 21A   6.5e 42524213:INS.g
Removing 22    6.1e 42526711:SNP.GA
Removing 23    6.2e 42525837:SNP.GA
Removing 24    6.6e 42523939:SNP.TG
Removing 25    6.7e 42523594:SNP.GC
Removing 26    6.7e 42523515:SNP.AG
Removing 27    6.8e 42522939:SNP.CT
Removing 28    6.1e 42526774:SNP.CT,  6.3e 42525088:SNP.GC
Removing 28W   6.1e 42526774:SNP.CT,  6.3e 42525088:SNP.GC
Removing 29    6.3e 42525133:SNP.CT,  6.7e 42523609:SNP.CT
Removing 3B    6.3e 42525043:SNP.TC,  6.5e 42524243:DEL.T
Removing 3A    6.5e 42524243:DEL.T
Removing 30    6.4e 42524929:INS.ggggcgaaa
Removing 31    6.9e 42522750:SNP.CT
Removing 32    6.8e 42522939:SNP.CT
Removing 33    6.5e 42524309:SNP.CA
Removing 36    6.1e 42526693:SNP.GA
Removing 37    6.1e 42526693:SNP.GA,  6.4e 42524849:SNP.CT
Removing 38    6.5e 42524202:DEL.AGTC
Removing 4GW   6.1e 42526693:SNP.GA,  6.2e 42525820:SNP.GT,  6.2e 42525810:SNP.TC,  6.3i 42524946:SNP.CT,  6.6e 42523854:SNP.GA
Removing 4HW   6.1e 42526693:SNP.GA,  6.2e 42525820:SNP.GT,  6.2e 42525810:SNP.TC,  6.3i 42524946:SNP.CT,  6.8e 42522915:SNP.CG
Removing 4FW   6.1e 42526693:SNP.GA,  6.2e 42525820:SNP.GT,  6.2e 42525810:SNP.TC,  6.3i 42524946:SNP.CT,  6.4e 42524934:SNP.GA
Removing 4KW   6.1e 42526693:SNP.GA,  6.3i 42524946:SNP.CT
Removing 4AW   6.1e 42526693:SNP.GA,  6.2e 42525820:SNP.GT,  6.2e 42525810:SNP.TC,  6.3i 42524946:SNP.CT
Removing 4N    6.1e 42526693:SNP.GA,  6.2e 42525820:SNP.GT,  6.2e 42525810:SNP.TC,  6.3i 42524946:SNP.CT
Removing 4M    6.2e 42525820:SNP.GT,  6.2e 42525810:SNP.TC,  6.3i 42524946:SNP.CT
Removing 4J    6.1e 42526693:SNP.GA,  6.2e 42525820:SNP.GT,  6.2e 42525810:SNP.TC,  6.3i 42524946:SNP.CT
Removing 4K    6.1e 42526693:SNP.GA,  6.3i 42524946:SNP.CT
Removing 4H    6.1e 42526693:SNP.GA,  6.2e 42525820:SNP.GT,  6.2e 42525810:SNP.TC,  6.3i 42524946:SNP.CT,  6.8e 42522915:SNP.CG
Removing 4CW   6.1e 42526693:SNP.GA,  6.3i 42524946:SNP.CT,  6.8e 42522905:SNP.AG
Removing 4D    6.1e 42526693:SNP.GA,  6.3i 42524946:SNP.CT
Removing 4LW   6.1e 42526693:SNP.GA,  6.3i 42524946:SNP.CT
Removing 4B    6.1e 42526693:SNP.GA,  6.2e 42525820:SNP.GT,  6.2e 42525810:SNP.TC,  6.3i 42524946:SNP.CT
Removing 4A    6.1e 42526693:SNP.GA,  6.2e 42525820:SNP.GT,  6.2e 42525810:SNP.TC,  6.3i 42524946:SNP.CT
Removing 4BW   6.1e 42526693:SNP.GA,  6.2e 42525820:SNP.GT,  6.2e 42525810:SNP.TC,  6.3i 42524946:SNP.CT
Removing 4JW   6.1e 42526693:SNP.GA,  6.2e 42525820:SNP.GT,  6.2e 42525810:SNP.TC,  6.3i 42524946:SNP.CT
Removing 4L    6.1e 42526693:SNP.GA,  6.3i 42524946:SNP.CT
Removing 4EW   6.1e 42526693:SNP.GA,  6.3i 42524946:SNP.CT
Removing 4P    6.1e 42526693:SNP.GA,  6.2e 42525820:SNP.GT,  6.2e 42525810:SNP.TC,  6.3i 42524946:SNP.CT,  6.5e 42524216:SNP.GA
Removing 4F    6.1e 42526693:SNP.GA,  6.2e 42525820:SNP.GT,  6.2e 42525810:SNP.TC,  6.3i 42524946:SNP.CT,  6.4e 42524934:SNP.GA
Removing 4G    6.1e 42526693:SNP.GA,  6.2e 42525820:SNP.GT,  6.2e 42525810:SNP.TC,  6.3i 42524946:SNP.CT,  6.6e 42523854:SNP.GA
Removing 4E    6.1e 42526693:SNP.GA,  6.3i 42524946:SNP.CT
Removing 4DW   6.1e 42526693:SNP.GA,  6.3i 42524946:SNP.CT
Removing 4C    6.1e 42526693:SNP.GA,  6.3i 42524946:SNP.CT,  6.8e 42522905:SNP.AG
Removing 40    6.2e 42525771:SNP.GA,  6.4e 42524929:INS.ggggcgaaaggggcgaaa
Removing 41    6.6i 42523804:SNP.CT
Removing 42    6.7e 42523533:INS.ac
Removing 43    6.1e 42526716:SNP.CT
Removing 44    6.1e 42526711:SNP.GA,  6.6i 42523842:SNP.CG
Removing 45A   6.3e 42525076:SNP.CT
Removing 45B   6.3e 42525076:SNP.CT
Removing 46    6.1e 42526716:SNP.CT,  6.3e 42525076:SNP.CT
Removing 47    6.1e 42526720:SNP.GA,  6.1e 42526693:SNP.GA
Removing 48    6.2e 42525822:SNP.GA
Removing 49    6.1e 42526693:SNP.GA,  6.3e 42525181:SNP.AT
Removing 50    6.3e 42525072:SNP.TG
Removing 51    6.7e 42523620:SNP.TG
Removing 52    6.1e 42526693:SNP.GA,  6.8e 42522915:SNP.CT
Removing 53    6.3e 42525181:SNP.AT,  6.3e 42525175:SNP.CA
Removing 54    6.1e 42526693:SNP.GA,  6.5e 42524236:SNP.GA
Removing 55    6.8e 42522957:SNP.TG
Removing 56A   6.7e 42523591:SNP.GA
Removing 56B   6.1e 42526693:SNP.GA,  6.7e 42523591:SNP.GA
Removing 57    6.1e 42526693:SNP.GA,  6.2e 42525907:SNP.GA
Removing 58    6.2e 42525771:SNP.GA,  6.4e 42524929:INS.ggggcgaaa
Removing 59    6.6e 42523853:SNP.CT
Removing 6A    6.3e 42525085:DEL.A
Removing 6B    6.3e 42525085:DEL.A,  6.4e 42524816:SNP.CT
Removing 6C    6.3e 42525085:DEL.A,  6.4e 42524816:SNP.CT
Removing 6D    6.3e 42525085:DEL.A
Removing 60    6.4e 42524905:INS.ta
Removing 62    6.9e 42522748:SNP.GA
Removing 64    6.1e 42526693:SNP.GA,  6.2e 42525771:SNP.GA
Removing 65    6.1e 42526693:SNP.GA
Removing 68    6.1e 42526693:SNP.GA
Removing 69    6.1e 42526693:SNP.GA,  6.6i 42523804:SNP.CT
Removing 70    6.3e 42525184:SNP.CT,  6.3e 42525133:SNP.CT,  6.7e 42523609:SNP.CT
Removing 71    6.1e 42526668:SNP.CT
Removing 72    6.1e 42526693:SNP.GA,  6.7e 42523474:SNP.CT
Removing 73    6.2e 42525781:SNP.CT
Removing 74    6.2e 42525820:SNP.GT
Removing 75    6.9e 42522747:SNP.CT
Removing 8     6.3e 42525034:SNP.CA
Removing 81    6.5e 42524213:SNP.GA,  6.5e 42524186:SNP.CT,  6.5e 42524182:SNP.AT
Removing 82    6.2e 42525820:SNP.GT,  6.2e 42525810:SNP.TC,  6.2e 42525780:SNP.AG,  6.2e 42525772:SNP.TA,  6.2e 42525771:SNP.GT,  6.2e 42525766:SNP.TC
Removing 84    6.5e 42524218:SNP.GT
Removing 85    6.9e 42522635:SNP.AC
Removing 86    6.5e 42524186:SNP.CT,  6.5e 42524182:SNP.AT
Removing 87    6.1e 42526779:SNP.GA,  6.1e 42526693:SNP.GA
Removing 88    6.2e 42525780:SNP.AG
Removing 89    6.3e 42525114:SNP.AG
Removing 9     6.5e 42524175:DEL.CTT
Removing 90    6.3e 42525099:SNP.TC
Removing 91    6.3e 42525057:SNP.CG,  6.6i 42523804:SNP.CT
Removing 92    6.4e 42524797:DEL.G
Removing 93    6.5e 42524273:SNP.TG
Removing 94B   6.1e 42526693:SNP.GA,  6.7e 42523611:SNP.TC
Removing 94A   6.1e 42526693:SNP.GA,  6.7e 42523611:SNP.TC
Removing 95    6.1e 42526693:SNP.GA,  6.7e 42523458:SNP.CT
Removing 96    6.8e 42522897:SNP.GA
Removing 97    6.9e 42522698:SNP.GT
Removing 98    6.9e 42522682:SNP.GC
Initial status
  CYP2D6.1B
    6.8e           42522964:SNP.CT    0 (  0)   3828:G>A
  CYP2D6.1E
    6.4e           42524923:SNP.AG  179 ( 23)   1869:T>C
  CYP2D6.1C
    6.4e           42524814:SNP.GA    0 (  0)   1978:C>T
  CYP2D6.1D
    6.5e           42524217:SNP.GT    0 (  0)   2575:C>A
  CYP2D6.1
  CYP2D6.13$1
  CYP2D6.16$1
  CYP2D6.2KW
    6.9e           42522612:SNP.CG  228 ( 51) F 4180:G>C
    6.9e           42522677:SNP.GA    0 (  0)   4115:C>T
    6.6e           42523942:SNP.GA  201 ( 56) F 2850:C>T
    6.3e           42525131:SNP.CG  139 ( 54)   1661:G>C
    6.1i           42525951:SNP.AC  290 ( 55)   843:T>G
    6.1i           42526048:SNP.GC  246 ( 50)   746:C>G
    6.1i           42526483:SNP.CA  254 ( 51)   310:G>T
    6.0i           42527470:SNP.CT  355 ( 65)   -678:G>A
    6.0i           42527532:SNP.GA  232 ( 61)   -740:C>T
    6.0i           42528027:SNP.TC   17 ( 74)   -1235:A>G
    6.0i           42528381:SNP.GC    4 ( 29) F -1584:C>G
  CYP2D6.2D
    6.9e           42522612:SNP.CG  228 ( 51) F 4180:G>C
    6.6e           42523942:SNP.GA  201 ( 56) F 2850:C>T
  CYP2D6.2E
    6.9e           42522612:SNP.CG  228 ( 51) F 4180:G>C
    6.6e           42523942:SNP.GA  201 ( 56) F 2850:C>T
    6.3e           42525131:SNP.CG  139 ( 54)   1661:G>C
    6.2e           42525797:SNP.GC    0 (  0)   997:C>G
  CYP2D6.2F
    6.9e           42522612:SNP.CG  228 ( 51) F 4180:G>C
    6.6e           42523942:SNP.GA  201 ( 56) F 2850:C>T
    6.3e           42525068:SNP.GA    0 (  0)   1724:C>T
    6.3e           42525131:SNP.CG  139 ( 54)   1661:G>C
  CYP2D6.2G
    6.9e           42522612:SNP.CG  228 ( 51) F 4180:G>C
    6.6e           42523942:SNP.GA  201 ( 56) F 2850:C>T
    6.5e           42524217:SNP.GT    0 (  0)   2575:C>A
    6.5e           42524322:SNP.AG    0 (  0)   2470:T>C
    6.3e           42525131:SNP.CG  139 ( 54)   1661:G>C
  CYP2D6.2A
    6.9e           42522612:SNP.CG  228 ( 51) F 4180:G>C
    6.6e           42523942:SNP.GA  201 ( 56) F 2850:C>T
    6.3e           42525131:SNP.CG  139 ( 54)   1661:G>C
    6.1i           42526548:SNP.TC  291 ( 64)   CYP2D7:i1:5491
    6.1i           42526560:SNP.TG  297 ( 68)   CYP2D7:i1:5503
    6.1i           42526561:SNP.CG  295 ( 68)   CYP2D7:i1:5504
    6.1i           42526566:SNP.AG  290 ( 66)   CYP2D7:i1:5509
    6.1i           42526570:SNP.GC  282 ( 66)   CYP2D7:i1:5513
    6.1i           42526572:SNP.GT  284 ( 65)   CYP2D7:i1:5515
    6.0i           42527470:SNP.CT  355 ( 65)   -678:G>A
    6.0i           42527532:SNP.GA  232 ( 61)   -740:C>T
    6.0i           42528027:SNP.TC   17 ( 74)   -1235:A>G
    6.0i           42528381:SNP.GC    4 ( 29) F -1584:C>G
  CYP2D6.2B
    6.9e           42522612:SNP.CG  228 ( 51) F 4180:G>C
    6.6e           42523942:SNP.GA  201 ( 56) F 2850:C>T
    6.3e           42525131:SNP.CG  139 ( 54)   1661:G>C
    6.2e           42525755:SNP.GA    0 (  0)   1039:C>T
  CYP2D6.2C
    6.9e           42522612:SNP.CG  228 ( 51) F 4180:G>C
    6.6e           42523942:SNP.GA  201 ( 56) F 2850:C>T
    6.5e           42524322:SNP.AG    0 (  0)   2470:T>C
    6.3e           42525131:SNP.CG  139 ( 54)   1661:G>C
  CYP2D6.2L
    6.9e           42522612:SNP.CG  228 ( 51) F 4180:G>C
    6.7i           42523002:SNP.GA  296 ( 79)   3790:C>T
    6.7i           42523208:SNP.CT  206 ( 50)   3584:G>A
    6.7i           42523408:SNP.TG  383 ( 63)   3384:A>C
    6.6e           42523942:SNP.GA  201 ( 56) F 2850:C>T
    6.3e           42525035:SNP.GA    0 (  0)   1757:C>T
    6.3e           42525131:SNP.CG  139 ( 54)   1661:G>C
    6.2i           42525279:SNP.GA    0 (  0)   1513:C>T
    6.1i           42525951:SNP.AC  290 ( 55)   843:T>G
    6.1i           42526048:SNP.GC  246 ( 50)   746:C>G
    6.1i           42526483:SNP.CA  254 ( 51)   310:G>T
    6.0i           42527532:SNP.GA  232 ( 61)   -740:C>T
    6.0i           42528027:SNP.TC   17 ( 74)   -1235:A>G
    6.0i           42528095:SNP.CT    0 (  0)   -1298:G>A
  CYP2D6.2M
    6.ins          42522311:SNP.CT  167 ( 62)   4481:G>A
    6.9e           42522612:SNP.CG  228 ( 51) F 4180:G>C
    6.7i           42523002:SNP.GA  296 ( 79)   3790:C>T
    6.7i           42523208:SNP.CT  206 ( 50)   3584:G>A
    6.7i           42523408:SNP.TG  383 ( 63)   3384:A>C
    6.6e           42523942:SNP.GA  201 ( 56) F 2850:C>T
    6.3e           42525131:SNP.CG  139 ( 54)   1661:G>C
    6.1i           42525951:SNP.AC  290 ( 55)   843:T>G
    6.1i           42526048:SNP.GC  246 ( 50)   746:C>G
    6.1i           42526483:SNP.CA  254 ( 51)   310:G>T
    6.1i           42526548:SNP.TC  291 ( 64)   CYP2D7:i1:5491
    6.1i           42526560:SNP.TG  297 ( 68)   CYP2D7:i1:5503
    6.1i           42526561:SNP.CG  295 ( 68)   CYP2D7:i1:5504
    6.1i           42526566:SNP.AG  290 ( 66)   CYP2D7:i1:5509
    6.1i           42526570:SNP.GC  282 ( 66)   CYP2D7:i1:5513
    6.1i           42526572:SNP.GT  284 ( 65)   CYP2D7:i1:5515
    6.0i           42527470:SNP.CT  355 ( 65)   -678:G>A
    6.0i           42527532:SNP.GA  232 ( 61)   -740:C>T
    6.0i           42527541:DEL.TC    0 (  0)   -750:delGA
    6.0i           42528027:SNP.TC   17 ( 74)   -1235:A>G
  CYP2D6.2H
    6.9e           42522612:SNP.CG  228 ( 51) F 4180:G>C
    6.6e           42523942:SNP.GA  201 ( 56) F 2850:C>T
    6.5e           42524312:SNP.GA    0 (  0)   2480:C>T
    6.3e           42525131:SNP.CG  139 ( 54)   1661:G>C
  CYP2D6.2K
    6.9e           42522612:SNP.CG  228 ( 51) F 4180:G>C
    6.9e           42522677:SNP.GA    0 (  0)   4115:C>T
    6.6e           42523942:SNP.GA  201 ( 56) F 2850:C>T
    6.3e           42525131:SNP.CG  139 ( 54)   1661:G>C
  CYP2D6.2CW
    6.9e           42522612:SNP.CG  228 ( 51) F 4180:G>C
    6.6e           42523942:SNP.GA  201 ( 56) F 2850:C>T
    6.5e           42524322:SNP.AG    0 (  0)   2470:T>C
    6.3e           42525131:SNP.CG  139 ( 54)   1661:G>C
    6.1i           42525951:SNP.AC  290 ( 55)   843:T>G
    6.1i           42526048:SNP.GC  246 ( 50)   746:C>G
    6.1i           42526483:SNP.CA  254 ( 51)   310:G>T
    6.0i           42527470:SNP.CT  355 ( 65)   -678:G>A
    6.0i           42527532:SNP.GA  232 ( 61)   -740:C>T
    6.0i           42528027:SNP.TC   17 ( 74)   -1235:A>G
    6.0i           42528381:SNP.GC    4 ( 29) F -1584:C>G
  CYP2D6.2AW
    6.9e           42522612:SNP.CG  228 ( 51) F 4180:G>C
    6.6e           42523942:SNP.GA  201 ( 56) F 2850:C>T
    6.3e           42525131:SNP.CG  139 ( 54)   1661:G>C
    6.1i           42525951:SNP.AC  290 ( 55)   843:T>G
    6.1i           42526048:SNP.GC  246 ( 50)   746:C>G
    6.1i           42526483:SNP.CA  254 ( 51)   310:G>T
    6.1i           42526548:SNP.TC  291 ( 64)   CYP2D7:i1:5491
    6.1i           42526560:SNP.TG  297 ( 68)   CYP2D7:i1:5503
    6.1i           42526561:SNP.CG  295 ( 68)   CYP2D7:i1:5504
    6.1i           42526566:SNP.AG  290 ( 66)   CYP2D7:i1:5509
    6.1i           42526570:SNP.GC  282 ( 66)   CYP2D7:i1:5513
    6.1i           42526572:SNP.GT  284 ( 65)   CYP2D7:i1:5515
    6.0i           42527470:SNP.CT  355 ( 65)   -678:G>A
    6.0i           42527532:SNP.GA  232 ( 61)   -740:C>T
    6.0i           42528027:SNP.TC   17 ( 74)   -1235:A>G
    6.0i           42528381:SNP.GC    4 ( 29) F -1584:C>G
  CYP2D6.2FW
    6.9e           42522612:SNP.CG  228 ( 51) F 4180:G>C
    6.6e           42523942:SNP.GA  201 ( 56) F 2850:C>T
    6.3e           42525068:SNP.GA    0 (  0)   1724:C>T
    6.3e           42525131:SNP.CG  139 ( 54)   1661:G>C
    6.1i           42525951:SNP.AC  290 ( 55)   843:T>G
    6.1i           42526048:SNP.GC  246 ( 50)   746:C>G
    6.1i           42526483:SNP.CA  254 ( 51)   310:G>T
    6.0i           42527470:SNP.CT  355 ( 65)   -678:G>A
    6.0i           42527532:SNP.GA  232 ( 61)   -740:C>T
    6.0i           42528027:SNP.TC   17 ( 74)   -1235:A>G
    6.0i           42528381:SNP.GC    4 ( 29) F -1584:C>G
  CYP2D6.2HW
    6.9e           42522612:SNP.CG  228 ( 51) F 4180:G>C
    6.6e           42523942:SNP.GA  201 ( 56) F 2850:C>T
    6.5e           42524312:SNP.GA    0 (  0)   2480:C>T
    6.3e           42525131:SNP.CG  139 ( 54)   1661:G>C
    6.1i           42525951:SNP.AC  290 ( 55)   843:T>G
    6.1i           42526048:SNP.GC  246 ( 50)   746:C>G
    6.1i           42526483:SNP.CA  254 ( 51)   310:G>T
    6.0i           42527470:SNP.CT  355 ( 65)   -678:G>A
    6.0i           42527532:SNP.GA  232 ( 61)   -740:C>T
    6.0i           42528027:SNP.TC   17 ( 74)   -1235:A>G
    6.0i           42528381:SNP.GC    4 ( 29) F -1584:C>G
  CYP2D6.2DW
    6.9e           42522612:SNP.CG  228 ( 51) F 4180:G>C
    6.6e           42523942:SNP.GA  201 ( 56) F 2850:C>T
    6.1i           42525951:SNP.AC  290 ( 55)   843:T>G
    6.1i           42526048:SNP.GC  246 ( 50)   746:C>G
    6.1i           42526483:SNP.CA  254 ( 51)   310:G>T
    6.0i           42527470:SNP.CT  355 ( 65)   -678:G>A
    6.0i           42527532:SNP.GA  232 ( 61)   -740:C>T
    6.0i           42528027:SNP.TC   17 ( 74)   -1235:A>G
    6.0i           42528381:SNP.GC    4 ( 29) F -1584:C>G
  CYP2D6.2GW
    6.9e           42522612:SNP.CG  228 ( 51) F 4180:G>C
    6.6e           42523942:SNP.GA  201 ( 56) F 2850:C>T
    6.5e           42524217:SNP.GT    0 (  0)   2575:C>A
    6.5e           42524322:SNP.AG    0 (  0)   2470:T>C
    6.3e           42525131:SNP.CG  139 ( 54)   1661:G>C
    6.1i           42525951:SNP.AC  290 ( 55)   843:T>G
    6.1i           42526048:SNP.GC  246 ( 50)   746:C>G
    6.1i           42526483:SNP.CA  254 ( 51)   310:G>T
    6.0i           42527470:SNP.CT  355 ( 65)   -678:G>A
    6.0i           42527532:SNP.GA  232 ( 61)   -740:C>T
    6.0i           42528027:SNP.TC   17 ( 74)   -1235:A>G
    6.0i           42528381:SNP.GC    4 ( 29) F -1584:C>G
  CYP2D6.2MW
    6.ins          42522311:SNP.CT  167 ( 62)   4481:G>A
    6.9e           42522612:SNP.CG  228 ( 51) F 4180:G>C
    6.7i           42523002:SNP.GA  296 ( 79)   3790:C>T
    6.7i           42523208:SNP.CT  206 ( 50)   3584:G>A
    6.7i           42523408:SNP.TG  383 ( 63)   3384:A>C
    6.6e           42523942:SNP.GA  201 ( 56) F 2850:C>T
    6.3e           42525131:SNP.CG  139 ( 54)   1661:G>C
    6.1i           42525951:SNP.AC  290 ( 55)   843:T>G
    6.1i           42526048:SNP.GC  246 ( 50)   746:C>G
    6.1i           42526483:SNP.CA  254 ( 51)   310:G>T
    6.1i           42526548:SNP.TC  291 ( 64)   CYP2D7:i1:5491
    6.1i           42526560:SNP.TG  297 ( 68)   CYP2D7:i1:5503
    6.1i           42526561:SNP.CG  295 ( 68)   CYP2D7:i1:5504
    6.1i           42526566:SNP.AG  290 ( 66)   CYP2D7:i1:5509
    6.1i           42526570:SNP.GC  282 ( 66)   CYP2D7:i1:5513
    6.1i           42526572:SNP.GT  284 ( 65)   CYP2D7:i1:5515
    6.0i           42527470:SNP.CT  355 ( 65)   -678:G>A
    6.0i           42527532:SNP.GA  232 ( 61)   -740:C>T
    6.0i           42527541:DEL.TC    0 (  0)   -750:delGA
    6.0i           42528027:SNP.TC   17 ( 74)   -1235:A>G
    6.0i           42528381:SNP.GC    4 ( 29) F -1584:C>G
  CYP2D6.2BW
    6.9e           42522612:SNP.CG  228 ( 51) F 4180:G>C
    6.6e           42523942:SNP.GA  201 ( 56) F 2850:C>T
    6.3e           42525131:SNP.CG  139 ( 54)   1661:G>C
    6.2e           42525755:SNP.GA    0 (  0)   1039:C>T
    6.1i           42525951:SNP.AC  290 ( 55)   843:T>G
    6.1i           42526048:SNP.GC  246 ( 50)   746:C>G
    6.1i           42526483:SNP.CA  254 ( 51)   310:G>T
    6.0i           42527470:SNP.CT  355 ( 65)   -678:G>A
    6.0i           42527532:SNP.GA  232 ( 61)   -740:C>T
    6.0i           42528027:SNP.TC   17 ( 74)   -1235:A>G
    6.0i           42528381:SNP.GC    4 ( 29) F -1584:C>G
  CYP2D6.2LW
    6.9e           42522612:SNP.CG  228 ( 51) F 4180:G>C
    6.7i           42523002:SNP.GA  296 ( 79)   3790:C>T
    6.7i           42523208:SNP.CT  206 ( 50)   3584:G>A
    6.7i           42523408:SNP.TG  383 ( 63)   3384:A>C
    6.6e           42523942:SNP.GA  201 ( 56) F 2850:C>T
    6.3e           42525035:SNP.GA    0 (  0)   1757:C>T
    6.3e           42525131:SNP.CG  139 ( 54)   1661:G>C
    6.2i           42525279:SNP.GA    0 (  0)   1513:C>T
    6.1i           42525951:SNP.AC  290 ( 55)   843:T>G
    6.1i           42526048:SNP.GC  246 ( 50)   746:C>G
    6.1i           42526483:SNP.CA  254 ( 51)   310:G>T
    6.0i           42527470:SNP.CT  355 ( 65)   -678:G>A
    6.0i           42527532:SNP.GA  232 ( 61)   -740:C>T
    6.0i           42528027:SNP.TC   17 ( 74)   -1235:A>G
    6.0i           42528095:SNP.CT    0 (  0)   -1298:G>A
    6.0i           42528381:SNP.GC    4 ( 29) F -1584:C>G
  CYP2D6.2EW
    6.9e           42522612:SNP.CG  228 ( 51) F 4180:G>C
    6.6e           42523942:SNP.GA  201 ( 56) F 2850:C>T
    6.3e           42525131:SNP.CG  139 ( 54)   1661:G>C
    6.2e           42525797:SNP.GC    0 (  0)   997:C>G
    6.1i           42525951:SNP.AC  290 ( 55)   843:T>G
    6.1i           42526048:SNP.GC  246 ( 50)   746:C>G
    6.1i           42526483:SNP.CA  254 ( 51)   310:G>T
    6.0i           42527470:SNP.CT  355 ( 65)   -678:G>A
    6.0i           42527532:SNP.GA  232 ( 61)   -740:C>T
    6.0i           42528027:SNP.TC   17 ( 74)   -1235:A>G
    6.0i           42528381:SNP.GC    4 ( 29) F -1584:C>G
  CYP2D6.34
    6.6e           42523942:SNP.GA  201 ( 56) F 2850:C>T
  CYP2D6.35B
    6.ins          42522311:SNP.CT  167 ( 62)   4481:G>A
    6.9e           42522612:SNP.CG  228 ( 51) F 4180:G>C
    6.7i           42523002:SNP.GA  296 ( 79)   3790:C>T
    6.7i           42523208:SNP.CT  206 ( 50)   3584:G>A
    6.7i           42523408:SNP.TG  383 ( 63)   3384:A>C
    6.6e           42523942:SNP.GA  201 ( 56) F 2850:C>T
    6.3e           42525131:SNP.CG  139 ( 54)   1661:G>C
    6.1i           42525951:SNP.AC  290 ( 55)   843:T>G
    6.1i           42526048:SNP.GC  246 ( 50)   746:C>G
    6.1i           42526483:SNP.CA  254 ( 51)   310:G>T
    6.1e           42526762:SNP.CT  281 ( 51) F 31:G>A
    6.0i           42526930:SNP.TC    0 (  0)   -138:A>G
    6.0i           42527470:SNP.CT  355 ( 65)   -678:G>A
    6.0i           42527532:SNP.GA  232 ( 61)   -740:C>T
    6.0i           42528027:SNP.TC   17 ( 74)   -1235:A>G
    6.0i           42528381:SNP.GC    4 ( 29) F -1584:C>G
  CYP2D6.35A
    6.9e           42522612:SNP.CG  228 ( 51) F 4180:G>C
    6.6e           42523942:SNP.GA  201 ( 56) F 2850:C>T
    6.3e           42525131:SNP.CG  139 ( 54)   1661:G>C
    6.1e           42526762:SNP.CT  281 ( 51) F 31:G>A
    6.0i           42528381:SNP.GC    4 ( 29) F -1584:C>G
  CYP2D6.39
    6.9e           42522612:SNP.CG  228 ( 51) F 4180:G>C
    6.3e           42525131:SNP.CG  139 ( 54)   1661:G>C
  CYP2D6.5
  CYP2D6.61
  CYP2D6.63
    6.7i           42523002:SNP.GA  296 ( 79)   3790:C>T
    6.7i           42523208:SNP.CT  206 ( 50)   3584:G>A
    6.7i           42523408:SNP.TG  383 ( 63)   3384:A>C
    6.6e           42523942:SNP.GA  201 ( 56) F 2850:C>T
    6.3e           42525131:SNP.CG  139 ( 54)   1661:G>C
    6.1i           42525951:SNP.AC  290 ( 55)   843:T>G
    6.1i           42526048:SNP.GC  246 ( 50)   746:C>G
    6.1i           42526483:SNP.CA  254 ( 51)   310:G>T
    6.1i           42526548:SNP.TC  291 ( 64)   CYP2D7:i1:5491
    6.1i           42526560:SNP.TG  297 ( 68)   CYP2D7:i1:5503
    6.1i           42526561:SNP.CG  295 ( 68)   CYP2D7:i1:5504
    6.1i           42526566:SNP.AG  290 ( 66)   CYP2D7:i1:5509
    6.1i           42526570:SNP.GC  282 ( 66)   CYP2D7:i1:5513
    6.1i           42526572:SNP.GT  284 ( 65)   CYP2D7:i1:5515
    6.0i           42527470:SNP.CT  355 ( 65)   -678:G>A
    6.0i           42527532:SNP.GA  232 ( 61)   -740:C>T
    6.0i           42528027:SNP.TC   17 ( 74)   -1235:A>G
    6.0i           42528381:SNP.GC    4 ( 29) F -1584:C>G
  CYP2D6.67$1
  CYP2D6.7
    6.6e           42523857:SNP.TG  172 ( 47) F 2935:A>C
  CYP2D6.76$1
  CYP2D6.77$1
  CYP2D6.78$1
  CYP2D6.79$1
  CYP2D6.80$1
  CYP2D6.83
    6.1i           42525951:SNP.AC  290 ( 55)   843:T>G
== Copy Number Estimator ==
CNV factor: 3.64131551901 (0.274626023144)
Coverage per region
  region:  2D6  2D7
  0i   :  2.20  2.10 
  1e   :  1.85  2.00 = -0.15
  1i   :  2.16  2.11 =  0.05
  2e   :  1.21  0.90 =  0.30
  2i   :  1.80  0.74 =  1.05
  3e   :  1.13  0.84 =  0.29
  3i   :  2.05  1.36 
  4e   :  1.79  1.69 
  4i   :  2.15  2.57 
  5e   :  2.14  2.24 = -0.10
  5i   :  1.91  2.36 = -0.45
  6e   :  2.04  2.47 = -0.43
  6i   :  2.24  2.17 =  0.06
  7e   :  1.65  1.69 
  7i   :  2.29  2.08 
  8e   :  1.66  2.46 
  8i   :  2.12  2.31 
  9e   :  2.24  2.05 =  0.20
  ins  :  2.42  1.87 
  pce  :  0.00  2.38 = -2.38
  rep  :  1.80  2.91 
Max. CN = 3
M  Sentinel contraint for 61: A_61^ <= A_61
M  Sentinel contraint for 63: A_63^ <= A_63
M  Sentinel contraint for 67: A_67^ <= A_67
M  Sentinel contraint for 80: A_80^ <= A_80
M  Sentinel contraint for 1: A_1^ <= A_1
M  Sentinel contraint for 5: A_5^ <= A_5
M  Sentinel contraint for 77: A_77^ <= A_77
M  Sentinel contraint for 76: A_76^ <= A_76
M  Sentinel contraint for 79: A_79^ <= A_79
M  Sentinel contraint for 78: A_78^ <= A_78
M  Sentinel contraint for 13: A_13^ <= A_13
M  Sentinel contraint for 16: A_16^ <= A_16
M  Sentinel contraint for 36: A_36^ <= A_36
M  Sentinel contraint for 36: A_36_2 <= A_36
M  Sentinel contraint for 36: A_36_3 <= A_36_2
M  Sentinel contraint for 1: A_1_3 <= A_1_2
M  Contraint for 6e: -0.430993406545 == E_6e + <gurobi.LinExpr: 0.0 A5^ + -1.0 A5^ + A78^ + -0.0 A78^ + A1^ + -1.0 A1^ + A61 + -1.0 A61 + A63 + -1.0 A63 + A1_3 + -0.0 A1_3 + A80^ + -0.0 A80^ + A67 + -0.0 A67 + A80 + -0.0 A80 + A67^ + -0.0 A67^ + A61^ + -1.0 A61^ + 0.0 A77^ + -1.0 A77^ + A63^ + -1.0 A63^ + A1 + -1.0 A1 + 0.0 A16^ + -1.0 A16^ + 0.0 A5 + -1.0 A5 + A36_2 + -0.0 A36_2 + A36_3 + -0.0 A36_3 + A79^ + -0.0 A79^ + 0.0 A77 + -1.0 A77 + 0.0 A76 + -1.0 A76 + A79 + -0.0 A79 + A78 + -0.0 A78 + A36^ + -1.0 A36^ + A13 + -0.0 A13 + 0.0 A76^ + -1.0 A76^ + 0.0 A16 + -1.0 A16 + A36 + -1.0 A36 + A13^ + -0.0 A13^ + A1_2 + -0.0 A1_2>
M  Contraint for 5e: -0.10167374753 == E_5e + <gurobi.LinExpr: 0.0 A5^ + -1.0 A5^ + A78^ + -0.0 A78^ + A1^ + -1.0 A1^ + A61 + -1.0 A61 + A63 + -1.0 A63 + A1_3 + -0.0 A1_3 + A80^ + -0.0 A80^ + 0.5 A67 + -0.5 A67 + A80 + -0.0 A80 + 0.5 A67^ + -0.5 A67^ + A61^ + -1.0 A61^ + 0.0 A77^ + -1.0 A77^ + A63^ + -1.0 A63^ + A1 + -1.0 A1 + 0.0 A16^ + -1.0 A16^ + 0.0 A5 + -1.0 A5 + A36_2 + -0.0 A36_2 + A36_3 + -0.0 A36_3 + A79^ + -0.0 A79^ + 0.0 A77 + -1.0 A77 + 0.0 A76 + -1.0 A76 + A79 + -0.0 A79 + A78 + -0.0 A78 + A36^ + -1.0 A36^ + A13 + -0.0 A13 + 0.0 A76^ + -1.0 A76^ + 0.0 A16 + -1.0 A16 + A36 + -1.0 A36 + A13^ + -0.0 A13^ + A1_2 + -0.0 A1_2>
M  Contraint for 6i: 0.0640787485442 == E_6i + <gurobi.LinExpr: 0.0 A5^ + -1.0 A5^ + A78^ + -0.0 A78^ + A1^ + -1.0 A1^ + A61 + -1.0 A61 + A63 + -1.0 A63 + A1_3 + -0.0 A1_3 + A80^ + -0.0 A80^ + A67 + -0.0 A67 + A80 + -0.0 A80 + A67^ + -0.0 A67^ + A61^ + -1.0 A61^ + 0.0 A77^ + -1.0 A77^ + A63^ + -1.0 A63^ + A1 + -1.0 A1 + 0.0 A16^ + -1.0 A16^ + 0.0 A5 + -1.0 A5 + A36_2 + -0.0 A36_2 + A36_3 + -0.0 A36_3 + A79^ + -0.0 A79^ + 0.0 A77 + -1.0 A77 + 0.0 A76 + -1.0 A76 + A79 + -0.0 A79 + A78 + -0.0 A78 + A36^ + -1.0 A36^ + A13 + -0.0 A13 + 0.0 A76^ + -1.0 A76^ + 0.0 A16 + -1.0 A16 + A36 + -1.0 A36 + A13^ + -0.0 A13^ + A1_2 + -0.0 A1_2>
M  Contraint for 9e: 0.19859519345 == E_9e + <gurobi.LinExpr: 0.0 A5^ + -1.0 A5^ + A78^ + -0.0 A78^ + A1^ + -1.0 A1^ + 0.0 A61 + -2.0 A61 + 0.0 A63 + -2.0 A63 + A1_3 + -0.0 A1_3 + A80^ + -0.0 A80^ + A67 + -0.0 A67 + A80 + -0.0 A80 + A67^ + -0.0 A67^ + 0.0 A61^ + -2.0 A61^ + A77^ + -0.0 A77^ + 0.0 A63^ + -2.0 A63^ + A1 + -1.0 A1 + A16^ + -0.0 A16^ + 0.0 A5 + -1.0 A5 + 0.0 A36_2 + -1.0 A36_2 + 0.0 A36_3 + -1.0 A36_3 + A79^ + -0.0 A79^ + A77 + -0.0 A77 + 0.5 A76 + -0.5 A76 + A79 + -0.0 A79 + A78 + -0.0 A78 + 0.0 A36^ + -2.0 A36^ + A13 + -0.0 A13 + 0.5 A76^ + -0.5 A76^ + A16 + -0.0 A16 + 0.0 A36 + -2.0 A36 + A13^ + -0.0 A13^ + A1_2 + -0.0 A1_2>
M  Contraint for 2e: 0.302945044672 == E_2e + <gurobi.LinExpr: 0.0 A5^ + -1.0 A5^ + 0.0 A78^ + -1.0 A78^ + A1^ + -1.0 A1^ + A61 + -1.0 A61 + A63 + -1.0 A63 + A1_3 + -0.0 A1_3 + 0.0 A80^ + -1.0 A80^ + 0.0 A67 + -1.0 A67 + 0.0 A80 + -1.0 A80 + 0.0 A67^ + -1.0 A67^ + A61^ + -1.0 A61^ + 0.0 A77^ + -1.0 A77^ + A63^ + -1.0 A63^ + A1 + -1.0 A1 + 0.0 A16^ + -1.0 A16^ + 0.0 A5 + -1.0 A5 + A36_2 + -0.0 A36_2 + A36_3 + -0.0 A36_3 + 0.5 A79^ + -0.5 A79^ + 0.0 A77 + -1.0 A77 + 0.0 A76 + -1.0 A76 + 0.5 A79 + -0.5 A79 + 0.0 A78 + -1.0 A78 + A36^ + -1.0 A36^ + A13 + -0.0 A13 + 0.0 A76^ + -1.0 A76^ + 0.0 A16 + -1.0 A16 + A36 + -1.0 A36 + A13^ + -0.0 A13^ + A1_2 + -0.0 A1_2>
M  Contraint for 1e: -0.148978214065 == E_1e + <gurobi.LinExpr: 0.0 A5^ + -1.0 A5^ + 0.0 A78^ + -1.0 A78^ + A1^ + -1.0 A1^ + A61 + -1.0 A61 + A63 + -1.0 A63 + A1_3 + -0.0 A1_3 + 0.0 A80^ + -1.0 A80^ + 0.0 A67 + -1.0 A67 + 0.0 A80 + -1.0 A80 + 0.0 A67^ + -1.0 A67^ + A61^ + -1.0 A61^ + 0.0 A77^ + -1.0 A77^ + A63^ + -1.0 A63^ + A1 + -1.0 A1 + 0.0 A16^ + -1.0 A16^ + 0.0 A5 + -1.0 A5 + A36_2 + -0.0 A36_2 + A36_3 + -0.0 A36_3 + 0.0 A79^ + -1.0 A79^ + 0.0 A77 + -1.0 A77 + 0.0 A76 + -1.0 A76 + 0.0 A79 + -1.0 A79 + 0.0 A78 + -1.0 A78 + A36^ + -1.0 A36^ + 0.0 A13 + -1.0 A13 + 0.0 A76^ + -1.0 A76^ + 0.0 A16 + -1.0 A16 + A36 + -1.0 A36 + 0.0 A13^ + -1.0 A13^ + A1_2 + -0.0 A1_2>
M  Contraint for 1i: 0.0503764738845 == E_1i + <gurobi.LinExpr: 0.0 A5^ + -1.0 A5^ + 0.0 A78^ + -1.0 A78^ + A1^ + -1.0 A1^ + A61 + -1.0 A61 + A63 + -1.0 A63 + A1_3 + -0.0 A1_3 + 0.0 A80^ + -1.0 A80^ + 0.0 A67 + -1.0 A67 + 0.0 A80 + -1.0 A80 + 0.0 A67^ + -1.0 A67^ + A61^ + -1.0 A61^ + 0.0 A77^ + -1.0 A77^ + A63^ + -1.0 A63^ + A1 + -1.0 A1 + 0.0 A16^ + -1.0 A16^ + 0.0 A5 + -1.0 A5 + A36_2 + -0.0 A36_2 + A36_3 + -0.0 A36_3 + 0.0 A79^ + -1.0 A79^ + 0.0 A77 + -1.0 A77 + 0.0 A76 + -1.0 A76 + 0.0 A79 + -1.0 A79 + 0.0 A78 + -1.0 A78 + A36^ + -1.0 A36^ + 0.5 A13 + -0.5 A13 + 0.0 A76^ + -1.0 A76^ + 0.0 A16 + -1.0 A16 + A36 + -1.0 A36 + 0.5 A13^ + -0.5 A13^ + A1_2 + -0.0 A1_2>
M  Contraint for 5i: -0.446558867758 == E_5i + <gurobi.LinExpr: 0.0 A5^ + -1.0 A5^ + A78^ + -0.0 A78^ + A1^ + -1.0 A1^ + A61 + -1.0 A61 + A63 + -1.0 A63 + A1_3 + -0.0 A1_3 + A80^ + -0.0 A80^ + A67 + -0.0 A67 + A80 + -0.0 A80 + A67^ + -0.0 A67^ + A61^ + -1.0 A61^ + 0.0 A77^ + -1.0 A77^ + A63^ + -1.0 A63^ + A1 + -1.0 A1 + 0.0 A16^ + -1.0 A16^ + 0.0 A5 + -1.0 A5 + A36_2 + -0.0 A36_2 + A36_3 + -0.0 A36_3 + A79^ + -0.0 A79^ + 0.0 A77 + -1.0 A77 + 0.0 A76 + -1.0 A76 + A79 + -0.0 A79 + A78 + -0.0 A78 + A36^ + -1.0 A36^ + A13 + -0.0 A13 + 0.0 A76^ + -1.0 A76^ + 0.0 A16 + -1.0 A16 + A36 + -1.0 A36 + A13^ + -0.0 A13^ + A1_2 + -0.0 A1_2>
M  Contraint for 2i: 1.05340562915 == E_2i + <gurobi.LinExpr: 0.0 A5^ + -1.0 A5^ + 0.0 A78^ + -1.0 A78^ + A1^ + -1.0 A1^ + A61 + -1.0 A61 + A63 + -1.0 A63 + A1_3 + -0.0 A1_3 + 0.5 A80^ + -0.5 A80^ + 0.0 A67 + -1.0 A67 + 0.5 A80 + -0.5 A80 + 0.0 A67^ + -1.0 A67^ + A61^ + -1.0 A61^ + 0.0 A77^ + -1.0 A77^ + A63^ + -1.0 A63^ + A1 + -1.0 A1 + 0.0 A16^ + -1.0 A16^ + 0.0 A5 + -1.0 A5 + A36_2 + -0.0 A36_2 + A36_3 + -0.0 A36_3 + A79^ + -0.0 A79^ + 0.0 A77 + -1.0 A77 + 0.0 A76 + -1.0 A76 + A79 + -0.0 A79 + 0.0 A78 + -1.0 A78 + A36^ + -1.0 A36^ + A13 + -0.0 A13 + 0.0 A76^ + -1.0 A76^ + 0.0 A16 + -1.0 A16 + A36 + -1.0 A36 + A13^ + -0.0 A13^ + A1_2 + -0.0 A1_2>
M  Contraint for 3e: 0.289981282276 == E_3e + <gurobi.LinExpr: 0.0 A5^ + -1.0 A5^ + 0.0 A78^ + -1.0 A78^ + A1^ + -1.0 A1^ + A61 + -1.0 A61 + A63 + -1.0 A63 + A1_3 + -0.0 A1_3 + A80^ + -0.0 A80^ + 0.0 A67 + -1.0 A67 + A80 + -0.0 A80 + 0.0 A67^ + -1.0 A67^ + A61^ + -1.0 A61^ + 0.0 A77^ + -1.0 A77^ + A63^ + -1.0 A63^ + A1 + -1.0 A1 + 0.0 A16^ + -1.0 A16^ + 0.0 A5 + -1.0 A5 + A36_2 + -0.0 A36_2 + A36_3 + -0.0 A36_3 + A79^ + -0.0 A79^ + 0.0 A77 + -1.0 A77 + 0.0 A76 + -1.0 A76 + A79 + -0.0 A79 + 0.0 A78 + -1.0 A78 + A36^ + -1.0 A36^ + A13 + -0.0 A13 + 0.0 A76^ + -1.0 A76^ + 0.0 A16 + -1.0 A16 + A36 + -1.0 A36 + A13^ + -0.0 A13^ + A1_2 + -0.0 A1_2>
M  Contraint for pce: -2.3804735873 == E_pce + <gurobi.LinExpr: 0.0 A5^ + -1.0 A5^ + A78^ + -0.0 A78^ + 0.0 A1^ + -1.0 A1^ + 0.0 A61 + -2.0 A61 + 0.0 A63 + -2.0 A63 + 0.0 A1_3 + -0.0 A1_3 + A80^ + -0.0 A80^ + A67 + -0.0 A67 + A80 + -0.0 A80 + A67^ + -0.0 A67^ + 0.0 A61^ + -2.0 A61^ + A77^ + -0.0 A77^ + 0.0 A63^ + -2.0 A63^ + 0.0 A1 + -1.0 A1 + A16^ + -0.0 A16^ + 0.0 A5 + -1.0 A5 + 0.0 A36_2 + -1.0 A36_2 + 0.0 A36_3 + -1.0 A36_3 + A79^ + -0.0 A79^ + A77 + -0.0 A77 + A76 + -0.0 A76 + A79 + -0.0 A79 + A78 + -0.0 A78 + 0.0 A36^ + -2.0 A36^ + A13 + -0.0 A13 + A76^ + -0.0 A76^ + A16 + -0.0 A16 + 0.0 A36 + -2.0 A36 + A13^ + -0.0 A13^ + 0.0 A1_2 + -0.0 A1_2>
M  Objective: <gurobi.LinExpr: C41 + C42 + C43 + C44 + C45 + C46 + C47 + C48 + C49 + C50 + 1.5 C51 + 0.5 A5^ + 0.5 A78^ + 0.5 A1^ + 0.5 A61 + 0.5 A63 + 0.5 A1_3 + 0.5 A80^ + 0.5 A67 + 0.5 A80 + 0.5 A67^ + 0.5 A61^ + 0.5 A77^ + 0.5 A63^ + 0.5 A1 + 0.5 A16^ + 0.5 A5 + 0.5 A36_2 + 0.5 A36_3 + 0.5 A79^ + 0.5 A77 + 0.5 A76 + 0.5 A79 + 0.5 A78 + 0.5 A36^ + 0.5 A13 + 0.5 A76^ + 0.5 A16 + 0.5 A36 + 0.5 A13^ + 0.5 A1_2 + 0.1 A78^ + 0.1 A80^ + 0.1 A67 + 0.1 A80 + 0.1 A67^ + 0.1 A77^ + 0.1 A16^ + 0.1 A79^ + 0.1 A77 + 0.1 A76 + 0.1 A79 + 0.1 A78 + 0.1 A13 + 0.1 A76^ + 0.1 A16 + 0.1 A13^>
CN Solver status: optimal, opt: 4.65829698882
  Solutions:
    ('1', '1^')
== Initial Solver ==
Solving Counter({'1': 2})
Possible candidates:
  CYP2D6.1
  CYP2D6.2B
    6.9e 42522612:SNP.CG  228 ( 51) F 4180:G>C
    6.6e 42523942:SNP.GA  201 ( 56) F 2850:C>T
  CYP2D6.2A
    6.0i 42528381:SNP.GC    4 ( 29) F -1584:C>G
    6.9e 42522612:SNP.CG  228 ( 51) F 4180:G>C
    6.6e 42523942:SNP.GA  201 ( 56) F 2850:C>T
  CYP2D6.34
    6.6e 42523942:SNP.GA  201 ( 56) F 2850:C>T
  CYP2D6.35A
    6.0i 42528381:SNP.GC    4 ( 29) F -1584:C>G
    6.9e 42522612:SNP.CG  228 ( 51) F 4180:G>C
    6.1e 42526762:SNP.CT  281 ( 51) F 31:G>A
    6.6e 42523942:SNP.GA  201 ( 56) F 2850:C>T
  CYP2D6.39
    6.9e 42522612:SNP.CG  228 ( 51) F 4180:G>C
  CYP2D6.7
    6.6e 42523857:SNP.TG  172 ( 47) F 2935:A>C
M  Max. CN for 39 = 2
M  Max. CN for 2B = 2
M  Max. CN for 35A = 2
M  Max. CN for 34 = 2
M  Max. CN for 1 = 2
M  Max. CN for 2A = 2
M  Max. CN for 7 = 2
M  Contraint for 42528381:REF 6.0i: 10 == <gurobi.QuadExpr: 7.0 39 + 7.0 2B + 7.0 35A + 7.0 35A_2 + 7.0 39_2 + 7.0 34 + 7.0 1 + 7.0 2A + 7.0 7 + 7.0 2A_2 + 7.0 7_2 + 7.0 1_2 + 7.0 34_2 + 7.0 2B_2 + [ -7.0 REG_35A_42528381:SNP.GC * 35A + -7.0 REG_35A_2_42528381:SNP.GC * 35A_2 + -7.0 REG_2A_42528381:SNP.GC * 2A + -7.0 REG_2A_2_42528381:SNP.GC * 2A_2 ]> + err
M  Contraint for 42523857:REF 6.6e: 196 == <gurobi.QuadExpr: 184.0 39 + 184.0 2B + 184.0 35A + 184.0 35A_2 + 184.0 39_2 + 184.0 34 + 184.0 1 + 184.0 2A + 184.0 7 + 184.0 2A_2 + 184.0 7_2 + 184.0 1_2 + 184.0 34_2 + 184.0 2B_2 + [ -184.0 REG_7_42523857:SNP.TG * 7 + -184.0 REG_7_2_42523857:SNP.TG * 7_2 ]> + err
M  Contraint for 42523942:REF 6.6e: 160 == <gurobi.QuadExpr: 180.5 39 + 180.5 2B + 180.5 35A + 180.5 35A_2 + 180.5 39_2 + 180.5 34 + 180.5 1 + 180.5 2A + 180.5 7 + 180.5 2A_2 + 180.5 7_2 + 180.5 1_2 + 180.5 34_2 + 180.5 2B_2 + [ -180.5 REG_2B_42523942:SNP.GA * 2B + -180.5 REG_35A_42523942:SNP.GA * 35A + -180.5 REG_35A_2_42523942:SNP.GA * 35A_2 + -180.5 REG_34_42523942:SNP.GA * 34 + -180.5 REG_2A_42523942:SNP.GA * 2A + -180.5 REG_2A_2_42523942:SNP.GA * 2A_2 + -180.5 REG_34_2_42523942:SNP.GA * 34_2 + -180.5 REG_2B_2_42523942:SNP.GA * 2B_2 ]> + err
M  Contraint for 42523857:SNP.TG 6.6e: 172 == <gurobi.QuadExpr: 0.0 + [ 184.0 REG_7_42523857:SNP.TG * 7 + 184.0 REG_7_2_42523857:SNP.TG * 7_2 ]> + err
M  Contraint for 42522612:REF 6.9e: 222 == <gurobi.QuadExpr: 225.0 39 + 225.0 2B + 225.0 35A + 225.0 35A_2 + 225.0 39_2 + 225.0 34 + 225.0 1 + 225.0 2A + 225.0 7 + 225.0 2A_2 + 225.0 7_2 + 225.0 1_2 + 225.0 34_2 + 225.0 2B_2 + [ -225.0 REG_39_42522612:SNP.CG * 39 + -225.0 REG_2B_42522612:SNP.CG * 2B + -225.0 REG_35A_42522612:SNP.CG * 35A + -225.0 REG_35A_2_42522612:SNP.CG * 35A_2 + -225.0 REG_39_2_42522612:SNP.CG * 39_2 + -225.0 REG_2A_42522612:SNP.CG * 2A + -225.0 REG_2A_2_42522612:SNP.CG * 2A_2 + -225.0 REG_2B_2_42522612:SNP.CG * 2B_2 ]> + err
M  Contraint for 42523942:SNP.GA 6.6e: 201 == <gurobi.QuadExpr: 0.0 + [ 180.5 REG_2B_42523942:SNP.GA * 2B + 180.5 REG_35A_42523942:SNP.GA * 35A + 180.5 REG_35A_2_42523942:SNP.GA * 35A_2 + 180.5 REG_34_42523942:SNP.GA * 34 + 180.5 REG_2A_42523942:SNP.GA * 2A + 180.5 REG_2A_2_42523942:SNP.GA * 2A_2 + 180.5 REG_34_2_42523942:SNP.GA * 34_2 + 180.5 REG_2B_2_42523942:SNP.GA * 2B_2 ]> + err
M  Contraint for 42528381:SNP.GC 6.0i: 4 == <gurobi.QuadExpr: 0.0 + [ 7.0 REG_35A_42528381:SNP.GC * 35A + 7.0 REG_35A_2_42528381:SNP.GC * 35A_2 + 7.0 REG_2A_42528381:SNP.GC * 2A + 7.0 REG_2A_2_42528381:SNP.GC * 2A_2 ]> + err
M  Contraint for 42522612:SNP.CG 6.9e: 228 == <gurobi.QuadExpr: 0.0 + [ 225.0 REG_39_42522612:SNP.CG * 39 + 225.0 REG_2B_42522612:SNP.CG * 2B + 225.0 REG_35A_42522612:SNP.CG * 35A + 225.0 REG_35A_2_42522612:SNP.CG * 35A_2 + 225.0 REG_39_2_42522612:SNP.CG * 39_2 + 225.0 REG_2A_42522612:SNP.CG * 2A + 225.0 REG_2A_2_42522612:SNP.CG * 2A_2 + 225.0 REG_2B_2_42522612:SNP.CG * 2B_2 ]> + err
M  Contraint for 42526762:REF 6.1e: 267 == <gurobi.QuadExpr: 274.0 39 + 274.0 2B + 274.0 35A + 274.0 35A_2 + 274.0 39_2 + 274.0 34 + 274.0 1 + 274.0 2A + 274.0 7 + 274.0 2A_2 + 274.0 7_2 + 274.0 1_2 + 274.0 34_2 + 274.0 2B_2 + [ -274.0 REG_35A_42526762:SNP.CT * 35A + -274.0 REG_35A_2_42526762:SNP.CT * 35A_2 ]> + err
M  Contraint for 42526762:SNP.CT 6.1e: 281 == <gurobi.QuadExpr: 0.0 + [ 274.0 REG_35A_42526762:SNP.CT * 35A + 274.0 REG_35A_2_42526762:SNP.CT * 35A_2 ]> + err
M  Contraint for 39 42522612:SNP.CG: <gurobi.Var 39> >= <gurobi.Var REG_39_42522612:SNP.CG>
M  Contraint for 7 42523857:SNP.TG: <gurobi.Var 7> >= <gurobi.Var REG_7_42523857:SNP.TG>
M  Contraint for 35A 42523942:SNP.GA: <gurobi.Var 35A> >= <gurobi.Var REG_35A_42523942:SNP.GA>
M  Contraint for 35A 42528381:SNP.GC: <gurobi.Var 35A> >= <gurobi.Var REG_35A_42528381:SNP.GC>
M  Contraint for 35A 42522612:SNP.CG: <gurobi.Var 35A> >= <gurobi.Var REG_35A_42522612:SNP.CG>
M  Contraint for 35A 42526762:SNP.CT: <gurobi.Var 35A> >= <gurobi.Var REG_35A_42526762:SNP.CT>
M  Contraint for 35A_2 42523942:SNP.GA: <gurobi.Var 35A_2> >= <gurobi.Var REG_35A_2_42523942:SNP.GA>
M  Contraint for 35A_2 42528381:SNP.GC: <gurobi.Var 35A_2> >= <gurobi.Var REG_35A_2_42528381:SNP.GC>
M  Contraint for 35A_2 42522612:SNP.CG: <gurobi.Var 35A_2> >= <gurobi.Var REG_35A_2_42522612:SNP.CG>
M  Contraint for 35A_2 42526762:SNP.CT: <gurobi.Var 35A_2> >= <gurobi.Var REG_35A_2_42526762:SNP.CT>
M  Contraint for 39_2 42522612:SNP.CG: <gurobi.Var 39_2> >= <gurobi.Var REG_39_2_42522612:SNP.CG>
M  Contraint for 34 42523942:SNP.GA: <gurobi.Var 34> >= <gurobi.Var REG_34_42523942:SNP.GA>
M  Contraint for 2A 42523942:SNP.GA: <gurobi.Var 2A> >= <gurobi.Var REG_2A_42523942:SNP.GA>
M  Contraint for 2A 42528381:SNP.GC: <gurobi.Var 2A> >= <gurobi.Var REG_2A_42528381:SNP.GC>
M  Contraint for 2A 42522612:SNP.CG: <gurobi.Var 2A> >= <gurobi.Var REG_2A_42522612:SNP.CG>
M  Contraint for 2B 42523942:SNP.GA: <gurobi.Var 2B> >= <gurobi.Var REG_2B_42523942:SNP.GA>
M  Contraint for 2B 42522612:SNP.CG: <gurobi.Var 2B> >= <gurobi.Var REG_2B_42522612:SNP.CG>
M  Contraint for 2A_2 42523942:SNP.GA: <gurobi.Var 2A_2> >= <gurobi.Var REG_2A_2_42523942:SNP.GA>
M  Contraint for 2A_2 42528381:SNP.GC: <gurobi.Var 2A_2> >= <gurobi.Var REG_2A_2_42528381:SNP.GC>
M  Contraint for 2A_2 42522612:SNP.CG: <gurobi.Var 2A_2> >= <gurobi.Var REG_2A_2_42522612:SNP.CG>
M  Contraint for 2B_2 42523942:SNP.GA: <gurobi.Var 2B_2> >= <gurobi.Var REG_2B_2_42523942:SNP.GA>
M  Contraint for 2B_2 42522612:SNP.CG: <gurobi.Var 2B_2> >= <gurobi.Var REG_2B_2_42522612:SNP.CG>
M  Contraint for 34_2 42523942:SNP.GA: <gurobi.Var 34_2> >= <gurobi.Var REG_34_2_42523942:SNP.GA>
M  Contraint for 7_2 42523857:SNP.TG: <gurobi.Var 7_2> >= <gurobi.Var REG_7_2_42523857:SNP.TG>
M  CN contraint for 1: 2 == <gurobi.LinExpr: 39 + 7 + 35A + 35A_2 + 39_2 + 34 + 1 + 2A + 2B + 2A_2 + 2B_2 + 1_2 + 34_2 + 7_2>
M  Sentinel contraint for 39: A_39_2 <= A_39
M  Sentinel contraint for 2B: A_2B_2 <= A_2B
M  Sentinel contraint for 35A: A_35A_2 <= A_35A
M  Sentinel contraint for 34: A_34_2 <= A_34
M  Sentinel contraint for 1: A_1_2 <= A_1
M  Sentinel contraint for 2A: A_2A_2 <= A_2A
M  Sentinel contraint for 7: A_7_2 <= A_7
M  Objective: <gurobi.LinExpr: C67 + C68 + C69 + C70 + C71 + C72 + C73 + C74 + C75 + C76>
M  Contraint for 39: A_39 * (<gurobi.LinExpr: REG_39_42522612:SNP.CG> - 1) == 0
M  Contraint for 2B: A_2B * (<gurobi.LinExpr: REG_2B_42522612:SNP.CG + REG_2B_42523942:SNP.GA> - 2) == 0
M  Contraint for 35A: A_35A * (<gurobi.LinExpr: REG_35A_42522612:SNP.CG + REG_35A_42523942:SNP.GA + REG_35A_42526762:SNP.CT + REG_35A_42528381:SNP.GC> - 4) == 0
M  Contraint for 35A_2: A_35A_2 * (<gurobi.LinExpr: REG_35A_2_42522612:SNP.CG + REG_35A_2_42523942:SNP.GA + REG_35A_2_42526762:SNP.CT + REG_35A_2_42528381:SNP.GC> - 4) == 0
M  Contraint for 39_2: A_39_2 * (<gurobi.LinExpr: REG_39_2_42522612:SNP.CG> - 1) == 0
M  Contraint for 34: A_34 * (<gurobi.LinExpr: REG_34_42523942:SNP.GA> - 1) == 0
M  Contraint for 2A: A_2A * (<gurobi.LinExpr: REG_2A_42522612:SNP.CG + REG_2A_42523942:SNP.GA + REG_2A_42528381:SNP.GC> - 3) == 0
M  Contraint for 7: A_7 * (<gurobi.LinExpr: REG_7_42523857:SNP.TG> - 1) == 0
M  Contraint for 2A_2: A_2A_2 * (<gurobi.LinExpr: REG_2A_2_42522612:SNP.CG + REG_2A_2_42523942:SNP.GA + REG_2A_2_42528381:SNP.GC> - 3) == 0
M  Contraint for 7_2: A_7_2 * (<gurobi.LinExpr: REG_7_2_42523857:SNP.TG> - 1) == 0
M  Contraint for 34_2: A_34_2 * (<gurobi.LinExpr: REG_34_2_42523942:SNP.GA> - 1) == 0
M  Contraint for 2B_2: A_2B_2 * (<gurobi.LinExpr: REG_2B_2_42522612:SNP.CG + REG_2B_2_42523942:SNP.GA> - 2) == 0
M  Contraint for 42522612:SNP.CG: 1 <= <gurobi.QuadExpr: 0.0 + [ 39 * REG_39_42522612:SNP.CG + 2B * REG_2B_42522612:SNP.CG + 35A * REG_35A_42522612:SNP.CG + 35A_2 * REG_35A_2_42522612:SNP.CG + 39_2 * REG_39_2_42522612:SNP.CG + 2A * REG_2A_42522612:SNP.CG + 2A_2 * REG_2A_2_42522612:SNP.CG + 2B_2 * REG_2B_2_42522612:SNP.CG ]>
M  Contraint for 42522612:SNP.CG: 1 <= <gurobi.QuadExpr: 0.0 + [ 39 * REG_39_42522612:SNP.CG + 2B * REG_2B_42522612:SNP.CG + 35A * REG_35A_42522612:SNP.CG + 35A_2 * REG_35A_2_42522612:SNP.CG + 39_2 * REG_39_2_42522612:SNP.CG + 2A * REG_2A_42522612:SNP.CG + 2A_2 * REG_2A_2_42522612:SNP.CG + 2B_2 * REG_2B_2_42522612:SNP.CG ]>
M  Contraint for 42523942:SNP.GA: 1 <= <gurobi.QuadExpr: 0.0 + [ 2B * REG_2B_42523942:SNP.GA + 35A * REG_35A_42523942:SNP.GA + 35A_2 * REG_35A_2_42523942:SNP.GA + 34 * REG_34_42523942:SNP.GA + 2A * REG_2A_42523942:SNP.GA + 2A_2 * REG_2A_2_42523942:SNP.GA + 34_2 * REG_34_2_42523942:SNP.GA + 2B_2 * REG_2B_2_42523942:SNP.GA ]>
M  Contraint for 42522612:SNP.CG: 1 <= <gurobi.QuadExpr: 0.0 + [ 39 * REG_39_42522612:SNP.CG + 2B * REG_2B_42522612:SNP.CG + 35A * REG_35A_42522612:SNP.CG + 35A_2 * REG_35A_2_42522612:SNP.CG + 39_2 * REG_39_2_42522612:SNP.CG + 2A * REG_2A_42522612:SNP.CG + 2A_2 * REG_2A_2_42522612:SNP.CG + 2B_2 * REG_2B_2_42522612:SNP.CG ]>
M  Contraint for 42523942:SNP.GA: 1 <= <gurobi.QuadExpr: 0.0 + [ 2B * REG_2B_42523942:SNP.GA + 35A * REG_35A_42523942:SNP.GA + 35A_2 * REG_35A_2_42523942:SNP.GA + 34 * REG_34_42523942:SNP.GA + 2A * REG_2A_42523942:SNP.GA + 2A_2 * REG_2A_2_42523942:SNP.GA + 34_2 * REG_34_2_42523942:SNP.GA + 2B_2 * REG_2B_2_42523942:SNP.GA ]>
M  Contraint for 42526762:SNP.CT: 1 <= <gurobi.QuadExpr: 0.0 + [ 35A * REG_35A_42526762:SNP.CT + 35A_2 * REG_35A_2_42526762:SNP.CT ]>
M  Contraint for 42528381:SNP.GC: 1 <= <gurobi.QuadExpr: 0.0 + [ 35A * REG_35A_42528381:SNP.GC + 35A_2 * REG_35A_2_42528381:SNP.GC + 2A * REG_2A_42528381:SNP.GC + 2A_2 * REG_2A_2_42528381:SNP.GC ]>
M  Contraint for 42522612:SNP.CG: 1 <= <gurobi.QuadExpr: 0.0 + [ 39 * REG_39_42522612:SNP.CG + 2B * REG_2B_42522612:SNP.CG + 35A * REG_35A_42522612:SNP.CG + 35A_2 * REG_35A_2_42522612:SNP.CG + 39_2 * REG_39_2_42522612:SNP.CG + 2A * REG_2A_42522612:SNP.CG + 2A_2 * REG_2A_2_42522612:SNP.CG + 2B_2 * REG_2B_2_42522612:SNP.CG ]>
M  Contraint for 42523942:SNP.GA: 1 <= <gurobi.QuadExpr: 0.0 + [ 2B * REG_2B_42523942:SNP.GA + 35A * REG_35A_42523942:SNP.GA + 35A_2 * REG_35A_2_42523942:SNP.GA + 34 * REG_34_42523942:SNP.GA + 2A * REG_2A_42523942:SNP.GA + 2A_2 * REG_2A_2_42523942:SNP.GA + 34_2 * REG_34_2_42523942:SNP.GA + 2B_2 * REG_2B_2_42523942:SNP.GA ]>
M  Contraint for 42526762:SNP.CT: 1 <= <gurobi.QuadExpr: 0.0 + [ 35A * REG_35A_42526762:SNP.CT + 35A_2 * REG_35A_2_42526762:SNP.CT ]>
M  Contraint for 42528381:SNP.GC: 1 <= <gurobi.QuadExpr: 0.0 + [ 35A * REG_35A_42528381:SNP.GC + 35A_2 * REG_35A_2_42528381:SNP.GC + 2A * REG_2A_42528381:SNP.GC + 2A_2 * REG_2A_2_42528381:SNP.GC ]>
M  Contraint for 42522612:SNP.CG: 1 <= <gurobi.QuadExpr: 0.0 + [ 39 * REG_39_42522612:SNP.CG + 2B * REG_2B_42522612:SNP.CG + 35A * REG_35A_42522612:SNP.CG + 35A_2 * REG_35A_2_42522612:SNP.CG + 39_2 * REG_39_2_42522612:SNP.CG + 2A * REG_2A_42522612:SNP.CG + 2A_2 * REG_2A_2_42522612:SNP.CG + 2B_2 * REG_2B_2_42522612:SNP.CG ]>
M  Contraint for 42523942:SNP.GA: 1 <= <gurobi.QuadExpr: 0.0 + [ 2B * REG_2B_42523942:SNP.GA + 35A * REG_35A_42523942:SNP.GA + 35A_2 * REG_35A_2_42523942:SNP.GA + 34 * REG_34_42523942:SNP.GA + 2A * REG_2A_42523942:SNP.GA + 2A_2 * REG_2A_2_42523942:SNP.GA + 34_2 * REG_34_2_42523942:SNP.GA + 2B_2 * REG_2B_2_42523942:SNP.GA ]>
M  Contraint for 42522612:SNP.CG: 1 <= <gurobi.QuadExpr: 0.0 + [ 39 * REG_39_42522612:SNP.CG + 2B * REG_2B_42522612:SNP.CG + 35A * REG_35A_42522612:SNP.CG + 35A_2 * REG_35A_2_42522612:SNP.CG + 39_2 * REG_39_2_42522612:SNP.CG + 2A * REG_2A_42522612:SNP.CG + 2A_2 * REG_2A_2_42522612:SNP.CG + 2B_2 * REG_2B_2_42522612:SNP.CG ]>
M  Contraint for 42523942:SNP.GA: 1 <= <gurobi.QuadExpr: 0.0 + [ 2B * REG_2B_42523942:SNP.GA + 35A * REG_35A_42523942:SNP.GA + 35A_2 * REG_35A_2_42523942:SNP.GA + 34 * REG_34_42523942:SNP.GA + 2A * REG_2A_42523942:SNP.GA + 2A_2 * REG_2A_2_42523942:SNP.GA + 34_2 * REG_34_2_42523942:SNP.GA + 2B_2 * REG_2B_2_42523942:SNP.GA ]>
M  Contraint for 42528381:SNP.GC: 1 <= <gurobi.QuadExpr: 0.0 + [ 35A * REG_35A_42528381:SNP.GC + 35A_2 * REG_35A_2_42528381:SNP.GC + 2A * REG_2A_42528381:SNP.GC + 2A_2 * REG_2A_2_42528381:SNP.GC ]>
M  Contraint for 42523857:SNP.TG: 1 <= <gurobi.QuadExpr: 0.0 + [ 7 * REG_7_42523857:SNP.TG + 7_2 * REG_7_2_42523857:SNP.TG ]>
M  Contraint for 42522612:SNP.CG: 1 <= <gurobi.QuadExpr: 0.0 + [ 39 * REG_39_42522612:SNP.CG + 2B * REG_2B_42522612:SNP.CG + 35A * REG_35A_42522612:SNP.CG + 35A_2 * REG_35A_2_42522612:SNP.CG + 39_2 * REG_39_2_42522612:SNP.CG + 2A * REG_2A_42522612:SNP.CG + 2A_2 * REG_2A_2_42522612:SNP.CG + 2B_2 * REG_2B_2_42522612:SNP.CG ]>
M  Contraint for 42523942:SNP.GA: 1 <= <gurobi.QuadExpr: 0.0 + [ 2B * REG_2B_42523942:SNP.GA + 35A * REG_35A_42523942:SNP.GA + 35A_2 * REG_35A_2_42523942:SNP.GA + 34 * REG_34_42523942:SNP.GA + 2A * REG_2A_42523942:SNP.GA + 2A_2 * REG_2A_2_42523942:SNP.GA + 34_2 * REG_34_2_42523942:SNP.GA + 2B_2 * REG_2B_2_42523942:SNP.GA ]>
M  Contraint for 42528381:SNP.GC: 1 <= <gurobi.QuadExpr: 0.0 + [ 35A * REG_35A_42528381:SNP.GC + 35A_2 * REG_35A_2_42528381:SNP.GC + 2A * REG_2A_42528381:SNP.GC + 2A_2 * REG_2A_2_42528381:SNP.GC ]>
M  Contraint for 42523857:SNP.TG: 1 <= <gurobi.QuadExpr: 0.0 + [ 7 * REG_7_42523857:SNP.TG + 7_2 * REG_7_2_42523857:SNP.TG ]>
M  Contraint for 42523942:SNP.GA: 1 <= <gurobi.QuadExpr: 0.0 + [ 2B * REG_2B_42523942:SNP.GA + 35A * REG_35A_42523942:SNP.GA + 35A_2 * REG_35A_2_42523942:SNP.GA + 34 * REG_34_42523942:SNP.GA + 2A * REG_2A_42523942:SNP.GA + 2A_2 * REG_2A_2_42523942:SNP.GA + 34_2 * REG_34_2_42523942:SNP.GA + 2B_2 * REG_2B_2_42523942:SNP.GA ]>
M  Contraint for 42522612:SNP.CG: 1 <= <gurobi.QuadExpr: 0.0 + [ 39 * REG_39_42522612:SNP.CG + 2B * REG_2B_42522612:SNP.CG + 35A * REG_35A_42522612:SNP.CG + 35A_2 * REG_35A_2_42522612:SNP.CG + 39_2 * REG_39_2_42522612:SNP.CG + 2A * REG_2A_42522612:SNP.CG + 2A_2 * REG_2A_2_42522612:SNP.CG + 2B_2 * REG_2B_2_42522612:SNP.CG ]>
M  Contraint for 42523942:SNP.GA: 1 <= <gurobi.QuadExpr: 0.0 + [ 2B * REG_2B_42523942:SNP.GA + 35A * REG_35A_42523942:SNP.GA + 35A_2 * REG_35A_2_42523942:SNP.GA + 34 * REG_34_42523942:SNP.GA + 2A * REG_2A_42523942:SNP.GA + 2A_2 * REG_2A_2_42523942:SNP.GA + 34_2 * REG_34_2_42523942:SNP.GA + 2B_2 * REG_2B_2_42523942:SNP.GA ]>
CN Solver status: optimal, opt: 91.0
  solution:
    ('35A', '7')
[32;01mCopy number best structures:[39;49;00m
[32;01m  (1) 2x*1-like[39;49;00m
== Refiner ==
Refining ('35A', '7')
M  CN constraint for 7: 1 == <gurobi.LinExpr: 7>
M  CN constraint for 35A: 1 == <gurobi.LinExpr: 35B + 35A>
M  Contraint for 42525131:SNP.CG 6.3e: 139 == <gurobi.QuadExpr: 0.0 + [ 128.0 REG_35A_42525131:SNP.CG * 35A + 128.0 REG_35B_42525131:SNP.CG * 35B + 128.0 EXT_7_42525131:SNP.CG * 7 ]> + err
M  Contraint for 42526048:SNP.GC 6.1i: 246 == <gurobi.QuadExpr: 0.0 + [ 244.0 EXT_35A_42526048:SNP.GC * 35A + 244.0 REG_35B_42526048:SNP.GC * 35B + 244.0 EXT_7_42526048:SNP.GC * 7 ]> + err
M  Contraint for 42523408:REF 6.7i: 222 == <gurobi.QuadExpr: 302.5 35A + 302.5 35B + 302.5 7 + [ -302.5 EXT_35A_42523408:SNP.TG * 35A + -302.5 REG_35B_42523408:SNP.TG * 35B + -302.5 EXT_7_42523408:SNP.TG * 7 ]> + err
M  Contraint for 42526930:REF 6.0i: 344 == <gurobi.QuadExpr: 172.0 35A + 172.0 35B + 172.0 7 + [ -172.0 EXT_35A_42526930:SNP.TC * 35A + -172.0 REG_35B_42526930:SNP.TC * 35B + -172.0 EXT_7_42526930:SNP.TC * 7 ]> + err
M  Contraint for 42528381:SNP.GC 6.0i: 4 == <gurobi.QuadExpr: 0.0 + [ 7.0 REG_35A_42528381:SNP.GC * 35A + 7.0 REG_35B_42528381:SNP.GC * 35B + 7.0 EXT_7_42528381:SNP.GC * 7 ]> + err
M  Contraint for 42527470:SNP.CT 6.0i: 355 == <gurobi.QuadExpr: 0.0 + [ 271.5 EXT_35A_42527470:SNP.CT * 35A + 271.5 REG_35B_42527470:SNP.CT * 35B + 271.5 EXT_7_42527470:SNP.CT * 7 ]> + err
M  Contraint for 42522612:SNP.CG 6.9e: 228 == <gurobi.QuadExpr: 0.0 + [ 225.0 REG_35A_42522612:SNP.CG * 35A + 225.0 REG_35B_42522612:SNP.CG * 35B + 225.0 EXT_7_42522612:SNP.CG * 7 ]> + err
M  Contraint for 42527470:REF 6.0i: 188 == <gurobi.QuadExpr: 271.5 35A + 271.5 35B + 271.5 7 + [ -271.5 EXT_35A_42527470:SNP.CT * 35A + -271.5 REG_35B_42527470:SNP.CT * 35B + -271.5 EXT_7_42527470:SNP.CT * 7 ]> + err
M  Contraint for 42523002:SNP.GA 6.7i: 296 == <gurobi.QuadExpr: 0.0 + [ 188.5 EXT_35A_42523002:SNP.GA * 35A + 188.5 REG_35B_42523002:SNP.GA * 35B + 188.5 EXT_7_42523002:SNP.GA * 7 ]> + err
M  Contraint for 42523942:REF 6.6e: 160 == <gurobi.QuadExpr: 180.5 35A + 180.5 35B + 180.5 7 + [ -180.5 REG_35A_42523942:SNP.GA * 35A + -180.5 REG_35B_42523942:SNP.GA * 35B + -180.5 EXT_7_42523942:SNP.GA * 7 ]> + err
M  Contraint for 42528027:SNP.TC 6.0i: 17 == <gurobi.QuadExpr: 0.0 + [ 10.0 EXT_35A_42528027:SNP.TC * 35A + 10.0 REG_35B_42528027:SNP.TC * 35B + 10.0 EXT_7_42528027:SNP.TC * 7 ]> + err
M  Contraint for 42528027:REF 6.0i: 3 == <gurobi.QuadExpr: 10.0 35A + 10.0 35B + 10.0 7 + [ -10.0 EXT_35A_42528027:SNP.TC * 35A + -10.0 REG_35B_42528027:SNP.TC * 35B + -10.0 EXT_7_42528027:SNP.TC * 7 ]> + err
M  Contraint for 42526762:SNP.CT 6.1e: 281 == <gurobi.QuadExpr: 0.0 + [ 274.0 REG_35A_42526762:SNP.CT * 35A + 274.0 REG_35B_42526762:SNP.CT * 35B + 274.0 EXT_7_42526762:SNP.CT * 7 ]> + err
M  Contraint for 42525951:REF 6.1i: 235 == <gurobi.QuadExpr: 262.5 35A + 262.5 35B + 262.5 7 + [ -262.5 EXT_35A_42525951:SNP.AC * 35A + -262.5 REG_35B_42525951:SNP.AC * 35B + -262.5 EXT_7_42525951:SNP.AC * 7 ]> + err
M  Contraint for 42526483:REF 6.1i: 245 == <gurobi.QuadExpr: 249.5 35A + 249.5 35B + 249.5 7 + [ -249.5 EXT_35A_42526483:SNP.CA * 35A + -249.5 REG_35B_42526483:SNP.CA * 35B + -249.5 EXT_7_42526483:SNP.CA * 7 ]> + err
M  Contraint for 42527532:SNP.GA 6.0i: 232 == <gurobi.QuadExpr: 0.0 + [ 191.0 EXT_35A_42527532:SNP.GA * 35A + 191.0 REG_35B_42527532:SNP.GA * 35B + 191.0 EXT_7_42527532:SNP.GA * 7 ]> + err
M  Contraint for 42525951:SNP.AC 6.1i: 290 == <gurobi.QuadExpr: 0.0 + [ 262.5 EXT_35A_42525951:SNP.AC * 35A + 262.5 REG_35B_42525951:SNP.AC * 35B + 262.5 EXT_7_42525951:SNP.AC * 7 ]> + err
M  Contraint for 42525131:REF 6.3e: 117 == <gurobi.QuadExpr: 128.0 35A + 128.0 35B + 128.0 7 + [ -128.0 REG_35A_42525131:SNP.CG * 35A + -128.0 REG_35B_42525131:SNP.CG * 35B + -128.0 EXT_7_42525131:SNP.CG * 7 ]> + err
M  Contraint for 42523857:SNP.TG 6.6e: 172 == <gurobi.QuadExpr: 0.0 + [ 184.0 EXT_35A_42523857:SNP.TG * 35A + 184.0 EXT_35B_42523857:SNP.TG * 35B + 184.0 REG_7_42523857:SNP.TG * 7 ]> + err
M  Contraint for 42522311:REF 6.ins: 102 == <gurobi.QuadExpr: 134.5 35A + 134.5 35B + 134.5 7 + [ -134.5 EXT_35A_42522311:SNP.CT * 35A + -134.5 REG_35B_42522311:SNP.CT * 35B + -134.5 EXT_7_42522311:SNP.CT * 7 ]> + err
M  Contraint for 42522612:REF 6.9e: 222 == <gurobi.QuadExpr: 225.0 35A + 225.0 35B + 225.0 7 + [ -225.0 REG_35A_42522612:SNP.CG * 35A + -225.0 REG_35B_42522612:SNP.CG * 35B + -225.0 EXT_7_42522612:SNP.CG * 7 ]> + err
M  Contraint for 42523208:REF 6.7i: 208 == <gurobi.QuadExpr: 207.0 35A + 207.0 35B + 207.0 7 + [ -207.0 EXT_35A_42523208:SNP.CT * 35A + -207.0 REG_35B_42523208:SNP.CT * 35B + -207.0 EXT_7_42523208:SNP.CT * 7 ]> + err
M  Contraint for 42526483:SNP.CA 6.1i: 254 == <gurobi.QuadExpr: 0.0 + [ 249.5 EXT_35A_42526483:SNP.CA * 35A + 249.5 REG_35B_42526483:SNP.CA * 35B + 249.5 EXT_7_42526483:SNP.CA * 7 ]> + err
M  Contraint for 42527532:REF 6.0i: 150 == <gurobi.QuadExpr: 191.0 35A + 191.0 35B + 191.0 7 + [ -191.0 EXT_35A_42527532:SNP.GA * 35A + -191.0 REG_35B_42527532:SNP.GA * 35B + -191.0 EXT_7_42527532:SNP.GA * 7 ]> + err
M  Contraint for 42528381:REF 6.0i: 10 == <gurobi.QuadExpr: 7.0 35A + 7.0 35B + 7.0 7 + [ -7.0 REG_35A_42528381:SNP.GC * 35A + -7.0 REG_35B_42528381:SNP.GC * 35B + -7.0 EXT_7_42528381:SNP.GC * 7 ]> + err
M  Contraint for 42523208:SNP.CT 6.7i: 206 == <gurobi.QuadExpr: 0.0 + [ 207.0 EXT_35A_42523208:SNP.CT * 35A + 207.0 REG_35B_42523208:SNP.CT * 35B + 207.0 EXT_7_42523208:SNP.CT * 7 ]> + err
M  Contraint for 42523857:REF 6.6e: 196 == <gurobi.QuadExpr: 184.0 35A + 184.0 35B + 184.0 7 + [ -184.0 EXT_35A_42523857:SNP.TG * 35A + -184.0 EXT_35B_42523857:SNP.TG * 35B + -184.0 REG_7_42523857:SNP.TG * 7 ]> + err
M  Contraint for 42523002:REF 6.7i: 81 == <gurobi.QuadExpr: 188.5 35A + 188.5 35B + 188.5 7 + [ -188.5 EXT_35A_42523002:SNP.GA * 35A + -188.5 REG_35B_42523002:SNP.GA * 35B + -188.5 EXT_7_42523002:SNP.GA * 7 ]> + err
M  Contraint for 42526930:SNP.TC 6.0i: 0 == <gurobi.QuadExpr: 0.0 + [ 172.0 EXT_35A_42526930:SNP.TC * 35A + 172.0 REG_35B_42526930:SNP.TC * 35B + 172.0 EXT_7_42526930:SNP.TC * 7 ]> + err
M  Contraint for 42523408:SNP.TG 6.7i: 383 == <gurobi.QuadExpr: 0.0 + [ 302.5 EXT_35A_42523408:SNP.TG * 35A + 302.5 REG_35B_42523408:SNP.TG * 35B + 302.5 EXT_7_42523408:SNP.TG * 7 ]> + err
M  Contraint for 42523942:SNP.GA 6.6e: 201 == <gurobi.QuadExpr: 0.0 + [ 180.5 REG_35A_42523942:SNP.GA * 35A + 180.5 REG_35B_42523942:SNP.GA * 35B + 180.5 EXT_7_42523942:SNP.GA * 7 ]> + err
M  Contraint for 42526762:REF 6.1e: 267 == <gurobi.QuadExpr: 274.0 35A + 274.0 35B + 274.0 7 + [ -274.0 REG_35A_42526762:SNP.CT * 35A + -274.0 REG_35B_42526762:SNP.CT * 35B + -274.0 EXT_7_42526762:SNP.CT * 7 ]> + err
M  Contraint for 42522311:SNP.CT 6.ins: 167 == <gurobi.QuadExpr: 0.0 + [ 134.5 EXT_35A_42522311:SNP.CT * 35A + 134.5 REG_35B_42522311:SNP.CT * 35B + 134.5 EXT_7_42522311:SNP.CT * 7 ]> + err
M  Contraint for 42526048:REF 6.1i: 242 == <gurobi.QuadExpr: 244.0 35A + 244.0 35B + 244.0 7 + [ -244.0 EXT_35A_42526048:SNP.GC * 35A + -244.0 REG_35B_42526048:SNP.GC * 35B + -244.0 EXT_7_42526048:SNP.GC * 7 ]> + err
M  Contraint for MM[missing] 35B 42525131:SNP.CG: <gurobi.Var 35B> >= <gurobi.Var REG_35B_42525131:SNP.CG>
M  Contraint for MM[missing] 35B 42523002:SNP.GA: <gurobi.Var 35B> >= <gurobi.Var REG_35B_42523002:SNP.GA>
M  Contraint for MM[missing] 35B 42523208:SNP.CT: <gurobi.Var 35B> >= <gurobi.Var REG_35B_42523208:SNP.CT>
M  Contraint for MM[missing] 35B 42527532:SNP.GA: <gurobi.Var 35B> >= <gurobi.Var REG_35B_42527532:SNP.GA>
M  Contraint for MM[missing] 35B 42526048:SNP.GC: <gurobi.Var 35B> >= <gurobi.Var REG_35B_42526048:SNP.GC>
M  Contraint for MM[missing] 35B 42525951:SNP.AC: <gurobi.Var 35B> >= <gurobi.Var REG_35B_42525951:SNP.AC>
M  Contraint for MM[missing] 35B 42523408:SNP.TG: <gurobi.Var 35B> >= <gurobi.Var REG_35B_42523408:SNP.TG>
M  Contraint for MM[missing] 35B 42528027:SNP.TC: <gurobi.Var 35B> >= <gurobi.Var REG_35B_42528027:SNP.TC>
M  Contraint for MM[missing] 35B 42526930:SNP.TC: <gurobi.Var 35B> >= <gurobi.Var REG_35B_42526930:SNP.TC>
M  Contraint for MM[missing] 35B 42526483:SNP.CA: <gurobi.Var 35B> >= <gurobi.Var REG_35B_42526483:SNP.CA>
M  Contraint for MM[missing] 35B 42523942:SNP.GA: <gurobi.Var 35B> >= <gurobi.Var REG_35B_42523942:SNP.GA>
M  Contraint for MM[missing] 35B 42528381:SNP.GC: <gurobi.Var 35B> >= <gurobi.Var REG_35B_42528381:SNP.GC>
M  Contraint for MM[missing] 35B 42527470:SNP.CT: <gurobi.Var 35B> >= <gurobi.Var REG_35B_42527470:SNP.CT>
M  Contraint for MM[missing] 35B 42522612:SNP.CG: <gurobi.Var 35B> >= <gurobi.Var REG_35B_42522612:SNP.CG>
M  Contraint for MM[missing] 35B 42522311:SNP.CT: <gurobi.Var 35B> >= <gurobi.Var REG_35B_42522311:SNP.CT>
M  Contraint for MM[missing] 35B 42526762:SNP.CT: <gurobi.Var 35B> >= <gurobi.Var REG_35B_42526762:SNP.CT>
M  Contraint for MM[missing] 35A 42523942:SNP.GA: <gurobi.Var 35A> >= <gurobi.Var REG_35A_42523942:SNP.GA>
M  Contraint for MM[missing] 35A 42528381:SNP.GC: <gurobi.Var 35A> >= <gurobi.Var REG_35A_42528381:SNP.GC>
M  Contraint for MM[missing] 35A 42525131:SNP.CG: <gurobi.Var 35A> >= <gurobi.Var REG_35A_42525131:SNP.CG>
M  Contraint for MM[missing] 35A 42522612:SNP.CG: <gurobi.Var 35A> >= <gurobi.Var REG_35A_42522612:SNP.CG>
M  Contraint for MM[missing] 35A 42526762:SNP.CT: <gurobi.Var 35A> >= <gurobi.Var REG_35A_42526762:SNP.CT>
M  Contraint for MM[missing] 7 42523857:SNP.TG: <gurobi.Var 7> >= <gurobi.Var REG_7_42523857:SNP.TG>
M  Contraint for MA[extra] 35B 42523857:SNP.TG: <gurobi.Var 35B> >= <gurobi.Var EXT_35B_42523857:SNP.TG>
M  Contraint for MA[extra] 35A 42523002:SNP.GA: <gurobi.Var 35A> >= <gurobi.Var EXT_35A_42523002:SNP.GA>
M  Contraint for MA[extra] 35A 42523208:SNP.CT: <gurobi.Var 35A> >= <gurobi.Var EXT_35A_42523208:SNP.CT>
M  Contraint for MA[extra] 35A 42527532:SNP.GA: <gurobi.Var 35A> >= <gurobi.Var EXT_35A_42527532:SNP.GA>
M  Contraint for MA[extra] 35A 42526048:SNP.GC: <gurobi.Var 35A> >= <gurobi.Var EXT_35A_42526048:SNP.GC>
M  Contraint for MA[extra] 35A 42525951:SNP.AC: <gurobi.Var 35A> >= <gurobi.Var EXT_35A_42525951:SNP.AC>
M  Contraint for MA[extra] 35A 42523857:SNP.TG: <gurobi.Var 35A> >= <gurobi.Var EXT_35A_42523857:SNP.TG>
M  Contraint for MA[extra] 35A 42528027:SNP.TC: <gurobi.Var 35A> >= <gurobi.Var EXT_35A_42528027:SNP.TC>
M  Contraint for MA[extra] 35A 42526930:SNP.TC: <gurobi.Var 35A> >= <gurobi.Var EXT_35A_42526930:SNP.TC>
M  Contraint for MA[extra] 35A 42523408:SNP.TG: <gurobi.Var 35A> >= <gurobi.Var EXT_35A_42523408:SNP.TG>
M  Contraint for MA[extra] 35A 42526483:SNP.CA: <gurobi.Var 35A> >= <gurobi.Var EXT_35A_42526483:SNP.CA>
M  Contraint for MA[extra] 35A 42527470:SNP.CT: <gurobi.Var 35A> >= <gurobi.Var EXT_35A_42527470:SNP.CT>
M  Contraint for MA[extra] 35A 42522311:SNP.CT: <gurobi.Var 35A> >= <gurobi.Var EXT_35A_42522311:SNP.CT>
M  Contraint for MA[extra] 7 42525131:SNP.CG: <gurobi.Var 7> >= <gurobi.Var EXT_7_42525131:SNP.CG>
M  Contraint for MA[extra] 7 42523002:SNP.GA: <gurobi.Var 7> >= <gurobi.Var EXT_7_42523002:SNP.GA>
M  Contraint for MA[extra] 7 42523208:SNP.CT: <gurobi.Var 7> >= <gurobi.Var EXT_7_42523208:SNP.CT>
M  Contraint for MA[extra] 7 42527532:SNP.GA: <gurobi.Var 7> >= <gurobi.Var EXT_7_42527532:SNP.GA>
M  Contraint for MA[extra] 7 42526048:SNP.GC: <gurobi.Var 7> >= <gurobi.Var EXT_7_42526048:SNP.GC>
M  Contraint for MA[extra] 7 42525951:SNP.AC: <gurobi.Var 7> >= <gurobi.Var EXT_7_42525951:SNP.AC>
M  Contraint for MA[extra] 7 42523408:SNP.TG: <gurobi.Var 7> >= <gurobi.Var EXT_7_42523408:SNP.TG>
M  Contraint for MA[extra] 7 42528027:SNP.TC: <gurobi.Var 7> >= <gurobi.Var EXT_7_42528027:SNP.TC>
M  Contraint for MA[extra] 7 42526930:SNP.TC: <gurobi.Var 7> >= <gurobi.Var EXT_7_42526930:SNP.TC>
M  Contraint for MA[extra] 7 42528381:SNP.GC: <gurobi.Var 7> >= <gurobi.Var EXT_7_42528381:SNP.GC>
M  Contraint for MA[extra] 7 42523942:SNP.GA: <gurobi.Var 7> >= <gurobi.Var EXT_7_42523942:SNP.GA>
M  Contraint for MA[extra] 7 42526483:SNP.CA: <gurobi.Var 7> >= <gurobi.Var EXT_7_42526483:SNP.CA>
M  Contraint for MA[extra] 7 42527470:SNP.CT: <gurobi.Var 7> >= <gurobi.Var EXT_7_42527470:SNP.CT>
M  Contraint for MA[extra] 7 42522612:SNP.CG: <gurobi.Var 7> >= <gurobi.Var EXT_7_42522612:SNP.CG>
M  Contraint for MA[extra] 7 42522311:SNP.CT: <gurobi.Var 7> >= <gurobi.Var EXT_7_42522311:SNP.CT>
M  Contraint for MA[extra] 7 42526762:SNP.CT: <gurobi.Var 7> >= <gurobi.Var EXT_7_42526762:SNP.CT>
M  Objective: <gurobi.LinExpr: C88 + C89 + C90 + C91 + C92 + C93 + C94 + C95 + C96 + C97 + C98 + C99 + C100 + C101 + C102 + C103 + C104 + C105 + C106 + C107 + C108 + C109 + C110 + C111 + C112 + C113 + C114 + C115 + C116 + C117 + C118 + C119 + C120 + C121 + EXT_35A_42523002:SNP.GA + EXT_35A_42523208:SNP.CT + EXT_35A_42527532:SNP.GA + EXT_35A_42526048:SNP.GC + EXT_35A_42525951:SNP.AC + EXT_35A_42523857:SNP.TG + EXT_35A_42528027:SNP.TC + EXT_35A_42526930:SNP.TC + EXT_35A_42523408:SNP.TG + EXT_35A_42526483:SNP.CA + EXT_35A_42527470:SNP.CT + EXT_35A_42522311:SNP.CT + EXT_35B_42523857:SNP.TG + EXT_7_42525131:SNP.CG + EXT_7_42523002:SNP.GA + EXT_7_42523208:SNP.CT + EXT_7_42527532:SNP.GA + EXT_7_42526048:SNP.GC + EXT_7_42525951:SNP.AC + EXT_7_42523408:SNP.TG + EXT_7_42528027:SNP.TC + EXT_7_42526930:SNP.TC + EXT_7_42528381:SNP.GC + EXT_7_42523942:SNP.GA + EXT_7_42526483:SNP.CA + EXT_7_42527470:SNP.CT + EXT_7_42522612:SNP.CG + EXT_7_42522311:SNP.CT + EXT_7_42526762:SNP.CT + W>
M  Contraint for 35A: <gurobi.LinExpr: REG_35A_42528381:SNP.GC + REG_35A_42526762:SNP.CT + REG_35A_42523942:SNP.GA + REG_35A_42522612:SNP.CG> = 4 * A_<gurobi.Var 35A>
M  Contraint for 35B: <gurobi.LinExpr: REG_35B_42528381:SNP.GC + REG_35B_42526762:SNP.CT + REG_35B_42523942:SNP.GA + REG_35B_42522612:SNP.CG> = 4 * A_<gurobi.Var 35B>
M  Contraint for 7: <gurobi.LinExpr: REG_7_42523857:SNP.TG> = 1 * A_<gurobi.Var 7>
M  Contraint for 42526930:SNP.TC: 0 >= <gurobi.LinExpr: REG_35B_42526930:SNP.TC>
M  Contraint for 42525131:SNP.CG: 1 <= <gurobi.QuadExpr: 0.0 + [ REG_35A_42525131:SNP.CG * 35A + REG_35B_42525131:SNP.CG * 35B + EXT_7_42525131:SNP.CG * 7 ]> <= 2
M  Contraint for 42527532:SNP.GA: 1 <= <gurobi.QuadExpr: 0.0 + [ REG_35B_42527532:SNP.GA * 35B + EXT_35A_42527532:SNP.GA * 35A + EXT_7_42527532:SNP.GA * 7 ]> <= 2
M  Contraint for 42526048:SNP.GC: 1 <= <gurobi.QuadExpr: 0.0 + [ REG_35B_42526048:SNP.GC * 35B + EXT_35A_42526048:SNP.GC * 35A + EXT_7_42526048:SNP.GC * 7 ]> <= 2
M  Contraint for 42525951:SNP.AC: 1 <= <gurobi.QuadExpr: 0.0 + [ REG_35B_42525951:SNP.AC * 35B + EXT_35A_42525951:SNP.AC * 35A + EXT_7_42525951:SNP.AC * 7 ]> <= 2
M  Contraint for 42523857:SNP.TG: 1 <= <gurobi.QuadExpr: 0.0 + [ REG_7_42523857:SNP.TG * 7 ]> <= 1
M  Contraint for 42523857:SNP.TG: <gurobi.QuadExpr: 0.0 + [ REG_7_42523857:SNP.TG * 7 ]> <= 1
M  Contraint for 42528381:SNP.GC: 1 <= <gurobi.QuadExpr: 0.0 + [ REG_35A_42528381:SNP.GC * 35A + REG_35B_42528381:SNP.GC * 35B ]> <= 1
M  Contraint for 42528381:SNP.GC: <gurobi.QuadExpr: 0.0 + [ REG_35A_42528381:SNP.GC * 35A + REG_35B_42528381:SNP.GC * 35B ]> <= 1
M  Contraint for 42526483:SNP.CA: 1 <= <gurobi.QuadExpr: 0.0 + [ REG_35B_42526483:SNP.CA * 35B + EXT_35A_42526483:SNP.CA * 35A + EXT_7_42526483:SNP.CA * 7 ]> <= 2
M  Contraint for 42527470:SNP.CT: 1 <= <gurobi.QuadExpr: 0.0 + [ REG_35B_42527470:SNP.CT * 35B + EXT_35A_42527470:SNP.CT * 35A + EXT_7_42527470:SNP.CT * 7 ]> <= 2
M  Contraint for 42522612:SNP.CG: 1 <= <gurobi.QuadExpr: 0.0 + [ REG_35A_42522612:SNP.CG * 35A + REG_35B_42522612:SNP.CG * 35B ]> <= 2
M  Contraint for 42522612:SNP.CG: <gurobi.QuadExpr: 0.0 + [ REG_35A_42522612:SNP.CG * 35A + REG_35B_42522612:SNP.CG * 35B ]> <= 2
M  Contraint for 42523002:SNP.GA: 1 <= <gurobi.QuadExpr: 0.0 + [ REG_35B_42523002:SNP.GA * 35B + EXT_35A_42523002:SNP.GA * 35A + EXT_7_42523002:SNP.GA * 7 ]> <= 2
M  Contraint for 42523208:SNP.CT: 1 <= <gurobi.QuadExpr: 0.0 + [ REG_35B_42523208:SNP.CT * 35B + EXT_35A_42523208:SNP.CT * 35A + EXT_7_42523208:SNP.CT * 7 ]> <= 1
M  Contraint for 42528027:SNP.TC: 1 <= <gurobi.QuadExpr: 0.0 + [ REG_35B_42528027:SNP.TC * 35B + EXT_35A_42528027:SNP.TC * 35A + EXT_7_42528027:SNP.TC * 7 ]> <= 2
M  Contraint for 42526930:SNP.TC: 0 <= <gurobi.QuadExpr: 0.0 + [ REG_35B_42526930:SNP.TC * 35B + EXT_35A_42526930:SNP.TC * 35A + EXT_7_42526930:SNP.TC * 7 ]> <= 1
M  Contraint for 42523408:SNP.TG: 1 <= <gurobi.QuadExpr: 0.0 + [ REG_35B_42523408:SNP.TG * 35B + EXT_35A_42523408:SNP.TG * 35A + EXT_7_42523408:SNP.TG * 7 ]> <= 2
M  Contraint for 42523942:SNP.GA: 1 <= <gurobi.QuadExpr: 0.0 + [ REG_35A_42523942:SNP.GA * 35A + REG_35B_42523942:SNP.GA * 35B ]> <= 2
M  Contraint for 42523942:SNP.GA: <gurobi.QuadExpr: 0.0 + [ REG_35A_42523942:SNP.GA * 35A + REG_35B_42523942:SNP.GA * 35B ]> <= 2
M  Contraint for 42522311:SNP.CT: 1 <= <gurobi.QuadExpr: 0.0 + [ REG_35B_42522311:SNP.CT * 35B + EXT_35A_42522311:SNP.CT * 35A + EXT_7_42522311:SNP.CT * 7 ]> <= 2
M  Contraint for 42526762:SNP.CT: 1 <= <gurobi.QuadExpr: 0.0 + [ REG_35A_42526762:SNP.CT * 35A + REG_35B_42526762:SNP.CT * 35B ]> <= 2
M  Contraint for 42526762:SNP.CT: <gurobi.QuadExpr: 0.0 + [ REG_35A_42526762:SNP.CT * 35A + REG_35B_42526762:SNP.CT * 35B ]> <= 2
CN Solver status: optimal, opt: 830.0
  35B: 1
    6.3e 42525131:SNP.CG  139 ( 54 cp. 1) 
    6.7i 42523002:SNP.GA  296 ( 79 cp. 2) 
    6.7i 42523208:SNP.CT  206 ( 50 cp. 1) 
    6.0i 42527532:SNP.GA  232 ( 61 cp. 1) 
    6.1i 42526048:SNP.GC  246 ( 50 cp. 1) 
    6.1i 42525951:SNP.AC  290 ( 55 cp. 1) 
    6.7i 42523408:SNP.TG  383 ( 63 cp. 1) 
    6.0i 42528027:SNP.TC   17 ( 85 cp. 2) 
    6.1i 42526483:SNP.CA  254 ( 51 cp. 1) 
    6.6e 42523942:SNP.GA  201 ( 56 cp. 1) F
    6.0i 42528381:SNP.GC    4 ( 29 cp. 1) F
    6.0i 42527470:SNP.CT  355 ( 65 cp. 1) 
    6.9e 42522612:SNP.CG  228 ( 51 cp. 1) F
    6.ins 42522311:SNP.CT  167 ( 62 cp. 1) 
    6.1e 42526762:SNP.CT  281 ( 51 cp. 1) F
  7: 1
    6.6e 42523857:SNP.TG  172 ( 47 cp. 1) F
Missing:
  35B: 1
    6.0i 42526930:SNP.TC    0 (  0)   rs267608272  -138:A>G
  7: 1
Extra:
  35B: 1
  7: 1
    6.7i 42523002:SNP.GA  296 ( 79)   rs4987144    3790:C>T
    6.0i 42528027:SNP.TC   17 ( 85)   rs28735595   -1235:A>G
Time needed: (30.7)
Result is: [('7', '35B')]
