SAM file: bams/PGXT159.bam
File bams/PGXT159.bam has index
Coverage is 88.2399096116
== Allele Filter ==
 6.0i   96520233: DEL.A                     2 ( 40%) ~     0 (  0)
 6.0i   96520477: SNP.CT                   53 ( 54%) ~     0 (  0)
 6.0i   96520980: SNP.CN                    2 (  7%) ~     0 (  0)
 6.0i   96521044: SNP.CT                   25 ( 53%) ~     0 (  0)
 6.0i   96521556: SNP.AG                  118 ( 49%) ~     0 (  0)
 6.0i   96521656: SNP.CT     -806:C>T     116 ( 51%) ~     0 (  0)
 6.1e   96522560: SNP.CT     99:C>T       184 ( 54%) ~     0 (  0)
 6.1i   96526063: SNP.AT                    2 (100%) ~     0 (  0)
 6.1i   96526064: SNP.GA                    2 (100%) ~     0 (  0)
 6.1i   96526065: SNP.GT                    2 (100%) ~     0 (  0)
 6.1i   96533049: SNP.AT                    2 (100%) ~     0 (  0)
 6.1i   96534583: SNP.GA     12122:G>A     18 (100%) ~     0 (  0)
 6.3e   96535172: SNP.TC     12711:T>C    303 ( 46%) ~     0 (  0)
 6.3i   96535970: SNP.GA                    3 (  6%) ~     0 (  0)
 6.3i   96536013: SNP.AG                    2 (  7%) ~     0 (  0)
 6.3i   96536014: SNP.TA                    2 (  7%) ~     0 (  0)
 6.3i   96536016: SNP.TC                    2 (  7%) ~     0 (  0)
 6.3i   96536090: SNP.CA                   51 ( 44%) ~     0 (  0)
 6.5i   96554287: SNP.AT                    2 (100%) ~     0 (  0)
 6.5i   96556094: SNP.TG                    2 (100%) ~     0 (  0)
 6.5i   96576815: SNP.AC                    2 (100%) ~     2 (100)
 6.6i   96597750: SNP.AC                    2 (100%) ~     0 (  0)
 6.7e   96602622: SNP.AG     80161:A>G    611 (100%) ~     0 (  0)
 6.7i   96604461: SNP.CT                    2 (100%) ~     0 (  0)
 6.8i   96611833: SNP.GA                    5 (100%) ~     0 (  0)
 6.8i   96612039: SNP.GA                    4 (100%) ~     0 (  0)
 6.8i   96612147: SNP.TC                    5 (100%) ~     0 (  0)
 6.8i   96612277: SNP.TC                   21 ( 48%) ~     0 (  0)
 6.8i   96612370: SNP.CT                   94 ( 57%) ~     0 (  0)
Removing 10    6.5e 96541614:SNP.CT
Removing 11    6.3e 96535263:SNP.GA
Removing 12    6.9e 96612670:SNP.AC
Removing 13    6.8e 96609751:SNP.CT
Removing 14    6.1e 96522511:SNP.TC
Removing 15    6.1e 96522516:SNP.AC
Removing 16    6.9e 96612521:SNP.CT
Removing 18    6.7e 96602617:SNP.GA
Removing 19    6.1e 96522612:SNP.AG
Removing 2H    6.5e 96541615:SNP.GA,  6.7e 96602621:SNP.CT,  6.8e 96609709:SNP.CG,  6.2i 96535123:SNP.AG
Removing 2D    6.2i 96535123:SNP.AG,  6.5e 96541615:SNP.GA,  6.7e 96602621:SNP.CT,  6.8e 96609736:SNP.GA
Removing 2E    6.5e 96541615:SNP.GA,  6.5e 96541747:SNP.GA,  6.7e 96602621:SNP.CT,  6.2i 96535123:SNP.AG
Removing 2F    6.5e 96541615:SNP.GA,  6.7e 96602621:SNP.CT,  6.7e 96602652:SNP.GA,  6.2i 96535123:SNP.AG
Removing 2G    6.5e 96541615:SNP.GA,  6.7e 96602621:SNP.CT,  6.7e 96602710:SNP.AT,  6.2i 96535123:SNP.AG
Removing 2A    6.5e 96541615:SNP.GA,  6.7e 96602621:SNP.CT,  6.2i 96535123:SNP.AG
Removing 2B    6.2e 96534921:SNP.GC,  6.5e 96541615:SNP.GA,  6.7e 96602621:SNP.CT,  6.2i 96535123:SNP.AG
Removing 2C    6.2i 96535123:SNP.AG,  6.3e 96535295:SNP.GC,  6.5e 96541615:SNP.GA,  6.7e 96602621:SNP.CT
Removing 2J    6.5e 96541615:SNP.GA,  6.7e 96602621:SNP.CT,  6.8e 96609784:SNP.AC,  6.2i 96535123:SNP.AG
Removing 22    6.4e 96540330:SNP.GC
Removing 23    6.2e 96534916:SNP.GC
Removing 24    6.7e 96602635:SNP.GA
Removing 25    6.9e 96612541:SNP.CG
Removing 26    6.5e 96541700:SNP.GA
Removing 27    6.0i 96521421:SNP.GA
Removing 28    6.1e 96522516:SNP.AC,  6.7e 96602751:SNP.GA
Removing 29    6.1e 96522544:SNP.AT
Removing 3C    6.3e 96535221:SNP.TA,  6.4e 96540409:SNP.GA
Removing 3B    6.4e 96540409:SNP.GA,  6.7e 96602709:SNP.GA
Removing 3A    6.4e 96540409:SNP.GA
Removing 30    6.2e 96534862:SNP.CT
Removing 31    6.2e 96534877:SNP.CT
Removing 32    6.2e 96534941:SNP.AG
Removing 33    6.4e 96540335:SNP.GA
Removing 34    6.1e 96522468:SNP.CT,  6.1e 96522471:SNP.TC
Removing 35    6.2i 96535123:SNP.AG
Removing 4B    6.1e 96522462:SNP.AG
Removing 4A    6.1e 96522462:SNP.AG
Removing 5A    6.9e 96612494:SNP.CT
Removing 5B    6.9e 96612494:SNP.CT
Removing 6     6.3e 96535209:SNP.GA
Removing 7     6.5i 96541755:SNP.TA
Removing 9     6.3e 96535245:SNP.GA
Initial status
  CYP2D6.1C
    6.7e           96602622:SNP.AG  611 (100) F 80161:A>G
  CYP2D6.1B
    6.1e           96522560:SNP.CT  184 ( 54)   99:C>T
    6.7e           96602622:SNP.AG  611 (100) F 80161:A>G
  CYP2D6.1
  CYP2D6.17
    6.0i           96519060:SNP.CT    0 (  0)   -3402:C>T
    6.0i           96521656:SNP.CT  116 ( 51) F -806:C>T
    6.1e           96522560:SNP.CT  184 ( 54)   99:C>T
    6.7e           96602622:SNP.AG  611 (100) F 80161:A>G
  CYP2D6.8
    6.3e           96535172:SNP.TC  303 ( 46) F 12711:T>C
  CYP2D6.8X
    6.3e           96535172:SNP.TC  303 ( 46) F 12711:T>C
    6.7e           96602622:SNP.AG  611 (100) F 80161:A>G
== Copy Number Estimator ==
CNV factor: 3.64131551901 (0.274626023144)
Coverage per region
  region:  2D6  2D7
  0i   :  2.90
  1e   :  3.05
  1i   :  3.00
  2e   :  2.48
  2i   :  2.41
  3e   :  2.24
  3i   :  2.54
  4e   :  2.96
  4i   :  3.72
  5e   :  2.99
  5i   :  2.83
  6e   :  2.22
  6i   :  2.79
  7e   :  2.08
  7i   :  2.79
  8e   :  2.90
  8i   :  2.87
  9e   :  2.94
Max. CN = 4
M  Sentinel contraint for 1: A_1^ <= A_1
M  Contraint for 7e: 2.08234701667 == E_7e + <gurobi.LinExpr: A1 + A1^>
M  Contraint for 6e: 2.22242769276 == E_6e + <gurobi.LinExpr: A1 + A1^>
M  Contraint for 9e: 2.93718531317 == E_9e + <gurobi.LinExpr: A1 + A1^>
M  Contraint for 8e: 2.90411943018 == E_8e + <gurobi.LinExpr: A1 + A1^>
M  Contraint for 2e: 2.48391007869 == E_2e + <gurobi.LinExpr: A1 + A1^>
M  Contraint for 1e: 3.04884097497 == E_1e + <gurobi.LinExpr: A1 + A1^>
M  Contraint for 5e: 2.98779355337 == E_5e + <gurobi.LinExpr: A1 + A1^>
M  Contraint for 4e: 2.95783398515 == E_4e + <gurobi.LinExpr: A1 + A1^>
M  Contraint for 3e: 2.24413113125 == E_3e + <gurobi.LinExpr: A1 + A1^>
M  Objective: <gurobi.LinExpr: C11 + C12 + C13 + C14 + C15 + C16 + C17 + C18 + C19 + 0.5 A1 + 0.5 A1^>
CN Solver status: optimal, opt: 6.86858917621
  Solutions:
    ('1', '1^')
== Initial Solver ==
Solving Counter({'1': 2})
Possible candidates:
  CYP2D6.1
  CYP2D6.1B
    6.7e 96602622:SNP.AG  611 (100) F 80161:A>G
  CYP2D6.17
    6.0i 96521656:SNP.CT  116 ( 51) F -806:C>T
    6.7e 96602622:SNP.AG  611 (100) F 80161:A>G
  CYP2D6.8
    6.3e 96535172:SNP.TC  303 ( 46) F 12711:T>C
  CYP2D6.8X
    6.3e 96535172:SNP.TC  303 ( 46) F 12711:T>C
    6.7e 96602622:SNP.AG  611 (100) F 80161:A>G
M  Max. CN for 1 = 2
M  Max. CN for 8 = 2
M  Max. CN for 8X = 2
M  Max. CN for 1B = 2
M  Max. CN for 17 = 2
M  Contraint for 96535172:REF 6.3e: 351 == <gurobi.QuadExpr: 327.0 17 + 327.0 1B_2 + 327.0 17_2 + 327.0 1 + 327.0 8X + 327.0 1B + 327.0 8_2 + 327.0 1_2 + 327.0 8 + 327.0 8X_2 + [ -327.0 REG_8X_96535172:SNP.TC * 8X + -327.0 REG_8_2_96535172:SNP.TC * 8_2 + -327.0 REG_8_96535172:SNP.TC * 8 + -327.0 REG_8X_2_96535172:SNP.TC * 8X_2 ]> + err
M  Contraint for 96521656:REF 6.0i: 110 == <gurobi.QuadExpr: 113.0 17 + 113.0 1B_2 + 113.0 17_2 + 113.0 1 + 113.0 8X + 113.0 1B + 113.0 8_2 + 113.0 1_2 + 113.0 8 + 113.0 8X_2 + [ -113.0 REG_17_96521656:SNP.CT * 17 + -113.0 REG_17_2_96521656:SNP.CT * 17_2 ]> + err
M  Contraint for 96602622:SNP.AG 6.7e: 611 == <gurobi.QuadExpr: 0.0 + [ 305.5 REG_17_96602622:SNP.AG * 17 + 305.5 REG_1B_2_96602622:SNP.AG * 1B_2 + 305.5 REG_17_2_96602622:SNP.AG * 17_2 + 305.5 REG_8X_96602622:SNP.AG * 8X + 305.5 REG_1B_96602622:SNP.AG * 1B + 305.5 REG_8X_2_96602622:SNP.AG * 8X_2 ]> + err
M  Contraint for 96535172:SNP.TC 6.3e: 303 == <gurobi.QuadExpr: 0.0 + [ 327.0 REG_8X_96535172:SNP.TC * 8X + 327.0 REG_8_2_96535172:SNP.TC * 8_2 + 327.0 REG_8_96535172:SNP.TC * 8 + 327.0 REG_8X_2_96535172:SNP.TC * 8X_2 ]> + err
M  Contraint for 96602622:REF 6.7e: 0 == <gurobi.QuadExpr: 305.5 17 + 305.5 1B_2 + 305.5 17_2 + 305.5 1 + 305.5 8X + 305.5 1B + 305.5 8_2 + 305.5 1_2 + 305.5 8 + 305.5 8X_2 + [ -305.5 REG_17_96602622:SNP.AG * 17 + -305.5 REG_1B_2_96602622:SNP.AG * 1B_2 + -305.5 REG_17_2_96602622:SNP.AG * 17_2 + -305.5 REG_8X_96602622:SNP.AG * 8X + -305.5 REG_1B_96602622:SNP.AG * 1B + -305.5 REG_8X_2_96602622:SNP.AG * 8X_2 ]> + err
M  Contraint for 96521656:SNP.CT 6.0i: 116 == <gurobi.QuadExpr: 0.0 + [ 113.0 REG_17_96521656:SNP.CT * 17 + 113.0 REG_17_2_96521656:SNP.CT * 17_2 ]> + err
M  Contraint for 17 96602622:SNP.AG: <gurobi.Var 17> >= <gurobi.Var REG_17_96602622:SNP.AG>
M  Contraint for 17 96521656:SNP.CT: <gurobi.Var 17> >= <gurobi.Var REG_17_96521656:SNP.CT>
M  Contraint for 8X 96602622:SNP.AG: <gurobi.Var 8X> >= <gurobi.Var REG_8X_96602622:SNP.AG>
M  Contraint for 8X 96535172:SNP.TC: <gurobi.Var 8X> >= <gurobi.Var REG_8X_96535172:SNP.TC>
M  Contraint for 17_2 96602622:SNP.AG: <gurobi.Var 17_2> >= <gurobi.Var REG_17_2_96602622:SNP.AG>
M  Contraint for 17_2 96521656:SNP.CT: <gurobi.Var 17_2> >= <gurobi.Var REG_17_2_96521656:SNP.CT>
M  Contraint for 1B_2 96602622:SNP.AG: <gurobi.Var 1B_2> >= <gurobi.Var REG_1B_2_96602622:SNP.AG>
M  Contraint for 1B 96602622:SNP.AG: <gurobi.Var 1B> >= <gurobi.Var REG_1B_96602622:SNP.AG>
M  Contraint for 8_2 96535172:SNP.TC: <gurobi.Var 8_2> >= <gurobi.Var REG_8_2_96535172:SNP.TC>
M  Contraint for 8 96535172:SNP.TC: <gurobi.Var 8> >= <gurobi.Var REG_8_96535172:SNP.TC>
M  Contraint for 8X_2 96602622:SNP.AG: <gurobi.Var 8X_2> >= <gurobi.Var REG_8X_2_96602622:SNP.AG>
M  Contraint for 8X_2 96535172:SNP.TC: <gurobi.Var 8X_2> >= <gurobi.Var REG_8X_2_96535172:SNP.TC>
M  CN contraint for 1: 2 == <gurobi.LinExpr: 17 + 8X + 17_2 + 1 + 1B_2 + 1B + 8_2 + 1_2 + 8 + 8X_2>
M  Sentinel contraint for 17: A_17_2 <= A_17
M  Sentinel contraint for 1: A_1_2 <= A_1
M  Sentinel contraint for 8X: A_8X_2 <= A_8X
M  Sentinel contraint for 1B: A_1B_2 <= A_1B
M  Sentinel contraint for 8: A_8_2 <= A_8
M  Objective: <gurobi.LinExpr: C37 + C38 + C39 + C40 + C41 + C42>
M  Contraint for 17: A_17 * (<gurobi.LinExpr: REG_17_96521656:SNP.CT + REG_17_96602622:SNP.AG> - 2) == 0
M  Contraint for 1B_2: A_1B_2 * (<gurobi.LinExpr: REG_1B_2_96602622:SNP.AG> - 1) == 0
M  Contraint for 17_2: A_17_2 * (<gurobi.LinExpr: REG_17_2_96521656:SNP.CT + REG_17_2_96602622:SNP.AG> - 2) == 0
M  Contraint for 8X: A_8X * (<gurobi.LinExpr: REG_8X_96535172:SNP.TC + REG_8X_96602622:SNP.AG> - 2) == 0
M  Contraint for 1B: A_1B * (<gurobi.LinExpr: REG_1B_96602622:SNP.AG> - 1) == 0
M  Contraint for 8_2: A_8_2 * (<gurobi.LinExpr: REG_8_2_96535172:SNP.TC> - 1) == 0
M  Contraint for 8: A_8 * (<gurobi.LinExpr: REG_8_96535172:SNP.TC> - 1) == 0
M  Contraint for 8X_2: A_8X_2 * (<gurobi.LinExpr: REG_8X_2_96535172:SNP.TC + REG_8X_2_96602622:SNP.AG> - 2) == 0
M  Contraint for 96521656:SNP.CT: 1 <= <gurobi.QuadExpr: 0.0 + [ 17 * REG_17_96521656:SNP.CT + 17_2 * REG_17_2_96521656:SNP.CT ]>
M  Contraint for 96602622:SNP.AG: 1 <= <gurobi.QuadExpr: 0.0 + [ 17 * REG_17_96602622:SNP.AG + 1B_2 * REG_1B_2_96602622:SNP.AG + 17_2 * REG_17_2_96602622:SNP.AG + 8X * REG_8X_96602622:SNP.AG + 1B * REG_1B_96602622:SNP.AG + 8X_2 * REG_8X_2_96602622:SNP.AG ]>
M  Contraint for 96602622:SNP.AG: 1 <= <gurobi.QuadExpr: 0.0 + [ 17 * REG_17_96602622:SNP.AG + 1B_2 * REG_1B_2_96602622:SNP.AG + 17_2 * REG_17_2_96602622:SNP.AG + 8X * REG_8X_96602622:SNP.AG + 1B * REG_1B_96602622:SNP.AG + 8X_2 * REG_8X_2_96602622:SNP.AG ]>
M  Contraint for 96521656:SNP.CT: 1 <= <gurobi.QuadExpr: 0.0 + [ 17 * REG_17_96521656:SNP.CT + 17_2 * REG_17_2_96521656:SNP.CT ]>
M  Contraint for 96602622:SNP.AG: 1 <= <gurobi.QuadExpr: 0.0 + [ 17 * REG_17_96602622:SNP.AG + 1B_2 * REG_1B_2_96602622:SNP.AG + 17_2 * REG_17_2_96602622:SNP.AG + 8X * REG_8X_96602622:SNP.AG + 1B * REG_1B_96602622:SNP.AG + 8X_2 * REG_8X_2_96602622:SNP.AG ]>
M  Contraint for 96535172:SNP.TC: 1 <= <gurobi.QuadExpr: 0.0 + [ 8X * REG_8X_96535172:SNP.TC + 8_2 * REG_8_2_96535172:SNP.TC + 8 * REG_8_96535172:SNP.TC + 8X_2 * REG_8X_2_96535172:SNP.TC ]>
M  Contraint for 96602622:SNP.AG: 1 <= <gurobi.QuadExpr: 0.0 + [ 17 * REG_17_96602622:SNP.AG + 1B_2 * REG_1B_2_96602622:SNP.AG + 17_2 * REG_17_2_96602622:SNP.AG + 8X * REG_8X_96602622:SNP.AG + 1B * REG_1B_96602622:SNP.AG + 8X_2 * REG_8X_2_96602622:SNP.AG ]>
M  Contraint for 96602622:SNP.AG: 1 <= <gurobi.QuadExpr: 0.0 + [ 17 * REG_17_96602622:SNP.AG + 1B_2 * REG_1B_2_96602622:SNP.AG + 17_2 * REG_17_2_96602622:SNP.AG + 8X * REG_8X_96602622:SNP.AG + 1B * REG_1B_96602622:SNP.AG + 8X_2 * REG_8X_2_96602622:SNP.AG ]>
M  Contraint for 96535172:SNP.TC: 1 <= <gurobi.QuadExpr: 0.0 + [ 8X * REG_8X_96535172:SNP.TC + 8_2 * REG_8_2_96535172:SNP.TC + 8 * REG_8_96535172:SNP.TC + 8X_2 * REG_8X_2_96535172:SNP.TC ]>
M  Contraint for 96535172:SNP.TC: 1 <= <gurobi.QuadExpr: 0.0 + [ 8X * REG_8X_96535172:SNP.TC + 8_2 * REG_8_2_96535172:SNP.TC + 8 * REG_8_96535172:SNP.TC + 8X_2 * REG_8X_2_96535172:SNP.TC ]>
M  Contraint for 96535172:SNP.TC: 1 <= <gurobi.QuadExpr: 0.0 + [ 8X * REG_8X_96535172:SNP.TC + 8_2 * REG_8_2_96535172:SNP.TC + 8 * REG_8_96535172:SNP.TC + 8X_2 * REG_8X_2_96535172:SNP.TC ]>
M  Contraint for 96602622:SNP.AG: 1 <= <gurobi.QuadExpr: 0.0 + [ 17 * REG_17_96602622:SNP.AG + 1B_2 * REG_1B_2_96602622:SNP.AG + 17_2 * REG_17_2_96602622:SNP.AG + 8X * REG_8X_96602622:SNP.AG + 1B * REG_1B_96602622:SNP.AG + 8X_2 * REG_8X_2_96602622:SNP.AG ]>
CN Solver status: optimal, opt: 54.0
  solution:
    ('17', '8X')
[32;01mCopy number best structures:[39;49;00m
[32;01m  (1) 2x*1-like[39;49;00m
== Refiner ==
Refining ('17', '8X')
M  CN constraint for 8X: 1 == <gurobi.LinExpr: 8X>
M  CN constraint for 17: 1 == <gurobi.LinExpr: 17>
M  Contraint for 96535172:REF 6.3e: 351 == <gurobi.QuadExpr: 327.0 8X + 327.0 17 + [ -327.0 REG_8X_96535172:SNP.TC * 8X + -327.0 EXT_17_96535172:SNP.TC * 17 ]> + err
M  Contraint for 96521656:REF 6.0i: 110 == <gurobi.QuadExpr: 113.0 8X + 113.0 17 + [ -113.0 EXT_8X_96521656:SNP.CT * 8X + -113.0 REG_17_96521656:SNP.CT * 17 ]> + err
M  Contraint for 96519060:SNP.CT 6.0i: 0 == <gurobi.QuadExpr: 0.0 + [ 0.0 EXT_8X_96519060:SNP.CT * 8X + 0.0 REG_17_96519060:SNP.CT * 17 ]> + err
M  Contraint for 96602622:SNP.AG 6.7e: 611 == <gurobi.QuadExpr: 0.0 + [ 305.5 REG_8X_96602622:SNP.AG * 8X + 305.5 REG_17_96602622:SNP.AG * 17 ]> + err
M  Contraint for 96535172:SNP.TC 6.3e: 303 == <gurobi.QuadExpr: 0.0 + [ 327.0 REG_8X_96535172:SNP.TC * 8X + 327.0 EXT_17_96535172:SNP.TC * 17 ]> + err
M  Contraint for 96602622:REF 6.7e: 0 == <gurobi.QuadExpr: 305.5 8X + 305.5 17 + [ -305.5 REG_8X_96602622:SNP.AG * 8X + -305.5 REG_17_96602622:SNP.AG * 17 ]> + err
M  Contraint for 96519060:REF 6.0i: 0 == <gurobi.QuadExpr: 0.0 + [ -0.0 EXT_8X_96519060:SNP.CT * 8X + -0.0 REG_17_96519060:SNP.CT * 17 ]> + err
M  Contraint for 96521656:SNP.CT 6.0i: 116 == <gurobi.QuadExpr: 0.0 + [ 113.0 EXT_8X_96521656:SNP.CT * 8X + 113.0 REG_17_96521656:SNP.CT * 17 ]> + err
M  Contraint for 96522560:SNP.CT 6.1e: 184 == <gurobi.QuadExpr: 0.0 + [ 170.0 EXT_8X_96522560:SNP.CT * 8X + 170.0 REG_17_96522560:SNP.CT * 17 ]> + err
M  Contraint for 96522560:REF 6.1e: 156 == <gurobi.QuadExpr: 170.0 8X + 170.0 17 + [ -170.0 EXT_8X_96522560:SNP.CT * 8X + -170.0 REG_17_96522560:SNP.CT * 17 ]> + err
M  Contraint for MM[missing] 8X 96602622:SNP.AG: <gurobi.Var 8X> >= <gurobi.Var REG_8X_96602622:SNP.AG>
M  Contraint for MM[missing] 8X 96535172:SNP.TC: <gurobi.Var 8X> >= <gurobi.Var REG_8X_96535172:SNP.TC>
M  Contraint for MM[missing] 17 96519060:SNP.CT: <gurobi.Var 17> >= <gurobi.Var REG_17_96519060:SNP.CT>
M  Contraint for MM[missing] 17 96602622:SNP.AG: <gurobi.Var 17> >= <gurobi.Var REG_17_96602622:SNP.AG>
M  Contraint for MM[missing] 17 96521656:SNP.CT: <gurobi.Var 17> >= <gurobi.Var REG_17_96521656:SNP.CT>
M  Contraint for MM[missing] 17 96522560:SNP.CT: <gurobi.Var 17> >= <gurobi.Var REG_17_96522560:SNP.CT>
M  Contraint for MA[extra] 8X 96519060:SNP.CT: <gurobi.Var 8X> >= <gurobi.Var EXT_8X_96519060:SNP.CT>
M  Contraint for MA[extra] 8X 96521656:SNP.CT: <gurobi.Var 8X> >= <gurobi.Var EXT_8X_96521656:SNP.CT>
M  Contraint for MA[extra] 8X 96522560:SNP.CT: <gurobi.Var 8X> >= <gurobi.Var EXT_8X_96522560:SNP.CT>
M  Contraint for MA[extra] 17 96535172:SNP.TC: <gurobi.Var 17> >= <gurobi.Var EXT_17_96535172:SNP.TC>
M  Objective: <gurobi.LinExpr: C22 + C23 + C24 + C25 + C26 + C27 + C28 + C29 + C30 + C31 + EXT_8X_96519060:SNP.CT + EXT_8X_96521656:SNP.CT + EXT_8X_96522560:SNP.CT + EXT_17_96535172:SNP.TC + W>
M  Contraint for 8X: <gurobi.LinExpr: REG_8X_96535172:SNP.TC + REG_8X_96602622:SNP.AG> = 2 * A_<gurobi.Var 8X>
M  Contraint for 17: <gurobi.LinExpr: REG_17_96521656:SNP.CT + REG_17_96602622:SNP.AG> = 2 * A_<gurobi.Var 17>
M  Contraint for 96519060:SNP.CT: 0 >= <gurobi.LinExpr: REG_17_96519060:SNP.CT>
M  Contraint for 96521656:SNP.CT: 1 <= <gurobi.QuadExpr: 0.0 + [ REG_17_96521656:SNP.CT * 17 ]> <= 2
M  Contraint for 96521656:SNP.CT: <gurobi.QuadExpr: 0.0 + [ REG_17_96521656:SNP.CT * 17 ]> <= 2
M  Contraint for 96519060:SNP.CT: 0 <= <gurobi.QuadExpr: 0.0 + [ REG_17_96519060:SNP.CT * 17 + EXT_8X_96519060:SNP.CT * 8X ]> <= 1
M  Contraint for 96602622:SNP.AG: 2 <= <gurobi.QuadExpr: 0.0 + [ REG_8X_96602622:SNP.AG * 8X + REG_17_96602622:SNP.AG * 17 ]> <= 3
M  Contraint for 96602622:SNP.AG: <gurobi.QuadExpr: 0.0 + [ REG_8X_96602622:SNP.AG * 8X + REG_17_96602622:SNP.AG * 17 ]> <= 3
M  Contraint for 96522560:SNP.CT: 1 <= <gurobi.QuadExpr: 0.0 + [ REG_17_96522560:SNP.CT * 17 + EXT_8X_96522560:SNP.CT * 8X ]> <= 2
M  Contraint for 96535172:SNP.TC: 1 <= <gurobi.QuadExpr: 0.0 + [ REG_8X_96535172:SNP.TC * 8X ]> <= 1
M  Contraint for 96535172:SNP.TC: <gurobi.QuadExpr: 0.0 + [ REG_8X_96535172:SNP.TC * 8X ]> <= 1
CN Solver status: optimal, opt: 84.0
  8X: 1
    6.7e 96602622:SNP.AG  611 (100 cp. 2) F
    6.3e 96535172:SNP.TC  303 ( 46 cp. 1) F
  17: 1
    6.7e 96602622:SNP.AG  611 (100 cp. 2) F
    6.0i 96521656:SNP.CT  116 ( 51 cp. 1) F
    6.1e 96522560:SNP.CT  184 ( 54 cp. 1) 
Missing:
  8X: 1
  17: 1
    6.0i 96519060:SNP.CT    0 (  0)   rs11188072   -3402:C>T
Extra:
  8X: 1
  17: 1
Time needed: (8.6)
Result is: [('8X', '17')]
