SAM file: bams/PGXT153.bam
File bams/PGXT153.bam has index
Coverage is 47.1922955241
== Allele Filter ==
 6.24e  97544257: SNP.AG                  313 ( 55%) ~     0 (  0)
 6.23i  97544759: SNP.CG                  129 ( 43%) ~     0 (  0)
 6.23i  97544770: SNP.TC                  144 ( 61%) ~     0 (  0)
 6.23i  97547651: SNP.GN                    2 ( 22%) ~     0 (  0)
 6.23i  97547830: SNP.GA                  365 (100%) ~     0 (  0)
 6.22i  97548358: SNP.CT                    2 ( 50%) ~     0 (  0)
 6.22i  97562411: SNP.AG                    2 (100%) ~     0 (  0)
 6.22i  97563242: SNP.AC                    3 (100%) ~     0 (  0)
 6.21i  97564353: SNP.GA                    2 (  9%) ~     0 (  0)
 6.21i  97564376: SNP.AN                    2 ( 18%) ~     0 (  0)
 6.21i  97575075: SNP.GC                    2 (100%) ~     0 (  0)
 6.21i  97575793: SNP.CG                    3 (100%) ~     0 (  0)
 6.21i  97600802: SNP.GA                    3 (100%) ~     0 (  0)
 6.21i  97605583: SNP.TG                    2 (100%) ~     0 (  0)
 6.21i  97615097: SNP.CT                    2 (100%) ~     0 (  0)
 6.21i  97635829: SNP.TC                    2 (100%) ~     0 (  0)
 6.21i  97653396: SNP.TG                    2 (100%) ~     0 (  0)
 6.21i  97657085: SNP.TC                    2 (100%) ~     0 (  0)
 6.21i  97658394: SNP.CT                    4 ( 31%) ~     0 (  0)
 6.20i  97682593: SNP.TA                    2 (100%) ~     0 (  0)
 6.20i  97682594: SNP.CT                    2 (100%) ~     0 (  0)
 6.20i  97682595: SNP.TC                    2 (100%) ~     0 (  0)
 6.20i  97682596: SNP.CT                    2 (100%) ~     0 (  0)
 6.20i  97682692: SNP.GN                    2 (100%) ~     0 (  0)
 6.20i  97693879: SNP.TA                    2 (100%) ~     0 (  0)
 6.19i  97701033: SNP.AG                    2 (100%) ~     0 (  0)
 6.19i  97704897: SNP.TC                    2 (100%) ~     0 (  0)
 6.19i  97714891: SNP.CT                    2 (100%) ~     0 (  0)
 6.19i  97723600: SNP.GT                    4 (100%) ~     0 (  0)
 6.19i  97723616: SNP.TG                    2 ( 50%) ~     0 (  0)
 6.19i  97723618: SNP.CA                    4 (100%) ~     0 (  0)
 6.19i  97737347: SNP.CT                    4 (100%) ~     0 (  0)
 6.19i  97742572: SNP.TG                    2 (100%) ~     0 (  0)
 6.19i  97749197: SNP.TC                    2 (100%) ~     0 (  0)
 6.19i  97749247: SNP.TC                    2 ( 50%) ~     0 (  0)
 6.19i  97754559: SNP.CT                    2 (100%) ~     0 (  0)
 6.19i  97755345: SNP.CT                    2 (100%) ~     2 (100)
 6.17i  97774231: SNP.GT                    2 (100%) ~     0 (  0)
 6.17i  97774332: SNP.CA                    2 (100%) ~     0 (  0)
 6.17i  97783405: SNP.CA                    2 (100%) ~     0 (  0)
 6.17i  97783447: SNP.CT                    2 (100%) ~     0 (  0)
 6.17i  97822768: SNP.GC                    2 (100%) ~     0 (  0)
 6.15i  97848422: SNP.AT                    2 (100%) ~     0 (  0)
 6.15i  97871355: SNP.AT                    3 (100%) ~     0 (  0)
 6.15i  97895761: SNP.TC                    2 (100%) ~     0 (  0)
 6.15i  97896488: SNP.AG                    2 (100%) ~     0 (  0)
 6.15i  97900551: SNP.AT                    2 (100%) ~     0 (  0)
 6.14i  97926838: SNP.GA                    2 (100%) ~     0 (  0)
 6.14i  97931594: SNP.CT                    2 (100%) ~     0 (  0)
 6.14i  97955718: SNP.AC                    4 (100%) ~     0 (  0)
 6.14i  97963024: SNP.GC                    2 (100%) ~     0 (  0)
 6.14i  97963034: SNP.TG                    2 (100%) ~     0 (  0)
 6.14i  97970280: SNP.AT                    2 (100%) ~     0 (  0)
 6.14i  97981199: INS.a                    28 ( 61%) ~     0 (  0)
 6.14i  97981241: SNP.TC                  154 (100%) ~     0 (  0)
 6.14i  97981242: SNP.GA                   69 ( 42%) ~     0 (  0)
 6.14e  97981394: SNP.TC     1627:T>C     458 ( 56%) ~     0 (  0)
 6.13i  97981622: INS.a                    10 ( 32%) ~     0 (  0)
 6.13i  97981705: SNP.CT                    5 (100%) ~     0 (  0)
 6.13i  97988782: SNP.AG                    2 (100%) ~     0 (  0)
 6.13i  97991218: SNP.AG                    2 (100%) ~     0 (  0)
 6.13i  97992388: SNP.GT                    2 (100%) ~     0 (  0)
 6.12i  98015405: SNP.AT                    4 ( 40%) ~     0 (  0)
 6.12i  98022731: SNP.GC                    2 (100%) ~     2 (100)
 6.11i  98040055: SNP.CG                    2 (100%) ~     0 (  0)
 6.11i  98040056: SNP.CA                    2 (100%) ~     0 (  0)
 6.11i  98040058: SNP.TC                    2 (100%) ~     0 (  0)
 6.11i  98044938: SNP.AC                    5 (100%) ~     0 (  0)
 6.11i  98048330: SNP.AT                    2 (100%) ~     0 (  0)
 6.11i  98054393: SNP.CA                    2 (100%) ~     0 (  0)
 6.9i   98067817: SNP.AT                    2 (100%) ~     0 (  0)
 6.9i   98104289: SNP.CT                    2 (100%) ~     0 (  0)
 6.9i   98144624: SNP.AT                    3 (  7%) ~     0 (  0)
 6.8i   98156774: SNP.AT                  114 ( 51%) ~     0 (  0)
 6.8e   98157331: SNP.CG                  550 (100%) ~     1 (  0)
 6.6i   98165600: SNP.GA                    2 (  6%) ~     0 (  0)
 6.6i   98165998: SNP.AC                    3 ( 10%) ~     0 (  0)
 6.6i   98166012: SNP.CT                    2 (  8%) ~     0 (  0)
 6.6e   98185526: SNP.AG                  557 (100%) ~     0 (  0)
 6.6e   98185720: DEL.CACACA               97 ( 34%) ~     0 (  0)
 6.6e   98185721: SNP.AT                   10 (  5%) ~     0 (  0)
 6.6e   98186076: SNP.TC                  439 (100%) ~     0 (  0)
 6.4i   98198205: SNP.CT                    2 (100%) ~     0 (  0)
 6.4i   98202141: SNP.GA                    2 (100%) ~     0 (  0)
 6.4i   98202160: SNP.GC                    2 (100%) ~     0 (  0)
 6.3i   98206281: SNP.TA                    2 ( 12%) ~     0 (  0)
 6.3i   98213950: SNP.TG                    2 (100%) ~     0 (  0)
 6.3i   98220373: SNP.TA                    2 (100%) ~     0 (  0)
 6.3i   98225499: SNP.CT                    3 (100%) ~     0 (  0)
 6.3i   98236755: SNP.GA                    2 (100%) ~     0 (  0)
 6.3i   98236803: SNP.CT                    2 (100%) ~     0 (  0)
 6.3i   98253737: SNP.AG                    2 (100%) ~     0 (  0)
 6.3i   98263014: DEL.T                     3 (100%) ~     0 (  0)
 6.3i   98268136: SNP.AC                    2 (100%) ~     0 (  0)
 6.3i   98280664: SNP.GA                    2 (100%) ~     0 (  0)
 6.3i   98281319: SNP.CT                    2 ( 40%) ~     0 (  0)
 6.3i   98288516: SNP.AC                    2 (100%) ~     0 (  0)
 6.3i   98288804: SNP.GA                    2 (100%) ~     0 (  0)
 6.3i   98293453: SNP.AT                    2 (  9%) ~     0 (  0)
 6.2i   98299474: SNP.CA                    2 (100%) ~     0 (  0)
 6.2i   98318734: SNP.CT                    8 (100%) ~     0 (  0)
 6.2i   98320407: SNP.CT                   46 (100%) ~     0 (  0)
 6.2i   98320491: SNP.CA                  276 (100%) ~     0 (  0)
 6.2i   98323169: SNP.CT                    2 (100%) ~     0 (  0)
 6.2i   98337044: SNP.GC                    2 (100%) ~     0 (  0)
 6.2i   98337386: SNP.TC                    2 (100%) ~     0 (  0)
 6.2i   98342066: SNP.CA                    3 (100%) ~     0 (  0)
 6.1i   98362039: SNP.TC                    2 (100%) ~     0 (  0)
 6.1i   98374509: SNP.AC                    2 (100%) ~     0 (  0)
 6.1i   98376244: SNP.CT                    2 (100%) ~     0 (  0)
 6.1i   98381436: SNP.TG                    2 (100%) ~     0 (  0)
 6.1i   98385352: SNP.CA                    2 (100%) ~     0 (  0)
 6.1i   98386391: SNP.AC                   64 (  8%) ~     0 (  0)
 6.1i   98386393: SNP.TC                   62 (  7%) ~     0 (  0)
 6.1i   98386398: SNP.AC                   87 ( 10%) ~     0 (  0)
 6.1i   98386401: SNP.AC                  153 ( 16%) ~     0 (  0)
 6.1e   98386513: SNP.AC                   82 (  6%) ~     0 (  0)
Removing 10    6.24e 97544626:SNP.CA
Removing 11    6.11e 98058898:SNP.CA
Removing 12    6.2e 98348907:SNP.CT,  6.12e 98039498:SNP.CA
Removing 13    6.14e 97981342:SNP.AC
Removing 2B    6.15i 97915613:SNP.CT
Removing 2A    6.15i 97915613:SNP.CT
Removing 3     6.15e 97915621:DEL.G
Removing 4     6.14e 97981420:SNP.CT
Removing 6     6.19e 97770919:SNP.CT
Removing 7     6.4e 98205970:DEL.ATGA
Removing 8     6.8e 98157331:SNP.CT
Removing 9B    6.2e 98348884:SNP.AG
Removing 9     6.2e 98348884:SNP.AG
Initial status
  CYP2D6.1
  CYP2D6.5
    6.14e          97981394:SNP.TC  458 ( 56) F 1627:T>C
== Copy Number Estimator ==
CNV factor: 1.64250548475 (0.608825973055)
Coverage per region
  region:  2D6  2D7
  1e   :  2.05
  1i   :  2.48
  2e   :  2.36
  2i   :  2.07
  3e   :  1.98
  3i   :  2.29
  4e   :  2.49
  4i   :  2.57
  5e   :  2.07
  5i   :  2.51
  6e   :  2.46
  6i   :  2.65
  7e   :  2.47
  7i   :  2.36
  8e   :  2.33
  8i   :  2.50
  9e   :  3.32
  9i   :  3.06
  10e  :  2.46
  10i  :  2.51
  11e  :  1.83
  11i  :  2.53
  12e  :  2.09
  12i  :  2.26
  13e  :  2.16
  13i  :  2.53
  14e  :  2.57
  14i  :  3.19
  15e  :  2.32
  15i  :  2.62
  16e  :  2.32
  16i  :  2.93
  17e  :  2.57
  17i  :  2.74
  18e  :  2.24
  18i  :  2.36
  19e  :  1.98
  19i  :  2.31
  20e  :  2.00
  20i  :  2.60
  21e  :  2.16
  21i  :  2.64
  22e  :  2.67
  22i  :  2.71
  23e  :  2.10
  23i  :  2.59
  24e  :  2.39
Max. CN = 3
M  Sentinel contraint for 1: A_1^ <= A_1
M  Contraint for 24e: 2.38833746665 == E_24e + <gurobi.LinExpr: A1 + A1^>
M  Contraint for 7e: 2.4674887005 == E_7e + <gurobi.LinExpr: A1 + A1^>
M  Contraint for 12e: 2.08712022566 == E_12e + <gurobi.LinExpr: A1 + A1^>
M  Contraint for 16e: 2.31621322942 == E_16e + <gurobi.LinExpr: A1 + A1^>
M  Contraint for 22e: 2.66620482282 == E_22e + <gurobi.LinExpr: A1 + A1^>
M  Contraint for 9e: 3.31680460323 == E_9e + <gurobi.LinExpr: A1 + A1^>
M  Contraint for 10e: 2.45847853569 == E_10e + <gurobi.LinExpr: A1 + A1^>
M  Contraint for 14e: 2.5654518274 == E_14e + <gurobi.LinExpr: A1 + A1^>
M  Contraint for 20e: 2.00237841343 == E_20e + <gurobi.LinExpr: A1 + A1^>
M  Contraint for 1e: 2.05445358788 == E_1e + <gurobi.LinExpr: A1 + A1^>
M  Contraint for 5e: 2.07344658087 == E_5e + <gurobi.LinExpr: A1 + A1^>
M  Contraint for 3e: 1.97803368788 == E_3e + <gurobi.LinExpr: A1 + A1^>
M  Contraint for 11e: 1.82965510067 == E_11e + <gurobi.LinExpr: A1 + A1^>
M  Contraint for 6e: 2.46156297711 == E_6e + <gurobi.LinExpr: A1 + A1^>
M  Contraint for 13e: 2.15574385033 == E_13e + <gurobi.LinExpr: A1 + A1^>
M  Contraint for 23e: 2.10437081072 == E_23e + <gurobi.LinExpr: A1 + A1^>
M  Contraint for 17e: 2.57332503242 == E_17e + <gurobi.LinExpr: A1 + A1^>
M  Contraint for 8e: 2.33055259729 == E_8e + <gurobi.LinExpr: A1 + A1^>
M  Contraint for 21e: 2.15921263526 == E_21e + <gurobi.LinExpr: A1 + A1^>
M  Contraint for 15e: 2.3173439597 == E_15e + <gurobi.LinExpr: A1 + A1^>
M  Contraint for 19e: 1.98431575913 == E_19e + <gurobi.LinExpr: A1 + A1^>
M  Contraint for 18e: 2.23768829711 == E_18e + <gurobi.LinExpr: A1 + A1^>
M  Contraint for 2e: 2.36352216797 == E_2e + <gurobi.LinExpr: A1 + A1^>
M  Contraint for 4e: 2.48581182483 == E_4e + <gurobi.LinExpr: A1 + A1^>
M  Objective: <gurobi.LinExpr: C26 + C27 + C28 + C29 + C30 + C31 + C32 + C33 + C34 + C35 + C36 + C37 + C38 + C39 + C40 + C41 + C42 + C43 + C44 + C45 + C46 + C47 + C48 + C49 + 0.5 A1 + 0.5 A1^>
CN Solver status: optimal, opt: 8.79350759862
  Solutions:
    ('1', '1^')
== Initial Solver ==
Solving Counter({'1': 2})
Possible candidates:
  CYP2D6.1
  CYP2D6.5
    6.14e 97981394:SNP.TC  458 ( 56) F 1627:T>C
M  Max. CN for 1 = 2
M  Max. CN for 5 = 2
M  Contraint for 97981394:SNP.TC 6.14e: 458 == <gurobi.QuadExpr: 0.0 + [ 408.0 REG_5_2_97981394:SNP.TC * 5_2 + 408.0 REG_5_97981394:SNP.TC * 5 ]> + err
M  Contraint for 97981394:REF 6.14e: 358 == <gurobi.QuadExpr: 408.0 1 + 408.0 5_2 + 408.0 5 + 408.0 1_2 + [ -408.0 REG_5_2_97981394:SNP.TC * 5_2 + -408.0 REG_5_97981394:SNP.TC * 5 ]> + err
M  Contraint for 5_2 97981394:SNP.TC: <gurobi.Var 5_2> >= <gurobi.Var REG_5_2_97981394:SNP.TC>
M  Contraint for 5 97981394:SNP.TC: <gurobi.Var 5> >= <gurobi.Var REG_5_97981394:SNP.TC>
M  CN contraint for 1: 2 == <gurobi.LinExpr: 1 + 5_2 + 5 + 1_2>
M  Sentinel contraint for 1: A_1_2 <= A_1
M  Sentinel contraint for 5: A_5_2 <= A_5
M  Objective: <gurobi.LinExpr: C9 + C10>
M  Contraint for 5_2: A_5_2 * (<gurobi.LinExpr: REG_5_2_97981394:SNP.TC> - 1) == 0
M  Contraint for 5: A_5 * (<gurobi.LinExpr: REG_5_97981394:SNP.TC> - 1) == 0
M  Contraint for 97981394:SNP.TC: 1 <= <gurobi.QuadExpr: 0.0 + [ 5_2 * REG_5_2_97981394:SNP.TC + 5 * REG_5_97981394:SNP.TC ]>
M  Contraint for 97981394:SNP.TC: 1 <= <gurobi.QuadExpr: 0.0 + [ 5_2 * REG_5_2_97981394:SNP.TC + 5 * REG_5_97981394:SNP.TC ]>
CN Solver status: optimal, opt: 100.0
  solution:
    ('1', '5')
[32;01mCopy number best structures:[39;49;00m
[32;01m  (1) 2x*1-like[39;49;00m
== Refiner ==
Refining ('1', '5')
M  CN constraint for 1: 1 == <gurobi.LinExpr: 1>
M  CN constraint for 5: 1 == <gurobi.LinExpr: 5>
M  Contraint for 97981394:SNP.TC 6.14e: 458 == <gurobi.QuadExpr: 0.0 + [ 408.0 EXT_1_97981394:SNP.TC * 1 + 408.0 REG_5_97981394:SNP.TC * 5 ]> + err
M  Contraint for 97981394:REF 6.14e: 358 == <gurobi.QuadExpr: 408.0 1 + 408.0 5 + [ -408.0 EXT_1_97981394:SNP.TC * 1 + -408.0 REG_5_97981394:SNP.TC * 5 ]> + err
M  Contraint for MM[missing] 5 97981394:SNP.TC: <gurobi.Var 5> >= <gurobi.Var REG_5_97981394:SNP.TC>
M  Contraint for MA[extra] 1 97981394:SNP.TC: <gurobi.Var 1> >= <gurobi.Var EXT_1_97981394:SNP.TC>
M  Objective: <gurobi.LinExpr: C6 + C7 + EXT_1_97981394:SNP.TC + W>
M  Contraint for 5: <gurobi.LinExpr: REG_5_97981394:SNP.TC> = 1 * A_<gurobi.Var 5>
M  Contraint for 97981394:SNP.TC: 1 <= <gurobi.QuadExpr: 0.0 + [ REG_5_97981394:SNP.TC * 5 ]> <= 2
M  Contraint for 97981394:SNP.TC: <gurobi.QuadExpr: 0.0 + [ REG_5_97981394:SNP.TC * 5 ]> <= 2
CN Solver status: optimal, opt: 100.0
  1: 1
  5: 1
    6.14e 97981394:SNP.TC  458 ( 56 cp. 1) F
Missing:
  1: 1
  5: 1
Extra:
  1: 1
  5: 1
Time needed: (28.1)
Result is: [('1', '5')]
