SAM file: bams/PGXT153.bam
File bams/PGXT153.bam has index
Coverage is 133.522344296
== Allele Filter ==
 6.0i   96519717: SNP.GT                    2 (100%) ~     0 (  0)
 6.0i   96522364: SNP.TC     -98:T>C      632 ( 54%) ~     0 (  0)
 6.1e   96522560: SNP.CT     99:C>T       606 (100%) ~     0 (  0)
 6.1i   96522644: SNP.TC                  184 ( 52%) ~     0 (  0)
 6.1i   96525535: SNP.GA                    2 (100%) ~     0 (  0)
 6.1i   96525689: SNP.TG                    2 (100%) ~     0 (  0)
 6.1i   96534583: SNP.GA     12122:G>A     25 (100%) ~     0 (  0)
 6.2i   96535123: SNP.AG     12662:A>G    505 ( 51%) ~     0 (  0)
 6.3e   96535245: SNP.GA     12784:G>A    756 ( 52%) ~    23 (  3)
 6.3i   96535833: SNP.AG                  311 ( 50%) ~     0 (  0)
 6.3i   96535999: SNP.AG                    3 (  6%) ~     0 (  0)
 6.3i   96536226: SNP.TA                  149 ( 51%) ~     0 (  0)
 6.3i   96537388: SNP.AG                    2 (100%) ~     0 (  0)
 6.4i   96541501: SNP.AG                    2 (  6%) ~     0 (  0)
 6.4i   96541502: SNP.CA                    2 (  5%) ~     0 (  0)
 6.5e   96541615: SNP.GA     19154:G>A    159 ( 51%) ~     0 (  0)
 6.5i   96541981: SNP.AG     19520:A>G      4 ( 57%) ~     0 (  0)
 6.5i   96565940: SNP.GT                    2 (100%) ~     0 (  0)
 6.5i   96580201: SNP.CG     57740:C>G    173 ( 53%) ~     0 (  0)
 6.6i   96580549: SNP.GC                    2 (  5%) ~     0 (  0)
 6.6i   96587630: SNP.TC                    2 (100%) ~     0 (  0)
 6.6i   96589460: SNP.AC                    2 (100%) ~     2 (100)
 6.6i   96590067: SNP.CT                    2 (100%) ~     0 (  0)
 6.6i   96590226: SNP.CT                    2 (100%) ~     0 (  0)
 6.6i   96599688: SNP.CA                    2 (100%) ~     0 (  0)
 6.6i   96602397: SNP.TA     79936:T>A     10 ( 50%) ~     0 (  0)
 6.7e   96602621: SNP.CT     80160:C>T    632 ( 50%) ~     0 (  0)
 6.7e   96602622: SNP.AG     80161:A>G   1263 (100%) ~     0 (  0)
 6.7i   96609063: SNP.GA                    2 (100%) ~     0 (  0)
Removing 10    6.5e 96541614:SNP.CT
Removing 11    6.3e 96535263:SNP.GA
Removing 12    6.9e 96612670:SNP.AC
Removing 13    6.8e 96609751:SNP.CT
Removing 14    6.1e 96522511:SNP.TC
Removing 15    6.1e 96522516:SNP.AC
Removing 16    6.9e 96612521:SNP.CT
Removing 17    6.0i 96521656:SNP.CT
Removing 18    6.7e 96602617:SNP.GA
Removing 19    6.1e 96522612:SNP.AG
Removing 2H    6.8e 96609709:SNP.CG
Removing 2D    6.8e 96609736:SNP.GA
Removing 2E    6.5e 96541747:SNP.GA
Removing 2F    6.7e 96602652:SNP.GA
Removing 2G    6.7e 96602710:SNP.AT
Removing 2B    6.2e 96534921:SNP.GC
Removing 2C    6.3e 96535295:SNP.GC
Removing 2J    6.8e 96609784:SNP.AC
Removing 22    6.4e 96540330:SNP.GC
Removing 23    6.2e 96534916:SNP.GC
Removing 24    6.7e 96602635:SNP.GA
Removing 25    6.9e 96612541:SNP.CG
Removing 26    6.5e 96541700:SNP.GA
Removing 27    6.0i 96521421:SNP.GA
Removing 28    6.1e 96522516:SNP.AC,  6.7e 96602751:SNP.GA
Removing 29    6.1e 96522544:SNP.AT
Removing 3C    6.3e 96535221:SNP.TA,  6.4e 96540409:SNP.GA
Removing 3B    6.4e 96540409:SNP.GA,  6.7e 96602709:SNP.GA
Removing 3A    6.4e 96540409:SNP.GA
Removing 30    6.2e 96534862:SNP.CT
Removing 31    6.2e 96534877:SNP.CT
Removing 32    6.2e 96534941:SNP.AG
Removing 33    6.4e 96540335:SNP.GA
Removing 34    6.1e 96522468:SNP.CT,  6.1e 96522471:SNP.TC
Removing 4B    6.0i 96521656:SNP.CT,  6.1e 96522462:SNP.AG
Removing 4A    6.1e 96522462:SNP.AG
Removing 5A    6.9e 96612494:SNP.CT
Removing 5B    6.9e 96612494:SNP.CT
Removing 6     6.3e 96535209:SNP.GA
Removing 7     6.5i 96541755:SNP.TA
Removing 8     6.3e 96535172:SNP.TC
Removing 8X    6.3e 96535172:SNP.TC
Initial status
  CYP2D6.1C
    6.7e           96602622:SNP.AG 1263 (100) F 80161:A>G
  CYP2D6.1B
    6.1e           96522560:SNP.CT  606 (100)   99:C>T
    6.7e           96602622:SNP.AG 1263 (100) F 80161:A>G
  CYP2D6.1
  CYP2D6.2A
    6.1e           96522560:SNP.CT  606 (100)   99:C>T
    6.2i           96535123:SNP.AG  505 ( 51) F 12662:A>G
    6.5e           96541615:SNP.GA  159 ( 51) F 19154:G>A
    6.7e           96602621:SNP.CT  632 ( 50) F 80160:C>T
    6.7e           96602622:SNP.AG 1263 (100) F 80161:A>G
  CYP2D6.35
    6.1e           96522560:SNP.CT  606 (100)   99:C>T
    6.2i           96535123:SNP.AG  505 ( 51) F 12662:A>G
    6.7e           96602622:SNP.AG 1263 (100) F 80161:A>G
  CYP2D6.9
    6.1e           96522560:SNP.CT  606 (100)   99:C>T
    6.3e           96535245:SNP.GA  756 ( 52) F 12784:G>A
    6.7e           96602622:SNP.AG 1263 (100) F 80161:A>G
== Copy Number Estimator ==
CNV factor: 1.64250548475 (0.608825973055)
Coverage per region
  region:  2D6  2D7
  0i   :  2.47
  1e   :  2.63
  1i   :  2.47
  2e   :  2.18
  2i   :  2.05
  3e   :  1.97
  3i   :  2.37
  4e   :  2.51
  4i   :  2.96
  5e   :  2.48
  5i   :  2.22
  6e   :  2.21
  6i   :  2.49
  7e   :  1.90
  7i   :  2.38
  8e   :  2.29
  8i   :  2.31
  9e   :  2.47
Max. CN = 3
M  Sentinel contraint for 1: A_1^ <= A_1
M  Contraint for 7e: 1.90426669041 == E_7e + <gurobi.LinExpr: A1 + A1^>
M  Contraint for 6e: 2.21295292827 == E_6e + <gurobi.LinExpr: A1 + A1^>
M  Contraint for 9e: 2.4660465505 == E_9e + <gurobi.LinExpr: A1 + A1^>
M  Contraint for 8e: 2.29429847296 == E_8e + <gurobi.LinExpr: A1 + A1^>
M  Contraint for 2e: 2.17869142324 == E_2e + <gurobi.LinExpr: A1 + A1^>
M  Contraint for 1e: 2.63349941766 == E_1e + <gurobi.LinExpr: A1 + A1^>
M  Contraint for 5e: 2.48408576402 == E_5e + <gurobi.LinExpr: A1 + A1^>
M  Contraint for 4e: 2.5051343463 == E_4e + <gurobi.LinExpr: A1 + A1^>
M  Contraint for 3e: 1.97016507124 == E_3e + <gurobi.LinExpr: A1 + A1^>
M  Objective: <gurobi.LinExpr: C11 + C12 + C13 + C14 + C15 + C16 + C17 + C18 + C19 + 0.5 A1 + 0.5 A1^>
CN Solver status: optimal, opt: 3.90027714128
  Solutions:
    ('1', '1^')
== Initial Solver ==
Solving Counter({'1': 2})
Possible candidates:
  CYP2D6.1
  CYP2D6.1B
    6.7e 96602622:SNP.AG 1263 (100) F 80161:A>G
  CYP2D6.2A
    6.7e 96602621:SNP.CT  632 ( 50) F 80160:C>T
    6.2i 96535123:SNP.AG  505 ( 51) F 12662:A>G
    6.5e 96541615:SNP.GA  159 ( 51) F 19154:G>A
    6.7e 96602622:SNP.AG 1263 (100) F 80161:A>G
  CYP2D6.35
    6.2i 96535123:SNP.AG  505 ( 51) F 12662:A>G
    6.7e 96602622:SNP.AG 1263 (100) F 80161:A>G
  CYP2D6.9
    6.3e 96535245:SNP.GA  756 ( 52) F 12784:G>A
    6.7e 96602622:SNP.AG 1263 (100) F 80161:A>G
M  Max. CN for 1 = 2
M  Max. CN for 9 = 2
M  Max. CN for 1B = 2
M  Max. CN for 2A = 2
M  Max. CN for 35 = 2
M  Contraint for 96541615:SNP.GA 6.5e: 159 == <gurobi.QuadExpr: 0.0 + [ 156.5 REG_2A_2_96541615:SNP.GA * 2A_2 + 156.5 REG_2A_96541615:SNP.GA * 2A ]> + err
M  Contraint for 96602621:REF 6.7e: 629 == <gurobi.QuadExpr: 630.5 35_2 + 630.5 9_2 + 630.5 35 + 630.5 1 + 630.5 2A_2 + 630.5 1B_2 + 630.5 1B + 630.5 2A + 630.5 9 + 630.5 1_2 + [ -630.5 REG_2A_2_96602621:SNP.CT * 2A_2 + -630.5 REG_2A_96602621:SNP.CT * 2A ]> + err
M  Contraint for 96535123:REF 6.2i: 490 == <gurobi.QuadExpr: 497.5 35_2 + 497.5 9_2 + 497.5 35 + 497.5 1 + 497.5 2A_2 + 497.5 1B_2 + 497.5 1B + 497.5 2A + 497.5 9 + 497.5 1_2 + [ -497.5 REG_35_2_96535123:SNP.AG * 35_2 + -497.5 REG_35_96535123:SNP.AG * 35 + -497.5 REG_2A_2_96535123:SNP.AG * 2A_2 + -497.5 REG_2A_96535123:SNP.AG * 2A ]> + err
M  Contraint for 96602622:SNP.AG 6.7e: 1263 == <gurobi.QuadExpr: 0.0 + [ 632.0 REG_35_2_96602622:SNP.AG * 35_2 + 632.0 REG_9_2_96602622:SNP.AG * 9_2 + 632.0 REG_35_96602622:SNP.AG * 35 + 632.0 REG_2A_2_96602622:SNP.AG * 2A_2 + 632.0 REG_1B_2_96602622:SNP.AG * 1B_2 + 632.0 REG_1B_96602622:SNP.AG * 1B + 632.0 REG_2A_96602622:SNP.AG * 2A + 632.0 REG_9_96602622:SNP.AG * 9 ]> + err
M  Contraint for 96535245:SNP.GA 6.3e: 756 == <gurobi.QuadExpr: 0.0 + [ 728.0 REG_9_2_96535245:SNP.GA * 9_2 + 728.0 REG_9_96535245:SNP.GA * 9 ]> + err
M  Contraint for 96541615:REF 6.5e: 154 == <gurobi.QuadExpr: 156.5 35_2 + 156.5 9_2 + 156.5 35 + 156.5 1 + 156.5 2A_2 + 156.5 1B_2 + 156.5 1B + 156.5 2A + 156.5 9 + 156.5 1_2 + [ -156.5 REG_2A_2_96541615:SNP.GA * 2A_2 + -156.5 REG_2A_96541615:SNP.GA * 2A ]> + err
M  Contraint for 96602622:REF 6.7e: 1 == <gurobi.QuadExpr: 632.0 35_2 + 632.0 9_2 + 632.0 35 + 632.0 1 + 632.0 2A_2 + 632.0 1B_2 + 632.0 1B + 632.0 2A + 632.0 9 + 632.0 1_2 + [ -632.0 REG_35_2_96602622:SNP.AG * 35_2 + -632.0 REG_9_2_96602622:SNP.AG * 9_2 + -632.0 REG_35_96602622:SNP.AG * 35 + -632.0 REG_2A_2_96602622:SNP.AG * 2A_2 + -632.0 REG_1B_2_96602622:SNP.AG * 1B_2 + -632.0 REG_1B_96602622:SNP.AG * 1B + -632.0 REG_2A_96602622:SNP.AG * 2A + -632.0 REG_9_96602622:SNP.AG * 9 ]> + err
M  Contraint for 96535245:REF 6.3e: 700 == <gurobi.QuadExpr: 728.0 35_2 + 728.0 9_2 + 728.0 35 + 728.0 1 + 728.0 2A_2 + 728.0 1B_2 + 728.0 1B + 728.0 2A + 728.0 9 + 728.0 1_2 + [ -728.0 REG_9_2_96535245:SNP.GA * 9_2 + -728.0 REG_9_96535245:SNP.GA * 9 ]> + err
M  Contraint for 96602621:SNP.CT 6.7e: 632 == <gurobi.QuadExpr: 0.0 + [ 630.5 REG_2A_2_96602621:SNP.CT * 2A_2 + 630.5 REG_2A_96602621:SNP.CT * 2A ]> + err
M  Contraint for 96535123:SNP.AG 6.2i: 505 == <gurobi.QuadExpr: 0.0 + [ 497.5 REG_35_2_96535123:SNP.AG * 35_2 + 497.5 REG_35_96535123:SNP.AG * 35 + 497.5 REG_2A_2_96535123:SNP.AG * 2A_2 + 497.5 REG_2A_96535123:SNP.AG * 2A ]> + err
M  Contraint for 35_2 96535123:SNP.AG: <gurobi.Var 35_2> >= <gurobi.Var REG_35_2_96535123:SNP.AG>
M  Contraint for 35_2 96602622:SNP.AG: <gurobi.Var 35_2> >= <gurobi.Var REG_35_2_96602622:SNP.AG>
M  Contraint for 9_2 96602622:SNP.AG: <gurobi.Var 9_2> >= <gurobi.Var REG_9_2_96602622:SNP.AG>
M  Contraint for 9_2 96535245:SNP.GA: <gurobi.Var 9_2> >= <gurobi.Var REG_9_2_96535245:SNP.GA>
M  Contraint for 35 96535123:SNP.AG: <gurobi.Var 35> >= <gurobi.Var REG_35_96535123:SNP.AG>
M  Contraint for 35 96602622:SNP.AG: <gurobi.Var 35> >= <gurobi.Var REG_35_96602622:SNP.AG>
M  Contraint for 9 96602622:SNP.AG: <gurobi.Var 9> >= <gurobi.Var REG_9_96602622:SNP.AG>
M  Contraint for 9 96535245:SNP.GA: <gurobi.Var 9> >= <gurobi.Var REG_9_96535245:SNP.GA>
M  Contraint for 1B_2 96602622:SNP.AG: <gurobi.Var 1B_2> >= <gurobi.Var REG_1B_2_96602622:SNP.AG>
M  Contraint for 1B 96602622:SNP.AG: <gurobi.Var 1B> >= <gurobi.Var REG_1B_96602622:SNP.AG>
M  Contraint for 2A 96535123:SNP.AG: <gurobi.Var 2A> >= <gurobi.Var REG_2A_96535123:SNP.AG>
M  Contraint for 2A 96602621:SNP.CT: <gurobi.Var 2A> >= <gurobi.Var REG_2A_96602621:SNP.CT>
M  Contraint for 2A 96602622:SNP.AG: <gurobi.Var 2A> >= <gurobi.Var REG_2A_96602622:SNP.AG>
M  Contraint for 2A 96541615:SNP.GA: <gurobi.Var 2A> >= <gurobi.Var REG_2A_96541615:SNP.GA>
M  Contraint for 2A_2 96535123:SNP.AG: <gurobi.Var 2A_2> >= <gurobi.Var REG_2A_2_96535123:SNP.AG>
M  Contraint for 2A_2 96602621:SNP.CT: <gurobi.Var 2A_2> >= <gurobi.Var REG_2A_2_96602621:SNP.CT>
M  Contraint for 2A_2 96602622:SNP.AG: <gurobi.Var 2A_2> >= <gurobi.Var REG_2A_2_96602622:SNP.AG>
M  Contraint for 2A_2 96541615:SNP.GA: <gurobi.Var 2A_2> >= <gurobi.Var REG_2A_2_96541615:SNP.GA>
M  CN contraint for 1: 2 == <gurobi.LinExpr: 35_2 + 9_2 + 35 + 1 + 9 + 1B_2 + 1B + 2A + 2A_2 + 1_2>
M  Sentinel contraint for 35: A_35_2 <= A_35
M  Sentinel contraint for 1: A_1_2 <= A_1
M  Sentinel contraint for 1B: A_1B_2 <= A_1B
M  Sentinel contraint for 2A: A_2A_2 <= A_2A
M  Sentinel contraint for 9: A_9_2 <= A_9
M  Objective: <gurobi.LinExpr: C51 + C52 + C53 + C54 + C55 + C56 + C57 + C58 + C59 + C60>
M  Contraint for 35_2: A_35_2 * (<gurobi.LinExpr: REG_35_2_96535123:SNP.AG + REG_35_2_96602622:SNP.AG> - 2) == 0
M  Contraint for 9_2: A_9_2 * (<gurobi.LinExpr: REG_9_2_96535245:SNP.GA + REG_9_2_96602622:SNP.AG> - 2) == 0
M  Contraint for 35: A_35 * (<gurobi.LinExpr: REG_35_96535123:SNP.AG + REG_35_96602622:SNP.AG> - 2) == 0
M  Contraint for 2A_2: A_2A_2 * (<gurobi.LinExpr: REG_2A_2_96535123:SNP.AG + REG_2A_2_96541615:SNP.GA + REG_2A_2_96602621:SNP.CT + REG_2A_2_96602622:SNP.AG> - 4) == 0
M  Contraint for 1B_2: A_1B_2 * (<gurobi.LinExpr: REG_1B_2_96602622:SNP.AG> - 1) == 0
M  Contraint for 1B: A_1B * (<gurobi.LinExpr: REG_1B_96602622:SNP.AG> - 1) == 0
M  Contraint for 2A: A_2A * (<gurobi.LinExpr: REG_2A_96535123:SNP.AG + REG_2A_96541615:SNP.GA + REG_2A_96602621:SNP.CT + REG_2A_96602622:SNP.AG> - 4) == 0
M  Contraint for 9: A_9 * (<gurobi.LinExpr: REG_9_96535245:SNP.GA + REG_9_96602622:SNP.AG> - 2) == 0
M  Contraint for 96535123:SNP.AG: 1 <= <gurobi.QuadExpr: 0.0 + [ 35_2 * REG_35_2_96535123:SNP.AG + 35 * REG_35_96535123:SNP.AG + 2A_2 * REG_2A_2_96535123:SNP.AG + 2A * REG_2A_96535123:SNP.AG ]>
M  Contraint for 96602622:SNP.AG: 1 <= <gurobi.QuadExpr: 0.0 + [ 35_2 * REG_35_2_96602622:SNP.AG + 9_2 * REG_9_2_96602622:SNP.AG + 35 * REG_35_96602622:SNP.AG + 2A_2 * REG_2A_2_96602622:SNP.AG + 1B_2 * REG_1B_2_96602622:SNP.AG + 1B * REG_1B_96602622:SNP.AG + 2A * REG_2A_96602622:SNP.AG + 9 * REG_9_96602622:SNP.AG ]>
M  Contraint for 96535245:SNP.GA: 1 <= <gurobi.QuadExpr: 0.0 + [ 9_2 * REG_9_2_96535245:SNP.GA + 9 * REG_9_96535245:SNP.GA ]>
M  Contraint for 96602622:SNP.AG: 1 <= <gurobi.QuadExpr: 0.0 + [ 35_2 * REG_35_2_96602622:SNP.AG + 9_2 * REG_9_2_96602622:SNP.AG + 35 * REG_35_96602622:SNP.AG + 2A_2 * REG_2A_2_96602622:SNP.AG + 1B_2 * REG_1B_2_96602622:SNP.AG + 1B * REG_1B_96602622:SNP.AG + 2A * REG_2A_96602622:SNP.AG + 9 * REG_9_96602622:SNP.AG ]>
M  Contraint for 96535123:SNP.AG: 1 <= <gurobi.QuadExpr: 0.0 + [ 35_2 * REG_35_2_96535123:SNP.AG + 35 * REG_35_96535123:SNP.AG + 2A_2 * REG_2A_2_96535123:SNP.AG + 2A * REG_2A_96535123:SNP.AG ]>
M  Contraint for 96602622:SNP.AG: 1 <= <gurobi.QuadExpr: 0.0 + [ 35_2 * REG_35_2_96602622:SNP.AG + 9_2 * REG_9_2_96602622:SNP.AG + 35 * REG_35_96602622:SNP.AG + 2A_2 * REG_2A_2_96602622:SNP.AG + 1B_2 * REG_1B_2_96602622:SNP.AG + 1B * REG_1B_96602622:SNP.AG + 2A * REG_2A_96602622:SNP.AG + 9 * REG_9_96602622:SNP.AG ]>
M  Contraint for 96535123:SNP.AG: 1 <= <gurobi.QuadExpr: 0.0 + [ 35_2 * REG_35_2_96535123:SNP.AG + 35 * REG_35_96535123:SNP.AG + 2A_2 * REG_2A_2_96535123:SNP.AG + 2A * REG_2A_96535123:SNP.AG ]>
M  Contraint for 96541615:SNP.GA: 1 <= <gurobi.QuadExpr: 0.0 + [ 2A_2 * REG_2A_2_96541615:SNP.GA + 2A * REG_2A_96541615:SNP.GA ]>
M  Contraint for 96602621:SNP.CT: 1 <= <gurobi.QuadExpr: 0.0 + [ 2A_2 * REG_2A_2_96602621:SNP.CT + 2A * REG_2A_96602621:SNP.CT ]>
M  Contraint for 96602622:SNP.AG: 1 <= <gurobi.QuadExpr: 0.0 + [ 35_2 * REG_35_2_96602622:SNP.AG + 9_2 * REG_9_2_96602622:SNP.AG + 35 * REG_35_96602622:SNP.AG + 2A_2 * REG_2A_2_96602622:SNP.AG + 1B_2 * REG_1B_2_96602622:SNP.AG + 1B * REG_1B_96602622:SNP.AG + 2A * REG_2A_96602622:SNP.AG + 9 * REG_9_96602622:SNP.AG ]>
M  Contraint for 96602622:SNP.AG: 1 <= <gurobi.QuadExpr: 0.0 + [ 35_2 * REG_35_2_96602622:SNP.AG + 9_2 * REG_9_2_96602622:SNP.AG + 35 * REG_35_96602622:SNP.AG + 2A_2 * REG_2A_2_96602622:SNP.AG + 1B_2 * REG_1B_2_96602622:SNP.AG + 1B * REG_1B_96602622:SNP.AG + 2A * REG_2A_96602622:SNP.AG + 9 * REG_9_96602622:SNP.AG ]>
M  Contraint for 96602622:SNP.AG: 1 <= <gurobi.QuadExpr: 0.0 + [ 35_2 * REG_35_2_96602622:SNP.AG + 9_2 * REG_9_2_96602622:SNP.AG + 35 * REG_35_96602622:SNP.AG + 2A_2 * REG_2A_2_96602622:SNP.AG + 1B_2 * REG_1B_2_96602622:SNP.AG + 1B * REG_1B_96602622:SNP.AG + 2A * REG_2A_96602622:SNP.AG + 9 * REG_9_96602622:SNP.AG ]>
M  Contraint for 96535123:SNP.AG: 1 <= <gurobi.QuadExpr: 0.0 + [ 35_2 * REG_35_2_96535123:SNP.AG + 35 * REG_35_96535123:SNP.AG + 2A_2 * REG_2A_2_96535123:SNP.AG + 2A * REG_2A_96535123:SNP.AG ]>
M  Contraint for 96541615:SNP.GA: 1 <= <gurobi.QuadExpr: 0.0 + [ 2A_2 * REG_2A_2_96541615:SNP.GA + 2A * REG_2A_96541615:SNP.GA ]>
M  Contraint for 96602621:SNP.CT: 1 <= <gurobi.QuadExpr: 0.0 + [ 2A_2 * REG_2A_2_96602621:SNP.CT + 2A * REG_2A_96602621:SNP.CT ]>
M  Contraint for 96602622:SNP.AG: 1 <= <gurobi.QuadExpr: 0.0 + [ 35_2 * REG_35_2_96602622:SNP.AG + 9_2 * REG_9_2_96602622:SNP.AG + 35 * REG_35_96602622:SNP.AG + 2A_2 * REG_2A_2_96602622:SNP.AG + 1B_2 * REG_1B_2_96602622:SNP.AG + 1B * REG_1B_96602622:SNP.AG + 2A * REG_2A_96602622:SNP.AG + 9 * REG_9_96602622:SNP.AG ]>
M  Contraint for 96535245:SNP.GA: 1 <= <gurobi.QuadExpr: 0.0 + [ 9_2 * REG_9_2_96535245:SNP.GA + 9 * REG_9_96535245:SNP.GA ]>
M  Contraint for 96602622:SNP.AG: 1 <= <gurobi.QuadExpr: 0.0 + [ 35_2 * REG_35_2_96602622:SNP.AG + 9_2 * REG_9_2_96602622:SNP.AG + 35 * REG_35_96602622:SNP.AG + 2A_2 * REG_2A_2_96602622:SNP.AG + 1B_2 * REG_1B_2_96602622:SNP.AG + 1B * REG_1B_96602622:SNP.AG + 2A * REG_2A_96602622:SNP.AG + 9 * REG_9_96602622:SNP.AG ]>
CN Solver status: optimal, opt: 81.0
  solution:
    ('2A', '9')
[32;01mCopy number best structures:[39;49;00m
[32;01m  (1) 2x*1-like[39;49;00m
== Refiner ==
Refining ('2A', '9')
M  CN constraint for 9: 1 == <gurobi.LinExpr: 9>
M  CN constraint for 2A: 1 == <gurobi.LinExpr: 2A>
M  Contraint for 96541615:SNP.GA 6.5e: 159 == <gurobi.QuadExpr: 0.0 + [ 156.5 EXT_9_96541615:SNP.GA * 9 + 156.5 REG_2A_96541615:SNP.GA * 2A ]> + err
M  Contraint for 96602621:REF 6.7e: 629 == <gurobi.QuadExpr: 630.5 9 + 630.5 2A + [ -630.5 EXT_9_96602621:SNP.CT * 9 + -630.5 REG_2A_96602621:SNP.CT * 2A ]> + err
M  Contraint for 96535123:REF 6.2i: 490 == <gurobi.QuadExpr: 497.5 9 + 497.5 2A + [ -497.5 EXT_9_96535123:SNP.AG * 9 + -497.5 REG_2A_96535123:SNP.AG * 2A ]> + err
M  Contraint for 96602622:SNP.AG 6.7e: 1263 == <gurobi.QuadExpr: 0.0 + [ 632.0 REG_9_96602622:SNP.AG * 9 + 632.0 REG_2A_96602622:SNP.AG * 2A ]> + err
M  Contraint for 96535245:SNP.GA 6.3e: 756 == <gurobi.QuadExpr: 0.0 + [ 728.0 REG_9_96535245:SNP.GA * 9 + 728.0 EXT_2A_96535245:SNP.GA * 2A ]> + err
M  Contraint for 96541615:REF 6.5e: 154 == <gurobi.QuadExpr: 156.5 9 + 156.5 2A + [ -156.5 EXT_9_96541615:SNP.GA * 9 + -156.5 REG_2A_96541615:SNP.GA * 2A ]> + err
M  Contraint for 96602622:REF 6.7e: 1 == <gurobi.QuadExpr: 632.0 9 + 632.0 2A + [ -632.0 REG_9_96602622:SNP.AG * 9 + -632.0 REG_2A_96602622:SNP.AG * 2A ]> + err
M  Contraint for 96535245:REF 6.3e: 700 == <gurobi.QuadExpr: 728.0 9 + 728.0 2A + [ -728.0 REG_9_96535245:SNP.GA * 9 + -728.0 EXT_2A_96535245:SNP.GA * 2A ]> + err
M  Contraint for 96602621:SNP.CT 6.7e: 632 == <gurobi.QuadExpr: 0.0 + [ 630.5 EXT_9_96602621:SNP.CT * 9 + 630.5 REG_2A_96602621:SNP.CT * 2A ]> + err
M  Contraint for 96535123:SNP.AG 6.2i: 505 == <gurobi.QuadExpr: 0.0 + [ 497.5 EXT_9_96535123:SNP.AG * 9 + 497.5 REG_2A_96535123:SNP.AG * 2A ]> + err
M  Contraint for 96522560:SNP.CT 6.1e: 606 == <gurobi.QuadExpr: 0.0 + [ 304.0 REG_9_96522560:SNP.CT * 9 + 304.0 REG_2A_96522560:SNP.CT * 2A ]> + err
M  Contraint for 96522560:REF 6.1e: 2 == <gurobi.QuadExpr: 304.0 9 + 304.0 2A + [ -304.0 REG_9_96522560:SNP.CT * 9 + -304.0 REG_2A_96522560:SNP.CT * 2A ]> + err
M  Contraint for MM[missing] 9 96602622:SNP.AG: <gurobi.Var 9> >= <gurobi.Var REG_9_96602622:SNP.AG>
M  Contraint for MM[missing] 9 96522560:SNP.CT: <gurobi.Var 9> >= <gurobi.Var REG_9_96522560:SNP.CT>
M  Contraint for MM[missing] 9 96535245:SNP.GA: <gurobi.Var 9> >= <gurobi.Var REG_9_96535245:SNP.GA>
M  Contraint for MM[missing] 2A 96535123:SNP.AG: <gurobi.Var 2A> >= <gurobi.Var REG_2A_96535123:SNP.AG>
M  Contraint for MM[missing] 2A 96541615:SNP.GA: <gurobi.Var 2A> >= <gurobi.Var REG_2A_96541615:SNP.GA>
M  Contraint for MM[missing] 2A 96602621:SNP.CT: <gurobi.Var 2A> >= <gurobi.Var REG_2A_96602621:SNP.CT>
M  Contraint for MM[missing] 2A 96522560:SNP.CT: <gurobi.Var 2A> >= <gurobi.Var REG_2A_96522560:SNP.CT>
M  Contraint for MM[missing] 2A 96602622:SNP.AG: <gurobi.Var 2A> >= <gurobi.Var REG_2A_96602622:SNP.AG>
M  Contraint for MA[extra] 9 96541615:SNP.GA: <gurobi.Var 9> >= <gurobi.Var EXT_9_96541615:SNP.GA>
M  Contraint for MA[extra] 9 96602621:SNP.CT: <gurobi.Var 9> >= <gurobi.Var EXT_9_96602621:SNP.CT>
M  Contraint for MA[extra] 9 96535123:SNP.AG: <gurobi.Var 9> >= <gurobi.Var EXT_9_96535123:SNP.AG>
M  Contraint for MA[extra] 2A 96535245:SNP.GA: <gurobi.Var 2A> >= <gurobi.Var EXT_2A_96535245:SNP.GA>
M  Objective: <gurobi.LinExpr: C26 + C27 + C28 + C29 + C30 + C31 + C32 + C33 + C34 + C35 + C36 + C37 + EXT_9_96541615:SNP.GA + EXT_9_96602621:SNP.CT + EXT_9_96535123:SNP.AG + EXT_2A_96535245:SNP.GA + W>
M  Contraint for 9: <gurobi.LinExpr: REG_9_96535245:SNP.GA + REG_9_96602622:SNP.AG> = 2 * A_<gurobi.Var 9>
M  Contraint for 2A: <gurobi.LinExpr: REG_2A_96541615:SNP.GA + REG_2A_96602621:SNP.CT + REG_2A_96602622:SNP.AG + REG_2A_96535123:SNP.AG> = 4 * A_<gurobi.Var 2A>
M  Contraint for 96541615:SNP.GA: 1 <= <gurobi.QuadExpr: 0.0 + [ REG_2A_96541615:SNP.GA * 2A ]> <= 2
M  Contraint for 96541615:SNP.GA: <gurobi.QuadExpr: 0.0 + [ REG_2A_96541615:SNP.GA * 2A ]> <= 2
M  Contraint for 96602622:SNP.AG: 1 <= <gurobi.QuadExpr: 0.0 + [ REG_9_96602622:SNP.AG * 9 + REG_2A_96602622:SNP.AG * 2A ]> <= 2
M  Contraint for 96602622:SNP.AG: <gurobi.QuadExpr: 0.0 + [ REG_9_96602622:SNP.AG * 9 + REG_2A_96602622:SNP.AG * 2A ]> <= 2
M  Contraint for 96535245:SNP.GA: 1 <= <gurobi.QuadExpr: 0.0 + [ REG_9_96535245:SNP.GA * 9 ]> <= 2
M  Contraint for 96535245:SNP.GA: <gurobi.QuadExpr: 0.0 + [ REG_9_96535245:SNP.GA * 9 ]> <= 2
M  Contraint for 96602621:SNP.CT: 1 <= <gurobi.QuadExpr: 0.0 + [ REG_2A_96602621:SNP.CT * 2A ]> <= 2
M  Contraint for 96602621:SNP.CT: <gurobi.QuadExpr: 0.0 + [ REG_2A_96602621:SNP.CT * 2A ]> <= 2
M  Contraint for 96535123:SNP.AG: 1 <= <gurobi.QuadExpr: 0.0 + [ REG_2A_96535123:SNP.AG * 2A ]> <= 2
M  Contraint for 96535123:SNP.AG: <gurobi.QuadExpr: 0.0 + [ REG_2A_96535123:SNP.AG * 2A ]> <= 2
M  Contraint for 96522560:SNP.CT: 1 <= <gurobi.QuadExpr: 0.0 + [ REG_9_96522560:SNP.CT * 9 + REG_2A_96522560:SNP.CT * 2A ]> <= 2
CN Solver status: optimal, opt: 85.0
  9: 1
    6.7e 96602622:SNP.AG 1263 (100 cp. 2) F
    6.1e 96522560:SNP.CT  606 (100 cp. 2) 
    6.3e 96535245:SNP.GA  756 ( 52 cp. 1) F
  2A: 1
    6.2i 96535123:SNP.AG  505 ( 51 cp. 1) F
    6.5e 96541615:SNP.GA  159 ( 51 cp. 1) F
    6.7e 96602621:SNP.CT  632 ( 50 cp. 1) F
    6.1e 96522560:SNP.CT  606 (100 cp. 2) 
    6.7e 96602622:SNP.AG 1263 (100 cp. 2) F
Missing:
  9: 1
  2A: 1
Extra:
  9: 1
  2A: 1
Time needed: (12.5)
Result is: [('2A', '9')]
