SAM file: bams/PGXT153.bam
File bams/PGXT153.bam has index
Coverage is 249.208671354
== Allele Filter ==
 6.0i   99245012: SNP.TG                   52 ( 48%) ~     0 (  0)
 6.0i   99245079: SNP.AC                  731 (100%) ~     0 (  0)
 6.10i  99252178: SNP.GC                    2 (100%) ~     2 (100)
 6.10i  99253634: SNP.AG                    2 (100%) ~     0 (  0)
 6.10i  99255519: SNP.GT                    2 (100%) ~     0 (  0)
 6.10i  99255759: SNP.AG                    2 (100%) ~     0 (  0)
 6.10i  99257418: SNP.TC                    3 (100%) ~     0 (  0)
 6.10i  99257830: SNP.AC                    4 (  7%) ~     0 (  0)
 6.10i  99257832: SNP.AC                    6 ( 10%) ~     0 (  0)
 6.10i  99257834: SNP.TC                    7 ( 11%) ~     0 (  0)
 6.10i  99257837: SNP.TC                    7 ( 10%) ~     0 (  0)
 6.10i  99257838: SNP.TC                    5 (  7%) ~     0 (  0)
 6.10i  99257868: SNP.AT                    8 (  7%) ~     0 (  0)
 6.10i  99257869: SNP.CT                   12 (  9%) ~     0 (  0)
 6.10i  99257875: SNP.AT                   10 (  6%) ~     0 (  0)
 6.9i   99260091: SNP.TC                    4 ( 44%) ~     0 (  0)
 6.9i   99260360: SNP.AC                   27 (  6%) ~     0 (  0)
 6.9i   99260385: SNP.GC                   65 ( 11%) ~     0 (  0)
 6.9i   99260389: SNP.TC                   39 (  7%) ~     0 (  0)
 6.9i   99260401: SNP.TC                  121 ( 20%) ~     0 (  0)
 6.8i   99260918: SNP.CG                  208 ( 51%) ~     0 (  0)
 6.7i   99262571: SNP.GA                   34 (100%) ~     0 (  0)
 6.7e   99262834: SNP.CT     14690:G>A    296 ( 46%) ~     0 (  0)
 6.4i   99264799: SNP.GA                    4 (  5%) ~     0 (  0)
 6.4i   99264806: SNP.TG                    4 (  7%) ~     0 (  0)
 6.4i   99264809: SNP.CA                    3 (  6%) ~     0 (  0)
 6.4i   99264832: SNP.TG                    2 (  5%) ~     0 (  0)
 6.4i   99264842: SNP.AG                    2 (  6%) ~     0 (  0)
 6.4i   99264858: SNP.CT                    2 ( 10%) ~     0 (  0)
 6.4i   99264861: SNP.AG                    4 ( 20%) ~     0 (  0)
 6.4i   99264863: SNP.TG                    2 ( 11%) ~     0 (  0)
 6.4i   99264869: SNP.TG                    5 ( 31%) ~     0 (  0)
 6.4i   99264874: SNP.CG                    6 ( 40%) ~     0 (  0)
 6.4i   99264880: SNP.TG                    3 ( 21%) ~     0 (  0)
 6.4i   99268740: DEL.TGTGTG               24 (  5%) ~     0 (  0)
 6.4i   99268740: DEL.TGTG                 50 ( 11%) ~     0 (  0)
 6.4i   99268785: SNP.GT                   17 (  5%) ~     0 (  0)
 6.4i   99268792: SNP.AT                  140 ( 44%) ~     0 (  0)
 6.4i   99268886: SNP.TG                  133 ( 33%) ~     0 (  0)
 6.4i   99268893: SNP.GT                   45 ( 11%) ~     0 (  0)
 6.4i   99268895: SNP.AT                   37 (  9%) ~     0 (  0)
 6.4i   99268924: SNP.AT                   34 (  8%) ~     0 (  0)
 6.4i   99268926: SNP.GT                   29 (  6%) ~     0 (  0)
 6.4i   99269947: SNP.CT                    2 ( 22%) ~     0 (  0)
 6.3i   99270538: SNP.TC     6986:A>G     351 ( 53%) ~     0 (  0)
 6.3i   99270905: SNP.CA                    2 ( 18%) ~     0 (  0)
Removing 2     6.11e 99250235:SNP.GT
Removing 3K    6.12e 99247771:SNP.AG
Removing 3J    6.12e 99247742:SNP.TC
Removing 3L    6.2e 99273744:SNP.TC
Removing 3B    6.2e 99273814:SNP.GA,  6.2e 99273810:INS.c
Removing 3G    6.5i 99264572:SNP.AG
Removing 3F    6.13e 99245973:SNP.AG
Removing 3D    6.4e 99270275:SNP.AC
Removing 4     6.7e 99262859:SNP.TC
Removing 5     6.5i 99264572:SNP.AG
Removing 7     6.11e 99250393:INS.a
Removing 8     6.2e 99273820:SNP.GA
Removing 9X    6.10e 99258138:SNP.CT
Removing 9     6.10e 99258138:SNP.CT
Initial status
  CYP2D6.1C
                   99277592:SNP.GA    0 (  0)   -74:C>T
  CYP2D6.1E
    6.9i           99260361:SNP.CA    0 (  0)   17163:G>T
  CYP2D6.1D
    6.0i           99245913:SNP.GA    0 (  0)   31611:C>T
  CYP2D6.1
  CYP2D6.1B
                   99277604:SNP.CT    0 (  0)   -86:G>A
  CYP2D6.3H
    6.0i           99245913:SNP.GA    0 (  0)   31611:C>T
    6.5i           99264416:SNP.AG    0 (  0)   13108:T>C
    6.3i           99270538:SNP.TC  351 ( 53) F 6986:A>G
  CYP2D6.3C
    6.3i           99270538:SNP.TC  351 ( 53) F 6986:A>G
  CYP2D6.3A
    6.0i           99245913:SNP.GA    0 (  0)   31611:C>T
    6.3i           99270538:SNP.TC  351 ( 53) F 6986:A>G
  CYP2D6.3E
    6.0i           99245913:SNP.GA    0 (  0)   31611:C>T
    6.10i          99250474:SNP.TC    0 (  0)   27050:A>G
    6.3i           99270538:SNP.TC  351 ( 53) F 6986:A>G
  CYP2D6.3I
    6.0i           99245913:SNP.GA    0 (  0)   31611:C>T
    6.8i           99260621:SNP.TC    0 (  0)   16903:A>G
    6.3i           99270538:SNP.TC  351 ( 53) F 6986:A>G
  CYP2D6.6
    6.7e           99262834:SNP.CT  296 ( 46) F 14690:G>A
== Copy Number Estimator ==
CNV factor: 1.64250548475 (0.608825973055)
Coverage per region
  region:  2D6  2D7
  0i   :  2.17
  1e   :  2.27
  1i   :  2.54
  2e   :  2.63
  2i   :  2.92
  3e   :  3.36
  3i   :  2.16
  4e   :  1.82
  4i   :  2.42
  5e   :  2.32
  5i   :  2.30
  6e   :  2.01
  6i   :  2.05
  7e   :  2.13
  7i   :  3.07
  8e   :  2.65
  8i   :  2.31
  9e   :  2.58
  9i   :  2.48
  10e  :  2.34
  10i  :  2.75
  11e  :  2.30
  11i  :  2.39
  12e  :  2.10
  12i  :  3.39
  13e  :  2.74
Max. CN = 3
M  Sentinel contraint for 1: A_1^ <= A_1
M  Contraint for 7e: 2.12886005678 == E_7e + <gurobi.LinExpr: A1 + A1^>
M  Contraint for 6e: 2.01065539011 == E_6e + <gurobi.LinExpr: A1 + A1^>
M  Contraint for 9e: 2.57841479259 == E_9e + <gurobi.LinExpr: A1 + A1^>
M  Contraint for 8e: 2.65405430131 == E_8e + <gurobi.LinExpr: A1 + A1^>
M  Contraint for 2e: 2.63437565367 == E_2e + <gurobi.LinExpr: A1 + A1^>
M  Contraint for 1e: 2.26604038739 == E_1e + <gurobi.LinExpr: A1 + A1^>
M  Contraint for 5e: 2.31910848919 == E_5e + <gurobi.LinExpr: A1 + A1^>
M  Contraint for 4e: 1.81735369076 == E_4e + <gurobi.LinExpr: A1 + A1^>
M  Contraint for 3e: 3.35999848263 == E_3e + <gurobi.LinExpr: A1 + A1^>
M  Objective: <gurobi.LinExpr: C11 + C12 + C13 + C14 + C15 + C16 + C17 + C18 + C19 + 0.5 A1 + 0.5 A1^>
CN Solver status: optimal, opt: 5.1341538629
  Solutions:
    ('1', '1^')
== Initial Solver ==
Solving Counter({'1': 2})
Possible candidates:
  CYP2D6.1
  CYP2D6.3A
    6.3i 99270538:SNP.TC  351 ( 53) F 6986:A>G
  CYP2D6.6
    6.7e 99262834:SNP.CT  296 ( 46) F 14690:G>A
M  Max. CN for 1 = 2
M  Max. CN for 3A = 2
M  Max. CN for 6 = 2
M  Contraint for 99270538:SNP.TC 6.3i: 351 == <gurobi.QuadExpr: 0.0 + [ 332.5 REG_3A_2_99270538:SNP.TC * 3A_2 + 332.5 REG_3A_99270538:SNP.TC * 3A ]> + err
M  Contraint for 99262834:REF 6.7e: 345 == <gurobi.QuadExpr: 320.5 6_2 + 320.5 1 + 320.5 3A_2 + 320.5 1_2 + 320.5 6 + 320.5 3A + [ -320.5 REG_6_2_99262834:SNP.CT * 6_2 + -320.5 REG_6_99262834:SNP.CT * 6 ]> + err
M  Contraint for 99270538:REF 6.3i: 314 == <gurobi.QuadExpr: 332.5 6_2 + 332.5 1 + 332.5 3A_2 + 332.5 1_2 + 332.5 6 + 332.5 3A + [ -332.5 REG_3A_2_99270538:SNP.TC * 3A_2 + -332.5 REG_3A_99270538:SNP.TC * 3A ]> + err
M  Contraint for 99262834:SNP.CT 6.7e: 296 == <gurobi.QuadExpr: 0.0 + [ 320.5 REG_6_2_99262834:SNP.CT * 6_2 + 320.5 REG_6_99262834:SNP.CT * 6 ]> + err
M  Contraint for 6_2 99262834:SNP.CT: <gurobi.Var 6_2> >= <gurobi.Var REG_6_2_99262834:SNP.CT>
M  Contraint for 3A_2 99270538:SNP.TC: <gurobi.Var 3A_2> >= <gurobi.Var REG_3A_2_99270538:SNP.TC>
M  Contraint for 6 99262834:SNP.CT: <gurobi.Var 6> >= <gurobi.Var REG_6_99262834:SNP.CT>
M  Contraint for 3A 99270538:SNP.TC: <gurobi.Var 3A> >= <gurobi.Var REG_3A_99270538:SNP.TC>
M  CN contraint for 1: 2 == <gurobi.LinExpr: 6_2 + 1 + 3A_2 + 1_2 + 6 + 3A>
M  Sentinel contraint for 1: A_1_2 <= A_1
M  Sentinel contraint for 6: A_6_2 <= A_6
M  Sentinel contraint for 3A: A_3A_2 <= A_3A
M  Objective: <gurobi.LinExpr: C16 + C17 + C18 + C19>
M  Contraint for 6_2: A_6_2 * (<gurobi.LinExpr: REG_6_2_99262834:SNP.CT> - 1) == 0
M  Contraint for 3A_2: A_3A_2 * (<gurobi.LinExpr: REG_3A_2_99270538:SNP.TC> - 1) == 0
M  Contraint for 6: A_6 * (<gurobi.LinExpr: REG_6_99262834:SNP.CT> - 1) == 0
M  Contraint for 3A: A_3A * (<gurobi.LinExpr: REG_3A_99270538:SNP.TC> - 1) == 0
M  Contraint for 99262834:SNP.CT: 1 <= <gurobi.QuadExpr: 0.0 + [ 6_2 * REG_6_2_99262834:SNP.CT + 6 * REG_6_99262834:SNP.CT ]>
M  Contraint for 99270538:SNP.TC: 1 <= <gurobi.QuadExpr: 0.0 + [ 3A_2 * REG_3A_2_99270538:SNP.TC + 3A * REG_3A_99270538:SNP.TC ]>
M  Contraint for 99262834:SNP.CT: 1 <= <gurobi.QuadExpr: 0.0 + [ 6_2 * REG_6_2_99262834:SNP.CT + 6 * REG_6_99262834:SNP.CT ]>
M  Contraint for 99270538:SNP.TC: 1 <= <gurobi.QuadExpr: 0.0 + [ 3A_2 * REG_3A_2_99270538:SNP.TC + 3A * REG_3A_99270538:SNP.TC ]>
CN Solver status: optimal, opt: 86.0
  solution:
    ('3A', '6')
[32;01mCopy number best structures:[39;49;00m
[32;01m  (1) 2x*1-like[39;49;00m
== Refiner ==
Refining ('3A', '6')
M  CN constraint for 3A: 1 == <gurobi.LinExpr: 3I + 3H + 3C + 3A + 3E>
M  CN constraint for 6: 1 == <gurobi.LinExpr: 6>
M  Contraint for 99262834:SNP.CT 6.7e: 296 == <gurobi.QuadExpr: 0.0 + [ 320.5 EXT_3I_99262834:SNP.CT * 3I + 320.5 EXT_3H_99262834:SNP.CT * 3H + 320.5 REG_6_99262834:SNP.CT * 6 + 320.5 EXT_3C_99262834:SNP.CT * 3C + 320.5 EXT_3A_99262834:SNP.CT * 3A + 320.5 EXT_3E_99262834:SNP.CT * 3E ]> + err
M  Contraint for 99270538:SNP.TC 6.3i: 351 == <gurobi.QuadExpr: 0.0 + [ 332.5 REG_3I_99270538:SNP.TC * 3I + 332.5 REG_3H_99270538:SNP.TC * 3H + 332.5 EXT_6_99270538:SNP.TC * 6 + 332.5 REG_3C_99270538:SNP.TC * 3C + 332.5 REG_3A_99270538:SNP.TC * 3A + 332.5 REG_3E_99270538:SNP.TC * 3E ]> + err
M  Contraint for 99260621:SNP.TC 6.8i: 0 == <gurobi.QuadExpr: 0.0 + [ 590.0 REG_3I_99260621:SNP.TC * 3I + 590.0 EXT_3H_99260621:SNP.TC * 3H + 590.0 EXT_6_99260621:SNP.TC * 6 + 590.0 EXT_3C_99260621:SNP.TC * 3C + 590.0 EXT_3A_99260621:SNP.TC * 3A + 590.0 EXT_3E_99260621:SNP.TC * 3E ]> + err
M  Contraint for 99250474:REF 6.10i: 492 == <gurobi.QuadExpr: 246.0 3I + 246.0 3H + 246.0 6 + 246.0 3C + 246.0 3A + 246.0 3E + [ -246.0 EXT_3I_99250474:SNP.TC * 3I + -246.0 EXT_3H_99250474:SNP.TC * 3H + -246.0 EXT_6_99250474:SNP.TC * 6 + -246.0 EXT_3C_99250474:SNP.TC * 3C + -246.0 EXT_3A_99250474:SNP.TC * 3A + -246.0 REG_3E_99250474:SNP.TC * 3E ]> + err
M  Contraint for 99260621:REF 6.8i: 1180 == <gurobi.QuadExpr: 590.0 3I + 590.0 3H + 590.0 6 + 590.0 3C + 590.0 3A + 590.0 3E + [ -590.0 REG_3I_99260621:SNP.TC * 3I + -590.0 EXT_3H_99260621:SNP.TC * 3H + -590.0 EXT_6_99260621:SNP.TC * 6 + -590.0 EXT_3C_99260621:SNP.TC * 3C + -590.0 EXT_3A_99260621:SNP.TC * 3A + -590.0 EXT_3E_99260621:SNP.TC * 3E ]> + err
M  Contraint for 99245913:SNP.GA 6.0i: 0 == <gurobi.QuadExpr: 0.0 + [ 341.5 REG_3I_99245913:SNP.GA * 3I + 341.5 REG_3H_99245913:SNP.GA * 3H + 341.5 EXT_6_99245913:SNP.GA * 6 + 341.5 EXT_3C_99245913:SNP.GA * 3C + 341.5 REG_3A_99245913:SNP.GA * 3A + 341.5 REG_3E_99245913:SNP.GA * 3E ]> + err
M  Contraint for 99245913:REF 6.0i: 683 == <gurobi.QuadExpr: 341.5 3I + 341.5 3H + 341.5 6 + 341.5 3C + 341.5 3A + 341.5 3E + [ -341.5 REG_3I_99245913:SNP.GA * 3I + -341.5 REG_3H_99245913:SNP.GA * 3H + -341.5 EXT_6_99245913:SNP.GA * 6 + -341.5 EXT_3C_99245913:SNP.GA * 3C + -341.5 REG_3A_99245913:SNP.GA * 3A + -341.5 REG_3E_99245913:SNP.GA * 3E ]> + err
M  Contraint for 99250474:SNP.TC 6.10i: 0 == <gurobi.QuadExpr: 0.0 + [ 246.0 EXT_3I_99250474:SNP.TC * 3I + 246.0 EXT_3H_99250474:SNP.TC * 3H + 246.0 EXT_6_99250474:SNP.TC * 6 + 246.0 EXT_3C_99250474:SNP.TC * 3C + 246.0 EXT_3A_99250474:SNP.TC * 3A + 246.0 REG_3E_99250474:SNP.TC * 3E ]> + err
M  Contraint for 99264416:REF 6.5i: 929 == <gurobi.QuadExpr: 464.5 3I + 464.5 3H + 464.5 6 + 464.5 3C + 464.5 3A + 464.5 3E + [ -464.5 EXT_3I_99264416:SNP.AG * 3I + -464.5 REG_3H_99264416:SNP.AG * 3H + -464.5 EXT_6_99264416:SNP.AG * 6 + -464.5 EXT_3C_99264416:SNP.AG * 3C + -464.5 EXT_3A_99264416:SNP.AG * 3A + -464.5 EXT_3E_99264416:SNP.AG * 3E ]> + err
M  Contraint for 99270538:REF 6.3i: 314 == <gurobi.QuadExpr: 332.5 3I + 332.5 3H + 332.5 6 + 332.5 3C + 332.5 3A + 332.5 3E + [ -332.5 REG_3I_99270538:SNP.TC * 3I + -332.5 REG_3H_99270538:SNP.TC * 3H + -332.5 EXT_6_99270538:SNP.TC * 6 + -332.5 REG_3C_99270538:SNP.TC * 3C + -332.5 REG_3A_99270538:SNP.TC * 3A + -332.5 REG_3E_99270538:SNP.TC * 3E ]> + err
M  Contraint for 99264416:SNP.AG 6.5i: 0 == <gurobi.QuadExpr: 0.0 + [ 464.5 EXT_3I_99264416:SNP.AG * 3I + 464.5 REG_3H_99264416:SNP.AG * 3H + 464.5 EXT_6_99264416:SNP.AG * 6 + 464.5 EXT_3C_99264416:SNP.AG * 3C + 464.5 EXT_3A_99264416:SNP.AG * 3A + 464.5 EXT_3E_99264416:SNP.AG * 3E ]> + err
M  Contraint for 99262834:REF 6.7e: 345 == <gurobi.QuadExpr: 320.5 3I + 320.5 3H + 320.5 6 + 320.5 3C + 320.5 3A + 320.5 3E + [ -320.5 EXT_3I_99262834:SNP.CT * 3I + -320.5 EXT_3H_99262834:SNP.CT * 3H + -320.5 REG_6_99262834:SNP.CT * 6 + -320.5 EXT_3C_99262834:SNP.CT * 3C + -320.5 EXT_3A_99262834:SNP.CT * 3A + -320.5 EXT_3E_99262834:SNP.CT * 3E ]> + err
M  Contraint for MM[missing] 3I 99270538:SNP.TC: <gurobi.Var 3I> >= <gurobi.Var REG_3I_99270538:SNP.TC>
M  Contraint for MM[missing] 3I 99245913:SNP.GA: <gurobi.Var 3I> >= <gurobi.Var REG_3I_99245913:SNP.GA>
M  Contraint for MM[missing] 3I 99260621:SNP.TC: <gurobi.Var 3I> >= <gurobi.Var REG_3I_99260621:SNP.TC>
M  Contraint for MM[missing] 3H 99270538:SNP.TC: <gurobi.Var 3H> >= <gurobi.Var REG_3H_99270538:SNP.TC>
M  Contraint for MM[missing] 3H 99245913:SNP.GA: <gurobi.Var 3H> >= <gurobi.Var REG_3H_99245913:SNP.GA>
M  Contraint for MM[missing] 3H 99264416:SNP.AG: <gurobi.Var 3H> >= <gurobi.Var REG_3H_99264416:SNP.AG>
M  Contraint for MM[missing] 6 99262834:SNP.CT: <gurobi.Var 6> >= <gurobi.Var REG_6_99262834:SNP.CT>
M  Contraint for MM[missing] 3C 99270538:SNP.TC: <gurobi.Var 3C> >= <gurobi.Var REG_3C_99270538:SNP.TC>
M  Contraint for MM[missing] 3A 99270538:SNP.TC: <gurobi.Var 3A> >= <gurobi.Var REG_3A_99270538:SNP.TC>
M  Contraint for MM[missing] 3A 99245913:SNP.GA: <gurobi.Var 3A> >= <gurobi.Var REG_3A_99245913:SNP.GA>
M  Contraint for MM[missing] 3E 99270538:SNP.TC: <gurobi.Var 3E> >= <gurobi.Var REG_3E_99270538:SNP.TC>
M  Contraint for MM[missing] 3E 99245913:SNP.GA: <gurobi.Var 3E> >= <gurobi.Var REG_3E_99245913:SNP.GA>
M  Contraint for MM[missing] 3E 99250474:SNP.TC: <gurobi.Var 3E> >= <gurobi.Var REG_3E_99250474:SNP.TC>
M  Contraint for MA[extra] 3I 99250474:SNP.TC: <gurobi.Var 3I> >= <gurobi.Var EXT_3I_99250474:SNP.TC>
M  Contraint for MA[extra] 3I 99264416:SNP.AG: <gurobi.Var 3I> >= <gurobi.Var EXT_3I_99264416:SNP.AG>
M  Contraint for MA[extra] 3I 99262834:SNP.CT: <gurobi.Var 3I> >= <gurobi.Var EXT_3I_99262834:SNP.CT>
M  Contraint for MA[extra] 3H 99250474:SNP.TC: <gurobi.Var 3H> >= <gurobi.Var EXT_3H_99250474:SNP.TC>
M  Contraint for MA[extra] 3H 99260621:SNP.TC: <gurobi.Var 3H> >= <gurobi.Var EXT_3H_99260621:SNP.TC>
M  Contraint for MA[extra] 3H 99262834:SNP.CT: <gurobi.Var 3H> >= <gurobi.Var EXT_3H_99262834:SNP.CT>
M  Contraint for MA[extra] 6 99270538:SNP.TC: <gurobi.Var 6> >= <gurobi.Var EXT_6_99270538:SNP.TC>
M  Contraint for MA[extra] 6 99245913:SNP.GA: <gurobi.Var 6> >= <gurobi.Var EXT_6_99245913:SNP.GA>
M  Contraint for MA[extra] 6 99264416:SNP.AG: <gurobi.Var 6> >= <gurobi.Var EXT_6_99264416:SNP.AG>
M  Contraint for MA[extra] 6 99260621:SNP.TC: <gurobi.Var 6> >= <gurobi.Var EXT_6_99260621:SNP.TC>
M  Contraint for MA[extra] 6 99250474:SNP.TC: <gurobi.Var 6> >= <gurobi.Var EXT_6_99250474:SNP.TC>
M  Contraint for MA[extra] 3C 99250474:SNP.TC: <gurobi.Var 3C> >= <gurobi.Var EXT_3C_99250474:SNP.TC>
M  Contraint for MA[extra] 3C 99245913:SNP.GA: <gurobi.Var 3C> >= <gurobi.Var EXT_3C_99245913:SNP.GA>
M  Contraint for MA[extra] 3C 99264416:SNP.AG: <gurobi.Var 3C> >= <gurobi.Var EXT_3C_99264416:SNP.AG>
M  Contraint for MA[extra] 3C 99260621:SNP.TC: <gurobi.Var 3C> >= <gurobi.Var EXT_3C_99260621:SNP.TC>
M  Contraint for MA[extra] 3C 99262834:SNP.CT: <gurobi.Var 3C> >= <gurobi.Var EXT_3C_99262834:SNP.CT>
M  Contraint for MA[extra] 3A 99250474:SNP.TC: <gurobi.Var 3A> >= <gurobi.Var EXT_3A_99250474:SNP.TC>
M  Contraint for MA[extra] 3A 99264416:SNP.AG: <gurobi.Var 3A> >= <gurobi.Var EXT_3A_99264416:SNP.AG>
M  Contraint for MA[extra] 3A 99260621:SNP.TC: <gurobi.Var 3A> >= <gurobi.Var EXT_3A_99260621:SNP.TC>
M  Contraint for MA[extra] 3A 99262834:SNP.CT: <gurobi.Var 3A> >= <gurobi.Var EXT_3A_99262834:SNP.CT>
M  Contraint for MA[extra] 3E 99264416:SNP.AG: <gurobi.Var 3E> >= <gurobi.Var EXT_3E_99264416:SNP.AG>
M  Contraint for MA[extra] 3E 99260621:SNP.TC: <gurobi.Var 3E> >= <gurobi.Var EXT_3E_99260621:SNP.TC>
M  Contraint for MA[extra] 3E 99262834:SNP.CT: <gurobi.Var 3E> >= <gurobi.Var EXT_3E_99262834:SNP.CT>
M  Objective: <gurobi.LinExpr: C54 + C55 + C56 + C57 + C58 + C59 + C60 + C61 + C62 + C63 + C64 + C65 + EXT_3I_99250474:SNP.TC + EXT_3I_99264416:SNP.AG + EXT_3I_99262834:SNP.CT + EXT_3H_99250474:SNP.TC + EXT_3H_99260621:SNP.TC + EXT_3H_99262834:SNP.CT + EXT_6_99270538:SNP.TC + EXT_6_99245913:SNP.GA + EXT_6_99264416:SNP.AG + EXT_6_99260621:SNP.TC + EXT_6_99250474:SNP.TC + EXT_3C_99250474:SNP.TC + EXT_3C_99245913:SNP.GA + EXT_3C_99264416:SNP.AG + EXT_3C_99260621:SNP.TC + EXT_3C_99262834:SNP.CT + EXT_3A_99250474:SNP.TC + EXT_3A_99264416:SNP.AG + EXT_3A_99260621:SNP.TC + EXT_3A_99262834:SNP.CT + EXT_3E_99264416:SNP.AG + EXT_3E_99260621:SNP.TC + EXT_3E_99262834:SNP.CT + W>
M  Contraint for 3I: <gurobi.LinExpr: REG_3I_99270538:SNP.TC> = 1 * A_<gurobi.Var 3I>
M  Contraint for 3H: <gurobi.LinExpr: REG_3H_99270538:SNP.TC> = 1 * A_<gurobi.Var 3H>
M  Contraint for 6: <gurobi.LinExpr: REG_6_99262834:SNP.CT> = 1 * A_<gurobi.Var 6>
M  Contraint for 3C: <gurobi.LinExpr: REG_3C_99270538:SNP.TC> = 1 * A_<gurobi.Var 3C>
M  Contraint for 3A: <gurobi.LinExpr: REG_3A_99270538:SNP.TC> = 1 * A_<gurobi.Var 3A>
M  Contraint for 3E: <gurobi.LinExpr: REG_3E_99270538:SNP.TC> = 1 * A_<gurobi.Var 3E>
M  Contraint for 99260621:SNP.TC: 0 >= <gurobi.LinExpr: REG_3I_99260621:SNP.TC>
M  Contraint for 99245913:SNP.GA: 0 >= <gurobi.LinExpr: REG_3I_99245913:SNP.GA + REG_3H_99245913:SNP.GA + REG_3A_99245913:SNP.GA + REG_3E_99245913:SNP.GA>
M  Contraint for 99264416:SNP.AG: 0 >= <gurobi.LinExpr: REG_3H_99264416:SNP.AG>
M  Contraint for 99245913:SNP.GA: 0 >= <gurobi.LinExpr: REG_3I_99245913:SNP.GA + REG_3H_99245913:SNP.GA + REG_3A_99245913:SNP.GA + REG_3E_99245913:SNP.GA>
M  Contraint for 99245913:SNP.GA: 0 >= <gurobi.LinExpr: REG_3I_99245913:SNP.GA + REG_3H_99245913:SNP.GA + REG_3A_99245913:SNP.GA + REG_3E_99245913:SNP.GA>
M  Contraint for 99250474:SNP.TC: 0 >= <gurobi.LinExpr: REG_3E_99250474:SNP.TC>
M  Contraint for 99245913:SNP.GA: 0 >= <gurobi.LinExpr: REG_3I_99245913:SNP.GA + REG_3H_99245913:SNP.GA + REG_3A_99245913:SNP.GA + REG_3E_99245913:SNP.GA>
M  Contraint for 99245913:SNP.GA: 0 <= <gurobi.QuadExpr: 0.0 + [ REG_3I_99245913:SNP.GA * 3I + REG_3H_99245913:SNP.GA * 3H + REG_3A_99245913:SNP.GA * 3A + REG_3E_99245913:SNP.GA * 3E + EXT_6_99245913:SNP.GA * 6 + EXT_3C_99245913:SNP.GA * 3C ]> <= 1
M  Contraint for 99260621:SNP.TC: 0 <= <gurobi.QuadExpr: 0.0 + [ REG_3I_99260621:SNP.TC * 3I + EXT_3H_99260621:SNP.TC * 3H + EXT_6_99260621:SNP.TC * 6 + EXT_3C_99260621:SNP.TC * 3C + EXT_3A_99260621:SNP.TC * 3A + EXT_3E_99260621:SNP.TC * 3E ]> <= 1
M  Contraint for 99262834:SNP.CT: 1 <= <gurobi.QuadExpr: 0.0 + [ REG_6_99262834:SNP.CT * 6 ]> <= 1
M  Contraint for 99262834:SNP.CT: <gurobi.QuadExpr: 0.0 + [ REG_6_99262834:SNP.CT * 6 ]> <= 1
M  Contraint for 99270538:SNP.TC: 1 <= <gurobi.QuadExpr: 0.0 + [ REG_3I_99270538:SNP.TC * 3I + REG_3H_99270538:SNP.TC * 3H + REG_3C_99270538:SNP.TC * 3C + REG_3A_99270538:SNP.TC * 3A + REG_3E_99270538:SNP.TC * 3E ]> <= 2
M  Contraint for 99270538:SNP.TC: <gurobi.QuadExpr: 0.0 + [ REG_3I_99270538:SNP.TC * 3I + REG_3H_99270538:SNP.TC * 3H + REG_3C_99270538:SNP.TC * 3C + REG_3A_99270538:SNP.TC * 3A + REG_3E_99270538:SNP.TC * 3E ]> <= 2
M  Contraint for 99250474:SNP.TC: 0 <= <gurobi.QuadExpr: 0.0 + [ REG_3E_99250474:SNP.TC * 3E + EXT_3I_99250474:SNP.TC * 3I + EXT_3H_99250474:SNP.TC * 3H + EXT_6_99250474:SNP.TC * 6 + EXT_3C_99250474:SNP.TC * 3C + EXT_3A_99250474:SNP.TC * 3A ]> <= 1
M  Contraint for 99264416:SNP.AG: 0 <= <gurobi.QuadExpr: 0.0 + [ REG_3H_99264416:SNP.AG * 3H + EXT_3I_99264416:SNP.AG * 3I + EXT_6_99264416:SNP.AG * 6 + EXT_3C_99264416:SNP.AG * 3C + EXT_3A_99264416:SNP.AG * 3A + EXT_3E_99264416:SNP.AG * 3E ]> <= 1
CN Solver status: optimal, opt: 86.0
  6: 1
    6.7e 99262834:SNP.CT  296 ( 46 cp. 1) F
  3C: 1
    6.3i 99270538:SNP.TC  351 ( 53 cp. 1) F
Missing:
  6: 1
  3C: 1
Extra:
  6: 1
  3C: 1
Time needed: (8.7)
Result is: [('3C', '6')]
