SAM file: bams/PGXT153.bam
File bams/PGXT153.bam has index
Coverage is 591.249172733
== Allele Filter ==
Refining indel 42524213:INS.g: from 2 of 703.0 to 3 (indel:total = 2:398)
Refining indel 42526656:INS.a: from 1 of 1298.0 to 1 (indel:total = 1:848)
Refining indel 42527886:INS.t: from 4 of 377.0 to 7 (indel:total = 4:211)
 6.rep  42521240: SNP.GA                    5 ( 38%) ~     5 (100)
 6.rep  42521628: SNP.TG                   15 ( 10%) ~    10 ( 67)
 6.rep  42521928: SNP.AG                 1192 (100%) ~     0 (  0)
 6.ins  42522073: SNP.AC                 1121 (100%) ~     2 (  0)
 6.ins  42522137: INS.tgt                 542 ( 82%) ~     6 (  1)
 6.ins  42522140: SNP.GT                   44 (  7%) ~     0 (  0)
 6.ins  42522141: SNP.AG                   44 (  7%) ~     0 (  0)
 6.ins  42522144: SNP.GA                   30 (  5%) ~     0 (  0)
 6.9e   42522612: SNP.CG     4180:G>C     861 (100%) ~     1 (  0)
 6.7i   42523052: SNP.CA                  102 ( 22%) ~   102 (100)
 6.7i   42523408: SNP.TG     3384:A>C     834 (100%) ~     2 (  0)
 6.7e   42523609: SNP.CT     3183:G>A    1564 ( 97%) ~     1 (  0)
 6.6i   42523786: SNP.GC                   43 (  6%) ~     0 (  0)
 6.6e   42523854: SNP.GA     2938:C>T      50 (  7%) ~     5 ( 10)
 6.6e   42523856: SNP.AG                   53 (  7%) ~     5 (  9)
 6.6e   42523942: SNP.GA     2850:C>T     745 ( 82%) ~     0 (  0)
 6.6e   42523974: SNP.TC                   84 (  9%) ~     4 (  5)
 6.5i   42524079: SNP.TG                  117 ( 16%) ~     0 (  0)
 6.5i   42524135: SNP.AC                   44 (  6%) ~     0 (  0)
 6.5i   42524139: SNP.AC                   61 (  9%) ~     1 (  2)
 6.5i   42524142: SNP.AC                   99 ( 15%) ~     0 (  0)
 6.5i   42524155: SNP.AC                   40 (  6%) ~     0 (  0)
 6.4i   42524500: SNP.CT                  775 ( 97%) ~     0 (  0)
 6.4i   42524577: SNP.TC                  726 ( 97%) ~     4 (  1)
 6.4i   42524669: SNP.GA                  824 ( 96%) ~    13 (  2)
 6.3i   42525009: SNP.TG                   85 (  7%) ~    49 ( 58)
 6.3e   42525131: SNP.CG     1661:G>C    1413 (100%) ~     1 (  0)
 6.3e   42525133: SNP.CT     1659:G>A    1377 (100%) ~     1 (  0)
 6.2i   42525408: SNP.AC                   68 (  5%) ~     0 (  0)
 6.2i   42525457: SNP.TC                   78 (  6%) ~     0 (  0)
 6.2i   42525504: SNP.CG                 1266 (100%) ~     0 (  0)
 6.2i   42525505: SNP.GC                 1278 (100%) ~     0 (  0)
 6.2e   42525799: SNP.TG                   32 (  7%) ~     0 (  0)
 6.1i   42525951: SNP.AC     843:T>G     1136 (100%) ~  1072 ( 94)
 6.1i   42526048: SNP.GC     746:C>G     1153 (100%) ~  1133 ( 98)
 6.1i   42526050: DEL.G                   517 ( 45%) ~   497 ( 96)
 6.1i   42526483: SNP.CA     310:G>T      771 (100%) ~     0 (  0)
 6.1e   42526695: SNP.TG                   98 (  7%) ~     0 (  0)
 6.0i   42526968: SNP.CT     -176:G>A     712 ( 97%) ~     0 (  0)
 6.0i   42527470: SNP.CT     -678:G>A     257 ( 22%) ~   253 ( 98)
 6.0i   42527532: SNP.GA     -740:C>T     878 (100%) ~     2 (  0)
 6.0i   42527590: SNP.AC                   49 (  6%) ~     0 (  0)
 6.0i   42527655: SNP.AC                   40 (  7%) ~     0 (  0)
 6.0i   42527978: SNP.AG                    7 (  9%) ~     0 (  0)
 6.0i   42527988: SNP.TC                    8 ( 12%) ~     0 (  0)
 6.0i   42527998: SNP.CG                    3 (  5%) ~     0 (  0)
 6.0i   42527999: SNP.TG                    6 ( 10%) ~     0 (  0)
 6.0i   42528003: SNP.AG                    4 (  7%) ~     0 (  0)
 6.0i   42528012: SNP.AC                    7 ( 14%) ~     0 (  0)
 6.0i   42528012: SNP.AG                    3 (  6%) ~     0 (  0)
 6.0i   42528015: SNP.AC                    9 ( 18%) ~     0 (  0)
 6.0i   42528019: SNP.AC                    9 ( 20%) ~     0 (  0)
 6.0i   42528020: SNP.GC                    3 (  8%) ~     0 (  0)
 6.0i   42528023: SNP.TC                    2 (  6%) ~     0 (  0)
 6.0i   42528024: SNP.AN                    2 (  7%) ~     0 (  0)
 6.0i   42528026: SNP.TA                    4 ( 17%) ~     0 (  0)
 6.0i   42528027: SNP.TC     -1235:A>G     22 (100%) ~     0 (  0)
 6.0i   42528205: SNP.CT                    7 (100%) ~     0 (  0)
 6.0i   42528215: SNP.AT                    5 (100%) ~     0 (  0)
 6.0i   42528391: SNP.AG                   31 (100%) ~     0 (  0)
 7.rep  42532958: SNP.AG                    6 (100%) ~     6 (100)
 7.rep  42532962: SNP.CA                    2 ( 33%) ~     2 (100)
 7.rep  42533396: SNP.GA                    3 ( 21%) ~     3 (100)
 7.rep  42533440: SNP.AT                    2 (  7%) ~     2 (100)
 7.rep  42533904: SNP.AG                   91 (100%) ~     7 (  8)
 7.rep  42534050: SNP.AG                  515 (100%) ~     3 (  1)
 7.pce  42534275: SNP.CG                    2 ( 10%) ~     0 (  0)
 7.ins  42535788: SNP.AC                   29 (  6%) ~     0 (  0)
 7.ins  42535801: SNP.AC                   39 (  6%) ~     0 (  0)
 7.ins  42535817: SNP.AG                  257 ( 29%) ~     3 (  1)
 7.ins  42535866: SNP.CT                  788 ( 56%) ~    17 (  2)
 7.9e   42536341: SNP.CT                  601 (100%) ~     2 (  0)
 7.9e   42536360: SNP.CG                   36 (  5%) ~     0 (  0)
 7.9e   42536366: SNP.CG                   39 (  5%) ~     0 (  0)
 7.9e   42536410: SNP.TG                  115 ( 13%) ~     1 (  1)
 7.8e   42536652: SNP.TC                  315 ( 20%) ~   188 ( 60)
 7.7i   42536765: SNP.CA                 1101 ( 55%) ~   122 ( 11)
 7.7i   42536916: SNP.GA                  291 ( 40%) ~     3 (  1)
 7.7i   42536923: SNP.CT                   95 ( 14%) ~    61 ( 64)
 7.7i   42537022: SNP.TC                  244 ( 43%) ~    19 (  8)
 7.7i   42537060: SNP.AG                  621 (100%) ~    19 (  3)
 7.7e   42537191: SNP.GA                 1220 (100%) ~     0 (  0)
 7.6i   42537403: SNP.GC                 1036 (100%) ~     0 (  0)
 7.6e   42537596: SNP.AG                  339 ( 97%) ~    12 (  4)
 7.6e   42537617: SNP.AG                   82 ( 25%) ~    14 ( 17)
 7.6e   42537618: SNP.GA                   84 ( 26%) ~    14 ( 17)
 7.6e   42537627: SNP.TC                  102 ( 31%) ~    14 ( 14)
 7.6e   42537629: SNP.CG                  100 ( 31%) ~    12 ( 12)
 7.5i   42537739: SNP.CT                  548 ( 97%) ~    23 (  4)
 7.5i   42537781: SNP.TG                  114 ( 19%) ~     2 (  2)
 7.5i   42537841: SNP.AC                   52 (  8%) ~     0 (  0)
 7.5i   42537844: SNP.AC                   77 ( 12%) ~     0 (  0)
 7.4i   42538228: SNP.GA                  569 (100%) ~     0 (  0)
 7.3i   42538675: SNP.TC                  913 (100%) ~    66 (  7)
 7.3e   42538875: SNP.AT                  749 (100%) ~     0 (  0)
 7.2i   42538929: SNP.AC                   40 (  9%) ~     0 (  0)
 7.2i   42539155: SNP.AC                    2 (  6%) ~     0 (  0)
 7.2i   42539181: SNP.CN                    2 (  6%) ~     0 (  0)
 7.2i   42539217: SNP.GC                    2 (  5%) ~     0 (  0)
 7.2i   42539261: SNP.TG                    7 (  8%) ~     0 (  0)
 7.2e   42539463: SNP.TG                    6 (  5%) ~     0 (  0)
 7.1i   42539721: DEL.G                   529 ( 45%) ~   529 (100)
 7.1e   42540356: SNP.GC                 1267 ( 94%) ~     0 (  0)
 7.1e   42540367: SNP.TG                  234 ( 17%) ~     0 (  0)
 7.0i   42541142: SNP.TC                  239 ( 20%) ~   238 (100)
 7.0i   42541262: SNP.AC                   48 (  6%) ~     0 (  0)
 7.0i   42541327: SNP.GA                  514 (100%) ~     0 (  0)
 7.0i   42541655: SNP.TC                   18 (100%) ~     0 (  0)
 7.0i   42545360: SNP.TA                    2 (100%) ~     0 (  0)
Removing 10B   6.1e 42526693:SNP.GA
Removing 10A   6.1e 42526693:SNP.GA
Removing 10D   6.1e 42526693:SNP.GA
Removing 10DW  6.1e 42526693:SNP.GA
Removing 10BW  6.1e 42526693:SNP.GA
Removing 10AW  6.1e 42526693:SNP.GA
Removing 100   6.1e 42526693:SNP.GA,  6.6e 42523964:DEL.G
Removing 101   6.1e 42526693:SNP.GA,  6.6e 42523847:DEL.CACATCCGGATGTAGGATC
Removing 102   6.2e 42525822:SNP.GA
Removing 103   6.2e 42525822:SNP.GA,  6.3e 42525043:SNP.TC
Removing 104   6.3e 42525072:SNP.TA
Removing 105   6.7e 42523524:SNP.AG
Removing 108   6.7e 42523566:SNP.TC,  6.7e 42523557:SNP.TC
Removing 109   6.5e 42524175:DEL.CTT
Removing 11W   6.1i 42525911:SNP.CG,  6.0i 42528381:SNP.GC
Removing 11    6.1i 42525911:SNP.CG
Removing 12    6.1e 42526669:SNP.CT
Removing 14BW  6.3e 42525034:SNP.CT,  6.0i 42528381:SNP.GC
Removing 14AW  6.1e 42526693:SNP.GA,  6.3e 42525034:SNP.CT,  6.0i 42528381:SNP.GC
Removing 14B   6.3e 42525034:SNP.CT
Removing 14A   6.1e 42526693:SNP.GA,  6.3e 42525034:SNP.CT
Removing 15    6.1e 42526656:INS.a
Removing 17    6.2e 42525771:SNP.GA
Removing 17W   6.2e 42525771:SNP.GA
Removing 18    6.9e 42522667:INS.agtgggcac
Removing 19    6.5e 42524250:DEL.AGTT
Removing 2KW   6.0i 42528381:SNP.GC
Removing 2A    6.0i 42528381:SNP.GC
Removing 2CW   6.0i 42528381:SNP.GC
Removing 2AW   6.0i 42528381:SNP.GC
Removing 2FW   6.0i 42528381:SNP.GC
Removing 2HW   6.0i 42528381:SNP.GC
Removing 2DW   6.0i 42528381:SNP.GC
Removing 2GW   6.0i 42528381:SNP.GC
Removing 2MW   6.0i 42528381:SNP.GC
Removing 2BW   6.0i 42528381:SNP.GC
Removing 2LW   6.0i 42528381:SNP.GC
Removing 2EW   6.0i 42528381:SNP.GC
Removing 20    6.4e 42524819:INS.c,  6.4e 42524814:SNP.GA,  6.4e 42524813:SNP.AG
Removing 21B   6.0i 42528381:SNP.GC,  6.5e 42524213:INS.g
Removing 21A   6.0i 42528381:SNP.GC,  6.5e 42524213:INS.g
Removing 22    6.1e 42526711:SNP.GA
Removing 23    6.2e 42525837:SNP.GA
Removing 24    6.6e 42523939:SNP.TG
Removing 25    6.7e 42523594:SNP.GC
Removing 26    6.7e 42523515:SNP.AG
Removing 27    6.8e 42522939:SNP.CT
Removing 28    6.1e 42526774:SNP.CT,  6.3e 42525088:SNP.GC
Removing 28W   6.1e 42526774:SNP.CT,  6.3e 42525088:SNP.GC,  6.0i 42528381:SNP.GC
Removing 3B    6.3e 42525043:SNP.TC,  6.5e 42524243:DEL.T
Removing 3A    6.5e 42524243:DEL.T
Removing 30    6.4e 42524929:INS.ggggcgaaa
Removing 31    6.0i 42528381:SNP.GC,  6.9e 42522750:SNP.CT
Removing 32    6.8e 42522939:SNP.CT
Removing 33    6.5e 42524309:SNP.CA
Removing 35B   6.0i 42528381:SNP.GC,  6.1e 42526762:SNP.CT
Removing 35A   6.0i 42528381:SNP.GC,  6.1e 42526762:SNP.CT
Removing 36    6.1e 42526693:SNP.GA
Removing 37    6.1e 42526693:SNP.GA,  6.4e 42524849:SNP.CT
Removing 38    6.5e 42524202:DEL.AGTC
Removing 4GW   6.1e 42526693:SNP.GA,  6.2e 42525820:SNP.GT,  6.2e 42525810:SNP.TC,  6.3i 42524946:SNP.CT
Removing 4HW   6.1e 42526693:SNP.GA,  6.2e 42525820:SNP.GT,  6.2e 42525810:SNP.TC,  6.3i 42524946:SNP.CT,  6.8e 42522915:SNP.CG
Removing 4FW   6.1e 42526693:SNP.GA,  6.2e 42525820:SNP.GT,  6.2e 42525810:SNP.TC,  6.3i 42524946:SNP.CT,  6.4e 42524934:SNP.GA
Removing 4KW   6.1e 42526693:SNP.GA,  6.3i 42524946:SNP.CT
Removing 4AW   6.1e 42526693:SNP.GA,  6.2e 42525820:SNP.GT,  6.2e 42525810:SNP.TC,  6.3i 42524946:SNP.CT
Removing 4N    6.1e 42526693:SNP.GA,  6.2e 42525820:SNP.GT,  6.2e 42525810:SNP.TC,  6.3i 42524946:SNP.CT
Removing 4M    6.2e 42525820:SNP.GT,  6.2e 42525810:SNP.TC,  6.3i 42524946:SNP.CT
Removing 4J    6.1e 42526693:SNP.GA,  6.2e 42525820:SNP.GT,  6.2e 42525810:SNP.TC,  6.3i 42524946:SNP.CT
Removing 4K    6.1e 42526693:SNP.GA,  6.3i 42524946:SNP.CT
Removing 4H    6.1e 42526693:SNP.GA,  6.2e 42525820:SNP.GT,  6.2e 42525810:SNP.TC,  6.3i 42524946:SNP.CT,  6.8e 42522915:SNP.CG
Removing 4CW   6.1e 42526693:SNP.GA,  6.3i 42524946:SNP.CT,  6.8e 42522905:SNP.AG
Removing 4D    6.1e 42526693:SNP.GA,  6.3i 42524946:SNP.CT
Removing 4LW   6.1e 42526693:SNP.GA,  6.3i 42524946:SNP.CT
Removing 4B    6.1e 42526693:SNP.GA,  6.2e 42525820:SNP.GT,  6.2e 42525810:SNP.TC,  6.3i 42524946:SNP.CT
Removing 4A    6.1e 42526693:SNP.GA,  6.2e 42525820:SNP.GT,  6.2e 42525810:SNP.TC,  6.3i 42524946:SNP.CT
Removing 4BW   6.1e 42526693:SNP.GA,  6.2e 42525820:SNP.GT,  6.2e 42525810:SNP.TC,  6.3i 42524946:SNP.CT
Removing 4JW   6.1e 42526693:SNP.GA,  6.2e 42525820:SNP.GT,  6.2e 42525810:SNP.TC,  6.3i 42524946:SNP.CT
Removing 4L    6.1e 42526693:SNP.GA,  6.3i 42524946:SNP.CT
Removing 4EW   6.1e 42526693:SNP.GA,  6.3i 42524946:SNP.CT
Removing 4P    6.1e 42526693:SNP.GA,  6.2e 42525820:SNP.GT,  6.2e 42525810:SNP.TC,  6.3i 42524946:SNP.CT,  6.5e 42524216:SNP.GA
Removing 4F    6.1e 42526693:SNP.GA,  6.2e 42525820:SNP.GT,  6.2e 42525810:SNP.TC,  6.3i 42524946:SNP.CT,  6.4e 42524934:SNP.GA
Removing 4G    6.1e 42526693:SNP.GA,  6.2e 42525820:SNP.GT,  6.2e 42525810:SNP.TC,  6.3i 42524946:SNP.CT
Removing 4E    6.1e 42526693:SNP.GA,  6.3i 42524946:SNP.CT
Removing 4DW   6.1e 42526693:SNP.GA,  6.3i 42524946:SNP.CT
Removing 4C    6.1e 42526693:SNP.GA,  6.3i 42524946:SNP.CT,  6.8e 42522905:SNP.AG
Removing 40    6.2e 42525771:SNP.GA,  6.4e 42524929:INS.ggggcgaaaggggcgaaa
Removing 41    6.6i 42523804:SNP.CT
Removing 42    6.7e 42523533:INS.ac
Removing 43    6.1e 42526716:SNP.CT
Removing 44    6.1e 42526711:SNP.GA,  6.6i 42523842:SNP.CG
Removing 45A   6.3e 42525076:SNP.CT
Removing 45B   6.3e 42525076:SNP.CT
Removing 46    6.1e 42526716:SNP.CT,  6.3e 42525076:SNP.CT
Removing 47    6.1e 42526720:SNP.GA,  6.1e 42526693:SNP.GA
Removing 48    6.2e 42525822:SNP.GA
Removing 49    6.1e 42526693:SNP.GA,  6.3e 42525181:SNP.AT
Removing 50    6.3e 42525072:SNP.TG
Removing 51    6.0i 42528381:SNP.GC,  6.7e 42523620:SNP.TG
Removing 52    6.1e 42526693:SNP.GA,  6.8e 42522915:SNP.CT
Removing 53    6.3e 42525181:SNP.AT,  6.3e 42525175:SNP.CA
Removing 54    6.1e 42526693:SNP.GA,  6.5e 42524236:SNP.GA
Removing 55    6.8e 42522957:SNP.TG
Removing 56A   6.0i 42528381:SNP.GC,  6.7e 42523591:SNP.GA
Removing 56B   6.1e 42526693:SNP.GA,  6.7e 42523591:SNP.GA
Removing 57    6.1e 42526693:SNP.GA,  6.2e 42525907:SNP.GA
Removing 58    6.2e 42525771:SNP.GA,  6.4e 42524929:INS.ggggcgaaa
Removing 59    6.6e 42523853:SNP.CT
Removing 6A    6.3e 42525085:DEL.A
Removing 6B    6.3e 42525085:DEL.A,  6.4e 42524816:SNP.CT
Removing 6C    6.3e 42525085:DEL.A,  6.4e 42524816:SNP.CT
Removing 6D    6.3e 42525085:DEL.A,  6.7e 42523504:SNP.CT
Removing 60    6.4e 42524905:INS.ta
Removing 62    6.9e 42522748:SNP.GA
Removing 63    6.0i 42528381:SNP.GC
Removing 64    6.1e 42526693:SNP.GA,  6.2e 42525771:SNP.GA
Removing 65    6.1e 42526693:SNP.GA
Removing 68    6.1e 42526693:SNP.GA
Removing 69    6.1e 42526693:SNP.GA,  6.6i 42523804:SNP.CT
Removing 7     6.6e 42523857:SNP.TG
Removing 70    6.3e 42525184:SNP.CT
Removing 71    6.0i 42528381:SNP.GC,  6.1e 42526668:SNP.CT
Removing 72    6.1e 42526693:SNP.GA,  6.7e 42523474:SNP.CT
Removing 73    6.2e 42525781:SNP.CT
Removing 74    6.2e 42525820:SNP.GT
Removing 75    6.9e 42522747:SNP.CT
Removing 8     6.3e 42525034:SNP.CA
Removing 81    6.5e 42524213:SNP.GA,  6.5e 42524186:SNP.CT,  6.5e 42524182:SNP.AT
Removing 82    6.2e 42525820:SNP.GT,  6.2e 42525810:SNP.TC,  6.2e 42525780:SNP.AG,  6.2e 42525772:SNP.TA,  6.2e 42525771:SNP.GT,  6.2e 42525766:SNP.TC
Removing 84    6.5e 42524218:SNP.GT
Removing 85    6.9e 42522635:SNP.AC
Removing 86    6.5e 42524186:SNP.CT,  6.5e 42524182:SNP.AT
Removing 87    6.1e 42526779:SNP.GA,  6.1e 42526693:SNP.GA
Removing 88    6.2e 42525780:SNP.AG
Removing 89    6.3e 42525114:SNP.AG
Removing 9     6.5e 42524175:DEL.CTT
Removing 90    6.3e 42525099:SNP.TC
Removing 91    6.3e 42525057:SNP.CG,  6.6i 42523804:SNP.CT
Removing 92    6.4e 42524797:DEL.G
Removing 93    6.5e 42524273:SNP.TG
Removing 94B   6.1e 42526693:SNP.GA,  6.7e 42523611:SNP.TC
Removing 94A   6.1e 42526693:SNP.GA,  6.7e 42523611:SNP.TC
Removing 95    6.1e 42526693:SNP.GA,  6.7e 42523458:SNP.CT
Removing 96    6.8e 42522897:SNP.GA
Removing 97    6.9e 42522698:SNP.GT
Removing 98    6.9e 42522682:SNP.GC
Initial status
  CYP2D6.1B
    6.8e           42522964:SNP.CT    0 (  0)   3828:G>A
  CYP2D6.1E
    6.4e           42524923:SNP.AG    0 (  0)   1869:T>C
  CYP2D6.1C
    6.4e           42524814:SNP.GA    0 (  0)   1978:C>T
  CYP2D6.1D
    6.5e           42524217:SNP.GT    0 (  0)   2575:C>A
  CYP2D6.1
  CYP2D6.107
    6.3e           42525133:SNP.CT 1377 (100) F 1659:G>A
  CYP2D6.13$1
  CYP2D6.16$1
  CYP2D6.2D
    6.9e           42522612:SNP.CG  861 (100) F 4180:G>C
    6.6e           42523942:SNP.GA  745 ( 82) F 2850:C>T
  CYP2D6.2E
    6.9e           42522612:SNP.CG  861 (100) F 4180:G>C
    6.6e           42523942:SNP.GA  745 ( 82) F 2850:C>T
    6.3e           42525131:SNP.CG 1413 (100)   1661:G>C
    6.2e           42525797:SNP.GC    0 (  0)   997:C>G
  CYP2D6.2F
    6.9e           42522612:SNP.CG  861 (100) F 4180:G>C
    6.6e           42523942:SNP.GA  745 ( 82) F 2850:C>T
    6.3e           42525068:SNP.GA    0 (  0)   1724:C>T
    6.3e           42525131:SNP.CG 1413 (100)   1661:G>C
  CYP2D6.2G
    6.9e           42522612:SNP.CG  861 (100) F 4180:G>C
    6.6e           42523942:SNP.GA  745 ( 82) F 2850:C>T
    6.5e           42524217:SNP.GT    0 (  0)   2575:C>A
    6.5e           42524322:SNP.AG    0 (  0)   2470:T>C
    6.3e           42525131:SNP.CG 1413 (100)   1661:G>C
  CYP2D6.2B
    6.9e           42522612:SNP.CG  861 (100) F 4180:G>C
    6.6e           42523942:SNP.GA  745 ( 82) F 2850:C>T
    6.3e           42525131:SNP.CG 1413 (100)   1661:G>C
    6.2e           42525755:SNP.GA    0 (  0)   1039:C>T
  CYP2D6.2C
    6.9e           42522612:SNP.CG  861 (100) F 4180:G>C
    6.6e           42523942:SNP.GA  745 ( 82) F 2850:C>T
    6.5e           42524322:SNP.AG    0 (  0)   2470:T>C
    6.3e           42525131:SNP.CG 1413 (100)   1661:G>C
  CYP2D6.2L
    6.9e           42522612:SNP.CG  861 (100) F 4180:G>C
    6.7i           42523002:SNP.GA   11 (  3)   3790:C>T
    6.7i           42523208:SNP.CT    0 (  0)   3584:G>A
    6.7i           42523408:SNP.TG  834 (100)   3384:A>C
    6.6e           42523942:SNP.GA  745 ( 82) F 2850:C>T
    6.3e           42525035:SNP.GA    0 (  0)   1757:C>T
    6.3e           42525131:SNP.CG 1413 (100)   1661:G>C
    6.2i           42525279:SNP.GA    0 (  0)   1513:C>T
    6.1i           42525951:SNP.AC 1136 (100)   843:T>G
    6.1i           42526048:SNP.GC 1153 (100)   746:C>G
    6.1i           42526483:SNP.CA  771 (100)   310:G>T
    6.0i           42527532:SNP.GA  878 (100)   -740:C>T
    6.0i           42528027:SNP.TC   22 (100)   -1235:A>G
    6.0i           42528095:SNP.CT    0 (  0)   -1298:G>A
  CYP2D6.2M
    6.ins          42522311:SNP.CT    0 (  0)   4481:G>A
    6.9e           42522612:SNP.CG  861 (100) F 4180:G>C
    6.7i           42523002:SNP.GA   11 (  3)   3790:C>T
    6.7i           42523208:SNP.CT    0 (  0)   3584:G>A
    6.7i           42523408:SNP.TG  834 (100)   3384:A>C
    6.6e           42523942:SNP.GA  745 ( 82) F 2850:C>T
    6.3e           42525131:SNP.CG 1413 (100)   1661:G>C
    6.1i           42525951:SNP.AC 1136 (100)   843:T>G
    6.1i           42526048:SNP.GC 1153 (100)   746:C>G
    6.1i           42526483:SNP.CA  771 (100)   310:G>T
    6.1i           42526548:SNP.TC   17 (  3)   CYP2D7:i1:5491
    6.1i           42526560:SNP.TG   26 (  4)   CYP2D7:i1:5503
    6.1i           42526561:SNP.CG   26 (  4)   CYP2D7:i1:5504
    6.1i           42526566:SNP.AG   27 (  4)   CYP2D7:i1:5509
    6.1i           42526570:SNP.GC   27 (  4)   CYP2D7:i1:5513
    6.1i           42526572:SNP.GT   31 (  5)   CYP2D7:i1:5515
    6.0i           42527470:SNP.CT  257 ( 22)   -678:G>A
    6.0i           42527532:SNP.GA  878 (100)   -740:C>T
    6.0i           42527541:DEL.TC    0 (  0)   -750:delGA
    6.0i           42528027:SNP.TC   22 (100)   -1235:A>G
  CYP2D6.2H
    6.9e           42522612:SNP.CG  861 (100) F 4180:G>C
    6.6e           42523942:SNP.GA  745 ( 82) F 2850:C>T
    6.5e           42524312:SNP.GA    0 (  0)   2480:C>T
    6.3e           42525131:SNP.CG 1413 (100)   1661:G>C
  CYP2D6.2K
    6.9e           42522612:SNP.CG  861 (100) F 4180:G>C
    6.9e           42522677:SNP.GA    0 (  0)   4115:C>T
    6.6e           42523942:SNP.GA  745 ( 82) F 2850:C>T
    6.3e           42525131:SNP.CG 1413 (100)   1661:G>C
  CYP2D6.29
    6.9e           42522612:SNP.CG  861 (100) F 4180:G>C
    6.7e           42523609:SNP.CT 1564 ( 97) F 3183:G>A
    6.6e           42523942:SNP.GA  745 ( 82) F 2850:C>T
    6.3e           42525131:SNP.CG 1413 (100)   1661:G>C
    6.3e           42525133:SNP.CT 1377 (100) F 1659:G>A
  CYP2D6.34
    6.6e           42523942:SNP.GA  745 ( 82) F 2850:C>T
  CYP2D6.39
    6.9e           42522612:SNP.CG  861 (100) F 4180:G>C
    6.3e           42525131:SNP.CG 1413 (100)   1661:G>C
  CYP2D6.5
  CYP2D6.61
  CYP2D6.67$1
  CYP2D6.76$1
  CYP2D6.77$1
  CYP2D6.78$1
  CYP2D6.79$1
  CYP2D6.80$1
  CYP2D6.83
    6.1i           42525951:SNP.AC 1136 (100)   843:T>G
== Copy Number Estimator ==
CNV factor: 1.64250548475 (0.608825973055)
Coverage per region
  region:  2D6  2D7
  0i   :  2.15  1.92 
  1e   :  1.87  1.87 = -0.00
  1i   :  1.97  1.98 = -0.00
  2e   :  1.74  1.75 = -0.01
  2i   :  2.01  1.98 =  0.03
  3e   :  2.21  1.81 =  0.40
  3i   :  2.34  2.02 
  4e   :  1.65  2.32 
  4i   :  1.70  2.69 
  5e   :  2.06  2.09 = -0.03
  5i   :  1.73  1.94 = -0.21
  6e   :  2.16  1.73 =  0.43
  6i   :  2.03  1.97 =  0.06
  7e   :  1.62  1.96 
  7i   :  1.56  2.11 
  8e   :  1.70  2.68 
  8i   :  2.26  2.51 
  9e   :  2.06  2.09 = -0.03
  ins  :  1.96  1.86 
  pce  :  0.00  2.18 = -2.18
  rep  :  1.87  2.26 
Max. CN = 3
M  Sentinel contraint for 61: A_61^ <= A_61
M  Sentinel contraint for 67: A_67^ <= A_67
M  Sentinel contraint for 80: A_80^ <= A_80
M  Sentinel contraint for 1: A_1^ <= A_1
M  Sentinel contraint for 5: A_5^ <= A_5
M  Sentinel contraint for 77: A_77^ <= A_77
M  Sentinel contraint for 76: A_76^ <= A_76
M  Sentinel contraint for 79: A_79^ <= A_79
M  Sentinel contraint for 78: A_78^ <= A_78
M  Sentinel contraint for 13: A_13^ <= A_13
M  Sentinel contraint for 16: A_16^ <= A_16
M  Sentinel contraint for 36: A_36^ <= A_36
M  Sentinel contraint for 36: A_36_2 <= A_36
M  Sentinel contraint for 36: A_36_3 <= A_36_2
M  Sentinel contraint for 1: A_1_3 <= A_1_2
M  Contraint for 6e: 0.432175085993 == E_6e + <gurobi.LinExpr: 0.0 A5^ + -1.0 A5^ + A78^ + -0.0 A78^ + A1^ + -1.0 A1^ + A61 + -1.0 A61 + A1_3 + -0.0 A1_3 + A80^ + -0.0 A80^ + A67 + -0.0 A67 + A80 + -0.0 A80 + A67^ + -0.0 A67^ + A61^ + -1.0 A61^ + 0.0 A77^ + -1.0 A77^ + A1 + -1.0 A1 + 0.0 A16^ + -1.0 A16^ + 0.0 A5 + -1.0 A5 + A36_2 + -0.0 A36_2 + A36_3 + -0.0 A36_3 + A79^ + -0.0 A79^ + 0.0 A77 + -1.0 A77 + 0.0 A76 + -1.0 A76 + A79 + -0.0 A79 + A78 + -0.0 A78 + A36^ + -1.0 A36^ + A13 + -0.0 A13 + 0.0 A76^ + -1.0 A76^ + 0.0 A16 + -1.0 A16 + A36 + -1.0 A36 + A13^ + -0.0 A13^ + A1_2 + -0.0 A1_2>
M  Contraint for 5e: -0.0270068200466 == E_5e + <gurobi.LinExpr: 0.0 A5^ + -1.0 A5^ + A78^ + -0.0 A78^ + A1^ + -1.0 A1^ + A61 + -1.0 A61 + A1_3 + -0.0 A1_3 + A80^ + -0.0 A80^ + 0.5 A67 + -0.5 A67 + A80 + -0.0 A80 + 0.5 A67^ + -0.5 A67^ + A61^ + -1.0 A61^ + 0.0 A77^ + -1.0 A77^ + A1 + -1.0 A1 + 0.0 A16^ + -1.0 A16^ + 0.0 A5 + -1.0 A5 + A36_2 + -0.0 A36_2 + A36_3 + -0.0 A36_3 + A79^ + -0.0 A79^ + 0.0 A77 + -1.0 A77 + 0.0 A76 + -1.0 A76 + A79 + -0.0 A79 + A78 + -0.0 A78 + A36^ + -1.0 A36^ + A13 + -0.0 A13 + 0.0 A76^ + -1.0 A76^ + 0.0 A16 + -1.0 A16 + A36 + -1.0 A36 + A13^ + -0.0 A13^ + A1_2 + -0.0 A1_2>
M  Contraint for 6i: 0.0580322987812 == E_6i + <gurobi.LinExpr: 0.0 A5^ + -1.0 A5^ + A78^ + -0.0 A78^ + A1^ + -1.0 A1^ + A61 + -1.0 A61 + A1_3 + -0.0 A1_3 + A80^ + -0.0 A80^ + A67 + -0.0 A67 + A80 + -0.0 A80 + A67^ + -0.0 A67^ + A61^ + -1.0 A61^ + 0.0 A77^ + -1.0 A77^ + A1 + -1.0 A1 + 0.0 A16^ + -1.0 A16^ + 0.0 A5 + -1.0 A5 + A36_2 + -0.0 A36_2 + A36_3 + -0.0 A36_3 + A79^ + -0.0 A79^ + 0.0 A77 + -1.0 A77 + 0.0 A76 + -1.0 A76 + A79 + -0.0 A79 + A78 + -0.0 A78 + A36^ + -1.0 A36^ + A13 + -0.0 A13 + 0.0 A76^ + -1.0 A76^ + 0.0 A16 + -1.0 A16 + A36 + -1.0 A36 + A13^ + -0.0 A13^ + A1_2 + -0.0 A1_2>
M  Contraint for 9e: -0.0340076266131 == E_9e + <gurobi.LinExpr: 0.0 A5^ + -1.0 A5^ + A78^ + -0.0 A78^ + A1^ + -1.0 A1^ + 0.0 A61 + -2.0 A61 + A1_3 + -0.0 A1_3 + A80^ + -0.0 A80^ + A67 + -0.0 A67 + A80 + -0.0 A80 + A67^ + -0.0 A67^ + 0.0 A61^ + -2.0 A61^ + A77^ + -0.0 A77^ + A1 + -1.0 A1 + A16^ + -0.0 A16^ + 0.0 A5 + -1.0 A5 + 0.0 A36_2 + -1.0 A36_2 + 0.0 A36_3 + -1.0 A36_3 + A79^ + -0.0 A79^ + A77 + -0.0 A77 + 0.5 A76 + -0.5 A76 + A79 + -0.0 A79 + A78 + -0.0 A78 + 0.0 A36^ + -2.0 A36^ + A13 + -0.0 A13 + 0.5 A76^ + -0.5 A76^ + A16 + -0.0 A16 + 0.0 A36 + -2.0 A36 + A13^ + -0.0 A13^ + A1_2 + -0.0 A1_2>
M  Contraint for 2e: -0.00690388805481 == E_2e + <gurobi.LinExpr: 0.0 A5^ + -1.0 A5^ + 0.0 A78^ + -1.0 A78^ + A1^ + -1.0 A1^ + A61 + -1.0 A61 + A1_3 + -0.0 A1_3 + 0.0 A80^ + -1.0 A80^ + 0.0 A67 + -1.0 A67 + 0.0 A80 + -1.0 A80 + 0.0 A67^ + -1.0 A67^ + A61^ + -1.0 A61^ + 0.0 A77^ + -1.0 A77^ + A1 + -1.0 A1 + 0.0 A16^ + -1.0 A16^ + 0.0 A5 + -1.0 A5 + A36_2 + -0.0 A36_2 + A36_3 + -0.0 A36_3 + 0.5 A79^ + -0.5 A79^ + 0.0 A77 + -1.0 A77 + 0.0 A76 + -1.0 A76 + 0.5 A79 + -0.5 A79 + 0.0 A78 + -1.0 A78 + A36^ + -1.0 A36^ + A13 + -0.0 A13 + 0.0 A76^ + -1.0 A76^ + 0.0 A16 + -1.0 A16 + A36 + -1.0 A36 + A13^ + -0.0 A13^ + A1_2 + -0.0 A1_2>
M  Contraint for 1e: -0.00349484326915 == E_1e + <gurobi.LinExpr: 0.0 A5^ + -1.0 A5^ + 0.0 A78^ + -1.0 A78^ + A1^ + -1.0 A1^ + A61 + -1.0 A61 + A1_3 + -0.0 A1_3 + 0.0 A80^ + -1.0 A80^ + 0.0 A67 + -1.0 A67 + 0.0 A80 + -1.0 A80 + 0.0 A67^ + -1.0 A67^ + A61^ + -1.0 A61^ + 0.0 A77^ + -1.0 A77^ + A1 + -1.0 A1 + 0.0 A16^ + -1.0 A16^ + 0.0 A5 + -1.0 A5 + A36_2 + -0.0 A36_2 + A36_3 + -0.0 A36_3 + 0.0 A79^ + -1.0 A79^ + 0.0 A77 + -1.0 A77 + 0.0 A76 + -1.0 A76 + 0.0 A79 + -1.0 A79 + 0.0 A78 + -1.0 A78 + A36^ + -1.0 A36^ + 0.0 A13 + -1.0 A13 + 0.0 A76^ + -1.0 A76^ + 0.0 A16 + -1.0 A16 + A36 + -1.0 A36 + 0.0 A13^ + -1.0 A13^ + A1_2 + -0.0 A1_2>
M  Contraint for 1i: -0.00273700529396 == E_1i + <gurobi.LinExpr: 0.0 A5^ + -1.0 A5^ + 0.0 A78^ + -1.0 A78^ + A1^ + -1.0 A1^ + A61 + -1.0 A61 + A1_3 + -0.0 A1_3 + 0.0 A80^ + -1.0 A80^ + 0.0 A67 + -1.0 A67 + 0.0 A80 + -1.0 A80 + 0.0 A67^ + -1.0 A67^ + A61^ + -1.0 A61^ + 0.0 A77^ + -1.0 A77^ + A1 + -1.0 A1 + 0.0 A16^ + -1.0 A16^ + 0.0 A5 + -1.0 A5 + A36_2 + -0.0 A36_2 + A36_3 + -0.0 A36_3 + 0.0 A79^ + -1.0 A79^ + 0.0 A77 + -1.0 A77 + 0.0 A76 + -1.0 A76 + 0.0 A79 + -1.0 A79 + 0.0 A78 + -1.0 A78 + A36^ + -1.0 A36^ + 0.5 A13 + -0.5 A13 + 0.0 A76^ + -1.0 A76^ + 0.0 A16 + -1.0 A16 + A36 + -1.0 A36 + 0.5 A13^ + -0.5 A13^ + A1_2 + -0.0 A1_2>
M  Contraint for 5i: -0.209494881206 == E_5i + <gurobi.LinExpr: 0.0 A5^ + -1.0 A5^ + A78^ + -0.0 A78^ + A1^ + -1.0 A1^ + A61 + -1.0 A61 + A1_3 + -0.0 A1_3 + A80^ + -0.0 A80^ + A67 + -0.0 A67 + A80 + -0.0 A80 + A67^ + -0.0 A67^ + A61^ + -1.0 A61^ + 0.0 A77^ + -1.0 A77^ + A1 + -1.0 A1 + 0.0 A16^ + -1.0 A16^ + 0.0 A5 + -1.0 A5 + A36_2 + -0.0 A36_2 + A36_3 + -0.0 A36_3 + A79^ + -0.0 A79^ + 0.0 A77 + -1.0 A77 + 0.0 A76 + -1.0 A76 + A79 + -0.0 A79 + A78 + -0.0 A78 + A36^ + -1.0 A36^ + A13 + -0.0 A13 + 0.0 A76^ + -1.0 A76^ + 0.0 A16 + -1.0 A16 + A36 + -1.0 A36 + A13^ + -0.0 A13^ + A1_2 + -0.0 A1_2>
M  Contraint for 2i: 0.0290544902518 == E_2i + <gurobi.LinExpr: 0.0 A5^ + -1.0 A5^ + 0.0 A78^ + -1.0 A78^ + A1^ + -1.0 A1^ + A61 + -1.0 A61 + A1_3 + -0.0 A1_3 + 0.5 A80^ + -0.5 A80^ + 0.0 A67 + -1.0 A67 + 0.5 A80 + -0.5 A80 + 0.0 A67^ + -1.0 A67^ + A61^ + -1.0 A61^ + 0.0 A77^ + -1.0 A77^ + A1 + -1.0 A1 + 0.0 A16^ + -1.0 A16^ + 0.0 A5 + -1.0 A5 + A36_2 + -0.0 A36_2 + A36_3 + -0.0 A36_3 + A79^ + -0.0 A79^ + 0.0 A77 + -1.0 A77 + 0.0 A76 + -1.0 A76 + A79 + -0.0 A79 + 0.0 A78 + -1.0 A78 + A36^ + -1.0 A36^ + A13 + -0.0 A13 + 0.0 A76^ + -1.0 A76^ + 0.0 A16 + -1.0 A16 + A36 + -1.0 A36 + A13^ + -0.0 A13^ + A1_2 + -0.0 A1_2>
M  Contraint for 3e: 0.397675844276 == E_3e + <gurobi.LinExpr: 0.0 A5^ + -1.0 A5^ + 0.0 A78^ + -1.0 A78^ + A1^ + -1.0 A1^ + A61 + -1.0 A61 + A1_3 + -0.0 A1_3 + A80^ + -0.0 A80^ + 0.0 A67 + -1.0 A67 + A80 + -0.0 A80 + 0.0 A67^ + -1.0 A67^ + A61^ + -1.0 A61^ + 0.0 A77^ + -1.0 A77^ + A1 + -1.0 A1 + 0.0 A16^ + -1.0 A16^ + 0.0 A5 + -1.0 A5 + A36_2 + -0.0 A36_2 + A36_3 + -0.0 A36_3 + A79^ + -0.0 A79^ + 0.0 A77 + -1.0 A77 + 0.0 A76 + -1.0 A76 + A79 + -0.0 A79 + 0.0 A78 + -1.0 A78 + A36^ + -1.0 A36^ + A13 + -0.0 A13 + 0.0 A76^ + -1.0 A76^ + 0.0 A16 + -1.0 A16 + A36 + -1.0 A36 + A13^ + -0.0 A13^ + A1_2 + -0.0 A1_2>
M  Contraint for pce: -2.18453682826 == E_pce + <gurobi.LinExpr: 0.0 A5^ + -1.0 A5^ + A78^ + -0.0 A78^ + 0.0 A1^ + -1.0 A1^ + 0.0 A61 + -2.0 A61 + 0.0 A1_3 + -0.0 A1_3 + A80^ + -0.0 A80^ + A67 + -0.0 A67 + A80 + -0.0 A80 + A67^ + -0.0 A67^ + 0.0 A61^ + -2.0 A61^ + A77^ + -0.0 A77^ + 0.0 A1 + -1.0 A1 + A16^ + -0.0 A16^ + 0.0 A5 + -1.0 A5 + 0.0 A36_2 + -1.0 A36_2 + 0.0 A36_3 + -1.0 A36_3 + A79^ + -0.0 A79^ + A77 + -0.0 A77 + A76 + -0.0 A76 + A79 + -0.0 A79 + A78 + -0.0 A78 + 0.0 A36^ + -2.0 A36^ + A13 + -0.0 A13 + A76^ + -0.0 A76^ + A16 + -0.0 A16 + 0.0 A36 + -2.0 A36 + A13^ + -0.0 A13^ + 0.0 A1_2 + -0.0 A1_2>
M  Objective: <gurobi.LinExpr: C39 + C40 + C41 + C42 + C43 + C44 + C45 + C46 + C47 + C48 + 1.5 C49 + 0.5 A5^ + 0.5 A78^ + 0.5 A1^ + 0.5 A61 + 0.5 A1_3 + 0.5 A80^ + 0.5 A67 + 0.5 A80 + 0.5 A67^ + 0.5 A61^ + 0.5 A77^ + 0.5 A1 + 0.5 A16^ + 0.5 A5 + 0.5 A36_2 + 0.5 A36_3 + 0.5 A79^ + 0.5 A36^ + 0.5 A76 + 0.5 A79 + 0.5 A78 + 0.5 A77 + 0.5 A13 + 0.5 A76^ + 0.5 A16 + 0.5 A36 + 0.5 A13^ + 0.5 A1_2 + 0.1 A78^ + 0.1 A80^ + 0.1 A67 + 0.1 A80 + 0.1 A67^ + 0.1 A77^ + 0.1 A16^ + 0.1 A79^ + 0.1 A76 + 0.1 A79 + 0.1 A78 + 0.1 A77 + 0.1 A13 + 0.1 A76^ + 0.1 A16 + 0.1 A13^>
CN Solver status: optimal, opt: 2.47738802618
  Solutions:
    ('1', '1^')
== Initial Solver ==
Solving Counter({'1': 2})
Possible candidates:
  CYP2D6.1
  CYP2D6.107
    6.3e 42525133:SNP.CT 1377 ( 98) F 1659:G>A
  CYP2D6.2B
    6.6e 42523942:SNP.GA  745 ( 82) F 2850:C>T
    6.9e 42522612:SNP.CG  861 ( 99) F 4180:G>C
  CYP2D6.29
    6.6e 42523942:SNP.GA  745 ( 82) F 2850:C>T
    6.7e 42523609:SNP.CT 1564 ( 97) F 3183:G>A
    6.3e 42525133:SNP.CT 1377 ( 98) F 1659:G>A
    6.9e 42522612:SNP.CG  861 ( 99) F 4180:G>C
  CYP2D6.34
    6.6e 42523942:SNP.GA  745 ( 82) F 2850:C>T
  CYP2D6.39
    6.9e 42522612:SNP.CG  861 ( 99) F 4180:G>C
M  Max. CN for 39 = 2
M  Max. CN for 29 = 2
M  Max. CN for 34 = 2
M  Max. CN for 1 = 2
M  Max. CN for 2B = 2
M  Max. CN for 107 = 2
M  Contraint for 42525133:SNP.CT 6.3e: 1377 == <gurobi.QuadExpr: 0.0 + [ 706.0 REG_29_2_42525133:SNP.CT * 29_2 + 706.0 REG_29_42525133:SNP.CT * 29 + 706.0 REG_107_2_42525133:SNP.CT * 107_2 + 706.0 REG_107_42525133:SNP.CT * 107 ]> + err
M  Contraint for 42523942:REF 6.6e: 162 == <gurobi.QuadExpr: 453.5 29_2 + 453.5 39 + 453.5 39_2 + 453.5 29 + 453.5 34 + 453.5 1 + 453.5 1_2 + 453.5 2B + 453.5 107_2 + 453.5 107 + 453.5 34_2 + 453.5 2B_2 + [ -453.5 REG_29_2_42523942:SNP.GA * 29_2 + -453.5 REG_29_42523942:SNP.GA * 29 + -453.5 REG_34_42523942:SNP.GA * 34 + -453.5 REG_2B_42523942:SNP.GA * 2B + -453.5 REG_34_2_42523942:SNP.GA * 34_2 + -453.5 REG_2B_2_42523942:SNP.GA * 2B_2 ]> + err
M  Contraint for 42523942:SNP.GA 6.6e: 745 == <gurobi.QuadExpr: 0.0 + [ 453.5 REG_29_2_42523942:SNP.GA * 29_2 + 453.5 REG_29_42523942:SNP.GA * 29 + 453.5 REG_34_42523942:SNP.GA * 34 + 453.5 REG_2B_42523942:SNP.GA * 2B + 453.5 REG_34_2_42523942:SNP.GA * 34_2 + 453.5 REG_2B_2_42523942:SNP.GA * 2B_2 ]> + err
M  Contraint for 42525133:REF 6.3e: 35 == <gurobi.QuadExpr: 706.0 29_2 + 706.0 39 + 706.0 39_2 + 706.0 29 + 706.0 34 + 706.0 1 + 706.0 1_2 + 706.0 2B + 706.0 107_2 + 706.0 107 + 706.0 34_2 + 706.0 2B_2 + [ -706.0 REG_29_2_42525133:SNP.CT * 29_2 + -706.0 REG_29_42525133:SNP.CT * 29 + -706.0 REG_107_2_42525133:SNP.CT * 107_2 + -706.0 REG_107_42525133:SNP.CT * 107 ]> + err
M  Contraint for 42522612:REF 6.9e: 7 == <gurobi.QuadExpr: 434.0 29_2 + 434.0 39 + 434.0 39_2 + 434.0 29 + 434.0 34 + 434.0 1 + 434.0 1_2 + 434.0 2B + 434.0 107_2 + 434.0 107 + 434.0 34_2 + 434.0 2B_2 + [ -434.0 REG_29_2_42522612:SNP.CG * 29_2 + -434.0 REG_39_42522612:SNP.CG * 39 + -434.0 REG_39_2_42522612:SNP.CG * 39_2 + -434.0 REG_29_42522612:SNP.CG * 29 + -434.0 REG_2B_42522612:SNP.CG * 2B + -434.0 REG_2B_2_42522612:SNP.CG * 2B_2 ]> + err
M  Contraint for 42523609:SNP.CT 6.7e: 1564 == <gurobi.QuadExpr: 0.0 + [ 806.5 REG_29_2_42523609:SNP.CT * 29_2 + 806.5 REG_29_42523609:SNP.CT * 29 ]> + err
M  Contraint for 42522612:SNP.CG 6.9e: 861 == <gurobi.QuadExpr: 0.0 + [ 434.0 REG_29_2_42522612:SNP.CG * 29_2 + 434.0 REG_39_42522612:SNP.CG * 39 + 434.0 REG_39_2_42522612:SNP.CG * 39_2 + 434.0 REG_29_42522612:SNP.CG * 29 + 434.0 REG_2B_42522612:SNP.CG * 2B + 434.0 REG_2B_2_42522612:SNP.CG * 2B_2 ]> + err
M  Contraint for 42523609:REF 6.7e: 49 == <gurobi.QuadExpr: 806.5 29_2 + 806.5 39 + 806.5 39_2 + 806.5 29 + 806.5 34 + 806.5 1 + 806.5 1_2 + 806.5 2B + 806.5 107_2 + 806.5 107 + 806.5 34_2 + 806.5 2B_2 + [ -806.5 REG_29_2_42523609:SNP.CT * 29_2 + -806.5 REG_29_42523609:SNP.CT * 29 ]> + err
M  Contraint for 29_2 42523609:SNP.CT: <gurobi.Var 29_2> >= <gurobi.Var REG_29_2_42523609:SNP.CT>
M  Contraint for 29_2 42523942:SNP.GA: <gurobi.Var 29_2> >= <gurobi.Var REG_29_2_42523942:SNP.GA>
M  Contraint for 29_2 42525133:SNP.CT: <gurobi.Var 29_2> >= <gurobi.Var REG_29_2_42525133:SNP.CT>
M  Contraint for 29_2 42522612:SNP.CG: <gurobi.Var 29_2> >= <gurobi.Var REG_29_2_42522612:SNP.CG>
M  Contraint for 39 42522612:SNP.CG: <gurobi.Var 39> >= <gurobi.Var REG_39_42522612:SNP.CG>
M  Contraint for 39_2 42522612:SNP.CG: <gurobi.Var 39_2> >= <gurobi.Var REG_39_2_42522612:SNP.CG>
M  Contraint for 29 42523609:SNP.CT: <gurobi.Var 29> >= <gurobi.Var REG_29_42523609:SNP.CT>
M  Contraint for 29 42523942:SNP.GA: <gurobi.Var 29> >= <gurobi.Var REG_29_42523942:SNP.GA>
M  Contraint for 29 42525133:SNP.CT: <gurobi.Var 29> >= <gurobi.Var REG_29_42525133:SNP.CT>
M  Contraint for 29 42522612:SNP.CG: <gurobi.Var 29> >= <gurobi.Var REG_29_42522612:SNP.CG>
M  Contraint for 34 42523942:SNP.GA: <gurobi.Var 34> >= <gurobi.Var REG_34_42523942:SNP.GA>
M  Contraint for 2B 42523942:SNP.GA: <gurobi.Var 2B> >= <gurobi.Var REG_2B_42523942:SNP.GA>
M  Contraint for 2B 42522612:SNP.CG: <gurobi.Var 2B> >= <gurobi.Var REG_2B_42522612:SNP.CG>
M  Contraint for 107_2 42525133:SNP.CT: <gurobi.Var 107_2> >= <gurobi.Var REG_107_2_42525133:SNP.CT>
M  Contraint for 107 42525133:SNP.CT: <gurobi.Var 107> >= <gurobi.Var REG_107_42525133:SNP.CT>
M  Contraint for 34_2 42523942:SNP.GA: <gurobi.Var 34_2> >= <gurobi.Var REG_34_2_42523942:SNP.GA>
M  Contraint for 2B_2 42523942:SNP.GA: <gurobi.Var 2B_2> >= <gurobi.Var REG_2B_2_42523942:SNP.GA>
M  Contraint for 2B_2 42522612:SNP.CG: <gurobi.Var 2B_2> >= <gurobi.Var REG_2B_2_42522612:SNP.CG>
M  CN contraint for 1: 2 == <gurobi.LinExpr: 29_2 + 39 + 39_2 + 29 + 34 + 1 + 1_2 + 2B + 107_2 + 107 + 34_2 + 2B_2>
M  Sentinel contraint for 39: A_39_2 <= A_39
M  Sentinel contraint for 29: A_29_2 <= A_29
M  Sentinel contraint for 34: A_34_2 <= A_34
M  Sentinel contraint for 1: A_1_2 <= A_1
M  Sentinel contraint for 2B: A_2B_2 <= A_2B
M  Sentinel contraint for 107: A_107_2 <= A_107
M  Objective: <gurobi.LinExpr: C52 + C53 + C54 + C55 + C56 + C57 + C58 + C59>
M  Contraint for 29_2: A_29_2 * (<gurobi.LinExpr: REG_29_2_42522612:SNP.CG + REG_29_2_42523609:SNP.CT + REG_29_2_42523942:SNP.GA + REG_29_2_42525133:SNP.CT> - 4) == 0
M  Contraint for 39: A_39 * (<gurobi.LinExpr: REG_39_42522612:SNP.CG> - 1) == 0
M  Contraint for 39_2: A_39_2 * (<gurobi.LinExpr: REG_39_2_42522612:SNP.CG> - 1) == 0
M  Contraint for 29: A_29 * (<gurobi.LinExpr: REG_29_42522612:SNP.CG + REG_29_42523609:SNP.CT + REG_29_42523942:SNP.GA + REG_29_42525133:SNP.CT> - 4) == 0
M  Contraint for 34: A_34 * (<gurobi.LinExpr: REG_34_42523942:SNP.GA> - 1) == 0
M  Contraint for 2B: A_2B * (<gurobi.LinExpr: REG_2B_42522612:SNP.CG + REG_2B_42523942:SNP.GA> - 2) == 0
M  Contraint for 107_2: A_107_2 * (<gurobi.LinExpr: REG_107_2_42525133:SNP.CT> - 1) == 0
M  Contraint for 107: A_107 * (<gurobi.LinExpr: REG_107_42525133:SNP.CT> - 1) == 0
M  Contraint for 34_2: A_34_2 * (<gurobi.LinExpr: REG_34_2_42523942:SNP.GA> - 1) == 0
M  Contraint for 2B_2: A_2B_2 * (<gurobi.LinExpr: REG_2B_2_42522612:SNP.CG + REG_2B_2_42523942:SNP.GA> - 2) == 0
M  Contraint for 42522612:SNP.CG: 1 <= <gurobi.QuadExpr: 0.0 + [ 29_2 * REG_29_2_42522612:SNP.CG + 39 * REG_39_42522612:SNP.CG + 39_2 * REG_39_2_42522612:SNP.CG + 29 * REG_29_42522612:SNP.CG + 2B * REG_2B_42522612:SNP.CG + 2B_2 * REG_2B_2_42522612:SNP.CG ]>
M  Contraint for 42523609:SNP.CT: 1 <= <gurobi.QuadExpr: 0.0 + [ 29_2 * REG_29_2_42523609:SNP.CT + 29 * REG_29_42523609:SNP.CT ]>
M  Contraint for 42523942:SNP.GA: 1 <= <gurobi.QuadExpr: 0.0 + [ 29_2 * REG_29_2_42523942:SNP.GA + 29 * REG_29_42523942:SNP.GA + 34 * REG_34_42523942:SNP.GA + 2B * REG_2B_42523942:SNP.GA + 34_2 * REG_34_2_42523942:SNP.GA + 2B_2 * REG_2B_2_42523942:SNP.GA ]>
M  Contraint for 42525133:SNP.CT: 1 <= <gurobi.QuadExpr: 0.0 + [ 29_2 * REG_29_2_42525133:SNP.CT + 29 * REG_29_42525133:SNP.CT + 107_2 * REG_107_2_42525133:SNP.CT + 107 * REG_107_42525133:SNP.CT ]>
M  Contraint for 42522612:SNP.CG: 1 <= <gurobi.QuadExpr: 0.0 + [ 29_2 * REG_29_2_42522612:SNP.CG + 39 * REG_39_42522612:SNP.CG + 39_2 * REG_39_2_42522612:SNP.CG + 29 * REG_29_42522612:SNP.CG + 2B * REG_2B_42522612:SNP.CG + 2B_2 * REG_2B_2_42522612:SNP.CG ]>
M  Contraint for 42522612:SNP.CG: 1 <= <gurobi.QuadExpr: 0.0 + [ 29_2 * REG_29_2_42522612:SNP.CG + 39 * REG_39_42522612:SNP.CG + 39_2 * REG_39_2_42522612:SNP.CG + 29 * REG_29_42522612:SNP.CG + 2B * REG_2B_42522612:SNP.CG + 2B_2 * REG_2B_2_42522612:SNP.CG ]>
M  Contraint for 42522612:SNP.CG: 1 <= <gurobi.QuadExpr: 0.0 + [ 29_2 * REG_29_2_42522612:SNP.CG + 39 * REG_39_42522612:SNP.CG + 39_2 * REG_39_2_42522612:SNP.CG + 29 * REG_29_42522612:SNP.CG + 2B * REG_2B_42522612:SNP.CG + 2B_2 * REG_2B_2_42522612:SNP.CG ]>
M  Contraint for 42523609:SNP.CT: 1 <= <gurobi.QuadExpr: 0.0 + [ 29_2 * REG_29_2_42523609:SNP.CT + 29 * REG_29_42523609:SNP.CT ]>
M  Contraint for 42523942:SNP.GA: 1 <= <gurobi.QuadExpr: 0.0 + [ 29_2 * REG_29_2_42523942:SNP.GA + 29 * REG_29_42523942:SNP.GA + 34 * REG_34_42523942:SNP.GA + 2B * REG_2B_42523942:SNP.GA + 34_2 * REG_34_2_42523942:SNP.GA + 2B_2 * REG_2B_2_42523942:SNP.GA ]>
M  Contraint for 42525133:SNP.CT: 1 <= <gurobi.QuadExpr: 0.0 + [ 29_2 * REG_29_2_42525133:SNP.CT + 29 * REG_29_42525133:SNP.CT + 107_2 * REG_107_2_42525133:SNP.CT + 107 * REG_107_42525133:SNP.CT ]>
M  Contraint for 42523942:SNP.GA: 1 <= <gurobi.QuadExpr: 0.0 + [ 29_2 * REG_29_2_42523942:SNP.GA + 29 * REG_29_42523942:SNP.GA + 34 * REG_34_42523942:SNP.GA + 2B * REG_2B_42523942:SNP.GA + 34_2 * REG_34_2_42523942:SNP.GA + 2B_2 * REG_2B_2_42523942:SNP.GA ]>
M  Contraint for 42522612:SNP.CG: 1 <= <gurobi.QuadExpr: 0.0 + [ 29_2 * REG_29_2_42522612:SNP.CG + 39 * REG_39_42522612:SNP.CG + 39_2 * REG_39_2_42522612:SNP.CG + 29 * REG_29_42522612:SNP.CG + 2B * REG_2B_42522612:SNP.CG + 2B_2 * REG_2B_2_42522612:SNP.CG ]>
M  Contraint for 42523942:SNP.GA: 1 <= <gurobi.QuadExpr: 0.0 + [ 29_2 * REG_29_2_42523942:SNP.GA + 29 * REG_29_42523942:SNP.GA + 34 * REG_34_42523942:SNP.GA + 2B * REG_2B_42523942:SNP.GA + 34_2 * REG_34_2_42523942:SNP.GA + 2B_2 * REG_2B_2_42523942:SNP.GA ]>
M  Contraint for 42525133:SNP.CT: 1 <= <gurobi.QuadExpr: 0.0 + [ 29_2 * REG_29_2_42525133:SNP.CT + 29 * REG_29_42525133:SNP.CT + 107_2 * REG_107_2_42525133:SNP.CT + 107 * REG_107_42525133:SNP.CT ]>
M  Contraint for 42525133:SNP.CT: 1 <= <gurobi.QuadExpr: 0.0 + [ 29_2 * REG_29_2_42525133:SNP.CT + 29 * REG_29_42525133:SNP.CT + 107_2 * REG_107_2_42525133:SNP.CT + 107 * REG_107_42525133:SNP.CT ]>
M  Contraint for 42523942:SNP.GA: 1 <= <gurobi.QuadExpr: 0.0 + [ 29_2 * REG_29_2_42523942:SNP.GA + 29 * REG_29_42523942:SNP.GA + 34 * REG_34_42523942:SNP.GA + 2B * REG_2B_42523942:SNP.GA + 34_2 * REG_34_2_42523942:SNP.GA + 2B_2 * REG_2B_2_42523942:SNP.GA ]>
M  Contraint for 42522612:SNP.CG: 1 <= <gurobi.QuadExpr: 0.0 + [ 29_2 * REG_29_2_42522612:SNP.CG + 39 * REG_39_42522612:SNP.CG + 39_2 * REG_39_2_42522612:SNP.CG + 29 * REG_29_42522612:SNP.CG + 2B * REG_2B_42522612:SNP.CG + 2B_2 * REG_2B_2_42522612:SNP.CG ]>
M  Contraint for 42523942:SNP.GA: 1 <= <gurobi.QuadExpr: 0.0 + [ 29_2 * REG_29_2_42523942:SNP.GA + 29 * REG_29_42523942:SNP.GA + 34 * REG_34_42523942:SNP.GA + 2B * REG_2B_42523942:SNP.GA + 34_2 * REG_34_2_42523942:SNP.GA + 2B_2 * REG_2B_2_42523942:SNP.GA ]>
CN Solver status: optimal, opt: 506.0
  solution:
    ('29', '29')
[32;01mCopy number best structures:[39;49;00m
[32;01m  (1) 2x*1-like[39;49;00m
== Refiner ==
Refining ('29', '29')
M  Sentinel constraint for 29: A_29_2 <= A_29
M  CN constraint for 29: 2 == <gurobi.LinExpr: 29_2 + 29>
M  Contraint for 42525131:SNP.CG 6.3e: 1413 == <gurobi.QuadExpr: 0.0 + [ 716.0 REG_29_2_42525131:SNP.CG * 29_2 + 716.0 REG_29_42525131:SNP.CG * 29 ]> + err
M  Contraint for 42525133:SNP.CT 6.3e: 1377 == <gurobi.QuadExpr: 0.0 + [ 706.0 REG_29_2_42525133:SNP.CT * 29_2 + 706.0 REG_29_42525133:SNP.CT * 29 ]> + err
M  Contraint for 42523942:REF 6.6e: 162 == <gurobi.QuadExpr: 453.5 29_2 + 453.5 29 + [ -453.5 REG_29_2_42523942:SNP.GA * 29_2 + -453.5 REG_29_42523942:SNP.GA * 29 ]> + err
M  Contraint for 42525131:REF 6.3e: 19 == <gurobi.QuadExpr: 716.0 29_2 + 716.0 29 + [ -716.0 REG_29_2_42525131:SNP.CG * 29_2 + -716.0 REG_29_42525131:SNP.CG * 29 ]> + err
M  Contraint for 42523609:SNP.CT 6.7e: 1564 == <gurobi.QuadExpr: 0.0 + [ 806.5 REG_29_2_42523609:SNP.CT * 29_2 + 806.5 REG_29_42523609:SNP.CT * 29 ]> + err
M  Contraint for 42525133:REF 6.3e: 35 == <gurobi.QuadExpr: 706.0 29_2 + 706.0 29 + [ -706.0 REG_29_2_42525133:SNP.CT * 29_2 + -706.0 REG_29_42525133:SNP.CT * 29 ]> + err
M  Contraint for 42522612:REF 6.9e: 7 == <gurobi.QuadExpr: 434.0 29_2 + 434.0 29 + [ -434.0 REG_29_2_42522612:SNP.CG * 29_2 + -434.0 REG_29_42522612:SNP.CG * 29 ]> + err
M  Contraint for 42523942:SNP.GA 6.6e: 745 == <gurobi.QuadExpr: 0.0 + [ 453.5 REG_29_2_42523942:SNP.GA * 29_2 + 453.5 REG_29_42523942:SNP.GA * 29 ]> + err
M  Contraint for 42522612:SNP.CG 6.9e: 861 == <gurobi.QuadExpr: 0.0 + [ 434.0 REG_29_2_42522612:SNP.CG * 29_2 + 434.0 REG_29_42522612:SNP.CG * 29 ]> + err
M  Contraint for 42523609:REF 6.7e: 49 == <gurobi.QuadExpr: 806.5 29_2 + 806.5 29 + [ -806.5 REG_29_2_42523609:SNP.CT * 29_2 + -806.5 REG_29_42523609:SNP.CT * 29 ]> + err
M  Contraint for MM[missing] 29_2 42523942:SNP.GA: <gurobi.Var 29_2> >= <gurobi.Var REG_29_2_42523942:SNP.GA>
M  Contraint for MM[missing] 29_2 42523609:SNP.CT: <gurobi.Var 29_2> >= <gurobi.Var REG_29_2_42523609:SNP.CT>
M  Contraint for MM[missing] 29_2 42522612:SNP.CG: <gurobi.Var 29_2> >= <gurobi.Var REG_29_2_42522612:SNP.CG>
M  Contraint for MM[missing] 29_2 42525131:SNP.CG: <gurobi.Var 29_2> >= <gurobi.Var REG_29_2_42525131:SNP.CG>
M  Contraint for MM[missing] 29_2 42525133:SNP.CT: <gurobi.Var 29_2> >= <gurobi.Var REG_29_2_42525133:SNP.CT>
M  Contraint for MM[missing] 29 42523942:SNP.GA: <gurobi.Var 29> >= <gurobi.Var REG_29_42523942:SNP.GA>
M  Contraint for MM[missing] 29 42523609:SNP.CT: <gurobi.Var 29> >= <gurobi.Var REG_29_42523609:SNP.CT>
M  Contraint for MM[missing] 29 42522612:SNP.CG: <gurobi.Var 29> >= <gurobi.Var REG_29_42522612:SNP.CG>
M  Contraint for MM[missing] 29 42525131:SNP.CG: <gurobi.Var 29> >= <gurobi.Var REG_29_42525131:SNP.CG>
M  Contraint for MM[missing] 29 42525133:SNP.CT: <gurobi.Var 29> >= <gurobi.Var REG_29_42525133:SNP.CT>
M  Objective: <gurobi.LinExpr: C22 + C23 + C24 + C25 + C26 + C27 + C28 + C29 + C30 + C31 + W>
M  Contraint for 29_2: <gurobi.LinExpr: REG_29_2_42525133:SNP.CT + REG_29_2_42523942:SNP.GA + REG_29_2_42523609:SNP.CT + REG_29_2_42522612:SNP.CG> = 4 * A_<gurobi.Var 29_2>
M  Contraint for 29: <gurobi.LinExpr: REG_29_42525133:SNP.CT + REG_29_42523942:SNP.GA + REG_29_42523609:SNP.CT + REG_29_42522612:SNP.CG> = 4 * A_<gurobi.Var 29>
M  Contraint for 42523942:SNP.GA: 1 <= <gurobi.QuadExpr: 0.0 + [ REG_29_2_42523942:SNP.GA * 29_2 + REG_29_42523942:SNP.GA * 29 ]> <= 2
M  Contraint for 42523942:SNP.GA: <gurobi.QuadExpr: 0.0 + [ REG_29_2_42523942:SNP.GA * 29_2 + REG_29_42523942:SNP.GA * 29 ]> <= 2
M  Contraint for 42523609:SNP.CT: 1 <= <gurobi.QuadExpr: 0.0 + [ REG_29_2_42523609:SNP.CT * 29_2 + REG_29_42523609:SNP.CT * 29 ]> <= 2
M  Contraint for 42523609:SNP.CT: <gurobi.QuadExpr: 0.0 + [ REG_29_2_42523609:SNP.CT * 29_2 + REG_29_42523609:SNP.CT * 29 ]> <= 2
M  Contraint for 42525133:SNP.CT: 1 <= <gurobi.QuadExpr: 0.0 + [ REG_29_2_42525133:SNP.CT * 29_2 + REG_29_42525133:SNP.CT * 29 ]> <= 2
M  Contraint for 42525133:SNP.CT: <gurobi.QuadExpr: 0.0 + [ REG_29_2_42525133:SNP.CT * 29_2 + REG_29_42525133:SNP.CT * 29 ]> <= 2
M  Contraint for 42525131:SNP.CG: 1 <= <gurobi.QuadExpr: 0.0 + [ REG_29_2_42525131:SNP.CG * 29_2 + REG_29_42525131:SNP.CG * 29 ]> <= 2
M  Contraint for 42522612:SNP.CG: 1 <= <gurobi.QuadExpr: 0.0 + [ REG_29_2_42522612:SNP.CG * 29_2 + REG_29_42522612:SNP.CG * 29 ]> <= 2
M  Contraint for 42522612:SNP.CG: <gurobi.QuadExpr: 0.0 + [ REG_29_2_42522612:SNP.CG * 29_2 + REG_29_42522612:SNP.CG * 29 ]> <= 2
CN Solver status: optimal, opt: 544.0
  29_2: 1
    6.6e 42523942:SNP.GA  745 ( 82 cp. 2) F
    6.7e 42523609:SNP.CT 1564 ( 97 cp. 2) F
    6.9e 42522612:SNP.CG  861 ( 99 cp. 2) F
    6.3e 42525131:SNP.CG 1413 ( 99 cp. 2) 
    6.3e 42525133:SNP.CT 1377 ( 98 cp. 2) F
  29: 1
    6.6e 42523942:SNP.GA  745 ( 82 cp. 2) F
    6.7e 42523609:SNP.CT 1564 ( 97 cp. 2) F
    6.9e 42522612:SNP.CG  861 ( 99 cp. 2) F
    6.3e 42525131:SNP.CG 1413 ( 99 cp. 2) 
    6.3e 42525133:SNP.CT 1377 ( 98 cp. 2) F
Missing:
  29_2: 1
  29: 1
Extra:
  29_2: 1
  29: 1
Time needed: (46.9)
Result is: [('29', '29')]
